[2023-01-28T13:20:26.727+0000] {taskinstance.py:1165} INFO - Dependencies all met for <TaskInstance: user_processing.extract_user scheduled__2023-01-28T00:00:00+00:00 [queued]>
[2023-01-28T13:20:26.775+0000] {taskinstance.py:1165} INFO - Dependencies all met for <TaskInstance: user_processing.extract_user scheduled__2023-01-28T00:00:00+00:00 [queued]>
[2023-01-28T13:20:26.775+0000] {taskinstance.py:1362} INFO - 
--------------------------------------------------------------------------------
[2023-01-28T13:20:26.776+0000] {taskinstance.py:1363} INFO - Starting attempt 1 of 1
[2023-01-28T13:20:26.776+0000] {taskinstance.py:1364} INFO - 
--------------------------------------------------------------------------------
[2023-01-28T13:20:26.832+0000] {taskinstance.py:1383} INFO - Executing <Task(SimpleHttpOperator): extract_user> on 2023-01-28 00:00:00+00:00
[2023-01-28T13:20:26.855+0000] {standard_task_runner.py:55} INFO - Started process 1518 to run task
[2023-01-28T13:20:26.865+0000] {standard_task_runner.py:82} INFO - Running: ['***', 'tasks', 'run', 'user_processing', 'extract_user', 'scheduled__2023-01-28T00:00:00+00:00', '--job-id', '380', '--raw', '--subdir', 'DAGS_FOLDER/user_processing.py', '--cfg-path', '/tmp/tmp6g39m2uw']
[2023-01-28T13:20:26.868+0000] {standard_task_runner.py:83} INFO - Job 380: Subtask extract_user
[2023-01-28T13:20:27.079+0000] {task_command.py:376} INFO - Running <TaskInstance: user_processing.extract_user scheduled__2023-01-28T00:00:00+00:00 [running]> on host 35d887eb39bb
[2023-01-28T13:20:27.380+0000] {taskinstance.py:1592} INFO - Exporting the following env vars:
AIRFLOW_CTX_DAG_OWNER=***
AIRFLOW_CTX_DAG_ID=user_processing
AIRFLOW_CTX_TASK_ID=extract_user
AIRFLOW_CTX_EXECUTION_DATE=2023-01-28T00:00:00+00:00
AIRFLOW_CTX_TRY_NUMBER=1
AIRFLOW_CTX_DAG_RUN_ID=scheduled__2023-01-28T00:00:00+00:00
[2023-01-28T13:20:27.382+0000] {http.py:121} INFO - Calling HTTP method
[2023-01-28T13:20:27.415+0000] {base.py:71} INFO - Using connection ID 'user_api' for task execution.
[2023-01-28T13:20:27.418+0000] {http.py:148} INFO - Sending 'GET' to url: https://randomuser.me/api/
[2023-01-28T13:20:27.637+0000] {http.py:125} INFO - {"results":[{"gender":"female","name":{"title":"Miss","first":"Tessa","last":"Dumas"},"location":{"street":{"number":9020,"name":"Quai Charles-De-Gaulle"},"city":"Poitiers","state":"Finistère","country":"France","postcode":18317,"coordinates":{"latitude":"-17.0998","longitude":"62.2077"},"timezone":{"offset":"+9:30","description":"Adelaide, Darwin"}},"email":"tessa.dumas@example.com","login":{"uuid":"f33ee5b4-1e08-4d99-b6ce-228a7ea243d6","username":"tinydog217","password":"rubber","salt":"3aFZLL7A","md5":"55a934aa35f9d7dae70898698c351b0b","sha1":"0e3f9f45144627c00d323d5d4ef76ca5864bd5c1","sha256":"b529803bff02631d0d67623b3b9cfa90aecf8541e53b3d7335fce9efb76d2734"},"dob":{"date":"1975-09-03T19:47:47.701Z","age":47},"registered":{"date":"2015-09-23T07:25:00.982Z","age":7},"phone":"05-61-32-84-97","cell":"06-58-98-70-17","id":{"name":"INSEE","value":"2750804151822 11"},"picture":{"large":"https://randomuser.me/api/portraits/women/44.jpg","medium":"https://randomuser.me/api/portraits/med/women/44.jpg","thumbnail":"https://randomuser.me/api/portraits/thumb/women/44.jpg"},"nat":"FR"}],"info":{"seed":"2624367ad377009a","results":1,"page":1,"version":"1.4"}}
[2023-01-28T13:20:27.687+0000] {taskinstance.py:1406} INFO - Marking task as SUCCESS. dag_id=user_processing, task_id=extract_user, execution_date=20230128T000000, start_date=20230128T132026, end_date=20230128T132027
[2023-01-28T13:20:27.734+0000] {local_task_job.py:164} INFO - Task exited with return code 0
[2023-01-28T13:20:27.804+0000] {local_task_job.py:273} INFO - 0 downstream tasks scheduled from follow-on schedule check
