[2023-01-06T19:26:50.041+0000] {taskinstance.py:1165} INFO - Dependencies all met for <TaskInstance: example_bash_operator.runme_2 manual__2023-01-06T19:26:49.439660+00:00 [queued]>
[2023-01-06T19:26:50.050+0000] {taskinstance.py:1165} INFO - Dependencies all met for <TaskInstance: example_bash_operator.runme_2 manual__2023-01-06T19:26:49.439660+00:00 [queued]>
[2023-01-06T19:26:50.050+0000] {taskinstance.py:1362} INFO - 
--------------------------------------------------------------------------------
[2023-01-06T19:26:50.050+0000] {taskinstance.py:1363} INFO - Starting attempt 1 of 1
[2023-01-06T19:26:50.050+0000] {taskinstance.py:1364} INFO - 
--------------------------------------------------------------------------------
[2023-01-06T19:26:50.064+0000] {taskinstance.py:1383} INFO - Executing <Task(BashOperator): runme_2> on 2023-01-06 19:26:49.439660+00:00
[2023-01-06T19:26:50.068+0000] {standard_task_runner.py:55} INFO - Started process 14423 to run task
[2023-01-06T19:26:50.071+0000] {standard_task_runner.py:82} INFO - Running: ['***', 'tasks', 'run', 'example_bash_operator', 'runme_2', 'manual__2023-01-06T19:26:49.439660+00:00', '--job-id', '24', '--raw', '--subdir', '/home/***/.local/lib/python3.7/site-packages/***/example_dags/example_bash_operator.py', '--cfg-path', '/tmp/tmp7fvwc85n']
[2023-01-06T19:26:50.071+0000] {standard_task_runner.py:83} INFO - Job 24: Subtask runme_2
[2023-01-06T19:26:50.119+0000] {task_command.py:376} INFO - Running <TaskInstance: example_bash_operator.runme_2 manual__2023-01-06T19:26:49.439660+00:00 [running]> on host 727e99c38942
[2023-01-06T19:26:50.174+0000] {taskinstance.py:1592} INFO - Exporting the following env vars:
AIRFLOW_CTX_DAG_OWNER=***
AIRFLOW_CTX_DAG_ID=example_bash_operator
AIRFLOW_CTX_TASK_ID=runme_2
AIRFLOW_CTX_EXECUTION_DATE=2023-01-06T19:26:49.439660+00:00
AIRFLOW_CTX_TRY_NUMBER=1
AIRFLOW_CTX_DAG_RUN_ID=manual__2023-01-06T19:26:49.439660+00:00
[2023-01-06T19:26:50.174+0000] {subprocess.py:63} INFO - Tmp dir root location: 
 /tmp
[2023-01-06T19:26:50.175+0000] {subprocess.py:75} INFO - Running command: ['/bin/bash', '-c', 'echo "example_bash_operator__runme_2__20230106" && sleep 1']
[2023-01-06T19:26:50.186+0000] {subprocess.py:86} INFO - Output:
[2023-01-06T19:26:50.186+0000] {subprocess.py:93} INFO - example_bash_operator__runme_2__20230106
[2023-01-06T19:26:51.187+0000] {subprocess.py:97} INFO - Command exited with return code 0
[2023-01-06T19:26:51.226+0000] {taskinstance.py:1406} INFO - Marking task as SUCCESS. dag_id=example_bash_operator, task_id=runme_2, execution_date=20230106T192649, start_date=20230106T192650, end_date=20230106T192651
[2023-01-06T19:26:51.246+0000] {local_task_job.py:164} INFO - Task exited with return code 0
[2023-01-06T19:26:51.263+0000] {local_task_job.py:273} INFO - 1 downstream tasks scheduled from follow-on schedule check
