[2023-01-08T13:06:02.746+0000] {processor.py:154} INFO - Started process (PID=39) to work on /home/airflow/.local/lib/python3.7/site-packages/airflow/example_dags/example_nested_branch_dag.py
[2023-01-08T13:06:02.746+0000] {processor.py:756} INFO - Processing file /home/airflow/.local/lib/python3.7/site-packages/airflow/example_dags/example_nested_branch_dag.py for tasks to queue
[2023-01-08T13:06:02.747+0000] {logging_mixin.py:120} INFO - [2023-01-08T13:06:02.747+0000] {dagbag.py:537} INFO - Filling up the DagBag from /home/airflow/.local/lib/python3.7/site-packages/airflow/example_dags/example_nested_branch_dag.py
[2023-01-08T13:06:02.773+0000] {processor.py:766} INFO - DAG(s) dict_keys(['example_nested_branch_dag']) retrieved from /home/airflow/.local/lib/python3.7/site-packages/airflow/example_dags/example_nested_branch_dag.py
[2023-01-08T13:06:02.816+0000] {logging_mixin.py:120} INFO - [2023-01-08T13:06:02.816+0000] {dag.py:2585} INFO - Sync 1 DAGs
[2023-01-08T13:06:02.850+0000] {logging_mixin.py:120} INFO - [2023-01-08T13:06:02.850+0000] {dag.py:3340} INFO - Setting next_dagrun for example_nested_branch_dag to 2023-01-07T00:00:00+00:00, run_after=2023-01-08T00:00:00+00:00
[2023-01-08T13:06:02.869+0000] {processor.py:176} INFO - Processing /home/airflow/.local/lib/python3.7/site-packages/airflow/example_dags/example_nested_branch_dag.py took 0.126 seconds
[2023-01-08T13:06:33.389+0000] {processor.py:154} INFO - Started process (PID=115) to work on /home/airflow/.local/lib/python3.7/site-packages/airflow/example_dags/example_nested_branch_dag.py
[2023-01-08T13:06:33.390+0000] {processor.py:756} INFO - Processing file /home/airflow/.local/lib/python3.7/site-packages/airflow/example_dags/example_nested_branch_dag.py for tasks to queue
[2023-01-08T13:06:33.390+0000] {logging_mixin.py:120} INFO - [2023-01-08T13:06:33.390+0000] {dagbag.py:537} INFO - Filling up the DagBag from /home/airflow/.local/lib/python3.7/site-packages/airflow/example_dags/example_nested_branch_dag.py
[2023-01-08T13:06:33.405+0000] {processor.py:766} INFO - DAG(s) dict_keys(['example_nested_branch_dag']) retrieved from /home/airflow/.local/lib/python3.7/site-packages/airflow/example_dags/example_nested_branch_dag.py
[2023-01-08T13:06:33.432+0000] {logging_mixin.py:120} INFO - [2023-01-08T13:06:33.431+0000] {dag.py:2585} INFO - Sync 1 DAGs
[2023-01-08T13:06:33.451+0000] {logging_mixin.py:120} INFO - [2023-01-08T13:06:33.451+0000] {dag.py:3340} INFO - Setting next_dagrun for example_nested_branch_dag to 2023-01-07T00:00:00+00:00, run_after=2023-01-08T00:00:00+00:00
[2023-01-08T13:06:33.464+0000] {processor.py:176} INFO - Processing /home/airflow/.local/lib/python3.7/site-packages/airflow/example_dags/example_nested_branch_dag.py took 0.077 seconds
[2023-01-08T13:07:03.624+0000] {processor.py:154} INFO - Started process (PID=181) to work on /home/airflow/.local/lib/python3.7/site-packages/airflow/example_dags/example_nested_branch_dag.py
[2023-01-08T13:07:03.624+0000] {processor.py:756} INFO - Processing file /home/airflow/.local/lib/python3.7/site-packages/airflow/example_dags/example_nested_branch_dag.py for tasks to queue
[2023-01-08T13:07:03.625+0000] {logging_mixin.py:120} INFO - [2023-01-08T13:07:03.625+0000] {dagbag.py:537} INFO - Filling up the DagBag from /home/airflow/.local/lib/python3.7/site-packages/airflow/example_dags/example_nested_branch_dag.py
[2023-01-08T13:07:03.640+0000] {processor.py:766} INFO - DAG(s) dict_keys(['example_nested_branch_dag']) retrieved from /home/airflow/.local/lib/python3.7/site-packages/airflow/example_dags/example_nested_branch_dag.py
[2023-01-08T13:07:03.666+0000] {logging_mixin.py:120} INFO - [2023-01-08T13:07:03.665+0000] {dag.py:2585} INFO - Sync 1 DAGs
[2023-01-08T13:07:03.683+0000] {logging_mixin.py:120} INFO - [2023-01-08T13:07:03.683+0000] {dag.py:3340} INFO - Setting next_dagrun for example_nested_branch_dag to 2023-01-07T00:00:00+00:00, run_after=2023-01-08T00:00:00+00:00
[2023-01-08T13:07:03.696+0000] {processor.py:176} INFO - Processing /home/airflow/.local/lib/python3.7/site-packages/airflow/example_dags/example_nested_branch_dag.py took 0.074 seconds
[2023-01-08T13:07:33.888+0000] {processor.py:154} INFO - Started process (PID=237) to work on /home/airflow/.local/lib/python3.7/site-packages/airflow/example_dags/example_nested_branch_dag.py
[2023-01-08T13:07:33.889+0000] {processor.py:756} INFO - Processing file /home/airflow/.local/lib/python3.7/site-packages/airflow/example_dags/example_nested_branch_dag.py for tasks to queue
[2023-01-08T13:07:33.889+0000] {logging_mixin.py:120} INFO - [2023-01-08T13:07:33.889+0000] {dagbag.py:537} INFO - Filling up the DagBag from /home/airflow/.local/lib/python3.7/site-packages/airflow/example_dags/example_nested_branch_dag.py
[2023-01-08T13:07:33.905+0000] {processor.py:766} INFO - DAG(s) dict_keys(['example_nested_branch_dag']) retrieved from /home/airflow/.local/lib/python3.7/site-packages/airflow/example_dags/example_nested_branch_dag.py
[2023-01-08T13:07:33.933+0000] {logging_mixin.py:120} INFO - [2023-01-08T13:07:33.932+0000] {dag.py:2585} INFO - Sync 1 DAGs
[2023-01-08T13:07:33.952+0000] {logging_mixin.py:120} INFO - [2023-01-08T13:07:33.952+0000] {dag.py:3340} INFO - Setting next_dagrun for example_nested_branch_dag to 2023-01-07T00:00:00+00:00, run_after=2023-01-08T00:00:00+00:00
[2023-01-08T13:07:33.967+0000] {processor.py:176} INFO - Processing /home/airflow/.local/lib/python3.7/site-packages/airflow/example_dags/example_nested_branch_dag.py took 0.081 seconds
[2023-01-08T13:08:04.258+0000] {processor.py:154} INFO - Started process (PID=303) to work on /home/airflow/.local/lib/python3.7/site-packages/airflow/example_dags/example_nested_branch_dag.py
[2023-01-08T13:08:04.258+0000] {processor.py:756} INFO - Processing file /home/airflow/.local/lib/python3.7/site-packages/airflow/example_dags/example_nested_branch_dag.py for tasks to queue
[2023-01-08T13:08:04.258+0000] {logging_mixin.py:120} INFO - [2023-01-08T13:08:04.258+0000] {dagbag.py:537} INFO - Filling up the DagBag from /home/airflow/.local/lib/python3.7/site-packages/airflow/example_dags/example_nested_branch_dag.py
[2023-01-08T13:08:04.273+0000] {processor.py:766} INFO - DAG(s) dict_keys(['example_nested_branch_dag']) retrieved from /home/airflow/.local/lib/python3.7/site-packages/airflow/example_dags/example_nested_branch_dag.py
[2023-01-08T13:08:04.296+0000] {logging_mixin.py:120} INFO - [2023-01-08T13:08:04.296+0000] {dag.py:2585} INFO - Sync 1 DAGs
[2023-01-08T13:08:04.313+0000] {logging_mixin.py:120} INFO - [2023-01-08T13:08:04.313+0000] {dag.py:3340} INFO - Setting next_dagrun for example_nested_branch_dag to 2023-01-07T00:00:00+00:00, run_after=2023-01-08T00:00:00+00:00
[2023-01-08T13:08:04.325+0000] {processor.py:176} INFO - Processing /home/airflow/.local/lib/python3.7/site-packages/airflow/example_dags/example_nested_branch_dag.py took 0.069 seconds
[2023-01-08T13:08:34.471+0000] {processor.py:154} INFO - Started process (PID=368) to work on /home/airflow/.local/lib/python3.7/site-packages/airflow/example_dags/example_nested_branch_dag.py
[2023-01-08T13:08:34.472+0000] {processor.py:756} INFO - Processing file /home/airflow/.local/lib/python3.7/site-packages/airflow/example_dags/example_nested_branch_dag.py for tasks to queue
[2023-01-08T13:08:34.472+0000] {logging_mixin.py:120} INFO - [2023-01-08T13:08:34.472+0000] {dagbag.py:537} INFO - Filling up the DagBag from /home/airflow/.local/lib/python3.7/site-packages/airflow/example_dags/example_nested_branch_dag.py
[2023-01-08T13:08:34.487+0000] {processor.py:766} INFO - DAG(s) dict_keys(['example_nested_branch_dag']) retrieved from /home/airflow/.local/lib/python3.7/site-packages/airflow/example_dags/example_nested_branch_dag.py
[2023-01-08T13:08:34.517+0000] {logging_mixin.py:120} INFO - [2023-01-08T13:08:34.517+0000] {dag.py:2585} INFO - Sync 1 DAGs
[2023-01-08T13:08:34.541+0000] {logging_mixin.py:120} INFO - [2023-01-08T13:08:34.541+0000] {dag.py:3340} INFO - Setting next_dagrun for example_nested_branch_dag to 2023-01-07T00:00:00+00:00, run_after=2023-01-08T00:00:00+00:00
[2023-01-08T13:08:34.557+0000] {processor.py:176} INFO - Processing /home/airflow/.local/lib/python3.7/site-packages/airflow/example_dags/example_nested_branch_dag.py took 0.087 seconds
[2023-01-08T13:09:04.698+0000] {processor.py:154} INFO - Started process (PID=433) to work on /home/airflow/.local/lib/python3.7/site-packages/airflow/example_dags/example_nested_branch_dag.py
[2023-01-08T13:09:04.698+0000] {processor.py:756} INFO - Processing file /home/airflow/.local/lib/python3.7/site-packages/airflow/example_dags/example_nested_branch_dag.py for tasks to queue
[2023-01-08T13:09:04.699+0000] {logging_mixin.py:120} INFO - [2023-01-08T13:09:04.699+0000] {dagbag.py:537} INFO - Filling up the DagBag from /home/airflow/.local/lib/python3.7/site-packages/airflow/example_dags/example_nested_branch_dag.py
[2023-01-08T13:09:04.712+0000] {processor.py:766} INFO - DAG(s) dict_keys(['example_nested_branch_dag']) retrieved from /home/airflow/.local/lib/python3.7/site-packages/airflow/example_dags/example_nested_branch_dag.py
[2023-01-08T13:09:04.738+0000] {logging_mixin.py:120} INFO - [2023-01-08T13:09:04.738+0000] {dag.py:2585} INFO - Sync 1 DAGs
[2023-01-08T13:09:04.754+0000] {logging_mixin.py:120} INFO - [2023-01-08T13:09:04.754+0000] {dag.py:3340} INFO - Setting next_dagrun for example_nested_branch_dag to 2023-01-07T00:00:00+00:00, run_after=2023-01-08T00:00:00+00:00
[2023-01-08T13:09:04.768+0000] {processor.py:176} INFO - Processing /home/airflow/.local/lib/python3.7/site-packages/airflow/example_dags/example_nested_branch_dag.py took 0.071 seconds
[2023-01-08T13:09:35.744+0000] {processor.py:154} INFO - Started process (PID=489) to work on /home/airflow/.local/lib/python3.7/site-packages/airflow/example_dags/example_nested_branch_dag.py
[2023-01-08T13:09:35.744+0000] {processor.py:756} INFO - Processing file /home/airflow/.local/lib/python3.7/site-packages/airflow/example_dags/example_nested_branch_dag.py for tasks to queue
[2023-01-08T13:09:35.745+0000] {logging_mixin.py:120} INFO - [2023-01-08T13:09:35.745+0000] {dagbag.py:537} INFO - Filling up the DagBag from /home/airflow/.local/lib/python3.7/site-packages/airflow/example_dags/example_nested_branch_dag.py
[2023-01-08T13:09:35.762+0000] {processor.py:766} INFO - DAG(s) dict_keys(['example_nested_branch_dag']) retrieved from /home/airflow/.local/lib/python3.7/site-packages/airflow/example_dags/example_nested_branch_dag.py
[2023-01-08T13:09:35.808+0000] {logging_mixin.py:120} INFO - [2023-01-08T13:09:35.808+0000] {dag.py:2585} INFO - Sync 1 DAGs
[2023-01-08T13:09:35.834+0000] {logging_mixin.py:120} INFO - [2023-01-08T13:09:35.834+0000] {dag.py:3340} INFO - Setting next_dagrun for example_nested_branch_dag to 2023-01-07T00:00:00+00:00, run_after=2023-01-08T00:00:00+00:00
[2023-01-08T13:09:35.852+0000] {processor.py:176} INFO - Processing /home/airflow/.local/lib/python3.7/site-packages/airflow/example_dags/example_nested_branch_dag.py took 0.110 seconds
[2023-01-08T13:10:06.745+0000] {processor.py:154} INFO - Started process (PID=554) to work on /home/airflow/.local/lib/python3.7/site-packages/airflow/example_dags/example_nested_branch_dag.py
[2023-01-08T13:10:06.745+0000] {processor.py:756} INFO - Processing file /home/airflow/.local/lib/python3.7/site-packages/airflow/example_dags/example_nested_branch_dag.py for tasks to queue
[2023-01-08T13:10:06.745+0000] {logging_mixin.py:120} INFO - [2023-01-08T13:10:06.745+0000] {dagbag.py:537} INFO - Filling up the DagBag from /home/airflow/.local/lib/python3.7/site-packages/airflow/example_dags/example_nested_branch_dag.py
[2023-01-08T13:10:06.759+0000] {processor.py:766} INFO - DAG(s) dict_keys(['example_nested_branch_dag']) retrieved from /home/airflow/.local/lib/python3.7/site-packages/airflow/example_dags/example_nested_branch_dag.py
[2023-01-08T13:10:06.783+0000] {logging_mixin.py:120} INFO - [2023-01-08T13:10:06.783+0000] {dag.py:2585} INFO - Sync 1 DAGs
[2023-01-08T13:10:06.800+0000] {logging_mixin.py:120} INFO - [2023-01-08T13:10:06.800+0000] {dag.py:3340} INFO - Setting next_dagrun for example_nested_branch_dag to 2023-01-07T00:00:00+00:00, run_after=2023-01-08T00:00:00+00:00
[2023-01-08T13:10:06.813+0000] {processor.py:176} INFO - Processing /home/airflow/.local/lib/python3.7/site-packages/airflow/example_dags/example_nested_branch_dag.py took 0.070 seconds
[2023-01-08T13:10:37.589+0000] {processor.py:154} INFO - Started process (PID=619) to work on /home/airflow/.local/lib/python3.7/site-packages/airflow/example_dags/example_nested_branch_dag.py
[2023-01-08T13:10:37.589+0000] {processor.py:756} INFO - Processing file /home/airflow/.local/lib/python3.7/site-packages/airflow/example_dags/example_nested_branch_dag.py for tasks to queue
[2023-01-08T13:10:37.590+0000] {logging_mixin.py:120} INFO - [2023-01-08T13:10:37.590+0000] {dagbag.py:537} INFO - Filling up the DagBag from /home/airflow/.local/lib/python3.7/site-packages/airflow/example_dags/example_nested_branch_dag.py
[2023-01-08T13:10:37.604+0000] {processor.py:766} INFO - DAG(s) dict_keys(['example_nested_branch_dag']) retrieved from /home/airflow/.local/lib/python3.7/site-packages/airflow/example_dags/example_nested_branch_dag.py
[2023-01-08T13:10:37.628+0000] {logging_mixin.py:120} INFO - [2023-01-08T13:10:37.628+0000] {dag.py:2585} INFO - Sync 1 DAGs
[2023-01-08T13:10:37.644+0000] {logging_mixin.py:120} INFO - [2023-01-08T13:10:37.644+0000] {dag.py:3340} INFO - Setting next_dagrun for example_nested_branch_dag to 2023-01-07T00:00:00+00:00, run_after=2023-01-08T00:00:00+00:00
[2023-01-08T13:10:37.656+0000] {processor.py:176} INFO - Processing /home/airflow/.local/lib/python3.7/site-packages/airflow/example_dags/example_nested_branch_dag.py took 0.069 seconds
[2023-01-08T13:11:07.671+0000] {processor.py:154} INFO - Started process (PID=684) to work on /home/airflow/.local/lib/python3.7/site-packages/airflow/example_dags/example_nested_branch_dag.py
[2023-01-08T13:11:07.671+0000] {processor.py:756} INFO - Processing file /home/airflow/.local/lib/python3.7/site-packages/airflow/example_dags/example_nested_branch_dag.py for tasks to queue
[2023-01-08T13:11:07.672+0000] {logging_mixin.py:120} INFO - [2023-01-08T13:11:07.671+0000] {dagbag.py:537} INFO - Filling up the DagBag from /home/airflow/.local/lib/python3.7/site-packages/airflow/example_dags/example_nested_branch_dag.py
[2023-01-08T13:11:07.690+0000] {processor.py:766} INFO - DAG(s) dict_keys(['example_nested_branch_dag']) retrieved from /home/airflow/.local/lib/python3.7/site-packages/airflow/example_dags/example_nested_branch_dag.py
[2023-01-08T13:11:07.717+0000] {logging_mixin.py:120} INFO - [2023-01-08T13:11:07.717+0000] {dag.py:2585} INFO - Sync 1 DAGs
[2023-01-08T13:11:07.735+0000] {logging_mixin.py:120} INFO - [2023-01-08T13:11:07.735+0000] {dag.py:3340} INFO - Setting next_dagrun for example_nested_branch_dag to 2023-01-07T00:00:00+00:00, run_after=2023-01-08T00:00:00+00:00
[2023-01-08T13:11:07.748+0000] {processor.py:176} INFO - Processing /home/airflow/.local/lib/python3.7/site-packages/airflow/example_dags/example_nested_branch_dag.py took 0.079 seconds
[2023-01-08T13:11:37.880+0000] {processor.py:154} INFO - Started process (PID=751) to work on /home/airflow/.local/lib/python3.7/site-packages/airflow/example_dags/example_nested_branch_dag.py
[2023-01-08T13:11:37.881+0000] {processor.py:756} INFO - Processing file /home/airflow/.local/lib/python3.7/site-packages/airflow/example_dags/example_nested_branch_dag.py for tasks to queue
[2023-01-08T13:11:37.881+0000] {logging_mixin.py:120} INFO - [2023-01-08T13:11:37.881+0000] {dagbag.py:537} INFO - Filling up the DagBag from /home/airflow/.local/lib/python3.7/site-packages/airflow/example_dags/example_nested_branch_dag.py
[2023-01-08T13:11:37.897+0000] {processor.py:766} INFO - DAG(s) dict_keys(['example_nested_branch_dag']) retrieved from /home/airflow/.local/lib/python3.7/site-packages/airflow/example_dags/example_nested_branch_dag.py
[2023-01-08T13:11:37.921+0000] {logging_mixin.py:120} INFO - [2023-01-08T13:11:37.921+0000] {dag.py:2585} INFO - Sync 1 DAGs
[2023-01-08T13:11:37.938+0000] {logging_mixin.py:120} INFO - [2023-01-08T13:11:37.938+0000] {dag.py:3340} INFO - Setting next_dagrun for example_nested_branch_dag to 2023-01-07T00:00:00+00:00, run_after=2023-01-08T00:00:00+00:00
[2023-01-08T13:11:37.952+0000] {processor.py:176} INFO - Processing /home/airflow/.local/lib/python3.7/site-packages/airflow/example_dags/example_nested_branch_dag.py took 0.074 seconds
[2023-01-08T13:12:08.022+0000] {processor.py:154} INFO - Started process (PID=807) to work on /home/airflow/.local/lib/python3.7/site-packages/airflow/example_dags/example_nested_branch_dag.py
[2023-01-08T13:12:08.023+0000] {processor.py:756} INFO - Processing file /home/airflow/.local/lib/python3.7/site-packages/airflow/example_dags/example_nested_branch_dag.py for tasks to queue
[2023-01-08T13:12:08.023+0000] {logging_mixin.py:120} INFO - [2023-01-08T13:12:08.023+0000] {dagbag.py:537} INFO - Filling up the DagBag from /home/airflow/.local/lib/python3.7/site-packages/airflow/example_dags/example_nested_branch_dag.py
[2023-01-08T13:12:08.038+0000] {processor.py:766} INFO - DAG(s) dict_keys(['example_nested_branch_dag']) retrieved from /home/airflow/.local/lib/python3.7/site-packages/airflow/example_dags/example_nested_branch_dag.py
[2023-01-08T13:12:08.063+0000] {logging_mixin.py:120} INFO - [2023-01-08T13:12:08.063+0000] {dag.py:2585} INFO - Sync 1 DAGs
[2023-01-08T13:12:08.082+0000] {logging_mixin.py:120} INFO - [2023-01-08T13:12:08.081+0000] {dag.py:3340} INFO - Setting next_dagrun for example_nested_branch_dag to 2023-01-07T00:00:00+00:00, run_after=2023-01-08T00:00:00+00:00
[2023-01-08T13:12:08.094+0000] {processor.py:176} INFO - Processing /home/airflow/.local/lib/python3.7/site-packages/airflow/example_dags/example_nested_branch_dag.py took 0.075 seconds
[2023-01-08T13:12:38.223+0000] {processor.py:154} INFO - Started process (PID=872) to work on /home/airflow/.local/lib/python3.7/site-packages/airflow/example_dags/example_nested_branch_dag.py
[2023-01-08T13:12:38.224+0000] {processor.py:756} INFO - Processing file /home/airflow/.local/lib/python3.7/site-packages/airflow/example_dags/example_nested_branch_dag.py for tasks to queue
[2023-01-08T13:12:38.224+0000] {logging_mixin.py:120} INFO - [2023-01-08T13:12:38.224+0000] {dagbag.py:537} INFO - Filling up the DagBag from /home/airflow/.local/lib/python3.7/site-packages/airflow/example_dags/example_nested_branch_dag.py
[2023-01-08T13:12:38.244+0000] {processor.py:766} INFO - DAG(s) dict_keys(['example_nested_branch_dag']) retrieved from /home/airflow/.local/lib/python3.7/site-packages/airflow/example_dags/example_nested_branch_dag.py
[2023-01-08T13:12:38.270+0000] {logging_mixin.py:120} INFO - [2023-01-08T13:12:38.269+0000] {dag.py:2585} INFO - Sync 1 DAGs
[2023-01-08T13:12:38.286+0000] {logging_mixin.py:120} INFO - [2023-01-08T13:12:38.286+0000] {dag.py:3340} INFO - Setting next_dagrun for example_nested_branch_dag to 2023-01-07T00:00:00+00:00, run_after=2023-01-08T00:00:00+00:00
[2023-01-08T13:12:38.299+0000] {processor.py:176} INFO - Processing /home/airflow/.local/lib/python3.7/site-packages/airflow/example_dags/example_nested_branch_dag.py took 0.078 seconds
[2023-01-08T13:13:08.647+0000] {processor.py:154} INFO - Started process (PID=937) to work on /home/airflow/.local/lib/python3.7/site-packages/airflow/example_dags/example_nested_branch_dag.py
[2023-01-08T13:13:08.648+0000] {processor.py:756} INFO - Processing file /home/airflow/.local/lib/python3.7/site-packages/airflow/example_dags/example_nested_branch_dag.py for tasks to queue
[2023-01-08T13:13:08.648+0000] {logging_mixin.py:120} INFO - [2023-01-08T13:13:08.648+0000] {dagbag.py:537} INFO - Filling up the DagBag from /home/airflow/.local/lib/python3.7/site-packages/airflow/example_dags/example_nested_branch_dag.py
[2023-01-08T13:13:08.662+0000] {processor.py:766} INFO - DAG(s) dict_keys(['example_nested_branch_dag']) retrieved from /home/airflow/.local/lib/python3.7/site-packages/airflow/example_dags/example_nested_branch_dag.py
[2023-01-08T13:13:08.688+0000] {logging_mixin.py:120} INFO - [2023-01-08T13:13:08.688+0000] {dag.py:2585} INFO - Sync 1 DAGs
[2023-01-08T13:13:08.704+0000] {logging_mixin.py:120} INFO - [2023-01-08T13:13:08.704+0000] {dag.py:3340} INFO - Setting next_dagrun for example_nested_branch_dag to 2023-01-07T00:00:00+00:00, run_after=2023-01-08T00:00:00+00:00
[2023-01-08T13:13:08.716+0000] {processor.py:176} INFO - Processing /home/airflow/.local/lib/python3.7/site-packages/airflow/example_dags/example_nested_branch_dag.py took 0.071 seconds
[2023-01-08T13:13:39.043+0000] {processor.py:154} INFO - Started process (PID=1002) to work on /home/airflow/.local/lib/python3.7/site-packages/airflow/example_dags/example_nested_branch_dag.py
[2023-01-08T13:13:39.044+0000] {processor.py:756} INFO - Processing file /home/airflow/.local/lib/python3.7/site-packages/airflow/example_dags/example_nested_branch_dag.py for tasks to queue
[2023-01-08T13:13:39.045+0000] {logging_mixin.py:120} INFO - [2023-01-08T13:13:39.045+0000] {dagbag.py:537} INFO - Filling up the DagBag from /home/airflow/.local/lib/python3.7/site-packages/airflow/example_dags/example_nested_branch_dag.py
[2023-01-08T13:13:39.061+0000] {processor.py:766} INFO - DAG(s) dict_keys(['example_nested_branch_dag']) retrieved from /home/airflow/.local/lib/python3.7/site-packages/airflow/example_dags/example_nested_branch_dag.py
[2023-01-08T13:13:39.085+0000] {logging_mixin.py:120} INFO - [2023-01-08T13:13:39.085+0000] {dag.py:2585} INFO - Sync 1 DAGs
[2023-01-08T13:13:39.101+0000] {logging_mixin.py:120} INFO - [2023-01-08T13:13:39.101+0000] {dag.py:3340} INFO - Setting next_dagrun for example_nested_branch_dag to 2023-01-07T00:00:00+00:00, run_after=2023-01-08T00:00:00+00:00
[2023-01-08T13:13:39.115+0000] {processor.py:176} INFO - Processing /home/airflow/.local/lib/python3.7/site-packages/airflow/example_dags/example_nested_branch_dag.py took 0.074 seconds
[2023-01-08T13:14:09.267+0000] {processor.py:154} INFO - Started process (PID=1060) to work on /home/airflow/.local/lib/python3.7/site-packages/airflow/example_dags/example_nested_branch_dag.py
[2023-01-08T13:14:09.267+0000] {processor.py:756} INFO - Processing file /home/airflow/.local/lib/python3.7/site-packages/airflow/example_dags/example_nested_branch_dag.py for tasks to queue
[2023-01-08T13:14:09.268+0000] {logging_mixin.py:120} INFO - [2023-01-08T13:14:09.268+0000] {dagbag.py:537} INFO - Filling up the DagBag from /home/airflow/.local/lib/python3.7/site-packages/airflow/example_dags/example_nested_branch_dag.py
[2023-01-08T13:14:09.293+0000] {processor.py:766} INFO - DAG(s) dict_keys(['example_nested_branch_dag']) retrieved from /home/airflow/.local/lib/python3.7/site-packages/airflow/example_dags/example_nested_branch_dag.py
[2023-01-08T13:14:09.344+0000] {logging_mixin.py:120} INFO - [2023-01-08T13:14:09.343+0000] {dag.py:2585} INFO - Sync 1 DAGs
[2023-01-08T13:14:09.374+0000] {logging_mixin.py:120} INFO - [2023-01-08T13:14:09.373+0000] {dag.py:3340} INFO - Setting next_dagrun for example_nested_branch_dag to 2023-01-07T00:00:00+00:00, run_after=2023-01-08T00:00:00+00:00
[2023-01-08T13:14:09.393+0000] {processor.py:176} INFO - Processing /home/airflow/.local/lib/python3.7/site-packages/airflow/example_dags/example_nested_branch_dag.py took 0.129 seconds
[2023-01-08T13:14:39.731+0000] {processor.py:154} INFO - Started process (PID=1124) to work on /home/airflow/.local/lib/python3.7/site-packages/airflow/example_dags/example_nested_branch_dag.py
[2023-01-08T13:14:39.731+0000] {processor.py:756} INFO - Processing file /home/airflow/.local/lib/python3.7/site-packages/airflow/example_dags/example_nested_branch_dag.py for tasks to queue
[2023-01-08T13:14:39.732+0000] {logging_mixin.py:120} INFO - [2023-01-08T13:14:39.732+0000] {dagbag.py:537} INFO - Filling up the DagBag from /home/airflow/.local/lib/python3.7/site-packages/airflow/example_dags/example_nested_branch_dag.py
[2023-01-08T13:14:39.752+0000] {processor.py:766} INFO - DAG(s) dict_keys(['example_nested_branch_dag']) retrieved from /home/airflow/.local/lib/python3.7/site-packages/airflow/example_dags/example_nested_branch_dag.py
[2023-01-08T13:14:39.780+0000] {logging_mixin.py:120} INFO - [2023-01-08T13:14:39.780+0000] {dag.py:2585} INFO - Sync 1 DAGs
[2023-01-08T13:14:39.797+0000] {logging_mixin.py:120} INFO - [2023-01-08T13:14:39.797+0000] {dag.py:3340} INFO - Setting next_dagrun for example_nested_branch_dag to 2023-01-07T00:00:00+00:00, run_after=2023-01-08T00:00:00+00:00
[2023-01-08T13:14:39.810+0000] {processor.py:176} INFO - Processing /home/airflow/.local/lib/python3.7/site-packages/airflow/example_dags/example_nested_branch_dag.py took 0.081 seconds
[2023-01-08T13:15:10.013+0000] {processor.py:154} INFO - Started process (PID=1188) to work on /home/airflow/.local/lib/python3.7/site-packages/airflow/example_dags/example_nested_branch_dag.py
[2023-01-08T13:15:10.014+0000] {processor.py:756} INFO - Processing file /home/airflow/.local/lib/python3.7/site-packages/airflow/example_dags/example_nested_branch_dag.py for tasks to queue
[2023-01-08T13:15:10.014+0000] {logging_mixin.py:120} INFO - [2023-01-08T13:15:10.014+0000] {dagbag.py:537} INFO - Filling up the DagBag from /home/airflow/.local/lib/python3.7/site-packages/airflow/example_dags/example_nested_branch_dag.py
[2023-01-08T13:15:10.030+0000] {processor.py:766} INFO - DAG(s) dict_keys(['example_nested_branch_dag']) retrieved from /home/airflow/.local/lib/python3.7/site-packages/airflow/example_dags/example_nested_branch_dag.py
[2023-01-08T13:15:10.070+0000] {logging_mixin.py:120} INFO - [2023-01-08T13:15:10.070+0000] {dag.py:2585} INFO - Sync 1 DAGs
[2023-01-08T13:15:10.092+0000] {logging_mixin.py:120} INFO - [2023-01-08T13:15:10.092+0000] {dag.py:3340} INFO - Setting next_dagrun for example_nested_branch_dag to 2023-01-07T00:00:00+00:00, run_after=2023-01-08T00:00:00+00:00
[2023-01-08T13:15:10.103+0000] {processor.py:176} INFO - Processing /home/airflow/.local/lib/python3.7/site-packages/airflow/example_dags/example_nested_branch_dag.py took 0.092 seconds
[2023-01-08T13:15:40.289+0000] {processor.py:154} INFO - Started process (PID=1253) to work on /home/airflow/.local/lib/python3.7/site-packages/airflow/example_dags/example_nested_branch_dag.py
[2023-01-08T13:15:40.289+0000] {processor.py:756} INFO - Processing file /home/airflow/.local/lib/python3.7/site-packages/airflow/example_dags/example_nested_branch_dag.py for tasks to queue
[2023-01-08T13:15:40.290+0000] {logging_mixin.py:120} INFO - [2023-01-08T13:15:40.290+0000] {dagbag.py:537} INFO - Filling up the DagBag from /home/airflow/.local/lib/python3.7/site-packages/airflow/example_dags/example_nested_branch_dag.py
[2023-01-08T13:15:40.307+0000] {processor.py:766} INFO - DAG(s) dict_keys(['example_nested_branch_dag']) retrieved from /home/airflow/.local/lib/python3.7/site-packages/airflow/example_dags/example_nested_branch_dag.py
[2023-01-08T13:15:40.334+0000] {logging_mixin.py:120} INFO - [2023-01-08T13:15:40.334+0000] {dag.py:2585} INFO - Sync 1 DAGs
[2023-01-08T13:15:40.352+0000] {logging_mixin.py:120} INFO - [2023-01-08T13:15:40.352+0000] {dag.py:3340} INFO - Setting next_dagrun for example_nested_branch_dag to 2023-01-07T00:00:00+00:00, run_after=2023-01-08T00:00:00+00:00
[2023-01-08T13:15:40.368+0000] {processor.py:176} INFO - Processing /home/airflow/.local/lib/python3.7/site-packages/airflow/example_dags/example_nested_branch_dag.py took 0.081 seconds
[2023-01-08T13:16:10.503+0000] {processor.py:154} INFO - Started process (PID=1318) to work on /home/airflow/.local/lib/python3.7/site-packages/airflow/example_dags/example_nested_branch_dag.py
[2023-01-08T13:16:10.503+0000] {processor.py:756} INFO - Processing file /home/airflow/.local/lib/python3.7/site-packages/airflow/example_dags/example_nested_branch_dag.py for tasks to queue
[2023-01-08T13:16:10.504+0000] {logging_mixin.py:120} INFO - [2023-01-08T13:16:10.504+0000] {dagbag.py:537} INFO - Filling up the DagBag from /home/airflow/.local/lib/python3.7/site-packages/airflow/example_dags/example_nested_branch_dag.py
[2023-01-08T13:16:10.519+0000] {processor.py:766} INFO - DAG(s) dict_keys(['example_nested_branch_dag']) retrieved from /home/airflow/.local/lib/python3.7/site-packages/airflow/example_dags/example_nested_branch_dag.py
[2023-01-08T13:16:10.544+0000] {logging_mixin.py:120} INFO - [2023-01-08T13:16:10.544+0000] {dag.py:2585} INFO - Sync 1 DAGs
[2023-01-08T13:16:10.566+0000] {logging_mixin.py:120} INFO - [2023-01-08T13:16:10.566+0000] {dag.py:3340} INFO - Setting next_dagrun for example_nested_branch_dag to 2023-01-07T00:00:00+00:00, run_after=2023-01-08T00:00:00+00:00
[2023-01-08T13:16:10.579+0000] {processor.py:176} INFO - Processing /home/airflow/.local/lib/python3.7/site-packages/airflow/example_dags/example_nested_branch_dag.py took 0.078 seconds
[2023-01-08T13:16:40.606+0000] {processor.py:154} INFO - Started process (PID=1373) to work on /home/airflow/.local/lib/python3.7/site-packages/airflow/example_dags/example_nested_branch_dag.py
[2023-01-08T13:16:40.608+0000] {processor.py:756} INFO - Processing file /home/airflow/.local/lib/python3.7/site-packages/airflow/example_dags/example_nested_branch_dag.py for tasks to queue
[2023-01-08T13:16:40.609+0000] {logging_mixin.py:120} INFO - [2023-01-08T13:16:40.609+0000] {dagbag.py:537} INFO - Filling up the DagBag from /home/airflow/.local/lib/python3.7/site-packages/airflow/example_dags/example_nested_branch_dag.py
[2023-01-08T13:16:40.630+0000] {processor.py:766} INFO - DAG(s) dict_keys(['example_nested_branch_dag']) retrieved from /home/airflow/.local/lib/python3.7/site-packages/airflow/example_dags/example_nested_branch_dag.py
[2023-01-08T13:16:40.656+0000] {logging_mixin.py:120} INFO - [2023-01-08T13:16:40.656+0000] {dag.py:2585} INFO - Sync 1 DAGs
[2023-01-08T13:16:40.671+0000] {logging_mixin.py:120} INFO - [2023-01-08T13:16:40.671+0000] {dag.py:3340} INFO - Setting next_dagrun for example_nested_branch_dag to 2023-01-07T00:00:00+00:00, run_after=2023-01-08T00:00:00+00:00
[2023-01-08T13:16:40.683+0000] {processor.py:176} INFO - Processing /home/airflow/.local/lib/python3.7/site-packages/airflow/example_dags/example_nested_branch_dag.py took 0.083 seconds
[2023-01-08T13:17:10.744+0000] {processor.py:154} INFO - Started process (PID=1438) to work on /home/airflow/.local/lib/python3.7/site-packages/airflow/example_dags/example_nested_branch_dag.py
[2023-01-08T13:17:10.747+0000] {processor.py:756} INFO - Processing file /home/airflow/.local/lib/python3.7/site-packages/airflow/example_dags/example_nested_branch_dag.py for tasks to queue
[2023-01-08T13:17:10.747+0000] {logging_mixin.py:120} INFO - [2023-01-08T13:17:10.747+0000] {dagbag.py:537} INFO - Filling up the DagBag from /home/airflow/.local/lib/python3.7/site-packages/airflow/example_dags/example_nested_branch_dag.py
[2023-01-08T13:17:10.769+0000] {processor.py:766} INFO - DAG(s) dict_keys(['example_nested_branch_dag']) retrieved from /home/airflow/.local/lib/python3.7/site-packages/airflow/example_dags/example_nested_branch_dag.py
[2023-01-08T13:17:10.794+0000] {logging_mixin.py:120} INFO - [2023-01-08T13:17:10.794+0000] {dag.py:2585} INFO - Sync 1 DAGs
[2023-01-08T13:17:10.810+0000] {logging_mixin.py:120} INFO - [2023-01-08T13:17:10.810+0000] {dag.py:3340} INFO - Setting next_dagrun for example_nested_branch_dag to 2023-01-07T00:00:00+00:00, run_after=2023-01-08T00:00:00+00:00
[2023-01-08T13:17:10.823+0000] {processor.py:176} INFO - Processing /home/airflow/.local/lib/python3.7/site-packages/airflow/example_dags/example_nested_branch_dag.py took 0.083 seconds
