[2023-01-08T13:06:03.840+0000] {processor.py:154} INFO - Started process (PID=57) to work on /home/airflow/.local/lib/python3.7/site-packages/airflow/example_dags/example_task_group_decorator.py
[2023-01-08T13:06:03.840+0000] {processor.py:756} INFO - Processing file /home/airflow/.local/lib/python3.7/site-packages/airflow/example_dags/example_task_group_decorator.py for tasks to queue
[2023-01-08T13:06:03.841+0000] {logging_mixin.py:120} INFO - [2023-01-08T13:06:03.841+0000] {dagbag.py:537} INFO - Filling up the DagBag from /home/airflow/.local/lib/python3.7/site-packages/airflow/example_dags/example_task_group_decorator.py
[2023-01-08T13:06:03.871+0000] {processor.py:766} INFO - DAG(s) dict_keys(['example_task_group_decorator']) retrieved from /home/airflow/.local/lib/python3.7/site-packages/airflow/example_dags/example_task_group_decorator.py
[2023-01-08T13:06:03.910+0000] {logging_mixin.py:120} INFO - [2023-01-08T13:06:03.910+0000] {dag.py:2585} INFO - Sync 1 DAGs
[2023-01-08T13:06:03.935+0000] {logging_mixin.py:120} INFO - [2023-01-08T13:06:03.935+0000] {dag.py:3340} INFO - Setting next_dagrun for example_task_group_decorator to 2023-01-07T13:06:03.935430+00:00, run_after=2023-01-08T13:06:03.935430+00:00
[2023-01-08T13:06:03.953+0000] {processor.py:176} INFO - Processing /home/airflow/.local/lib/python3.7/site-packages/airflow/example_dags/example_task_group_decorator.py took 0.115 seconds
[2023-01-08T13:06:34.007+0000] {processor.py:154} INFO - Started process (PID=126) to work on /home/airflow/.local/lib/python3.7/site-packages/airflow/example_dags/example_task_group_decorator.py
[2023-01-08T13:06:34.008+0000] {processor.py:756} INFO - Processing file /home/airflow/.local/lib/python3.7/site-packages/airflow/example_dags/example_task_group_decorator.py for tasks to queue
[2023-01-08T13:06:34.008+0000] {logging_mixin.py:120} INFO - [2023-01-08T13:06:34.008+0000] {dagbag.py:537} INFO - Filling up the DagBag from /home/airflow/.local/lib/python3.7/site-packages/airflow/example_dags/example_task_group_decorator.py
[2023-01-08T13:06:34.026+0000] {processor.py:766} INFO - DAG(s) dict_keys(['example_task_group_decorator']) retrieved from /home/airflow/.local/lib/python3.7/site-packages/airflow/example_dags/example_task_group_decorator.py
[2023-01-08T13:06:34.054+0000] {logging_mixin.py:120} INFO - [2023-01-08T13:06:34.054+0000] {dag.py:2585} INFO - Sync 1 DAGs
[2023-01-08T13:06:34.070+0000] {logging_mixin.py:120} INFO - [2023-01-08T13:06:34.070+0000] {dag.py:3340} INFO - Setting next_dagrun for example_task_group_decorator to 2023-01-07T13:06:34.070508+00:00, run_after=2023-01-08T13:06:34.070508+00:00
[2023-01-08T13:06:34.082+0000] {processor.py:176} INFO - Processing /home/airflow/.local/lib/python3.7/site-packages/airflow/example_dags/example_task_group_decorator.py took 0.077 seconds
[2023-01-08T13:07:04.173+0000] {processor.py:154} INFO - Started process (PID=192) to work on /home/airflow/.local/lib/python3.7/site-packages/airflow/example_dags/example_task_group_decorator.py
[2023-01-08T13:07:04.173+0000] {processor.py:756} INFO - Processing file /home/airflow/.local/lib/python3.7/site-packages/airflow/example_dags/example_task_group_decorator.py for tasks to queue
[2023-01-08T13:07:04.173+0000] {logging_mixin.py:120} INFO - [2023-01-08T13:07:04.173+0000] {dagbag.py:537} INFO - Filling up the DagBag from /home/airflow/.local/lib/python3.7/site-packages/airflow/example_dags/example_task_group_decorator.py
[2023-01-08T13:07:04.191+0000] {processor.py:766} INFO - DAG(s) dict_keys(['example_task_group_decorator']) retrieved from /home/airflow/.local/lib/python3.7/site-packages/airflow/example_dags/example_task_group_decorator.py
[2023-01-08T13:07:04.217+0000] {logging_mixin.py:120} INFO - [2023-01-08T13:07:04.216+0000] {dag.py:2585} INFO - Sync 1 DAGs
[2023-01-08T13:07:04.232+0000] {logging_mixin.py:120} INFO - [2023-01-08T13:07:04.232+0000] {dag.py:3340} INFO - Setting next_dagrun for example_task_group_decorator to 2023-01-07T13:07:04.232598+00:00, run_after=2023-01-08T13:07:04.232598+00:00
[2023-01-08T13:07:04.244+0000] {processor.py:176} INFO - Processing /home/airflow/.local/lib/python3.7/site-packages/airflow/example_dags/example_task_group_decorator.py took 0.073 seconds
[2023-01-08T13:07:34.304+0000] {processor.py:154} INFO - Started process (PID=246) to work on /home/airflow/.local/lib/python3.7/site-packages/airflow/example_dags/example_task_group_decorator.py
[2023-01-08T13:07:34.305+0000] {processor.py:756} INFO - Processing file /home/airflow/.local/lib/python3.7/site-packages/airflow/example_dags/example_task_group_decorator.py for tasks to queue
[2023-01-08T13:07:34.305+0000] {logging_mixin.py:120} INFO - [2023-01-08T13:07:34.305+0000] {dagbag.py:537} INFO - Filling up the DagBag from /home/airflow/.local/lib/python3.7/site-packages/airflow/example_dags/example_task_group_decorator.py
[2023-01-08T13:07:34.323+0000] {processor.py:766} INFO - DAG(s) dict_keys(['example_task_group_decorator']) retrieved from /home/airflow/.local/lib/python3.7/site-packages/airflow/example_dags/example_task_group_decorator.py
[2023-01-08T13:07:34.350+0000] {logging_mixin.py:120} INFO - [2023-01-08T13:07:34.350+0000] {dag.py:2585} INFO - Sync 1 DAGs
[2023-01-08T13:07:34.366+0000] {logging_mixin.py:120} INFO - [2023-01-08T13:07:34.366+0000] {dag.py:3340} INFO - Setting next_dagrun for example_task_group_decorator to 2023-01-07T13:07:34.365919+00:00, run_after=2023-01-08T13:07:34.365919+00:00
[2023-01-08T13:07:34.380+0000] {processor.py:176} INFO - Processing /home/airflow/.local/lib/python3.7/site-packages/airflow/example_dags/example_task_group_decorator.py took 0.078 seconds
[2023-01-08T13:08:04.640+0000] {processor.py:154} INFO - Started process (PID=312) to work on /home/airflow/.local/lib/python3.7/site-packages/airflow/example_dags/example_task_group_decorator.py
[2023-01-08T13:08:04.641+0000] {processor.py:756} INFO - Processing file /home/airflow/.local/lib/python3.7/site-packages/airflow/example_dags/example_task_group_decorator.py for tasks to queue
[2023-01-08T13:08:04.641+0000] {logging_mixin.py:120} INFO - [2023-01-08T13:08:04.641+0000] {dagbag.py:537} INFO - Filling up the DagBag from /home/airflow/.local/lib/python3.7/site-packages/airflow/example_dags/example_task_group_decorator.py
[2023-01-08T13:08:04.658+0000] {processor.py:766} INFO - DAG(s) dict_keys(['example_task_group_decorator']) retrieved from /home/airflow/.local/lib/python3.7/site-packages/airflow/example_dags/example_task_group_decorator.py
[2023-01-08T13:08:04.683+0000] {logging_mixin.py:120} INFO - [2023-01-08T13:08:04.683+0000] {dag.py:2585} INFO - Sync 1 DAGs
[2023-01-08T13:08:04.700+0000] {logging_mixin.py:120} INFO - [2023-01-08T13:08:04.700+0000] {dag.py:3340} INFO - Setting next_dagrun for example_task_group_decorator to 2023-01-07T13:08:04.700470+00:00, run_after=2023-01-08T13:08:04.700470+00:00
[2023-01-08T13:08:04.711+0000] {processor.py:176} INFO - Processing /home/airflow/.local/lib/python3.7/site-packages/airflow/example_dags/example_task_group_decorator.py took 0.073 seconds
[2023-01-08T13:08:34.945+0000] {processor.py:154} INFO - Started process (PID=377) to work on /home/airflow/.local/lib/python3.7/site-packages/airflow/example_dags/example_task_group_decorator.py
[2023-01-08T13:08:34.945+0000] {processor.py:756} INFO - Processing file /home/airflow/.local/lib/python3.7/site-packages/airflow/example_dags/example_task_group_decorator.py for tasks to queue
[2023-01-08T13:08:34.946+0000] {logging_mixin.py:120} INFO - [2023-01-08T13:08:34.946+0000] {dagbag.py:537} INFO - Filling up the DagBag from /home/airflow/.local/lib/python3.7/site-packages/airflow/example_dags/example_task_group_decorator.py
[2023-01-08T13:08:34.962+0000] {processor.py:766} INFO - DAG(s) dict_keys(['example_task_group_decorator']) retrieved from /home/airflow/.local/lib/python3.7/site-packages/airflow/example_dags/example_task_group_decorator.py
[2023-01-08T13:08:34.987+0000] {logging_mixin.py:120} INFO - [2023-01-08T13:08:34.987+0000] {dag.py:2585} INFO - Sync 1 DAGs
[2023-01-08T13:08:35.001+0000] {logging_mixin.py:120} INFO - [2023-01-08T13:08:35.001+0000] {dag.py:3340} INFO - Setting next_dagrun for example_task_group_decorator to 2023-01-07T13:08:35.001432+00:00, run_after=2023-01-08T13:08:35.001432+00:00
[2023-01-08T13:08:35.013+0000] {processor.py:176} INFO - Processing /home/airflow/.local/lib/python3.7/site-packages/airflow/example_dags/example_task_group_decorator.py took 0.070 seconds
[2023-01-08T13:09:05.117+0000] {processor.py:154} INFO - Started process (PID=442) to work on /home/airflow/.local/lib/python3.7/site-packages/airflow/example_dags/example_task_group_decorator.py
[2023-01-08T13:09:05.118+0000] {processor.py:756} INFO - Processing file /home/airflow/.local/lib/python3.7/site-packages/airflow/example_dags/example_task_group_decorator.py for tasks to queue
[2023-01-08T13:09:05.118+0000] {logging_mixin.py:120} INFO - [2023-01-08T13:09:05.118+0000] {dagbag.py:537} INFO - Filling up the DagBag from /home/airflow/.local/lib/python3.7/site-packages/airflow/example_dags/example_task_group_decorator.py
[2023-01-08T13:09:05.135+0000] {processor.py:766} INFO - DAG(s) dict_keys(['example_task_group_decorator']) retrieved from /home/airflow/.local/lib/python3.7/site-packages/airflow/example_dags/example_task_group_decorator.py
[2023-01-08T13:09:05.161+0000] {logging_mixin.py:120} INFO - [2023-01-08T13:09:05.161+0000] {dag.py:2585} INFO - Sync 1 DAGs
[2023-01-08T13:09:05.176+0000] {logging_mixin.py:120} INFO - [2023-01-08T13:09:05.176+0000] {dag.py:3340} INFO - Setting next_dagrun for example_task_group_decorator to 2023-01-07T13:09:05.176178+00:00, run_after=2023-01-08T13:09:05.176178+00:00
[2023-01-08T13:09:05.189+0000] {processor.py:176} INFO - Processing /home/airflow/.local/lib/python3.7/site-packages/airflow/example_dags/example_task_group_decorator.py took 0.074 seconds
[2023-01-08T13:09:36.229+0000] {processor.py:154} INFO - Started process (PID=507) to work on /home/airflow/.local/lib/python3.7/site-packages/airflow/example_dags/example_task_group_decorator.py
[2023-01-08T13:09:36.230+0000] {processor.py:756} INFO - Processing file /home/airflow/.local/lib/python3.7/site-packages/airflow/example_dags/example_task_group_decorator.py for tasks to queue
[2023-01-08T13:09:36.230+0000] {logging_mixin.py:120} INFO - [2023-01-08T13:09:36.230+0000] {dagbag.py:537} INFO - Filling up the DagBag from /home/airflow/.local/lib/python3.7/site-packages/airflow/example_dags/example_task_group_decorator.py
[2023-01-08T13:09:36.249+0000] {processor.py:766} INFO - DAG(s) dict_keys(['example_task_group_decorator']) retrieved from /home/airflow/.local/lib/python3.7/site-packages/airflow/example_dags/example_task_group_decorator.py
[2023-01-08T13:09:36.274+0000] {logging_mixin.py:120} INFO - [2023-01-08T13:09:36.274+0000] {dag.py:2585} INFO - Sync 1 DAGs
[2023-01-08T13:09:36.290+0000] {logging_mixin.py:120} INFO - [2023-01-08T13:09:36.290+0000] {dag.py:3340} INFO - Setting next_dagrun for example_task_group_decorator to 2023-01-07T13:09:36.290418+00:00, run_after=2023-01-08T13:09:36.290418+00:00
[2023-01-08T13:09:36.303+0000] {processor.py:176} INFO - Processing /home/airflow/.local/lib/python3.7/site-packages/airflow/example_dags/example_task_group_decorator.py took 0.075 seconds
[2023-01-08T13:10:07.131+0000] {processor.py:154} INFO - Started process (PID=563) to work on /home/airflow/.local/lib/python3.7/site-packages/airflow/example_dags/example_task_group_decorator.py
[2023-01-08T13:10:07.132+0000] {processor.py:756} INFO - Processing file /home/airflow/.local/lib/python3.7/site-packages/airflow/example_dags/example_task_group_decorator.py for tasks to queue
[2023-01-08T13:10:07.133+0000] {logging_mixin.py:120} INFO - [2023-01-08T13:10:07.133+0000] {dagbag.py:537} INFO - Filling up the DagBag from /home/airflow/.local/lib/python3.7/site-packages/airflow/example_dags/example_task_group_decorator.py
[2023-01-08T13:10:07.150+0000] {processor.py:766} INFO - DAG(s) dict_keys(['example_task_group_decorator']) retrieved from /home/airflow/.local/lib/python3.7/site-packages/airflow/example_dags/example_task_group_decorator.py
[2023-01-08T13:10:07.175+0000] {logging_mixin.py:120} INFO - [2023-01-08T13:10:07.175+0000] {dag.py:2585} INFO - Sync 1 DAGs
[2023-01-08T13:10:07.192+0000] {logging_mixin.py:120} INFO - [2023-01-08T13:10:07.192+0000] {dag.py:3340} INFO - Setting next_dagrun for example_task_group_decorator to 2023-01-07T13:10:07.192247+00:00, run_after=2023-01-08T13:10:07.192247+00:00
[2023-01-08T13:10:07.203+0000] {processor.py:176} INFO - Processing /home/airflow/.local/lib/python3.7/site-packages/airflow/example_dags/example_task_group_decorator.py took 0.073 seconds
[2023-01-08T13:10:38.026+0000] {processor.py:154} INFO - Started process (PID=628) to work on /home/airflow/.local/lib/python3.7/site-packages/airflow/example_dags/example_task_group_decorator.py
[2023-01-08T13:10:38.027+0000] {processor.py:756} INFO - Processing file /home/airflow/.local/lib/python3.7/site-packages/airflow/example_dags/example_task_group_decorator.py for tasks to queue
[2023-01-08T13:10:38.027+0000] {logging_mixin.py:120} INFO - [2023-01-08T13:10:38.027+0000] {dagbag.py:537} INFO - Filling up the DagBag from /home/airflow/.local/lib/python3.7/site-packages/airflow/example_dags/example_task_group_decorator.py
[2023-01-08T13:10:38.045+0000] {processor.py:766} INFO - DAG(s) dict_keys(['example_task_group_decorator']) retrieved from /home/airflow/.local/lib/python3.7/site-packages/airflow/example_dags/example_task_group_decorator.py
[2023-01-08T13:10:38.073+0000] {logging_mixin.py:120} INFO - [2023-01-08T13:10:38.073+0000] {dag.py:2585} INFO - Sync 1 DAGs
[2023-01-08T13:10:38.091+0000] {logging_mixin.py:120} INFO - [2023-01-08T13:10:38.091+0000] {dag.py:3340} INFO - Setting next_dagrun for example_task_group_decorator to 2023-01-07T13:10:38.091036+00:00, run_after=2023-01-08T13:10:38.091036+00:00
[2023-01-08T13:10:38.103+0000] {processor.py:176} INFO - Processing /home/airflow/.local/lib/python3.7/site-packages/airflow/example_dags/example_task_group_decorator.py took 0.078 seconds
[2023-01-08T13:11:08.196+0000] {processor.py:154} INFO - Started process (PID=693) to work on /home/airflow/.local/lib/python3.7/site-packages/airflow/example_dags/example_task_group_decorator.py
[2023-01-08T13:11:08.196+0000] {processor.py:756} INFO - Processing file /home/airflow/.local/lib/python3.7/site-packages/airflow/example_dags/example_task_group_decorator.py for tasks to queue
[2023-01-08T13:11:08.197+0000] {logging_mixin.py:120} INFO - [2023-01-08T13:11:08.197+0000] {dagbag.py:537} INFO - Filling up the DagBag from /home/airflow/.local/lib/python3.7/site-packages/airflow/example_dags/example_task_group_decorator.py
[2023-01-08T13:11:08.214+0000] {processor.py:766} INFO - DAG(s) dict_keys(['example_task_group_decorator']) retrieved from /home/airflow/.local/lib/python3.7/site-packages/airflow/example_dags/example_task_group_decorator.py
[2023-01-08T13:11:08.243+0000] {logging_mixin.py:120} INFO - [2023-01-08T13:11:08.243+0000] {dag.py:2585} INFO - Sync 1 DAGs
[2023-01-08T13:11:08.262+0000] {logging_mixin.py:120} INFO - [2023-01-08T13:11:08.262+0000] {dag.py:3340} INFO - Setting next_dagrun for example_task_group_decorator to 2023-01-07T13:11:08.262539+00:00, run_after=2023-01-08T13:11:08.262539+00:00
[2023-01-08T13:11:08.277+0000] {processor.py:176} INFO - Processing /home/airflow/.local/lib/python3.7/site-packages/airflow/example_dags/example_task_group_decorator.py took 0.083 seconds
[2023-01-08T13:11:38.340+0000] {processor.py:154} INFO - Started process (PID=760) to work on /home/airflow/.local/lib/python3.7/site-packages/airflow/example_dags/example_task_group_decorator.py
[2023-01-08T13:11:38.341+0000] {processor.py:756} INFO - Processing file /home/airflow/.local/lib/python3.7/site-packages/airflow/example_dags/example_task_group_decorator.py for tasks to queue
[2023-01-08T13:11:38.341+0000] {logging_mixin.py:120} INFO - [2023-01-08T13:11:38.341+0000] {dagbag.py:537} INFO - Filling up the DagBag from /home/airflow/.local/lib/python3.7/site-packages/airflow/example_dags/example_task_group_decorator.py
[2023-01-08T13:11:38.359+0000] {processor.py:766} INFO - DAG(s) dict_keys(['example_task_group_decorator']) retrieved from /home/airflow/.local/lib/python3.7/site-packages/airflow/example_dags/example_task_group_decorator.py
[2023-01-08T13:11:38.387+0000] {logging_mixin.py:120} INFO - [2023-01-08T13:11:38.387+0000] {dag.py:2585} INFO - Sync 1 DAGs
[2023-01-08T13:11:38.404+0000] {logging_mixin.py:120} INFO - [2023-01-08T13:11:38.404+0000] {dag.py:3340} INFO - Setting next_dagrun for example_task_group_decorator to 2023-01-07T13:11:38.404322+00:00, run_after=2023-01-08T13:11:38.404322+00:00
[2023-01-08T13:11:38.417+0000] {processor.py:176} INFO - Processing /home/airflow/.local/lib/python3.7/site-packages/airflow/example_dags/example_task_group_decorator.py took 0.079 seconds
[2023-01-08T13:12:08.642+0000] {processor.py:154} INFO - Started process (PID=822) to work on /home/airflow/.local/lib/python3.7/site-packages/airflow/example_dags/example_task_group_decorator.py
[2023-01-08T13:12:08.643+0000] {processor.py:756} INFO - Processing file /home/airflow/.local/lib/python3.7/site-packages/airflow/example_dags/example_task_group_decorator.py for tasks to queue
[2023-01-08T13:12:08.644+0000] {logging_mixin.py:120} INFO - [2023-01-08T13:12:08.643+0000] {dagbag.py:537} INFO - Filling up the DagBag from /home/airflow/.local/lib/python3.7/site-packages/airflow/example_dags/example_task_group_decorator.py
[2023-01-08T13:12:08.661+0000] {processor.py:766} INFO - DAG(s) dict_keys(['example_task_group_decorator']) retrieved from /home/airflow/.local/lib/python3.7/site-packages/airflow/example_dags/example_task_group_decorator.py
[2023-01-08T13:12:08.686+0000] {logging_mixin.py:120} INFO - [2023-01-08T13:12:08.686+0000] {dag.py:2585} INFO - Sync 1 DAGs
[2023-01-08T13:12:08.704+0000] {logging_mixin.py:120} INFO - [2023-01-08T13:12:08.704+0000] {dag.py:3340} INFO - Setting next_dagrun for example_task_group_decorator to 2023-01-07T13:12:08.704564+00:00, run_after=2023-01-08T13:12:08.704564+00:00
[2023-01-08T13:12:08.717+0000] {processor.py:176} INFO - Processing /home/airflow/.local/lib/python3.7/site-packages/airflow/example_dags/example_task_group_decorator.py took 0.077 seconds
[2023-01-08T13:12:38.800+0000] {processor.py:154} INFO - Started process (PID=881) to work on /home/airflow/.local/lib/python3.7/site-packages/airflow/example_dags/example_task_group_decorator.py
[2023-01-08T13:12:38.801+0000] {processor.py:756} INFO - Processing file /home/airflow/.local/lib/python3.7/site-packages/airflow/example_dags/example_task_group_decorator.py for tasks to queue
[2023-01-08T13:12:38.802+0000] {logging_mixin.py:120} INFO - [2023-01-08T13:12:38.802+0000] {dagbag.py:537} INFO - Filling up the DagBag from /home/airflow/.local/lib/python3.7/site-packages/airflow/example_dags/example_task_group_decorator.py
[2023-01-08T13:12:38.818+0000] {processor.py:766} INFO - DAG(s) dict_keys(['example_task_group_decorator']) retrieved from /home/airflow/.local/lib/python3.7/site-packages/airflow/example_dags/example_task_group_decorator.py
[2023-01-08T13:12:38.844+0000] {logging_mixin.py:120} INFO - [2023-01-08T13:12:38.844+0000] {dag.py:2585} INFO - Sync 1 DAGs
[2023-01-08T13:12:38.859+0000] {logging_mixin.py:120} INFO - [2023-01-08T13:12:38.859+0000] {dag.py:3340} INFO - Setting next_dagrun for example_task_group_decorator to 2023-01-07T13:12:38.859430+00:00, run_after=2023-01-08T13:12:38.859430+00:00
[2023-01-08T13:12:38.871+0000] {processor.py:176} INFO - Processing /home/airflow/.local/lib/python3.7/site-packages/airflow/example_dags/example_task_group_decorator.py took 0.072 seconds
[2023-01-08T13:13:09.189+0000] {processor.py:154} INFO - Started process (PID=946) to work on /home/airflow/.local/lib/python3.7/site-packages/airflow/example_dags/example_task_group_decorator.py
[2023-01-08T13:13:09.190+0000] {processor.py:756} INFO - Processing file /home/airflow/.local/lib/python3.7/site-packages/airflow/example_dags/example_task_group_decorator.py for tasks to queue
[2023-01-08T13:13:09.191+0000] {logging_mixin.py:120} INFO - [2023-01-08T13:13:09.191+0000] {dagbag.py:537} INFO - Filling up the DagBag from /home/airflow/.local/lib/python3.7/site-packages/airflow/example_dags/example_task_group_decorator.py
[2023-01-08T13:13:09.208+0000] {processor.py:766} INFO - DAG(s) dict_keys(['example_task_group_decorator']) retrieved from /home/airflow/.local/lib/python3.7/site-packages/airflow/example_dags/example_task_group_decorator.py
[2023-01-08T13:13:09.235+0000] {logging_mixin.py:120} INFO - [2023-01-08T13:13:09.235+0000] {dag.py:2585} INFO - Sync 1 DAGs
[2023-01-08T13:13:09.252+0000] {logging_mixin.py:120} INFO - [2023-01-08T13:13:09.252+0000] {dag.py:3340} INFO - Setting next_dagrun for example_task_group_decorator to 2023-01-07T13:13:09.251893+00:00, run_after=2023-01-08T13:13:09.251893+00:00
[2023-01-08T13:13:09.264+0000] {processor.py:176} INFO - Processing /home/airflow/.local/lib/python3.7/site-packages/airflow/example_dags/example_task_group_decorator.py took 0.077 seconds
[2023-01-08T13:13:39.506+0000] {processor.py:154} INFO - Started process (PID=1011) to work on /home/airflow/.local/lib/python3.7/site-packages/airflow/example_dags/example_task_group_decorator.py
[2023-01-08T13:13:39.508+0000] {processor.py:756} INFO - Processing file /home/airflow/.local/lib/python3.7/site-packages/airflow/example_dags/example_task_group_decorator.py for tasks to queue
[2023-01-08T13:13:39.508+0000] {logging_mixin.py:120} INFO - [2023-01-08T13:13:39.508+0000] {dagbag.py:537} INFO - Filling up the DagBag from /home/airflow/.local/lib/python3.7/site-packages/airflow/example_dags/example_task_group_decorator.py
[2023-01-08T13:13:39.526+0000] {processor.py:766} INFO - DAG(s) dict_keys(['example_task_group_decorator']) retrieved from /home/airflow/.local/lib/python3.7/site-packages/airflow/example_dags/example_task_group_decorator.py
[2023-01-08T13:13:39.553+0000] {logging_mixin.py:120} INFO - [2023-01-08T13:13:39.553+0000] {dag.py:2585} INFO - Sync 1 DAGs
[2023-01-08T13:13:39.570+0000] {logging_mixin.py:120} INFO - [2023-01-08T13:13:39.570+0000] {dag.py:3340} INFO - Setting next_dagrun for example_task_group_decorator to 2023-01-07T13:13:39.570466+00:00, run_after=2023-01-08T13:13:39.570466+00:00
[2023-01-08T13:13:39.587+0000] {processor.py:176} INFO - Processing /home/airflow/.local/lib/python3.7/site-packages/airflow/example_dags/example_task_group_decorator.py took 0.083 seconds
[2023-01-08T13:14:09.911+0000] {processor.py:154} INFO - Started process (PID=1077) to work on /home/airflow/.local/lib/python3.7/site-packages/airflow/example_dags/example_task_group_decorator.py
[2023-01-08T13:14:09.911+0000] {processor.py:756} INFO - Processing file /home/airflow/.local/lib/python3.7/site-packages/airflow/example_dags/example_task_group_decorator.py for tasks to queue
[2023-01-08T13:14:09.911+0000] {logging_mixin.py:120} INFO - [2023-01-08T13:14:09.911+0000] {dagbag.py:537} INFO - Filling up the DagBag from /home/airflow/.local/lib/python3.7/site-packages/airflow/example_dags/example_task_group_decorator.py
[2023-01-08T13:14:09.929+0000] {processor.py:766} INFO - DAG(s) dict_keys(['example_task_group_decorator']) retrieved from /home/airflow/.local/lib/python3.7/site-packages/airflow/example_dags/example_task_group_decorator.py
[2023-01-08T13:14:09.960+0000] {logging_mixin.py:120} INFO - [2023-01-08T13:14:09.960+0000] {dag.py:2585} INFO - Sync 1 DAGs
[2023-01-08T13:14:09.984+0000] {logging_mixin.py:120} INFO - [2023-01-08T13:14:09.984+0000] {dag.py:3340} INFO - Setting next_dagrun for example_task_group_decorator to 2023-01-07T13:14:09.984128+00:00, run_after=2023-01-08T13:14:09.984128+00:00
[2023-01-08T13:14:10.001+0000] {processor.py:176} INFO - Processing /home/airflow/.local/lib/python3.7/site-packages/airflow/example_dags/example_task_group_decorator.py took 0.093 seconds
[2023-01-08T13:14:40.138+0000] {processor.py:154} INFO - Started process (PID=1133) to work on /home/airflow/.local/lib/python3.7/site-packages/airflow/example_dags/example_task_group_decorator.py
[2023-01-08T13:14:40.140+0000] {processor.py:756} INFO - Processing file /home/airflow/.local/lib/python3.7/site-packages/airflow/example_dags/example_task_group_decorator.py for tasks to queue
[2023-01-08T13:14:40.140+0000] {logging_mixin.py:120} INFO - [2023-01-08T13:14:40.140+0000] {dagbag.py:537} INFO - Filling up the DagBag from /home/airflow/.local/lib/python3.7/site-packages/airflow/example_dags/example_task_group_decorator.py
[2023-01-08T13:14:40.157+0000] {processor.py:766} INFO - DAG(s) dict_keys(['example_task_group_decorator']) retrieved from /home/airflow/.local/lib/python3.7/site-packages/airflow/example_dags/example_task_group_decorator.py
[2023-01-08T13:14:40.183+0000] {logging_mixin.py:120} INFO - [2023-01-08T13:14:40.183+0000] {dag.py:2585} INFO - Sync 1 DAGs
[2023-01-08T13:14:40.199+0000] {logging_mixin.py:120} INFO - [2023-01-08T13:14:40.199+0000] {dag.py:3340} INFO - Setting next_dagrun for example_task_group_decorator to 2023-01-07T13:14:40.199178+00:00, run_after=2023-01-08T13:14:40.199178+00:00
[2023-01-08T13:14:40.211+0000] {processor.py:176} INFO - Processing /home/airflow/.local/lib/python3.7/site-packages/airflow/example_dags/example_task_group_decorator.py took 0.074 seconds
[2023-01-08T13:15:10.563+0000] {processor.py:154} INFO - Started process (PID=1197) to work on /home/airflow/.local/lib/python3.7/site-packages/airflow/example_dags/example_task_group_decorator.py
[2023-01-08T13:15:10.564+0000] {processor.py:756} INFO - Processing file /home/airflow/.local/lib/python3.7/site-packages/airflow/example_dags/example_task_group_decorator.py for tasks to queue
[2023-01-08T13:15:10.564+0000] {logging_mixin.py:120} INFO - [2023-01-08T13:15:10.564+0000] {dagbag.py:537} INFO - Filling up the DagBag from /home/airflow/.local/lib/python3.7/site-packages/airflow/example_dags/example_task_group_decorator.py
[2023-01-08T13:15:10.584+0000] {processor.py:766} INFO - DAG(s) dict_keys(['example_task_group_decorator']) retrieved from /home/airflow/.local/lib/python3.7/site-packages/airflow/example_dags/example_task_group_decorator.py
[2023-01-08T13:15:10.615+0000] {logging_mixin.py:120} INFO - [2023-01-08T13:15:10.615+0000] {dag.py:2585} INFO - Sync 1 DAGs
[2023-01-08T13:15:10.635+0000] {logging_mixin.py:120} INFO - [2023-01-08T13:15:10.635+0000] {dag.py:3340} INFO - Setting next_dagrun for example_task_group_decorator to 2023-01-07T13:15:10.635113+00:00, run_after=2023-01-08T13:15:10.635113+00:00
[2023-01-08T13:15:10.650+0000] {processor.py:176} INFO - Processing /home/airflow/.local/lib/python3.7/site-packages/airflow/example_dags/example_task_group_decorator.py took 0.088 seconds
[2023-01-08T13:15:40.788+0000] {processor.py:154} INFO - Started process (PID=1262) to work on /home/airflow/.local/lib/python3.7/site-packages/airflow/example_dags/example_task_group_decorator.py
[2023-01-08T13:15:40.788+0000] {processor.py:756} INFO - Processing file /home/airflow/.local/lib/python3.7/site-packages/airflow/example_dags/example_task_group_decorator.py for tasks to queue
[2023-01-08T13:15:40.789+0000] {logging_mixin.py:120} INFO - [2023-01-08T13:15:40.789+0000] {dagbag.py:537} INFO - Filling up the DagBag from /home/airflow/.local/lib/python3.7/site-packages/airflow/example_dags/example_task_group_decorator.py
[2023-01-08T13:15:40.808+0000] {processor.py:766} INFO - DAG(s) dict_keys(['example_task_group_decorator']) retrieved from /home/airflow/.local/lib/python3.7/site-packages/airflow/example_dags/example_task_group_decorator.py
[2023-01-08T13:15:40.837+0000] {logging_mixin.py:120} INFO - [2023-01-08T13:15:40.837+0000] {dag.py:2585} INFO - Sync 1 DAGs
[2023-01-08T13:15:40.853+0000] {logging_mixin.py:120} INFO - [2023-01-08T13:15:40.853+0000] {dag.py:3340} INFO - Setting next_dagrun for example_task_group_decorator to 2023-01-07T13:15:40.853585+00:00, run_after=2023-01-08T13:15:40.853585+00:00
[2023-01-08T13:15:40.867+0000] {processor.py:176} INFO - Processing /home/airflow/.local/lib/python3.7/site-packages/airflow/example_dags/example_task_group_decorator.py took 0.081 seconds
[2023-01-08T13:16:11.083+0000] {processor.py:154} INFO - Started process (PID=1327) to work on /home/airflow/.local/lib/python3.7/site-packages/airflow/example_dags/example_task_group_decorator.py
[2023-01-08T13:16:11.083+0000] {processor.py:756} INFO - Processing file /home/airflow/.local/lib/python3.7/site-packages/airflow/example_dags/example_task_group_decorator.py for tasks to queue
[2023-01-08T13:16:11.084+0000] {logging_mixin.py:120} INFO - [2023-01-08T13:16:11.084+0000] {dagbag.py:537} INFO - Filling up the DagBag from /home/airflow/.local/lib/python3.7/site-packages/airflow/example_dags/example_task_group_decorator.py
[2023-01-08T13:16:11.103+0000] {processor.py:766} INFO - DAG(s) dict_keys(['example_task_group_decorator']) retrieved from /home/airflow/.local/lib/python3.7/site-packages/airflow/example_dags/example_task_group_decorator.py
[2023-01-08T13:16:11.132+0000] {logging_mixin.py:120} INFO - [2023-01-08T13:16:11.132+0000] {dag.py:2585} INFO - Sync 1 DAGs
[2023-01-08T13:16:11.147+0000] {logging_mixin.py:120} INFO - [2023-01-08T13:16:11.147+0000] {dag.py:3340} INFO - Setting next_dagrun for example_task_group_decorator to 2023-01-07T13:16:11.147619+00:00, run_after=2023-01-08T13:16:11.147619+00:00
[2023-01-08T13:16:11.158+0000] {processor.py:176} INFO - Processing /home/airflow/.local/lib/python3.7/site-packages/airflow/example_dags/example_task_group_decorator.py took 0.078 seconds
[2023-01-08T13:16:42.035+0000] {processor.py:154} INFO - Started process (PID=1383) to work on /home/airflow/.local/lib/python3.7/site-packages/airflow/example_dags/example_task_group_decorator.py
[2023-01-08T13:16:42.036+0000] {processor.py:756} INFO - Processing file /home/airflow/.local/lib/python3.7/site-packages/airflow/example_dags/example_task_group_decorator.py for tasks to queue
[2023-01-08T13:16:42.036+0000] {logging_mixin.py:120} INFO - [2023-01-08T13:16:42.036+0000] {dagbag.py:537} INFO - Filling up the DagBag from /home/airflow/.local/lib/python3.7/site-packages/airflow/example_dags/example_task_group_decorator.py
[2023-01-08T13:16:42.052+0000] {processor.py:766} INFO - DAG(s) dict_keys(['example_task_group_decorator']) retrieved from /home/airflow/.local/lib/python3.7/site-packages/airflow/example_dags/example_task_group_decorator.py
[2023-01-08T13:16:42.078+0000] {logging_mixin.py:120} INFO - [2023-01-08T13:16:42.078+0000] {dag.py:2585} INFO - Sync 1 DAGs
[2023-01-08T13:16:42.093+0000] {logging_mixin.py:120} INFO - [2023-01-08T13:16:42.092+0000] {dag.py:3340} INFO - Setting next_dagrun for example_task_group_decorator to 2023-01-07T13:16:42.092789+00:00, run_after=2023-01-08T13:16:42.092789+00:00
[2023-01-08T13:16:42.105+0000] {processor.py:176} INFO - Processing /home/airflow/.local/lib/python3.7/site-packages/airflow/example_dags/example_task_group_decorator.py took 0.072 seconds
