[2023-01-08T13:06:05.589+0000] {processor.py:154} INFO - Started process (PID=73) to work on /home/airflow/.local/lib/python3.7/site-packages/airflow/example_dags/example_trigger_target_dag.py
[2023-01-08T13:06:05.590+0000] {processor.py:756} INFO - Processing file /home/airflow/.local/lib/python3.7/site-packages/airflow/example_dags/example_trigger_target_dag.py for tasks to queue
[2023-01-08T13:06:05.590+0000] {logging_mixin.py:120} INFO - [2023-01-08T13:06:05.590+0000] {dagbag.py:537} INFO - Filling up the DagBag from /home/airflow/.local/lib/python3.7/site-packages/airflow/example_dags/example_trigger_target_dag.py
[2023-01-08T13:06:05.625+0000] {processor.py:766} INFO - DAG(s) dict_keys(['example_trigger_target_dag']) retrieved from /home/airflow/.local/lib/python3.7/site-packages/airflow/example_dags/example_trigger_target_dag.py
[2023-01-08T13:06:05.683+0000] {logging_mixin.py:120} INFO - [2023-01-08T13:06:05.683+0000] {dag.py:2585} INFO - Sync 1 DAGs
[2023-01-08T13:06:05.726+0000] {logging_mixin.py:120} INFO - [2023-01-08T13:06:05.726+0000] {dag.py:3340} INFO - Setting next_dagrun for example_trigger_target_dag to None, run_after=None
[2023-01-08T13:06:05.755+0000] {processor.py:176} INFO - Processing /home/airflow/.local/lib/python3.7/site-packages/airflow/example_dags/example_trigger_target_dag.py took 0.170 seconds
[2023-01-08T13:06:35.965+0000] {processor.py:154} INFO - Started process (PID=142) to work on /home/airflow/.local/lib/python3.7/site-packages/airflow/example_dags/example_trigger_target_dag.py
[2023-01-08T13:06:35.966+0000] {processor.py:756} INFO - Processing file /home/airflow/.local/lib/python3.7/site-packages/airflow/example_dags/example_trigger_target_dag.py for tasks to queue
[2023-01-08T13:06:35.966+0000] {logging_mixin.py:120} INFO - [2023-01-08T13:06:35.966+0000] {dagbag.py:537} INFO - Filling up the DagBag from /home/airflow/.local/lib/python3.7/site-packages/airflow/example_dags/example_trigger_target_dag.py
[2023-01-08T13:06:35.979+0000] {processor.py:766} INFO - DAG(s) dict_keys(['example_trigger_target_dag']) retrieved from /home/airflow/.local/lib/python3.7/site-packages/airflow/example_dags/example_trigger_target_dag.py
[2023-01-08T13:06:36.004+0000] {logging_mixin.py:120} INFO - [2023-01-08T13:06:36.004+0000] {dag.py:2585} INFO - Sync 1 DAGs
[2023-01-08T13:06:36.021+0000] {logging_mixin.py:120} INFO - [2023-01-08T13:06:36.021+0000] {dag.py:3340} INFO - Setting next_dagrun for example_trigger_target_dag to None, run_after=None
[2023-01-08T13:06:36.034+0000] {processor.py:176} INFO - Processing /home/airflow/.local/lib/python3.7/site-packages/airflow/example_dags/example_trigger_target_dag.py took 0.071 seconds
[2023-01-08T13:07:06.257+0000] {processor.py:154} INFO - Started process (PID=208) to work on /home/airflow/.local/lib/python3.7/site-packages/airflow/example_dags/example_trigger_target_dag.py
[2023-01-08T13:07:06.258+0000] {processor.py:756} INFO - Processing file /home/airflow/.local/lib/python3.7/site-packages/airflow/example_dags/example_trigger_target_dag.py for tasks to queue
[2023-01-08T13:07:06.258+0000] {logging_mixin.py:120} INFO - [2023-01-08T13:07:06.258+0000] {dagbag.py:537} INFO - Filling up the DagBag from /home/airflow/.local/lib/python3.7/site-packages/airflow/example_dags/example_trigger_target_dag.py
[2023-01-08T13:07:06.274+0000] {processor.py:766} INFO - DAG(s) dict_keys(['example_trigger_target_dag']) retrieved from /home/airflow/.local/lib/python3.7/site-packages/airflow/example_dags/example_trigger_target_dag.py
[2023-01-08T13:07:06.307+0000] {logging_mixin.py:120} INFO - [2023-01-08T13:07:06.307+0000] {dag.py:2585} INFO - Sync 1 DAGs
[2023-01-08T13:07:06.327+0000] {logging_mixin.py:120} INFO - [2023-01-08T13:07:06.327+0000] {dag.py:3340} INFO - Setting next_dagrun for example_trigger_target_dag to None, run_after=None
[2023-01-08T13:07:06.346+0000] {processor.py:176} INFO - Processing /home/airflow/.local/lib/python3.7/site-packages/airflow/example_dags/example_trigger_target_dag.py took 0.091 seconds
[2023-01-08T13:07:36.676+0000] {processor.py:154} INFO - Started process (PID=273) to work on /home/airflow/.local/lib/python3.7/site-packages/airflow/example_dags/example_trigger_target_dag.py
[2023-01-08T13:07:36.677+0000] {processor.py:756} INFO - Processing file /home/airflow/.local/lib/python3.7/site-packages/airflow/example_dags/example_trigger_target_dag.py for tasks to queue
[2023-01-08T13:07:36.678+0000] {logging_mixin.py:120} INFO - [2023-01-08T13:07:36.678+0000] {dagbag.py:537} INFO - Filling up the DagBag from /home/airflow/.local/lib/python3.7/site-packages/airflow/example_dags/example_trigger_target_dag.py
[2023-01-08T13:07:36.690+0000] {processor.py:766} INFO - DAG(s) dict_keys(['example_trigger_target_dag']) retrieved from /home/airflow/.local/lib/python3.7/site-packages/airflow/example_dags/example_trigger_target_dag.py
[2023-01-08T13:07:36.714+0000] {logging_mixin.py:120} INFO - [2023-01-08T13:07:36.714+0000] {dag.py:2585} INFO - Sync 1 DAGs
[2023-01-08T13:07:36.731+0000] {logging_mixin.py:120} INFO - [2023-01-08T13:07:36.731+0000] {dag.py:3340} INFO - Setting next_dagrun for example_trigger_target_dag to None, run_after=None
[2023-01-08T13:07:36.742+0000] {processor.py:176} INFO - Processing /home/airflow/.local/lib/python3.7/site-packages/airflow/example_dags/example_trigger_target_dag.py took 0.067 seconds
[2023-01-08T13:08:06.826+0000] {processor.py:154} INFO - Started process (PID=330) to work on /home/airflow/.local/lib/python3.7/site-packages/airflow/example_dags/example_trigger_target_dag.py
[2023-01-08T13:08:06.827+0000] {processor.py:756} INFO - Processing file /home/airflow/.local/lib/python3.7/site-packages/airflow/example_dags/example_trigger_target_dag.py for tasks to queue
[2023-01-08T13:08:06.828+0000] {logging_mixin.py:120} INFO - [2023-01-08T13:08:06.828+0000] {dagbag.py:537} INFO - Filling up the DagBag from /home/airflow/.local/lib/python3.7/site-packages/airflow/example_dags/example_trigger_target_dag.py
[2023-01-08T13:08:06.845+0000] {processor.py:766} INFO - DAG(s) dict_keys(['example_trigger_target_dag']) retrieved from /home/airflow/.local/lib/python3.7/site-packages/airflow/example_dags/example_trigger_target_dag.py
[2023-01-08T13:08:06.878+0000] {logging_mixin.py:120} INFO - [2023-01-08T13:08:06.878+0000] {dag.py:2585} INFO - Sync 1 DAGs
[2023-01-08T13:08:06.901+0000] {logging_mixin.py:120} INFO - [2023-01-08T13:08:06.900+0000] {dag.py:3340} INFO - Setting next_dagrun for example_trigger_target_dag to None, run_after=None
[2023-01-08T13:08:06.916+0000] {processor.py:176} INFO - Processing /home/airflow/.local/lib/python3.7/site-packages/airflow/example_dags/example_trigger_target_dag.py took 0.092 seconds
[2023-01-08T13:08:37.939+0000] {processor.py:154} INFO - Started process (PID=395) to work on /home/airflow/.local/lib/python3.7/site-packages/airflow/example_dags/example_trigger_target_dag.py
[2023-01-08T13:08:37.940+0000] {processor.py:756} INFO - Processing file /home/airflow/.local/lib/python3.7/site-packages/airflow/example_dags/example_trigger_target_dag.py for tasks to queue
[2023-01-08T13:08:37.941+0000] {logging_mixin.py:120} INFO - [2023-01-08T13:08:37.941+0000] {dagbag.py:537} INFO - Filling up the DagBag from /home/airflow/.local/lib/python3.7/site-packages/airflow/example_dags/example_trigger_target_dag.py
[2023-01-08T13:08:37.954+0000] {processor.py:766} INFO - DAG(s) dict_keys(['example_trigger_target_dag']) retrieved from /home/airflow/.local/lib/python3.7/site-packages/airflow/example_dags/example_trigger_target_dag.py
[2023-01-08T13:08:37.978+0000] {logging_mixin.py:120} INFO - [2023-01-08T13:08:37.978+0000] {dag.py:2585} INFO - Sync 1 DAGs
[2023-01-08T13:08:37.993+0000] {logging_mixin.py:120} INFO - [2023-01-08T13:08:37.993+0000] {dag.py:3340} INFO - Setting next_dagrun for example_trigger_target_dag to None, run_after=None
[2023-01-08T13:08:38.005+0000] {processor.py:176} INFO - Processing /home/airflow/.local/lib/python3.7/site-packages/airflow/example_dags/example_trigger_target_dag.py took 0.067 seconds
[2023-01-08T13:09:08.164+0000] {processor.py:154} INFO - Started process (PID=460) to work on /home/airflow/.local/lib/python3.7/site-packages/airflow/example_dags/example_trigger_target_dag.py
[2023-01-08T13:09:08.164+0000] {processor.py:756} INFO - Processing file /home/airflow/.local/lib/python3.7/site-packages/airflow/example_dags/example_trigger_target_dag.py for tasks to queue
[2023-01-08T13:09:08.165+0000] {logging_mixin.py:120} INFO - [2023-01-08T13:09:08.164+0000] {dagbag.py:537} INFO - Filling up the DagBag from /home/airflow/.local/lib/python3.7/site-packages/airflow/example_dags/example_trigger_target_dag.py
[2023-01-08T13:09:08.177+0000] {processor.py:766} INFO - DAG(s) dict_keys(['example_trigger_target_dag']) retrieved from /home/airflow/.local/lib/python3.7/site-packages/airflow/example_dags/example_trigger_target_dag.py
[2023-01-08T13:09:08.201+0000] {logging_mixin.py:120} INFO - [2023-01-08T13:09:08.201+0000] {dag.py:2585} INFO - Sync 1 DAGs
[2023-01-08T13:09:08.216+0000] {logging_mixin.py:120} INFO - [2023-01-08T13:09:08.216+0000] {dag.py:3340} INFO - Setting next_dagrun for example_trigger_target_dag to None, run_after=None
[2023-01-08T13:09:08.228+0000] {processor.py:176} INFO - Processing /home/airflow/.local/lib/python3.7/site-packages/airflow/example_dags/example_trigger_target_dag.py took 0.066 seconds
[2023-01-08T13:09:39.124+0000] {processor.py:154} INFO - Started process (PID=525) to work on /home/airflow/.local/lib/python3.7/site-packages/airflow/example_dags/example_trigger_target_dag.py
[2023-01-08T13:09:39.125+0000] {processor.py:756} INFO - Processing file /home/airflow/.local/lib/python3.7/site-packages/airflow/example_dags/example_trigger_target_dag.py for tasks to queue
[2023-01-08T13:09:39.126+0000] {logging_mixin.py:120} INFO - [2023-01-08T13:09:39.126+0000] {dagbag.py:537} INFO - Filling up the DagBag from /home/airflow/.local/lib/python3.7/site-packages/airflow/example_dags/example_trigger_target_dag.py
[2023-01-08T13:09:39.138+0000] {processor.py:766} INFO - DAG(s) dict_keys(['example_trigger_target_dag']) retrieved from /home/airflow/.local/lib/python3.7/site-packages/airflow/example_dags/example_trigger_target_dag.py
[2023-01-08T13:09:39.162+0000] {logging_mixin.py:120} INFO - [2023-01-08T13:09:39.161+0000] {dag.py:2585} INFO - Sync 1 DAGs
[2023-01-08T13:09:39.178+0000] {logging_mixin.py:120} INFO - [2023-01-08T13:09:39.178+0000] {dag.py:3340} INFO - Setting next_dagrun for example_trigger_target_dag to None, run_after=None
[2023-01-08T13:09:39.191+0000] {processor.py:176} INFO - Processing /home/airflow/.local/lib/python3.7/site-packages/airflow/example_dags/example_trigger_target_dag.py took 0.069 seconds
[2023-01-08T13:10:10.059+0000] {processor.py:154} INFO - Started process (PID=590) to work on /home/airflow/.local/lib/python3.7/site-packages/airflow/example_dags/example_trigger_target_dag.py
[2023-01-08T13:10:10.059+0000] {processor.py:756} INFO - Processing file /home/airflow/.local/lib/python3.7/site-packages/airflow/example_dags/example_trigger_target_dag.py for tasks to queue
[2023-01-08T13:10:10.059+0000] {logging_mixin.py:120} INFO - [2023-01-08T13:10:10.059+0000] {dagbag.py:537} INFO - Filling up the DagBag from /home/airflow/.local/lib/python3.7/site-packages/airflow/example_dags/example_trigger_target_dag.py
[2023-01-08T13:10:10.072+0000] {processor.py:766} INFO - DAG(s) dict_keys(['example_trigger_target_dag']) retrieved from /home/airflow/.local/lib/python3.7/site-packages/airflow/example_dags/example_trigger_target_dag.py
[2023-01-08T13:10:10.095+0000] {logging_mixin.py:120} INFO - [2023-01-08T13:10:10.095+0000] {dag.py:2585} INFO - Sync 1 DAGs
[2023-01-08T13:10:10.112+0000] {logging_mixin.py:120} INFO - [2023-01-08T13:10:10.112+0000] {dag.py:3340} INFO - Setting next_dagrun for example_trigger_target_dag to None, run_after=None
[2023-01-08T13:10:10.125+0000] {processor.py:176} INFO - Processing /home/airflow/.local/lib/python3.7/site-packages/airflow/example_dags/example_trigger_target_dag.py took 0.068 seconds
[2023-01-08T13:10:41.015+0000] {processor.py:154} INFO - Started process (PID=646) to work on /home/airflow/.local/lib/python3.7/site-packages/airflow/example_dags/example_trigger_target_dag.py
[2023-01-08T13:10:41.016+0000] {processor.py:756} INFO - Processing file /home/airflow/.local/lib/python3.7/site-packages/airflow/example_dags/example_trigger_target_dag.py for tasks to queue
[2023-01-08T13:10:41.017+0000] {logging_mixin.py:120} INFO - [2023-01-08T13:10:41.017+0000] {dagbag.py:537} INFO - Filling up the DagBag from /home/airflow/.local/lib/python3.7/site-packages/airflow/example_dags/example_trigger_target_dag.py
[2023-01-08T13:10:41.029+0000] {processor.py:766} INFO - DAG(s) dict_keys(['example_trigger_target_dag']) retrieved from /home/airflow/.local/lib/python3.7/site-packages/airflow/example_dags/example_trigger_target_dag.py
[2023-01-08T13:10:41.053+0000] {logging_mixin.py:120} INFO - [2023-01-08T13:10:41.053+0000] {dag.py:2585} INFO - Sync 1 DAGs
[2023-01-08T13:10:41.070+0000] {logging_mixin.py:120} INFO - [2023-01-08T13:10:41.070+0000] {dag.py:3340} INFO - Setting next_dagrun for example_trigger_target_dag to None, run_after=None
[2023-01-08T13:10:41.081+0000] {processor.py:176} INFO - Processing /home/airflow/.local/lib/python3.7/site-packages/airflow/example_dags/example_trigger_target_dag.py took 0.067 seconds
[2023-01-08T13:11:12.157+0000] {processor.py:154} INFO - Started process (PID=711) to work on /home/airflow/.local/lib/python3.7/site-packages/airflow/example_dags/example_trigger_target_dag.py
[2023-01-08T13:11:12.158+0000] {processor.py:756} INFO - Processing file /home/airflow/.local/lib/python3.7/site-packages/airflow/example_dags/example_trigger_target_dag.py for tasks to queue
[2023-01-08T13:11:12.158+0000] {logging_mixin.py:120} INFO - [2023-01-08T13:11:12.158+0000] {dagbag.py:537} INFO - Filling up the DagBag from /home/airflow/.local/lib/python3.7/site-packages/airflow/example_dags/example_trigger_target_dag.py
[2023-01-08T13:11:12.171+0000] {processor.py:766} INFO - DAG(s) dict_keys(['example_trigger_target_dag']) retrieved from /home/airflow/.local/lib/python3.7/site-packages/airflow/example_dags/example_trigger_target_dag.py
[2023-01-08T13:11:12.194+0000] {logging_mixin.py:120} INFO - [2023-01-08T13:11:12.194+0000] {dag.py:2585} INFO - Sync 1 DAGs
[2023-01-08T13:11:12.211+0000] {logging_mixin.py:120} INFO - [2023-01-08T13:11:12.211+0000] {dag.py:3340} INFO - Setting next_dagrun for example_trigger_target_dag to None, run_after=None
[2023-01-08T13:11:12.223+0000] {processor.py:176} INFO - Processing /home/airflow/.local/lib/python3.7/site-packages/airflow/example_dags/example_trigger_target_dag.py took 0.067 seconds
[2023-01-08T13:11:42.393+0000] {processor.py:154} INFO - Started process (PID=776) to work on /home/airflow/.local/lib/python3.7/site-packages/airflow/example_dags/example_trigger_target_dag.py
[2023-01-08T13:11:42.395+0000] {processor.py:756} INFO - Processing file /home/airflow/.local/lib/python3.7/site-packages/airflow/example_dags/example_trigger_target_dag.py for tasks to queue
[2023-01-08T13:11:42.395+0000] {logging_mixin.py:120} INFO - [2023-01-08T13:11:42.395+0000] {dagbag.py:537} INFO - Filling up the DagBag from /home/airflow/.local/lib/python3.7/site-packages/airflow/example_dags/example_trigger_target_dag.py
[2023-01-08T13:11:42.408+0000] {processor.py:766} INFO - DAG(s) dict_keys(['example_trigger_target_dag']) retrieved from /home/airflow/.local/lib/python3.7/site-packages/airflow/example_dags/example_trigger_target_dag.py
[2023-01-08T13:11:42.433+0000] {logging_mixin.py:120} INFO - [2023-01-08T13:11:42.433+0000] {dag.py:2585} INFO - Sync 1 DAGs
[2023-01-08T13:11:42.450+0000] {logging_mixin.py:120} INFO - [2023-01-08T13:11:42.450+0000] {dag.py:3340} INFO - Setting next_dagrun for example_trigger_target_dag to None, run_after=None
[2023-01-08T13:11:42.463+0000] {processor.py:176} INFO - Processing /home/airflow/.local/lib/python3.7/site-packages/airflow/example_dags/example_trigger_target_dag.py took 0.071 seconds
[2023-01-08T13:12:12.645+0000] {processor.py:154} INFO - Started process (PID=841) to work on /home/airflow/.local/lib/python3.7/site-packages/airflow/example_dags/example_trigger_target_dag.py
[2023-01-08T13:12:12.645+0000] {processor.py:756} INFO - Processing file /home/airflow/.local/lib/python3.7/site-packages/airflow/example_dags/example_trigger_target_dag.py for tasks to queue
[2023-01-08T13:12:12.646+0000] {logging_mixin.py:120} INFO - [2023-01-08T13:12:12.646+0000] {dagbag.py:537} INFO - Filling up the DagBag from /home/airflow/.local/lib/python3.7/site-packages/airflow/example_dags/example_trigger_target_dag.py
[2023-01-08T13:12:12.658+0000] {processor.py:766} INFO - DAG(s) dict_keys(['example_trigger_target_dag']) retrieved from /home/airflow/.local/lib/python3.7/site-packages/airflow/example_dags/example_trigger_target_dag.py
[2023-01-08T13:12:12.682+0000] {logging_mixin.py:120} INFO - [2023-01-08T13:12:12.682+0000] {dag.py:2585} INFO - Sync 1 DAGs
[2023-01-08T13:12:12.699+0000] {logging_mixin.py:120} INFO - [2023-01-08T13:12:12.699+0000] {dag.py:3340} INFO - Setting next_dagrun for example_trigger_target_dag to None, run_after=None
[2023-01-08T13:12:12.710+0000] {processor.py:176} INFO - Processing /home/airflow/.local/lib/python3.7/site-packages/airflow/example_dags/example_trigger_target_dag.py took 0.067 seconds
[2023-01-08T13:12:43.072+0000] {processor.py:154} INFO - Started process (PID=906) to work on /home/airflow/.local/lib/python3.7/site-packages/airflow/example_dags/example_trigger_target_dag.py
[2023-01-08T13:12:43.073+0000] {processor.py:756} INFO - Processing file /home/airflow/.local/lib/python3.7/site-packages/airflow/example_dags/example_trigger_target_dag.py for tasks to queue
[2023-01-08T13:12:43.073+0000] {logging_mixin.py:120} INFO - [2023-01-08T13:12:43.073+0000] {dagbag.py:537} INFO - Filling up the DagBag from /home/airflow/.local/lib/python3.7/site-packages/airflow/example_dags/example_trigger_target_dag.py
[2023-01-08T13:12:43.086+0000] {processor.py:766} INFO - DAG(s) dict_keys(['example_trigger_target_dag']) retrieved from /home/airflow/.local/lib/python3.7/site-packages/airflow/example_dags/example_trigger_target_dag.py
[2023-01-08T13:12:43.112+0000] {logging_mixin.py:120} INFO - [2023-01-08T13:12:43.112+0000] {dag.py:2585} INFO - Sync 1 DAGs
[2023-01-08T13:12:43.127+0000] {logging_mixin.py:120} INFO - [2023-01-08T13:12:43.127+0000] {dag.py:3340} INFO - Setting next_dagrun for example_trigger_target_dag to None, run_after=None
[2023-01-08T13:12:43.141+0000] {processor.py:176} INFO - Processing /home/airflow/.local/lib/python3.7/site-packages/airflow/example_dags/example_trigger_target_dag.py took 0.071 seconds
[2023-01-08T13:13:14.122+0000] {processor.py:154} INFO - Started process (PID=962) to work on /home/airflow/.local/lib/python3.7/site-packages/airflow/example_dags/example_trigger_target_dag.py
[2023-01-08T13:13:14.123+0000] {processor.py:756} INFO - Processing file /home/airflow/.local/lib/python3.7/site-packages/airflow/example_dags/example_trigger_target_dag.py for tasks to queue
[2023-01-08T13:13:14.124+0000] {logging_mixin.py:120} INFO - [2023-01-08T13:13:14.124+0000] {dagbag.py:537} INFO - Filling up the DagBag from /home/airflow/.local/lib/python3.7/site-packages/airflow/example_dags/example_trigger_target_dag.py
[2023-01-08T13:13:14.136+0000] {processor.py:766} INFO - DAG(s) dict_keys(['example_trigger_target_dag']) retrieved from /home/airflow/.local/lib/python3.7/site-packages/airflow/example_dags/example_trigger_target_dag.py
[2023-01-08T13:13:14.160+0000] {logging_mixin.py:120} INFO - [2023-01-08T13:13:14.160+0000] {dag.py:2585} INFO - Sync 1 DAGs
[2023-01-08T13:13:14.175+0000] {logging_mixin.py:120} INFO - [2023-01-08T13:13:14.175+0000] {dag.py:3340} INFO - Setting next_dagrun for example_trigger_target_dag to None, run_after=None
[2023-01-08T13:13:14.187+0000] {processor.py:176} INFO - Processing /home/airflow/.local/lib/python3.7/site-packages/airflow/example_dags/example_trigger_target_dag.py took 0.066 seconds
[2023-01-08T13:13:44.363+0000] {processor.py:154} INFO - Started process (PID=1027) to work on /home/airflow/.local/lib/python3.7/site-packages/airflow/example_dags/example_trigger_target_dag.py
[2023-01-08T13:13:44.363+0000] {processor.py:756} INFO - Processing file /home/airflow/.local/lib/python3.7/site-packages/airflow/example_dags/example_trigger_target_dag.py for tasks to queue
[2023-01-08T13:13:44.364+0000] {logging_mixin.py:120} INFO - [2023-01-08T13:13:44.364+0000] {dagbag.py:537} INFO - Filling up the DagBag from /home/airflow/.local/lib/python3.7/site-packages/airflow/example_dags/example_trigger_target_dag.py
[2023-01-08T13:13:44.377+0000] {processor.py:766} INFO - DAG(s) dict_keys(['example_trigger_target_dag']) retrieved from /home/airflow/.local/lib/python3.7/site-packages/airflow/example_dags/example_trigger_target_dag.py
[2023-01-08T13:13:44.401+0000] {logging_mixin.py:120} INFO - [2023-01-08T13:13:44.401+0000] {dag.py:2585} INFO - Sync 1 DAGs
[2023-01-08T13:13:44.417+0000] {logging_mixin.py:120} INFO - [2023-01-08T13:13:44.416+0000] {dag.py:3340} INFO - Setting next_dagrun for example_trigger_target_dag to None, run_after=None
[2023-01-08T13:13:44.430+0000] {processor.py:176} INFO - Processing /home/airflow/.local/lib/python3.7/site-packages/airflow/example_dags/example_trigger_target_dag.py took 0.069 seconds
[2023-01-08T13:14:14.793+0000] {processor.py:154} INFO - Started process (PID=1093) to work on /home/airflow/.local/lib/python3.7/site-packages/airflow/example_dags/example_trigger_target_dag.py
[2023-01-08T13:14:14.793+0000] {processor.py:756} INFO - Processing file /home/airflow/.local/lib/python3.7/site-packages/airflow/example_dags/example_trigger_target_dag.py for tasks to queue
[2023-01-08T13:14:14.794+0000] {logging_mixin.py:120} INFO - [2023-01-08T13:14:14.794+0000] {dagbag.py:537} INFO - Filling up the DagBag from /home/airflow/.local/lib/python3.7/site-packages/airflow/example_dags/example_trigger_target_dag.py
[2023-01-08T13:14:14.806+0000] {processor.py:766} INFO - DAG(s) dict_keys(['example_trigger_target_dag']) retrieved from /home/airflow/.local/lib/python3.7/site-packages/airflow/example_dags/example_trigger_target_dag.py
[2023-01-08T13:14:14.829+0000] {logging_mixin.py:120} INFO - [2023-01-08T13:14:14.829+0000] {dag.py:2585} INFO - Sync 1 DAGs
[2023-01-08T13:14:14.844+0000] {logging_mixin.py:120} INFO - [2023-01-08T13:14:14.844+0000] {dag.py:3340} INFO - Setting next_dagrun for example_trigger_target_dag to None, run_after=None
[2023-01-08T13:14:14.857+0000] {processor.py:176} INFO - Processing /home/airflow/.local/lib/python3.7/site-packages/airflow/example_dags/example_trigger_target_dag.py took 0.066 seconds
[2023-01-08T13:14:45.090+0000] {processor.py:154} INFO - Started process (PID=1157) to work on /home/airflow/.local/lib/python3.7/site-packages/airflow/example_dags/example_trigger_target_dag.py
[2023-01-08T13:14:45.090+0000] {processor.py:756} INFO - Processing file /home/airflow/.local/lib/python3.7/site-packages/airflow/example_dags/example_trigger_target_dag.py for tasks to queue
[2023-01-08T13:14:45.091+0000] {logging_mixin.py:120} INFO - [2023-01-08T13:14:45.091+0000] {dagbag.py:537} INFO - Filling up the DagBag from /home/airflow/.local/lib/python3.7/site-packages/airflow/example_dags/example_trigger_target_dag.py
[2023-01-08T13:14:45.103+0000] {processor.py:766} INFO - DAG(s) dict_keys(['example_trigger_target_dag']) retrieved from /home/airflow/.local/lib/python3.7/site-packages/airflow/example_dags/example_trigger_target_dag.py
[2023-01-08T13:14:45.127+0000] {logging_mixin.py:120} INFO - [2023-01-08T13:14:45.127+0000] {dag.py:2585} INFO - Sync 1 DAGs
[2023-01-08T13:14:45.143+0000] {logging_mixin.py:120} INFO - [2023-01-08T13:14:45.142+0000] {dag.py:3340} INFO - Setting next_dagrun for example_trigger_target_dag to None, run_after=None
[2023-01-08T13:14:45.154+0000] {processor.py:176} INFO - Processing /home/airflow/.local/lib/python3.7/site-packages/airflow/example_dags/example_trigger_target_dag.py took 0.066 seconds
[2023-01-08T13:15:15.655+0000] {processor.py:154} INFO - Started process (PID=1222) to work on /home/airflow/.local/lib/python3.7/site-packages/airflow/example_dags/example_trigger_target_dag.py
[2023-01-08T13:15:15.656+0000] {processor.py:756} INFO - Processing file /home/airflow/.local/lib/python3.7/site-packages/airflow/example_dags/example_trigger_target_dag.py for tasks to queue
[2023-01-08T13:15:15.657+0000] {logging_mixin.py:120} INFO - [2023-01-08T13:15:15.657+0000] {dagbag.py:537} INFO - Filling up the DagBag from /home/airflow/.local/lib/python3.7/site-packages/airflow/example_dags/example_trigger_target_dag.py
[2023-01-08T13:15:15.671+0000] {processor.py:766} INFO - DAG(s) dict_keys(['example_trigger_target_dag']) retrieved from /home/airflow/.local/lib/python3.7/site-packages/airflow/example_dags/example_trigger_target_dag.py
[2023-01-08T13:15:15.699+0000] {logging_mixin.py:120} INFO - [2023-01-08T13:15:15.699+0000] {dag.py:2585} INFO - Sync 1 DAGs
[2023-01-08T13:15:15.717+0000] {logging_mixin.py:120} INFO - [2023-01-08T13:15:15.717+0000] {dag.py:3340} INFO - Setting next_dagrun for example_trigger_target_dag to None, run_after=None
[2023-01-08T13:15:15.735+0000] {processor.py:176} INFO - Processing /home/airflow/.local/lib/python3.7/site-packages/airflow/example_dags/example_trigger_target_dag.py took 0.082 seconds
[2023-01-08T13:15:45.776+0000] {processor.py:154} INFO - Started process (PID=1278) to work on /home/airflow/.local/lib/python3.7/site-packages/airflow/example_dags/example_trigger_target_dag.py
[2023-01-08T13:15:45.777+0000] {processor.py:756} INFO - Processing file /home/airflow/.local/lib/python3.7/site-packages/airflow/example_dags/example_trigger_target_dag.py for tasks to queue
[2023-01-08T13:15:45.777+0000] {logging_mixin.py:120} INFO - [2023-01-08T13:15:45.777+0000] {dagbag.py:537} INFO - Filling up the DagBag from /home/airflow/.local/lib/python3.7/site-packages/airflow/example_dags/example_trigger_target_dag.py
[2023-01-08T13:15:45.789+0000] {processor.py:766} INFO - DAG(s) dict_keys(['example_trigger_target_dag']) retrieved from /home/airflow/.local/lib/python3.7/site-packages/airflow/example_dags/example_trigger_target_dag.py
[2023-01-08T13:15:45.813+0000] {logging_mixin.py:120} INFO - [2023-01-08T13:15:45.813+0000] {dag.py:2585} INFO - Sync 1 DAGs
[2023-01-08T13:15:45.830+0000] {logging_mixin.py:120} INFO - [2023-01-08T13:15:45.830+0000] {dag.py:3340} INFO - Setting next_dagrun for example_trigger_target_dag to None, run_after=None
[2023-01-08T13:15:45.843+0000] {processor.py:176} INFO - Processing /home/airflow/.local/lib/python3.7/site-packages/airflow/example_dags/example_trigger_target_dag.py took 0.068 seconds
[2023-01-08T13:16:15.957+0000] {processor.py:154} INFO - Started process (PID=1343) to work on /home/airflow/.local/lib/python3.7/site-packages/airflow/example_dags/example_trigger_target_dag.py
[2023-01-08T13:16:15.958+0000] {processor.py:756} INFO - Processing file /home/airflow/.local/lib/python3.7/site-packages/airflow/example_dags/example_trigger_target_dag.py for tasks to queue
[2023-01-08T13:16:15.959+0000] {logging_mixin.py:120} INFO - [2023-01-08T13:16:15.959+0000] {dagbag.py:537} INFO - Filling up the DagBag from /home/airflow/.local/lib/python3.7/site-packages/airflow/example_dags/example_trigger_target_dag.py
[2023-01-08T13:16:15.972+0000] {processor.py:766} INFO - DAG(s) dict_keys(['example_trigger_target_dag']) retrieved from /home/airflow/.local/lib/python3.7/site-packages/airflow/example_dags/example_trigger_target_dag.py
[2023-01-08T13:16:15.999+0000] {logging_mixin.py:120} INFO - [2023-01-08T13:16:15.999+0000] {dag.py:2585} INFO - Sync 1 DAGs
[2023-01-08T13:16:16.019+0000] {logging_mixin.py:120} INFO - [2023-01-08T13:16:16.019+0000] {dag.py:3340} INFO - Setting next_dagrun for example_trigger_target_dag to None, run_after=None
[2023-01-08T13:16:16.031+0000] {processor.py:176} INFO - Processing /home/airflow/.local/lib/python3.7/site-packages/airflow/example_dags/example_trigger_target_dag.py took 0.075 seconds
[2023-01-08T13:16:46.891+0000] {processor.py:154} INFO - Started process (PID=1408) to work on /home/airflow/.local/lib/python3.7/site-packages/airflow/example_dags/example_trigger_target_dag.py
[2023-01-08T13:16:46.891+0000] {processor.py:756} INFO - Processing file /home/airflow/.local/lib/python3.7/site-packages/airflow/example_dags/example_trigger_target_dag.py for tasks to queue
[2023-01-08T13:16:46.891+0000] {logging_mixin.py:120} INFO - [2023-01-08T13:16:46.891+0000] {dagbag.py:537} INFO - Filling up the DagBag from /home/airflow/.local/lib/python3.7/site-packages/airflow/example_dags/example_trigger_target_dag.py
[2023-01-08T13:16:46.904+0000] {processor.py:766} INFO - DAG(s) dict_keys(['example_trigger_target_dag']) retrieved from /home/airflow/.local/lib/python3.7/site-packages/airflow/example_dags/example_trigger_target_dag.py
[2023-01-08T13:16:46.928+0000] {logging_mixin.py:120} INFO - [2023-01-08T13:16:46.928+0000] {dag.py:2585} INFO - Sync 1 DAGs
[2023-01-08T13:16:46.944+0000] {logging_mixin.py:120} INFO - [2023-01-08T13:16:46.944+0000] {dag.py:3340} INFO - Setting next_dagrun for example_trigger_target_dag to None, run_after=None
[2023-01-08T13:16:46.955+0000] {processor.py:176} INFO - Processing /home/airflow/.local/lib/python3.7/site-packages/airflow/example_dags/example_trigger_target_dag.py took 0.066 seconds
