[2023-01-08T13:06:05.616+0000] {processor.py:154} INFO - Started process (PID=74) to work on /home/airflow/.local/lib/python3.7/site-packages/airflow/example_dags/example_branch_datetime_operator.py
[2023-01-08T13:06:05.617+0000] {processor.py:756} INFO - Processing file /home/airflow/.local/lib/python3.7/site-packages/airflow/example_dags/example_branch_datetime_operator.py for tasks to queue
[2023-01-08T13:06:05.618+0000] {logging_mixin.py:120} INFO - [2023-01-08T13:06:05.617+0000] {dagbag.py:537} INFO - Filling up the DagBag from /home/airflow/.local/lib/python3.7/site-packages/airflow/example_dags/example_branch_datetime_operator.py
[2023-01-08T13:06:05.645+0000] {processor.py:766} INFO - DAG(s) dict_keys(['example_branch_datetime_operator_3', 'example_branch_datetime_operator', 'example_branch_datetime_operator_2']) retrieved from /home/airflow/.local/lib/python3.7/site-packages/airflow/example_dags/example_branch_datetime_operator.py
[2023-01-08T13:06:05.718+0000] {logging_mixin.py:120} INFO - [2023-01-08T13:06:05.718+0000] {dag.py:2585} INFO - Sync 3 DAGs
[2023-01-08T13:06:05.764+0000] {logging_mixin.py:120} INFO - [2023-01-08T13:06:05.764+0000] {dag.py:3340} INFO - Setting next_dagrun for example_branch_datetime_operator to 2023-01-07T00:00:00+00:00, run_after=2023-01-08T00:00:00+00:00
[2023-01-08T13:06:05.773+0000] {logging_mixin.py:120} INFO - [2023-01-08T13:06:05.772+0000] {dag.py:3340} INFO - Setting next_dagrun for example_branch_datetime_operator_2 to 2023-01-07T00:00:00+00:00, run_after=2023-01-08T00:00:00+00:00
[2023-01-08T13:06:05.778+0000] {logging_mixin.py:120} INFO - [2023-01-08T13:06:05.777+0000] {dag.py:3340} INFO - Setting next_dagrun for example_branch_datetime_operator_3 to 2023-01-07T00:00:00+00:00, run_after=2023-01-08T00:00:00+00:00
[2023-01-08T13:06:05.807+0000] {processor.py:176} INFO - Processing /home/airflow/.local/lib/python3.7/site-packages/airflow/example_dags/example_branch_datetime_operator.py took 0.195 seconds
[2023-01-08T13:06:36.018+0000] {processor.py:154} INFO - Started process (PID=143) to work on /home/airflow/.local/lib/python3.7/site-packages/airflow/example_dags/example_branch_datetime_operator.py
[2023-01-08T13:06:36.019+0000] {processor.py:756} INFO - Processing file /home/airflow/.local/lib/python3.7/site-packages/airflow/example_dags/example_branch_datetime_operator.py for tasks to queue
[2023-01-08T13:06:36.020+0000] {logging_mixin.py:120} INFO - [2023-01-08T13:06:36.020+0000] {dagbag.py:537} INFO - Filling up the DagBag from /home/airflow/.local/lib/python3.7/site-packages/airflow/example_dags/example_branch_datetime_operator.py
[2023-01-08T13:06:36.032+0000] {processor.py:766} INFO - DAG(s) dict_keys(['example_branch_datetime_operator', 'example_branch_datetime_operator_3', 'example_branch_datetime_operator_2']) retrieved from /home/airflow/.local/lib/python3.7/site-packages/airflow/example_dags/example_branch_datetime_operator.py
[2023-01-08T13:06:36.060+0000] {logging_mixin.py:120} INFO - [2023-01-08T13:06:36.060+0000] {dag.py:2585} INFO - Sync 3 DAGs
[2023-01-08T13:06:36.078+0000] {logging_mixin.py:120} INFO - [2023-01-08T13:06:36.077+0000] {dag.py:3340} INFO - Setting next_dagrun for example_branch_datetime_operator to 2023-01-07T00:00:00+00:00, run_after=2023-01-08T00:00:00+00:00
[2023-01-08T13:06:36.081+0000] {logging_mixin.py:120} INFO - [2023-01-08T13:06:36.081+0000] {dag.py:3340} INFO - Setting next_dagrun for example_branch_datetime_operator_2 to 2023-01-07T00:00:00+00:00, run_after=2023-01-08T00:00:00+00:00
[2023-01-08T13:06:36.083+0000] {logging_mixin.py:120} INFO - [2023-01-08T13:06:36.083+0000] {dag.py:3340} INFO - Setting next_dagrun for example_branch_datetime_operator_3 to 2023-01-07T00:00:00+00:00, run_after=2023-01-08T00:00:00+00:00
[2023-01-08T13:06:36.094+0000] {processor.py:176} INFO - Processing /home/airflow/.local/lib/python3.7/site-packages/airflow/example_dags/example_branch_datetime_operator.py took 0.078 seconds
[2023-01-08T13:07:06.288+0000] {processor.py:154} INFO - Started process (PID=209) to work on /home/airflow/.local/lib/python3.7/site-packages/airflow/example_dags/example_branch_datetime_operator.py
[2023-01-08T13:07:06.288+0000] {processor.py:756} INFO - Processing file /home/airflow/.local/lib/python3.7/site-packages/airflow/example_dags/example_branch_datetime_operator.py for tasks to queue
[2023-01-08T13:07:06.289+0000] {logging_mixin.py:120} INFO - [2023-01-08T13:07:06.288+0000] {dagbag.py:537} INFO - Filling up the DagBag from /home/airflow/.local/lib/python3.7/site-packages/airflow/example_dags/example_branch_datetime_operator.py
[2023-01-08T13:07:06.304+0000] {processor.py:766} INFO - DAG(s) dict_keys(['example_branch_datetime_operator_3', 'example_branch_datetime_operator', 'example_branch_datetime_operator_2']) retrieved from /home/airflow/.local/lib/python3.7/site-packages/airflow/example_dags/example_branch_datetime_operator.py
[2023-01-08T13:07:06.342+0000] {logging_mixin.py:120} INFO - [2023-01-08T13:07:06.342+0000] {dag.py:2585} INFO - Sync 3 DAGs
[2023-01-08T13:07:06.366+0000] {logging_mixin.py:120} INFO - [2023-01-08T13:07:06.366+0000] {dag.py:3340} INFO - Setting next_dagrun for example_branch_datetime_operator to 2023-01-07T00:00:00+00:00, run_after=2023-01-08T00:00:00+00:00
[2023-01-08T13:07:06.371+0000] {logging_mixin.py:120} INFO - [2023-01-08T13:07:06.371+0000] {dag.py:3340} INFO - Setting next_dagrun for example_branch_datetime_operator_2 to 2023-01-07T00:00:00+00:00, run_after=2023-01-08T00:00:00+00:00
[2023-01-08T13:07:06.374+0000] {logging_mixin.py:120} INFO - [2023-01-08T13:07:06.374+0000] {dag.py:3340} INFO - Setting next_dagrun for example_branch_datetime_operator_3 to 2023-01-07T00:00:00+00:00, run_after=2023-01-08T00:00:00+00:00
[2023-01-08T13:07:06.389+0000] {processor.py:176} INFO - Processing /home/airflow/.local/lib/python3.7/site-packages/airflow/example_dags/example_branch_datetime_operator.py took 0.103 seconds
[2023-01-08T13:07:36.727+0000] {processor.py:154} INFO - Started process (PID=274) to work on /home/airflow/.local/lib/python3.7/site-packages/airflow/example_dags/example_branch_datetime_operator.py
[2023-01-08T13:07:36.728+0000] {processor.py:756} INFO - Processing file /home/airflow/.local/lib/python3.7/site-packages/airflow/example_dags/example_branch_datetime_operator.py for tasks to queue
[2023-01-08T13:07:36.728+0000] {logging_mixin.py:120} INFO - [2023-01-08T13:07:36.728+0000] {dagbag.py:537} INFO - Filling up the DagBag from /home/airflow/.local/lib/python3.7/site-packages/airflow/example_dags/example_branch_datetime_operator.py
[2023-01-08T13:07:36.739+0000] {processor.py:766} INFO - DAG(s) dict_keys(['example_branch_datetime_operator', 'example_branch_datetime_operator_2', 'example_branch_datetime_operator_3']) retrieved from /home/airflow/.local/lib/python3.7/site-packages/airflow/example_dags/example_branch_datetime_operator.py
[2023-01-08T13:07:36.768+0000] {logging_mixin.py:120} INFO - [2023-01-08T13:07:36.768+0000] {dag.py:2585} INFO - Sync 3 DAGs
[2023-01-08T13:07:36.785+0000] {logging_mixin.py:120} INFO - [2023-01-08T13:07:36.785+0000] {dag.py:3340} INFO - Setting next_dagrun for example_branch_datetime_operator to 2023-01-07T00:00:00+00:00, run_after=2023-01-08T00:00:00+00:00
[2023-01-08T13:07:36.788+0000] {logging_mixin.py:120} INFO - [2023-01-08T13:07:36.788+0000] {dag.py:3340} INFO - Setting next_dagrun for example_branch_datetime_operator_2 to 2023-01-07T00:00:00+00:00, run_after=2023-01-08T00:00:00+00:00
[2023-01-08T13:07:36.790+0000] {logging_mixin.py:120} INFO - [2023-01-08T13:07:36.790+0000] {dag.py:3340} INFO - Setting next_dagrun for example_branch_datetime_operator_3 to 2023-01-07T00:00:00+00:00, run_after=2023-01-08T00:00:00+00:00
[2023-01-08T13:07:36.801+0000] {processor.py:176} INFO - Processing /home/airflow/.local/lib/python3.7/site-packages/airflow/example_dags/example_branch_datetime_operator.py took 0.076 seconds
[2023-01-08T13:08:06.868+0000] {processor.py:154} INFO - Started process (PID=331) to work on /home/airflow/.local/lib/python3.7/site-packages/airflow/example_dags/example_branch_datetime_operator.py
[2023-01-08T13:08:06.869+0000] {processor.py:756} INFO - Processing file /home/airflow/.local/lib/python3.7/site-packages/airflow/example_dags/example_branch_datetime_operator.py for tasks to queue
[2023-01-08T13:08:06.869+0000] {logging_mixin.py:120} INFO - [2023-01-08T13:08:06.869+0000] {dagbag.py:537} INFO - Filling up the DagBag from /home/airflow/.local/lib/python3.7/site-packages/airflow/example_dags/example_branch_datetime_operator.py
[2023-01-08T13:08:06.881+0000] {processor.py:766} INFO - DAG(s) dict_keys(['example_branch_datetime_operator', 'example_branch_datetime_operator_2', 'example_branch_datetime_operator_3']) retrieved from /home/airflow/.local/lib/python3.7/site-packages/airflow/example_dags/example_branch_datetime_operator.py
[2023-01-08T13:08:06.910+0000] {logging_mixin.py:120} INFO - [2023-01-08T13:08:06.910+0000] {dag.py:2585} INFO - Sync 3 DAGs
[2023-01-08T13:08:06.928+0000] {logging_mixin.py:120} INFO - [2023-01-08T13:08:06.928+0000] {dag.py:3340} INFO - Setting next_dagrun for example_branch_datetime_operator to 2023-01-07T00:00:00+00:00, run_after=2023-01-08T00:00:00+00:00
[2023-01-08T13:08:06.932+0000] {logging_mixin.py:120} INFO - [2023-01-08T13:08:06.931+0000] {dag.py:3340} INFO - Setting next_dagrun for example_branch_datetime_operator_2 to 2023-01-07T00:00:00+00:00, run_after=2023-01-08T00:00:00+00:00
[2023-01-08T13:08:06.933+0000] {logging_mixin.py:120} INFO - [2023-01-08T13:08:06.933+0000] {dag.py:3340} INFO - Setting next_dagrun for example_branch_datetime_operator_3 to 2023-01-07T00:00:00+00:00, run_after=2023-01-08T00:00:00+00:00
[2023-01-08T13:08:06.944+0000] {processor.py:176} INFO - Processing /home/airflow/.local/lib/python3.7/site-packages/airflow/example_dags/example_branch_datetime_operator.py took 0.078 seconds
[2023-01-08T13:08:38.017+0000] {processor.py:154} INFO - Started process (PID=396) to work on /home/airflow/.local/lib/python3.7/site-packages/airflow/example_dags/example_branch_datetime_operator.py
[2023-01-08T13:08:38.017+0000] {processor.py:756} INFO - Processing file /home/airflow/.local/lib/python3.7/site-packages/airflow/example_dags/example_branch_datetime_operator.py for tasks to queue
[2023-01-08T13:08:38.017+0000] {logging_mixin.py:120} INFO - [2023-01-08T13:08:38.017+0000] {dagbag.py:537} INFO - Filling up the DagBag from /home/airflow/.local/lib/python3.7/site-packages/airflow/example_dags/example_branch_datetime_operator.py
[2023-01-08T13:08:38.028+0000] {processor.py:766} INFO - DAG(s) dict_keys(['example_branch_datetime_operator_3', 'example_branch_datetime_operator', 'example_branch_datetime_operator_2']) retrieved from /home/airflow/.local/lib/python3.7/site-packages/airflow/example_dags/example_branch_datetime_operator.py
[2023-01-08T13:08:38.055+0000] {logging_mixin.py:120} INFO - [2023-01-08T13:08:38.055+0000] {dag.py:2585} INFO - Sync 3 DAGs
[2023-01-08T13:08:38.072+0000] {logging_mixin.py:120} INFO - [2023-01-08T13:08:38.071+0000] {dag.py:3340} INFO - Setting next_dagrun for example_branch_datetime_operator to 2023-01-07T00:00:00+00:00, run_after=2023-01-08T00:00:00+00:00
[2023-01-08T13:08:38.074+0000] {logging_mixin.py:120} INFO - [2023-01-08T13:08:38.074+0000] {dag.py:3340} INFO - Setting next_dagrun for example_branch_datetime_operator_2 to 2023-01-07T00:00:00+00:00, run_after=2023-01-08T00:00:00+00:00
[2023-01-08T13:08:38.076+0000] {logging_mixin.py:120} INFO - [2023-01-08T13:08:38.076+0000] {dag.py:3340} INFO - Setting next_dagrun for example_branch_datetime_operator_3 to 2023-01-07T00:00:00+00:00, run_after=2023-01-08T00:00:00+00:00
[2023-01-08T13:08:38.088+0000] {processor.py:176} INFO - Processing /home/airflow/.local/lib/python3.7/site-packages/airflow/example_dags/example_branch_datetime_operator.py took 0.073 seconds
[2023-01-08T13:09:08.198+0000] {processor.py:154} INFO - Started process (PID=461) to work on /home/airflow/.local/lib/python3.7/site-packages/airflow/example_dags/example_branch_datetime_operator.py
[2023-01-08T13:09:08.198+0000] {processor.py:756} INFO - Processing file /home/airflow/.local/lib/python3.7/site-packages/airflow/example_dags/example_branch_datetime_operator.py for tasks to queue
[2023-01-08T13:09:08.199+0000] {logging_mixin.py:120} INFO - [2023-01-08T13:09:08.199+0000] {dagbag.py:537} INFO - Filling up the DagBag from /home/airflow/.local/lib/python3.7/site-packages/airflow/example_dags/example_branch_datetime_operator.py
[2023-01-08T13:09:08.209+0000] {processor.py:766} INFO - DAG(s) dict_keys(['example_branch_datetime_operator', 'example_branch_datetime_operator_3', 'example_branch_datetime_operator_2']) retrieved from /home/airflow/.local/lib/python3.7/site-packages/airflow/example_dags/example_branch_datetime_operator.py
[2023-01-08T13:09:08.239+0000] {logging_mixin.py:120} INFO - [2023-01-08T13:09:08.239+0000] {dag.py:2585} INFO - Sync 3 DAGs
[2023-01-08T13:09:08.256+0000] {logging_mixin.py:120} INFO - [2023-01-08T13:09:08.256+0000] {dag.py:3340} INFO - Setting next_dagrun for example_branch_datetime_operator to 2023-01-07T00:00:00+00:00, run_after=2023-01-08T00:00:00+00:00
[2023-01-08T13:09:08.259+0000] {logging_mixin.py:120} INFO - [2023-01-08T13:09:08.259+0000] {dag.py:3340} INFO - Setting next_dagrun for example_branch_datetime_operator_2 to 2023-01-07T00:00:00+00:00, run_after=2023-01-08T00:00:00+00:00
[2023-01-08T13:09:08.261+0000] {logging_mixin.py:120} INFO - [2023-01-08T13:09:08.261+0000] {dag.py:3340} INFO - Setting next_dagrun for example_branch_datetime_operator_3 to 2023-01-07T00:00:00+00:00, run_after=2023-01-08T00:00:00+00:00
[2023-01-08T13:09:08.273+0000] {processor.py:176} INFO - Processing /home/airflow/.local/lib/python3.7/site-packages/airflow/example_dags/example_branch_datetime_operator.py took 0.076 seconds
[2023-01-08T13:09:39.176+0000] {processor.py:154} INFO - Started process (PID=526) to work on /home/airflow/.local/lib/python3.7/site-packages/airflow/example_dags/example_branch_datetime_operator.py
[2023-01-08T13:09:39.177+0000] {processor.py:756} INFO - Processing file /home/airflow/.local/lib/python3.7/site-packages/airflow/example_dags/example_branch_datetime_operator.py for tasks to queue
[2023-01-08T13:09:39.178+0000] {logging_mixin.py:120} INFO - [2023-01-08T13:09:39.178+0000] {dagbag.py:537} INFO - Filling up the DagBag from /home/airflow/.local/lib/python3.7/site-packages/airflow/example_dags/example_branch_datetime_operator.py
[2023-01-08T13:09:39.188+0000] {processor.py:766} INFO - DAG(s) dict_keys(['example_branch_datetime_operator_2', 'example_branch_datetime_operator_3', 'example_branch_datetime_operator']) retrieved from /home/airflow/.local/lib/python3.7/site-packages/airflow/example_dags/example_branch_datetime_operator.py
[2023-01-08T13:09:39.217+0000] {logging_mixin.py:120} INFO - [2023-01-08T13:09:39.216+0000] {dag.py:2585} INFO - Sync 3 DAGs
[2023-01-08T13:09:39.233+0000] {logging_mixin.py:120} INFO - [2023-01-08T13:09:39.233+0000] {dag.py:3340} INFO - Setting next_dagrun for example_branch_datetime_operator to 2023-01-07T00:00:00+00:00, run_after=2023-01-08T00:00:00+00:00
[2023-01-08T13:09:39.236+0000] {logging_mixin.py:120} INFO - [2023-01-08T13:09:39.236+0000] {dag.py:3340} INFO - Setting next_dagrun for example_branch_datetime_operator_2 to 2023-01-07T00:00:00+00:00, run_after=2023-01-08T00:00:00+00:00
[2023-01-08T13:09:39.238+0000] {logging_mixin.py:120} INFO - [2023-01-08T13:09:39.238+0000] {dag.py:3340} INFO - Setting next_dagrun for example_branch_datetime_operator_3 to 2023-01-07T00:00:00+00:00, run_after=2023-01-08T00:00:00+00:00
[2023-01-08T13:09:39.249+0000] {processor.py:176} INFO - Processing /home/airflow/.local/lib/python3.7/site-packages/airflow/example_dags/example_branch_datetime_operator.py took 0.075 seconds
[2023-01-08T13:10:10.111+0000] {processor.py:154} INFO - Started process (PID=591) to work on /home/airflow/.local/lib/python3.7/site-packages/airflow/example_dags/example_branch_datetime_operator.py
[2023-01-08T13:10:10.112+0000] {processor.py:756} INFO - Processing file /home/airflow/.local/lib/python3.7/site-packages/airflow/example_dags/example_branch_datetime_operator.py for tasks to queue
[2023-01-08T13:10:10.112+0000] {logging_mixin.py:120} INFO - [2023-01-08T13:10:10.112+0000] {dagbag.py:537} INFO - Filling up the DagBag from /home/airflow/.local/lib/python3.7/site-packages/airflow/example_dags/example_branch_datetime_operator.py
[2023-01-08T13:10:10.124+0000] {processor.py:766} INFO - DAG(s) dict_keys(['example_branch_datetime_operator_3', 'example_branch_datetime_operator', 'example_branch_datetime_operator_2']) retrieved from /home/airflow/.local/lib/python3.7/site-packages/airflow/example_dags/example_branch_datetime_operator.py
[2023-01-08T13:10:10.153+0000] {logging_mixin.py:120} INFO - [2023-01-08T13:10:10.153+0000] {dag.py:2585} INFO - Sync 3 DAGs
[2023-01-08T13:10:10.170+0000] {logging_mixin.py:120} INFO - [2023-01-08T13:10:10.170+0000] {dag.py:3340} INFO - Setting next_dagrun for example_branch_datetime_operator to 2023-01-07T00:00:00+00:00, run_after=2023-01-08T00:00:00+00:00
[2023-01-08T13:10:10.173+0000] {logging_mixin.py:120} INFO - [2023-01-08T13:10:10.173+0000] {dag.py:3340} INFO - Setting next_dagrun for example_branch_datetime_operator_2 to 2023-01-07T00:00:00+00:00, run_after=2023-01-08T00:00:00+00:00
[2023-01-08T13:10:10.175+0000] {logging_mixin.py:120} INFO - [2023-01-08T13:10:10.174+0000] {dag.py:3340} INFO - Setting next_dagrun for example_branch_datetime_operator_3 to 2023-01-07T00:00:00+00:00, run_after=2023-01-08T00:00:00+00:00
[2023-01-08T13:10:10.186+0000] {processor.py:176} INFO - Processing /home/airflow/.local/lib/python3.7/site-packages/airflow/example_dags/example_branch_datetime_operator.py took 0.076 seconds
[2023-01-08T13:10:41.067+0000] {processor.py:154} INFO - Started process (PID=647) to work on /home/airflow/.local/lib/python3.7/site-packages/airflow/example_dags/example_branch_datetime_operator.py
[2023-01-08T13:10:41.068+0000] {processor.py:756} INFO - Processing file /home/airflow/.local/lib/python3.7/site-packages/airflow/example_dags/example_branch_datetime_operator.py for tasks to queue
[2023-01-08T13:10:41.069+0000] {logging_mixin.py:120} INFO - [2023-01-08T13:10:41.069+0000] {dagbag.py:537} INFO - Filling up the DagBag from /home/airflow/.local/lib/python3.7/site-packages/airflow/example_dags/example_branch_datetime_operator.py
[2023-01-08T13:10:41.079+0000] {processor.py:766} INFO - DAG(s) dict_keys(['example_branch_datetime_operator_3', 'example_branch_datetime_operator', 'example_branch_datetime_operator_2']) retrieved from /home/airflow/.local/lib/python3.7/site-packages/airflow/example_dags/example_branch_datetime_operator.py
[2023-01-08T13:10:41.151+0000] {logging_mixin.py:120} INFO - [2023-01-08T13:10:41.151+0000] {dag.py:2585} INFO - Sync 3 DAGs
[2023-01-08T13:10:41.171+0000] {logging_mixin.py:120} INFO - [2023-01-08T13:10:41.171+0000] {dag.py:3340} INFO - Setting next_dagrun for example_branch_datetime_operator to 2023-01-07T00:00:00+00:00, run_after=2023-01-08T00:00:00+00:00
[2023-01-08T13:10:41.174+0000] {logging_mixin.py:120} INFO - [2023-01-08T13:10:41.174+0000] {dag.py:3340} INFO - Setting next_dagrun for example_branch_datetime_operator_2 to 2023-01-07T00:00:00+00:00, run_after=2023-01-08T00:00:00+00:00
[2023-01-08T13:10:41.176+0000] {logging_mixin.py:120} INFO - [2023-01-08T13:10:41.176+0000] {dag.py:3340} INFO - Setting next_dagrun for example_branch_datetime_operator_3 to 2023-01-07T00:00:00+00:00, run_after=2023-01-08T00:00:00+00:00
[2023-01-08T13:10:41.188+0000] {processor.py:176} INFO - Processing /home/airflow/.local/lib/python3.7/site-packages/airflow/example_dags/example_branch_datetime_operator.py took 0.122 seconds
[2023-01-08T13:11:12.206+0000] {processor.py:154} INFO - Started process (PID=712) to work on /home/airflow/.local/lib/python3.7/site-packages/airflow/example_dags/example_branch_datetime_operator.py
[2023-01-08T13:11:12.206+0000] {processor.py:756} INFO - Processing file /home/airflow/.local/lib/python3.7/site-packages/airflow/example_dags/example_branch_datetime_operator.py for tasks to queue
[2023-01-08T13:11:12.206+0000] {logging_mixin.py:120} INFO - [2023-01-08T13:11:12.206+0000] {dagbag.py:537} INFO - Filling up the DagBag from /home/airflow/.local/lib/python3.7/site-packages/airflow/example_dags/example_branch_datetime_operator.py
[2023-01-08T13:11:12.217+0000] {processor.py:766} INFO - DAG(s) dict_keys(['example_branch_datetime_operator', 'example_branch_datetime_operator_3', 'example_branch_datetime_operator_2']) retrieved from /home/airflow/.local/lib/python3.7/site-packages/airflow/example_dags/example_branch_datetime_operator.py
[2023-01-08T13:11:12.246+0000] {logging_mixin.py:120} INFO - [2023-01-08T13:11:12.246+0000] {dag.py:2585} INFO - Sync 3 DAGs
[2023-01-08T13:11:12.271+0000] {logging_mixin.py:120} INFO - [2023-01-08T13:11:12.271+0000] {dag.py:3340} INFO - Setting next_dagrun for example_branch_datetime_operator to 2023-01-07T00:00:00+00:00, run_after=2023-01-08T00:00:00+00:00
[2023-01-08T13:11:12.275+0000] {logging_mixin.py:120} INFO - [2023-01-08T13:11:12.275+0000] {dag.py:3340} INFO - Setting next_dagrun for example_branch_datetime_operator_2 to 2023-01-07T00:00:00+00:00, run_after=2023-01-08T00:00:00+00:00
[2023-01-08T13:11:12.277+0000] {logging_mixin.py:120} INFO - [2023-01-08T13:11:12.277+0000] {dag.py:3340} INFO - Setting next_dagrun for example_branch_datetime_operator_3 to 2023-01-07T00:00:00+00:00, run_after=2023-01-08T00:00:00+00:00
[2023-01-08T13:11:12.293+0000] {processor.py:176} INFO - Processing /home/airflow/.local/lib/python3.7/site-packages/airflow/example_dags/example_branch_datetime_operator.py took 0.090 seconds
[2023-01-08T13:11:42.455+0000] {processor.py:154} INFO - Started process (PID=777) to work on /home/airflow/.local/lib/python3.7/site-packages/airflow/example_dags/example_branch_datetime_operator.py
[2023-01-08T13:11:42.457+0000] {processor.py:756} INFO - Processing file /home/airflow/.local/lib/python3.7/site-packages/airflow/example_dags/example_branch_datetime_operator.py for tasks to queue
[2023-01-08T13:11:42.457+0000] {logging_mixin.py:120} INFO - [2023-01-08T13:11:42.457+0000] {dagbag.py:537} INFO - Filling up the DagBag from /home/airflow/.local/lib/python3.7/site-packages/airflow/example_dags/example_branch_datetime_operator.py
[2023-01-08T13:11:42.470+0000] {processor.py:766} INFO - DAG(s) dict_keys(['example_branch_datetime_operator', 'example_branch_datetime_operator_3', 'example_branch_datetime_operator_2']) retrieved from /home/airflow/.local/lib/python3.7/site-packages/airflow/example_dags/example_branch_datetime_operator.py
[2023-01-08T13:11:42.502+0000] {logging_mixin.py:120} INFO - [2023-01-08T13:11:42.502+0000] {dag.py:2585} INFO - Sync 3 DAGs
[2023-01-08T13:11:42.520+0000] {logging_mixin.py:120} INFO - [2023-01-08T13:11:42.519+0000] {dag.py:3340} INFO - Setting next_dagrun for example_branch_datetime_operator to 2023-01-07T00:00:00+00:00, run_after=2023-01-08T00:00:00+00:00
[2023-01-08T13:11:42.523+0000] {logging_mixin.py:120} INFO - [2023-01-08T13:11:42.523+0000] {dag.py:3340} INFO - Setting next_dagrun for example_branch_datetime_operator_2 to 2023-01-07T00:00:00+00:00, run_after=2023-01-08T00:00:00+00:00
[2023-01-08T13:11:42.525+0000] {logging_mixin.py:120} INFO - [2023-01-08T13:11:42.525+0000] {dag.py:3340} INFO - Setting next_dagrun for example_branch_datetime_operator_3 to 2023-01-07T00:00:00+00:00, run_after=2023-01-08T00:00:00+00:00
[2023-01-08T13:11:42.536+0000] {processor.py:176} INFO - Processing /home/airflow/.local/lib/python3.7/site-packages/airflow/example_dags/example_branch_datetime_operator.py took 0.082 seconds
[2023-01-08T13:12:12.698+0000] {processor.py:154} INFO - Started process (PID=842) to work on /home/airflow/.local/lib/python3.7/site-packages/airflow/example_dags/example_branch_datetime_operator.py
[2023-01-08T13:12:12.700+0000] {processor.py:756} INFO - Processing file /home/airflow/.local/lib/python3.7/site-packages/airflow/example_dags/example_branch_datetime_operator.py for tasks to queue
[2023-01-08T13:12:12.701+0000] {logging_mixin.py:120} INFO - [2023-01-08T13:12:12.701+0000] {dagbag.py:537} INFO - Filling up the DagBag from /home/airflow/.local/lib/python3.7/site-packages/airflow/example_dags/example_branch_datetime_operator.py
[2023-01-08T13:12:12.713+0000] {processor.py:766} INFO - DAG(s) dict_keys(['example_branch_datetime_operator_3', 'example_branch_datetime_operator', 'example_branch_datetime_operator_2']) retrieved from /home/airflow/.local/lib/python3.7/site-packages/airflow/example_dags/example_branch_datetime_operator.py
[2023-01-08T13:12:12.745+0000] {logging_mixin.py:120} INFO - [2023-01-08T13:12:12.745+0000] {dag.py:2585} INFO - Sync 3 DAGs
[2023-01-08T13:12:12.766+0000] {logging_mixin.py:120} INFO - [2023-01-08T13:12:12.765+0000] {dag.py:3340} INFO - Setting next_dagrun for example_branch_datetime_operator to 2023-01-07T00:00:00+00:00, run_after=2023-01-08T00:00:00+00:00
[2023-01-08T13:12:12.770+0000] {logging_mixin.py:120} INFO - [2023-01-08T13:12:12.770+0000] {dag.py:3340} INFO - Setting next_dagrun for example_branch_datetime_operator_2 to 2023-01-07T00:00:00+00:00, run_after=2023-01-08T00:00:00+00:00
[2023-01-08T13:12:12.772+0000] {logging_mixin.py:120} INFO - [2023-01-08T13:12:12.771+0000] {dag.py:3340} INFO - Setting next_dagrun for example_branch_datetime_operator_3 to 2023-01-07T00:00:00+00:00, run_after=2023-01-08T00:00:00+00:00
[2023-01-08T13:12:12.784+0000] {processor.py:176} INFO - Processing /home/airflow/.local/lib/python3.7/site-packages/airflow/example_dags/example_branch_datetime_operator.py took 0.088 seconds
[2023-01-08T13:12:43.074+0000] {processor.py:154} INFO - Started process (PID=907) to work on /home/airflow/.local/lib/python3.7/site-packages/airflow/example_dags/example_branch_datetime_operator.py
[2023-01-08T13:12:43.075+0000] {processor.py:756} INFO - Processing file /home/airflow/.local/lib/python3.7/site-packages/airflow/example_dags/example_branch_datetime_operator.py for tasks to queue
[2023-01-08T13:12:43.075+0000] {logging_mixin.py:120} INFO - [2023-01-08T13:12:43.075+0000] {dagbag.py:537} INFO - Filling up the DagBag from /home/airflow/.local/lib/python3.7/site-packages/airflow/example_dags/example_branch_datetime_operator.py
[2023-01-08T13:12:43.086+0000] {processor.py:766} INFO - DAG(s) dict_keys(['example_branch_datetime_operator_3', 'example_branch_datetime_operator_2', 'example_branch_datetime_operator']) retrieved from /home/airflow/.local/lib/python3.7/site-packages/airflow/example_dags/example_branch_datetime_operator.py
[2023-01-08T13:12:43.116+0000] {logging_mixin.py:120} INFO - [2023-01-08T13:12:43.116+0000] {dag.py:2585} INFO - Sync 3 DAGs
[2023-01-08T13:12:43.133+0000] {logging_mixin.py:120} INFO - [2023-01-08T13:12:43.133+0000] {dag.py:3340} INFO - Setting next_dagrun for example_branch_datetime_operator to 2023-01-07T00:00:00+00:00, run_after=2023-01-08T00:00:00+00:00
[2023-01-08T13:12:43.136+0000] {logging_mixin.py:120} INFO - [2023-01-08T13:12:43.136+0000] {dag.py:3340} INFO - Setting next_dagrun for example_branch_datetime_operator_2 to 2023-01-07T00:00:00+00:00, run_after=2023-01-08T00:00:00+00:00
[2023-01-08T13:12:43.138+0000] {logging_mixin.py:120} INFO - [2023-01-08T13:12:43.138+0000] {dag.py:3340} INFO - Setting next_dagrun for example_branch_datetime_operator_3 to 2023-01-07T00:00:00+00:00, run_after=2023-01-08T00:00:00+00:00
[2023-01-08T13:12:43.149+0000] {processor.py:176} INFO - Processing /home/airflow/.local/lib/python3.7/site-packages/airflow/example_dags/example_branch_datetime_operator.py took 0.076 seconds
[2023-01-08T13:13:14.125+0000] {processor.py:154} INFO - Started process (PID=963) to work on /home/airflow/.local/lib/python3.7/site-packages/airflow/example_dags/example_branch_datetime_operator.py
[2023-01-08T13:13:14.125+0000] {processor.py:756} INFO - Processing file /home/airflow/.local/lib/python3.7/site-packages/airflow/example_dags/example_branch_datetime_operator.py for tasks to queue
[2023-01-08T13:13:14.126+0000] {logging_mixin.py:120} INFO - [2023-01-08T13:13:14.126+0000] {dagbag.py:537} INFO - Filling up the DagBag from /home/airflow/.local/lib/python3.7/site-packages/airflow/example_dags/example_branch_datetime_operator.py
[2023-01-08T13:13:14.137+0000] {processor.py:766} INFO - DAG(s) dict_keys(['example_branch_datetime_operator', 'example_branch_datetime_operator_2', 'example_branch_datetime_operator_3']) retrieved from /home/airflow/.local/lib/python3.7/site-packages/airflow/example_dags/example_branch_datetime_operator.py
[2023-01-08T13:13:14.164+0000] {logging_mixin.py:120} INFO - [2023-01-08T13:13:14.164+0000] {dag.py:2585} INFO - Sync 3 DAGs
[2023-01-08T13:13:14.180+0000] {logging_mixin.py:120} INFO - [2023-01-08T13:13:14.180+0000] {dag.py:3340} INFO - Setting next_dagrun for example_branch_datetime_operator to 2023-01-07T00:00:00+00:00, run_after=2023-01-08T00:00:00+00:00
[2023-01-08T13:13:14.183+0000] {logging_mixin.py:120} INFO - [2023-01-08T13:13:14.183+0000] {dag.py:3340} INFO - Setting next_dagrun for example_branch_datetime_operator_2 to 2023-01-07T00:00:00+00:00, run_after=2023-01-08T00:00:00+00:00
[2023-01-08T13:13:14.185+0000] {logging_mixin.py:120} INFO - [2023-01-08T13:13:14.185+0000] {dag.py:3340} INFO - Setting next_dagrun for example_branch_datetime_operator_3 to 2023-01-07T00:00:00+00:00, run_after=2023-01-08T00:00:00+00:00
[2023-01-08T13:13:14.195+0000] {processor.py:176} INFO - Processing /home/airflow/.local/lib/python3.7/site-packages/airflow/example_dags/example_branch_datetime_operator.py took 0.072 seconds
[2023-01-08T13:13:44.380+0000] {processor.py:154} INFO - Started process (PID=1028) to work on /home/airflow/.local/lib/python3.7/site-packages/airflow/example_dags/example_branch_datetime_operator.py
[2023-01-08T13:13:44.381+0000] {processor.py:756} INFO - Processing file /home/airflow/.local/lib/python3.7/site-packages/airflow/example_dags/example_branch_datetime_operator.py for tasks to queue
[2023-01-08T13:13:44.381+0000] {logging_mixin.py:120} INFO - [2023-01-08T13:13:44.381+0000] {dagbag.py:537} INFO - Filling up the DagBag from /home/airflow/.local/lib/python3.7/site-packages/airflow/example_dags/example_branch_datetime_operator.py
[2023-01-08T13:13:44.394+0000] {processor.py:766} INFO - DAG(s) dict_keys(['example_branch_datetime_operator_2', 'example_branch_datetime_operator_3', 'example_branch_datetime_operator']) retrieved from /home/airflow/.local/lib/python3.7/site-packages/airflow/example_dags/example_branch_datetime_operator.py
[2023-01-08T13:13:44.427+0000] {logging_mixin.py:120} INFO - [2023-01-08T13:13:44.427+0000] {dag.py:2585} INFO - Sync 3 DAGs
[2023-01-08T13:13:44.447+0000] {logging_mixin.py:120} INFO - [2023-01-08T13:13:44.447+0000] {dag.py:3340} INFO - Setting next_dagrun for example_branch_datetime_operator to 2023-01-07T00:00:00+00:00, run_after=2023-01-08T00:00:00+00:00
[2023-01-08T13:13:44.450+0000] {logging_mixin.py:120} INFO - [2023-01-08T13:13:44.450+0000] {dag.py:3340} INFO - Setting next_dagrun for example_branch_datetime_operator_2 to 2023-01-07T00:00:00+00:00, run_after=2023-01-08T00:00:00+00:00
[2023-01-08T13:13:44.452+0000] {logging_mixin.py:120} INFO - [2023-01-08T13:13:44.452+0000] {dag.py:3340} INFO - Setting next_dagrun for example_branch_datetime_operator_3 to 2023-01-07T00:00:00+00:00, run_after=2023-01-08T00:00:00+00:00
[2023-01-08T13:13:44.465+0000] {processor.py:176} INFO - Processing /home/airflow/.local/lib/python3.7/site-packages/airflow/example_dags/example_branch_datetime_operator.py took 0.088 seconds
[2023-01-08T13:14:14.868+0000] {processor.py:154} INFO - Started process (PID=1094) to work on /home/airflow/.local/lib/python3.7/site-packages/airflow/example_dags/example_branch_datetime_operator.py
[2023-01-08T13:14:14.869+0000] {processor.py:756} INFO - Processing file /home/airflow/.local/lib/python3.7/site-packages/airflow/example_dags/example_branch_datetime_operator.py for tasks to queue
[2023-01-08T13:14:14.869+0000] {logging_mixin.py:120} INFO - [2023-01-08T13:14:14.869+0000] {dagbag.py:537} INFO - Filling up the DagBag from /home/airflow/.local/lib/python3.7/site-packages/airflow/example_dags/example_branch_datetime_operator.py
[2023-01-08T13:14:14.880+0000] {processor.py:766} INFO - DAG(s) dict_keys(['example_branch_datetime_operator_3', 'example_branch_datetime_operator_2', 'example_branch_datetime_operator']) retrieved from /home/airflow/.local/lib/python3.7/site-packages/airflow/example_dags/example_branch_datetime_operator.py
[2023-01-08T13:14:14.908+0000] {logging_mixin.py:120} INFO - [2023-01-08T13:14:14.908+0000] {dag.py:2585} INFO - Sync 3 DAGs
[2023-01-08T13:14:14.932+0000] {logging_mixin.py:120} INFO - [2023-01-08T13:14:14.932+0000] {dag.py:3340} INFO - Setting next_dagrun for example_branch_datetime_operator to 2023-01-07T00:00:00+00:00, run_after=2023-01-08T00:00:00+00:00
[2023-01-08T13:14:14.935+0000] {logging_mixin.py:120} INFO - [2023-01-08T13:14:14.935+0000] {dag.py:3340} INFO - Setting next_dagrun for example_branch_datetime_operator_2 to 2023-01-07T00:00:00+00:00, run_after=2023-01-08T00:00:00+00:00
[2023-01-08T13:14:14.937+0000] {logging_mixin.py:120} INFO - [2023-01-08T13:14:14.937+0000] {dag.py:3340} INFO - Setting next_dagrun for example_branch_datetime_operator_3 to 2023-01-07T00:00:00+00:00, run_after=2023-01-08T00:00:00+00:00
[2023-01-08T13:14:14.950+0000] {processor.py:176} INFO - Processing /home/airflow/.local/lib/python3.7/site-packages/airflow/example_dags/example_branch_datetime_operator.py took 0.083 seconds
[2023-01-08T13:14:45.092+0000] {processor.py:154} INFO - Started process (PID=1158) to work on /home/airflow/.local/lib/python3.7/site-packages/airflow/example_dags/example_branch_datetime_operator.py
[2023-01-08T13:14:45.092+0000] {processor.py:756} INFO - Processing file /home/airflow/.local/lib/python3.7/site-packages/airflow/example_dags/example_branch_datetime_operator.py for tasks to queue
[2023-01-08T13:14:45.093+0000] {logging_mixin.py:120} INFO - [2023-01-08T13:14:45.093+0000] {dagbag.py:537} INFO - Filling up the DagBag from /home/airflow/.local/lib/python3.7/site-packages/airflow/example_dags/example_branch_datetime_operator.py
[2023-01-08T13:14:45.104+0000] {processor.py:766} INFO - DAG(s) dict_keys(['example_branch_datetime_operator', 'example_branch_datetime_operator_3', 'example_branch_datetime_operator_2']) retrieved from /home/airflow/.local/lib/python3.7/site-packages/airflow/example_dags/example_branch_datetime_operator.py
[2023-01-08T13:14:45.131+0000] {logging_mixin.py:120} INFO - [2023-01-08T13:14:45.131+0000] {dag.py:2585} INFO - Sync 3 DAGs
[2023-01-08T13:14:45.150+0000] {logging_mixin.py:120} INFO - [2023-01-08T13:14:45.150+0000] {dag.py:3340} INFO - Setting next_dagrun for example_branch_datetime_operator to 2023-01-07T00:00:00+00:00, run_after=2023-01-08T00:00:00+00:00
[2023-01-08T13:14:45.153+0000] {logging_mixin.py:120} INFO - [2023-01-08T13:14:45.153+0000] {dag.py:3340} INFO - Setting next_dagrun for example_branch_datetime_operator_2 to 2023-01-07T00:00:00+00:00, run_after=2023-01-08T00:00:00+00:00
[2023-01-08T13:14:45.155+0000] {logging_mixin.py:120} INFO - [2023-01-08T13:14:45.155+0000] {dag.py:3340} INFO - Setting next_dagrun for example_branch_datetime_operator_3 to 2023-01-07T00:00:00+00:00, run_after=2023-01-08T00:00:00+00:00
[2023-01-08T13:14:45.168+0000] {processor.py:176} INFO - Processing /home/airflow/.local/lib/python3.7/site-packages/airflow/example_dags/example_branch_datetime_operator.py took 0.077 seconds
[2023-01-08T13:15:15.659+0000] {processor.py:154} INFO - Started process (PID=1223) to work on /home/airflow/.local/lib/python3.7/site-packages/airflow/example_dags/example_branch_datetime_operator.py
[2023-01-08T13:15:15.660+0000] {processor.py:756} INFO - Processing file /home/airflow/.local/lib/python3.7/site-packages/airflow/example_dags/example_branch_datetime_operator.py for tasks to queue
[2023-01-08T13:15:15.660+0000] {logging_mixin.py:120} INFO - [2023-01-08T13:15:15.660+0000] {dagbag.py:537} INFO - Filling up the DagBag from /home/airflow/.local/lib/python3.7/site-packages/airflow/example_dags/example_branch_datetime_operator.py
[2023-01-08T13:15:15.676+0000] {processor.py:766} INFO - DAG(s) dict_keys(['example_branch_datetime_operator', 'example_branch_datetime_operator_3', 'example_branch_datetime_operator_2']) retrieved from /home/airflow/.local/lib/python3.7/site-packages/airflow/example_dags/example_branch_datetime_operator.py
[2023-01-08T13:15:15.717+0000] {logging_mixin.py:120} INFO - [2023-01-08T13:15:15.717+0000] {dag.py:2585} INFO - Sync 3 DAGs
[2023-01-08T13:15:15.741+0000] {logging_mixin.py:120} INFO - [2023-01-08T13:15:15.741+0000] {dag.py:3340} INFO - Setting next_dagrun for example_branch_datetime_operator to 2023-01-07T00:00:00+00:00, run_after=2023-01-08T00:00:00+00:00
[2023-01-08T13:15:15.746+0000] {logging_mixin.py:120} INFO - [2023-01-08T13:15:15.745+0000] {dag.py:3340} INFO - Setting next_dagrun for example_branch_datetime_operator_2 to 2023-01-07T00:00:00+00:00, run_after=2023-01-08T00:00:00+00:00
[2023-01-08T13:15:15.747+0000] {logging_mixin.py:120} INFO - [2023-01-08T13:15:15.747+0000] {dag.py:3340} INFO - Setting next_dagrun for example_branch_datetime_operator_3 to 2023-01-07T00:00:00+00:00, run_after=2023-01-08T00:00:00+00:00
[2023-01-08T13:15:15.761+0000] {processor.py:176} INFO - Processing /home/airflow/.local/lib/python3.7/site-packages/airflow/example_dags/example_branch_datetime_operator.py took 0.104 seconds
[2023-01-08T13:15:45.779+0000] {processor.py:154} INFO - Started process (PID=1279) to work on /home/airflow/.local/lib/python3.7/site-packages/airflow/example_dags/example_branch_datetime_operator.py
[2023-01-08T13:15:45.779+0000] {processor.py:756} INFO - Processing file /home/airflow/.local/lib/python3.7/site-packages/airflow/example_dags/example_branch_datetime_operator.py for tasks to queue
[2023-01-08T13:15:45.780+0000] {logging_mixin.py:120} INFO - [2023-01-08T13:15:45.780+0000] {dagbag.py:537} INFO - Filling up the DagBag from /home/airflow/.local/lib/python3.7/site-packages/airflow/example_dags/example_branch_datetime_operator.py
[2023-01-08T13:15:45.791+0000] {processor.py:766} INFO - DAG(s) dict_keys(['example_branch_datetime_operator', 'example_branch_datetime_operator_2', 'example_branch_datetime_operator_3']) retrieved from /home/airflow/.local/lib/python3.7/site-packages/airflow/example_dags/example_branch_datetime_operator.py
[2023-01-08T13:15:45.818+0000] {logging_mixin.py:120} INFO - [2023-01-08T13:15:45.818+0000] {dag.py:2585} INFO - Sync 3 DAGs
[2023-01-08T13:15:45.834+0000] {logging_mixin.py:120} INFO - [2023-01-08T13:15:45.834+0000] {dag.py:3340} INFO - Setting next_dagrun for example_branch_datetime_operator to 2023-01-07T00:00:00+00:00, run_after=2023-01-08T00:00:00+00:00
[2023-01-08T13:15:45.837+0000] {logging_mixin.py:120} INFO - [2023-01-08T13:15:45.837+0000] {dag.py:3340} INFO - Setting next_dagrun for example_branch_datetime_operator_2 to 2023-01-07T00:00:00+00:00, run_after=2023-01-08T00:00:00+00:00
[2023-01-08T13:15:45.839+0000] {logging_mixin.py:120} INFO - [2023-01-08T13:15:45.839+0000] {dag.py:3340} INFO - Setting next_dagrun for example_branch_datetime_operator_3 to 2023-01-07T00:00:00+00:00, run_after=2023-01-08T00:00:00+00:00
[2023-01-08T13:15:45.850+0000] {processor.py:176} INFO - Processing /home/airflow/.local/lib/python3.7/site-packages/airflow/example_dags/example_branch_datetime_operator.py took 0.073 seconds
[2023-01-08T13:16:15.960+0000] {processor.py:154} INFO - Started process (PID=1344) to work on /home/airflow/.local/lib/python3.7/site-packages/airflow/example_dags/example_branch_datetime_operator.py
[2023-01-08T13:16:15.961+0000] {processor.py:756} INFO - Processing file /home/airflow/.local/lib/python3.7/site-packages/airflow/example_dags/example_branch_datetime_operator.py for tasks to queue
[2023-01-08T13:16:15.961+0000] {logging_mixin.py:120} INFO - [2023-01-08T13:16:15.961+0000] {dagbag.py:537} INFO - Filling up the DagBag from /home/airflow/.local/lib/python3.7/site-packages/airflow/example_dags/example_branch_datetime_operator.py
[2023-01-08T13:16:15.972+0000] {processor.py:766} INFO - DAG(s) dict_keys(['example_branch_datetime_operator_2', 'example_branch_datetime_operator', 'example_branch_datetime_operator_3']) retrieved from /home/airflow/.local/lib/python3.7/site-packages/airflow/example_dags/example_branch_datetime_operator.py
[2023-01-08T13:16:16.005+0000] {logging_mixin.py:120} INFO - [2023-01-08T13:16:16.005+0000] {dag.py:2585} INFO - Sync 3 DAGs
[2023-01-08T13:16:16.025+0000] {logging_mixin.py:120} INFO - [2023-01-08T13:16:16.025+0000] {dag.py:3340} INFO - Setting next_dagrun for example_branch_datetime_operator to 2023-01-07T00:00:00+00:00, run_after=2023-01-08T00:00:00+00:00
[2023-01-08T13:16:16.028+0000] {logging_mixin.py:120} INFO - [2023-01-08T13:16:16.028+0000] {dag.py:3340} INFO - Setting next_dagrun for example_branch_datetime_operator_2 to 2023-01-07T00:00:00+00:00, run_after=2023-01-08T00:00:00+00:00
[2023-01-08T13:16:16.030+0000] {logging_mixin.py:120} INFO - [2023-01-08T13:16:16.030+0000] {dag.py:3340} INFO - Setting next_dagrun for example_branch_datetime_operator_3 to 2023-01-07T00:00:00+00:00, run_after=2023-01-08T00:00:00+00:00
[2023-01-08T13:16:16.041+0000] {processor.py:176} INFO - Processing /home/airflow/.local/lib/python3.7/site-packages/airflow/example_dags/example_branch_datetime_operator.py took 0.083 seconds
[2023-01-08T13:16:46.893+0000] {processor.py:154} INFO - Started process (PID=1409) to work on /home/airflow/.local/lib/python3.7/site-packages/airflow/example_dags/example_branch_datetime_operator.py
[2023-01-08T13:16:46.894+0000] {processor.py:756} INFO - Processing file /home/airflow/.local/lib/python3.7/site-packages/airflow/example_dags/example_branch_datetime_operator.py for tasks to queue
[2023-01-08T13:16:46.894+0000] {logging_mixin.py:120} INFO - [2023-01-08T13:16:46.894+0000] {dagbag.py:537} INFO - Filling up the DagBag from /home/airflow/.local/lib/python3.7/site-packages/airflow/example_dags/example_branch_datetime_operator.py
[2023-01-08T13:16:46.904+0000] {processor.py:766} INFO - DAG(s) dict_keys(['example_branch_datetime_operator_3', 'example_branch_datetime_operator', 'example_branch_datetime_operator_2']) retrieved from /home/airflow/.local/lib/python3.7/site-packages/airflow/example_dags/example_branch_datetime_operator.py
[2023-01-08T13:16:46.933+0000] {logging_mixin.py:120} INFO - [2023-01-08T13:16:46.933+0000] {dag.py:2585} INFO - Sync 3 DAGs
[2023-01-08T13:16:46.949+0000] {logging_mixin.py:120} INFO - [2023-01-08T13:16:46.949+0000] {dag.py:3340} INFO - Setting next_dagrun for example_branch_datetime_operator to 2023-01-07T00:00:00+00:00, run_after=2023-01-08T00:00:00+00:00
[2023-01-08T13:16:46.953+0000] {logging_mixin.py:120} INFO - [2023-01-08T13:16:46.952+0000] {dag.py:3340} INFO - Setting next_dagrun for example_branch_datetime_operator_2 to 2023-01-07T00:00:00+00:00, run_after=2023-01-08T00:00:00+00:00
[2023-01-08T13:16:46.954+0000] {logging_mixin.py:120} INFO - [2023-01-08T13:16:46.954+0000] {dag.py:3340} INFO - Setting next_dagrun for example_branch_datetime_operator_3 to 2023-01-07T00:00:00+00:00, run_after=2023-01-08T00:00:00+00:00
[2023-01-08T13:16:46.966+0000] {processor.py:176} INFO - Processing /home/airflow/.local/lib/python3.7/site-packages/airflow/example_dags/example_branch_datetime_operator.py took 0.075 seconds
