[2023-01-08T13:06:03.275+0000] {processor.py:154} INFO - Started process (PID=51) to work on /home/airflow/.local/lib/python3.7/site-packages/airflow/example_dags/example_kubernetes_executor.py
[2023-01-08T13:06:03.276+0000] {processor.py:756} INFO - Processing file /home/airflow/.local/lib/python3.7/site-packages/airflow/example_dags/example_kubernetes_executor.py for tasks to queue
[2023-01-08T13:06:03.276+0000] {logging_mixin.py:120} INFO - [2023-01-08T13:06:03.276+0000] {dagbag.py:537} INFO - Filling up the DagBag from /home/airflow/.local/lib/python3.7/site-packages/airflow/example_dags/example_kubernetes_executor.py
[2023-01-08T13:06:03.320+0000] {processor.py:766} INFO - DAG(s) dict_keys(['example_kubernetes_executor']) retrieved from /home/airflow/.local/lib/python3.7/site-packages/airflow/example_dags/example_kubernetes_executor.py
[2023-01-08T13:06:03.361+0000] {logging_mixin.py:120} INFO - [2023-01-08T13:06:03.361+0000] {dag.py:2585} INFO - Sync 1 DAGs
[2023-01-08T13:06:03.393+0000] {logging_mixin.py:120} INFO - [2023-01-08T13:06:03.392+0000] {dag.py:3340} INFO - Setting next_dagrun for example_kubernetes_executor to None, run_after=None
[2023-01-08T13:06:03.419+0000] {processor.py:176} INFO - Processing /home/airflow/.local/lib/python3.7/site-packages/airflow/example_dags/example_kubernetes_executor.py took 0.148 seconds
[2023-01-08T13:06:33.580+0000] {processor.py:154} INFO - Started process (PID=119) to work on /home/airflow/.local/lib/python3.7/site-packages/airflow/example_dags/example_kubernetes_executor.py
[2023-01-08T13:06:33.581+0000] {processor.py:756} INFO - Processing file /home/airflow/.local/lib/python3.7/site-packages/airflow/example_dags/example_kubernetes_executor.py for tasks to queue
[2023-01-08T13:06:33.581+0000] {logging_mixin.py:120} INFO - [2023-01-08T13:06:33.581+0000] {dagbag.py:537} INFO - Filling up the DagBag from /home/airflow/.local/lib/python3.7/site-packages/airflow/example_dags/example_kubernetes_executor.py
[2023-01-08T13:06:33.598+0000] {processor.py:766} INFO - DAG(s) dict_keys(['example_kubernetes_executor']) retrieved from /home/airflow/.local/lib/python3.7/site-packages/airflow/example_dags/example_kubernetes_executor.py
[2023-01-08T13:06:33.623+0000] {logging_mixin.py:120} INFO - [2023-01-08T13:06:33.623+0000] {dag.py:2585} INFO - Sync 1 DAGs
[2023-01-08T13:06:33.639+0000] {logging_mixin.py:120} INFO - [2023-01-08T13:06:33.639+0000] {dag.py:3340} INFO - Setting next_dagrun for example_kubernetes_executor to None, run_after=None
[2023-01-08T13:06:33.652+0000] {processor.py:176} INFO - Processing /home/airflow/.local/lib/python3.7/site-packages/airflow/example_dags/example_kubernetes_executor.py took 0.073 seconds
[2023-01-08T13:07:03.774+0000] {processor.py:154} INFO - Started process (PID=184) to work on /home/airflow/.local/lib/python3.7/site-packages/airflow/example_dags/example_kubernetes_executor.py
[2023-01-08T13:07:03.775+0000] {processor.py:756} INFO - Processing file /home/airflow/.local/lib/python3.7/site-packages/airflow/example_dags/example_kubernetes_executor.py for tasks to queue
[2023-01-08T13:07:03.775+0000] {logging_mixin.py:120} INFO - [2023-01-08T13:07:03.775+0000] {dagbag.py:537} INFO - Filling up the DagBag from /home/airflow/.local/lib/python3.7/site-packages/airflow/example_dags/example_kubernetes_executor.py
[2023-01-08T13:07:03.793+0000] {processor.py:766} INFO - DAG(s) dict_keys(['example_kubernetes_executor']) retrieved from /home/airflow/.local/lib/python3.7/site-packages/airflow/example_dags/example_kubernetes_executor.py
[2023-01-08T13:07:03.817+0000] {logging_mixin.py:120} INFO - [2023-01-08T13:07:03.817+0000] {dag.py:2585} INFO - Sync 1 DAGs
[2023-01-08T13:07:03.834+0000] {logging_mixin.py:120} INFO - [2023-01-08T13:07:03.834+0000] {dag.py:3340} INFO - Setting next_dagrun for example_kubernetes_executor to None, run_after=None
[2023-01-08T13:07:03.847+0000] {processor.py:176} INFO - Processing /home/airflow/.local/lib/python3.7/site-packages/airflow/example_dags/example_kubernetes_executor.py took 0.075 seconds
[2023-01-08T13:07:34.050+0000] {processor.py:154} INFO - Started process (PID=240) to work on /home/airflow/.local/lib/python3.7/site-packages/airflow/example_dags/example_kubernetes_executor.py
[2023-01-08T13:07:34.051+0000] {processor.py:756} INFO - Processing file /home/airflow/.local/lib/python3.7/site-packages/airflow/example_dags/example_kubernetes_executor.py for tasks to queue
[2023-01-08T13:07:34.051+0000] {logging_mixin.py:120} INFO - [2023-01-08T13:07:34.051+0000] {dagbag.py:537} INFO - Filling up the DagBag from /home/airflow/.local/lib/python3.7/site-packages/airflow/example_dags/example_kubernetes_executor.py
[2023-01-08T13:07:34.070+0000] {processor.py:766} INFO - DAG(s) dict_keys(['example_kubernetes_executor']) retrieved from /home/airflow/.local/lib/python3.7/site-packages/airflow/example_dags/example_kubernetes_executor.py
[2023-01-08T13:07:34.097+0000] {logging_mixin.py:120} INFO - [2023-01-08T13:07:34.097+0000] {dag.py:2585} INFO - Sync 1 DAGs
[2023-01-08T13:07:34.114+0000] {logging_mixin.py:120} INFO - [2023-01-08T13:07:34.114+0000] {dag.py:3340} INFO - Setting next_dagrun for example_kubernetes_executor to None, run_after=None
[2023-01-08T13:07:34.127+0000] {processor.py:176} INFO - Processing /home/airflow/.local/lib/python3.7/site-packages/airflow/example_dags/example_kubernetes_executor.py took 0.079 seconds
[2023-01-08T13:08:04.405+0000] {processor.py:154} INFO - Started process (PID=306) to work on /home/airflow/.local/lib/python3.7/site-packages/airflow/example_dags/example_kubernetes_executor.py
[2023-01-08T13:08:04.405+0000] {processor.py:756} INFO - Processing file /home/airflow/.local/lib/python3.7/site-packages/airflow/example_dags/example_kubernetes_executor.py for tasks to queue
[2023-01-08T13:08:04.406+0000] {logging_mixin.py:120} INFO - [2023-01-08T13:08:04.406+0000] {dagbag.py:537} INFO - Filling up the DagBag from /home/airflow/.local/lib/python3.7/site-packages/airflow/example_dags/example_kubernetes_executor.py
[2023-01-08T13:08:04.424+0000] {processor.py:766} INFO - DAG(s) dict_keys(['example_kubernetes_executor']) retrieved from /home/airflow/.local/lib/python3.7/site-packages/airflow/example_dags/example_kubernetes_executor.py
[2023-01-08T13:08:04.448+0000] {logging_mixin.py:120} INFO - [2023-01-08T13:08:04.448+0000] {dag.py:2585} INFO - Sync 1 DAGs
[2023-01-08T13:08:04.464+0000] {logging_mixin.py:120} INFO - [2023-01-08T13:08:04.464+0000] {dag.py:3340} INFO - Setting next_dagrun for example_kubernetes_executor to None, run_after=None
[2023-01-08T13:08:04.476+0000] {processor.py:176} INFO - Processing /home/airflow/.local/lib/python3.7/site-packages/airflow/example_dags/example_kubernetes_executor.py took 0.073 seconds
[2023-01-08T13:08:34.626+0000] {processor.py:154} INFO - Started process (PID=371) to work on /home/airflow/.local/lib/python3.7/site-packages/airflow/example_dags/example_kubernetes_executor.py
[2023-01-08T13:08:34.626+0000] {processor.py:756} INFO - Processing file /home/airflow/.local/lib/python3.7/site-packages/airflow/example_dags/example_kubernetes_executor.py for tasks to queue
[2023-01-08T13:08:34.626+0000] {logging_mixin.py:120} INFO - [2023-01-08T13:08:34.626+0000] {dagbag.py:537} INFO - Filling up the DagBag from /home/airflow/.local/lib/python3.7/site-packages/airflow/example_dags/example_kubernetes_executor.py
[2023-01-08T13:08:34.645+0000] {processor.py:766} INFO - DAG(s) dict_keys(['example_kubernetes_executor']) retrieved from /home/airflow/.local/lib/python3.7/site-packages/airflow/example_dags/example_kubernetes_executor.py
[2023-01-08T13:08:34.675+0000] {logging_mixin.py:120} INFO - [2023-01-08T13:08:34.675+0000] {dag.py:2585} INFO - Sync 1 DAGs
[2023-01-08T13:08:34.692+0000] {logging_mixin.py:120} INFO - [2023-01-08T13:08:34.692+0000] {dag.py:3340} INFO - Setting next_dagrun for example_kubernetes_executor to None, run_after=None
[2023-01-08T13:08:34.706+0000] {processor.py:176} INFO - Processing /home/airflow/.local/lib/python3.7/site-packages/airflow/example_dags/example_kubernetes_executor.py took 0.082 seconds
[2023-01-08T13:09:04.880+0000] {processor.py:154} INFO - Started process (PID=436) to work on /home/airflow/.local/lib/python3.7/site-packages/airflow/example_dags/example_kubernetes_executor.py
[2023-01-08T13:09:04.880+0000] {processor.py:756} INFO - Processing file /home/airflow/.local/lib/python3.7/site-packages/airflow/example_dags/example_kubernetes_executor.py for tasks to queue
[2023-01-08T13:09:04.881+0000] {logging_mixin.py:120} INFO - [2023-01-08T13:09:04.881+0000] {dagbag.py:537} INFO - Filling up the DagBag from /home/airflow/.local/lib/python3.7/site-packages/airflow/example_dags/example_kubernetes_executor.py
[2023-01-08T13:09:04.898+0000] {processor.py:766} INFO - DAG(s) dict_keys(['example_kubernetes_executor']) retrieved from /home/airflow/.local/lib/python3.7/site-packages/airflow/example_dags/example_kubernetes_executor.py
[2023-01-08T13:09:04.924+0000] {logging_mixin.py:120} INFO - [2023-01-08T13:09:04.923+0000] {dag.py:2585} INFO - Sync 1 DAGs
[2023-01-08T13:09:04.939+0000] {logging_mixin.py:120} INFO - [2023-01-08T13:09:04.939+0000] {dag.py:3340} INFO - Setting next_dagrun for example_kubernetes_executor to None, run_after=None
[2023-01-08T13:09:04.952+0000] {processor.py:176} INFO - Processing /home/airflow/.local/lib/python3.7/site-packages/airflow/example_dags/example_kubernetes_executor.py took 0.074 seconds
[2023-01-08T13:09:35.950+0000] {processor.py:154} INFO - Started process (PID=499) to work on /home/airflow/.local/lib/python3.7/site-packages/airflow/example_dags/example_kubernetes_executor.py
[2023-01-08T13:09:35.950+0000] {processor.py:756} INFO - Processing file /home/airflow/.local/lib/python3.7/site-packages/airflow/example_dags/example_kubernetes_executor.py for tasks to queue
[2023-01-08T13:09:35.950+0000] {logging_mixin.py:120} INFO - [2023-01-08T13:09:35.950+0000] {dagbag.py:537} INFO - Filling up the DagBag from /home/airflow/.local/lib/python3.7/site-packages/airflow/example_dags/example_kubernetes_executor.py
[2023-01-08T13:09:35.968+0000] {processor.py:766} INFO - DAG(s) dict_keys(['example_kubernetes_executor']) retrieved from /home/airflow/.local/lib/python3.7/site-packages/airflow/example_dags/example_kubernetes_executor.py
[2023-01-08T13:09:36.001+0000] {logging_mixin.py:120} INFO - [2023-01-08T13:09:36.001+0000] {dag.py:2585} INFO - Sync 1 DAGs
[2023-01-08T13:09:36.024+0000] {logging_mixin.py:120} INFO - [2023-01-08T13:09:36.024+0000] {dag.py:3340} INFO - Setting next_dagrun for example_kubernetes_executor to None, run_after=None
[2023-01-08T13:09:36.038+0000] {processor.py:176} INFO - Processing /home/airflow/.local/lib/python3.7/site-packages/airflow/example_dags/example_kubernetes_executor.py took 0.091 seconds
[2023-01-08T13:10:06.895+0000] {processor.py:154} INFO - Started process (PID=557) to work on /home/airflow/.local/lib/python3.7/site-packages/airflow/example_dags/example_kubernetes_executor.py
[2023-01-08T13:10:06.895+0000] {processor.py:756} INFO - Processing file /home/airflow/.local/lib/python3.7/site-packages/airflow/example_dags/example_kubernetes_executor.py for tasks to queue
[2023-01-08T13:10:06.896+0000] {logging_mixin.py:120} INFO - [2023-01-08T13:10:06.896+0000] {dagbag.py:537} INFO - Filling up the DagBag from /home/airflow/.local/lib/python3.7/site-packages/airflow/example_dags/example_kubernetes_executor.py
[2023-01-08T13:10:06.913+0000] {processor.py:766} INFO - DAG(s) dict_keys(['example_kubernetes_executor']) retrieved from /home/airflow/.local/lib/python3.7/site-packages/airflow/example_dags/example_kubernetes_executor.py
[2023-01-08T13:10:06.937+0000] {logging_mixin.py:120} INFO - [2023-01-08T13:10:06.937+0000] {dag.py:2585} INFO - Sync 1 DAGs
[2023-01-08T13:10:06.954+0000] {logging_mixin.py:120} INFO - [2023-01-08T13:10:06.954+0000] {dag.py:3340} INFO - Setting next_dagrun for example_kubernetes_executor to None, run_after=None
[2023-01-08T13:10:06.967+0000] {processor.py:176} INFO - Processing /home/airflow/.local/lib/python3.7/site-packages/airflow/example_dags/example_kubernetes_executor.py took 0.074 seconds
[2023-01-08T13:10:37.747+0000] {processor.py:154} INFO - Started process (PID=622) to work on /home/airflow/.local/lib/python3.7/site-packages/airflow/example_dags/example_kubernetes_executor.py
[2023-01-08T13:10:37.747+0000] {processor.py:756} INFO - Processing file /home/airflow/.local/lib/python3.7/site-packages/airflow/example_dags/example_kubernetes_executor.py for tasks to queue
[2023-01-08T13:10:37.748+0000] {logging_mixin.py:120} INFO - [2023-01-08T13:10:37.748+0000] {dagbag.py:537} INFO - Filling up the DagBag from /home/airflow/.local/lib/python3.7/site-packages/airflow/example_dags/example_kubernetes_executor.py
[2023-01-08T13:10:37.765+0000] {processor.py:766} INFO - DAG(s) dict_keys(['example_kubernetes_executor']) retrieved from /home/airflow/.local/lib/python3.7/site-packages/airflow/example_dags/example_kubernetes_executor.py
[2023-01-08T13:10:37.791+0000] {logging_mixin.py:120} INFO - [2023-01-08T13:10:37.791+0000] {dag.py:2585} INFO - Sync 1 DAGs
[2023-01-08T13:10:37.806+0000] {logging_mixin.py:120} INFO - [2023-01-08T13:10:37.806+0000] {dag.py:3340} INFO - Setting next_dagrun for example_kubernetes_executor to None, run_after=None
[2023-01-08T13:10:37.819+0000] {processor.py:176} INFO - Processing /home/airflow/.local/lib/python3.7/site-packages/airflow/example_dags/example_kubernetes_executor.py took 0.074 seconds
[2023-01-08T13:11:07.840+0000] {processor.py:154} INFO - Started process (PID=687) to work on /home/airflow/.local/lib/python3.7/site-packages/airflow/example_dags/example_kubernetes_executor.py
[2023-01-08T13:11:07.840+0000] {processor.py:756} INFO - Processing file /home/airflow/.local/lib/python3.7/site-packages/airflow/example_dags/example_kubernetes_executor.py for tasks to queue
[2023-01-08T13:11:07.841+0000] {logging_mixin.py:120} INFO - [2023-01-08T13:11:07.841+0000] {dagbag.py:537} INFO - Filling up the DagBag from /home/airflow/.local/lib/python3.7/site-packages/airflow/example_dags/example_kubernetes_executor.py
[2023-01-08T13:11:07.858+0000] {processor.py:766} INFO - DAG(s) dict_keys(['example_kubernetes_executor']) retrieved from /home/airflow/.local/lib/python3.7/site-packages/airflow/example_dags/example_kubernetes_executor.py
[2023-01-08T13:11:07.884+0000] {logging_mixin.py:120} INFO - [2023-01-08T13:11:07.884+0000] {dag.py:2585} INFO - Sync 1 DAGs
[2023-01-08T13:11:07.899+0000] {logging_mixin.py:120} INFO - [2023-01-08T13:11:07.899+0000] {dag.py:3340} INFO - Setting next_dagrun for example_kubernetes_executor to None, run_after=None
[2023-01-08T13:11:07.910+0000] {processor.py:176} INFO - Processing /home/airflow/.local/lib/python3.7/site-packages/airflow/example_dags/example_kubernetes_executor.py took 0.072 seconds
[2023-01-08T13:11:38.055+0000] {processor.py:154} INFO - Started process (PID=754) to work on /home/airflow/.local/lib/python3.7/site-packages/airflow/example_dags/example_kubernetes_executor.py
[2023-01-08T13:11:38.055+0000] {processor.py:756} INFO - Processing file /home/airflow/.local/lib/python3.7/site-packages/airflow/example_dags/example_kubernetes_executor.py for tasks to queue
[2023-01-08T13:11:38.056+0000] {logging_mixin.py:120} INFO - [2023-01-08T13:11:38.056+0000] {dagbag.py:537} INFO - Filling up the DagBag from /home/airflow/.local/lib/python3.7/site-packages/airflow/example_dags/example_kubernetes_executor.py
[2023-01-08T13:11:38.073+0000] {processor.py:766} INFO - DAG(s) dict_keys(['example_kubernetes_executor']) retrieved from /home/airflow/.local/lib/python3.7/site-packages/airflow/example_dags/example_kubernetes_executor.py
[2023-01-08T13:11:38.098+0000] {logging_mixin.py:120} INFO - [2023-01-08T13:11:38.098+0000] {dag.py:2585} INFO - Sync 1 DAGs
[2023-01-08T13:11:38.112+0000] {logging_mixin.py:120} INFO - [2023-01-08T13:11:38.112+0000] {dag.py:3340} INFO - Setting next_dagrun for example_kubernetes_executor to None, run_after=None
[2023-01-08T13:11:38.125+0000] {processor.py:176} INFO - Processing /home/airflow/.local/lib/python3.7/site-packages/airflow/example_dags/example_kubernetes_executor.py took 0.072 seconds
[2023-01-08T13:12:08.192+0000] {processor.py:154} INFO - Started process (PID=810) to work on /home/airflow/.local/lib/python3.7/site-packages/airflow/example_dags/example_kubernetes_executor.py
[2023-01-08T13:12:08.193+0000] {processor.py:756} INFO - Processing file /home/airflow/.local/lib/python3.7/site-packages/airflow/example_dags/example_kubernetes_executor.py for tasks to queue
[2023-01-08T13:12:08.193+0000] {logging_mixin.py:120} INFO - [2023-01-08T13:12:08.193+0000] {dagbag.py:537} INFO - Filling up the DagBag from /home/airflow/.local/lib/python3.7/site-packages/airflow/example_dags/example_kubernetes_executor.py
[2023-01-08T13:12:08.210+0000] {processor.py:766} INFO - DAG(s) dict_keys(['example_kubernetes_executor']) retrieved from /home/airflow/.local/lib/python3.7/site-packages/airflow/example_dags/example_kubernetes_executor.py
[2023-01-08T13:12:08.234+0000] {logging_mixin.py:120} INFO - [2023-01-08T13:12:08.234+0000] {dag.py:2585} INFO - Sync 1 DAGs
[2023-01-08T13:12:08.250+0000] {logging_mixin.py:120} INFO - [2023-01-08T13:12:08.250+0000] {dag.py:3340} INFO - Setting next_dagrun for example_kubernetes_executor to None, run_after=None
[2023-01-08T13:12:08.261+0000] {processor.py:176} INFO - Processing /home/airflow/.local/lib/python3.7/site-packages/airflow/example_dags/example_kubernetes_executor.py took 0.071 seconds
[2023-01-08T13:12:38.392+0000] {processor.py:154} INFO - Started process (PID=875) to work on /home/airflow/.local/lib/python3.7/site-packages/airflow/example_dags/example_kubernetes_executor.py
[2023-01-08T13:12:38.393+0000] {processor.py:756} INFO - Processing file /home/airflow/.local/lib/python3.7/site-packages/airflow/example_dags/example_kubernetes_executor.py for tasks to queue
[2023-01-08T13:12:38.394+0000] {logging_mixin.py:120} INFO - [2023-01-08T13:12:38.394+0000] {dagbag.py:537} INFO - Filling up the DagBag from /home/airflow/.local/lib/python3.7/site-packages/airflow/example_dags/example_kubernetes_executor.py
[2023-01-08T13:12:38.411+0000] {processor.py:766} INFO - DAG(s) dict_keys(['example_kubernetes_executor']) retrieved from /home/airflow/.local/lib/python3.7/site-packages/airflow/example_dags/example_kubernetes_executor.py
[2023-01-08T13:12:38.438+0000] {logging_mixin.py:120} INFO - [2023-01-08T13:12:38.438+0000] {dag.py:2585} INFO - Sync 1 DAGs
[2023-01-08T13:12:38.456+0000] {logging_mixin.py:120} INFO - [2023-01-08T13:12:38.456+0000] {dag.py:3340} INFO - Setting next_dagrun for example_kubernetes_executor to None, run_after=None
[2023-01-08T13:12:38.469+0000] {processor.py:176} INFO - Processing /home/airflow/.local/lib/python3.7/site-packages/airflow/example_dags/example_kubernetes_executor.py took 0.078 seconds
[2023-01-08T13:13:08.806+0000] {processor.py:154} INFO - Started process (PID=940) to work on /home/airflow/.local/lib/python3.7/site-packages/airflow/example_dags/example_kubernetes_executor.py
[2023-01-08T13:13:08.807+0000] {processor.py:756} INFO - Processing file /home/airflow/.local/lib/python3.7/site-packages/airflow/example_dags/example_kubernetes_executor.py for tasks to queue
[2023-01-08T13:13:08.807+0000] {logging_mixin.py:120} INFO - [2023-01-08T13:13:08.807+0000] {dagbag.py:537} INFO - Filling up the DagBag from /home/airflow/.local/lib/python3.7/site-packages/airflow/example_dags/example_kubernetes_executor.py
[2023-01-08T13:13:08.824+0000] {processor.py:766} INFO - DAG(s) dict_keys(['example_kubernetes_executor']) retrieved from /home/airflow/.local/lib/python3.7/site-packages/airflow/example_dags/example_kubernetes_executor.py
[2023-01-08T13:13:08.857+0000] {logging_mixin.py:120} INFO - [2023-01-08T13:13:08.857+0000] {dag.py:2585} INFO - Sync 1 DAGs
[2023-01-08T13:13:08.874+0000] {logging_mixin.py:120} INFO - [2023-01-08T13:13:08.874+0000] {dag.py:3340} INFO - Setting next_dagrun for example_kubernetes_executor to None, run_after=None
[2023-01-08T13:13:08.887+0000] {processor.py:176} INFO - Processing /home/airflow/.local/lib/python3.7/site-packages/airflow/example_dags/example_kubernetes_executor.py took 0.082 seconds
[2023-01-08T13:13:39.196+0000] {processor.py:154} INFO - Started process (PID=1005) to work on /home/airflow/.local/lib/python3.7/site-packages/airflow/example_dags/example_kubernetes_executor.py
[2023-01-08T13:13:39.197+0000] {processor.py:756} INFO - Processing file /home/airflow/.local/lib/python3.7/site-packages/airflow/example_dags/example_kubernetes_executor.py for tasks to queue
[2023-01-08T13:13:39.199+0000] {logging_mixin.py:120} INFO - [2023-01-08T13:13:39.198+0000] {dagbag.py:537} INFO - Filling up the DagBag from /home/airflow/.local/lib/python3.7/site-packages/airflow/example_dags/example_kubernetes_executor.py
[2023-01-08T13:13:39.221+0000] {processor.py:766} INFO - DAG(s) dict_keys(['example_kubernetes_executor']) retrieved from /home/airflow/.local/lib/python3.7/site-packages/airflow/example_dags/example_kubernetes_executor.py
[2023-01-08T13:13:39.253+0000] {logging_mixin.py:120} INFO - [2023-01-08T13:13:39.252+0000] {dag.py:2585} INFO - Sync 1 DAGs
[2023-01-08T13:13:39.274+0000] {logging_mixin.py:120} INFO - [2023-01-08T13:13:39.274+0000] {dag.py:3340} INFO - Setting next_dagrun for example_kubernetes_executor to None, run_after=None
[2023-01-08T13:13:39.290+0000] {processor.py:176} INFO - Processing /home/airflow/.local/lib/python3.7/site-packages/airflow/example_dags/example_kubernetes_executor.py took 0.096 seconds
[2023-01-08T13:14:09.656+0000] {processor.py:154} INFO - Started process (PID=1071) to work on /home/airflow/.local/lib/python3.7/site-packages/airflow/example_dags/example_kubernetes_executor.py
[2023-01-08T13:14:09.656+0000] {processor.py:756} INFO - Processing file /home/airflow/.local/lib/python3.7/site-packages/airflow/example_dags/example_kubernetes_executor.py for tasks to queue
[2023-01-08T13:14:09.657+0000] {logging_mixin.py:120} INFO - [2023-01-08T13:14:09.656+0000] {dagbag.py:537} INFO - Filling up the DagBag from /home/airflow/.local/lib/python3.7/site-packages/airflow/example_dags/example_kubernetes_executor.py
[2023-01-08T13:14:09.675+0000] {processor.py:766} INFO - DAG(s) dict_keys(['example_kubernetes_executor']) retrieved from /home/airflow/.local/lib/python3.7/site-packages/airflow/example_dags/example_kubernetes_executor.py
[2023-01-08T13:14:09.707+0000] {logging_mixin.py:120} INFO - [2023-01-08T13:14:09.706+0000] {dag.py:2585} INFO - Sync 1 DAGs
[2023-01-08T13:14:09.724+0000] {logging_mixin.py:120} INFO - [2023-01-08T13:14:09.724+0000] {dag.py:3340} INFO - Setting next_dagrun for example_kubernetes_executor to None, run_after=None
[2023-01-08T13:14:09.737+0000] {processor.py:176} INFO - Processing /home/airflow/.local/lib/python3.7/site-packages/airflow/example_dags/example_kubernetes_executor.py took 0.083 seconds
[2023-01-08T13:14:39.893+0000] {processor.py:154} INFO - Started process (PID=1127) to work on /home/airflow/.local/lib/python3.7/site-packages/airflow/example_dags/example_kubernetes_executor.py
[2023-01-08T13:14:39.894+0000] {processor.py:756} INFO - Processing file /home/airflow/.local/lib/python3.7/site-packages/airflow/example_dags/example_kubernetes_executor.py for tasks to queue
[2023-01-08T13:14:39.895+0000] {logging_mixin.py:120} INFO - [2023-01-08T13:14:39.895+0000] {dagbag.py:537} INFO - Filling up the DagBag from /home/airflow/.local/lib/python3.7/site-packages/airflow/example_dags/example_kubernetes_executor.py
[2023-01-08T13:14:39.913+0000] {processor.py:766} INFO - DAG(s) dict_keys(['example_kubernetes_executor']) retrieved from /home/airflow/.local/lib/python3.7/site-packages/airflow/example_dags/example_kubernetes_executor.py
[2023-01-08T13:14:39.939+0000] {logging_mixin.py:120} INFO - [2023-01-08T13:14:39.939+0000] {dag.py:2585} INFO - Sync 1 DAGs
[2023-01-08T13:14:39.956+0000] {logging_mixin.py:120} INFO - [2023-01-08T13:14:39.955+0000] {dag.py:3340} INFO - Setting next_dagrun for example_kubernetes_executor to None, run_after=None
[2023-01-08T13:14:39.969+0000] {processor.py:176} INFO - Processing /home/airflow/.local/lib/python3.7/site-packages/airflow/example_dags/example_kubernetes_executor.py took 0.077 seconds
[2023-01-08T13:15:10.191+0000] {processor.py:154} INFO - Started process (PID=1191) to work on /home/airflow/.local/lib/python3.7/site-packages/airflow/example_dags/example_kubernetes_executor.py
[2023-01-08T13:15:10.191+0000] {processor.py:756} INFO - Processing file /home/airflow/.local/lib/python3.7/site-packages/airflow/example_dags/example_kubernetes_executor.py for tasks to queue
[2023-01-08T13:15:10.192+0000] {logging_mixin.py:120} INFO - [2023-01-08T13:15:10.192+0000] {dagbag.py:537} INFO - Filling up the DagBag from /home/airflow/.local/lib/python3.7/site-packages/airflow/example_dags/example_kubernetes_executor.py
[2023-01-08T13:15:10.208+0000] {processor.py:766} INFO - DAG(s) dict_keys(['example_kubernetes_executor']) retrieved from /home/airflow/.local/lib/python3.7/site-packages/airflow/example_dags/example_kubernetes_executor.py
[2023-01-08T13:15:10.233+0000] {logging_mixin.py:120} INFO - [2023-01-08T13:15:10.233+0000] {dag.py:2585} INFO - Sync 1 DAGs
[2023-01-08T13:15:10.252+0000] {logging_mixin.py:120} INFO - [2023-01-08T13:15:10.252+0000] {dag.py:3340} INFO - Setting next_dagrun for example_kubernetes_executor to None, run_after=None
[2023-01-08T13:15:10.269+0000] {processor.py:176} INFO - Processing /home/airflow/.local/lib/python3.7/site-packages/airflow/example_dags/example_kubernetes_executor.py took 0.080 seconds
[2023-01-08T13:15:40.382+0000] {processor.py:154} INFO - Started process (PID=1255) to work on /home/airflow/.local/lib/python3.7/site-packages/airflow/example_dags/example_kubernetes_executor.py
[2023-01-08T13:15:40.382+0000] {processor.py:756} INFO - Processing file /home/airflow/.local/lib/python3.7/site-packages/airflow/example_dags/example_kubernetes_executor.py for tasks to queue
[2023-01-08T13:15:40.383+0000] {logging_mixin.py:120} INFO - [2023-01-08T13:15:40.383+0000] {dagbag.py:537} INFO - Filling up the DagBag from /home/airflow/.local/lib/python3.7/site-packages/airflow/example_dags/example_kubernetes_executor.py
[2023-01-08T13:15:40.403+0000] {processor.py:766} INFO - DAG(s) dict_keys(['example_kubernetes_executor']) retrieved from /home/airflow/.local/lib/python3.7/site-packages/airflow/example_dags/example_kubernetes_executor.py
[2023-01-08T13:15:40.430+0000] {logging_mixin.py:120} INFO - [2023-01-08T13:15:40.430+0000] {dag.py:2585} INFO - Sync 1 DAGs
[2023-01-08T13:15:40.447+0000] {logging_mixin.py:120} INFO - [2023-01-08T13:15:40.447+0000] {dag.py:3340} INFO - Setting next_dagrun for example_kubernetes_executor to None, run_after=None
[2023-01-08T13:15:40.460+0000] {processor.py:176} INFO - Processing /home/airflow/.local/lib/python3.7/site-packages/airflow/example_dags/example_kubernetes_executor.py took 0.081 seconds
[2023-01-08T13:16:10.674+0000] {processor.py:154} INFO - Started process (PID=1320) to work on /home/airflow/.local/lib/python3.7/site-packages/airflow/example_dags/example_kubernetes_executor.py
[2023-01-08T13:16:10.675+0000] {processor.py:756} INFO - Processing file /home/airflow/.local/lib/python3.7/site-packages/airflow/example_dags/example_kubernetes_executor.py for tasks to queue
[2023-01-08T13:16:10.675+0000] {logging_mixin.py:120} INFO - [2023-01-08T13:16:10.675+0000] {dagbag.py:537} INFO - Filling up the DagBag from /home/airflow/.local/lib/python3.7/site-packages/airflow/example_dags/example_kubernetes_executor.py
[2023-01-08T13:16:10.694+0000] {processor.py:766} INFO - DAG(s) dict_keys(['example_kubernetes_executor']) retrieved from /home/airflow/.local/lib/python3.7/site-packages/airflow/example_dags/example_kubernetes_executor.py
[2023-01-08T13:16:10.721+0000] {logging_mixin.py:120} INFO - [2023-01-08T13:16:10.721+0000] {dag.py:2585} INFO - Sync 1 DAGs
[2023-01-08T13:16:10.738+0000] {logging_mixin.py:120} INFO - [2023-01-08T13:16:10.738+0000] {dag.py:3340} INFO - Setting next_dagrun for example_kubernetes_executor to None, run_after=None
[2023-01-08T13:16:10.752+0000] {processor.py:176} INFO - Processing /home/airflow/.local/lib/python3.7/site-packages/airflow/example_dags/example_kubernetes_executor.py took 0.080 seconds
[2023-01-08T13:16:40.768+0000] {processor.py:154} INFO - Started process (PID=1376) to work on /home/airflow/.local/lib/python3.7/site-packages/airflow/example_dags/example_kubernetes_executor.py
[2023-01-08T13:16:40.769+0000] {processor.py:756} INFO - Processing file /home/airflow/.local/lib/python3.7/site-packages/airflow/example_dags/example_kubernetes_executor.py for tasks to queue
[2023-01-08T13:16:40.769+0000] {logging_mixin.py:120} INFO - [2023-01-08T13:16:40.769+0000] {dagbag.py:537} INFO - Filling up the DagBag from /home/airflow/.local/lib/python3.7/site-packages/airflow/example_dags/example_kubernetes_executor.py
[2023-01-08T13:16:40.785+0000] {processor.py:766} INFO - DAG(s) dict_keys(['example_kubernetes_executor']) retrieved from /home/airflow/.local/lib/python3.7/site-packages/airflow/example_dags/example_kubernetes_executor.py
[2023-01-08T13:16:40.809+0000] {logging_mixin.py:120} INFO - [2023-01-08T13:16:40.809+0000] {dag.py:2585} INFO - Sync 1 DAGs
[2023-01-08T13:16:40.824+0000] {logging_mixin.py:120} INFO - [2023-01-08T13:16:40.824+0000] {dag.py:3340} INFO - Setting next_dagrun for example_kubernetes_executor to None, run_after=None
[2023-01-08T13:16:40.835+0000] {processor.py:176} INFO - Processing /home/airflow/.local/lib/python3.7/site-packages/airflow/example_dags/example_kubernetes_executor.py took 0.068 seconds
[2023-01-08T13:17:10.911+0000] {processor.py:154} INFO - Started process (PID=1441) to work on /home/airflow/.local/lib/python3.7/site-packages/airflow/example_dags/example_kubernetes_executor.py
[2023-01-08T13:17:10.912+0000] {processor.py:756} INFO - Processing file /home/airflow/.local/lib/python3.7/site-packages/airflow/example_dags/example_kubernetes_executor.py for tasks to queue
[2023-01-08T13:17:10.913+0000] {logging_mixin.py:120} INFO - [2023-01-08T13:17:10.912+0000] {dagbag.py:537} INFO - Filling up the DagBag from /home/airflow/.local/lib/python3.7/site-packages/airflow/example_dags/example_kubernetes_executor.py
[2023-01-08T13:17:10.933+0000] {processor.py:766} INFO - DAG(s) dict_keys(['example_kubernetes_executor']) retrieved from /home/airflow/.local/lib/python3.7/site-packages/airflow/example_dags/example_kubernetes_executor.py
[2023-01-08T13:17:10.967+0000] {logging_mixin.py:120} INFO - [2023-01-08T13:17:10.967+0000] {dag.py:2585} INFO - Sync 1 DAGs
[2023-01-08T13:17:11.005+0000] {logging_mixin.py:120} INFO - [2023-01-08T13:17:11.005+0000] {dag.py:3340} INFO - Setting next_dagrun for example_kubernetes_executor to None, run_after=None
[2023-01-08T13:17:12.188+0000] {logging_mixin.py:120} INFO - [2023-01-08T13:17:12.188+0000] {process_utils.py:256} INFO - Waiting up to 5 seconds for processes to exit...
