[2023-01-08T13:06:02.594+0000] {processor.py:154} INFO - Started process (PID=38) to work on /home/airflow/.local/lib/python3.7/site-packages/airflow/example_dags/example_skip_dag.py
[2023-01-08T13:06:02.595+0000] {processor.py:756} INFO - Processing file /home/airflow/.local/lib/python3.7/site-packages/airflow/example_dags/example_skip_dag.py for tasks to queue
[2023-01-08T13:06:02.595+0000] {logging_mixin.py:120} INFO - [2023-01-08T13:06:02.595+0000] {dagbag.py:537} INFO - Filling up the DagBag from /home/airflow/.local/lib/python3.7/site-packages/airflow/example_dags/example_skip_dag.py
[2023-01-08T13:06:02.617+0000] {processor.py:766} INFO - DAG(s) dict_keys(['example_skip_dag']) retrieved from /home/airflow/.local/lib/python3.7/site-packages/airflow/example_dags/example_skip_dag.py
[2023-01-08T13:06:02.669+0000] {logging_mixin.py:120} INFO - [2023-01-08T13:06:02.669+0000] {dag.py:2585} INFO - Sync 1 DAGs
[2023-01-08T13:06:02.703+0000] {logging_mixin.py:120} INFO - [2023-01-08T13:06:02.703+0000] {dag.py:3340} INFO - Setting next_dagrun for example_skip_dag to 2023-01-07T13:06:02.702986+00:00, run_after=2023-01-08T13:06:02.702986+00:00
[2023-01-08T13:06:02.728+0000] {processor.py:176} INFO - Processing /home/airflow/.local/lib/python3.7/site-packages/airflow/example_dags/example_skip_dag.py took 0.139 seconds
[2023-01-08T13:06:33.386+0000] {processor.py:154} INFO - Started process (PID=114) to work on /home/airflow/.local/lib/python3.7/site-packages/airflow/example_dags/example_skip_dag.py
[2023-01-08T13:06:33.389+0000] {processor.py:756} INFO - Processing file /home/airflow/.local/lib/python3.7/site-packages/airflow/example_dags/example_skip_dag.py for tasks to queue
[2023-01-08T13:06:33.389+0000] {logging_mixin.py:120} INFO - [2023-01-08T13:06:33.389+0000] {dagbag.py:537} INFO - Filling up the DagBag from /home/airflow/.local/lib/python3.7/site-packages/airflow/example_dags/example_skip_dag.py
[2023-01-08T13:06:33.397+0000] {processor.py:766} INFO - DAG(s) dict_keys(['example_skip_dag']) retrieved from /home/airflow/.local/lib/python3.7/site-packages/airflow/example_dags/example_skip_dag.py
[2023-01-08T13:06:33.423+0000] {logging_mixin.py:120} INFO - [2023-01-08T13:06:33.423+0000] {dag.py:2585} INFO - Sync 1 DAGs
[2023-01-08T13:06:33.441+0000] {logging_mixin.py:120} INFO - [2023-01-08T13:06:33.440+0000] {dag.py:3340} INFO - Setting next_dagrun for example_skip_dag to 2023-01-07T13:06:33.440777+00:00, run_after=2023-01-08T13:06:33.440777+00:00
[2023-01-08T13:06:33.454+0000] {processor.py:176} INFO - Processing /home/airflow/.local/lib/python3.7/site-packages/airflow/example_dags/example_skip_dag.py took 0.070 seconds
[2023-01-08T13:07:03.621+0000] {processor.py:154} INFO - Started process (PID=180) to work on /home/airflow/.local/lib/python3.7/site-packages/airflow/example_dags/example_skip_dag.py
[2023-01-08T13:07:03.621+0000] {processor.py:756} INFO - Processing file /home/airflow/.local/lib/python3.7/site-packages/airflow/example_dags/example_skip_dag.py for tasks to queue
[2023-01-08T13:07:03.621+0000] {logging_mixin.py:120} INFO - [2023-01-08T13:07:03.621+0000] {dagbag.py:537} INFO - Filling up the DagBag from /home/airflow/.local/lib/python3.7/site-packages/airflow/example_dags/example_skip_dag.py
[2023-01-08T13:07:03.630+0000] {processor.py:766} INFO - DAG(s) dict_keys(['example_skip_dag']) retrieved from /home/airflow/.local/lib/python3.7/site-packages/airflow/example_dags/example_skip_dag.py
[2023-01-08T13:07:03.655+0000] {logging_mixin.py:120} INFO - [2023-01-08T13:07:03.655+0000] {dag.py:2585} INFO - Sync 1 DAGs
[2023-01-08T13:07:03.673+0000] {logging_mixin.py:120} INFO - [2023-01-08T13:07:03.672+0000] {dag.py:3340} INFO - Setting next_dagrun for example_skip_dag to 2023-01-07T13:07:03.672843+00:00, run_after=2023-01-08T13:07:03.672843+00:00
[2023-01-08T13:07:03.686+0000] {processor.py:176} INFO - Processing /home/airflow/.local/lib/python3.7/site-packages/airflow/example_dags/example_skip_dag.py took 0.067 seconds
[2023-01-08T13:07:33.885+0000] {processor.py:154} INFO - Started process (PID=236) to work on /home/airflow/.local/lib/python3.7/site-packages/airflow/example_dags/example_skip_dag.py
[2023-01-08T13:07:33.886+0000] {processor.py:756} INFO - Processing file /home/airflow/.local/lib/python3.7/site-packages/airflow/example_dags/example_skip_dag.py for tasks to queue
[2023-01-08T13:07:33.886+0000] {logging_mixin.py:120} INFO - [2023-01-08T13:07:33.886+0000] {dagbag.py:537} INFO - Filling up the DagBag from /home/airflow/.local/lib/python3.7/site-packages/airflow/example_dags/example_skip_dag.py
[2023-01-08T13:07:33.896+0000] {processor.py:766} INFO - DAG(s) dict_keys(['example_skip_dag']) retrieved from /home/airflow/.local/lib/python3.7/site-packages/airflow/example_dags/example_skip_dag.py
[2023-01-08T13:07:33.922+0000] {logging_mixin.py:120} INFO - [2023-01-08T13:07:33.922+0000] {dag.py:2585} INFO - Sync 1 DAGs
[2023-01-08T13:07:33.938+0000] {logging_mixin.py:120} INFO - [2023-01-08T13:07:33.938+0000] {dag.py:3340} INFO - Setting next_dagrun for example_skip_dag to 2023-01-07T13:07:33.938248+00:00, run_after=2023-01-08T13:07:33.938248+00:00
[2023-01-08T13:07:33.951+0000] {processor.py:176} INFO - Processing /home/airflow/.local/lib/python3.7/site-packages/airflow/example_dags/example_skip_dag.py took 0.068 seconds
[2023-01-08T13:08:04.255+0000] {processor.py:154} INFO - Started process (PID=302) to work on /home/airflow/.local/lib/python3.7/site-packages/airflow/example_dags/example_skip_dag.py
[2023-01-08T13:08:04.256+0000] {processor.py:756} INFO - Processing file /home/airflow/.local/lib/python3.7/site-packages/airflow/example_dags/example_skip_dag.py for tasks to queue
[2023-01-08T13:08:04.256+0000] {logging_mixin.py:120} INFO - [2023-01-08T13:08:04.256+0000] {dagbag.py:537} INFO - Filling up the DagBag from /home/airflow/.local/lib/python3.7/site-packages/airflow/example_dags/example_skip_dag.py
[2023-01-08T13:08:04.265+0000] {processor.py:766} INFO - DAG(s) dict_keys(['example_skip_dag']) retrieved from /home/airflow/.local/lib/python3.7/site-packages/airflow/example_dags/example_skip_dag.py
[2023-01-08T13:08:04.288+0000] {logging_mixin.py:120} INFO - [2023-01-08T13:08:04.288+0000] {dag.py:2585} INFO - Sync 1 DAGs
[2023-01-08T13:08:04.304+0000] {logging_mixin.py:120} INFO - [2023-01-08T13:08:04.303+0000] {dag.py:3340} INFO - Setting next_dagrun for example_skip_dag to 2023-01-07T13:08:04.303766+00:00, run_after=2023-01-08T13:08:04.303766+00:00
[2023-01-08T13:08:04.318+0000] {processor.py:176} INFO - Processing /home/airflow/.local/lib/python3.7/site-packages/airflow/example_dags/example_skip_dag.py took 0.064 seconds
[2023-01-08T13:08:34.468+0000] {processor.py:154} INFO - Started process (PID=367) to work on /home/airflow/.local/lib/python3.7/site-packages/airflow/example_dags/example_skip_dag.py
[2023-01-08T13:08:34.470+0000] {processor.py:756} INFO - Processing file /home/airflow/.local/lib/python3.7/site-packages/airflow/example_dags/example_skip_dag.py for tasks to queue
[2023-01-08T13:08:34.471+0000] {logging_mixin.py:120} INFO - [2023-01-08T13:08:34.471+0000] {dagbag.py:537} INFO - Filling up the DagBag from /home/airflow/.local/lib/python3.7/site-packages/airflow/example_dags/example_skip_dag.py
[2023-01-08T13:08:34.479+0000] {processor.py:766} INFO - DAG(s) dict_keys(['example_skip_dag']) retrieved from /home/airflow/.local/lib/python3.7/site-packages/airflow/example_dags/example_skip_dag.py
[2023-01-08T13:08:34.504+0000] {logging_mixin.py:120} INFO - [2023-01-08T13:08:34.504+0000] {dag.py:2585} INFO - Sync 1 DAGs
[2023-01-08T13:08:34.520+0000] {logging_mixin.py:120} INFO - [2023-01-08T13:08:34.520+0000] {dag.py:3340} INFO - Setting next_dagrun for example_skip_dag to 2023-01-07T13:08:34.520399+00:00, run_after=2023-01-08T13:08:34.520399+00:00
[2023-01-08T13:08:34.533+0000] {processor.py:176} INFO - Processing /home/airflow/.local/lib/python3.7/site-packages/airflow/example_dags/example_skip_dag.py took 0.067 seconds
[2023-01-08T13:09:04.696+0000] {processor.py:154} INFO - Started process (PID=432) to work on /home/airflow/.local/lib/python3.7/site-packages/airflow/example_dags/example_skip_dag.py
[2023-01-08T13:09:04.696+0000] {processor.py:756} INFO - Processing file /home/airflow/.local/lib/python3.7/site-packages/airflow/example_dags/example_skip_dag.py for tasks to queue
[2023-01-08T13:09:04.696+0000] {logging_mixin.py:120} INFO - [2023-01-08T13:09:04.696+0000] {dagbag.py:537} INFO - Filling up the DagBag from /home/airflow/.local/lib/python3.7/site-packages/airflow/example_dags/example_skip_dag.py
[2023-01-08T13:09:04.705+0000] {processor.py:766} INFO - DAG(s) dict_keys(['example_skip_dag']) retrieved from /home/airflow/.local/lib/python3.7/site-packages/airflow/example_dags/example_skip_dag.py
[2023-01-08T13:09:04.729+0000] {logging_mixin.py:120} INFO - [2023-01-08T13:09:04.729+0000] {dag.py:2585} INFO - Sync 1 DAGs
[2023-01-08T13:09:04.747+0000] {logging_mixin.py:120} INFO - [2023-01-08T13:09:04.747+0000] {dag.py:3340} INFO - Setting next_dagrun for example_skip_dag to 2023-01-07T13:09:04.747190+00:00, run_after=2023-01-08T13:09:04.747190+00:00
[2023-01-08T13:09:04.760+0000] {processor.py:176} INFO - Processing /home/airflow/.local/lib/python3.7/site-packages/airflow/example_dags/example_skip_dag.py took 0.067 seconds
[2023-01-08T13:09:35.741+0000] {processor.py:154} INFO - Started process (PID=488) to work on /home/airflow/.local/lib/python3.7/site-packages/airflow/example_dags/example_skip_dag.py
[2023-01-08T13:09:35.743+0000] {processor.py:756} INFO - Processing file /home/airflow/.local/lib/python3.7/site-packages/airflow/example_dags/example_skip_dag.py for tasks to queue
[2023-01-08T13:09:35.744+0000] {logging_mixin.py:120} INFO - [2023-01-08T13:09:35.744+0000] {dagbag.py:537} INFO - Filling up the DagBag from /home/airflow/.local/lib/python3.7/site-packages/airflow/example_dags/example_skip_dag.py
[2023-01-08T13:09:35.753+0000] {processor.py:766} INFO - DAG(s) dict_keys(['example_skip_dag']) retrieved from /home/airflow/.local/lib/python3.7/site-packages/airflow/example_dags/example_skip_dag.py
[2023-01-08T13:09:35.805+0000] {logging_mixin.py:120} INFO - [2023-01-08T13:09:35.805+0000] {dag.py:2585} INFO - Sync 1 DAGs
[2023-01-08T13:09:35.823+0000] {logging_mixin.py:120} INFO - [2023-01-08T13:09:35.823+0000] {dag.py:3340} INFO - Setting next_dagrun for example_skip_dag to 2023-01-07T13:09:35.823505+00:00, run_after=2023-01-08T13:09:35.823505+00:00
[2023-01-08T13:09:35.835+0000] {processor.py:176} INFO - Processing /home/airflow/.local/lib/python3.7/site-packages/airflow/example_dags/example_skip_dag.py took 0.096 seconds
[2023-01-08T13:10:06.742+0000] {processor.py:154} INFO - Started process (PID=553) to work on /home/airflow/.local/lib/python3.7/site-packages/airflow/example_dags/example_skip_dag.py
[2023-01-08T13:10:06.742+0000] {processor.py:756} INFO - Processing file /home/airflow/.local/lib/python3.7/site-packages/airflow/example_dags/example_skip_dag.py for tasks to queue
[2023-01-08T13:10:06.743+0000] {logging_mixin.py:120} INFO - [2023-01-08T13:10:06.742+0000] {dagbag.py:537} INFO - Filling up the DagBag from /home/airflow/.local/lib/python3.7/site-packages/airflow/example_dags/example_skip_dag.py
[2023-01-08T13:10:06.751+0000] {processor.py:766} INFO - DAG(s) dict_keys(['example_skip_dag']) retrieved from /home/airflow/.local/lib/python3.7/site-packages/airflow/example_dags/example_skip_dag.py
[2023-01-08T13:10:06.775+0000] {logging_mixin.py:120} INFO - [2023-01-08T13:10:06.775+0000] {dag.py:2585} INFO - Sync 1 DAGs
[2023-01-08T13:10:06.791+0000] {logging_mixin.py:120} INFO - [2023-01-08T13:10:06.791+0000] {dag.py:3340} INFO - Setting next_dagrun for example_skip_dag to 2023-01-07T13:10:06.791152+00:00, run_after=2023-01-08T13:10:06.791152+00:00
[2023-01-08T13:10:06.805+0000] {processor.py:176} INFO - Processing /home/airflow/.local/lib/python3.7/site-packages/airflow/example_dags/example_skip_dag.py took 0.065 seconds
[2023-01-08T13:10:37.587+0000] {processor.py:154} INFO - Started process (PID=618) to work on /home/airflow/.local/lib/python3.7/site-packages/airflow/example_dags/example_skip_dag.py
[2023-01-08T13:10:37.589+0000] {processor.py:756} INFO - Processing file /home/airflow/.local/lib/python3.7/site-packages/airflow/example_dags/example_skip_dag.py for tasks to queue
[2023-01-08T13:10:37.590+0000] {logging_mixin.py:120} INFO - [2023-01-08T13:10:37.589+0000] {dagbag.py:537} INFO - Filling up the DagBag from /home/airflow/.local/lib/python3.7/site-packages/airflow/example_dags/example_skip_dag.py
[2023-01-08T13:10:37.598+0000] {processor.py:766} INFO - DAG(s) dict_keys(['example_skip_dag']) retrieved from /home/airflow/.local/lib/python3.7/site-packages/airflow/example_dags/example_skip_dag.py
[2023-01-08T13:10:37.622+0000] {logging_mixin.py:120} INFO - [2023-01-08T13:10:37.622+0000] {dag.py:2585} INFO - Sync 1 DAGs
[2023-01-08T13:10:37.639+0000] {logging_mixin.py:120} INFO - [2023-01-08T13:10:37.639+0000] {dag.py:3340} INFO - Setting next_dagrun for example_skip_dag to 2023-01-07T13:10:37.639114+00:00, run_after=2023-01-08T13:10:37.639114+00:00
[2023-01-08T13:10:37.651+0000] {processor.py:176} INFO - Processing /home/airflow/.local/lib/python3.7/site-packages/airflow/example_dags/example_skip_dag.py took 0.067 seconds
[2023-01-08T13:11:07.665+0000] {processor.py:154} INFO - Started process (PID=683) to work on /home/airflow/.local/lib/python3.7/site-packages/airflow/example_dags/example_skip_dag.py
[2023-01-08T13:11:07.665+0000] {processor.py:756} INFO - Processing file /home/airflow/.local/lib/python3.7/site-packages/airflow/example_dags/example_skip_dag.py for tasks to queue
[2023-01-08T13:11:07.666+0000] {logging_mixin.py:120} INFO - [2023-01-08T13:11:07.666+0000] {dagbag.py:537} INFO - Filling up the DagBag from /home/airflow/.local/lib/python3.7/site-packages/airflow/example_dags/example_skip_dag.py
[2023-01-08T13:11:07.674+0000] {processor.py:766} INFO - DAG(s) dict_keys(['example_skip_dag']) retrieved from /home/airflow/.local/lib/python3.7/site-packages/airflow/example_dags/example_skip_dag.py
[2023-01-08T13:11:07.699+0000] {logging_mixin.py:120} INFO - [2023-01-08T13:11:07.698+0000] {dag.py:2585} INFO - Sync 1 DAGs
[2023-01-08T13:11:07.715+0000] {logging_mixin.py:120} INFO - [2023-01-08T13:11:07.715+0000] {dag.py:3340} INFO - Setting next_dagrun for example_skip_dag to 2023-01-07T13:11:07.715725+00:00, run_after=2023-01-08T13:11:07.715725+00:00
[2023-01-08T13:11:07.728+0000] {processor.py:176} INFO - Processing /home/airflow/.local/lib/python3.7/site-packages/airflow/example_dags/example_skip_dag.py took 0.065 seconds
[2023-01-08T13:11:37.759+0000] {processor.py:154} INFO - Started process (PID=750) to work on /home/airflow/.local/lib/python3.7/site-packages/airflow/example_dags/example_skip_dag.py
[2023-01-08T13:11:37.761+0000] {processor.py:756} INFO - Processing file /home/airflow/.local/lib/python3.7/site-packages/airflow/example_dags/example_skip_dag.py for tasks to queue
[2023-01-08T13:11:37.761+0000] {logging_mixin.py:120} INFO - [2023-01-08T13:11:37.761+0000] {dagbag.py:537} INFO - Filling up the DagBag from /home/airflow/.local/lib/python3.7/site-packages/airflow/example_dags/example_skip_dag.py
[2023-01-08T13:11:37.770+0000] {processor.py:766} INFO - DAG(s) dict_keys(['example_skip_dag']) retrieved from /home/airflow/.local/lib/python3.7/site-packages/airflow/example_dags/example_skip_dag.py
[2023-01-08T13:11:37.840+0000] {logging_mixin.py:120} INFO - [2023-01-08T13:11:37.840+0000] {dag.py:2585} INFO - Sync 1 DAGs
[2023-01-08T13:11:37.855+0000] {logging_mixin.py:120} INFO - [2023-01-08T13:11:37.855+0000] {dag.py:3340} INFO - Setting next_dagrun for example_skip_dag to 2023-01-07T13:11:37.855542+00:00, run_after=2023-01-08T13:11:37.855542+00:00
[2023-01-08T13:11:37.867+0000] {processor.py:176} INFO - Processing /home/airflow/.local/lib/python3.7/site-packages/airflow/example_dags/example_skip_dag.py took 0.110 seconds
[2023-01-08T13:12:08.019+0000] {processor.py:154} INFO - Started process (PID=806) to work on /home/airflow/.local/lib/python3.7/site-packages/airflow/example_dags/example_skip_dag.py
[2023-01-08T13:12:08.021+0000] {processor.py:756} INFO - Processing file /home/airflow/.local/lib/python3.7/site-packages/airflow/example_dags/example_skip_dag.py for tasks to queue
[2023-01-08T13:12:08.022+0000] {logging_mixin.py:120} INFO - [2023-01-08T13:12:08.022+0000] {dagbag.py:537} INFO - Filling up the DagBag from /home/airflow/.local/lib/python3.7/site-packages/airflow/example_dags/example_skip_dag.py
[2023-01-08T13:12:08.031+0000] {processor.py:766} INFO - DAG(s) dict_keys(['example_skip_dag']) retrieved from /home/airflow/.local/lib/python3.7/site-packages/airflow/example_dags/example_skip_dag.py
[2023-01-08T13:12:08.059+0000] {logging_mixin.py:120} INFO - [2023-01-08T13:12:08.059+0000] {dag.py:2585} INFO - Sync 1 DAGs
[2023-01-08T13:12:08.078+0000] {logging_mixin.py:120} INFO - [2023-01-08T13:12:08.078+0000] {dag.py:3340} INFO - Setting next_dagrun for example_skip_dag to 2023-01-07T13:12:08.078374+00:00, run_after=2023-01-08T13:12:08.078374+00:00
[2023-01-08T13:12:08.094+0000] {processor.py:176} INFO - Processing /home/airflow/.local/lib/python3.7/site-packages/airflow/example_dags/example_skip_dag.py took 0.079 seconds
[2023-01-08T13:12:38.220+0000] {processor.py:154} INFO - Started process (PID=871) to work on /home/airflow/.local/lib/python3.7/site-packages/airflow/example_dags/example_skip_dag.py
[2023-01-08T13:12:38.223+0000] {processor.py:756} INFO - Processing file /home/airflow/.local/lib/python3.7/site-packages/airflow/example_dags/example_skip_dag.py for tasks to queue
[2023-01-08T13:12:38.223+0000] {logging_mixin.py:120} INFO - [2023-01-08T13:12:38.223+0000] {dagbag.py:537} INFO - Filling up the DagBag from /home/airflow/.local/lib/python3.7/site-packages/airflow/example_dags/example_skip_dag.py
[2023-01-08T13:12:38.238+0000] {processor.py:766} INFO - DAG(s) dict_keys(['example_skip_dag']) retrieved from /home/airflow/.local/lib/python3.7/site-packages/airflow/example_dags/example_skip_dag.py
[2023-01-08T13:12:38.261+0000] {logging_mixin.py:120} INFO - [2023-01-08T13:12:38.261+0000] {dag.py:2585} INFO - Sync 1 DAGs
[2023-01-08T13:12:38.278+0000] {logging_mixin.py:120} INFO - [2023-01-08T13:12:38.278+0000] {dag.py:3340} INFO - Setting next_dagrun for example_skip_dag to 2023-01-07T13:12:38.278384+00:00, run_after=2023-01-08T13:12:38.278384+00:00
[2023-01-08T13:12:38.291+0000] {processor.py:176} INFO - Processing /home/airflow/.local/lib/python3.7/site-packages/airflow/example_dags/example_skip_dag.py took 0.073 seconds
[2023-01-08T13:13:08.644+0000] {processor.py:154} INFO - Started process (PID=936) to work on /home/airflow/.local/lib/python3.7/site-packages/airflow/example_dags/example_skip_dag.py
[2023-01-08T13:13:08.645+0000] {processor.py:756} INFO - Processing file /home/airflow/.local/lib/python3.7/site-packages/airflow/example_dags/example_skip_dag.py for tasks to queue
[2023-01-08T13:13:08.646+0000] {logging_mixin.py:120} INFO - [2023-01-08T13:13:08.646+0000] {dagbag.py:537} INFO - Filling up the DagBag from /home/airflow/.local/lib/python3.7/site-packages/airflow/example_dags/example_skip_dag.py
[2023-01-08T13:13:08.655+0000] {processor.py:766} INFO - DAG(s) dict_keys(['example_skip_dag']) retrieved from /home/airflow/.local/lib/python3.7/site-packages/airflow/example_dags/example_skip_dag.py
[2023-01-08T13:13:08.681+0000] {logging_mixin.py:120} INFO - [2023-01-08T13:13:08.681+0000] {dag.py:2585} INFO - Sync 1 DAGs
[2023-01-08T13:13:08.697+0000] {logging_mixin.py:120} INFO - [2023-01-08T13:13:08.697+0000] {dag.py:3340} INFO - Setting next_dagrun for example_skip_dag to 2023-01-07T13:13:08.697086+00:00, run_after=2023-01-08T13:13:08.697086+00:00
[2023-01-08T13:13:08.713+0000] {processor.py:176} INFO - Processing /home/airflow/.local/lib/python3.7/site-packages/airflow/example_dags/example_skip_dag.py took 0.073 seconds
[2023-01-08T13:13:39.040+0000] {processor.py:154} INFO - Started process (PID=1001) to work on /home/airflow/.local/lib/python3.7/site-packages/airflow/example_dags/example_skip_dag.py
[2023-01-08T13:13:39.041+0000] {processor.py:756} INFO - Processing file /home/airflow/.local/lib/python3.7/site-packages/airflow/example_dags/example_skip_dag.py for tasks to queue
[2023-01-08T13:13:39.042+0000] {logging_mixin.py:120} INFO - [2023-01-08T13:13:39.042+0000] {dagbag.py:537} INFO - Filling up the DagBag from /home/airflow/.local/lib/python3.7/site-packages/airflow/example_dags/example_skip_dag.py
[2023-01-08T13:13:39.053+0000] {processor.py:766} INFO - DAG(s) dict_keys(['example_skip_dag']) retrieved from /home/airflow/.local/lib/python3.7/site-packages/airflow/example_dags/example_skip_dag.py
[2023-01-08T13:13:39.077+0000] {logging_mixin.py:120} INFO - [2023-01-08T13:13:39.077+0000] {dag.py:2585} INFO - Sync 1 DAGs
[2023-01-08T13:13:39.092+0000] {logging_mixin.py:120} INFO - [2023-01-08T13:13:39.092+0000] {dag.py:3340} INFO - Setting next_dagrun for example_skip_dag to 2023-01-07T13:13:39.092710+00:00, run_after=2023-01-08T13:13:39.092710+00:00
[2023-01-08T13:13:39.105+0000] {processor.py:176} INFO - Processing /home/airflow/.local/lib/python3.7/site-packages/airflow/example_dags/example_skip_dag.py took 0.068 seconds
[2023-01-08T13:14:09.261+0000] {processor.py:154} INFO - Started process (PID=1059) to work on /home/airflow/.local/lib/python3.7/site-packages/airflow/example_dags/example_skip_dag.py
[2023-01-08T13:14:09.262+0000] {processor.py:756} INFO - Processing file /home/airflow/.local/lib/python3.7/site-packages/airflow/example_dags/example_skip_dag.py for tasks to queue
[2023-01-08T13:14:09.262+0000] {logging_mixin.py:120} INFO - [2023-01-08T13:14:09.262+0000] {dagbag.py:537} INFO - Filling up the DagBag from /home/airflow/.local/lib/python3.7/site-packages/airflow/example_dags/example_skip_dag.py
[2023-01-08T13:14:09.277+0000] {processor.py:766} INFO - DAG(s) dict_keys(['example_skip_dag']) retrieved from /home/airflow/.local/lib/python3.7/site-packages/airflow/example_dags/example_skip_dag.py
[2023-01-08T13:14:09.347+0000] {logging_mixin.py:120} INFO - [2023-01-08T13:14:09.347+0000] {dag.py:2585} INFO - Sync 1 DAGs
[2023-01-08T13:14:09.375+0000] {logging_mixin.py:120} INFO - [2023-01-08T13:14:09.375+0000] {dag.py:3340} INFO - Setting next_dagrun for example_skip_dag to 2023-01-07T13:14:09.375576+00:00, run_after=2023-01-08T13:14:09.375576+00:00
[2023-01-08T13:14:09.395+0000] {processor.py:176} INFO - Processing /home/airflow/.local/lib/python3.7/site-packages/airflow/example_dags/example_skip_dag.py took 0.136 seconds
[2023-01-08T13:14:39.726+0000] {processor.py:154} INFO - Started process (PID=1123) to work on /home/airflow/.local/lib/python3.7/site-packages/airflow/example_dags/example_skip_dag.py
[2023-01-08T13:14:39.727+0000] {processor.py:756} INFO - Processing file /home/airflow/.local/lib/python3.7/site-packages/airflow/example_dags/example_skip_dag.py for tasks to queue
[2023-01-08T13:14:39.728+0000] {logging_mixin.py:120} INFO - [2023-01-08T13:14:39.728+0000] {dagbag.py:537} INFO - Filling up the DagBag from /home/airflow/.local/lib/python3.7/site-packages/airflow/example_dags/example_skip_dag.py
[2023-01-08T13:14:39.739+0000] {processor.py:766} INFO - DAG(s) dict_keys(['example_skip_dag']) retrieved from /home/airflow/.local/lib/python3.7/site-packages/airflow/example_dags/example_skip_dag.py
[2023-01-08T13:14:39.766+0000] {logging_mixin.py:120} INFO - [2023-01-08T13:14:39.766+0000] {dag.py:2585} INFO - Sync 1 DAGs
[2023-01-08T13:14:39.784+0000] {logging_mixin.py:120} INFO - [2023-01-08T13:14:39.784+0000] {dag.py:3340} INFO - Setting next_dagrun for example_skip_dag to 2023-01-07T13:14:39.784020+00:00, run_after=2023-01-08T13:14:39.784020+00:00
[2023-01-08T13:14:39.796+0000] {processor.py:176} INFO - Processing /home/airflow/.local/lib/python3.7/site-packages/airflow/example_dags/example_skip_dag.py took 0.072 seconds
[2023-01-08T13:15:10.010+0000] {processor.py:154} INFO - Started process (PID=1187) to work on /home/airflow/.local/lib/python3.7/site-packages/airflow/example_dags/example_skip_dag.py
[2023-01-08T13:15:10.011+0000] {processor.py:756} INFO - Processing file /home/airflow/.local/lib/python3.7/site-packages/airflow/example_dags/example_skip_dag.py for tasks to queue
[2023-01-08T13:15:10.012+0000] {logging_mixin.py:120} INFO - [2023-01-08T13:15:10.012+0000] {dagbag.py:537} INFO - Filling up the DagBag from /home/airflow/.local/lib/python3.7/site-packages/airflow/example_dags/example_skip_dag.py
[2023-01-08T13:15:10.020+0000] {processor.py:766} INFO - DAG(s) dict_keys(['example_skip_dag']) retrieved from /home/airflow/.local/lib/python3.7/site-packages/airflow/example_dags/example_skip_dag.py
[2023-01-08T13:15:10.070+0000] {logging_mixin.py:120} INFO - [2023-01-08T13:15:10.070+0000] {dag.py:2585} INFO - Sync 1 DAGs
[2023-01-08T13:15:10.091+0000] {logging_mixin.py:120} INFO - [2023-01-08T13:15:10.091+0000] {dag.py:3340} INFO - Setting next_dagrun for example_skip_dag to 2023-01-07T13:15:10.091124+00:00, run_after=2023-01-08T13:15:10.091124+00:00
[2023-01-08T13:15:10.103+0000] {processor.py:176} INFO - Processing /home/airflow/.local/lib/python3.7/site-packages/airflow/example_dags/example_skip_dag.py took 0.094 seconds
[2023-01-08T13:15:40.286+0000] {processor.py:154} INFO - Started process (PID=1252) to work on /home/airflow/.local/lib/python3.7/site-packages/airflow/example_dags/example_skip_dag.py
[2023-01-08T13:15:40.287+0000] {processor.py:756} INFO - Processing file /home/airflow/.local/lib/python3.7/site-packages/airflow/example_dags/example_skip_dag.py for tasks to queue
[2023-01-08T13:15:40.287+0000] {logging_mixin.py:120} INFO - [2023-01-08T13:15:40.287+0000] {dagbag.py:537} INFO - Filling up the DagBag from /home/airflow/.local/lib/python3.7/site-packages/airflow/example_dags/example_skip_dag.py
[2023-01-08T13:15:40.299+0000] {processor.py:766} INFO - DAG(s) dict_keys(['example_skip_dag']) retrieved from /home/airflow/.local/lib/python3.7/site-packages/airflow/example_dags/example_skip_dag.py
[2023-01-08T13:15:40.327+0000] {logging_mixin.py:120} INFO - [2023-01-08T13:15:40.326+0000] {dag.py:2585} INFO - Sync 1 DAGs
[2023-01-08T13:15:40.345+0000] {logging_mixin.py:120} INFO - [2023-01-08T13:15:40.345+0000] {dag.py:3340} INFO - Setting next_dagrun for example_skip_dag to 2023-01-07T13:15:40.345085+00:00, run_after=2023-01-08T13:15:40.345085+00:00
[2023-01-08T13:15:40.360+0000] {processor.py:176} INFO - Processing /home/airflow/.local/lib/python3.7/site-packages/airflow/example_dags/example_skip_dag.py took 0.076 seconds
[2023-01-08T13:16:10.499+0000] {processor.py:154} INFO - Started process (PID=1317) to work on /home/airflow/.local/lib/python3.7/site-packages/airflow/example_dags/example_skip_dag.py
[2023-01-08T13:16:10.502+0000] {processor.py:756} INFO - Processing file /home/airflow/.local/lib/python3.7/site-packages/airflow/example_dags/example_skip_dag.py for tasks to queue
[2023-01-08T13:16:10.502+0000] {logging_mixin.py:120} INFO - [2023-01-08T13:16:10.502+0000] {dagbag.py:537} INFO - Filling up the DagBag from /home/airflow/.local/lib/python3.7/site-packages/airflow/example_dags/example_skip_dag.py
[2023-01-08T13:16:10.511+0000] {processor.py:766} INFO - DAG(s) dict_keys(['example_skip_dag']) retrieved from /home/airflow/.local/lib/python3.7/site-packages/airflow/example_dags/example_skip_dag.py
[2023-01-08T13:16:10.540+0000] {logging_mixin.py:120} INFO - [2023-01-08T13:16:10.540+0000] {dag.py:2585} INFO - Sync 1 DAGs
[2023-01-08T13:16:10.564+0000] {logging_mixin.py:120} INFO - [2023-01-08T13:16:10.564+0000] {dag.py:3340} INFO - Setting next_dagrun for example_skip_dag to 2023-01-07T13:16:10.563947+00:00, run_after=2023-01-08T13:16:10.563947+00:00
[2023-01-08T13:16:10.580+0000] {processor.py:176} INFO - Processing /home/airflow/.local/lib/python3.7/site-packages/airflow/example_dags/example_skip_dag.py took 0.082 seconds
[2023-01-08T13:16:40.696+0000] {processor.py:154} INFO - Started process (PID=1374) to work on /home/airflow/.local/lib/python3.7/site-packages/airflow/example_dags/example_skip_dag.py
[2023-01-08T13:16:40.696+0000] {processor.py:756} INFO - Processing file /home/airflow/.local/lib/python3.7/site-packages/airflow/example_dags/example_skip_dag.py for tasks to queue
[2023-01-08T13:16:40.696+0000] {logging_mixin.py:120} INFO - [2023-01-08T13:16:40.696+0000] {dagbag.py:537} INFO - Filling up the DagBag from /home/airflow/.local/lib/python3.7/site-packages/airflow/example_dags/example_skip_dag.py
[2023-01-08T13:16:40.705+0000] {processor.py:766} INFO - DAG(s) dict_keys(['example_skip_dag']) retrieved from /home/airflow/.local/lib/python3.7/site-packages/airflow/example_dags/example_skip_dag.py
[2023-01-08T13:16:40.728+0000] {logging_mixin.py:120} INFO - [2023-01-08T13:16:40.728+0000] {dag.py:2585} INFO - Sync 1 DAGs
[2023-01-08T13:16:40.744+0000] {logging_mixin.py:120} INFO - [2023-01-08T13:16:40.744+0000] {dag.py:3340} INFO - Setting next_dagrun for example_skip_dag to 2023-01-07T13:16:40.744127+00:00, run_after=2023-01-08T13:16:40.744127+00:00
[2023-01-08T13:16:40.756+0000] {processor.py:176} INFO - Processing /home/airflow/.local/lib/python3.7/site-packages/airflow/example_dags/example_skip_dag.py took 0.062 seconds
[2023-01-08T13:17:10.835+0000] {processor.py:154} INFO - Started process (PID=1439) to work on /home/airflow/.local/lib/python3.7/site-packages/airflow/example_dags/example_skip_dag.py
[2023-01-08T13:17:10.836+0000] {processor.py:756} INFO - Processing file /home/airflow/.local/lib/python3.7/site-packages/airflow/example_dags/example_skip_dag.py for tasks to queue
[2023-01-08T13:17:10.837+0000] {logging_mixin.py:120} INFO - [2023-01-08T13:17:10.837+0000] {dagbag.py:537} INFO - Filling up the DagBag from /home/airflow/.local/lib/python3.7/site-packages/airflow/example_dags/example_skip_dag.py
[2023-01-08T13:17:10.845+0000] {processor.py:766} INFO - DAG(s) dict_keys(['example_skip_dag']) retrieved from /home/airflow/.local/lib/python3.7/site-packages/airflow/example_dags/example_skip_dag.py
[2023-01-08T13:17:10.870+0000] {logging_mixin.py:120} INFO - [2023-01-08T13:17:10.870+0000] {dag.py:2585} INFO - Sync 1 DAGs
[2023-01-08T13:17:10.886+0000] {logging_mixin.py:120} INFO - [2023-01-08T13:17:10.885+0000] {dag.py:3340} INFO - Setting next_dagrun for example_skip_dag to 2023-01-07T13:17:10.885766+00:00, run_after=2023-01-08T13:17:10.885766+00:00
[2023-01-08T13:17:10.898+0000] {processor.py:176} INFO - Processing /home/airflow/.local/lib/python3.7/site-packages/airflow/example_dags/example_skip_dag.py took 0.064 seconds
