[2023-01-08T13:06:06.110+0000] {processor.py:154} INFO - Started process (PID=84) to work on /home/airflow/.local/lib/python3.7/site-packages/airflow/example_dags/example_latest_only.py
[2023-01-08T13:06:06.110+0000] {processor.py:756} INFO - Processing file /home/airflow/.local/lib/python3.7/site-packages/airflow/example_dags/example_latest_only.py for tasks to queue
[2023-01-08T13:06:06.111+0000] {logging_mixin.py:120} INFO - [2023-01-08T13:06:06.111+0000] {dagbag.py:537} INFO - Filling up the DagBag from /home/airflow/.local/lib/python3.7/site-packages/airflow/example_dags/example_latest_only.py
[2023-01-08T13:06:06.148+0000] {processor.py:766} INFO - DAG(s) dict_keys(['latest_only']) retrieved from /home/airflow/.local/lib/python3.7/site-packages/airflow/example_dags/example_latest_only.py
[2023-01-08T13:06:06.281+0000] {logging_mixin.py:120} INFO - [2023-01-08T13:06:06.281+0000] {dag.py:2585} INFO - Sync 1 DAGs
[2023-01-08T13:06:06.336+0000] {logging_mixin.py:120} INFO - [2023-01-08T13:06:06.336+0000] {dag.py:3340} INFO - Setting next_dagrun for latest_only to 2023-01-08T09:06:06.336080+00:00, run_after=2023-01-08T13:06:06.336080+00:00
[2023-01-08T13:06:06.382+0000] {processor.py:176} INFO - Processing /home/airflow/.local/lib/python3.7/site-packages/airflow/example_dags/example_latest_only.py took 0.276 seconds
[2023-01-08T13:06:37.117+0000] {processor.py:154} INFO - Started process (PID=146) to work on /home/airflow/.local/lib/python3.7/site-packages/airflow/example_dags/example_latest_only.py
[2023-01-08T13:06:37.117+0000] {processor.py:756} INFO - Processing file /home/airflow/.local/lib/python3.7/site-packages/airflow/example_dags/example_latest_only.py for tasks to queue
[2023-01-08T13:06:37.118+0000] {logging_mixin.py:120} INFO - [2023-01-08T13:06:37.118+0000] {dagbag.py:537} INFO - Filling up the DagBag from /home/airflow/.local/lib/python3.7/site-packages/airflow/example_dags/example_latest_only.py
[2023-01-08T13:06:37.133+0000] {processor.py:766} INFO - DAG(s) dict_keys(['latest_only']) retrieved from /home/airflow/.local/lib/python3.7/site-packages/airflow/example_dags/example_latest_only.py
[2023-01-08T13:06:37.178+0000] {logging_mixin.py:120} INFO - [2023-01-08T13:06:37.178+0000] {dag.py:2585} INFO - Sync 1 DAGs
[2023-01-08T13:06:37.203+0000] {logging_mixin.py:120} INFO - [2023-01-08T13:06:37.203+0000] {dag.py:3340} INFO - Setting next_dagrun for latest_only to 2023-01-08T09:06:37.203495+00:00, run_after=2023-01-08T13:06:37.203495+00:00
[2023-01-08T13:06:37.222+0000] {processor.py:176} INFO - Processing /home/airflow/.local/lib/python3.7/site-packages/airflow/example_dags/example_latest_only.py took 0.108 seconds
[2023-01-08T13:07:07.422+0000] {processor.py:154} INFO - Started process (PID=212) to work on /home/airflow/.local/lib/python3.7/site-packages/airflow/example_dags/example_latest_only.py
[2023-01-08T13:07:07.423+0000] {processor.py:756} INFO - Processing file /home/airflow/.local/lib/python3.7/site-packages/airflow/example_dags/example_latest_only.py for tasks to queue
[2023-01-08T13:07:07.424+0000] {logging_mixin.py:120} INFO - [2023-01-08T13:07:07.424+0000] {dagbag.py:537} INFO - Filling up the DagBag from /home/airflow/.local/lib/python3.7/site-packages/airflow/example_dags/example_latest_only.py
[2023-01-08T13:07:07.434+0000] {processor.py:766} INFO - DAG(s) dict_keys(['latest_only']) retrieved from /home/airflow/.local/lib/python3.7/site-packages/airflow/example_dags/example_latest_only.py
[2023-01-08T13:07:07.461+0000] {logging_mixin.py:120} INFO - [2023-01-08T13:07:07.461+0000] {dag.py:2585} INFO - Sync 1 DAGs
[2023-01-08T13:07:07.483+0000] {logging_mixin.py:120} INFO - [2023-01-08T13:07:07.483+0000] {dag.py:3340} INFO - Setting next_dagrun for latest_only to 2023-01-08T09:07:07.482831+00:00, run_after=2023-01-08T13:07:07.482831+00:00
[2023-01-08T13:07:07.498+0000] {processor.py:176} INFO - Processing /home/airflow/.local/lib/python3.7/site-packages/airflow/example_dags/example_latest_only.py took 0.080 seconds
[2023-01-08T13:07:37.832+0000] {processor.py:154} INFO - Started process (PID=277) to work on /home/airflow/.local/lib/python3.7/site-packages/airflow/example_dags/example_latest_only.py
[2023-01-08T13:07:37.832+0000] {processor.py:756} INFO - Processing file /home/airflow/.local/lib/python3.7/site-packages/airflow/example_dags/example_latest_only.py for tasks to queue
[2023-01-08T13:07:37.833+0000] {logging_mixin.py:120} INFO - [2023-01-08T13:07:37.833+0000] {dagbag.py:537} INFO - Filling up the DagBag from /home/airflow/.local/lib/python3.7/site-packages/airflow/example_dags/example_latest_only.py
[2023-01-08T13:07:37.840+0000] {processor.py:766} INFO - DAG(s) dict_keys(['latest_only']) retrieved from /home/airflow/.local/lib/python3.7/site-packages/airflow/example_dags/example_latest_only.py
[2023-01-08T13:07:37.864+0000] {logging_mixin.py:120} INFO - [2023-01-08T13:07:37.864+0000] {dag.py:2585} INFO - Sync 1 DAGs
[2023-01-08T13:07:37.881+0000] {logging_mixin.py:120} INFO - [2023-01-08T13:07:37.881+0000] {dag.py:3340} INFO - Setting next_dagrun for latest_only to 2023-01-08T09:07:37.881046+00:00, run_after=2023-01-08T13:07:37.881046+00:00
[2023-01-08T13:07:37.894+0000] {processor.py:176} INFO - Processing /home/airflow/.local/lib/python3.7/site-packages/airflow/example_dags/example_latest_only.py took 0.064 seconds
[2023-01-08T13:08:07.963+0000] {processor.py:154} INFO - Started process (PID=333) to work on /home/airflow/.local/lib/python3.7/site-packages/airflow/example_dags/example_latest_only.py
[2023-01-08T13:08:07.963+0000] {processor.py:756} INFO - Processing file /home/airflow/.local/lib/python3.7/site-packages/airflow/example_dags/example_latest_only.py for tasks to queue
[2023-01-08T13:08:07.964+0000] {logging_mixin.py:120} INFO - [2023-01-08T13:08:07.963+0000] {dagbag.py:537} INFO - Filling up the DagBag from /home/airflow/.local/lib/python3.7/site-packages/airflow/example_dags/example_latest_only.py
[2023-01-08T13:08:07.972+0000] {processor.py:766} INFO - DAG(s) dict_keys(['latest_only']) retrieved from /home/airflow/.local/lib/python3.7/site-packages/airflow/example_dags/example_latest_only.py
[2023-01-08T13:08:07.999+0000] {logging_mixin.py:120} INFO - [2023-01-08T13:08:07.999+0000] {dag.py:2585} INFO - Sync 1 DAGs
[2023-01-08T13:08:08.025+0000] {logging_mixin.py:120} INFO - [2023-01-08T13:08:08.025+0000] {dag.py:3340} INFO - Setting next_dagrun for latest_only to 2023-01-08T09:08:08.024865+00:00, run_after=2023-01-08T13:08:08.024865+00:00
[2023-01-08T13:08:08.044+0000] {processor.py:176} INFO - Processing /home/airflow/.local/lib/python3.7/site-packages/airflow/example_dags/example_latest_only.py took 0.083 seconds
[2023-01-08T13:08:38.102+0000] {processor.py:154} INFO - Started process (PID=398) to work on /home/airflow/.local/lib/python3.7/site-packages/airflow/example_dags/example_latest_only.py
[2023-01-08T13:08:38.103+0000] {processor.py:756} INFO - Processing file /home/airflow/.local/lib/python3.7/site-packages/airflow/example_dags/example_latest_only.py for tasks to queue
[2023-01-08T13:08:38.103+0000] {logging_mixin.py:120} INFO - [2023-01-08T13:08:38.103+0000] {dagbag.py:537} INFO - Filling up the DagBag from /home/airflow/.local/lib/python3.7/site-packages/airflow/example_dags/example_latest_only.py
[2023-01-08T13:08:38.111+0000] {processor.py:766} INFO - DAG(s) dict_keys(['latest_only']) retrieved from /home/airflow/.local/lib/python3.7/site-packages/airflow/example_dags/example_latest_only.py
[2023-01-08T13:08:38.135+0000] {logging_mixin.py:120} INFO - [2023-01-08T13:08:38.135+0000] {dag.py:2585} INFO - Sync 1 DAGs
[2023-01-08T13:08:38.151+0000] {logging_mixin.py:120} INFO - [2023-01-08T13:08:38.150+0000] {dag.py:3340} INFO - Setting next_dagrun for latest_only to 2023-01-08T09:08:38.150853+00:00, run_after=2023-01-08T13:08:38.150853+00:00
[2023-01-08T13:08:38.162+0000] {processor.py:176} INFO - Processing /home/airflow/.local/lib/python3.7/site-packages/airflow/example_dags/example_latest_only.py took 0.062 seconds
[2023-01-08T13:09:08.285+0000] {processor.py:154} INFO - Started process (PID=463) to work on /home/airflow/.local/lib/python3.7/site-packages/airflow/example_dags/example_latest_only.py
[2023-01-08T13:09:08.285+0000] {processor.py:756} INFO - Processing file /home/airflow/.local/lib/python3.7/site-packages/airflow/example_dags/example_latest_only.py for tasks to queue
[2023-01-08T13:09:08.286+0000] {logging_mixin.py:120} INFO - [2023-01-08T13:09:08.285+0000] {dagbag.py:537} INFO - Filling up the DagBag from /home/airflow/.local/lib/python3.7/site-packages/airflow/example_dags/example_latest_only.py
[2023-01-08T13:09:08.293+0000] {processor.py:766} INFO - DAG(s) dict_keys(['latest_only']) retrieved from /home/airflow/.local/lib/python3.7/site-packages/airflow/example_dags/example_latest_only.py
[2023-01-08T13:09:08.317+0000] {logging_mixin.py:120} INFO - [2023-01-08T13:09:08.317+0000] {dag.py:2585} INFO - Sync 1 DAGs
[2023-01-08T13:09:08.333+0000] {logging_mixin.py:120} INFO - [2023-01-08T13:09:08.333+0000] {dag.py:3340} INFO - Setting next_dagrun for latest_only to 2023-01-08T09:09:08.333065+00:00, run_after=2023-01-08T13:09:08.333065+00:00
[2023-01-08T13:09:08.345+0000] {processor.py:176} INFO - Processing /home/airflow/.local/lib/python3.7/site-packages/airflow/example_dags/example_latest_only.py took 0.062 seconds
[2023-01-08T13:09:39.262+0000] {processor.py:154} INFO - Started process (PID=528) to work on /home/airflow/.local/lib/python3.7/site-packages/airflow/example_dags/example_latest_only.py
[2023-01-08T13:09:39.263+0000] {processor.py:756} INFO - Processing file /home/airflow/.local/lib/python3.7/site-packages/airflow/example_dags/example_latest_only.py for tasks to queue
[2023-01-08T13:09:39.264+0000] {logging_mixin.py:120} INFO - [2023-01-08T13:09:39.264+0000] {dagbag.py:537} INFO - Filling up the DagBag from /home/airflow/.local/lib/python3.7/site-packages/airflow/example_dags/example_latest_only.py
[2023-01-08T13:09:39.272+0000] {processor.py:766} INFO - DAG(s) dict_keys(['latest_only']) retrieved from /home/airflow/.local/lib/python3.7/site-packages/airflow/example_dags/example_latest_only.py
[2023-01-08T13:09:39.297+0000] {logging_mixin.py:120} INFO - [2023-01-08T13:09:39.297+0000] {dag.py:2585} INFO - Sync 1 DAGs
[2023-01-08T13:09:39.313+0000] {logging_mixin.py:120} INFO - [2023-01-08T13:09:39.312+0000] {dag.py:3340} INFO - Setting next_dagrun for latest_only to 2023-01-08T09:09:39.312797+00:00, run_after=2023-01-08T13:09:39.312797+00:00
[2023-01-08T13:09:39.326+0000] {processor.py:176} INFO - Processing /home/airflow/.local/lib/python3.7/site-packages/airflow/example_dags/example_latest_only.py took 0.065 seconds
[2023-01-08T13:10:10.198+0000] {processor.py:154} INFO - Started process (PID=593) to work on /home/airflow/.local/lib/python3.7/site-packages/airflow/example_dags/example_latest_only.py
[2023-01-08T13:10:10.199+0000] {processor.py:756} INFO - Processing file /home/airflow/.local/lib/python3.7/site-packages/airflow/example_dags/example_latest_only.py for tasks to queue
[2023-01-08T13:10:10.199+0000] {logging_mixin.py:120} INFO - [2023-01-08T13:10:10.199+0000] {dagbag.py:537} INFO - Filling up the DagBag from /home/airflow/.local/lib/python3.7/site-packages/airflow/example_dags/example_latest_only.py
[2023-01-08T13:10:10.207+0000] {processor.py:766} INFO - DAG(s) dict_keys(['latest_only']) retrieved from /home/airflow/.local/lib/python3.7/site-packages/airflow/example_dags/example_latest_only.py
[2023-01-08T13:10:10.269+0000] {logging_mixin.py:120} INFO - [2023-01-08T13:10:10.268+0000] {dag.py:2585} INFO - Sync 1 DAGs
[2023-01-08T13:10:10.286+0000] {logging_mixin.py:120} INFO - [2023-01-08T13:10:10.286+0000] {dag.py:3340} INFO - Setting next_dagrun for latest_only to 2023-01-08T09:10:10.286400+00:00, run_after=2023-01-08T13:10:10.286400+00:00
[2023-01-08T13:10:10.299+0000] {processor.py:176} INFO - Processing /home/airflow/.local/lib/python3.7/site-packages/airflow/example_dags/example_latest_only.py took 0.102 seconds
[2023-01-08T13:10:41.200+0000] {processor.py:154} INFO - Started process (PID=656) to work on /home/airflow/.local/lib/python3.7/site-packages/airflow/example_dags/example_latest_only.py
[2023-01-08T13:10:41.201+0000] {processor.py:756} INFO - Processing file /home/airflow/.local/lib/python3.7/site-packages/airflow/example_dags/example_latest_only.py for tasks to queue
[2023-01-08T13:10:41.202+0000] {logging_mixin.py:120} INFO - [2023-01-08T13:10:41.202+0000] {dagbag.py:537} INFO - Filling up the DagBag from /home/airflow/.local/lib/python3.7/site-packages/airflow/example_dags/example_latest_only.py
[2023-01-08T13:10:41.210+0000] {processor.py:766} INFO - DAG(s) dict_keys(['latest_only']) retrieved from /home/airflow/.local/lib/python3.7/site-packages/airflow/example_dags/example_latest_only.py
[2023-01-08T13:10:41.238+0000] {logging_mixin.py:120} INFO - [2023-01-08T13:10:41.238+0000] {dag.py:2585} INFO - Sync 1 DAGs
[2023-01-08T13:10:41.262+0000] {logging_mixin.py:120} INFO - [2023-01-08T13:10:41.262+0000] {dag.py:3340} INFO - Setting next_dagrun for latest_only to 2023-01-08T09:10:41.262334+00:00, run_after=2023-01-08T13:10:41.262334+00:00
[2023-01-08T13:10:41.280+0000] {processor.py:176} INFO - Processing /home/airflow/.local/lib/python3.7/site-packages/airflow/example_dags/example_latest_only.py took 0.081 seconds
[2023-01-08T13:11:12.310+0000] {processor.py:154} INFO - Started process (PID=714) to work on /home/airflow/.local/lib/python3.7/site-packages/airflow/example_dags/example_latest_only.py
[2023-01-08T13:11:12.311+0000] {processor.py:756} INFO - Processing file /home/airflow/.local/lib/python3.7/site-packages/airflow/example_dags/example_latest_only.py for tasks to queue
[2023-01-08T13:11:12.311+0000] {logging_mixin.py:120} INFO - [2023-01-08T13:11:12.311+0000] {dagbag.py:537} INFO - Filling up the DagBag from /home/airflow/.local/lib/python3.7/site-packages/airflow/example_dags/example_latest_only.py
[2023-01-08T13:11:12.320+0000] {processor.py:766} INFO - DAG(s) dict_keys(['latest_only']) retrieved from /home/airflow/.local/lib/python3.7/site-packages/airflow/example_dags/example_latest_only.py
[2023-01-08T13:11:12.349+0000] {logging_mixin.py:120} INFO - [2023-01-08T13:11:12.349+0000] {dag.py:2585} INFO - Sync 1 DAGs
[2023-01-08T13:11:12.368+0000] {logging_mixin.py:120} INFO - [2023-01-08T13:11:12.368+0000] {dag.py:3340} INFO - Setting next_dagrun for latest_only to 2023-01-08T09:11:12.367962+00:00, run_after=2023-01-08T13:11:12.367962+00:00
[2023-01-08T13:11:12.380+0000] {processor.py:176} INFO - Processing /home/airflow/.local/lib/python3.7/site-packages/airflow/example_dags/example_latest_only.py took 0.072 seconds
[2023-01-08T13:11:42.548+0000] {processor.py:154} INFO - Started process (PID=779) to work on /home/airflow/.local/lib/python3.7/site-packages/airflow/example_dags/example_latest_only.py
[2023-01-08T13:11:42.548+0000] {processor.py:756} INFO - Processing file /home/airflow/.local/lib/python3.7/site-packages/airflow/example_dags/example_latest_only.py for tasks to queue
[2023-01-08T13:11:42.549+0000] {logging_mixin.py:120} INFO - [2023-01-08T13:11:42.549+0000] {dagbag.py:537} INFO - Filling up the DagBag from /home/airflow/.local/lib/python3.7/site-packages/airflow/example_dags/example_latest_only.py
[2023-01-08T13:11:42.559+0000] {processor.py:766} INFO - DAG(s) dict_keys(['latest_only']) retrieved from /home/airflow/.local/lib/python3.7/site-packages/airflow/example_dags/example_latest_only.py
[2023-01-08T13:11:42.582+0000] {logging_mixin.py:120} INFO - [2023-01-08T13:11:42.582+0000] {dag.py:2585} INFO - Sync 1 DAGs
[2023-01-08T13:11:42.598+0000] {logging_mixin.py:120} INFO - [2023-01-08T13:11:42.598+0000] {dag.py:3340} INFO - Setting next_dagrun for latest_only to 2023-01-08T09:11:42.598135+00:00, run_after=2023-01-08T13:11:42.598135+00:00
[2023-01-08T13:11:42.611+0000] {processor.py:176} INFO - Processing /home/airflow/.local/lib/python3.7/site-packages/airflow/example_dags/example_latest_only.py took 0.065 seconds
[2023-01-08T13:12:12.797+0000] {processor.py:154} INFO - Started process (PID=844) to work on /home/airflow/.local/lib/python3.7/site-packages/airflow/example_dags/example_latest_only.py
[2023-01-08T13:12:12.798+0000] {processor.py:756} INFO - Processing file /home/airflow/.local/lib/python3.7/site-packages/airflow/example_dags/example_latest_only.py for tasks to queue
[2023-01-08T13:12:12.798+0000] {logging_mixin.py:120} INFO - [2023-01-08T13:12:12.798+0000] {dagbag.py:537} INFO - Filling up the DagBag from /home/airflow/.local/lib/python3.7/site-packages/airflow/example_dags/example_latest_only.py
[2023-01-08T13:12:12.808+0000] {processor.py:766} INFO - DAG(s) dict_keys(['latest_only']) retrieved from /home/airflow/.local/lib/python3.7/site-packages/airflow/example_dags/example_latest_only.py
[2023-01-08T13:12:12.834+0000] {logging_mixin.py:120} INFO - [2023-01-08T13:12:12.834+0000] {dag.py:2585} INFO - Sync 1 DAGs
[2023-01-08T13:12:12.853+0000] {logging_mixin.py:120} INFO - [2023-01-08T13:12:12.853+0000] {dag.py:3340} INFO - Setting next_dagrun for latest_only to 2023-01-08T09:12:12.853545+00:00, run_after=2023-01-08T13:12:12.853545+00:00
[2023-01-08T13:12:12.868+0000] {processor.py:176} INFO - Processing /home/airflow/.local/lib/python3.7/site-packages/airflow/example_dags/example_latest_only.py took 0.072 seconds
[2023-01-08T13:12:43.161+0000] {processor.py:154} INFO - Started process (PID=909) to work on /home/airflow/.local/lib/python3.7/site-packages/airflow/example_dags/example_latest_only.py
[2023-01-08T13:12:43.162+0000] {processor.py:756} INFO - Processing file /home/airflow/.local/lib/python3.7/site-packages/airflow/example_dags/example_latest_only.py for tasks to queue
[2023-01-08T13:12:43.162+0000] {logging_mixin.py:120} INFO - [2023-01-08T13:12:43.162+0000] {dagbag.py:537} INFO - Filling up the DagBag from /home/airflow/.local/lib/python3.7/site-packages/airflow/example_dags/example_latest_only.py
[2023-01-08T13:12:43.170+0000] {processor.py:766} INFO - DAG(s) dict_keys(['latest_only']) retrieved from /home/airflow/.local/lib/python3.7/site-packages/airflow/example_dags/example_latest_only.py
[2023-01-08T13:12:43.194+0000] {logging_mixin.py:120} INFO - [2023-01-08T13:12:43.193+0000] {dag.py:2585} INFO - Sync 1 DAGs
[2023-01-08T13:12:43.210+0000] {logging_mixin.py:120} INFO - [2023-01-08T13:12:43.210+0000] {dag.py:3340} INFO - Setting next_dagrun for latest_only to 2023-01-08T09:12:43.210619+00:00, run_after=2023-01-08T13:12:43.210619+00:00
[2023-01-08T13:12:43.223+0000] {processor.py:176} INFO - Processing /home/airflow/.local/lib/python3.7/site-packages/airflow/example_dags/example_latest_only.py took 0.063 seconds
[2023-01-08T13:13:14.208+0000] {processor.py:154} INFO - Started process (PID=965) to work on /home/airflow/.local/lib/python3.7/site-packages/airflow/example_dags/example_latest_only.py
[2023-01-08T13:13:14.208+0000] {processor.py:756} INFO - Processing file /home/airflow/.local/lib/python3.7/site-packages/airflow/example_dags/example_latest_only.py for tasks to queue
[2023-01-08T13:13:14.209+0000] {logging_mixin.py:120} INFO - [2023-01-08T13:13:14.208+0000] {dagbag.py:537} INFO - Filling up the DagBag from /home/airflow/.local/lib/python3.7/site-packages/airflow/example_dags/example_latest_only.py
[2023-01-08T13:13:14.216+0000] {processor.py:766} INFO - DAG(s) dict_keys(['latest_only']) retrieved from /home/airflow/.local/lib/python3.7/site-packages/airflow/example_dags/example_latest_only.py
[2023-01-08T13:13:14.239+0000] {logging_mixin.py:120} INFO - [2023-01-08T13:13:14.239+0000] {dag.py:2585} INFO - Sync 1 DAGs
[2023-01-08T13:13:14.255+0000] {logging_mixin.py:120} INFO - [2023-01-08T13:13:14.255+0000] {dag.py:3340} INFO - Setting next_dagrun for latest_only to 2023-01-08T09:13:14.255048+00:00, run_after=2023-01-08T13:13:14.255048+00:00
[2023-01-08T13:13:14.267+0000] {processor.py:176} INFO - Processing /home/airflow/.local/lib/python3.7/site-packages/airflow/example_dags/example_latest_only.py took 0.061 seconds
[2023-01-08T13:13:44.479+0000] {processor.py:154} INFO - Started process (PID=1030) to work on /home/airflow/.local/lib/python3.7/site-packages/airflow/example_dags/example_latest_only.py
[2023-01-08T13:13:44.480+0000] {processor.py:756} INFO - Processing file /home/airflow/.local/lib/python3.7/site-packages/airflow/example_dags/example_latest_only.py for tasks to queue
[2023-01-08T13:13:44.480+0000] {logging_mixin.py:120} INFO - [2023-01-08T13:13:44.480+0000] {dagbag.py:537} INFO - Filling up the DagBag from /home/airflow/.local/lib/python3.7/site-packages/airflow/example_dags/example_latest_only.py
[2023-01-08T13:13:44.489+0000] {processor.py:766} INFO - DAG(s) dict_keys(['latest_only']) retrieved from /home/airflow/.local/lib/python3.7/site-packages/airflow/example_dags/example_latest_only.py
[2023-01-08T13:13:44.516+0000] {logging_mixin.py:120} INFO - [2023-01-08T13:13:44.516+0000] {dag.py:2585} INFO - Sync 1 DAGs
[2023-01-08T13:13:44.532+0000] {logging_mixin.py:120} INFO - [2023-01-08T13:13:44.532+0000] {dag.py:3340} INFO - Setting next_dagrun for latest_only to 2023-01-08T09:13:44.532533+00:00, run_after=2023-01-08T13:13:44.532533+00:00
[2023-01-08T13:13:44.546+0000] {processor.py:176} INFO - Processing /home/airflow/.local/lib/python3.7/site-packages/airflow/example_dags/example_latest_only.py took 0.070 seconds
[2023-01-08T13:14:14.948+0000] {processor.py:154} INFO - Started process (PID=1096) to work on /home/airflow/.local/lib/python3.7/site-packages/airflow/example_dags/example_latest_only.py
[2023-01-08T13:14:14.948+0000] {processor.py:756} INFO - Processing file /home/airflow/.local/lib/python3.7/site-packages/airflow/example_dags/example_latest_only.py for tasks to queue
[2023-01-08T13:14:14.948+0000] {logging_mixin.py:120} INFO - [2023-01-08T13:14:14.948+0000] {dagbag.py:537} INFO - Filling up the DagBag from /home/airflow/.local/lib/python3.7/site-packages/airflow/example_dags/example_latest_only.py
[2023-01-08T13:14:14.957+0000] {processor.py:766} INFO - DAG(s) dict_keys(['latest_only']) retrieved from /home/airflow/.local/lib/python3.7/site-packages/airflow/example_dags/example_latest_only.py
[2023-01-08T13:14:14.980+0000] {logging_mixin.py:120} INFO - [2023-01-08T13:14:14.980+0000] {dag.py:2585} INFO - Sync 1 DAGs
[2023-01-08T13:14:14.996+0000] {logging_mixin.py:120} INFO - [2023-01-08T13:14:14.996+0000] {dag.py:3340} INFO - Setting next_dagrun for latest_only to 2023-01-08T09:14:14.996467+00:00, run_after=2023-01-08T13:14:14.996467+00:00
[2023-01-08T13:14:15.009+0000] {processor.py:176} INFO - Processing /home/airflow/.local/lib/python3.7/site-packages/airflow/example_dags/example_latest_only.py took 0.063 seconds
[2023-01-08T13:14:45.181+0000] {processor.py:154} INFO - Started process (PID=1160) to work on /home/airflow/.local/lib/python3.7/site-packages/airflow/example_dags/example_latest_only.py
[2023-01-08T13:14:45.182+0000] {processor.py:756} INFO - Processing file /home/airflow/.local/lib/python3.7/site-packages/airflow/example_dags/example_latest_only.py for tasks to queue
[2023-01-08T13:14:45.182+0000] {logging_mixin.py:120} INFO - [2023-01-08T13:14:45.182+0000] {dagbag.py:537} INFO - Filling up the DagBag from /home/airflow/.local/lib/python3.7/site-packages/airflow/example_dags/example_latest_only.py
[2023-01-08T13:14:45.190+0000] {processor.py:766} INFO - DAG(s) dict_keys(['latest_only']) retrieved from /home/airflow/.local/lib/python3.7/site-packages/airflow/example_dags/example_latest_only.py
[2023-01-08T13:14:45.215+0000] {logging_mixin.py:120} INFO - [2023-01-08T13:14:45.215+0000] {dag.py:2585} INFO - Sync 1 DAGs
[2023-01-08T13:14:45.230+0000] {logging_mixin.py:120} INFO - [2023-01-08T13:14:45.230+0000] {dag.py:3340} INFO - Setting next_dagrun for latest_only to 2023-01-08T09:14:45.230666+00:00, run_after=2023-01-08T13:14:45.230666+00:00
[2023-01-08T13:14:45.242+0000] {processor.py:176} INFO - Processing /home/airflow/.local/lib/python3.7/site-packages/airflow/example_dags/example_latest_only.py took 0.063 seconds
[2023-01-08T13:15:15.775+0000] {processor.py:154} INFO - Started process (PID=1225) to work on /home/airflow/.local/lib/python3.7/site-packages/airflow/example_dags/example_latest_only.py
[2023-01-08T13:15:15.776+0000] {processor.py:756} INFO - Processing file /home/airflow/.local/lib/python3.7/site-packages/airflow/example_dags/example_latest_only.py for tasks to queue
[2023-01-08T13:15:15.777+0000] {logging_mixin.py:120} INFO - [2023-01-08T13:15:15.777+0000] {dagbag.py:537} INFO - Filling up the DagBag from /home/airflow/.local/lib/python3.7/site-packages/airflow/example_dags/example_latest_only.py
[2023-01-08T13:15:15.785+0000] {processor.py:766} INFO - DAG(s) dict_keys(['latest_only']) retrieved from /home/airflow/.local/lib/python3.7/site-packages/airflow/example_dags/example_latest_only.py
[2023-01-08T13:15:15.817+0000] {logging_mixin.py:120} INFO - [2023-01-08T13:15:15.816+0000] {dag.py:2585} INFO - Sync 1 DAGs
[2023-01-08T13:15:15.844+0000] {logging_mixin.py:120} INFO - [2023-01-08T13:15:15.843+0000] {dag.py:3340} INFO - Setting next_dagrun for latest_only to 2023-01-08T09:15:15.843659+00:00, run_after=2023-01-08T13:15:15.843659+00:00
[2023-01-08T13:15:15.862+0000] {processor.py:176} INFO - Processing /home/airflow/.local/lib/python3.7/site-packages/airflow/example_dags/example_latest_only.py took 0.088 seconds
[2023-01-08T13:15:45.939+0000] {processor.py:154} INFO - Started process (PID=1281) to work on /home/airflow/.local/lib/python3.7/site-packages/airflow/example_dags/example_latest_only.py
[2023-01-08T13:15:45.939+0000] {processor.py:756} INFO - Processing file /home/airflow/.local/lib/python3.7/site-packages/airflow/example_dags/example_latest_only.py for tasks to queue
[2023-01-08T13:15:45.939+0000] {logging_mixin.py:120} INFO - [2023-01-08T13:15:45.939+0000] {dagbag.py:537} INFO - Filling up the DagBag from /home/airflow/.local/lib/python3.7/site-packages/airflow/example_dags/example_latest_only.py
[2023-01-08T13:15:45.947+0000] {processor.py:766} INFO - DAG(s) dict_keys(['latest_only']) retrieved from /home/airflow/.local/lib/python3.7/site-packages/airflow/example_dags/example_latest_only.py
[2023-01-08T13:15:45.971+0000] {logging_mixin.py:120} INFO - [2023-01-08T13:15:45.970+0000] {dag.py:2585} INFO - Sync 1 DAGs
[2023-01-08T13:15:45.987+0000] {logging_mixin.py:120} INFO - [2023-01-08T13:15:45.987+0000] {dag.py:3340} INFO - Setting next_dagrun for latest_only to 2023-01-08T09:15:45.987417+00:00, run_after=2023-01-08T13:15:45.987417+00:00
[2023-01-08T13:15:45.999+0000] {processor.py:176} INFO - Processing /home/airflow/.local/lib/python3.7/site-packages/airflow/example_dags/example_latest_only.py took 0.062 seconds
[2023-01-08T13:16:16.055+0000] {processor.py:154} INFO - Started process (PID=1346) to work on /home/airflow/.local/lib/python3.7/site-packages/airflow/example_dags/example_latest_only.py
[2023-01-08T13:16:16.055+0000] {processor.py:756} INFO - Processing file /home/airflow/.local/lib/python3.7/site-packages/airflow/example_dags/example_latest_only.py for tasks to queue
[2023-01-08T13:16:16.056+0000] {logging_mixin.py:120} INFO - [2023-01-08T13:16:16.056+0000] {dagbag.py:537} INFO - Filling up the DagBag from /home/airflow/.local/lib/python3.7/site-packages/airflow/example_dags/example_latest_only.py
[2023-01-08T13:16:16.064+0000] {processor.py:766} INFO - DAG(s) dict_keys(['latest_only']) retrieved from /home/airflow/.local/lib/python3.7/site-packages/airflow/example_dags/example_latest_only.py
[2023-01-08T13:16:16.087+0000] {logging_mixin.py:120} INFO - [2023-01-08T13:16:16.087+0000] {dag.py:2585} INFO - Sync 1 DAGs
[2023-01-08T13:16:16.104+0000] {logging_mixin.py:120} INFO - [2023-01-08T13:16:16.104+0000] {dag.py:3340} INFO - Setting next_dagrun for latest_only to 2023-01-08T09:16:16.104011+00:00, run_after=2023-01-08T13:16:16.104011+00:00
[2023-01-08T13:16:16.115+0000] {processor.py:176} INFO - Processing /home/airflow/.local/lib/python3.7/site-packages/airflow/example_dags/example_latest_only.py took 0.062 seconds
[2023-01-08T13:16:46.979+0000] {processor.py:154} INFO - Started process (PID=1411) to work on /home/airflow/.local/lib/python3.7/site-packages/airflow/example_dags/example_latest_only.py
[2023-01-08T13:16:46.979+0000] {processor.py:756} INFO - Processing file /home/airflow/.local/lib/python3.7/site-packages/airflow/example_dags/example_latest_only.py for tasks to queue
[2023-01-08T13:16:46.980+0000] {logging_mixin.py:120} INFO - [2023-01-08T13:16:46.980+0000] {dagbag.py:537} INFO - Filling up the DagBag from /home/airflow/.local/lib/python3.7/site-packages/airflow/example_dags/example_latest_only.py
[2023-01-08T13:16:46.987+0000] {processor.py:766} INFO - DAG(s) dict_keys(['latest_only']) retrieved from /home/airflow/.local/lib/python3.7/site-packages/airflow/example_dags/example_latest_only.py
[2023-01-08T13:16:47.011+0000] {logging_mixin.py:120} INFO - [2023-01-08T13:16:47.011+0000] {dag.py:2585} INFO - Sync 1 DAGs
[2023-01-08T13:16:47.027+0000] {logging_mixin.py:120} INFO - [2023-01-08T13:16:47.027+0000] {dag.py:3340} INFO - Setting next_dagrun for latest_only to 2023-01-08T09:16:47.026876+00:00, run_after=2023-01-08T13:16:47.026876+00:00
[2023-01-08T13:16:47.040+0000] {processor.py:176} INFO - Processing /home/airflow/.local/lib/python3.7/site-packages/airflow/example_dags/example_latest_only.py took 0.062 seconds
