[2023-01-08T13:06:05.412+0000] {processor.py:154} INFO - Started process (PID=72) to work on /home/airflow/.local/lib/python3.7/site-packages/airflow/example_dags/example_branch_labels.py
[2023-01-08T13:06:05.412+0000] {processor.py:756} INFO - Processing file /home/airflow/.local/lib/python3.7/site-packages/airflow/example_dags/example_branch_labels.py for tasks to queue
[2023-01-08T13:06:05.413+0000] {logging_mixin.py:120} INFO - [2023-01-08T13:06:05.413+0000] {dagbag.py:537} INFO - Filling up the DagBag from /home/airflow/.local/lib/python3.7/site-packages/airflow/example_dags/example_branch_labels.py
[2023-01-08T13:06:05.442+0000] {processor.py:766} INFO - DAG(s) dict_keys(['example_branch_labels']) retrieved from /home/airflow/.local/lib/python3.7/site-packages/airflow/example_dags/example_branch_labels.py
[2023-01-08T13:06:05.516+0000] {logging_mixin.py:120} INFO - [2023-01-08T13:06:05.516+0000] {dag.py:2585} INFO - Sync 1 DAGs
[2023-01-08T13:06:05.561+0000] {logging_mixin.py:120} INFO - [2023-01-08T13:06:05.561+0000] {dag.py:3340} INFO - Setting next_dagrun for example_branch_labels to 2023-01-07T00:00:00+00:00, run_after=2023-01-08T00:00:00+00:00
[2023-01-08T13:06:05.592+0000] {processor.py:176} INFO - Processing /home/airflow/.local/lib/python3.7/site-packages/airflow/example_dags/example_branch_labels.py took 0.184 seconds
[2023-01-08T13:06:35.932+0000] {processor.py:154} INFO - Started process (PID=141) to work on /home/airflow/.local/lib/python3.7/site-packages/airflow/example_dags/example_branch_labels.py
[2023-01-08T13:06:35.933+0000] {processor.py:756} INFO - Processing file /home/airflow/.local/lib/python3.7/site-packages/airflow/example_dags/example_branch_labels.py for tasks to queue
[2023-01-08T13:06:35.933+0000] {logging_mixin.py:120} INFO - [2023-01-08T13:06:35.933+0000] {dagbag.py:537} INFO - Filling up the DagBag from /home/airflow/.local/lib/python3.7/site-packages/airflow/example_dags/example_branch_labels.py
[2023-01-08T13:06:35.946+0000] {processor.py:766} INFO - DAG(s) dict_keys(['example_branch_labels']) retrieved from /home/airflow/.local/lib/python3.7/site-packages/airflow/example_dags/example_branch_labels.py
[2023-01-08T13:06:35.974+0000] {logging_mixin.py:120} INFO - [2023-01-08T13:06:35.974+0000] {dag.py:2585} INFO - Sync 1 DAGs
[2023-01-08T13:06:35.994+0000] {logging_mixin.py:120} INFO - [2023-01-08T13:06:35.993+0000] {dag.py:3340} INFO - Setting next_dagrun for example_branch_labels to 2023-01-07T00:00:00+00:00, run_after=2023-01-08T00:00:00+00:00
[2023-01-08T13:06:36.005+0000] {processor.py:176} INFO - Processing /home/airflow/.local/lib/python3.7/site-packages/airflow/example_dags/example_branch_labels.py took 0.076 seconds
[2023-01-08T13:07:06.198+0000] {processor.py:154} INFO - Started process (PID=207) to work on /home/airflow/.local/lib/python3.7/site-packages/airflow/example_dags/example_branch_labels.py
[2023-01-08T13:07:06.199+0000] {processor.py:756} INFO - Processing file /home/airflow/.local/lib/python3.7/site-packages/airflow/example_dags/example_branch_labels.py for tasks to queue
[2023-01-08T13:07:06.199+0000] {logging_mixin.py:120} INFO - [2023-01-08T13:07:06.199+0000] {dagbag.py:537} INFO - Filling up the DagBag from /home/airflow/.local/lib/python3.7/site-packages/airflow/example_dags/example_branch_labels.py
[2023-01-08T13:07:06.211+0000] {processor.py:766} INFO - DAG(s) dict_keys(['example_branch_labels']) retrieved from /home/airflow/.local/lib/python3.7/site-packages/airflow/example_dags/example_branch_labels.py
[2023-01-08T13:07:06.237+0000] {logging_mixin.py:120} INFO - [2023-01-08T13:07:06.237+0000] {dag.py:2585} INFO - Sync 1 DAGs
[2023-01-08T13:07:06.254+0000] {logging_mixin.py:120} INFO - [2023-01-08T13:07:06.254+0000] {dag.py:3340} INFO - Setting next_dagrun for example_branch_labels to 2023-01-07T00:00:00+00:00, run_after=2023-01-08T00:00:00+00:00
[2023-01-08T13:07:06.266+0000] {processor.py:176} INFO - Processing /home/airflow/.local/lib/python3.7/site-packages/airflow/example_dags/example_branch_labels.py took 0.069 seconds
[2023-01-08T13:07:36.651+0000] {processor.py:154} INFO - Started process (PID=272) to work on /home/airflow/.local/lib/python3.7/site-packages/airflow/example_dags/example_branch_labels.py
[2023-01-08T13:07:36.652+0000] {processor.py:756} INFO - Processing file /home/airflow/.local/lib/python3.7/site-packages/airflow/example_dags/example_branch_labels.py for tasks to queue
[2023-01-08T13:07:36.653+0000] {logging_mixin.py:120} INFO - [2023-01-08T13:07:36.653+0000] {dagbag.py:537} INFO - Filling up the DagBag from /home/airflow/.local/lib/python3.7/site-packages/airflow/example_dags/example_branch_labels.py
[2023-01-08T13:07:36.661+0000] {processor.py:766} INFO - DAG(s) dict_keys(['example_branch_labels']) retrieved from /home/airflow/.local/lib/python3.7/site-packages/airflow/example_dags/example_branch_labels.py
[2023-01-08T13:07:36.686+0000] {logging_mixin.py:120} INFO - [2023-01-08T13:07:36.686+0000] {dag.py:2585} INFO - Sync 1 DAGs
[2023-01-08T13:07:36.702+0000] {logging_mixin.py:120} INFO - [2023-01-08T13:07:36.702+0000] {dag.py:3340} INFO - Setting next_dagrun for example_branch_labels to 2023-01-07T00:00:00+00:00, run_after=2023-01-08T00:00:00+00:00
[2023-01-08T13:07:36.715+0000] {processor.py:176} INFO - Processing /home/airflow/.local/lib/python3.7/site-packages/airflow/example_dags/example_branch_labels.py took 0.065 seconds
[2023-01-08T13:08:06.787+0000] {processor.py:154} INFO - Started process (PID=329) to work on /home/airflow/.local/lib/python3.7/site-packages/airflow/example_dags/example_branch_labels.py
[2023-01-08T13:08:06.788+0000] {processor.py:756} INFO - Processing file /home/airflow/.local/lib/python3.7/site-packages/airflow/example_dags/example_branch_labels.py for tasks to queue
[2023-01-08T13:08:06.788+0000] {logging_mixin.py:120} INFO - [2023-01-08T13:08:06.788+0000] {dagbag.py:537} INFO - Filling up the DagBag from /home/airflow/.local/lib/python3.7/site-packages/airflow/example_dags/example_branch_labels.py
[2023-01-08T13:08:06.798+0000] {processor.py:766} INFO - DAG(s) dict_keys(['example_branch_labels']) retrieved from /home/airflow/.local/lib/python3.7/site-packages/airflow/example_dags/example_branch_labels.py
[2023-01-08T13:08:06.824+0000] {logging_mixin.py:120} INFO - [2023-01-08T13:08:06.824+0000] {dag.py:2585} INFO - Sync 1 DAGs
[2023-01-08T13:08:06.843+0000] {logging_mixin.py:120} INFO - [2023-01-08T13:08:06.843+0000] {dag.py:3340} INFO - Setting next_dagrun for example_branch_labels to 2023-01-07T00:00:00+00:00, run_after=2023-01-08T00:00:00+00:00
[2023-01-08T13:08:06.855+0000] {processor.py:176} INFO - Processing /home/airflow/.local/lib/python3.7/site-packages/airflow/example_dags/example_branch_labels.py took 0.069 seconds
[2023-01-08T13:08:37.869+0000] {processor.py:154} INFO - Started process (PID=394) to work on /home/airflow/.local/lib/python3.7/site-packages/airflow/example_dags/example_branch_labels.py
[2023-01-08T13:08:37.869+0000] {processor.py:756} INFO - Processing file /home/airflow/.local/lib/python3.7/site-packages/airflow/example_dags/example_branch_labels.py for tasks to queue
[2023-01-08T13:08:37.870+0000] {logging_mixin.py:120} INFO - [2023-01-08T13:08:37.870+0000] {dagbag.py:537} INFO - Filling up the DagBag from /home/airflow/.local/lib/python3.7/site-packages/airflow/example_dags/example_branch_labels.py
[2023-01-08T13:08:37.878+0000] {processor.py:766} INFO - DAG(s) dict_keys(['example_branch_labels']) retrieved from /home/airflow/.local/lib/python3.7/site-packages/airflow/example_dags/example_branch_labels.py
[2023-01-08T13:08:37.901+0000] {logging_mixin.py:120} INFO - [2023-01-08T13:08:37.900+0000] {dag.py:2585} INFO - Sync 1 DAGs
[2023-01-08T13:08:37.917+0000] {logging_mixin.py:120} INFO - [2023-01-08T13:08:37.917+0000] {dag.py:3340} INFO - Setting next_dagrun for example_branch_labels to 2023-01-07T00:00:00+00:00, run_after=2023-01-08T00:00:00+00:00
[2023-01-08T13:08:37.928+0000] {processor.py:176} INFO - Processing /home/airflow/.local/lib/python3.7/site-packages/airflow/example_dags/example_branch_labels.py took 0.060 seconds
[2023-01-08T13:09:08.123+0000] {processor.py:154} INFO - Started process (PID=459) to work on /home/airflow/.local/lib/python3.7/site-packages/airflow/example_dags/example_branch_labels.py
[2023-01-08T13:09:08.123+0000] {processor.py:756} INFO - Processing file /home/airflow/.local/lib/python3.7/site-packages/airflow/example_dags/example_branch_labels.py for tasks to queue
[2023-01-08T13:09:08.124+0000] {logging_mixin.py:120} INFO - [2023-01-08T13:09:08.124+0000] {dagbag.py:537} INFO - Filling up the DagBag from /home/airflow/.local/lib/python3.7/site-packages/airflow/example_dags/example_branch_labels.py
[2023-01-08T13:09:08.132+0000] {processor.py:766} INFO - DAG(s) dict_keys(['example_branch_labels']) retrieved from /home/airflow/.local/lib/python3.7/site-packages/airflow/example_dags/example_branch_labels.py
[2023-01-08T13:09:08.157+0000] {logging_mixin.py:120} INFO - [2023-01-08T13:09:08.157+0000] {dag.py:2585} INFO - Sync 1 DAGs
[2023-01-08T13:09:08.174+0000] {logging_mixin.py:120} INFO - [2023-01-08T13:09:08.174+0000] {dag.py:3340} INFO - Setting next_dagrun for example_branch_labels to 2023-01-07T00:00:00+00:00, run_after=2023-01-08T00:00:00+00:00
[2023-01-08T13:09:08.186+0000] {processor.py:176} INFO - Processing /home/airflow/.local/lib/python3.7/site-packages/airflow/example_dags/example_branch_labels.py took 0.064 seconds
[2023-01-08T13:09:39.101+0000] {processor.py:154} INFO - Started process (PID=524) to work on /home/airflow/.local/lib/python3.7/site-packages/airflow/example_dags/example_branch_labels.py
[2023-01-08T13:09:39.103+0000] {processor.py:756} INFO - Processing file /home/airflow/.local/lib/python3.7/site-packages/airflow/example_dags/example_branch_labels.py for tasks to queue
[2023-01-08T13:09:39.103+0000] {logging_mixin.py:120} INFO - [2023-01-08T13:09:39.103+0000] {dagbag.py:537} INFO - Filling up the DagBag from /home/airflow/.local/lib/python3.7/site-packages/airflow/example_dags/example_branch_labels.py
[2023-01-08T13:09:39.112+0000] {processor.py:766} INFO - DAG(s) dict_keys(['example_branch_labels']) retrieved from /home/airflow/.local/lib/python3.7/site-packages/airflow/example_dags/example_branch_labels.py
[2023-01-08T13:09:39.136+0000] {logging_mixin.py:120} INFO - [2023-01-08T13:09:39.136+0000] {dag.py:2585} INFO - Sync 1 DAGs
[2023-01-08T13:09:39.152+0000] {logging_mixin.py:120} INFO - [2023-01-08T13:09:39.152+0000] {dag.py:3340} INFO - Setting next_dagrun for example_branch_labels to 2023-01-07T00:00:00+00:00, run_after=2023-01-08T00:00:00+00:00
[2023-01-08T13:09:39.164+0000] {processor.py:176} INFO - Processing /home/airflow/.local/lib/python3.7/site-packages/airflow/example_dags/example_branch_labels.py took 0.064 seconds
[2023-01-08T13:10:10.037+0000] {processor.py:154} INFO - Started process (PID=589) to work on /home/airflow/.local/lib/python3.7/site-packages/airflow/example_dags/example_branch_labels.py
[2023-01-08T13:10:10.037+0000] {processor.py:756} INFO - Processing file /home/airflow/.local/lib/python3.7/site-packages/airflow/example_dags/example_branch_labels.py for tasks to queue
[2023-01-08T13:10:10.037+0000] {logging_mixin.py:120} INFO - [2023-01-08T13:10:10.037+0000] {dagbag.py:537} INFO - Filling up the DagBag from /home/airflow/.local/lib/python3.7/site-packages/airflow/example_dags/example_branch_labels.py
[2023-01-08T13:10:10.046+0000] {processor.py:766} INFO - DAG(s) dict_keys(['example_branch_labels']) retrieved from /home/airflow/.local/lib/python3.7/site-packages/airflow/example_dags/example_branch_labels.py
[2023-01-08T13:10:10.070+0000] {logging_mixin.py:120} INFO - [2023-01-08T13:10:10.070+0000] {dag.py:2585} INFO - Sync 1 DAGs
[2023-01-08T13:10:10.087+0000] {logging_mixin.py:120} INFO - [2023-01-08T13:10:10.087+0000] {dag.py:3340} INFO - Setting next_dagrun for example_branch_labels to 2023-01-07T00:00:00+00:00, run_after=2023-01-08T00:00:00+00:00
[2023-01-08T13:10:10.099+0000] {processor.py:176} INFO - Processing /home/airflow/.local/lib/python3.7/site-packages/airflow/example_dags/example_branch_labels.py took 0.064 seconds
[2023-01-08T13:10:40.992+0000] {processor.py:154} INFO - Started process (PID=645) to work on /home/airflow/.local/lib/python3.7/site-packages/airflow/example_dags/example_branch_labels.py
[2023-01-08T13:10:40.993+0000] {processor.py:756} INFO - Processing file /home/airflow/.local/lib/python3.7/site-packages/airflow/example_dags/example_branch_labels.py for tasks to queue
[2023-01-08T13:10:40.993+0000] {logging_mixin.py:120} INFO - [2023-01-08T13:10:40.993+0000] {dagbag.py:537} INFO - Filling up the DagBag from /home/airflow/.local/lib/python3.7/site-packages/airflow/example_dags/example_branch_labels.py
[2023-01-08T13:10:41.002+0000] {processor.py:766} INFO - DAG(s) dict_keys(['example_branch_labels']) retrieved from /home/airflow/.local/lib/python3.7/site-packages/airflow/example_dags/example_branch_labels.py
[2023-01-08T13:10:41.025+0000] {logging_mixin.py:120} INFO - [2023-01-08T13:10:41.025+0000] {dag.py:2585} INFO - Sync 1 DAGs
[2023-01-08T13:10:41.043+0000] {logging_mixin.py:120} INFO - [2023-01-08T13:10:41.043+0000] {dag.py:3340} INFO - Setting next_dagrun for example_branch_labels to 2023-01-07T00:00:00+00:00, run_after=2023-01-08T00:00:00+00:00
[2023-01-08T13:10:41.055+0000] {processor.py:176} INFO - Processing /home/airflow/.local/lib/python3.7/site-packages/airflow/example_dags/example_branch_labels.py took 0.065 seconds
[2023-01-08T13:11:12.131+0000] {processor.py:154} INFO - Started process (PID=710) to work on /home/airflow/.local/lib/python3.7/site-packages/airflow/example_dags/example_branch_labels.py
[2023-01-08T13:11:12.131+0000] {processor.py:756} INFO - Processing file /home/airflow/.local/lib/python3.7/site-packages/airflow/example_dags/example_branch_labels.py for tasks to queue
[2023-01-08T13:11:12.132+0000] {logging_mixin.py:120} INFO - [2023-01-08T13:11:12.131+0000] {dagbag.py:537} INFO - Filling up the DagBag from /home/airflow/.local/lib/python3.7/site-packages/airflow/example_dags/example_branch_labels.py
[2023-01-08T13:11:12.141+0000] {processor.py:766} INFO - DAG(s) dict_keys(['example_branch_labels']) retrieved from /home/airflow/.local/lib/python3.7/site-packages/airflow/example_dags/example_branch_labels.py
[2023-01-08T13:11:12.166+0000] {logging_mixin.py:120} INFO - [2023-01-08T13:11:12.166+0000] {dag.py:2585} INFO - Sync 1 DAGs
[2023-01-08T13:11:12.182+0000] {logging_mixin.py:120} INFO - [2023-01-08T13:11:12.182+0000] {dag.py:3340} INFO - Setting next_dagrun for example_branch_labels to 2023-01-07T00:00:00+00:00, run_after=2023-01-08T00:00:00+00:00
[2023-01-08T13:11:12.193+0000] {processor.py:176} INFO - Processing /home/airflow/.local/lib/python3.7/site-packages/airflow/example_dags/example_branch_labels.py took 0.064 seconds
[2023-01-08T13:11:42.369+0000] {processor.py:154} INFO - Started process (PID=775) to work on /home/airflow/.local/lib/python3.7/site-packages/airflow/example_dags/example_branch_labels.py
[2023-01-08T13:11:42.370+0000] {processor.py:756} INFO - Processing file /home/airflow/.local/lib/python3.7/site-packages/airflow/example_dags/example_branch_labels.py for tasks to queue
[2023-01-08T13:11:42.371+0000] {logging_mixin.py:120} INFO - [2023-01-08T13:11:42.370+0000] {dagbag.py:537} INFO - Filling up the DagBag from /home/airflow/.local/lib/python3.7/site-packages/airflow/example_dags/example_branch_labels.py
[2023-01-08T13:11:42.381+0000] {processor.py:766} INFO - DAG(s) dict_keys(['example_branch_labels']) retrieved from /home/airflow/.local/lib/python3.7/site-packages/airflow/example_dags/example_branch_labels.py
[2023-01-08T13:11:42.408+0000] {logging_mixin.py:120} INFO - [2023-01-08T13:11:42.408+0000] {dag.py:2585} INFO - Sync 1 DAGs
[2023-01-08T13:11:42.428+0000] {logging_mixin.py:120} INFO - [2023-01-08T13:11:42.428+0000] {dag.py:3340} INFO - Setting next_dagrun for example_branch_labels to 2023-01-07T00:00:00+00:00, run_after=2023-01-08T00:00:00+00:00
[2023-01-08T13:11:42.442+0000] {processor.py:176} INFO - Processing /home/airflow/.local/lib/python3.7/site-packages/airflow/example_dags/example_branch_labels.py took 0.075 seconds
[2023-01-08T13:12:12.619+0000] {processor.py:154} INFO - Started process (PID=840) to work on /home/airflow/.local/lib/python3.7/site-packages/airflow/example_dags/example_branch_labels.py
[2023-01-08T13:12:12.620+0000] {processor.py:756} INFO - Processing file /home/airflow/.local/lib/python3.7/site-packages/airflow/example_dags/example_branch_labels.py for tasks to queue
[2023-01-08T13:12:12.620+0000] {logging_mixin.py:120} INFO - [2023-01-08T13:12:12.620+0000] {dagbag.py:537} INFO - Filling up the DagBag from /home/airflow/.local/lib/python3.7/site-packages/airflow/example_dags/example_branch_labels.py
[2023-01-08T13:12:12.629+0000] {processor.py:766} INFO - DAG(s) dict_keys(['example_branch_labels']) retrieved from /home/airflow/.local/lib/python3.7/site-packages/airflow/example_dags/example_branch_labels.py
[2023-01-08T13:12:12.654+0000] {logging_mixin.py:120} INFO - [2023-01-08T13:12:12.654+0000] {dag.py:2585} INFO - Sync 1 DAGs
[2023-01-08T13:12:12.672+0000] {logging_mixin.py:120} INFO - [2023-01-08T13:12:12.672+0000] {dag.py:3340} INFO - Setting next_dagrun for example_branch_labels to 2023-01-07T00:00:00+00:00, run_after=2023-01-08T00:00:00+00:00
[2023-01-08T13:12:12.686+0000] {processor.py:176} INFO - Processing /home/airflow/.local/lib/python3.7/site-packages/airflow/example_dags/example_branch_labels.py took 0.069 seconds
[2023-01-08T13:12:42.987+0000] {processor.py:154} INFO - Started process (PID=905) to work on /home/airflow/.local/lib/python3.7/site-packages/airflow/example_dags/example_branch_labels.py
[2023-01-08T13:12:42.988+0000] {processor.py:756} INFO - Processing file /home/airflow/.local/lib/python3.7/site-packages/airflow/example_dags/example_branch_labels.py for tasks to queue
[2023-01-08T13:12:42.989+0000] {logging_mixin.py:120} INFO - [2023-01-08T13:12:42.988+0000] {dagbag.py:537} INFO - Filling up the DagBag from /home/airflow/.local/lib/python3.7/site-packages/airflow/example_dags/example_branch_labels.py
[2023-01-08T13:12:42.998+0000] {processor.py:766} INFO - DAG(s) dict_keys(['example_branch_labels']) retrieved from /home/airflow/.local/lib/python3.7/site-packages/airflow/example_dags/example_branch_labels.py
[2023-01-08T13:12:43.026+0000] {logging_mixin.py:120} INFO - [2023-01-08T13:12:43.026+0000] {dag.py:2585} INFO - Sync 1 DAGs
[2023-01-08T13:12:43.046+0000] {logging_mixin.py:120} INFO - [2023-01-08T13:12:43.046+0000] {dag.py:3340} INFO - Setting next_dagrun for example_branch_labels to 2023-01-07T00:00:00+00:00, run_after=2023-01-08T00:00:00+00:00
[2023-01-08T13:12:43.060+0000] {processor.py:176} INFO - Processing /home/airflow/.local/lib/python3.7/site-packages/airflow/example_dags/example_branch_labels.py took 0.075 seconds
[2023-01-08T13:13:14.050+0000] {processor.py:154} INFO - Started process (PID=961) to work on /home/airflow/.local/lib/python3.7/site-packages/airflow/example_dags/example_branch_labels.py
[2023-01-08T13:13:14.051+0000] {processor.py:756} INFO - Processing file /home/airflow/.local/lib/python3.7/site-packages/airflow/example_dags/example_branch_labels.py for tasks to queue
[2023-01-08T13:13:14.051+0000] {logging_mixin.py:120} INFO - [2023-01-08T13:13:14.051+0000] {dagbag.py:537} INFO - Filling up the DagBag from /home/airflow/.local/lib/python3.7/site-packages/airflow/example_dags/example_branch_labels.py
[2023-01-08T13:13:14.060+0000] {processor.py:766} INFO - DAG(s) dict_keys(['example_branch_labels']) retrieved from /home/airflow/.local/lib/python3.7/site-packages/airflow/example_dags/example_branch_labels.py
[2023-01-08T13:13:14.083+0000] {logging_mixin.py:120} INFO - [2023-01-08T13:13:14.083+0000] {dag.py:2585} INFO - Sync 1 DAGs
[2023-01-08T13:13:14.099+0000] {logging_mixin.py:120} INFO - [2023-01-08T13:13:14.099+0000] {dag.py:3340} INFO - Setting next_dagrun for example_branch_labels to 2023-01-07T00:00:00+00:00, run_after=2023-01-08T00:00:00+00:00
[2023-01-08T13:13:14.111+0000] {processor.py:176} INFO - Processing /home/airflow/.local/lib/python3.7/site-packages/airflow/example_dags/example_branch_labels.py took 0.063 seconds
[2023-01-08T13:13:44.287+0000] {processor.py:154} INFO - Started process (PID=1026) to work on /home/airflow/.local/lib/python3.7/site-packages/airflow/example_dags/example_branch_labels.py
[2023-01-08T13:13:44.288+0000] {processor.py:756} INFO - Processing file /home/airflow/.local/lib/python3.7/site-packages/airflow/example_dags/example_branch_labels.py for tasks to queue
[2023-01-08T13:13:44.288+0000] {logging_mixin.py:120} INFO - [2023-01-08T13:13:44.288+0000] {dagbag.py:537} INFO - Filling up the DagBag from /home/airflow/.local/lib/python3.7/site-packages/airflow/example_dags/example_branch_labels.py
[2023-01-08T13:13:44.298+0000] {processor.py:766} INFO - DAG(s) dict_keys(['example_branch_labels']) retrieved from /home/airflow/.local/lib/python3.7/site-packages/airflow/example_dags/example_branch_labels.py
[2023-01-08T13:13:44.329+0000] {logging_mixin.py:120} INFO - [2023-01-08T13:13:44.329+0000] {dag.py:2585} INFO - Sync 1 DAGs
[2023-01-08T13:13:44.350+0000] {logging_mixin.py:120} INFO - [2023-01-08T13:13:44.350+0000] {dag.py:3340} INFO - Setting next_dagrun for example_branch_labels to 2023-01-07T00:00:00+00:00, run_after=2023-01-08T00:00:00+00:00
[2023-01-08T13:13:44.366+0000] {processor.py:176} INFO - Processing /home/airflow/.local/lib/python3.7/site-packages/airflow/example_dags/example_branch_labels.py took 0.082 seconds
[2023-01-08T13:14:14.720+0000] {processor.py:154} INFO - Started process (PID=1092) to work on /home/airflow/.local/lib/python3.7/site-packages/airflow/example_dags/example_branch_labels.py
[2023-01-08T13:14:14.720+0000] {processor.py:756} INFO - Processing file /home/airflow/.local/lib/python3.7/site-packages/airflow/example_dags/example_branch_labels.py for tasks to queue
[2023-01-08T13:14:14.720+0000] {logging_mixin.py:120} INFO - [2023-01-08T13:14:14.720+0000] {dagbag.py:537} INFO - Filling up the DagBag from /home/airflow/.local/lib/python3.7/site-packages/airflow/example_dags/example_branch_labels.py
[2023-01-08T13:14:14.729+0000] {processor.py:766} INFO - DAG(s) dict_keys(['example_branch_labels']) retrieved from /home/airflow/.local/lib/python3.7/site-packages/airflow/example_dags/example_branch_labels.py
[2023-01-08T13:14:14.753+0000] {logging_mixin.py:120} INFO - [2023-01-08T13:14:14.753+0000] {dag.py:2585} INFO - Sync 1 DAGs
[2023-01-08T13:14:14.770+0000] {logging_mixin.py:120} INFO - [2023-01-08T13:14:14.770+0000] {dag.py:3340} INFO - Setting next_dagrun for example_branch_labels to 2023-01-07T00:00:00+00:00, run_after=2023-01-08T00:00:00+00:00
[2023-01-08T13:14:14.781+0000] {processor.py:176} INFO - Processing /home/airflow/.local/lib/python3.7/site-packages/airflow/example_dags/example_branch_labels.py took 0.063 seconds
[2023-01-08T13:14:45.017+0000] {processor.py:154} INFO - Started process (PID=1156) to work on /home/airflow/.local/lib/python3.7/site-packages/airflow/example_dags/example_branch_labels.py
[2023-01-08T13:14:45.018+0000] {processor.py:756} INFO - Processing file /home/airflow/.local/lib/python3.7/site-packages/airflow/example_dags/example_branch_labels.py for tasks to queue
[2023-01-08T13:14:45.018+0000] {logging_mixin.py:120} INFO - [2023-01-08T13:14:45.018+0000] {dagbag.py:537} INFO - Filling up the DagBag from /home/airflow/.local/lib/python3.7/site-packages/airflow/example_dags/example_branch_labels.py
[2023-01-08T13:14:45.026+0000] {processor.py:766} INFO - DAG(s) dict_keys(['example_branch_labels']) retrieved from /home/airflow/.local/lib/python3.7/site-packages/airflow/example_dags/example_branch_labels.py
[2023-01-08T13:14:45.050+0000] {logging_mixin.py:120} INFO - [2023-01-08T13:14:45.050+0000] {dag.py:2585} INFO - Sync 1 DAGs
[2023-01-08T13:14:45.066+0000] {logging_mixin.py:120} INFO - [2023-01-08T13:14:45.066+0000] {dag.py:3340} INFO - Setting next_dagrun for example_branch_labels to 2023-01-07T00:00:00+00:00, run_after=2023-01-08T00:00:00+00:00
[2023-01-08T13:14:45.077+0000] {processor.py:176} INFO - Processing /home/airflow/.local/lib/python3.7/site-packages/airflow/example_dags/example_branch_labels.py took 0.062 seconds
[2023-01-08T13:15:15.555+0000] {processor.py:154} INFO - Started process (PID=1219) to work on /home/airflow/.local/lib/python3.7/site-packages/airflow/example_dags/example_branch_labels.py
[2023-01-08T13:15:15.556+0000] {processor.py:756} INFO - Processing file /home/airflow/.local/lib/python3.7/site-packages/airflow/example_dags/example_branch_labels.py for tasks to queue
[2023-01-08T13:15:15.556+0000] {logging_mixin.py:120} INFO - [2023-01-08T13:15:15.556+0000] {dagbag.py:537} INFO - Filling up the DagBag from /home/airflow/.local/lib/python3.7/site-packages/airflow/example_dags/example_branch_labels.py
[2023-01-08T13:15:15.566+0000] {processor.py:766} INFO - DAG(s) dict_keys(['example_branch_labels']) retrieved from /home/airflow/.local/lib/python3.7/site-packages/airflow/example_dags/example_branch_labels.py
[2023-01-08T13:15:15.598+0000] {logging_mixin.py:120} INFO - [2023-01-08T13:15:15.598+0000] {dag.py:2585} INFO - Sync 1 DAGs
[2023-01-08T13:15:15.625+0000] {logging_mixin.py:120} INFO - [2023-01-08T13:15:15.624+0000] {dag.py:3340} INFO - Setting next_dagrun for example_branch_labels to 2023-01-07T00:00:00+00:00, run_after=2023-01-08T00:00:00+00:00
[2023-01-08T13:15:15.640+0000] {processor.py:176} INFO - Processing /home/airflow/.local/lib/python3.7/site-packages/airflow/example_dags/example_branch_labels.py took 0.087 seconds
[2023-01-08T13:15:45.704+0000] {processor.py:154} INFO - Started process (PID=1277) to work on /home/airflow/.local/lib/python3.7/site-packages/airflow/example_dags/example_branch_labels.py
[2023-01-08T13:15:45.704+0000] {processor.py:756} INFO - Processing file /home/airflow/.local/lib/python3.7/site-packages/airflow/example_dags/example_branch_labels.py for tasks to queue
[2023-01-08T13:15:45.705+0000] {logging_mixin.py:120} INFO - [2023-01-08T13:15:45.704+0000] {dagbag.py:537} INFO - Filling up the DagBag from /home/airflow/.local/lib/python3.7/site-packages/airflow/example_dags/example_branch_labels.py
[2023-01-08T13:15:45.713+0000] {processor.py:766} INFO - DAG(s) dict_keys(['example_branch_labels']) retrieved from /home/airflow/.local/lib/python3.7/site-packages/airflow/example_dags/example_branch_labels.py
[2023-01-08T13:15:45.737+0000] {logging_mixin.py:120} INFO - [2023-01-08T13:15:45.737+0000] {dag.py:2585} INFO - Sync 1 DAGs
[2023-01-08T13:15:45.752+0000] {logging_mixin.py:120} INFO - [2023-01-08T13:15:45.752+0000] {dag.py:3340} INFO - Setting next_dagrun for example_branch_labels to 2023-01-07T00:00:00+00:00, run_after=2023-01-08T00:00:00+00:00
[2023-01-08T13:15:45.764+0000] {processor.py:176} INFO - Processing /home/airflow/.local/lib/python3.7/site-packages/airflow/example_dags/example_branch_labels.py took 0.062 seconds
[2023-01-08T13:16:15.885+0000] {processor.py:154} INFO - Started process (PID=1342) to work on /home/airflow/.local/lib/python3.7/site-packages/airflow/example_dags/example_branch_labels.py
[2023-01-08T13:16:15.885+0000] {processor.py:756} INFO - Processing file /home/airflow/.local/lib/python3.7/site-packages/airflow/example_dags/example_branch_labels.py for tasks to queue
[2023-01-08T13:16:15.886+0000] {logging_mixin.py:120} INFO - [2023-01-08T13:16:15.886+0000] {dagbag.py:537} INFO - Filling up the DagBag from /home/airflow/.local/lib/python3.7/site-packages/airflow/example_dags/example_branch_labels.py
[2023-01-08T13:16:15.894+0000] {processor.py:766} INFO - DAG(s) dict_keys(['example_branch_labels']) retrieved from /home/airflow/.local/lib/python3.7/site-packages/airflow/example_dags/example_branch_labels.py
[2023-01-08T13:16:15.918+0000] {logging_mixin.py:120} INFO - [2023-01-08T13:16:15.917+0000] {dag.py:2585} INFO - Sync 1 DAGs
[2023-01-08T13:16:15.934+0000] {logging_mixin.py:120} INFO - [2023-01-08T13:16:15.934+0000] {dag.py:3340} INFO - Setting next_dagrun for example_branch_labels to 2023-01-07T00:00:00+00:00, run_after=2023-01-08T00:00:00+00:00
[2023-01-08T13:16:15.945+0000] {processor.py:176} INFO - Processing /home/airflow/.local/lib/python3.7/site-packages/airflow/example_dags/example_branch_labels.py took 0.062 seconds
[2023-01-08T13:16:46.820+0000] {processor.py:154} INFO - Started process (PID=1407) to work on /home/airflow/.local/lib/python3.7/site-packages/airflow/example_dags/example_branch_labels.py
[2023-01-08T13:16:46.820+0000] {processor.py:756} INFO - Processing file /home/airflow/.local/lib/python3.7/site-packages/airflow/example_dags/example_branch_labels.py for tasks to queue
[2023-01-08T13:16:46.821+0000] {logging_mixin.py:120} INFO - [2023-01-08T13:16:46.821+0000] {dagbag.py:537} INFO - Filling up the DagBag from /home/airflow/.local/lib/python3.7/site-packages/airflow/example_dags/example_branch_labels.py
[2023-01-08T13:16:46.829+0000] {processor.py:766} INFO - DAG(s) dict_keys(['example_branch_labels']) retrieved from /home/airflow/.local/lib/python3.7/site-packages/airflow/example_dags/example_branch_labels.py
[2023-01-08T13:16:46.852+0000] {logging_mixin.py:120} INFO - [2023-01-08T13:16:46.852+0000] {dag.py:2585} INFO - Sync 1 DAGs
[2023-01-08T13:16:46.868+0000] {logging_mixin.py:120} INFO - [2023-01-08T13:16:46.868+0000] {dag.py:3340} INFO - Setting next_dagrun for example_branch_labels to 2023-01-07T00:00:00+00:00, run_after=2023-01-08T00:00:00+00:00
[2023-01-08T13:16:46.879+0000] {processor.py:176} INFO - Processing /home/airflow/.local/lib/python3.7/site-packages/airflow/example_dags/example_branch_labels.py took 0.061 seconds
