[2023-01-08T13:06:06.423+0000] {processor.py:154} INFO - Started process (PID=85) to work on /home/airflow/.local/lib/python3.7/site-packages/airflow/example_dags/example_branch_day_of_week_operator.py
[2023-01-08T13:06:06.424+0000] {processor.py:756} INFO - Processing file /home/airflow/.local/lib/python3.7/site-packages/airflow/example_dags/example_branch_day_of_week_operator.py for tasks to queue
[2023-01-08T13:06:06.425+0000] {logging_mixin.py:120} INFO - [2023-01-08T13:06:06.425+0000] {dagbag.py:537} INFO - Filling up the DagBag from /home/airflow/.local/lib/python3.7/site-packages/airflow/example_dags/example_branch_day_of_week_operator.py
[2023-01-08T13:06:06.477+0000] {processor.py:766} INFO - DAG(s) dict_keys(['example_weekday_branch_operator']) retrieved from /home/airflow/.local/lib/python3.7/site-packages/airflow/example_dags/example_branch_day_of_week_operator.py
[2023-01-08T13:06:06.572+0000] {logging_mixin.py:120} INFO - [2023-01-08T13:06:06.572+0000] {dag.py:2585} INFO - Sync 1 DAGs
[2023-01-08T13:06:06.706+0000] {logging_mixin.py:120} INFO - [2023-01-08T13:06:06.706+0000] {dag.py:3340} INFO - Setting next_dagrun for example_weekday_branch_operator to 2023-01-07T00:00:00+00:00, run_after=2023-01-08T00:00:00+00:00
[2023-01-08T13:06:06.762+0000] {processor.py:176} INFO - Processing /home/airflow/.local/lib/python3.7/site-packages/airflow/example_dags/example_branch_day_of_week_operator.py took 0.346 seconds
[2023-01-08T13:06:37.237+0000] {processor.py:154} INFO - Started process (PID=147) to work on /home/airflow/.local/lib/python3.7/site-packages/airflow/example_dags/example_branch_day_of_week_operator.py
[2023-01-08T13:06:37.238+0000] {processor.py:756} INFO - Processing file /home/airflow/.local/lib/python3.7/site-packages/airflow/example_dags/example_branch_day_of_week_operator.py for tasks to queue
[2023-01-08T13:06:37.238+0000] {logging_mixin.py:120} INFO - [2023-01-08T13:06:37.238+0000] {dagbag.py:537} INFO - Filling up the DagBag from /home/airflow/.local/lib/python3.7/site-packages/airflow/example_dags/example_branch_day_of_week_operator.py
[2023-01-08T13:06:37.253+0000] {processor.py:766} INFO - DAG(s) dict_keys(['example_weekday_branch_operator']) retrieved from /home/airflow/.local/lib/python3.7/site-packages/airflow/example_dags/example_branch_day_of_week_operator.py
[2023-01-08T13:06:37.281+0000] {logging_mixin.py:120} INFO - [2023-01-08T13:06:37.281+0000] {dag.py:2585} INFO - Sync 1 DAGs
[2023-01-08T13:06:37.299+0000] {logging_mixin.py:120} INFO - [2023-01-08T13:06:37.299+0000] {dag.py:3340} INFO - Setting next_dagrun for example_weekday_branch_operator to 2023-01-07T00:00:00+00:00, run_after=2023-01-08T00:00:00+00:00
[2023-01-08T13:06:37.311+0000] {processor.py:176} INFO - Processing /home/airflow/.local/lib/python3.7/site-packages/airflow/example_dags/example_branch_day_of_week_operator.py took 0.075 seconds
[2023-01-08T13:07:07.511+0000] {processor.py:154} INFO - Started process (PID=213) to work on /home/airflow/.local/lib/python3.7/site-packages/airflow/example_dags/example_branch_day_of_week_operator.py
[2023-01-08T13:07:07.512+0000] {processor.py:756} INFO - Processing file /home/airflow/.local/lib/python3.7/site-packages/airflow/example_dags/example_branch_day_of_week_operator.py for tasks to queue
[2023-01-08T13:07:07.513+0000] {logging_mixin.py:120} INFO - [2023-01-08T13:07:07.513+0000] {dagbag.py:537} INFO - Filling up the DagBag from /home/airflow/.local/lib/python3.7/site-packages/airflow/example_dags/example_branch_day_of_week_operator.py
[2023-01-08T13:07:07.522+0000] {processor.py:766} INFO - DAG(s) dict_keys(['example_weekday_branch_operator']) retrieved from /home/airflow/.local/lib/python3.7/site-packages/airflow/example_dags/example_branch_day_of_week_operator.py
[2023-01-08T13:07:07.554+0000] {logging_mixin.py:120} INFO - [2023-01-08T13:07:07.554+0000] {dag.py:2585} INFO - Sync 1 DAGs
[2023-01-08T13:07:07.574+0000] {logging_mixin.py:120} INFO - [2023-01-08T13:07:07.574+0000] {dag.py:3340} INFO - Setting next_dagrun for example_weekday_branch_operator to 2023-01-07T00:00:00+00:00, run_after=2023-01-08T00:00:00+00:00
[2023-01-08T13:07:07.588+0000] {processor.py:176} INFO - Processing /home/airflow/.local/lib/python3.7/site-packages/airflow/example_dags/example_branch_day_of_week_operator.py took 0.079 seconds
[2023-01-08T13:07:37.905+0000] {processor.py:154} INFO - Started process (PID=278) to work on /home/airflow/.local/lib/python3.7/site-packages/airflow/example_dags/example_branch_day_of_week_operator.py
[2023-01-08T13:07:37.905+0000] {processor.py:756} INFO - Processing file /home/airflow/.local/lib/python3.7/site-packages/airflow/example_dags/example_branch_day_of_week_operator.py for tasks to queue
[2023-01-08T13:07:37.906+0000] {logging_mixin.py:120} INFO - [2023-01-08T13:07:37.906+0000] {dagbag.py:537} INFO - Filling up the DagBag from /home/airflow/.local/lib/python3.7/site-packages/airflow/example_dags/example_branch_day_of_week_operator.py
[2023-01-08T13:07:37.915+0000] {processor.py:766} INFO - DAG(s) dict_keys(['example_weekday_branch_operator']) retrieved from /home/airflow/.local/lib/python3.7/site-packages/airflow/example_dags/example_branch_day_of_week_operator.py
[2023-01-08T13:07:37.939+0000] {logging_mixin.py:120} INFO - [2023-01-08T13:07:37.938+0000] {dag.py:2585} INFO - Sync 1 DAGs
[2023-01-08T13:07:37.955+0000] {logging_mixin.py:120} INFO - [2023-01-08T13:07:37.954+0000] {dag.py:3340} INFO - Setting next_dagrun for example_weekday_branch_operator to 2023-01-07T00:00:00+00:00, run_after=2023-01-08T00:00:00+00:00
[2023-01-08T13:07:37.967+0000] {processor.py:176} INFO - Processing /home/airflow/.local/lib/python3.7/site-packages/airflow/example_dags/example_branch_day_of_week_operator.py took 0.063 seconds
[2023-01-08T13:08:08.058+0000] {processor.py:154} INFO - Started process (PID=335) to work on /home/airflow/.local/lib/python3.7/site-packages/airflow/example_dags/example_branch_day_of_week_operator.py
[2023-01-08T13:08:08.060+0000] {processor.py:756} INFO - Processing file /home/airflow/.local/lib/python3.7/site-packages/airflow/example_dags/example_branch_day_of_week_operator.py for tasks to queue
[2023-01-08T13:08:08.060+0000] {logging_mixin.py:120} INFO - [2023-01-08T13:08:08.060+0000] {dagbag.py:537} INFO - Filling up the DagBag from /home/airflow/.local/lib/python3.7/site-packages/airflow/example_dags/example_branch_day_of_week_operator.py
[2023-01-08T13:08:08.072+0000] {processor.py:766} INFO - DAG(s) dict_keys(['example_weekday_branch_operator']) retrieved from /home/airflow/.local/lib/python3.7/site-packages/airflow/example_dags/example_branch_day_of_week_operator.py
[2023-01-08T13:08:08.104+0000] {logging_mixin.py:120} INFO - [2023-01-08T13:08:08.104+0000] {dag.py:2585} INFO - Sync 1 DAGs
[2023-01-08T13:08:08.126+0000] {logging_mixin.py:120} INFO - [2023-01-08T13:08:08.126+0000] {dag.py:3340} INFO - Setting next_dagrun for example_weekday_branch_operator to 2023-01-07T00:00:00+00:00, run_after=2023-01-08T00:00:00+00:00
[2023-01-08T13:08:08.142+0000] {processor.py:176} INFO - Processing /home/airflow/.local/lib/python3.7/site-packages/airflow/example_dags/example_branch_day_of_week_operator.py took 0.085 seconds
[2023-01-08T13:08:38.174+0000] {processor.py:154} INFO - Started process (PID=399) to work on /home/airflow/.local/lib/python3.7/site-packages/airflow/example_dags/example_branch_day_of_week_operator.py
[2023-01-08T13:08:38.175+0000] {processor.py:756} INFO - Processing file /home/airflow/.local/lib/python3.7/site-packages/airflow/example_dags/example_branch_day_of_week_operator.py for tasks to queue
[2023-01-08T13:08:38.175+0000] {logging_mixin.py:120} INFO - [2023-01-08T13:08:38.175+0000] {dagbag.py:537} INFO - Filling up the DagBag from /home/airflow/.local/lib/python3.7/site-packages/airflow/example_dags/example_branch_day_of_week_operator.py
[2023-01-08T13:08:38.184+0000] {processor.py:766} INFO - DAG(s) dict_keys(['example_weekday_branch_operator']) retrieved from /home/airflow/.local/lib/python3.7/site-packages/airflow/example_dags/example_branch_day_of_week_operator.py
[2023-01-08T13:08:38.207+0000] {logging_mixin.py:120} INFO - [2023-01-08T13:08:38.207+0000] {dag.py:2585} INFO - Sync 1 DAGs
[2023-01-08T13:08:38.223+0000] {logging_mixin.py:120} INFO - [2023-01-08T13:08:38.223+0000] {dag.py:3340} INFO - Setting next_dagrun for example_weekday_branch_operator to 2023-01-07T00:00:00+00:00, run_after=2023-01-08T00:00:00+00:00
[2023-01-08T13:08:38.235+0000] {processor.py:176} INFO - Processing /home/airflow/.local/lib/python3.7/site-packages/airflow/example_dags/example_branch_day_of_week_operator.py took 0.062 seconds
[2023-01-08T13:09:08.319+0000] {processor.py:154} INFO - Started process (PID=464) to work on /home/airflow/.local/lib/python3.7/site-packages/airflow/example_dags/example_branch_day_of_week_operator.py
[2023-01-08T13:09:08.320+0000] {processor.py:756} INFO - Processing file /home/airflow/.local/lib/python3.7/site-packages/airflow/example_dags/example_branch_day_of_week_operator.py for tasks to queue
[2023-01-08T13:09:08.321+0000] {logging_mixin.py:120} INFO - [2023-01-08T13:09:08.321+0000] {dagbag.py:537} INFO - Filling up the DagBag from /home/airflow/.local/lib/python3.7/site-packages/airflow/example_dags/example_branch_day_of_week_operator.py
[2023-01-08T13:09:08.330+0000] {processor.py:766} INFO - DAG(s) dict_keys(['example_weekday_branch_operator']) retrieved from /home/airflow/.local/lib/python3.7/site-packages/airflow/example_dags/example_branch_day_of_week_operator.py
[2023-01-08T13:09:08.355+0000] {logging_mixin.py:120} INFO - [2023-01-08T13:09:08.355+0000] {dag.py:2585} INFO - Sync 1 DAGs
[2023-01-08T13:09:08.371+0000] {logging_mixin.py:120} INFO - [2023-01-08T13:09:08.371+0000] {dag.py:3340} INFO - Setting next_dagrun for example_weekday_branch_operator to 2023-01-07T00:00:00+00:00, run_after=2023-01-08T00:00:00+00:00
[2023-01-08T13:09:08.382+0000] {processor.py:176} INFO - Processing /home/airflow/.local/lib/python3.7/site-packages/airflow/example_dags/example_branch_day_of_week_operator.py took 0.065 seconds
[2023-01-08T13:09:39.283+0000] {processor.py:154} INFO - Started process (PID=529) to work on /home/airflow/.local/lib/python3.7/site-packages/airflow/example_dags/example_branch_day_of_week_operator.py
[2023-01-08T13:09:39.283+0000] {processor.py:756} INFO - Processing file /home/airflow/.local/lib/python3.7/site-packages/airflow/example_dags/example_branch_day_of_week_operator.py for tasks to queue
[2023-01-08T13:09:39.284+0000] {logging_mixin.py:120} INFO - [2023-01-08T13:09:39.283+0000] {dagbag.py:537} INFO - Filling up the DagBag from /home/airflow/.local/lib/python3.7/site-packages/airflow/example_dags/example_branch_day_of_week_operator.py
[2023-01-08T13:09:39.293+0000] {processor.py:766} INFO - DAG(s) dict_keys(['example_weekday_branch_operator']) retrieved from /home/airflow/.local/lib/python3.7/site-packages/airflow/example_dags/example_branch_day_of_week_operator.py
[2023-01-08T13:09:39.317+0000] {logging_mixin.py:120} INFO - [2023-01-08T13:09:39.317+0000] {dag.py:2585} INFO - Sync 1 DAGs
[2023-01-08T13:09:39.334+0000] {logging_mixin.py:120} INFO - [2023-01-08T13:09:39.334+0000] {dag.py:3340} INFO - Setting next_dagrun for example_weekday_branch_operator to 2023-01-07T00:00:00+00:00, run_after=2023-01-08T00:00:00+00:00
[2023-01-08T13:09:39.346+0000] {processor.py:176} INFO - Processing /home/airflow/.local/lib/python3.7/site-packages/airflow/example_dags/example_branch_day_of_week_operator.py took 0.064 seconds
[2023-01-08T13:10:10.216+0000] {processor.py:154} INFO - Started process (PID=594) to work on /home/airflow/.local/lib/python3.7/site-packages/airflow/example_dags/example_branch_day_of_week_operator.py
[2023-01-08T13:10:10.217+0000] {processor.py:756} INFO - Processing file /home/airflow/.local/lib/python3.7/site-packages/airflow/example_dags/example_branch_day_of_week_operator.py for tasks to queue
[2023-01-08T13:10:10.218+0000] {logging_mixin.py:120} INFO - [2023-01-08T13:10:10.218+0000] {dagbag.py:537} INFO - Filling up the DagBag from /home/airflow/.local/lib/python3.7/site-packages/airflow/example_dags/example_branch_day_of_week_operator.py
[2023-01-08T13:10:10.228+0000] {processor.py:766} INFO - DAG(s) dict_keys(['example_weekday_branch_operator']) retrieved from /home/airflow/.local/lib/python3.7/site-packages/airflow/example_dags/example_branch_day_of_week_operator.py
[2023-01-08T13:10:10.272+0000] {logging_mixin.py:120} INFO - [2023-01-08T13:10:10.272+0000] {dag.py:2585} INFO - Sync 1 DAGs
[2023-01-08T13:10:10.290+0000] {logging_mixin.py:120} INFO - [2023-01-08T13:10:10.290+0000] {dag.py:3340} INFO - Setting next_dagrun for example_weekday_branch_operator to 2023-01-07T00:00:00+00:00, run_after=2023-01-08T00:00:00+00:00
[2023-01-08T13:10:10.301+0000] {processor.py:176} INFO - Processing /home/airflow/.local/lib/python3.7/site-packages/airflow/example_dags/example_branch_day_of_week_operator.py took 0.087 seconds
[2023-01-08T13:10:41.236+0000] {processor.py:154} INFO - Started process (PID=657) to work on /home/airflow/.local/lib/python3.7/site-packages/airflow/example_dags/example_branch_day_of_week_operator.py
[2023-01-08T13:10:41.236+0000] {processor.py:756} INFO - Processing file /home/airflow/.local/lib/python3.7/site-packages/airflow/example_dags/example_branch_day_of_week_operator.py for tasks to queue
[2023-01-08T13:10:41.236+0000] {logging_mixin.py:120} INFO - [2023-01-08T13:10:41.236+0000] {dagbag.py:537} INFO - Filling up the DagBag from /home/airflow/.local/lib/python3.7/site-packages/airflow/example_dags/example_branch_day_of_week_operator.py
[2023-01-08T13:10:41.246+0000] {processor.py:766} INFO - DAG(s) dict_keys(['example_weekday_branch_operator']) retrieved from /home/airflow/.local/lib/python3.7/site-packages/airflow/example_dags/example_branch_day_of_week_operator.py
[2023-01-08T13:10:41.270+0000] {logging_mixin.py:120} INFO - [2023-01-08T13:10:41.270+0000] {dag.py:2585} INFO - Sync 1 DAGs
[2023-01-08T13:10:41.288+0000] {logging_mixin.py:120} INFO - [2023-01-08T13:10:41.288+0000] {dag.py:3340} INFO - Setting next_dagrun for example_weekday_branch_operator to 2023-01-07T00:00:00+00:00, run_after=2023-01-08T00:00:00+00:00
[2023-01-08T13:10:41.300+0000] {processor.py:176} INFO - Processing /home/airflow/.local/lib/python3.7/site-packages/airflow/example_dags/example_branch_day_of_week_operator.py took 0.066 seconds
[2023-01-08T13:11:12.350+0000] {processor.py:154} INFO - Started process (PID=715) to work on /home/airflow/.local/lib/python3.7/site-packages/airflow/example_dags/example_branch_day_of_week_operator.py
[2023-01-08T13:11:12.351+0000] {processor.py:756} INFO - Processing file /home/airflow/.local/lib/python3.7/site-packages/airflow/example_dags/example_branch_day_of_week_operator.py for tasks to queue
[2023-01-08T13:11:12.352+0000] {logging_mixin.py:120} INFO - [2023-01-08T13:11:12.352+0000] {dagbag.py:537} INFO - Filling up the DagBag from /home/airflow/.local/lib/python3.7/site-packages/airflow/example_dags/example_branch_day_of_week_operator.py
[2023-01-08T13:11:12.363+0000] {processor.py:766} INFO - DAG(s) dict_keys(['example_weekday_branch_operator']) retrieved from /home/airflow/.local/lib/python3.7/site-packages/airflow/example_dags/example_branch_day_of_week_operator.py
[2023-01-08T13:11:12.394+0000] {logging_mixin.py:120} INFO - [2023-01-08T13:11:12.394+0000] {dag.py:2585} INFO - Sync 1 DAGs
[2023-01-08T13:11:12.413+0000] {logging_mixin.py:120} INFO - [2023-01-08T13:11:12.413+0000] {dag.py:3340} INFO - Setting next_dagrun for example_weekday_branch_operator to 2023-01-07T00:00:00+00:00, run_after=2023-01-08T00:00:00+00:00
[2023-01-08T13:11:12.426+0000] {processor.py:176} INFO - Processing /home/airflow/.local/lib/python3.7/site-packages/airflow/example_dags/example_branch_day_of_week_operator.py took 0.079 seconds
[2023-01-08T13:11:42.559+0000] {processor.py:154} INFO - Started process (PID=780) to work on /home/airflow/.local/lib/python3.7/site-packages/airflow/example_dags/example_branch_day_of_week_operator.py
[2023-01-08T13:11:42.559+0000] {processor.py:756} INFO - Processing file /home/airflow/.local/lib/python3.7/site-packages/airflow/example_dags/example_branch_day_of_week_operator.py for tasks to queue
[2023-01-08T13:11:42.560+0000] {logging_mixin.py:120} INFO - [2023-01-08T13:11:42.560+0000] {dagbag.py:537} INFO - Filling up the DagBag from /home/airflow/.local/lib/python3.7/site-packages/airflow/example_dags/example_branch_day_of_week_operator.py
[2023-01-08T13:11:42.569+0000] {processor.py:766} INFO - DAG(s) dict_keys(['example_weekday_branch_operator']) retrieved from /home/airflow/.local/lib/python3.7/site-packages/airflow/example_dags/example_branch_day_of_week_operator.py
[2023-01-08T13:11:42.593+0000] {logging_mixin.py:120} INFO - [2023-01-08T13:11:42.593+0000] {dag.py:2585} INFO - Sync 1 DAGs
[2023-01-08T13:11:42.610+0000] {logging_mixin.py:120} INFO - [2023-01-08T13:11:42.609+0000] {dag.py:3340} INFO - Setting next_dagrun for example_weekday_branch_operator to 2023-01-07T00:00:00+00:00, run_after=2023-01-08T00:00:00+00:00
[2023-01-08T13:11:42.622+0000] {processor.py:176} INFO - Processing /home/airflow/.local/lib/python3.7/site-packages/airflow/example_dags/example_branch_day_of_week_operator.py took 0.065 seconds
[2023-01-08T13:12:12.804+0000] {processor.py:154} INFO - Started process (PID=845) to work on /home/airflow/.local/lib/python3.7/site-packages/airflow/example_dags/example_branch_day_of_week_operator.py
[2023-01-08T13:12:12.804+0000] {processor.py:756} INFO - Processing file /home/airflow/.local/lib/python3.7/site-packages/airflow/example_dags/example_branch_day_of_week_operator.py for tasks to queue
[2023-01-08T13:12:12.804+0000] {logging_mixin.py:120} INFO - [2023-01-08T13:12:12.804+0000] {dagbag.py:537} INFO - Filling up the DagBag from /home/airflow/.local/lib/python3.7/site-packages/airflow/example_dags/example_branch_day_of_week_operator.py
[2023-01-08T13:12:12.814+0000] {processor.py:766} INFO - DAG(s) dict_keys(['example_weekday_branch_operator']) retrieved from /home/airflow/.local/lib/python3.7/site-packages/airflow/example_dags/example_branch_day_of_week_operator.py
[2023-01-08T13:12:12.838+0000] {logging_mixin.py:120} INFO - [2023-01-08T13:12:12.838+0000] {dag.py:2585} INFO - Sync 1 DAGs
[2023-01-08T13:12:12.855+0000] {logging_mixin.py:120} INFO - [2023-01-08T13:12:12.855+0000] {dag.py:3340} INFO - Setting next_dagrun for example_weekday_branch_operator to 2023-01-07T00:00:00+00:00, run_after=2023-01-08T00:00:00+00:00
[2023-01-08T13:12:12.867+0000] {processor.py:176} INFO - Processing /home/airflow/.local/lib/python3.7/site-packages/airflow/example_dags/example_branch_day_of_week_operator.py took 0.065 seconds
[2023-01-08T13:12:43.234+0000] {processor.py:154} INFO - Started process (PID=910) to work on /home/airflow/.local/lib/python3.7/site-packages/airflow/example_dags/example_branch_day_of_week_operator.py
[2023-01-08T13:12:43.235+0000] {processor.py:756} INFO - Processing file /home/airflow/.local/lib/python3.7/site-packages/airflow/example_dags/example_branch_day_of_week_operator.py for tasks to queue
[2023-01-08T13:12:43.236+0000] {logging_mixin.py:120} INFO - [2023-01-08T13:12:43.236+0000] {dagbag.py:537} INFO - Filling up the DagBag from /home/airflow/.local/lib/python3.7/site-packages/airflow/example_dags/example_branch_day_of_week_operator.py
[2023-01-08T13:12:43.245+0000] {processor.py:766} INFO - DAG(s) dict_keys(['example_weekday_branch_operator']) retrieved from /home/airflow/.local/lib/python3.7/site-packages/airflow/example_dags/example_branch_day_of_week_operator.py
[2023-01-08T13:12:43.268+0000] {logging_mixin.py:120} INFO - [2023-01-08T13:12:43.268+0000] {dag.py:2585} INFO - Sync 1 DAGs
[2023-01-08T13:12:43.285+0000] {logging_mixin.py:120} INFO - [2023-01-08T13:12:43.285+0000] {dag.py:3340} INFO - Setting next_dagrun for example_weekday_branch_operator to 2023-01-07T00:00:00+00:00, run_after=2023-01-08T00:00:00+00:00
[2023-01-08T13:12:43.297+0000] {processor.py:176} INFO - Processing /home/airflow/.local/lib/python3.7/site-packages/airflow/example_dags/example_branch_day_of_week_operator.py took 0.064 seconds
[2023-01-08T13:13:14.277+0000] {processor.py:154} INFO - Started process (PID=966) to work on /home/airflow/.local/lib/python3.7/site-packages/airflow/example_dags/example_branch_day_of_week_operator.py
[2023-01-08T13:13:14.278+0000] {processor.py:756} INFO - Processing file /home/airflow/.local/lib/python3.7/site-packages/airflow/example_dags/example_branch_day_of_week_operator.py for tasks to queue
[2023-01-08T13:13:14.278+0000] {logging_mixin.py:120} INFO - [2023-01-08T13:13:14.278+0000] {dagbag.py:537} INFO - Filling up the DagBag from /home/airflow/.local/lib/python3.7/site-packages/airflow/example_dags/example_branch_day_of_week_operator.py
[2023-01-08T13:13:14.287+0000] {processor.py:766} INFO - DAG(s) dict_keys(['example_weekday_branch_operator']) retrieved from /home/airflow/.local/lib/python3.7/site-packages/airflow/example_dags/example_branch_day_of_week_operator.py
[2023-01-08T13:13:14.311+0000] {logging_mixin.py:120} INFO - [2023-01-08T13:13:14.311+0000] {dag.py:2585} INFO - Sync 1 DAGs
[2023-01-08T13:13:14.326+0000] {logging_mixin.py:120} INFO - [2023-01-08T13:13:14.326+0000] {dag.py:3340} INFO - Setting next_dagrun for example_weekday_branch_operator to 2023-01-07T00:00:00+00:00, run_after=2023-01-08T00:00:00+00:00
[2023-01-08T13:13:14.338+0000] {processor.py:176} INFO - Processing /home/airflow/.local/lib/python3.7/site-packages/airflow/example_dags/example_branch_day_of_week_operator.py took 0.062 seconds
[2023-01-08T13:13:44.522+0000] {processor.py:154} INFO - Started process (PID=1031) to work on /home/airflow/.local/lib/python3.7/site-packages/airflow/example_dags/example_branch_day_of_week_operator.py
[2023-01-08T13:13:44.524+0000] {processor.py:756} INFO - Processing file /home/airflow/.local/lib/python3.7/site-packages/airflow/example_dags/example_branch_day_of_week_operator.py for tasks to queue
[2023-01-08T13:13:44.524+0000] {logging_mixin.py:120} INFO - [2023-01-08T13:13:44.524+0000] {dagbag.py:537} INFO - Filling up the DagBag from /home/airflow/.local/lib/python3.7/site-packages/airflow/example_dags/example_branch_day_of_week_operator.py
[2023-01-08T13:13:44.535+0000] {processor.py:766} INFO - DAG(s) dict_keys(['example_weekday_branch_operator']) retrieved from /home/airflow/.local/lib/python3.7/site-packages/airflow/example_dags/example_branch_day_of_week_operator.py
[2023-01-08T13:13:44.564+0000] {logging_mixin.py:120} INFO - [2023-01-08T13:13:44.564+0000] {dag.py:2585} INFO - Sync 1 DAGs
[2023-01-08T13:13:44.584+0000] {logging_mixin.py:120} INFO - [2023-01-08T13:13:44.584+0000] {dag.py:3340} INFO - Setting next_dagrun for example_weekday_branch_operator to 2023-01-07T00:00:00+00:00, run_after=2023-01-08T00:00:00+00:00
[2023-01-08T13:13:44.598+0000] {processor.py:176} INFO - Processing /home/airflow/.local/lib/python3.7/site-packages/airflow/example_dags/example_branch_day_of_week_operator.py took 0.077 seconds
[2023-01-08T13:14:14.962+0000] {processor.py:154} INFO - Started process (PID=1097) to work on /home/airflow/.local/lib/python3.7/site-packages/airflow/example_dags/example_branch_day_of_week_operator.py
[2023-01-08T13:14:14.962+0000] {processor.py:756} INFO - Processing file /home/airflow/.local/lib/python3.7/site-packages/airflow/example_dags/example_branch_day_of_week_operator.py for tasks to queue
[2023-01-08T13:14:14.963+0000] {logging_mixin.py:120} INFO - [2023-01-08T13:14:14.963+0000] {dagbag.py:537} INFO - Filling up the DagBag from /home/airflow/.local/lib/python3.7/site-packages/airflow/example_dags/example_branch_day_of_week_operator.py
[2023-01-08T13:14:14.972+0000] {processor.py:766} INFO - DAG(s) dict_keys(['example_weekday_branch_operator']) retrieved from /home/airflow/.local/lib/python3.7/site-packages/airflow/example_dags/example_branch_day_of_week_operator.py
[2023-01-08T13:14:14.996+0000] {logging_mixin.py:120} INFO - [2023-01-08T13:14:14.996+0000] {dag.py:2585} INFO - Sync 1 DAGs
[2023-01-08T13:14:15.013+0000] {logging_mixin.py:120} INFO - [2023-01-08T13:14:15.013+0000] {dag.py:3340} INFO - Setting next_dagrun for example_weekday_branch_operator to 2023-01-07T00:00:00+00:00, run_after=2023-01-08T00:00:00+00:00
[2023-01-08T13:14:15.026+0000] {processor.py:176} INFO - Processing /home/airflow/.local/lib/python3.7/site-packages/airflow/example_dags/example_branch_day_of_week_operator.py took 0.066 seconds
[2023-01-08T13:14:45.250+0000] {processor.py:154} INFO - Started process (PID=1161) to work on /home/airflow/.local/lib/python3.7/site-packages/airflow/example_dags/example_branch_day_of_week_operator.py
[2023-01-08T13:14:45.251+0000] {processor.py:756} INFO - Processing file /home/airflow/.local/lib/python3.7/site-packages/airflow/example_dags/example_branch_day_of_week_operator.py for tasks to queue
[2023-01-08T13:14:45.251+0000] {logging_mixin.py:120} INFO - [2023-01-08T13:14:45.251+0000] {dagbag.py:537} INFO - Filling up the DagBag from /home/airflow/.local/lib/python3.7/site-packages/airflow/example_dags/example_branch_day_of_week_operator.py
[2023-01-08T13:14:45.261+0000] {processor.py:766} INFO - DAG(s) dict_keys(['example_weekday_branch_operator']) retrieved from /home/airflow/.local/lib/python3.7/site-packages/airflow/example_dags/example_branch_day_of_week_operator.py
[2023-01-08T13:14:45.287+0000] {logging_mixin.py:120} INFO - [2023-01-08T13:14:45.287+0000] {dag.py:2585} INFO - Sync 1 DAGs
[2023-01-08T13:14:45.307+0000] {logging_mixin.py:120} INFO - [2023-01-08T13:14:45.307+0000] {dag.py:3340} INFO - Setting next_dagrun for example_weekday_branch_operator to 2023-01-07T00:00:00+00:00, run_after=2023-01-08T00:00:00+00:00
[2023-01-08T13:14:45.322+0000] {processor.py:176} INFO - Processing /home/airflow/.local/lib/python3.7/site-packages/airflow/example_dags/example_branch_day_of_week_operator.py took 0.074 seconds
[2023-01-08T13:15:15.865+0000] {processor.py:154} INFO - Started process (PID=1226) to work on /home/airflow/.local/lib/python3.7/site-packages/airflow/example_dags/example_branch_day_of_week_operator.py
[2023-01-08T13:15:15.865+0000] {processor.py:756} INFO - Processing file /home/airflow/.local/lib/python3.7/site-packages/airflow/example_dags/example_branch_day_of_week_operator.py for tasks to queue
[2023-01-08T13:15:15.866+0000] {logging_mixin.py:120} INFO - [2023-01-08T13:15:15.866+0000] {dagbag.py:537} INFO - Filling up the DagBag from /home/airflow/.local/lib/python3.7/site-packages/airflow/example_dags/example_branch_day_of_week_operator.py
[2023-01-08T13:15:15.879+0000] {processor.py:766} INFO - DAG(s) dict_keys(['example_weekday_branch_operator']) retrieved from /home/airflow/.local/lib/python3.7/site-packages/airflow/example_dags/example_branch_day_of_week_operator.py
[2023-01-08T13:15:15.913+0000] {logging_mixin.py:120} INFO - [2023-01-08T13:15:15.913+0000] {dag.py:2585} INFO - Sync 1 DAGs
[2023-01-08T13:15:15.939+0000] {logging_mixin.py:120} INFO - [2023-01-08T13:15:15.939+0000] {dag.py:3340} INFO - Setting next_dagrun for example_weekday_branch_operator to 2023-01-07T00:00:00+00:00, run_after=2023-01-08T00:00:00+00:00
[2023-01-08T13:15:15.954+0000] {processor.py:176} INFO - Processing /home/airflow/.local/lib/python3.7/site-packages/airflow/example_dags/example_branch_day_of_week_operator.py took 0.091 seconds
[2023-01-08T13:15:46.011+0000] {processor.py:154} INFO - Started process (PID=1282) to work on /home/airflow/.local/lib/python3.7/site-packages/airflow/example_dags/example_branch_day_of_week_operator.py
[2023-01-08T13:15:46.012+0000] {processor.py:756} INFO - Processing file /home/airflow/.local/lib/python3.7/site-packages/airflow/example_dags/example_branch_day_of_week_operator.py for tasks to queue
[2023-01-08T13:15:46.012+0000] {logging_mixin.py:120} INFO - [2023-01-08T13:15:46.012+0000] {dagbag.py:537} INFO - Filling up the DagBag from /home/airflow/.local/lib/python3.7/site-packages/airflow/example_dags/example_branch_day_of_week_operator.py
[2023-01-08T13:15:46.021+0000] {processor.py:766} INFO - DAG(s) dict_keys(['example_weekday_branch_operator']) retrieved from /home/airflow/.local/lib/python3.7/site-packages/airflow/example_dags/example_branch_day_of_week_operator.py
[2023-01-08T13:15:46.046+0000] {logging_mixin.py:120} INFO - [2023-01-08T13:15:46.046+0000] {dag.py:2585} INFO - Sync 1 DAGs
[2023-01-08T13:15:46.066+0000] {logging_mixin.py:120} INFO - [2023-01-08T13:15:46.066+0000] {dag.py:3340} INFO - Setting next_dagrun for example_weekday_branch_operator to 2023-01-07T00:00:00+00:00, run_after=2023-01-08T00:00:00+00:00
[2023-01-08T13:15:46.078+0000] {processor.py:176} INFO - Processing /home/airflow/.local/lib/python3.7/site-packages/airflow/example_dags/example_branch_day_of_week_operator.py took 0.068 seconds
[2023-01-08T13:16:16.123+0000] {processor.py:154} INFO - Started process (PID=1347) to work on /home/airflow/.local/lib/python3.7/site-packages/airflow/example_dags/example_branch_day_of_week_operator.py
[2023-01-08T13:16:16.124+0000] {processor.py:756} INFO - Processing file /home/airflow/.local/lib/python3.7/site-packages/airflow/example_dags/example_branch_day_of_week_operator.py for tasks to queue
[2023-01-08T13:16:16.125+0000] {logging_mixin.py:120} INFO - [2023-01-08T13:16:16.125+0000] {dagbag.py:537} INFO - Filling up the DagBag from /home/airflow/.local/lib/python3.7/site-packages/airflow/example_dags/example_branch_day_of_week_operator.py
[2023-01-08T13:16:16.134+0000] {processor.py:766} INFO - DAG(s) dict_keys(['example_weekday_branch_operator']) retrieved from /home/airflow/.local/lib/python3.7/site-packages/airflow/example_dags/example_branch_day_of_week_operator.py
[2023-01-08T13:16:16.176+0000] {logging_mixin.py:120} INFO - [2023-01-08T13:16:16.176+0000] {dag.py:2585} INFO - Sync 1 DAGs
[2023-01-08T13:16:16.196+0000] {logging_mixin.py:120} INFO - [2023-01-08T13:16:16.196+0000] {dag.py:3340} INFO - Setting next_dagrun for example_weekday_branch_operator to 2023-01-07T00:00:00+00:00, run_after=2023-01-08T00:00:00+00:00
[2023-01-08T13:16:16.210+0000] {processor.py:176} INFO - Processing /home/airflow/.local/lib/python3.7/site-packages/airflow/example_dags/example_branch_day_of_week_operator.py took 0.089 seconds
[2023-01-08T13:16:47.046+0000] {processor.py:154} INFO - Started process (PID=1412) to work on /home/airflow/.local/lib/python3.7/site-packages/airflow/example_dags/example_branch_day_of_week_operator.py
[2023-01-08T13:16:47.047+0000] {processor.py:756} INFO - Processing file /home/airflow/.local/lib/python3.7/site-packages/airflow/example_dags/example_branch_day_of_week_operator.py for tasks to queue
[2023-01-08T13:16:47.047+0000] {logging_mixin.py:120} INFO - [2023-01-08T13:16:47.047+0000] {dagbag.py:537} INFO - Filling up the DagBag from /home/airflow/.local/lib/python3.7/site-packages/airflow/example_dags/example_branch_day_of_week_operator.py
[2023-01-08T13:16:47.056+0000] {processor.py:766} INFO - DAG(s) dict_keys(['example_weekday_branch_operator']) retrieved from /home/airflow/.local/lib/python3.7/site-packages/airflow/example_dags/example_branch_day_of_week_operator.py
[2023-01-08T13:16:47.081+0000] {logging_mixin.py:120} INFO - [2023-01-08T13:16:47.081+0000] {dag.py:2585} INFO - Sync 1 DAGs
[2023-01-08T13:16:47.100+0000] {logging_mixin.py:120} INFO - [2023-01-08T13:16:47.099+0000] {dag.py:3340} INFO - Setting next_dagrun for example_weekday_branch_operator to 2023-01-07T00:00:00+00:00, run_after=2023-01-08T00:00:00+00:00
[2023-01-08T13:16:47.112+0000] {processor.py:176} INFO - Processing /home/airflow/.local/lib/python3.7/site-packages/airflow/example_dags/example_branch_day_of_week_operator.py took 0.067 seconds
