[2023-01-08T13:06:05.381+0000] {processor.py:154} INFO - Started process (PID=71) to work on /home/airflow/.local/lib/python3.7/site-packages/airflow/example_dags/example_sla_dag.py
[2023-01-08T13:06:05.382+0000] {processor.py:756} INFO - Processing file /home/airflow/.local/lib/python3.7/site-packages/airflow/example_dags/example_sla_dag.py for tasks to queue
[2023-01-08T13:06:05.383+0000] {logging_mixin.py:120} INFO - [2023-01-08T13:06:05.383+0000] {dagbag.py:537} INFO - Filling up the DagBag from /home/airflow/.local/lib/python3.7/site-packages/airflow/example_dags/example_sla_dag.py
[2023-01-08T13:06:05.419+0000] {processor.py:766} INFO - DAG(s) dict_keys(['example_sla_dag']) retrieved from /home/airflow/.local/lib/python3.7/site-packages/airflow/example_dags/example_sla_dag.py
[2023-01-08T13:06:05.480+0000] {logging_mixin.py:120} INFO - [2023-01-08T13:06:05.479+0000] {dag.py:2585} INFO - Sync 1 DAGs
[2023-01-08T13:06:05.533+0000] {logging_mixin.py:120} INFO - [2023-01-08T13:06:05.533+0000] {dag.py:3340} INFO - Setting next_dagrun for example_sla_dag to 2023-01-08T13:04:00+00:00, run_after=2023-01-08T13:06:00+00:00
[2023-01-08T13:06:05.563+0000] {processor.py:176} INFO - Processing /home/airflow/.local/lib/python3.7/site-packages/airflow/example_dags/example_sla_dag.py took 0.189 seconds
[2023-01-08T13:06:35.851+0000] {processor.py:154} INFO - Started process (PID=140) to work on /home/airflow/.local/lib/python3.7/site-packages/airflow/example_dags/example_sla_dag.py
[2023-01-08T13:06:35.852+0000] {processor.py:756} INFO - Processing file /home/airflow/.local/lib/python3.7/site-packages/airflow/example_dags/example_sla_dag.py for tasks to queue
[2023-01-08T13:06:35.853+0000] {logging_mixin.py:120} INFO - [2023-01-08T13:06:35.853+0000] {dagbag.py:537} INFO - Filling up the DagBag from /home/airflow/.local/lib/python3.7/site-packages/airflow/example_dags/example_sla_dag.py
[2023-01-08T13:06:35.872+0000] {processor.py:766} INFO - DAG(s) dict_keys(['example_sla_dag']) retrieved from /home/airflow/.local/lib/python3.7/site-packages/airflow/example_dags/example_sla_dag.py
[2023-01-08T13:06:35.903+0000] {logging_mixin.py:120} INFO - [2023-01-08T13:06:35.903+0000] {dag.py:2585} INFO - Sync 1 DAGs
[2023-01-08T13:06:35.934+0000] {logging_mixin.py:120} INFO - [2023-01-08T13:06:35.934+0000] {dag.py:3340} INFO - Setting next_dagrun for example_sla_dag to 2023-01-08T13:04:00+00:00, run_after=2023-01-08T13:06:00+00:00
[2023-01-08T13:06:35.950+0000] {processor.py:176} INFO - Processing /home/airflow/.local/lib/python3.7/site-packages/airflow/example_dags/example_sla_dag.py took 0.101 seconds
[2023-01-08T13:07:06.166+0000] {processor.py:154} INFO - Started process (PID=206) to work on /home/airflow/.local/lib/python3.7/site-packages/airflow/example_dags/example_sla_dag.py
[2023-01-08T13:07:06.167+0000] {processor.py:756} INFO - Processing file /home/airflow/.local/lib/python3.7/site-packages/airflow/example_dags/example_sla_dag.py for tasks to queue
[2023-01-08T13:07:06.167+0000] {logging_mixin.py:120} INFO - [2023-01-08T13:07:06.167+0000] {dagbag.py:537} INFO - Filling up the DagBag from /home/airflow/.local/lib/python3.7/site-packages/airflow/example_dags/example_sla_dag.py
[2023-01-08T13:07:06.182+0000] {processor.py:766} INFO - DAG(s) dict_keys(['example_sla_dag']) retrieved from /home/airflow/.local/lib/python3.7/site-packages/airflow/example_dags/example_sla_dag.py
[2023-01-08T13:07:06.208+0000] {logging_mixin.py:120} INFO - [2023-01-08T13:07:06.208+0000] {dag.py:2585} INFO - Sync 1 DAGs
[2023-01-08T13:07:06.227+0000] {logging_mixin.py:120} INFO - [2023-01-08T13:07:06.227+0000] {dag.py:3340} INFO - Setting next_dagrun for example_sla_dag to 2023-01-08T13:04:00+00:00, run_after=2023-01-08T13:06:00+00:00
[2023-01-08T13:07:06.242+0000] {processor.py:176} INFO - Processing /home/airflow/.local/lib/python3.7/site-packages/airflow/example_dags/example_sla_dag.py took 0.077 seconds
[2023-01-08T13:07:36.584+0000] {processor.py:154} INFO - Started process (PID=271) to work on /home/airflow/.local/lib/python3.7/site-packages/airflow/example_dags/example_sla_dag.py
[2023-01-08T13:07:36.584+0000] {processor.py:756} INFO - Processing file /home/airflow/.local/lib/python3.7/site-packages/airflow/example_dags/example_sla_dag.py for tasks to queue
[2023-01-08T13:07:36.585+0000] {logging_mixin.py:120} INFO - [2023-01-08T13:07:36.585+0000] {dagbag.py:537} INFO - Filling up the DagBag from /home/airflow/.local/lib/python3.7/site-packages/airflow/example_dags/example_sla_dag.py
[2023-01-08T13:07:36.604+0000] {processor.py:766} INFO - DAG(s) dict_keys(['example_sla_dag']) retrieved from /home/airflow/.local/lib/python3.7/site-packages/airflow/example_dags/example_sla_dag.py
[2023-01-08T13:07:36.631+0000] {logging_mixin.py:120} INFO - [2023-01-08T13:07:36.631+0000] {dag.py:2585} INFO - Sync 1 DAGs
[2023-01-08T13:07:36.651+0000] {logging_mixin.py:120} INFO - [2023-01-08T13:07:36.651+0000] {dag.py:3340} INFO - Setting next_dagrun for example_sla_dag to 2023-01-08T13:04:00+00:00, run_after=2023-01-08T13:06:00+00:00
[2023-01-08T13:07:36.664+0000] {processor.py:176} INFO - Processing /home/airflow/.local/lib/python3.7/site-packages/airflow/example_dags/example_sla_dag.py took 0.082 seconds
[2023-01-08T13:08:06.738+0000] {processor.py:154} INFO - Started process (PID=328) to work on /home/airflow/.local/lib/python3.7/site-packages/airflow/example_dags/example_sla_dag.py
[2023-01-08T13:08:06.739+0000] {processor.py:756} INFO - Processing file /home/airflow/.local/lib/python3.7/site-packages/airflow/example_dags/example_sla_dag.py for tasks to queue
[2023-01-08T13:08:06.739+0000] {logging_mixin.py:120} INFO - [2023-01-08T13:08:06.739+0000] {dagbag.py:537} INFO - Filling up the DagBag from /home/airflow/.local/lib/python3.7/site-packages/airflow/example_dags/example_sla_dag.py
[2023-01-08T13:08:06.754+0000] {processor.py:766} INFO - DAG(s) dict_keys(['example_sla_dag']) retrieved from /home/airflow/.local/lib/python3.7/site-packages/airflow/example_dags/example_sla_dag.py
[2023-01-08T13:08:06.779+0000] {logging_mixin.py:120} INFO - [2023-01-08T13:08:06.779+0000] {dag.py:2585} INFO - Sync 1 DAGs
[2023-01-08T13:08:06.799+0000] {logging_mixin.py:120} INFO - [2023-01-08T13:08:06.799+0000] {dag.py:3340} INFO - Setting next_dagrun for example_sla_dag to 2023-01-08T13:06:00+00:00, run_after=2023-01-08T13:08:00+00:00
[2023-01-08T13:08:06.812+0000] {processor.py:176} INFO - Processing /home/airflow/.local/lib/python3.7/site-packages/airflow/example_dags/example_sla_dag.py took 0.075 seconds
[2023-01-08T13:08:37.862+0000] {processor.py:154} INFO - Started process (PID=393) to work on /home/airflow/.local/lib/python3.7/site-packages/airflow/example_dags/example_sla_dag.py
[2023-01-08T13:08:37.863+0000] {processor.py:756} INFO - Processing file /home/airflow/.local/lib/python3.7/site-packages/airflow/example_dags/example_sla_dag.py for tasks to queue
[2023-01-08T13:08:37.863+0000] {logging_mixin.py:120} INFO - [2023-01-08T13:08:37.863+0000] {dagbag.py:537} INFO - Filling up the DagBag from /home/airflow/.local/lib/python3.7/site-packages/airflow/example_dags/example_sla_dag.py
[2023-01-08T13:08:37.876+0000] {processor.py:766} INFO - DAG(s) dict_keys(['example_sla_dag']) retrieved from /home/airflow/.local/lib/python3.7/site-packages/airflow/example_dags/example_sla_dag.py
[2023-01-08T13:08:37.900+0000] {logging_mixin.py:120} INFO - [2023-01-08T13:08:37.900+0000] {dag.py:2585} INFO - Sync 1 DAGs
[2023-01-08T13:08:37.918+0000] {logging_mixin.py:120} INFO - [2023-01-08T13:08:37.918+0000] {dag.py:3340} INFO - Setting next_dagrun for example_sla_dag to 2023-01-08T13:06:00+00:00, run_after=2023-01-08T13:08:00+00:00
[2023-01-08T13:08:37.928+0000] {processor.py:176} INFO - Processing /home/airflow/.local/lib/python3.7/site-packages/airflow/example_dags/example_sla_dag.py took 0.068 seconds
[2023-01-08T13:09:08.084+0000] {processor.py:154} INFO - Started process (PID=458) to work on /home/airflow/.local/lib/python3.7/site-packages/airflow/example_dags/example_sla_dag.py
[2023-01-08T13:09:08.084+0000] {processor.py:756} INFO - Processing file /home/airflow/.local/lib/python3.7/site-packages/airflow/example_dags/example_sla_dag.py for tasks to queue
[2023-01-08T13:09:08.085+0000] {logging_mixin.py:120} INFO - [2023-01-08T13:09:08.085+0000] {dagbag.py:537} INFO - Filling up the DagBag from /home/airflow/.local/lib/python3.7/site-packages/airflow/example_dags/example_sla_dag.py
[2023-01-08T13:09:08.098+0000] {processor.py:766} INFO - DAG(s) dict_keys(['example_sla_dag']) retrieved from /home/airflow/.local/lib/python3.7/site-packages/airflow/example_dags/example_sla_dag.py
[2023-01-08T13:09:08.122+0000] {logging_mixin.py:120} INFO - [2023-01-08T13:09:08.122+0000] {dag.py:2585} INFO - Sync 1 DAGs
[2023-01-08T13:09:08.139+0000] {logging_mixin.py:120} INFO - [2023-01-08T13:09:08.139+0000] {dag.py:3340} INFO - Setting next_dagrun for example_sla_dag to 2023-01-08T13:06:00+00:00, run_after=2023-01-08T13:08:00+00:00
[2023-01-08T13:09:08.151+0000] {processor.py:176} INFO - Processing /home/airflow/.local/lib/python3.7/site-packages/airflow/example_dags/example_sla_dag.py took 0.068 seconds
[2023-01-08T13:09:39.041+0000] {processor.py:154} INFO - Started process (PID=523) to work on /home/airflow/.local/lib/python3.7/site-packages/airflow/example_dags/example_sla_dag.py
[2023-01-08T13:09:39.042+0000] {processor.py:756} INFO - Processing file /home/airflow/.local/lib/python3.7/site-packages/airflow/example_dags/example_sla_dag.py for tasks to queue
[2023-01-08T13:09:39.042+0000] {logging_mixin.py:120} INFO - [2023-01-08T13:09:39.042+0000] {dagbag.py:537} INFO - Filling up the DagBag from /home/airflow/.local/lib/python3.7/site-packages/airflow/example_dags/example_sla_dag.py
[2023-01-08T13:09:39.056+0000] {processor.py:766} INFO - DAG(s) dict_keys(['example_sla_dag']) retrieved from /home/airflow/.local/lib/python3.7/site-packages/airflow/example_dags/example_sla_dag.py
[2023-01-08T13:09:39.080+0000] {logging_mixin.py:120} INFO - [2023-01-08T13:09:39.080+0000] {dag.py:2585} INFO - Sync 1 DAGs
[2023-01-08T13:09:39.098+0000] {logging_mixin.py:120} INFO - [2023-01-08T13:09:39.098+0000] {dag.py:3340} INFO - Setting next_dagrun for example_sla_dag to 2023-01-08T13:06:00+00:00, run_after=2023-01-08T13:08:00+00:00
[2023-01-08T13:09:39.111+0000] {processor.py:176} INFO - Processing /home/airflow/.local/lib/python3.7/site-packages/airflow/example_dags/example_sla_dag.py took 0.071 seconds
[2023-01-08T13:10:09.977+0000] {processor.py:154} INFO - Started process (PID=588) to work on /home/airflow/.local/lib/python3.7/site-packages/airflow/example_dags/example_sla_dag.py
[2023-01-08T13:10:09.977+0000] {processor.py:756} INFO - Processing file /home/airflow/.local/lib/python3.7/site-packages/airflow/example_dags/example_sla_dag.py for tasks to queue
[2023-01-08T13:10:09.978+0000] {logging_mixin.py:120} INFO - [2023-01-08T13:10:09.978+0000] {dagbag.py:537} INFO - Filling up the DagBag from /home/airflow/.local/lib/python3.7/site-packages/airflow/example_dags/example_sla_dag.py
[2023-01-08T13:10:09.991+0000] {processor.py:766} INFO - DAG(s) dict_keys(['example_sla_dag']) retrieved from /home/airflow/.local/lib/python3.7/site-packages/airflow/example_dags/example_sla_dag.py
[2023-01-08T13:10:10.015+0000] {logging_mixin.py:120} INFO - [2023-01-08T13:10:10.015+0000] {dag.py:2585} INFO - Sync 1 DAGs
[2023-01-08T13:10:10.033+0000] {logging_mixin.py:120} INFO - [2023-01-08T13:10:10.033+0000] {dag.py:3340} INFO - Setting next_dagrun for example_sla_dag to 2023-01-08T13:08:00+00:00, run_after=2023-01-08T13:10:00+00:00
[2023-01-08T13:10:10.045+0000] {processor.py:176} INFO - Processing /home/airflow/.local/lib/python3.7/site-packages/airflow/example_dags/example_sla_dag.py took 0.071 seconds
[2023-01-08T13:10:40.936+0000] {processor.py:154} INFO - Started process (PID=644) to work on /home/airflow/.local/lib/python3.7/site-packages/airflow/example_dags/example_sla_dag.py
[2023-01-08T13:10:40.937+0000] {processor.py:756} INFO - Processing file /home/airflow/.local/lib/python3.7/site-packages/airflow/example_dags/example_sla_dag.py for tasks to queue
[2023-01-08T13:10:40.937+0000] {logging_mixin.py:120} INFO - [2023-01-08T13:10:40.937+0000] {dagbag.py:537} INFO - Filling up the DagBag from /home/airflow/.local/lib/python3.7/site-packages/airflow/example_dags/example_sla_dag.py
[2023-01-08T13:10:40.950+0000] {processor.py:766} INFO - DAG(s) dict_keys(['example_sla_dag']) retrieved from /home/airflow/.local/lib/python3.7/site-packages/airflow/example_dags/example_sla_dag.py
[2023-01-08T13:10:40.974+0000] {logging_mixin.py:120} INFO - [2023-01-08T13:10:40.974+0000] {dag.py:2585} INFO - Sync 1 DAGs
[2023-01-08T13:10:40.992+0000] {logging_mixin.py:120} INFO - [2023-01-08T13:10:40.992+0000] {dag.py:3340} INFO - Setting next_dagrun for example_sla_dag to 2023-01-08T13:08:00+00:00, run_after=2023-01-08T13:10:00+00:00
[2023-01-08T13:10:41.003+0000] {processor.py:176} INFO - Processing /home/airflow/.local/lib/python3.7/site-packages/airflow/example_dags/example_sla_dag.py took 0.068 seconds
[2023-01-08T13:11:12.070+0000] {processor.py:154} INFO - Started process (PID=709) to work on /home/airflow/.local/lib/python3.7/site-packages/airflow/example_dags/example_sla_dag.py
[2023-01-08T13:11:12.071+0000] {processor.py:756} INFO - Processing file /home/airflow/.local/lib/python3.7/site-packages/airflow/example_dags/example_sla_dag.py for tasks to queue
[2023-01-08T13:11:12.071+0000] {logging_mixin.py:120} INFO - [2023-01-08T13:11:12.071+0000] {dagbag.py:537} INFO - Filling up the DagBag from /home/airflow/.local/lib/python3.7/site-packages/airflow/example_dags/example_sla_dag.py
[2023-01-08T13:11:12.087+0000] {processor.py:766} INFO - DAG(s) dict_keys(['example_sla_dag']) retrieved from /home/airflow/.local/lib/python3.7/site-packages/airflow/example_dags/example_sla_dag.py
[2023-01-08T13:11:12.113+0000] {logging_mixin.py:120} INFO - [2023-01-08T13:11:12.112+0000] {dag.py:2585} INFO - Sync 1 DAGs
[2023-01-08T13:11:12.132+0000] {logging_mixin.py:120} INFO - [2023-01-08T13:11:12.132+0000] {dag.py:3340} INFO - Setting next_dagrun for example_sla_dag to 2023-01-08T13:08:00+00:00, run_after=2023-01-08T13:10:00+00:00
[2023-01-08T13:11:12.145+0000] {processor.py:176} INFO - Processing /home/airflow/.local/lib/python3.7/site-packages/airflow/example_dags/example_sla_dag.py took 0.076 seconds
[2023-01-08T13:11:42.307+0000] {processor.py:154} INFO - Started process (PID=774) to work on /home/airflow/.local/lib/python3.7/site-packages/airflow/example_dags/example_sla_dag.py
[2023-01-08T13:11:42.308+0000] {processor.py:756} INFO - Processing file /home/airflow/.local/lib/python3.7/site-packages/airflow/example_dags/example_sla_dag.py for tasks to queue
[2023-01-08T13:11:42.308+0000] {logging_mixin.py:120} INFO - [2023-01-08T13:11:42.308+0000] {dagbag.py:537} INFO - Filling up the DagBag from /home/airflow/.local/lib/python3.7/site-packages/airflow/example_dags/example_sla_dag.py
[2023-01-08T13:11:42.322+0000] {processor.py:766} INFO - DAG(s) dict_keys(['example_sla_dag']) retrieved from /home/airflow/.local/lib/python3.7/site-packages/airflow/example_dags/example_sla_dag.py
[2023-01-08T13:11:42.348+0000] {logging_mixin.py:120} INFO - [2023-01-08T13:11:42.348+0000] {dag.py:2585} INFO - Sync 1 DAGs
[2023-01-08T13:11:42.369+0000] {logging_mixin.py:120} INFO - [2023-01-08T13:11:42.369+0000] {dag.py:3340} INFO - Setting next_dagrun for example_sla_dag to 2023-01-08T13:08:00+00:00, run_after=2023-01-08T13:10:00+00:00
[2023-01-08T13:11:42.381+0000] {processor.py:176} INFO - Processing /home/airflow/.local/lib/python3.7/site-packages/airflow/example_dags/example_sla_dag.py took 0.075 seconds
[2023-01-08T13:12:12.552+0000] {processor.py:154} INFO - Started process (PID=839) to work on /home/airflow/.local/lib/python3.7/site-packages/airflow/example_dags/example_sla_dag.py
[2023-01-08T13:12:12.553+0000] {processor.py:756} INFO - Processing file /home/airflow/.local/lib/python3.7/site-packages/airflow/example_dags/example_sla_dag.py for tasks to queue
[2023-01-08T13:12:12.554+0000] {logging_mixin.py:120} INFO - [2023-01-08T13:12:12.554+0000] {dagbag.py:537} INFO - Filling up the DagBag from /home/airflow/.local/lib/python3.7/site-packages/airflow/example_dags/example_sla_dag.py
[2023-01-08T13:12:12.570+0000] {processor.py:766} INFO - DAG(s) dict_keys(['example_sla_dag']) retrieved from /home/airflow/.local/lib/python3.7/site-packages/airflow/example_dags/example_sla_dag.py
[2023-01-08T13:12:12.596+0000] {logging_mixin.py:120} INFO - [2023-01-08T13:12:12.596+0000] {dag.py:2585} INFO - Sync 1 DAGs
[2023-01-08T13:12:12.618+0000] {logging_mixin.py:120} INFO - [2023-01-08T13:12:12.617+0000] {dag.py:3340} INFO - Setting next_dagrun for example_sla_dag to 2023-01-08T13:10:00+00:00, run_after=2023-01-08T13:12:00+00:00
[2023-01-08T13:12:12.631+0000] {processor.py:176} INFO - Processing /home/airflow/.local/lib/python3.7/site-packages/airflow/example_dags/example_sla_dag.py took 0.081 seconds
[2023-01-08T13:12:42.905+0000] {processor.py:154} INFO - Started process (PID=904) to work on /home/airflow/.local/lib/python3.7/site-packages/airflow/example_dags/example_sla_dag.py
[2023-01-08T13:12:42.906+0000] {processor.py:756} INFO - Processing file /home/airflow/.local/lib/python3.7/site-packages/airflow/example_dags/example_sla_dag.py for tasks to queue
[2023-01-08T13:12:42.906+0000] {logging_mixin.py:120} INFO - [2023-01-08T13:12:42.906+0000] {dagbag.py:537} INFO - Filling up the DagBag from /home/airflow/.local/lib/python3.7/site-packages/airflow/example_dags/example_sla_dag.py
[2023-01-08T13:12:42.920+0000] {processor.py:766} INFO - DAG(s) dict_keys(['example_sla_dag']) retrieved from /home/airflow/.local/lib/python3.7/site-packages/airflow/example_dags/example_sla_dag.py
[2023-01-08T13:12:42.944+0000] {logging_mixin.py:120} INFO - [2023-01-08T13:12:42.943+0000] {dag.py:2585} INFO - Sync 1 DAGs
[2023-01-08T13:12:42.962+0000] {logging_mixin.py:120} INFO - [2023-01-08T13:12:42.962+0000] {dag.py:3340} INFO - Setting next_dagrun for example_sla_dag to 2023-01-08T13:10:00+00:00, run_after=2023-01-08T13:12:00+00:00
[2023-01-08T13:12:42.974+0000] {processor.py:176} INFO - Processing /home/airflow/.local/lib/python3.7/site-packages/airflow/example_dags/example_sla_dag.py took 0.071 seconds
[2023-01-08T13:13:13.961+0000] {processor.py:154} INFO - Started process (PID=960) to work on /home/airflow/.local/lib/python3.7/site-packages/airflow/example_dags/example_sla_dag.py
[2023-01-08T13:13:13.961+0000] {processor.py:756} INFO - Processing file /home/airflow/.local/lib/python3.7/site-packages/airflow/example_dags/example_sla_dag.py for tasks to queue
[2023-01-08T13:13:13.962+0000] {logging_mixin.py:120} INFO - [2023-01-08T13:13:13.962+0000] {dagbag.py:537} INFO - Filling up the DagBag from /home/airflow/.local/lib/python3.7/site-packages/airflow/example_dags/example_sla_dag.py
[2023-01-08T13:13:13.974+0000] {processor.py:766} INFO - DAG(s) dict_keys(['example_sla_dag']) retrieved from /home/airflow/.local/lib/python3.7/site-packages/airflow/example_dags/example_sla_dag.py
[2023-01-08T13:13:14.002+0000] {logging_mixin.py:120} INFO - [2023-01-08T13:13:14.002+0000] {dag.py:2585} INFO - Sync 1 DAGs
[2023-01-08T13:13:14.026+0000] {logging_mixin.py:120} INFO - [2023-01-08T13:13:14.026+0000] {dag.py:3340} INFO - Setting next_dagrun for example_sla_dag to 2023-01-08T13:10:00+00:00, run_after=2023-01-08T13:12:00+00:00
[2023-01-08T13:13:14.039+0000] {processor.py:176} INFO - Processing /home/airflow/.local/lib/python3.7/site-packages/airflow/example_dags/example_sla_dag.py took 0.080 seconds
[2023-01-08T13:13:44.269+0000] {processor.py:154} INFO - Started process (PID=1025) to work on /home/airflow/.local/lib/python3.7/site-packages/airflow/example_dags/example_sla_dag.py
[2023-01-08T13:13:44.269+0000] {processor.py:756} INFO - Processing file /home/airflow/.local/lib/python3.7/site-packages/airflow/example_dags/example_sla_dag.py for tasks to queue
[2023-01-08T13:13:44.269+0000] {logging_mixin.py:120} INFO - [2023-01-08T13:13:44.269+0000] {dagbag.py:537} INFO - Filling up the DagBag from /home/airflow/.local/lib/python3.7/site-packages/airflow/example_dags/example_sla_dag.py
[2023-01-08T13:13:44.286+0000] {processor.py:766} INFO - DAG(s) dict_keys(['example_sla_dag']) retrieved from /home/airflow/.local/lib/python3.7/site-packages/airflow/example_dags/example_sla_dag.py
[2023-01-08T13:13:44.310+0000] {logging_mixin.py:120} INFO - [2023-01-08T13:13:44.310+0000] {dag.py:2585} INFO - Sync 1 DAGs
[2023-01-08T13:13:44.336+0000] {logging_mixin.py:120} INFO - [2023-01-08T13:13:44.336+0000] {dag.py:3340} INFO - Setting next_dagrun for example_sla_dag to 2023-01-08T13:10:00+00:00, run_after=2023-01-08T13:12:00+00:00
[2023-01-08T13:13:44.350+0000] {processor.py:176} INFO - Processing /home/airflow/.local/lib/python3.7/site-packages/airflow/example_dags/example_sla_dag.py took 0.083 seconds
[2023-01-08T13:14:14.717+0000] {processor.py:154} INFO - Started process (PID=1091) to work on /home/airflow/.local/lib/python3.7/site-packages/airflow/example_dags/example_sla_dag.py
[2023-01-08T13:14:14.718+0000] {processor.py:756} INFO - Processing file /home/airflow/.local/lib/python3.7/site-packages/airflow/example_dags/example_sla_dag.py for tasks to queue
[2023-01-08T13:14:14.718+0000] {logging_mixin.py:120} INFO - [2023-01-08T13:14:14.718+0000] {dagbag.py:537} INFO - Filling up the DagBag from /home/airflow/.local/lib/python3.7/site-packages/airflow/example_dags/example_sla_dag.py
[2023-01-08T13:14:14.731+0000] {processor.py:766} INFO - DAG(s) dict_keys(['example_sla_dag']) retrieved from /home/airflow/.local/lib/python3.7/site-packages/airflow/example_dags/example_sla_dag.py
[2023-01-08T13:14:14.753+0000] {logging_mixin.py:120} INFO - [2023-01-08T13:14:14.753+0000] {dag.py:2585} INFO - Sync 1 DAGs
[2023-01-08T13:14:14.771+0000] {logging_mixin.py:120} INFO - [2023-01-08T13:14:14.771+0000] {dag.py:3340} INFO - Setting next_dagrun for example_sla_dag to 2023-01-08T13:12:00+00:00, run_after=2023-01-08T13:14:00+00:00
[2023-01-08T13:14:14.783+0000] {processor.py:176} INFO - Processing /home/airflow/.local/lib/python3.7/site-packages/airflow/example_dags/example_sla_dag.py took 0.067 seconds
[2023-01-08T13:14:44.939+0000] {processor.py:154} INFO - Started process (PID=1155) to work on /home/airflow/.local/lib/python3.7/site-packages/airflow/example_dags/example_sla_dag.py
[2023-01-08T13:14:44.939+0000] {processor.py:756} INFO - Processing file /home/airflow/.local/lib/python3.7/site-packages/airflow/example_dags/example_sla_dag.py for tasks to queue
[2023-01-08T13:14:44.940+0000] {logging_mixin.py:120} INFO - [2023-01-08T13:14:44.940+0000] {dagbag.py:537} INFO - Filling up the DagBag from /home/airflow/.local/lib/python3.7/site-packages/airflow/example_dags/example_sla_dag.py
[2023-01-08T13:14:44.953+0000] {processor.py:766} INFO - DAG(s) dict_keys(['example_sla_dag']) retrieved from /home/airflow/.local/lib/python3.7/site-packages/airflow/example_dags/example_sla_dag.py
[2023-01-08T13:14:44.977+0000] {logging_mixin.py:120} INFO - [2023-01-08T13:14:44.976+0000] {dag.py:2585} INFO - Sync 1 DAGs
[2023-01-08T13:14:44.993+0000] {logging_mixin.py:120} INFO - [2023-01-08T13:14:44.993+0000] {dag.py:3340} INFO - Setting next_dagrun for example_sla_dag to 2023-01-08T13:12:00+00:00, run_after=2023-01-08T13:14:00+00:00
[2023-01-08T13:14:45.005+0000] {processor.py:176} INFO - Processing /home/airflow/.local/lib/python3.7/site-packages/airflow/example_dags/example_sla_dag.py took 0.068 seconds
[2023-01-08T13:15:15.449+0000] {processor.py:154} INFO - Started process (PID=1218) to work on /home/airflow/.local/lib/python3.7/site-packages/airflow/example_dags/example_sla_dag.py
[2023-01-08T13:15:15.449+0000] {processor.py:756} INFO - Processing file /home/airflow/.local/lib/python3.7/site-packages/airflow/example_dags/example_sla_dag.py for tasks to queue
[2023-01-08T13:15:15.450+0000] {logging_mixin.py:120} INFO - [2023-01-08T13:15:15.450+0000] {dagbag.py:537} INFO - Filling up the DagBag from /home/airflow/.local/lib/python3.7/site-packages/airflow/example_dags/example_sla_dag.py
[2023-01-08T13:15:15.468+0000] {processor.py:766} INFO - DAG(s) dict_keys(['example_sla_dag']) retrieved from /home/airflow/.local/lib/python3.7/site-packages/airflow/example_dags/example_sla_dag.py
[2023-01-08T13:15:15.501+0000] {logging_mixin.py:120} INFO - [2023-01-08T13:15:15.501+0000] {dag.py:2585} INFO - Sync 1 DAGs
[2023-01-08T13:15:15.524+0000] {logging_mixin.py:120} INFO - [2023-01-08T13:15:15.524+0000] {dag.py:3340} INFO - Setting next_dagrun for example_sla_dag to 2023-01-08T13:12:00+00:00, run_after=2023-01-08T13:14:00+00:00
[2023-01-08T13:15:15.542+0000] {processor.py:176} INFO - Processing /home/airflow/.local/lib/python3.7/site-packages/airflow/example_dags/example_sla_dag.py took 0.095 seconds
[2023-01-08T13:15:45.619+0000] {processor.py:154} INFO - Started process (PID=1276) to work on /home/airflow/.local/lib/python3.7/site-packages/airflow/example_dags/example_sla_dag.py
[2023-01-08T13:15:45.620+0000] {processor.py:756} INFO - Processing file /home/airflow/.local/lib/python3.7/site-packages/airflow/example_dags/example_sla_dag.py for tasks to queue
[2023-01-08T13:15:45.620+0000] {logging_mixin.py:120} INFO - [2023-01-08T13:15:45.620+0000] {dagbag.py:537} INFO - Filling up the DagBag from /home/airflow/.local/lib/python3.7/site-packages/airflow/example_dags/example_sla_dag.py
[2023-01-08T13:15:45.635+0000] {processor.py:766} INFO - DAG(s) dict_keys(['example_sla_dag']) retrieved from /home/airflow/.local/lib/python3.7/site-packages/airflow/example_dags/example_sla_dag.py
[2023-01-08T13:15:45.661+0000] {logging_mixin.py:120} INFO - [2023-01-08T13:15:45.660+0000] {dag.py:2585} INFO - Sync 1 DAGs
[2023-01-08T13:15:45.679+0000] {logging_mixin.py:120} INFO - [2023-01-08T13:15:45.679+0000] {dag.py:3340} INFO - Setting next_dagrun for example_sla_dag to 2023-01-08T13:12:00+00:00, run_after=2023-01-08T13:14:00+00:00
[2023-01-08T13:15:45.691+0000] {processor.py:176} INFO - Processing /home/airflow/.local/lib/python3.7/site-packages/airflow/example_dags/example_sla_dag.py took 0.074 seconds
[2023-01-08T13:16:15.808+0000] {processor.py:154} INFO - Started process (PID=1341) to work on /home/airflow/.local/lib/python3.7/site-packages/airflow/example_dags/example_sla_dag.py
[2023-01-08T13:16:15.808+0000] {processor.py:756} INFO - Processing file /home/airflow/.local/lib/python3.7/site-packages/airflow/example_dags/example_sla_dag.py for tasks to queue
[2023-01-08T13:16:15.808+0000] {logging_mixin.py:120} INFO - [2023-01-08T13:16:15.808+0000] {dagbag.py:537} INFO - Filling up the DagBag from /home/airflow/.local/lib/python3.7/site-packages/airflow/example_dags/example_sla_dag.py
[2023-01-08T13:16:15.821+0000] {processor.py:766} INFO - DAG(s) dict_keys(['example_sla_dag']) retrieved from /home/airflow/.local/lib/python3.7/site-packages/airflow/example_dags/example_sla_dag.py
[2023-01-08T13:16:15.845+0000] {logging_mixin.py:120} INFO - [2023-01-08T13:16:15.845+0000] {dag.py:2585} INFO - Sync 1 DAGs
[2023-01-08T13:16:15.863+0000] {logging_mixin.py:120} INFO - [2023-01-08T13:16:15.863+0000] {dag.py:3340} INFO - Setting next_dagrun for example_sla_dag to 2023-01-08T13:14:00+00:00, run_after=2023-01-08T13:16:00+00:00
[2023-01-08T13:16:15.873+0000] {processor.py:176} INFO - Processing /home/airflow/.local/lib/python3.7/site-packages/airflow/example_dags/example_sla_dag.py took 0.067 seconds
[2023-01-08T13:16:46.742+0000] {processor.py:154} INFO - Started process (PID=1406) to work on /home/airflow/.local/lib/python3.7/site-packages/airflow/example_dags/example_sla_dag.py
[2023-01-08T13:16:46.742+0000] {processor.py:756} INFO - Processing file /home/airflow/.local/lib/python3.7/site-packages/airflow/example_dags/example_sla_dag.py for tasks to queue
[2023-01-08T13:16:46.743+0000] {logging_mixin.py:120} INFO - [2023-01-08T13:16:46.743+0000] {dagbag.py:537} INFO - Filling up the DagBag from /home/airflow/.local/lib/python3.7/site-packages/airflow/example_dags/example_sla_dag.py
[2023-01-08T13:16:46.756+0000] {processor.py:766} INFO - DAG(s) dict_keys(['example_sla_dag']) retrieved from /home/airflow/.local/lib/python3.7/site-packages/airflow/example_dags/example_sla_dag.py
[2023-01-08T13:16:46.780+0000] {logging_mixin.py:120} INFO - [2023-01-08T13:16:46.780+0000] {dag.py:2585} INFO - Sync 1 DAGs
[2023-01-08T13:16:46.798+0000] {logging_mixin.py:120} INFO - [2023-01-08T13:16:46.798+0000] {dag.py:3340} INFO - Setting next_dagrun for example_sla_dag to 2023-01-08T13:14:00+00:00, run_after=2023-01-08T13:16:00+00:00
[2023-01-08T13:16:46.809+0000] {processor.py:176} INFO - Processing /home/airflow/.local/lib/python3.7/site-packages/airflow/example_dags/example_sla_dag.py took 0.069 seconds
