[2023-01-08T13:06:05.200+0000] {processor.py:154} INFO - Started process (PID=70) to work on /home/airflow/.local/lib/python3.7/site-packages/airflow/example_dags/example_short_circuit_decorator.py
[2023-01-08T13:06:05.200+0000] {processor.py:756} INFO - Processing file /home/airflow/.local/lib/python3.7/site-packages/airflow/example_dags/example_short_circuit_decorator.py for tasks to queue
[2023-01-08T13:06:05.201+0000] {logging_mixin.py:120} INFO - [2023-01-08T13:06:05.201+0000] {dagbag.py:537} INFO - Filling up the DagBag from /home/airflow/.local/lib/python3.7/site-packages/airflow/example_dags/example_short_circuit_decorator.py
[2023-01-08T13:06:05.246+0000] {processor.py:766} INFO - DAG(s) dict_keys(['example_short_circuit_decorator']) retrieved from /home/airflow/.local/lib/python3.7/site-packages/airflow/example_dags/example_short_circuit_decorator.py
[2023-01-08T13:06:05.306+0000] {logging_mixin.py:120} INFO - [2023-01-08T13:06:05.306+0000] {dag.py:2585} INFO - Sync 1 DAGs
[2023-01-08T13:06:05.350+0000] {logging_mixin.py:120} INFO - [2023-01-08T13:06:05.350+0000] {dag.py:3340} INFO - Setting next_dagrun for example_short_circuit_decorator to 2023-01-07T13:06:05.350319+00:00, run_after=2023-01-08T13:06:05.350319+00:00
[2023-01-08T13:06:05.383+0000] {processor.py:176} INFO - Processing /home/airflow/.local/lib/python3.7/site-packages/airflow/example_dags/example_short_circuit_decorator.py took 0.187 seconds
[2023-01-08T13:06:35.822+0000] {processor.py:154} INFO - Started process (PID=139) to work on /home/airflow/.local/lib/python3.7/site-packages/airflow/example_dags/example_short_circuit_decorator.py
[2023-01-08T13:06:35.823+0000] {processor.py:756} INFO - Processing file /home/airflow/.local/lib/python3.7/site-packages/airflow/example_dags/example_short_circuit_decorator.py for tasks to queue
[2023-01-08T13:06:35.824+0000] {logging_mixin.py:120} INFO - [2023-01-08T13:06:35.823+0000] {dagbag.py:537} INFO - Filling up the DagBag from /home/airflow/.local/lib/python3.7/site-packages/airflow/example_dags/example_short_circuit_decorator.py
[2023-01-08T13:06:35.843+0000] {processor.py:766} INFO - DAG(s) dict_keys(['example_short_circuit_decorator']) retrieved from /home/airflow/.local/lib/python3.7/site-packages/airflow/example_dags/example_short_circuit_decorator.py
[2023-01-08T13:06:35.876+0000] {logging_mixin.py:120} INFO - [2023-01-08T13:06:35.875+0000] {dag.py:2585} INFO - Sync 1 DAGs
[2023-01-08T13:06:35.897+0000] {logging_mixin.py:120} INFO - [2023-01-08T13:06:35.897+0000] {dag.py:3340} INFO - Setting next_dagrun for example_short_circuit_decorator to 2023-01-07T13:06:35.897396+00:00, run_after=2023-01-08T13:06:35.897396+00:00
[2023-01-08T13:06:35.916+0000] {processor.py:176} INFO - Processing /home/airflow/.local/lib/python3.7/site-packages/airflow/example_dags/example_short_circuit_decorator.py took 0.096 seconds
[2023-01-08T13:07:06.097+0000] {processor.py:154} INFO - Started process (PID=205) to work on /home/airflow/.local/lib/python3.7/site-packages/airflow/example_dags/example_short_circuit_decorator.py
[2023-01-08T13:07:06.097+0000] {processor.py:756} INFO - Processing file /home/airflow/.local/lib/python3.7/site-packages/airflow/example_dags/example_short_circuit_decorator.py for tasks to queue
[2023-01-08T13:07:06.097+0000] {logging_mixin.py:120} INFO - [2023-01-08T13:07:06.097+0000] {dagbag.py:537} INFO - Filling up the DagBag from /home/airflow/.local/lib/python3.7/site-packages/airflow/example_dags/example_short_circuit_decorator.py
[2023-01-08T13:07:06.113+0000] {processor.py:766} INFO - DAG(s) dict_keys(['example_short_circuit_decorator']) retrieved from /home/airflow/.local/lib/python3.7/site-packages/airflow/example_dags/example_short_circuit_decorator.py
[2023-01-08T13:07:06.143+0000] {logging_mixin.py:120} INFO - [2023-01-08T13:07:06.143+0000] {dag.py:2585} INFO - Sync 1 DAGs
[2023-01-08T13:07:06.166+0000] {logging_mixin.py:120} INFO - [2023-01-08T13:07:06.166+0000] {dag.py:3340} INFO - Setting next_dagrun for example_short_circuit_decorator to 2023-01-07T13:07:06.166397+00:00, run_after=2023-01-08T13:07:06.166397+00:00
[2023-01-08T13:07:06.183+0000] {processor.py:176} INFO - Processing /home/airflow/.local/lib/python3.7/site-packages/airflow/example_dags/example_short_circuit_decorator.py took 0.089 seconds
[2023-01-08T13:07:36.559+0000] {processor.py:154} INFO - Started process (PID=270) to work on /home/airflow/.local/lib/python3.7/site-packages/airflow/example_dags/example_short_circuit_decorator.py
[2023-01-08T13:07:36.560+0000] {processor.py:756} INFO - Processing file /home/airflow/.local/lib/python3.7/site-packages/airflow/example_dags/example_short_circuit_decorator.py for tasks to queue
[2023-01-08T13:07:36.560+0000] {logging_mixin.py:120} INFO - [2023-01-08T13:07:36.560+0000] {dagbag.py:537} INFO - Filling up the DagBag from /home/airflow/.local/lib/python3.7/site-packages/airflow/example_dags/example_short_circuit_decorator.py
[2023-01-08T13:07:36.576+0000] {processor.py:766} INFO - DAG(s) dict_keys(['example_short_circuit_decorator']) retrieved from /home/airflow/.local/lib/python3.7/site-packages/airflow/example_dags/example_short_circuit_decorator.py
[2023-01-08T13:07:36.606+0000] {logging_mixin.py:120} INFO - [2023-01-08T13:07:36.606+0000] {dag.py:2585} INFO - Sync 1 DAGs
[2023-01-08T13:07:36.626+0000] {logging_mixin.py:120} INFO - [2023-01-08T13:07:36.626+0000] {dag.py:3340} INFO - Setting next_dagrun for example_short_circuit_decorator to 2023-01-07T13:07:36.626337+00:00, run_after=2023-01-08T13:07:36.626337+00:00
[2023-01-08T13:07:36.639+0000] {processor.py:176} INFO - Processing /home/airflow/.local/lib/python3.7/site-packages/airflow/example_dags/example_short_circuit_decorator.py took 0.081 seconds
[2023-01-08T13:08:06.686+0000] {processor.py:154} INFO - Started process (PID=327) to work on /home/airflow/.local/lib/python3.7/site-packages/airflow/example_dags/example_short_circuit_decorator.py
[2023-01-08T13:08:06.687+0000] {processor.py:756} INFO - Processing file /home/airflow/.local/lib/python3.7/site-packages/airflow/example_dags/example_short_circuit_decorator.py for tasks to queue
[2023-01-08T13:08:06.687+0000] {logging_mixin.py:120} INFO - [2023-01-08T13:08:06.687+0000] {dagbag.py:537} INFO - Filling up the DagBag from /home/airflow/.local/lib/python3.7/site-packages/airflow/example_dags/example_short_circuit_decorator.py
[2023-01-08T13:08:06.703+0000] {processor.py:766} INFO - DAG(s) dict_keys(['example_short_circuit_decorator']) retrieved from /home/airflow/.local/lib/python3.7/site-packages/airflow/example_dags/example_short_circuit_decorator.py
[2023-01-08T13:08:06.734+0000] {logging_mixin.py:120} INFO - [2023-01-08T13:08:06.733+0000] {dag.py:2585} INFO - Sync 1 DAGs
[2023-01-08T13:08:06.757+0000] {logging_mixin.py:120} INFO - [2023-01-08T13:08:06.757+0000] {dag.py:3340} INFO - Setting next_dagrun for example_short_circuit_decorator to 2023-01-07T13:08:06.757708+00:00, run_after=2023-01-08T13:08:06.757708+00:00
[2023-01-08T13:08:06.773+0000] {processor.py:176} INFO - Processing /home/airflow/.local/lib/python3.7/site-packages/airflow/example_dags/example_short_circuit_decorator.py took 0.089 seconds
[2023-01-08T13:08:37.787+0000] {processor.py:154} INFO - Started process (PID=392) to work on /home/airflow/.local/lib/python3.7/site-packages/airflow/example_dags/example_short_circuit_decorator.py
[2023-01-08T13:08:37.788+0000] {processor.py:756} INFO - Processing file /home/airflow/.local/lib/python3.7/site-packages/airflow/example_dags/example_short_circuit_decorator.py for tasks to queue
[2023-01-08T13:08:37.788+0000] {logging_mixin.py:120} INFO - [2023-01-08T13:08:37.788+0000] {dagbag.py:537} INFO - Filling up the DagBag from /home/airflow/.local/lib/python3.7/site-packages/airflow/example_dags/example_short_circuit_decorator.py
[2023-01-08T13:08:37.802+0000] {processor.py:766} INFO - DAG(s) dict_keys(['example_short_circuit_decorator']) retrieved from /home/airflow/.local/lib/python3.7/site-packages/airflow/example_dags/example_short_circuit_decorator.py
[2023-01-08T13:08:37.828+0000] {logging_mixin.py:120} INFO - [2023-01-08T13:08:37.828+0000] {dag.py:2585} INFO - Sync 1 DAGs
[2023-01-08T13:08:37.844+0000] {logging_mixin.py:120} INFO - [2023-01-08T13:08:37.844+0000] {dag.py:3340} INFO - Setting next_dagrun for example_short_circuit_decorator to 2023-01-07T13:08:37.844432+00:00, run_after=2023-01-08T13:08:37.844432+00:00
[2023-01-08T13:08:37.856+0000] {processor.py:176} INFO - Processing /home/airflow/.local/lib/python3.7/site-packages/airflow/example_dags/example_short_circuit_decorator.py took 0.071 seconds
[2023-01-08T13:09:08.043+0000] {processor.py:154} INFO - Started process (PID=457) to work on /home/airflow/.local/lib/python3.7/site-packages/airflow/example_dags/example_short_circuit_decorator.py
[2023-01-08T13:09:08.043+0000] {processor.py:756} INFO - Processing file /home/airflow/.local/lib/python3.7/site-packages/airflow/example_dags/example_short_circuit_decorator.py for tasks to queue
[2023-01-08T13:09:08.043+0000] {logging_mixin.py:120} INFO - [2023-01-08T13:09:08.043+0000] {dagbag.py:537} INFO - Filling up the DagBag from /home/airflow/.local/lib/python3.7/site-packages/airflow/example_dags/example_short_circuit_decorator.py
[2023-01-08T13:09:08.058+0000] {processor.py:766} INFO - DAG(s) dict_keys(['example_short_circuit_decorator']) retrieved from /home/airflow/.local/lib/python3.7/site-packages/airflow/example_dags/example_short_circuit_decorator.py
[2023-01-08T13:09:08.083+0000] {logging_mixin.py:120} INFO - [2023-01-08T13:09:08.083+0000] {dag.py:2585} INFO - Sync 1 DAGs
[2023-01-08T13:09:08.098+0000] {logging_mixin.py:120} INFO - [2023-01-08T13:09:08.098+0000] {dag.py:3340} INFO - Setting next_dagrun for example_short_circuit_decorator to 2023-01-07T13:09:08.098697+00:00, run_after=2023-01-08T13:09:08.098697+00:00
[2023-01-08T13:09:08.111+0000] {processor.py:176} INFO - Processing /home/airflow/.local/lib/python3.7/site-packages/airflow/example_dags/example_short_circuit_decorator.py took 0.070 seconds
[2023-01-08T13:09:39.017+0000] {processor.py:154} INFO - Started process (PID=522) to work on /home/airflow/.local/lib/python3.7/site-packages/airflow/example_dags/example_short_circuit_decorator.py
[2023-01-08T13:09:39.017+0000] {processor.py:756} INFO - Processing file /home/airflow/.local/lib/python3.7/site-packages/airflow/example_dags/example_short_circuit_decorator.py for tasks to queue
[2023-01-08T13:09:39.018+0000] {logging_mixin.py:120} INFO - [2023-01-08T13:09:39.018+0000] {dagbag.py:537} INFO - Filling up the DagBag from /home/airflow/.local/lib/python3.7/site-packages/airflow/example_dags/example_short_circuit_decorator.py
[2023-01-08T13:09:39.035+0000] {processor.py:766} INFO - DAG(s) dict_keys(['example_short_circuit_decorator']) retrieved from /home/airflow/.local/lib/python3.7/site-packages/airflow/example_dags/example_short_circuit_decorator.py
[2023-01-08T13:09:39.060+0000] {logging_mixin.py:120} INFO - [2023-01-08T13:09:39.060+0000] {dag.py:2585} INFO - Sync 1 DAGs
[2023-01-08T13:09:39.076+0000] {logging_mixin.py:120} INFO - [2023-01-08T13:09:39.075+0000] {dag.py:3340} INFO - Setting next_dagrun for example_short_circuit_decorator to 2023-01-07T13:09:39.075771+00:00, run_after=2023-01-08T13:09:39.075771+00:00
[2023-01-08T13:09:39.089+0000] {processor.py:176} INFO - Processing /home/airflow/.local/lib/python3.7/site-packages/airflow/example_dags/example_short_circuit_decorator.py took 0.074 seconds
[2023-01-08T13:10:09.954+0000] {processor.py:154} INFO - Started process (PID=587) to work on /home/airflow/.local/lib/python3.7/site-packages/airflow/example_dags/example_short_circuit_decorator.py
[2023-01-08T13:10:09.954+0000] {processor.py:756} INFO - Processing file /home/airflow/.local/lib/python3.7/site-packages/airflow/example_dags/example_short_circuit_decorator.py for tasks to queue
[2023-01-08T13:10:09.954+0000] {logging_mixin.py:120} INFO - [2023-01-08T13:10:09.954+0000] {dagbag.py:537} INFO - Filling up the DagBag from /home/airflow/.local/lib/python3.7/site-packages/airflow/example_dags/example_short_circuit_decorator.py
[2023-01-08T13:10:09.969+0000] {processor.py:766} INFO - DAG(s) dict_keys(['example_short_circuit_decorator']) retrieved from /home/airflow/.local/lib/python3.7/site-packages/airflow/example_dags/example_short_circuit_decorator.py
[2023-01-08T13:10:09.994+0000] {logging_mixin.py:120} INFO - [2023-01-08T13:10:09.994+0000] {dag.py:2585} INFO - Sync 1 DAGs
[2023-01-08T13:10:10.011+0000] {logging_mixin.py:120} INFO - [2023-01-08T13:10:10.011+0000] {dag.py:3340} INFO - Setting next_dagrun for example_short_circuit_decorator to 2023-01-07T13:10:10.011208+00:00, run_after=2023-01-08T13:10:10.011208+00:00
[2023-01-08T13:10:10.024+0000] {processor.py:176} INFO - Processing /home/airflow/.local/lib/python3.7/site-packages/airflow/example_dags/example_short_circuit_decorator.py took 0.073 seconds
[2023-01-08T13:10:40.911+0000] {processor.py:154} INFO - Started process (PID=643) to work on /home/airflow/.local/lib/python3.7/site-packages/airflow/example_dags/example_short_circuit_decorator.py
[2023-01-08T13:10:40.912+0000] {processor.py:756} INFO - Processing file /home/airflow/.local/lib/python3.7/site-packages/airflow/example_dags/example_short_circuit_decorator.py for tasks to queue
[2023-01-08T13:10:40.912+0000] {logging_mixin.py:120} INFO - [2023-01-08T13:10:40.912+0000] {dagbag.py:537} INFO - Filling up the DagBag from /home/airflow/.local/lib/python3.7/site-packages/airflow/example_dags/example_short_circuit_decorator.py
[2023-01-08T13:10:40.927+0000] {processor.py:766} INFO - DAG(s) dict_keys(['example_short_circuit_decorator']) retrieved from /home/airflow/.local/lib/python3.7/site-packages/airflow/example_dags/example_short_circuit_decorator.py
[2023-01-08T13:10:40.952+0000] {logging_mixin.py:120} INFO - [2023-01-08T13:10:40.952+0000] {dag.py:2585} INFO - Sync 1 DAGs
[2023-01-08T13:10:40.968+0000] {logging_mixin.py:120} INFO - [2023-01-08T13:10:40.968+0000] {dag.py:3340} INFO - Setting next_dagrun for example_short_circuit_decorator to 2023-01-07T13:10:40.967932+00:00, run_after=2023-01-08T13:10:40.967932+00:00
[2023-01-08T13:10:40.979+0000] {processor.py:176} INFO - Processing /home/airflow/.local/lib/python3.7/site-packages/airflow/example_dags/example_short_circuit_decorator.py took 0.071 seconds
[2023-01-08T13:11:12.044+0000] {processor.py:154} INFO - Started process (PID=708) to work on /home/airflow/.local/lib/python3.7/site-packages/airflow/example_dags/example_short_circuit_decorator.py
[2023-01-08T13:11:12.044+0000] {processor.py:756} INFO - Processing file /home/airflow/.local/lib/python3.7/site-packages/airflow/example_dags/example_short_circuit_decorator.py for tasks to queue
[2023-01-08T13:11:12.044+0000] {logging_mixin.py:120} INFO - [2023-01-08T13:11:12.044+0000] {dagbag.py:537} INFO - Filling up the DagBag from /home/airflow/.local/lib/python3.7/site-packages/airflow/example_dags/example_short_circuit_decorator.py
[2023-01-08T13:11:12.060+0000] {processor.py:766} INFO - DAG(s) dict_keys(['example_short_circuit_decorator']) retrieved from /home/airflow/.local/lib/python3.7/site-packages/airflow/example_dags/example_short_circuit_decorator.py
[2023-01-08T13:11:12.088+0000] {logging_mixin.py:120} INFO - [2023-01-08T13:11:12.088+0000] {dag.py:2585} INFO - Sync 1 DAGs
[2023-01-08T13:11:12.105+0000] {logging_mixin.py:120} INFO - [2023-01-08T13:11:12.105+0000] {dag.py:3340} INFO - Setting next_dagrun for example_short_circuit_decorator to 2023-01-07T13:11:12.105233+00:00, run_after=2023-01-08T13:11:12.105233+00:00
[2023-01-08T13:11:12.119+0000] {processor.py:176} INFO - Processing /home/airflow/.local/lib/python3.7/site-packages/airflow/example_dags/example_short_circuit_decorator.py took 0.077 seconds
[2023-01-08T13:11:42.280+0000] {processor.py:154} INFO - Started process (PID=773) to work on /home/airflow/.local/lib/python3.7/site-packages/airflow/example_dags/example_short_circuit_decorator.py
[2023-01-08T13:11:42.281+0000] {processor.py:756} INFO - Processing file /home/airflow/.local/lib/python3.7/site-packages/airflow/example_dags/example_short_circuit_decorator.py for tasks to queue
[2023-01-08T13:11:42.281+0000] {logging_mixin.py:120} INFO - [2023-01-08T13:11:42.281+0000] {dagbag.py:537} INFO - Filling up the DagBag from /home/airflow/.local/lib/python3.7/site-packages/airflow/example_dags/example_short_circuit_decorator.py
[2023-01-08T13:11:42.297+0000] {processor.py:766} INFO - DAG(s) dict_keys(['example_short_circuit_decorator']) retrieved from /home/airflow/.local/lib/python3.7/site-packages/airflow/example_dags/example_short_circuit_decorator.py
[2023-01-08T13:11:42.322+0000] {logging_mixin.py:120} INFO - [2023-01-08T13:11:42.322+0000] {dag.py:2585} INFO - Sync 1 DAGs
[2023-01-08T13:11:42.338+0000] {logging_mixin.py:120} INFO - [2023-01-08T13:11:42.338+0000] {dag.py:3340} INFO - Setting next_dagrun for example_short_circuit_decorator to 2023-01-07T13:11:42.338100+00:00, run_after=2023-01-08T13:11:42.338100+00:00
[2023-01-08T13:11:42.356+0000] {processor.py:176} INFO - Processing /home/airflow/.local/lib/python3.7/site-packages/airflow/example_dags/example_short_circuit_decorator.py took 0.078 seconds
[2023-01-08T13:12:12.535+0000] {processor.py:154} INFO - Started process (PID=838) to work on /home/airflow/.local/lib/python3.7/site-packages/airflow/example_dags/example_short_circuit_decorator.py
[2023-01-08T13:12:12.536+0000] {processor.py:756} INFO - Processing file /home/airflow/.local/lib/python3.7/site-packages/airflow/example_dags/example_short_circuit_decorator.py for tasks to queue
[2023-01-08T13:12:12.536+0000] {logging_mixin.py:120} INFO - [2023-01-08T13:12:12.536+0000] {dagbag.py:537} INFO - Filling up the DagBag from /home/airflow/.local/lib/python3.7/site-packages/airflow/example_dags/example_short_circuit_decorator.py
[2023-01-08T13:12:12.551+0000] {processor.py:766} INFO - DAG(s) dict_keys(['example_short_circuit_decorator']) retrieved from /home/airflow/.local/lib/python3.7/site-packages/airflow/example_dags/example_short_circuit_decorator.py
[2023-01-08T13:12:12.576+0000] {logging_mixin.py:120} INFO - [2023-01-08T13:12:12.575+0000] {dag.py:2585} INFO - Sync 1 DAGs
[2023-01-08T13:12:12.593+0000] {logging_mixin.py:120} INFO - [2023-01-08T13:12:12.592+0000] {dag.py:3340} INFO - Setting next_dagrun for example_short_circuit_decorator to 2023-01-07T13:12:12.592760+00:00, run_after=2023-01-08T13:12:12.592760+00:00
[2023-01-08T13:12:12.606+0000] {processor.py:176} INFO - Processing /home/airflow/.local/lib/python3.7/site-packages/airflow/example_dags/example_short_circuit_decorator.py took 0.072 seconds
[2023-01-08T13:12:42.902+0000] {processor.py:154} INFO - Started process (PID=903) to work on /home/airflow/.local/lib/python3.7/site-packages/airflow/example_dags/example_short_circuit_decorator.py
[2023-01-08T13:12:42.903+0000] {processor.py:756} INFO - Processing file /home/airflow/.local/lib/python3.7/site-packages/airflow/example_dags/example_short_circuit_decorator.py for tasks to queue
[2023-01-08T13:12:42.903+0000] {logging_mixin.py:120} INFO - [2023-01-08T13:12:42.903+0000] {dagbag.py:537} INFO - Filling up the DagBag from /home/airflow/.local/lib/python3.7/site-packages/airflow/example_dags/example_short_circuit_decorator.py
[2023-01-08T13:12:42.918+0000] {processor.py:766} INFO - DAG(s) dict_keys(['example_short_circuit_decorator']) retrieved from /home/airflow/.local/lib/python3.7/site-packages/airflow/example_dags/example_short_circuit_decorator.py
[2023-01-08T13:12:42.944+0000] {logging_mixin.py:120} INFO - [2023-01-08T13:12:42.944+0000] {dag.py:2585} INFO - Sync 1 DAGs
[2023-01-08T13:12:42.962+0000] {logging_mixin.py:120} INFO - [2023-01-08T13:12:42.962+0000] {dag.py:3340} INFO - Setting next_dagrun for example_short_circuit_decorator to 2023-01-07T13:12:42.961924+00:00, run_after=2023-01-08T13:12:42.961924+00:00
[2023-01-08T13:12:42.976+0000] {processor.py:176} INFO - Processing /home/airflow/.local/lib/python3.7/site-packages/airflow/example_dags/example_short_circuit_decorator.py took 0.076 seconds
[2023-01-08T13:13:13.959+0000] {processor.py:154} INFO - Started process (PID=959) to work on /home/airflow/.local/lib/python3.7/site-packages/airflow/example_dags/example_short_circuit_decorator.py
[2023-01-08T13:13:13.960+0000] {processor.py:756} INFO - Processing file /home/airflow/.local/lib/python3.7/site-packages/airflow/example_dags/example_short_circuit_decorator.py for tasks to queue
[2023-01-08T13:13:13.960+0000] {logging_mixin.py:120} INFO - [2023-01-08T13:13:13.960+0000] {dagbag.py:537} INFO - Filling up the DagBag from /home/airflow/.local/lib/python3.7/site-packages/airflow/example_dags/example_short_circuit_decorator.py
[2023-01-08T13:13:13.974+0000] {processor.py:766} INFO - DAG(s) dict_keys(['example_short_circuit_decorator']) retrieved from /home/airflow/.local/lib/python3.7/site-packages/airflow/example_dags/example_short_circuit_decorator.py
[2023-01-08T13:13:14.004+0000] {logging_mixin.py:120} INFO - [2023-01-08T13:13:14.003+0000] {dag.py:2585} INFO - Sync 1 DAGs
[2023-01-08T13:13:14.024+0000] {logging_mixin.py:120} INFO - [2023-01-08T13:13:14.023+0000] {dag.py:3340} INFO - Setting next_dagrun for example_short_circuit_decorator to 2023-01-07T13:13:14.023707+00:00, run_after=2023-01-08T13:13:14.023707+00:00
[2023-01-08T13:13:14.038+0000] {processor.py:176} INFO - Processing /home/airflow/.local/lib/python3.7/site-packages/airflow/example_dags/example_short_circuit_decorator.py took 0.081 seconds
[2023-01-08T13:13:44.192+0000] {processor.py:154} INFO - Started process (PID=1024) to work on /home/airflow/.local/lib/python3.7/site-packages/airflow/example_dags/example_short_circuit_decorator.py
[2023-01-08T13:13:44.192+0000] {processor.py:756} INFO - Processing file /home/airflow/.local/lib/python3.7/site-packages/airflow/example_dags/example_short_circuit_decorator.py for tasks to queue
[2023-01-08T13:13:44.193+0000] {logging_mixin.py:120} INFO - [2023-01-08T13:13:44.193+0000] {dagbag.py:537} INFO - Filling up the DagBag from /home/airflow/.local/lib/python3.7/site-packages/airflow/example_dags/example_short_circuit_decorator.py
[2023-01-08T13:13:44.210+0000] {processor.py:766} INFO - DAG(s) dict_keys(['example_short_circuit_decorator']) retrieved from /home/airflow/.local/lib/python3.7/site-packages/airflow/example_dags/example_short_circuit_decorator.py
[2023-01-08T13:13:44.238+0000] {logging_mixin.py:120} INFO - [2023-01-08T13:13:44.238+0000] {dag.py:2585} INFO - Sync 1 DAGs
[2023-01-08T13:13:44.256+0000] {logging_mixin.py:120} INFO - [2023-01-08T13:13:44.256+0000] {dag.py:3340} INFO - Setting next_dagrun for example_short_circuit_decorator to 2023-01-07T13:13:44.256417+00:00, run_after=2023-01-08T13:13:44.256417+00:00
[2023-01-08T13:13:44.272+0000] {processor.py:176} INFO - Processing /home/airflow/.local/lib/python3.7/site-packages/airflow/example_dags/example_short_circuit_decorator.py took 0.082 seconds
[2023-01-08T13:14:14.638+0000] {processor.py:154} INFO - Started process (PID=1090) to work on /home/airflow/.local/lib/python3.7/site-packages/airflow/example_dags/example_short_circuit_decorator.py
[2023-01-08T13:14:14.638+0000] {processor.py:756} INFO - Processing file /home/airflow/.local/lib/python3.7/site-packages/airflow/example_dags/example_short_circuit_decorator.py for tasks to queue
[2023-01-08T13:14:14.638+0000] {logging_mixin.py:120} INFO - [2023-01-08T13:14:14.638+0000] {dagbag.py:537} INFO - Filling up the DagBag from /home/airflow/.local/lib/python3.7/site-packages/airflow/example_dags/example_short_circuit_decorator.py
[2023-01-08T13:14:14.653+0000] {processor.py:766} INFO - DAG(s) dict_keys(['example_short_circuit_decorator']) retrieved from /home/airflow/.local/lib/python3.7/site-packages/airflow/example_dags/example_short_circuit_decorator.py
[2023-01-08T13:14:14.676+0000] {logging_mixin.py:120} INFO - [2023-01-08T13:14:14.676+0000] {dag.py:2585} INFO - Sync 1 DAGs
[2023-01-08T13:14:14.692+0000] {logging_mixin.py:120} INFO - [2023-01-08T13:14:14.692+0000] {dag.py:3340} INFO - Setting next_dagrun for example_short_circuit_decorator to 2023-01-07T13:14:14.692213+00:00, run_after=2023-01-08T13:14:14.692213+00:00
[2023-01-08T13:14:14.705+0000] {processor.py:176} INFO - Processing /home/airflow/.local/lib/python3.7/site-packages/airflow/example_dags/example_short_circuit_decorator.py took 0.069 seconds
[2023-01-08T13:14:44.850+0000] {processor.py:154} INFO - Started process (PID=1154) to work on /home/airflow/.local/lib/python3.7/site-packages/airflow/example_dags/example_short_circuit_decorator.py
[2023-01-08T13:14:44.850+0000] {processor.py:756} INFO - Processing file /home/airflow/.local/lib/python3.7/site-packages/airflow/example_dags/example_short_circuit_decorator.py for tasks to queue
[2023-01-08T13:14:44.851+0000] {logging_mixin.py:120} INFO - [2023-01-08T13:14:44.851+0000] {dagbag.py:537} INFO - Filling up the DagBag from /home/airflow/.local/lib/python3.7/site-packages/airflow/example_dags/example_short_circuit_decorator.py
[2023-01-08T13:14:44.865+0000] {processor.py:766} INFO - DAG(s) dict_keys(['example_short_circuit_decorator']) retrieved from /home/airflow/.local/lib/python3.7/site-packages/airflow/example_dags/example_short_circuit_decorator.py
[2023-01-08T13:14:44.895+0000] {logging_mixin.py:120} INFO - [2023-01-08T13:14:44.895+0000] {dag.py:2585} INFO - Sync 1 DAGs
[2023-01-08T13:14:44.916+0000] {logging_mixin.py:120} INFO - [2023-01-08T13:14:44.916+0000] {dag.py:3340} INFO - Setting next_dagrun for example_short_circuit_decorator to 2023-01-07T13:14:44.916178+00:00, run_after=2023-01-08T13:14:44.916178+00:00
[2023-01-08T13:14:44.929+0000] {processor.py:176} INFO - Processing /home/airflow/.local/lib/python3.7/site-packages/airflow/example_dags/example_short_circuit_decorator.py took 0.081 seconds
[2023-01-08T13:15:15.444+0000] {processor.py:154} INFO - Started process (PID=1217) to work on /home/airflow/.local/lib/python3.7/site-packages/airflow/example_dags/example_short_circuit_decorator.py
[2023-01-08T13:15:15.445+0000] {processor.py:756} INFO - Processing file /home/airflow/.local/lib/python3.7/site-packages/airflow/example_dags/example_short_circuit_decorator.py for tasks to queue
[2023-01-08T13:15:15.446+0000] {logging_mixin.py:120} INFO - [2023-01-08T13:15:15.446+0000] {dagbag.py:537} INFO - Filling up the DagBag from /home/airflow/.local/lib/python3.7/site-packages/airflow/example_dags/example_short_circuit_decorator.py
[2023-01-08T13:15:15.462+0000] {processor.py:766} INFO - DAG(s) dict_keys(['example_short_circuit_decorator']) retrieved from /home/airflow/.local/lib/python3.7/site-packages/airflow/example_dags/example_short_circuit_decorator.py
[2023-01-08T13:15:15.495+0000] {logging_mixin.py:120} INFO - [2023-01-08T13:15:15.495+0000] {dag.py:2585} INFO - Sync 1 DAGs
[2023-01-08T13:15:15.520+0000] {logging_mixin.py:120} INFO - [2023-01-08T13:15:15.519+0000] {dag.py:3340} INFO - Setting next_dagrun for example_short_circuit_decorator to 2023-01-07T13:15:15.519675+00:00, run_after=2023-01-08T13:15:15.519675+00:00
[2023-01-08T13:15:15.539+0000] {processor.py:176} INFO - Processing /home/airflow/.local/lib/python3.7/site-packages/airflow/example_dags/example_short_circuit_decorator.py took 0.097 seconds
[2023-01-08T13:15:45.615+0000] {processor.py:154} INFO - Started process (PID=1275) to work on /home/airflow/.local/lib/python3.7/site-packages/airflow/example_dags/example_short_circuit_decorator.py
[2023-01-08T13:15:45.616+0000] {processor.py:756} INFO - Processing file /home/airflow/.local/lib/python3.7/site-packages/airflow/example_dags/example_short_circuit_decorator.py for tasks to queue
[2023-01-08T13:15:45.616+0000] {logging_mixin.py:120} INFO - [2023-01-08T13:15:45.616+0000] {dagbag.py:537} INFO - Filling up the DagBag from /home/airflow/.local/lib/python3.7/site-packages/airflow/example_dags/example_short_circuit_decorator.py
[2023-01-08T13:15:45.631+0000] {processor.py:766} INFO - DAG(s) dict_keys(['example_short_circuit_decorator']) retrieved from /home/airflow/.local/lib/python3.7/site-packages/airflow/example_dags/example_short_circuit_decorator.py
[2023-01-08T13:15:45.663+0000] {logging_mixin.py:120} INFO - [2023-01-08T13:15:45.663+0000] {dag.py:2585} INFO - Sync 1 DAGs
[2023-01-08T13:15:45.678+0000] {logging_mixin.py:120} INFO - [2023-01-08T13:15:45.678+0000] {dag.py:3340} INFO - Setting next_dagrun for example_short_circuit_decorator to 2023-01-07T13:15:45.678745+00:00, run_after=2023-01-08T13:15:45.678745+00:00
[2023-01-08T13:15:45.693+0000] {processor.py:176} INFO - Processing /home/airflow/.local/lib/python3.7/site-packages/airflow/example_dags/example_short_circuit_decorator.py took 0.081 seconds
[2023-01-08T13:16:15.805+0000] {processor.py:154} INFO - Started process (PID=1340) to work on /home/airflow/.local/lib/python3.7/site-packages/airflow/example_dags/example_short_circuit_decorator.py
[2023-01-08T13:16:15.806+0000] {processor.py:756} INFO - Processing file /home/airflow/.local/lib/python3.7/site-packages/airflow/example_dags/example_short_circuit_decorator.py for tasks to queue
[2023-01-08T13:16:15.806+0000] {logging_mixin.py:120} INFO - [2023-01-08T13:16:15.806+0000] {dagbag.py:537} INFO - Filling up the DagBag from /home/airflow/.local/lib/python3.7/site-packages/airflow/example_dags/example_short_circuit_decorator.py
[2023-01-08T13:16:15.820+0000] {processor.py:766} INFO - DAG(s) dict_keys(['example_short_circuit_decorator']) retrieved from /home/airflow/.local/lib/python3.7/site-packages/airflow/example_dags/example_short_circuit_decorator.py
[2023-01-08T13:16:15.845+0000] {logging_mixin.py:120} INFO - [2023-01-08T13:16:15.845+0000] {dag.py:2585} INFO - Sync 1 DAGs
[2023-01-08T13:16:15.861+0000] {logging_mixin.py:120} INFO - [2023-01-08T13:16:15.861+0000] {dag.py:3340} INFO - Setting next_dagrun for example_short_circuit_decorator to 2023-01-07T13:16:15.861036+00:00, run_after=2023-01-08T13:16:15.861036+00:00
[2023-01-08T13:16:15.872+0000] {processor.py:176} INFO - Processing /home/airflow/.local/lib/python3.7/site-packages/airflow/example_dags/example_short_circuit_decorator.py took 0.069 seconds
[2023-01-08T13:16:46.740+0000] {processor.py:154} INFO - Started process (PID=1405) to work on /home/airflow/.local/lib/python3.7/site-packages/airflow/example_dags/example_short_circuit_decorator.py
[2023-01-08T13:16:46.740+0000] {processor.py:756} INFO - Processing file /home/airflow/.local/lib/python3.7/site-packages/airflow/example_dags/example_short_circuit_decorator.py for tasks to queue
[2023-01-08T13:16:46.741+0000] {logging_mixin.py:120} INFO - [2023-01-08T13:16:46.740+0000] {dagbag.py:537} INFO - Filling up the DagBag from /home/airflow/.local/lib/python3.7/site-packages/airflow/example_dags/example_short_circuit_decorator.py
[2023-01-08T13:16:46.755+0000] {processor.py:766} INFO - DAG(s) dict_keys(['example_short_circuit_decorator']) retrieved from /home/airflow/.local/lib/python3.7/site-packages/airflow/example_dags/example_short_circuit_decorator.py
[2023-01-08T13:16:46.780+0000] {logging_mixin.py:120} INFO - [2023-01-08T13:16:46.780+0000] {dag.py:2585} INFO - Sync 1 DAGs
[2023-01-08T13:16:46.796+0000] {logging_mixin.py:120} INFO - [2023-01-08T13:16:46.796+0000] {dag.py:3340} INFO - Setting next_dagrun for example_short_circuit_decorator to 2023-01-07T13:16:46.796115+00:00, run_after=2023-01-08T13:16:46.796115+00:00
[2023-01-08T13:16:46.808+0000] {processor.py:176} INFO - Processing /home/airflow/.local/lib/python3.7/site-packages/airflow/example_dags/example_short_circuit_decorator.py took 0.070 seconds
