[2023-01-08T13:06:05.783+0000] {processor.py:154} INFO - Started process (PID=75) to work on /home/airflow/.local/lib/python3.7/site-packages/airflow/example_dags/example_external_task_marker_dag.py
[2023-01-08T13:06:05.784+0000] {processor.py:756} INFO - Processing file /home/airflow/.local/lib/python3.7/site-packages/airflow/example_dags/example_external_task_marker_dag.py for tasks to queue
[2023-01-08T13:06:05.785+0000] {logging_mixin.py:120} INFO - [2023-01-08T13:06:05.785+0000] {dagbag.py:537} INFO - Filling up the DagBag from /home/airflow/.local/lib/python3.7/site-packages/airflow/example_dags/example_external_task_marker_dag.py
[2023-01-08T13:06:05.810+0000] {processor.py:766} INFO - DAG(s) dict_keys(['example_external_task_marker_parent', 'example_external_task_marker_child']) retrieved from /home/airflow/.local/lib/python3.7/site-packages/airflow/example_dags/example_external_task_marker_dag.py
[2023-01-08T13:06:06.385+0000] {logging_mixin.py:120} INFO - [2023-01-08T13:06:06.385+0000] {dag.py:2585} INFO - Sync 2 DAGs
[2023-01-08T13:06:06.437+0000] {logging_mixin.py:120} INFO - [2023-01-08T13:06:06.436+0000] {dag.py:3340} INFO - Setting next_dagrun for example_external_task_marker_child to None, run_after=None
[2023-01-08T13:06:06.442+0000] {logging_mixin.py:120} INFO - [2023-01-08T13:06:06.442+0000] {dag.py:3340} INFO - Setting next_dagrun for example_external_task_marker_parent to None, run_after=None
[2023-01-08T13:06:06.511+0000] {processor.py:176} INFO - Processing /home/airflow/.local/lib/python3.7/site-packages/airflow/example_dags/example_external_task_marker_dag.py took 0.732 seconds
[2023-01-08T13:06:37.117+0000] {processor.py:154} INFO - Started process (PID=145) to work on /home/airflow/.local/lib/python3.7/site-packages/airflow/example_dags/example_external_task_marker_dag.py
[2023-01-08T13:06:37.117+0000] {processor.py:756} INFO - Processing file /home/airflow/.local/lib/python3.7/site-packages/airflow/example_dags/example_external_task_marker_dag.py for tasks to queue
[2023-01-08T13:06:37.118+0000] {logging_mixin.py:120} INFO - [2023-01-08T13:06:37.118+0000] {dagbag.py:537} INFO - Filling up the DagBag from /home/airflow/.local/lib/python3.7/site-packages/airflow/example_dags/example_external_task_marker_dag.py
[2023-01-08T13:06:37.131+0000] {processor.py:766} INFO - DAG(s) dict_keys(['example_external_task_marker_child', 'example_external_task_marker_parent']) retrieved from /home/airflow/.local/lib/python3.7/site-packages/airflow/example_dags/example_external_task_marker_dag.py
[2023-01-08T13:06:37.329+0000] {logging_mixin.py:120} INFO - [2023-01-08T13:06:37.329+0000] {dag.py:2585} INFO - Sync 2 DAGs
[2023-01-08T13:06:37.351+0000] {logging_mixin.py:120} INFO - [2023-01-08T13:06:37.351+0000] {dag.py:3340} INFO - Setting next_dagrun for example_external_task_marker_child to None, run_after=None
[2023-01-08T13:06:37.353+0000] {logging_mixin.py:120} INFO - [2023-01-08T13:06:37.353+0000] {dag.py:3340} INFO - Setting next_dagrun for example_external_task_marker_parent to None, run_after=None
[2023-01-08T13:06:37.367+0000] {processor.py:176} INFO - Processing /home/airflow/.local/lib/python3.7/site-packages/airflow/example_dags/example_external_task_marker_dag.py took 0.253 seconds
[2023-01-08T13:07:07.418+0000] {processor.py:154} INFO - Started process (PID=211) to work on /home/airflow/.local/lib/python3.7/site-packages/airflow/example_dags/example_external_task_marker_dag.py
[2023-01-08T13:07:07.419+0000] {processor.py:756} INFO - Processing file /home/airflow/.local/lib/python3.7/site-packages/airflow/example_dags/example_external_task_marker_dag.py for tasks to queue
[2023-01-08T13:07:07.419+0000] {logging_mixin.py:120} INFO - [2023-01-08T13:07:07.419+0000] {dagbag.py:537} INFO - Filling up the DagBag from /home/airflow/.local/lib/python3.7/site-packages/airflow/example_dags/example_external_task_marker_dag.py
[2023-01-08T13:07:07.433+0000] {processor.py:766} INFO - DAG(s) dict_keys(['example_external_task_marker_child', 'example_external_task_marker_parent']) retrieved from /home/airflow/.local/lib/python3.7/site-packages/airflow/example_dags/example_external_task_marker_dag.py
[2023-01-08T13:07:07.595+0000] {logging_mixin.py:120} INFO - [2023-01-08T13:07:07.595+0000] {dag.py:2585} INFO - Sync 2 DAGs
[2023-01-08T13:07:07.611+0000] {logging_mixin.py:120} INFO - [2023-01-08T13:07:07.611+0000] {dag.py:3340} INFO - Setting next_dagrun for example_external_task_marker_child to None, run_after=None
[2023-01-08T13:07:07.613+0000] {logging_mixin.py:120} INFO - [2023-01-08T13:07:07.613+0000] {dag.py:3340} INFO - Setting next_dagrun for example_external_task_marker_parent to None, run_after=None
[2023-01-08T13:07:07.625+0000] {processor.py:176} INFO - Processing /home/airflow/.local/lib/python3.7/site-packages/airflow/example_dags/example_external_task_marker_dag.py took 0.211 seconds
[2023-01-08T13:07:37.828+0000] {processor.py:154} INFO - Started process (PID=276) to work on /home/airflow/.local/lib/python3.7/site-packages/airflow/example_dags/example_external_task_marker_dag.py
[2023-01-08T13:07:37.831+0000] {processor.py:756} INFO - Processing file /home/airflow/.local/lib/python3.7/site-packages/airflow/example_dags/example_external_task_marker_dag.py for tasks to queue
[2023-01-08T13:07:37.831+0000] {logging_mixin.py:120} INFO - [2023-01-08T13:07:37.831+0000] {dagbag.py:537} INFO - Filling up the DagBag from /home/airflow/.local/lib/python3.7/site-packages/airflow/example_dags/example_external_task_marker_dag.py
[2023-01-08T13:07:37.840+0000] {processor.py:766} INFO - DAG(s) dict_keys(['example_external_task_marker_child', 'example_external_task_marker_parent']) retrieved from /home/airflow/.local/lib/python3.7/site-packages/airflow/example_dags/example_external_task_marker_dag.py
[2023-01-08T13:07:37.974+0000] {logging_mixin.py:120} INFO - [2023-01-08T13:07:37.974+0000] {dag.py:2585} INFO - Sync 2 DAGs
[2023-01-08T13:07:37.990+0000] {logging_mixin.py:120} INFO - [2023-01-08T13:07:37.990+0000] {dag.py:3340} INFO - Setting next_dagrun for example_external_task_marker_child to None, run_after=None
[2023-01-08T13:07:37.992+0000] {logging_mixin.py:120} INFO - [2023-01-08T13:07:37.992+0000] {dag.py:3340} INFO - Setting next_dagrun for example_external_task_marker_parent to None, run_after=None
[2023-01-08T13:07:38.003+0000] {processor.py:176} INFO - Processing /home/airflow/.local/lib/python3.7/site-packages/airflow/example_dags/example_external_task_marker_dag.py took 0.178 seconds
[2023-01-08T13:08:08.015+0000] {processor.py:154} INFO - Started process (PID=334) to work on /home/airflow/.local/lib/python3.7/site-packages/airflow/example_dags/example_external_task_marker_dag.py
[2023-01-08T13:08:08.016+0000] {processor.py:756} INFO - Processing file /home/airflow/.local/lib/python3.7/site-packages/airflow/example_dags/example_external_task_marker_dag.py for tasks to queue
[2023-01-08T13:08:08.016+0000] {logging_mixin.py:120} INFO - [2023-01-08T13:08:08.016+0000] {dagbag.py:537} INFO - Filling up the DagBag from /home/airflow/.local/lib/python3.7/site-packages/airflow/example_dags/example_external_task_marker_dag.py
[2023-01-08T13:08:08.025+0000] {processor.py:766} INFO - DAG(s) dict_keys(['example_external_task_marker_parent', 'example_external_task_marker_child']) retrieved from /home/airflow/.local/lib/python3.7/site-packages/airflow/example_dags/example_external_task_marker_dag.py
[2023-01-08T13:08:08.167+0000] {logging_mixin.py:120} INFO - [2023-01-08T13:08:08.167+0000] {dag.py:2585} INFO - Sync 2 DAGs
[2023-01-08T13:08:08.189+0000] {logging_mixin.py:120} INFO - [2023-01-08T13:08:08.189+0000] {dag.py:3340} INFO - Setting next_dagrun for example_external_task_marker_child to None, run_after=None
[2023-01-08T13:08:08.192+0000] {logging_mixin.py:120} INFO - [2023-01-08T13:08:08.192+0000] {dag.py:3340} INFO - Setting next_dagrun for example_external_task_marker_parent to None, run_after=None
[2023-01-08T13:08:08.208+0000] {processor.py:176} INFO - Processing /home/airflow/.local/lib/python3.7/site-packages/airflow/example_dags/example_external_task_marker_dag.py took 0.194 seconds
[2023-01-08T13:08:38.247+0000] {processor.py:154} INFO - Started process (PID=400) to work on /home/airflow/.local/lib/python3.7/site-packages/airflow/example_dags/example_external_task_marker_dag.py
[2023-01-08T13:08:38.248+0000] {processor.py:756} INFO - Processing file /home/airflow/.local/lib/python3.7/site-packages/airflow/example_dags/example_external_task_marker_dag.py for tasks to queue
[2023-01-08T13:08:38.249+0000] {logging_mixin.py:120} INFO - [2023-01-08T13:08:38.249+0000] {dagbag.py:537} INFO - Filling up the DagBag from /home/airflow/.local/lib/python3.7/site-packages/airflow/example_dags/example_external_task_marker_dag.py
[2023-01-08T13:08:38.257+0000] {processor.py:766} INFO - DAG(s) dict_keys(['example_external_task_marker_parent', 'example_external_task_marker_child']) retrieved from /home/airflow/.local/lib/python3.7/site-packages/airflow/example_dags/example_external_task_marker_dag.py
[2023-01-08T13:08:38.383+0000] {logging_mixin.py:120} INFO - [2023-01-08T13:08:38.383+0000] {dag.py:2585} INFO - Sync 2 DAGs
[2023-01-08T13:08:38.397+0000] {logging_mixin.py:120} INFO - [2023-01-08T13:08:38.397+0000] {dag.py:3340} INFO - Setting next_dagrun for example_external_task_marker_child to None, run_after=None
[2023-01-08T13:08:38.399+0000] {logging_mixin.py:120} INFO - [2023-01-08T13:08:38.399+0000] {dag.py:3340} INFO - Setting next_dagrun for example_external_task_marker_parent to None, run_after=None
[2023-01-08T13:08:38.411+0000] {processor.py:176} INFO - Processing /home/airflow/.local/lib/python3.7/site-packages/airflow/example_dags/example_external_task_marker_dag.py took 0.165 seconds
[2023-01-08T13:09:09.372+0000] {processor.py:154} INFO - Started process (PID=465) to work on /home/airflow/.local/lib/python3.7/site-packages/airflow/example_dags/example_external_task_marker_dag.py
[2023-01-08T13:09:09.372+0000] {processor.py:756} INFO - Processing file /home/airflow/.local/lib/python3.7/site-packages/airflow/example_dags/example_external_task_marker_dag.py for tasks to queue
[2023-01-08T13:09:09.373+0000] {logging_mixin.py:120} INFO - [2023-01-08T13:09:09.373+0000] {dagbag.py:537} INFO - Filling up the DagBag from /home/airflow/.local/lib/python3.7/site-packages/airflow/example_dags/example_external_task_marker_dag.py
[2023-01-08T13:09:09.380+0000] {processor.py:766} INFO - DAG(s) dict_keys(['example_external_task_marker_child', 'example_external_task_marker_parent']) retrieved from /home/airflow/.local/lib/python3.7/site-packages/airflow/example_dags/example_external_task_marker_dag.py
[2023-01-08T13:09:09.511+0000] {logging_mixin.py:120} INFO - [2023-01-08T13:09:09.511+0000] {dag.py:2585} INFO - Sync 2 DAGs
[2023-01-08T13:09:09.526+0000] {logging_mixin.py:120} INFO - [2023-01-08T13:09:09.526+0000] {dag.py:3340} INFO - Setting next_dagrun for example_external_task_marker_child to None, run_after=None
[2023-01-08T13:09:09.528+0000] {logging_mixin.py:120} INFO - [2023-01-08T13:09:09.528+0000] {dag.py:3340} INFO - Setting next_dagrun for example_external_task_marker_parent to None, run_after=None
[2023-01-08T13:09:09.539+0000] {processor.py:176} INFO - Processing /home/airflow/.local/lib/python3.7/site-packages/airflow/example_dags/example_external_task_marker_dag.py took 0.170 seconds
[2023-01-08T13:09:40.341+0000] {processor.py:154} INFO - Started process (PID=530) to work on /home/airflow/.local/lib/python3.7/site-packages/airflow/example_dags/example_external_task_marker_dag.py
[2023-01-08T13:09:40.343+0000] {processor.py:756} INFO - Processing file /home/airflow/.local/lib/python3.7/site-packages/airflow/example_dags/example_external_task_marker_dag.py for tasks to queue
[2023-01-08T13:09:40.344+0000] {logging_mixin.py:120} INFO - [2023-01-08T13:09:40.344+0000] {dagbag.py:537} INFO - Filling up the DagBag from /home/airflow/.local/lib/python3.7/site-packages/airflow/example_dags/example_external_task_marker_dag.py
[2023-01-08T13:09:40.352+0000] {processor.py:766} INFO - DAG(s) dict_keys(['example_external_task_marker_parent', 'example_external_task_marker_child']) retrieved from /home/airflow/.local/lib/python3.7/site-packages/airflow/example_dags/example_external_task_marker_dag.py
[2023-01-08T13:09:40.489+0000] {logging_mixin.py:120} INFO - [2023-01-08T13:09:40.489+0000] {dag.py:2585} INFO - Sync 2 DAGs
[2023-01-08T13:09:40.506+0000] {logging_mixin.py:120} INFO - [2023-01-08T13:09:40.506+0000] {dag.py:3340} INFO - Setting next_dagrun for example_external_task_marker_child to None, run_after=None
[2023-01-08T13:09:40.508+0000] {logging_mixin.py:120} INFO - [2023-01-08T13:09:40.508+0000] {dag.py:3340} INFO - Setting next_dagrun for example_external_task_marker_parent to None, run_after=None
[2023-01-08T13:09:40.520+0000] {processor.py:176} INFO - Processing /home/airflow/.local/lib/python3.7/site-packages/airflow/example_dags/example_external_task_marker_dag.py took 0.180 seconds
[2023-01-08T13:10:11.232+0000] {processor.py:154} INFO - Started process (PID=595) to work on /home/airflow/.local/lib/python3.7/site-packages/airflow/example_dags/example_external_task_marker_dag.py
[2023-01-08T13:10:11.233+0000] {processor.py:756} INFO - Processing file /home/airflow/.local/lib/python3.7/site-packages/airflow/example_dags/example_external_task_marker_dag.py for tasks to queue
[2023-01-08T13:10:11.234+0000] {logging_mixin.py:120} INFO - [2023-01-08T13:10:11.233+0000] {dagbag.py:537} INFO - Filling up the DagBag from /home/airflow/.local/lib/python3.7/site-packages/airflow/example_dags/example_external_task_marker_dag.py
[2023-01-08T13:10:11.247+0000] {processor.py:766} INFO - DAG(s) dict_keys(['example_external_task_marker_child', 'example_external_task_marker_parent']) retrieved from /home/airflow/.local/lib/python3.7/site-packages/airflow/example_dags/example_external_task_marker_dag.py
[2023-01-08T13:10:11.376+0000] {logging_mixin.py:120} INFO - [2023-01-08T13:10:11.376+0000] {dag.py:2585} INFO - Sync 2 DAGs
[2023-01-08T13:10:11.392+0000] {logging_mixin.py:120} INFO - [2023-01-08T13:10:11.392+0000] {dag.py:3340} INFO - Setting next_dagrun for example_external_task_marker_child to None, run_after=None
[2023-01-08T13:10:11.394+0000] {logging_mixin.py:120} INFO - [2023-01-08T13:10:11.394+0000] {dag.py:3340} INFO - Setting next_dagrun for example_external_task_marker_parent to None, run_after=None
[2023-01-08T13:10:11.406+0000] {processor.py:176} INFO - Processing /home/airflow/.local/lib/python3.7/site-packages/airflow/example_dags/example_external_task_marker_dag.py took 0.178 seconds
[2023-01-08T13:10:42.302+0000] {processor.py:154} INFO - Started process (PID=660) to work on /home/airflow/.local/lib/python3.7/site-packages/airflow/example_dags/example_external_task_marker_dag.py
[2023-01-08T13:10:42.305+0000] {processor.py:756} INFO - Processing file /home/airflow/.local/lib/python3.7/site-packages/airflow/example_dags/example_external_task_marker_dag.py for tasks to queue
[2023-01-08T13:10:42.306+0000] {logging_mixin.py:120} INFO - [2023-01-08T13:10:42.305+0000] {dagbag.py:537} INFO - Filling up the DagBag from /home/airflow/.local/lib/python3.7/site-packages/airflow/example_dags/example_external_task_marker_dag.py
[2023-01-08T13:10:42.321+0000] {processor.py:766} INFO - DAG(s) dict_keys(['example_external_task_marker_child', 'example_external_task_marker_parent']) retrieved from /home/airflow/.local/lib/python3.7/site-packages/airflow/example_dags/example_external_task_marker_dag.py
[2023-01-08T13:10:42.450+0000] {logging_mixin.py:120} INFO - [2023-01-08T13:10:42.450+0000] {dag.py:2585} INFO - Sync 2 DAGs
[2023-01-08T13:10:42.466+0000] {logging_mixin.py:120} INFO - [2023-01-08T13:10:42.466+0000] {dag.py:3340} INFO - Setting next_dagrun for example_external_task_marker_child to None, run_after=None
[2023-01-08T13:10:42.468+0000] {logging_mixin.py:120} INFO - [2023-01-08T13:10:42.468+0000] {dag.py:3340} INFO - Setting next_dagrun for example_external_task_marker_parent to None, run_after=None
[2023-01-08T13:10:42.479+0000] {processor.py:176} INFO - Processing /home/airflow/.local/lib/python3.7/site-packages/airflow/example_dags/example_external_task_marker_dag.py took 0.178 seconds
[2023-01-08T13:11:13.454+0000] {processor.py:154} INFO - Started process (PID=717) to work on /home/airflow/.local/lib/python3.7/site-packages/airflow/example_dags/example_external_task_marker_dag.py
[2023-01-08T13:11:13.454+0000] {processor.py:756} INFO - Processing file /home/airflow/.local/lib/python3.7/site-packages/airflow/example_dags/example_external_task_marker_dag.py for tasks to queue
[2023-01-08T13:11:13.454+0000] {logging_mixin.py:120} INFO - [2023-01-08T13:11:13.454+0000] {dagbag.py:537} INFO - Filling up the DagBag from /home/airflow/.local/lib/python3.7/site-packages/airflow/example_dags/example_external_task_marker_dag.py
[2023-01-08T13:11:13.463+0000] {processor.py:766} INFO - DAG(s) dict_keys(['example_external_task_marker_child', 'example_external_task_marker_parent']) retrieved from /home/airflow/.local/lib/python3.7/site-packages/airflow/example_dags/example_external_task_marker_dag.py
[2023-01-08T13:11:13.599+0000] {logging_mixin.py:120} INFO - [2023-01-08T13:11:13.599+0000] {dag.py:2585} INFO - Sync 2 DAGs
[2023-01-08T13:11:13.619+0000] {logging_mixin.py:120} INFO - [2023-01-08T13:11:13.619+0000] {dag.py:3340} INFO - Setting next_dagrun for example_external_task_marker_child to None, run_after=None
[2023-01-08T13:11:13.622+0000] {logging_mixin.py:120} INFO - [2023-01-08T13:11:13.622+0000] {dag.py:3340} INFO - Setting next_dagrun for example_external_task_marker_parent to None, run_after=None
[2023-01-08T13:11:13.636+0000] {processor.py:176} INFO - Processing /home/airflow/.local/lib/python3.7/site-packages/airflow/example_dags/example_external_task_marker_dag.py took 0.185 seconds
[2023-01-08T13:11:43.693+0000] {processor.py:154} INFO - Started process (PID=785) to work on /home/airflow/.local/lib/python3.7/site-packages/airflow/example_dags/example_external_task_marker_dag.py
[2023-01-08T13:11:43.694+0000] {processor.py:756} INFO - Processing file /home/airflow/.local/lib/python3.7/site-packages/airflow/example_dags/example_external_task_marker_dag.py for tasks to queue
[2023-01-08T13:11:43.694+0000] {logging_mixin.py:120} INFO - [2023-01-08T13:11:43.694+0000] {dagbag.py:537} INFO - Filling up the DagBag from /home/airflow/.local/lib/python3.7/site-packages/airflow/example_dags/example_external_task_marker_dag.py
[2023-01-08T13:11:43.702+0000] {processor.py:766} INFO - DAG(s) dict_keys(['example_external_task_marker_child', 'example_external_task_marker_parent']) retrieved from /home/airflow/.local/lib/python3.7/site-packages/airflow/example_dags/example_external_task_marker_dag.py
[2023-01-08T13:11:43.833+0000] {logging_mixin.py:120} INFO - [2023-01-08T13:11:43.833+0000] {dag.py:2585} INFO - Sync 2 DAGs
[2023-01-08T13:11:43.849+0000] {logging_mixin.py:120} INFO - [2023-01-08T13:11:43.849+0000] {dag.py:3340} INFO - Setting next_dagrun for example_external_task_marker_child to None, run_after=None
[2023-01-08T13:11:43.852+0000] {logging_mixin.py:120} INFO - [2023-01-08T13:11:43.852+0000] {dag.py:3340} INFO - Setting next_dagrun for example_external_task_marker_parent to None, run_after=None
[2023-01-08T13:11:43.864+0000] {processor.py:176} INFO - Processing /home/airflow/.local/lib/python3.7/site-packages/airflow/example_dags/example_external_task_marker_dag.py took 0.173 seconds
[2023-01-08T13:12:13.885+0000] {processor.py:154} INFO - Started process (PID=847) to work on /home/airflow/.local/lib/python3.7/site-packages/airflow/example_dags/example_external_task_marker_dag.py
[2023-01-08T13:12:13.888+0000] {processor.py:756} INFO - Processing file /home/airflow/.local/lib/python3.7/site-packages/airflow/example_dags/example_external_task_marker_dag.py for tasks to queue
[2023-01-08T13:12:13.889+0000] {logging_mixin.py:120} INFO - [2023-01-08T13:12:13.889+0000] {dagbag.py:537} INFO - Filling up the DagBag from /home/airflow/.local/lib/python3.7/site-packages/airflow/example_dags/example_external_task_marker_dag.py
[2023-01-08T13:12:13.898+0000] {processor.py:766} INFO - DAG(s) dict_keys(['example_external_task_marker_child', 'example_external_task_marker_parent']) retrieved from /home/airflow/.local/lib/python3.7/site-packages/airflow/example_dags/example_external_task_marker_dag.py
[2023-01-08T13:12:14.045+0000] {logging_mixin.py:120} INFO - [2023-01-08T13:12:14.044+0000] {dag.py:2585} INFO - Sync 2 DAGs
[2023-01-08T13:12:14.063+0000] {logging_mixin.py:120} INFO - [2023-01-08T13:12:14.062+0000] {dag.py:3340} INFO - Setting next_dagrun for example_external_task_marker_child to None, run_after=None
[2023-01-08T13:12:14.065+0000] {logging_mixin.py:120} INFO - [2023-01-08T13:12:14.065+0000] {dag.py:3340} INFO - Setting next_dagrun for example_external_task_marker_parent to None, run_after=None
[2023-01-08T13:12:14.077+0000] {processor.py:176} INFO - Processing /home/airflow/.local/lib/python3.7/site-packages/airflow/example_dags/example_external_task_marker_dag.py took 0.193 seconds
[2023-01-08T13:12:44.322+0000] {processor.py:154} INFO - Started process (PID=912) to work on /home/airflow/.local/lib/python3.7/site-packages/airflow/example_dags/example_external_task_marker_dag.py
[2023-01-08T13:12:44.325+0000] {processor.py:756} INFO - Processing file /home/airflow/.local/lib/python3.7/site-packages/airflow/example_dags/example_external_task_marker_dag.py for tasks to queue
[2023-01-08T13:12:44.325+0000] {logging_mixin.py:120} INFO - [2023-01-08T13:12:44.325+0000] {dagbag.py:537} INFO - Filling up the DagBag from /home/airflow/.local/lib/python3.7/site-packages/airflow/example_dags/example_external_task_marker_dag.py
[2023-01-08T13:12:44.338+0000] {processor.py:766} INFO - DAG(s) dict_keys(['example_external_task_marker_parent', 'example_external_task_marker_child']) retrieved from /home/airflow/.local/lib/python3.7/site-packages/airflow/example_dags/example_external_task_marker_dag.py
[2023-01-08T13:12:44.472+0000] {logging_mixin.py:120} INFO - [2023-01-08T13:12:44.471+0000] {dag.py:2585} INFO - Sync 2 DAGs
[2023-01-08T13:12:44.487+0000] {logging_mixin.py:120} INFO - [2023-01-08T13:12:44.487+0000] {dag.py:3340} INFO - Setting next_dagrun for example_external_task_marker_child to None, run_after=None
[2023-01-08T13:12:44.489+0000] {logging_mixin.py:120} INFO - [2023-01-08T13:12:44.489+0000] {dag.py:3340} INFO - Setting next_dagrun for example_external_task_marker_parent to None, run_after=None
[2023-01-08T13:12:44.500+0000] {processor.py:176} INFO - Processing /home/airflow/.local/lib/python3.7/site-packages/airflow/example_dags/example_external_task_marker_dag.py took 0.180 seconds
[2023-01-08T13:13:15.357+0000] {processor.py:154} INFO - Started process (PID=977) to work on /home/airflow/.local/lib/python3.7/site-packages/airflow/example_dags/example_external_task_marker_dag.py
[2023-01-08T13:13:15.359+0000] {processor.py:756} INFO - Processing file /home/airflow/.local/lib/python3.7/site-packages/airflow/example_dags/example_external_task_marker_dag.py for tasks to queue
[2023-01-08T13:13:15.359+0000] {logging_mixin.py:120} INFO - [2023-01-08T13:13:15.359+0000] {dagbag.py:537} INFO - Filling up the DagBag from /home/airflow/.local/lib/python3.7/site-packages/airflow/example_dags/example_external_task_marker_dag.py
[2023-01-08T13:13:15.368+0000] {processor.py:766} INFO - DAG(s) dict_keys(['example_external_task_marker_parent', 'example_external_task_marker_child']) retrieved from /home/airflow/.local/lib/python3.7/site-packages/airflow/example_dags/example_external_task_marker_dag.py
[2023-01-08T13:13:15.509+0000] {logging_mixin.py:120} INFO - [2023-01-08T13:13:15.509+0000] {dag.py:2585} INFO - Sync 2 DAGs
[2023-01-08T13:13:15.525+0000] {logging_mixin.py:120} INFO - [2023-01-08T13:13:15.525+0000] {dag.py:3340} INFO - Setting next_dagrun for example_external_task_marker_child to None, run_after=None
[2023-01-08T13:13:15.528+0000] {logging_mixin.py:120} INFO - [2023-01-08T13:13:15.528+0000] {dag.py:3340} INFO - Setting next_dagrun for example_external_task_marker_parent to None, run_after=None
[2023-01-08T13:13:15.540+0000] {processor.py:176} INFO - Processing /home/airflow/.local/lib/python3.7/site-packages/airflow/example_dags/example_external_task_marker_dag.py took 0.185 seconds
[2023-01-08T13:13:45.626+0000] {processor.py:154} INFO - Started process (PID=1033) to work on /home/airflow/.local/lib/python3.7/site-packages/airflow/example_dags/example_external_task_marker_dag.py
[2023-01-08T13:13:45.629+0000] {processor.py:756} INFO - Processing file /home/airflow/.local/lib/python3.7/site-packages/airflow/example_dags/example_external_task_marker_dag.py for tasks to queue
[2023-01-08T13:13:45.629+0000] {logging_mixin.py:120} INFO - [2023-01-08T13:13:45.629+0000] {dagbag.py:537} INFO - Filling up the DagBag from /home/airflow/.local/lib/python3.7/site-packages/airflow/example_dags/example_external_task_marker_dag.py
[2023-01-08T13:13:45.641+0000] {processor.py:766} INFO - DAG(s) dict_keys(['example_external_task_marker_child', 'example_external_task_marker_parent']) retrieved from /home/airflow/.local/lib/python3.7/site-packages/airflow/example_dags/example_external_task_marker_dag.py
[2023-01-08T13:13:45.774+0000] {logging_mixin.py:120} INFO - [2023-01-08T13:13:45.774+0000] {dag.py:2585} INFO - Sync 2 DAGs
[2023-01-08T13:13:45.789+0000] {logging_mixin.py:120} INFO - [2023-01-08T13:13:45.789+0000] {dag.py:3340} INFO - Setting next_dagrun for example_external_task_marker_child to None, run_after=None
[2023-01-08T13:13:45.791+0000] {logging_mixin.py:120} INFO - [2023-01-08T13:13:45.791+0000] {dag.py:3340} INFO - Setting next_dagrun for example_external_task_marker_parent to None, run_after=None
[2023-01-08T13:13:45.801+0000] {processor.py:176} INFO - Processing /home/airflow/.local/lib/python3.7/site-packages/airflow/example_dags/example_external_task_marker_dag.py took 0.180 seconds
[2023-01-08T13:14:16.042+0000] {processor.py:154} INFO - Started process (PID=1099) to work on /home/airflow/.local/lib/python3.7/site-packages/airflow/example_dags/example_external_task_marker_dag.py
[2023-01-08T13:14:16.045+0000] {processor.py:756} INFO - Processing file /home/airflow/.local/lib/python3.7/site-packages/airflow/example_dags/example_external_task_marker_dag.py for tasks to queue
[2023-01-08T13:14:16.045+0000] {logging_mixin.py:120} INFO - [2023-01-08T13:14:16.045+0000] {dagbag.py:537} INFO - Filling up the DagBag from /home/airflow/.local/lib/python3.7/site-packages/airflow/example_dags/example_external_task_marker_dag.py
[2023-01-08T13:14:16.053+0000] {processor.py:766} INFO - DAG(s) dict_keys(['example_external_task_marker_parent', 'example_external_task_marker_child']) retrieved from /home/airflow/.local/lib/python3.7/site-packages/airflow/example_dags/example_external_task_marker_dag.py
[2023-01-08T13:14:16.220+0000] {logging_mixin.py:120} INFO - [2023-01-08T13:14:16.220+0000] {dag.py:2585} INFO - Sync 2 DAGs
[2023-01-08T13:14:16.237+0000] {logging_mixin.py:120} INFO - [2023-01-08T13:14:16.237+0000] {dag.py:3340} INFO - Setting next_dagrun for example_external_task_marker_child to None, run_after=None
[2023-01-08T13:14:16.239+0000] {logging_mixin.py:120} INFO - [2023-01-08T13:14:16.239+0000] {dag.py:3340} INFO - Setting next_dagrun for example_external_task_marker_parent to None, run_after=None
[2023-01-08T13:14:16.249+0000] {processor.py:176} INFO - Processing /home/airflow/.local/lib/python3.7/site-packages/airflow/example_dags/example_external_task_marker_dag.py took 0.209 seconds
[2023-01-08T13:14:46.342+0000] {processor.py:154} INFO - Started process (PID=1163) to work on /home/airflow/.local/lib/python3.7/site-packages/airflow/example_dags/example_external_task_marker_dag.py
[2023-01-08T13:14:46.343+0000] {processor.py:756} INFO - Processing file /home/airflow/.local/lib/python3.7/site-packages/airflow/example_dags/example_external_task_marker_dag.py for tasks to queue
[2023-01-08T13:14:46.343+0000] {logging_mixin.py:120} INFO - [2023-01-08T13:14:46.343+0000] {dagbag.py:537} INFO - Filling up the DagBag from /home/airflow/.local/lib/python3.7/site-packages/airflow/example_dags/example_external_task_marker_dag.py
[2023-01-08T13:14:46.353+0000] {processor.py:766} INFO - DAG(s) dict_keys(['example_external_task_marker_child', 'example_external_task_marker_parent']) retrieved from /home/airflow/.local/lib/python3.7/site-packages/airflow/example_dags/example_external_task_marker_dag.py
[2023-01-08T13:14:46.522+0000] {logging_mixin.py:120} INFO - [2023-01-08T13:14:46.522+0000] {dag.py:2585} INFO - Sync 2 DAGs
[2023-01-08T13:14:46.541+0000] {logging_mixin.py:120} INFO - [2023-01-08T13:14:46.541+0000] {dag.py:3340} INFO - Setting next_dagrun for example_external_task_marker_child to None, run_after=None
[2023-01-08T13:14:46.543+0000] {logging_mixin.py:120} INFO - [2023-01-08T13:14:46.543+0000] {dag.py:3340} INFO - Setting next_dagrun for example_external_task_marker_parent to None, run_after=None
[2023-01-08T13:14:46.556+0000] {processor.py:176} INFO - Processing /home/airflow/.local/lib/python3.7/site-packages/airflow/example_dags/example_external_task_marker_dag.py took 0.216 seconds
[2023-01-08T13:15:16.983+0000] {processor.py:154} INFO - Started process (PID=1228) to work on /home/airflow/.local/lib/python3.7/site-packages/airflow/example_dags/example_external_task_marker_dag.py
[2023-01-08T13:15:16.985+0000] {processor.py:756} INFO - Processing file /home/airflow/.local/lib/python3.7/site-packages/airflow/example_dags/example_external_task_marker_dag.py for tasks to queue
[2023-01-08T13:15:16.986+0000] {logging_mixin.py:120} INFO - [2023-01-08T13:15:16.986+0000] {dagbag.py:537} INFO - Filling up the DagBag from /home/airflow/.local/lib/python3.7/site-packages/airflow/example_dags/example_external_task_marker_dag.py
[2023-01-08T13:15:16.994+0000] {processor.py:766} INFO - DAG(s) dict_keys(['example_external_task_marker_parent', 'example_external_task_marker_child']) retrieved from /home/airflow/.local/lib/python3.7/site-packages/airflow/example_dags/example_external_task_marker_dag.py
[2023-01-08T13:15:17.127+0000] {logging_mixin.py:120} INFO - [2023-01-08T13:15:17.126+0000] {dag.py:2585} INFO - Sync 2 DAGs
[2023-01-08T13:15:17.141+0000] {logging_mixin.py:120} INFO - [2023-01-08T13:15:17.141+0000] {dag.py:3340} INFO - Setting next_dagrun for example_external_task_marker_child to None, run_after=None
[2023-01-08T13:15:17.143+0000] {logging_mixin.py:120} INFO - [2023-01-08T13:15:17.143+0000] {dag.py:3340} INFO - Setting next_dagrun for example_external_task_marker_parent to None, run_after=None
[2023-01-08T13:15:17.153+0000] {processor.py:176} INFO - Processing /home/airflow/.local/lib/python3.7/site-packages/airflow/example_dags/example_external_task_marker_dag.py took 0.174 seconds
[2023-01-08T13:15:47.204+0000] {processor.py:154} INFO - Started process (PID=1287) to work on /home/airflow/.local/lib/python3.7/site-packages/airflow/example_dags/example_external_task_marker_dag.py
[2023-01-08T13:15:47.204+0000] {processor.py:756} INFO - Processing file /home/airflow/.local/lib/python3.7/site-packages/airflow/example_dags/example_external_task_marker_dag.py for tasks to queue
[2023-01-08T13:15:47.204+0000] {logging_mixin.py:120} INFO - [2023-01-08T13:15:47.204+0000] {dagbag.py:537} INFO - Filling up the DagBag from /home/airflow/.local/lib/python3.7/site-packages/airflow/example_dags/example_external_task_marker_dag.py
[2023-01-08T13:15:47.212+0000] {processor.py:766} INFO - DAG(s) dict_keys(['example_external_task_marker_parent', 'example_external_task_marker_child']) retrieved from /home/airflow/.local/lib/python3.7/site-packages/airflow/example_dags/example_external_task_marker_dag.py
[2023-01-08T13:15:47.339+0000] {logging_mixin.py:120} INFO - [2023-01-08T13:15:47.339+0000] {dag.py:2585} INFO - Sync 2 DAGs
[2023-01-08T13:15:47.355+0000] {logging_mixin.py:120} INFO - [2023-01-08T13:15:47.355+0000] {dag.py:3340} INFO - Setting next_dagrun for example_external_task_marker_child to None, run_after=None
[2023-01-08T13:15:47.357+0000] {logging_mixin.py:120} INFO - [2023-01-08T13:15:47.357+0000] {dag.py:3340} INFO - Setting next_dagrun for example_external_task_marker_parent to None, run_after=None
[2023-01-08T13:15:47.369+0000] {processor.py:176} INFO - Processing /home/airflow/.local/lib/python3.7/site-packages/airflow/example_dags/example_external_task_marker_dag.py took 0.167 seconds
[2023-01-08T13:16:18.289+0000] {processor.py:154} INFO - Started process (PID=1352) to work on /home/airflow/.local/lib/python3.7/site-packages/airflow/example_dags/example_external_task_marker_dag.py
[2023-01-08T13:16:18.291+0000] {processor.py:756} INFO - Processing file /home/airflow/.local/lib/python3.7/site-packages/airflow/example_dags/example_external_task_marker_dag.py for tasks to queue
[2023-01-08T13:16:18.293+0000] {logging_mixin.py:120} INFO - [2023-01-08T13:16:18.292+0000] {dagbag.py:537} INFO - Filling up the DagBag from /home/airflow/.local/lib/python3.7/site-packages/airflow/example_dags/example_external_task_marker_dag.py
[2023-01-08T13:16:18.308+0000] {processor.py:766} INFO - DAG(s) dict_keys(['example_external_task_marker_child', 'example_external_task_marker_parent']) retrieved from /home/airflow/.local/lib/python3.7/site-packages/airflow/example_dags/example_external_task_marker_dag.py
[2023-01-08T13:16:18.435+0000] {logging_mixin.py:120} INFO - [2023-01-08T13:16:18.434+0000] {dag.py:2585} INFO - Sync 2 DAGs
[2023-01-08T13:16:18.449+0000] {logging_mixin.py:120} INFO - [2023-01-08T13:16:18.449+0000] {dag.py:3340} INFO - Setting next_dagrun for example_external_task_marker_child to None, run_after=None
[2023-01-08T13:16:18.451+0000] {logging_mixin.py:120} INFO - [2023-01-08T13:16:18.451+0000] {dag.py:3340} INFO - Setting next_dagrun for example_external_task_marker_parent to None, run_after=None
[2023-01-08T13:16:18.463+0000] {processor.py:176} INFO - Processing /home/airflow/.local/lib/python3.7/site-packages/airflow/example_dags/example_external_task_marker_dag.py took 0.176 seconds
[2023-01-08T13:16:49.182+0000] {processor.py:154} INFO - Started process (PID=1417) to work on /home/airflow/.local/lib/python3.7/site-packages/airflow/example_dags/example_external_task_marker_dag.py
[2023-01-08T13:16:49.182+0000] {processor.py:756} INFO - Processing file /home/airflow/.local/lib/python3.7/site-packages/airflow/example_dags/example_external_task_marker_dag.py for tasks to queue
[2023-01-08T13:16:49.183+0000] {logging_mixin.py:120} INFO - [2023-01-08T13:16:49.183+0000] {dagbag.py:537} INFO - Filling up the DagBag from /home/airflow/.local/lib/python3.7/site-packages/airflow/example_dags/example_external_task_marker_dag.py
[2023-01-08T13:16:49.190+0000] {processor.py:766} INFO - DAG(s) dict_keys(['example_external_task_marker_parent', 'example_external_task_marker_child']) retrieved from /home/airflow/.local/lib/python3.7/site-packages/airflow/example_dags/example_external_task_marker_dag.py
[2023-01-08T13:16:49.321+0000] {logging_mixin.py:120} INFO - [2023-01-08T13:16:49.321+0000] {dag.py:2585} INFO - Sync 2 DAGs
[2023-01-08T13:16:49.336+0000] {logging_mixin.py:120} INFO - [2023-01-08T13:16:49.335+0000] {dag.py:3340} INFO - Setting next_dagrun for example_external_task_marker_child to None, run_after=None
[2023-01-08T13:16:49.337+0000] {logging_mixin.py:120} INFO - [2023-01-08T13:16:49.337+0000] {dag.py:3340} INFO - Setting next_dagrun for example_external_task_marker_parent to None, run_after=None
[2023-01-08T13:16:49.347+0000] {processor.py:176} INFO - Processing /home/airflow/.local/lib/python3.7/site-packages/airflow/example_dags/example_external_task_marker_dag.py took 0.167 seconds
