[2023-01-08T13:06:04.592+0000] {processor.py:154} INFO - Started process (PID=63) to work on /home/airflow/.local/lib/python3.7/site-packages/airflow/example_dags/example_bash_operator.py
[2023-01-08T13:06:04.592+0000] {processor.py:756} INFO - Processing file /home/airflow/.local/lib/python3.7/site-packages/airflow/example_dags/example_bash_operator.py for tasks to queue
[2023-01-08T13:06:04.593+0000] {logging_mixin.py:120} INFO - [2023-01-08T13:06:04.593+0000] {dagbag.py:537} INFO - Filling up the DagBag from /home/airflow/.local/lib/python3.7/site-packages/airflow/example_dags/example_bash_operator.py
[2023-01-08T13:06:04.614+0000] {processor.py:766} INFO - DAG(s) dict_keys(['example_bash_operator']) retrieved from /home/airflow/.local/lib/python3.7/site-packages/airflow/example_dags/example_bash_operator.py
[2023-01-08T13:06:04.663+0000] {logging_mixin.py:120} INFO - [2023-01-08T13:06:04.662+0000] {dag.py:2585} INFO - Sync 1 DAGs
[2023-01-08T13:06:04.695+0000] {logging_mixin.py:120} INFO - [2023-01-08T13:06:04.695+0000] {dag.py:3340} INFO - Setting next_dagrun for example_bash_operator to 2023-01-08T00:00:00+00:00, run_after=2023-01-09T00:00:00+00:00
[2023-01-08T13:06:04.723+0000] {processor.py:176} INFO - Processing /home/airflow/.local/lib/python3.7/site-packages/airflow/example_dags/example_bash_operator.py took 0.134 seconds
[2023-01-08T13:06:35.432+0000] {processor.py:154} INFO - Started process (PID=132) to work on /home/airflow/.local/lib/python3.7/site-packages/airflow/example_dags/example_bash_operator.py
[2023-01-08T13:06:35.433+0000] {processor.py:756} INFO - Processing file /home/airflow/.local/lib/python3.7/site-packages/airflow/example_dags/example_bash_operator.py for tasks to queue
[2023-01-08T13:06:35.433+0000] {logging_mixin.py:120} INFO - [2023-01-08T13:06:35.433+0000] {dagbag.py:537} INFO - Filling up the DagBag from /home/airflow/.local/lib/python3.7/site-packages/airflow/example_dags/example_bash_operator.py
[2023-01-08T13:06:35.451+0000] {processor.py:766} INFO - DAG(s) dict_keys(['example_bash_operator']) retrieved from /home/airflow/.local/lib/python3.7/site-packages/airflow/example_dags/example_bash_operator.py
[2023-01-08T13:06:35.493+0000] {logging_mixin.py:120} INFO - [2023-01-08T13:06:35.492+0000] {dag.py:2585} INFO - Sync 1 DAGs
[2023-01-08T13:06:35.515+0000] {logging_mixin.py:120} INFO - [2023-01-08T13:06:35.515+0000] {dag.py:3340} INFO - Setting next_dagrun for example_bash_operator to 2023-01-08T00:00:00+00:00, run_after=2023-01-09T00:00:00+00:00
[2023-01-08T13:06:35.530+0000] {processor.py:176} INFO - Processing /home/airflow/.local/lib/python3.7/site-packages/airflow/example_dags/example_bash_operator.py took 0.100 seconds
[2023-01-08T13:07:05.778+0000] {processor.py:154} INFO - Started process (PID=198) to work on /home/airflow/.local/lib/python3.7/site-packages/airflow/example_dags/example_bash_operator.py
[2023-01-08T13:07:05.779+0000] {processor.py:756} INFO - Processing file /home/airflow/.local/lib/python3.7/site-packages/airflow/example_dags/example_bash_operator.py for tasks to queue
[2023-01-08T13:07:05.779+0000] {logging_mixin.py:120} INFO - [2023-01-08T13:07:05.779+0000] {dagbag.py:537} INFO - Filling up the DagBag from /home/airflow/.local/lib/python3.7/site-packages/airflow/example_dags/example_bash_operator.py
[2023-01-08T13:07:05.794+0000] {processor.py:766} INFO - DAG(s) dict_keys(['example_bash_operator']) retrieved from /home/airflow/.local/lib/python3.7/site-packages/airflow/example_dags/example_bash_operator.py
[2023-01-08T13:07:05.826+0000] {logging_mixin.py:120} INFO - [2023-01-08T13:07:05.826+0000] {dag.py:2585} INFO - Sync 1 DAGs
[2023-01-08T13:07:05.845+0000] {logging_mixin.py:120} INFO - [2023-01-08T13:07:05.845+0000] {dag.py:3340} INFO - Setting next_dagrun for example_bash_operator to 2023-01-08T00:00:00+00:00, run_after=2023-01-09T00:00:00+00:00
[2023-01-08T13:07:05.859+0000] {processor.py:176} INFO - Processing /home/airflow/.local/lib/python3.7/site-packages/airflow/example_dags/example_bash_operator.py took 0.083 seconds
[2023-01-08T13:07:36.213+0000] {processor.py:154} INFO - Started process (PID=263) to work on /home/airflow/.local/lib/python3.7/site-packages/airflow/example_dags/example_bash_operator.py
[2023-01-08T13:07:36.213+0000] {processor.py:756} INFO - Processing file /home/airflow/.local/lib/python3.7/site-packages/airflow/example_dags/example_bash_operator.py for tasks to queue
[2023-01-08T13:07:36.214+0000] {logging_mixin.py:120} INFO - [2023-01-08T13:07:36.214+0000] {dagbag.py:537} INFO - Filling up the DagBag from /home/airflow/.local/lib/python3.7/site-packages/airflow/example_dags/example_bash_operator.py
[2023-01-08T13:07:36.227+0000] {processor.py:766} INFO - DAG(s) dict_keys(['example_bash_operator']) retrieved from /home/airflow/.local/lib/python3.7/site-packages/airflow/example_dags/example_bash_operator.py
[2023-01-08T13:07:36.268+0000] {logging_mixin.py:120} INFO - [2023-01-08T13:07:36.268+0000] {dag.py:2585} INFO - Sync 1 DAGs
[2023-01-08T13:07:36.293+0000] {logging_mixin.py:120} INFO - [2023-01-08T13:07:36.293+0000] {dag.py:3340} INFO - Setting next_dagrun for example_bash_operator to 2023-01-08T00:00:00+00:00, run_after=2023-01-09T00:00:00+00:00
[2023-01-08T13:07:36.312+0000] {processor.py:176} INFO - Processing /home/airflow/.local/lib/python3.7/site-packages/airflow/example_dags/example_bash_operator.py took 0.101 seconds
[2023-01-08T13:08:06.412+0000] {processor.py:154} INFO - Started process (PID=320) to work on /home/airflow/.local/lib/python3.7/site-packages/airflow/example_dags/example_bash_operator.py
[2023-01-08T13:08:06.413+0000] {processor.py:756} INFO - Processing file /home/airflow/.local/lib/python3.7/site-packages/airflow/example_dags/example_bash_operator.py for tasks to queue
[2023-01-08T13:08:06.413+0000] {logging_mixin.py:120} INFO - [2023-01-08T13:08:06.413+0000] {dagbag.py:537} INFO - Filling up the DagBag from /home/airflow/.local/lib/python3.7/site-packages/airflow/example_dags/example_bash_operator.py
[2023-01-08T13:08:06.426+0000] {processor.py:766} INFO - DAG(s) dict_keys(['example_bash_operator']) retrieved from /home/airflow/.local/lib/python3.7/site-packages/airflow/example_dags/example_bash_operator.py
[2023-01-08T13:08:06.455+0000] {logging_mixin.py:120} INFO - [2023-01-08T13:08:06.455+0000] {dag.py:2585} INFO - Sync 1 DAGs
[2023-01-08T13:08:06.473+0000] {logging_mixin.py:120} INFO - [2023-01-08T13:08:06.473+0000] {dag.py:3340} INFO - Setting next_dagrun for example_bash_operator to 2023-01-08T00:00:00+00:00, run_after=2023-01-09T00:00:00+00:00
[2023-01-08T13:08:06.485+0000] {processor.py:176} INFO - Processing /home/airflow/.local/lib/python3.7/site-packages/airflow/example_dags/example_bash_operator.py took 0.074 seconds
[2023-01-08T13:08:37.474+0000] {processor.py:154} INFO - Started process (PID=385) to work on /home/airflow/.local/lib/python3.7/site-packages/airflow/example_dags/example_bash_operator.py
[2023-01-08T13:08:37.474+0000] {processor.py:756} INFO - Processing file /home/airflow/.local/lib/python3.7/site-packages/airflow/example_dags/example_bash_operator.py for tasks to queue
[2023-01-08T13:08:37.475+0000] {logging_mixin.py:120} INFO - [2023-01-08T13:08:37.474+0000] {dagbag.py:537} INFO - Filling up the DagBag from /home/airflow/.local/lib/python3.7/site-packages/airflow/example_dags/example_bash_operator.py
[2023-01-08T13:08:37.487+0000] {processor.py:766} INFO - DAG(s) dict_keys(['example_bash_operator']) retrieved from /home/airflow/.local/lib/python3.7/site-packages/airflow/example_dags/example_bash_operator.py
[2023-01-08T13:08:37.515+0000] {logging_mixin.py:120} INFO - [2023-01-08T13:08:37.515+0000] {dag.py:2585} INFO - Sync 1 DAGs
[2023-01-08T13:08:37.531+0000] {logging_mixin.py:120} INFO - [2023-01-08T13:08:37.531+0000] {dag.py:3340} INFO - Setting next_dagrun for example_bash_operator to 2023-01-08T00:00:00+00:00, run_after=2023-01-09T00:00:00+00:00
[2023-01-08T13:08:37.541+0000] {processor.py:176} INFO - Processing /home/airflow/.local/lib/python3.7/site-packages/airflow/example_dags/example_bash_operator.py took 0.069 seconds
[2023-01-08T13:09:07.759+0000] {processor.py:154} INFO - Started process (PID=450) to work on /home/airflow/.local/lib/python3.7/site-packages/airflow/example_dags/example_bash_operator.py
[2023-01-08T13:09:07.759+0000] {processor.py:756} INFO - Processing file /home/airflow/.local/lib/python3.7/site-packages/airflow/example_dags/example_bash_operator.py for tasks to queue
[2023-01-08T13:09:07.760+0000] {logging_mixin.py:120} INFO - [2023-01-08T13:09:07.760+0000] {dagbag.py:537} INFO - Filling up the DagBag from /home/airflow/.local/lib/python3.7/site-packages/airflow/example_dags/example_bash_operator.py
[2023-01-08T13:09:07.773+0000] {processor.py:766} INFO - DAG(s) dict_keys(['example_bash_operator']) retrieved from /home/airflow/.local/lib/python3.7/site-packages/airflow/example_dags/example_bash_operator.py
[2023-01-08T13:09:07.802+0000] {logging_mixin.py:120} INFO - [2023-01-08T13:09:07.802+0000] {dag.py:2585} INFO - Sync 1 DAGs
[2023-01-08T13:09:07.819+0000] {logging_mixin.py:120} INFO - [2023-01-08T13:09:07.819+0000] {dag.py:3340} INFO - Setting next_dagrun for example_bash_operator to 2023-01-08T00:00:00+00:00, run_after=2023-01-09T00:00:00+00:00
[2023-01-08T13:09:07.832+0000] {processor.py:176} INFO - Processing /home/airflow/.local/lib/python3.7/site-packages/airflow/example_dags/example_bash_operator.py took 0.075 seconds
[2023-01-08T13:09:38.713+0000] {processor.py:154} INFO - Started process (PID=515) to work on /home/airflow/.local/lib/python3.7/site-packages/airflow/example_dags/example_bash_operator.py
[2023-01-08T13:09:38.714+0000] {processor.py:756} INFO - Processing file /home/airflow/.local/lib/python3.7/site-packages/airflow/example_dags/example_bash_operator.py for tasks to queue
[2023-01-08T13:09:38.714+0000] {logging_mixin.py:120} INFO - [2023-01-08T13:09:38.714+0000] {dagbag.py:537} INFO - Filling up the DagBag from /home/airflow/.local/lib/python3.7/site-packages/airflow/example_dags/example_bash_operator.py
[2023-01-08T13:09:38.727+0000] {processor.py:766} INFO - DAG(s) dict_keys(['example_bash_operator']) retrieved from /home/airflow/.local/lib/python3.7/site-packages/airflow/example_dags/example_bash_operator.py
[2023-01-08T13:09:38.756+0000] {logging_mixin.py:120} INFO - [2023-01-08T13:09:38.756+0000] {dag.py:2585} INFO - Sync 1 DAGs
[2023-01-08T13:09:38.774+0000] {logging_mixin.py:120} INFO - [2023-01-08T13:09:38.774+0000] {dag.py:3340} INFO - Setting next_dagrun for example_bash_operator to 2023-01-08T00:00:00+00:00, run_after=2023-01-09T00:00:00+00:00
[2023-01-08T13:09:38.787+0000] {processor.py:176} INFO - Processing /home/airflow/.local/lib/python3.7/site-packages/airflow/example_dags/example_bash_operator.py took 0.076 seconds
[2023-01-08T13:10:09.654+0000] {processor.py:154} INFO - Started process (PID=580) to work on /home/airflow/.local/lib/python3.7/site-packages/airflow/example_dags/example_bash_operator.py
[2023-01-08T13:10:09.654+0000] {processor.py:756} INFO - Processing file /home/airflow/.local/lib/python3.7/site-packages/airflow/example_dags/example_bash_operator.py for tasks to queue
[2023-01-08T13:10:09.655+0000] {logging_mixin.py:120} INFO - [2023-01-08T13:10:09.655+0000] {dagbag.py:537} INFO - Filling up the DagBag from /home/airflow/.local/lib/python3.7/site-packages/airflow/example_dags/example_bash_operator.py
[2023-01-08T13:10:09.668+0000] {processor.py:766} INFO - DAG(s) dict_keys(['example_bash_operator']) retrieved from /home/airflow/.local/lib/python3.7/site-packages/airflow/example_dags/example_bash_operator.py
[2023-01-08T13:10:09.696+0000] {logging_mixin.py:120} INFO - [2023-01-08T13:10:09.696+0000] {dag.py:2585} INFO - Sync 1 DAGs
[2023-01-08T13:10:09.715+0000] {logging_mixin.py:120} INFO - [2023-01-08T13:10:09.715+0000] {dag.py:3340} INFO - Setting next_dagrun for example_bash_operator to 2023-01-08T00:00:00+00:00, run_after=2023-01-09T00:00:00+00:00
[2023-01-08T13:10:09.726+0000] {processor.py:176} INFO - Processing /home/airflow/.local/lib/python3.7/site-packages/airflow/example_dags/example_bash_operator.py took 0.074 seconds
[2023-01-08T13:10:40.554+0000] {processor.py:154} INFO - Started process (PID=636) to work on /home/airflow/.local/lib/python3.7/site-packages/airflow/example_dags/example_bash_operator.py
[2023-01-08T13:10:40.556+0000] {processor.py:756} INFO - Processing file /home/airflow/.local/lib/python3.7/site-packages/airflow/example_dags/example_bash_operator.py for tasks to queue
[2023-01-08T13:10:40.556+0000] {logging_mixin.py:120} INFO - [2023-01-08T13:10:40.556+0000] {dagbag.py:537} INFO - Filling up the DagBag from /home/airflow/.local/lib/python3.7/site-packages/airflow/example_dags/example_bash_operator.py
[2023-01-08T13:10:40.569+0000] {processor.py:766} INFO - DAG(s) dict_keys(['example_bash_operator']) retrieved from /home/airflow/.local/lib/python3.7/site-packages/airflow/example_dags/example_bash_operator.py
[2023-01-08T13:10:40.598+0000] {logging_mixin.py:120} INFO - [2023-01-08T13:10:40.598+0000] {dag.py:2585} INFO - Sync 1 DAGs
[2023-01-08T13:10:40.615+0000] {logging_mixin.py:120} INFO - [2023-01-08T13:10:40.615+0000] {dag.py:3340} INFO - Setting next_dagrun for example_bash_operator to 2023-01-08T00:00:00+00:00, run_after=2023-01-09T00:00:00+00:00
[2023-01-08T13:10:40.627+0000] {processor.py:176} INFO - Processing /home/airflow/.local/lib/python3.7/site-packages/airflow/example_dags/example_bash_operator.py took 0.074 seconds
[2023-01-08T13:11:11.709+0000] {processor.py:154} INFO - Started process (PID=701) to work on /home/airflow/.local/lib/python3.7/site-packages/airflow/example_dags/example_bash_operator.py
[2023-01-08T13:11:11.710+0000] {processor.py:756} INFO - Processing file /home/airflow/.local/lib/python3.7/site-packages/airflow/example_dags/example_bash_operator.py for tasks to queue
[2023-01-08T13:11:11.710+0000] {logging_mixin.py:120} INFO - [2023-01-08T13:11:11.710+0000] {dagbag.py:537} INFO - Filling up the DagBag from /home/airflow/.local/lib/python3.7/site-packages/airflow/example_dags/example_bash_operator.py
[2023-01-08T13:11:11.726+0000] {processor.py:766} INFO - DAG(s) dict_keys(['example_bash_operator']) retrieved from /home/airflow/.local/lib/python3.7/site-packages/airflow/example_dags/example_bash_operator.py
[2023-01-08T13:11:11.757+0000] {logging_mixin.py:120} INFO - [2023-01-08T13:11:11.757+0000] {dag.py:2585} INFO - Sync 1 DAGs
[2023-01-08T13:11:11.775+0000] {logging_mixin.py:120} INFO - [2023-01-08T13:11:11.775+0000] {dag.py:3340} INFO - Setting next_dagrun for example_bash_operator to 2023-01-08T00:00:00+00:00, run_after=2023-01-09T00:00:00+00:00
[2023-01-08T13:11:11.787+0000] {processor.py:176} INFO - Processing /home/airflow/.local/lib/python3.7/site-packages/airflow/example_dags/example_bash_operator.py took 0.080 seconds
[2023-01-08T13:11:41.935+0000] {processor.py:154} INFO - Started process (PID=766) to work on /home/airflow/.local/lib/python3.7/site-packages/airflow/example_dags/example_bash_operator.py
[2023-01-08T13:11:41.936+0000] {processor.py:756} INFO - Processing file /home/airflow/.local/lib/python3.7/site-packages/airflow/example_dags/example_bash_operator.py for tasks to queue
[2023-01-08T13:11:41.936+0000] {logging_mixin.py:120} INFO - [2023-01-08T13:11:41.936+0000] {dagbag.py:537} INFO - Filling up the DagBag from /home/airflow/.local/lib/python3.7/site-packages/airflow/example_dags/example_bash_operator.py
[2023-01-08T13:11:41.950+0000] {processor.py:766} INFO - DAG(s) dict_keys(['example_bash_operator']) retrieved from /home/airflow/.local/lib/python3.7/site-packages/airflow/example_dags/example_bash_operator.py
[2023-01-08T13:11:41.981+0000] {logging_mixin.py:120} INFO - [2023-01-08T13:11:41.981+0000] {dag.py:2585} INFO - Sync 1 DAGs
[2023-01-08T13:11:42.003+0000] {logging_mixin.py:120} INFO - [2023-01-08T13:11:42.003+0000] {dag.py:3340} INFO - Setting next_dagrun for example_bash_operator to 2023-01-08T00:00:00+00:00, run_after=2023-01-09T00:00:00+00:00
[2023-01-08T13:11:42.025+0000] {processor.py:176} INFO - Processing /home/airflow/.local/lib/python3.7/site-packages/airflow/example_dags/example_bash_operator.py took 0.092 seconds
[2023-01-08T13:12:12.208+0000] {processor.py:154} INFO - Started process (PID=831) to work on /home/airflow/.local/lib/python3.7/site-packages/airflow/example_dags/example_bash_operator.py
[2023-01-08T13:12:12.209+0000] {processor.py:756} INFO - Processing file /home/airflow/.local/lib/python3.7/site-packages/airflow/example_dags/example_bash_operator.py for tasks to queue
[2023-01-08T13:12:12.209+0000] {logging_mixin.py:120} INFO - [2023-01-08T13:12:12.209+0000] {dagbag.py:537} INFO - Filling up the DagBag from /home/airflow/.local/lib/python3.7/site-packages/airflow/example_dags/example_bash_operator.py
[2023-01-08T13:12:12.224+0000] {processor.py:766} INFO - DAG(s) dict_keys(['example_bash_operator']) retrieved from /home/airflow/.local/lib/python3.7/site-packages/airflow/example_dags/example_bash_operator.py
[2023-01-08T13:12:12.256+0000] {logging_mixin.py:120} INFO - [2023-01-08T13:12:12.256+0000] {dag.py:2585} INFO - Sync 1 DAGs
[2023-01-08T13:12:12.276+0000] {logging_mixin.py:120} INFO - [2023-01-08T13:12:12.276+0000] {dag.py:3340} INFO - Setting next_dagrun for example_bash_operator to 2023-01-08T00:00:00+00:00, run_after=2023-01-09T00:00:00+00:00
[2023-01-08T13:12:12.288+0000] {processor.py:176} INFO - Processing /home/airflow/.local/lib/python3.7/site-packages/airflow/example_dags/example_bash_operator.py took 0.081 seconds
[2023-01-08T13:12:42.546+0000] {processor.py:154} INFO - Started process (PID=897) to work on /home/airflow/.local/lib/python3.7/site-packages/airflow/example_dags/example_bash_operator.py
[2023-01-08T13:12:42.547+0000] {processor.py:756} INFO - Processing file /home/airflow/.local/lib/python3.7/site-packages/airflow/example_dags/example_bash_operator.py for tasks to queue
[2023-01-08T13:12:42.547+0000] {logging_mixin.py:120} INFO - [2023-01-08T13:12:42.547+0000] {dagbag.py:537} INFO - Filling up the DagBag from /home/airflow/.local/lib/python3.7/site-packages/airflow/example_dags/example_bash_operator.py
[2023-01-08T13:12:42.561+0000] {processor.py:766} INFO - DAG(s) dict_keys(['example_bash_operator']) retrieved from /home/airflow/.local/lib/python3.7/site-packages/airflow/example_dags/example_bash_operator.py
[2023-01-08T13:12:42.594+0000] {logging_mixin.py:120} INFO - [2023-01-08T13:12:42.594+0000] {dag.py:2585} INFO - Sync 1 DAGs
[2023-01-08T13:12:42.612+0000] {logging_mixin.py:120} INFO - [2023-01-08T13:12:42.612+0000] {dag.py:3340} INFO - Setting next_dagrun for example_bash_operator to 2023-01-08T00:00:00+00:00, run_after=2023-01-09T00:00:00+00:00
[2023-01-08T13:12:42.630+0000] {processor.py:176} INFO - Processing /home/airflow/.local/lib/python3.7/site-packages/airflow/example_dags/example_bash_operator.py took 0.086 seconds
[2023-01-08T13:13:13.641+0000] {processor.py:154} INFO - Started process (PID=953) to work on /home/airflow/.local/lib/python3.7/site-packages/airflow/example_dags/example_bash_operator.py
[2023-01-08T13:13:13.643+0000] {processor.py:756} INFO - Processing file /home/airflow/.local/lib/python3.7/site-packages/airflow/example_dags/example_bash_operator.py for tasks to queue
[2023-01-08T13:13:13.644+0000] {logging_mixin.py:120} INFO - [2023-01-08T13:13:13.644+0000] {dagbag.py:537} INFO - Filling up the DagBag from /home/airflow/.local/lib/python3.7/site-packages/airflow/example_dags/example_bash_operator.py
[2023-01-08T13:13:13.665+0000] {processor.py:766} INFO - DAG(s) dict_keys(['example_bash_operator']) retrieved from /home/airflow/.local/lib/python3.7/site-packages/airflow/example_dags/example_bash_operator.py
[2023-01-08T13:13:13.694+0000] {logging_mixin.py:120} INFO - [2023-01-08T13:13:13.693+0000] {dag.py:2585} INFO - Sync 1 DAGs
[2023-01-08T13:13:13.709+0000] {logging_mixin.py:120} INFO - [2023-01-08T13:13:13.709+0000] {dag.py:3340} INFO - Setting next_dagrun for example_bash_operator to 2023-01-08T00:00:00+00:00, run_after=2023-01-09T00:00:00+00:00
[2023-01-08T13:13:13.720+0000] {processor.py:176} INFO - Processing /home/airflow/.local/lib/python3.7/site-packages/airflow/example_dags/example_bash_operator.py took 0.084 seconds
[2023-01-08T13:13:43.927+0000] {processor.py:154} INFO - Started process (PID=1018) to work on /home/airflow/.local/lib/python3.7/site-packages/airflow/example_dags/example_bash_operator.py
[2023-01-08T13:13:43.930+0000] {processor.py:756} INFO - Processing file /home/airflow/.local/lib/python3.7/site-packages/airflow/example_dags/example_bash_operator.py for tasks to queue
[2023-01-08T13:13:43.931+0000] {logging_mixin.py:120} INFO - [2023-01-08T13:13:43.931+0000] {dagbag.py:537} INFO - Filling up the DagBag from /home/airflow/.local/lib/python3.7/site-packages/airflow/example_dags/example_bash_operator.py
[2023-01-08T13:13:43.949+0000] {processor.py:766} INFO - DAG(s) dict_keys(['example_bash_operator']) retrieved from /home/airflow/.local/lib/python3.7/site-packages/airflow/example_dags/example_bash_operator.py
[2023-01-08T13:13:43.979+0000] {logging_mixin.py:120} INFO - [2023-01-08T13:13:43.979+0000] {dag.py:2585} INFO - Sync 1 DAGs
[2023-01-08T13:13:43.997+0000] {logging_mixin.py:120} INFO - [2023-01-08T13:13:43.997+0000] {dag.py:3340} INFO - Setting next_dagrun for example_bash_operator to 2023-01-08T00:00:00+00:00, run_after=2023-01-09T00:00:00+00:00
[2023-01-08T13:13:44.010+0000] {processor.py:176} INFO - Processing /home/airflow/.local/lib/python3.7/site-packages/airflow/example_dags/example_bash_operator.py took 0.086 seconds
[2023-01-08T13:14:14.328+0000] {processor.py:154} INFO - Started process (PID=1084) to work on /home/airflow/.local/lib/python3.7/site-packages/airflow/example_dags/example_bash_operator.py
[2023-01-08T13:14:14.329+0000] {processor.py:756} INFO - Processing file /home/airflow/.local/lib/python3.7/site-packages/airflow/example_dags/example_bash_operator.py for tasks to queue
[2023-01-08T13:14:14.329+0000] {logging_mixin.py:120} INFO - [2023-01-08T13:14:14.329+0000] {dagbag.py:537} INFO - Filling up the DagBag from /home/airflow/.local/lib/python3.7/site-packages/airflow/example_dags/example_bash_operator.py
[2023-01-08T13:14:14.346+0000] {processor.py:766} INFO - DAG(s) dict_keys(['example_bash_operator']) retrieved from /home/airflow/.local/lib/python3.7/site-packages/airflow/example_dags/example_bash_operator.py
[2023-01-08T13:14:14.374+0000] {logging_mixin.py:120} INFO - [2023-01-08T13:14:14.374+0000] {dag.py:2585} INFO - Sync 1 DAGs
[2023-01-08T13:14:14.391+0000] {logging_mixin.py:120} INFO - [2023-01-08T13:14:14.391+0000] {dag.py:3340} INFO - Setting next_dagrun for example_bash_operator to 2023-01-08T00:00:00+00:00, run_after=2023-01-09T00:00:00+00:00
[2023-01-08T13:14:14.403+0000] {processor.py:176} INFO - Processing /home/airflow/.local/lib/python3.7/site-packages/airflow/example_dags/example_bash_operator.py took 0.080 seconds
[2023-01-08T13:14:44.590+0000] {processor.py:154} INFO - Started process (PID=1148) to work on /home/airflow/.local/lib/python3.7/site-packages/airflow/example_dags/example_bash_operator.py
[2023-01-08T13:14:44.593+0000] {processor.py:756} INFO - Processing file /home/airflow/.local/lib/python3.7/site-packages/airflow/example_dags/example_bash_operator.py for tasks to queue
[2023-01-08T13:14:44.593+0000] {logging_mixin.py:120} INFO - [2023-01-08T13:14:44.593+0000] {dagbag.py:537} INFO - Filling up the DagBag from /home/airflow/.local/lib/python3.7/site-packages/airflow/example_dags/example_bash_operator.py
[2023-01-08T13:14:44.610+0000] {processor.py:766} INFO - DAG(s) dict_keys(['example_bash_operator']) retrieved from /home/airflow/.local/lib/python3.7/site-packages/airflow/example_dags/example_bash_operator.py
[2023-01-08T13:14:44.659+0000] {logging_mixin.py:120} INFO - [2023-01-08T13:14:44.659+0000] {dag.py:2585} INFO - Sync 1 DAGs
[2023-01-08T13:14:44.676+0000] {logging_mixin.py:120} INFO - [2023-01-08T13:14:44.676+0000] {dag.py:3340} INFO - Setting next_dagrun for example_bash_operator to 2023-01-08T00:00:00+00:00, run_after=2023-01-09T00:00:00+00:00
[2023-01-08T13:14:44.689+0000] {processor.py:176} INFO - Processing /home/airflow/.local/lib/python3.7/site-packages/airflow/example_dags/example_bash_operator.py took 0.100 seconds
[2023-01-08T13:15:15.045+0000] {processor.py:154} INFO - Started process (PID=1204) to work on /home/airflow/.local/lib/python3.7/site-packages/airflow/example_dags/example_bash_operator.py
[2023-01-08T13:15:15.047+0000] {processor.py:756} INFO - Processing file /home/airflow/.local/lib/python3.7/site-packages/airflow/example_dags/example_bash_operator.py for tasks to queue
[2023-01-08T13:15:15.048+0000] {logging_mixin.py:120} INFO - [2023-01-08T13:15:15.048+0000] {dagbag.py:537} INFO - Filling up the DagBag from /home/airflow/.local/lib/python3.7/site-packages/airflow/example_dags/example_bash_operator.py
[2023-01-08T13:15:15.067+0000] {processor.py:766} INFO - DAG(s) dict_keys(['example_bash_operator']) retrieved from /home/airflow/.local/lib/python3.7/site-packages/airflow/example_dags/example_bash_operator.py
[2023-01-08T13:15:15.103+0000] {logging_mixin.py:120} INFO - [2023-01-08T13:15:15.103+0000] {dag.py:2585} INFO - Sync 1 DAGs
[2023-01-08T13:15:15.123+0000] {logging_mixin.py:120} INFO - [2023-01-08T13:15:15.123+0000] {dag.py:3340} INFO - Setting next_dagrun for example_bash_operator to 2023-01-08T00:00:00+00:00, run_after=2023-01-09T00:00:00+00:00
[2023-01-08T13:15:15.136+0000] {processor.py:176} INFO - Processing /home/airflow/.local/lib/python3.7/site-packages/airflow/example_dags/example_bash_operator.py took 0.095 seconds
[2023-01-08T13:15:45.280+0000] {processor.py:154} INFO - Started process (PID=1269) to work on /home/airflow/.local/lib/python3.7/site-packages/airflow/example_dags/example_bash_operator.py
[2023-01-08T13:15:45.281+0000] {processor.py:756} INFO - Processing file /home/airflow/.local/lib/python3.7/site-packages/airflow/example_dags/example_bash_operator.py for tasks to queue
[2023-01-08T13:15:45.281+0000] {logging_mixin.py:120} INFO - [2023-01-08T13:15:45.281+0000] {dagbag.py:537} INFO - Filling up the DagBag from /home/airflow/.local/lib/python3.7/site-packages/airflow/example_dags/example_bash_operator.py
[2023-01-08T13:15:45.296+0000] {processor.py:766} INFO - DAG(s) dict_keys(['example_bash_operator']) retrieved from /home/airflow/.local/lib/python3.7/site-packages/airflow/example_dags/example_bash_operator.py
[2023-01-08T13:15:45.325+0000] {logging_mixin.py:120} INFO - [2023-01-08T13:15:45.325+0000] {dag.py:2585} INFO - Sync 1 DAGs
[2023-01-08T13:15:45.342+0000] {logging_mixin.py:120} INFO - [2023-01-08T13:15:45.342+0000] {dag.py:3340} INFO - Setting next_dagrun for example_bash_operator to 2023-01-08T00:00:00+00:00, run_after=2023-01-09T00:00:00+00:00
[2023-01-08T13:15:45.355+0000] {processor.py:176} INFO - Processing /home/airflow/.local/lib/python3.7/site-packages/airflow/example_dags/example_bash_operator.py took 0.079 seconds
[2023-01-08T13:16:15.478+0000] {processor.py:154} INFO - Started process (PID=1334) to work on /home/airflow/.local/lib/python3.7/site-packages/airflow/example_dags/example_bash_operator.py
[2023-01-08T13:16:15.479+0000] {processor.py:756} INFO - Processing file /home/airflow/.local/lib/python3.7/site-packages/airflow/example_dags/example_bash_operator.py for tasks to queue
[2023-01-08T13:16:15.479+0000] {logging_mixin.py:120} INFO - [2023-01-08T13:16:15.479+0000] {dagbag.py:537} INFO - Filling up the DagBag from /home/airflow/.local/lib/python3.7/site-packages/airflow/example_dags/example_bash_operator.py
[2023-01-08T13:16:15.494+0000] {processor.py:766} INFO - DAG(s) dict_keys(['example_bash_operator']) retrieved from /home/airflow/.local/lib/python3.7/site-packages/airflow/example_dags/example_bash_operator.py
[2023-01-08T13:16:15.523+0000] {logging_mixin.py:120} INFO - [2023-01-08T13:16:15.523+0000] {dag.py:2585} INFO - Sync 1 DAGs
[2023-01-08T13:16:15.540+0000] {logging_mixin.py:120} INFO - [2023-01-08T13:16:15.540+0000] {dag.py:3340} INFO - Setting next_dagrun for example_bash_operator to 2023-01-08T00:00:00+00:00, run_after=2023-01-09T00:00:00+00:00
[2023-01-08T13:16:15.551+0000] {processor.py:176} INFO - Processing /home/airflow/.local/lib/python3.7/site-packages/airflow/example_dags/example_bash_operator.py took 0.076 seconds
[2023-01-08T13:16:46.426+0000] {processor.py:154} INFO - Started process (PID=1399) to work on /home/airflow/.local/lib/python3.7/site-packages/airflow/example_dags/example_bash_operator.py
[2023-01-08T13:16:46.427+0000] {processor.py:756} INFO - Processing file /home/airflow/.local/lib/python3.7/site-packages/airflow/example_dags/example_bash_operator.py for tasks to queue
[2023-01-08T13:16:46.427+0000] {logging_mixin.py:120} INFO - [2023-01-08T13:16:46.427+0000] {dagbag.py:537} INFO - Filling up the DagBag from /home/airflow/.local/lib/python3.7/site-packages/airflow/example_dags/example_bash_operator.py
[2023-01-08T13:16:46.440+0000] {processor.py:766} INFO - DAG(s) dict_keys(['example_bash_operator']) retrieved from /home/airflow/.local/lib/python3.7/site-packages/airflow/example_dags/example_bash_operator.py
[2023-01-08T13:16:46.470+0000] {logging_mixin.py:120} INFO - [2023-01-08T13:16:46.470+0000] {dag.py:2585} INFO - Sync 1 DAGs
[2023-01-08T13:16:46.486+0000] {logging_mixin.py:120} INFO - [2023-01-08T13:16:46.486+0000] {dag.py:3340} INFO - Setting next_dagrun for example_bash_operator to 2023-01-08T00:00:00+00:00, run_after=2023-01-09T00:00:00+00:00
[2023-01-08T13:16:46.499+0000] {processor.py:176} INFO - Processing /home/airflow/.local/lib/python3.7/site-packages/airflow/example_dags/example_bash_operator.py took 0.074 seconds
