[2023-02-01T00:00:03.387+0000] {processor.py:154} INFO - Started process (PID=1486) to work on /opt/airflow/dags/group_dag.py
[2023-02-01T00:00:03.387+0000] {processor.py:756} INFO - Processing file /opt/airflow/dags/group_dag.py for tasks to queue
[2023-02-01T00:00:03.388+0000] {logging_mixin.py:120} INFO - [2023-02-01T00:00:03.387+0000] {dagbag.py:537} INFO - Filling up the DagBag from /opt/airflow/dags/group_dag.py
[2023-02-01T00:00:03.408+0000] {processor.py:766} INFO - DAG(s) dict_keys(['group_dag.downloads', 'group_dag']) retrieved from /opt/airflow/dags/group_dag.py
[2023-02-01T00:00:03.562+0000] {logging_mixin.py:120} INFO - [2023-02-01T00:00:03.562+0000] {dag.py:2585} INFO - Sync 2 DAGs
[2023-02-01T00:00:03.571+0000] {logging_mixin.py:120} INFO - [2023-02-01T00:00:03.571+0000] {dag.py:2606} INFO - Creating ORM DAG for group_dag.downloads
[2023-02-01T00:00:03.578+0000] {logging_mixin.py:120} INFO - [2023-02-01T00:00:03.578+0000] {dag.py:3340} INFO - Setting next_dagrun for group_dag to 2023-01-31T00:00:00+00:00, run_after=2023-02-01T00:00:00+00:00
[2023-02-01T00:00:03.580+0000] {logging_mixin.py:120} INFO - [2023-02-01T00:00:03.580+0000] {dag.py:3340} INFO - Setting next_dagrun for group_dag.downloads to None, run_after=None
[2023-02-01T00:00:03.588+0000] {logging_mixin.py:120} INFO - [2023-02-01T00:00:03.588+0000] {dag.py:2585} INFO - Sync 1 DAGs
[2023-02-01T00:00:03.591+0000] {logging_mixin.py:120} INFO - [2023-02-01T00:00:03.591+0000] {dag.py:3340} INFO - Setting next_dagrun for group_dag.downloads to None, run_after=None
[2023-02-01T00:00:03.598+0000] {processor.py:176} INFO - Processing /opt/airflow/dags/group_dag.py took 0.214 seconds
[2023-02-01T00:00:33.699+0000] {processor.py:154} INFO - Started process (PID=1524) to work on /opt/airflow/dags/group_dag.py
[2023-02-01T00:00:33.701+0000] {processor.py:756} INFO - Processing file /opt/airflow/dags/group_dag.py for tasks to queue
[2023-02-01T00:00:33.701+0000] {logging_mixin.py:120} INFO - [2023-02-01T00:00:33.701+0000] {dagbag.py:537} INFO - Filling up the DagBag from /opt/airflow/dags/group_dag.py
[2023-02-01T00:00:33.725+0000] {processor.py:766} INFO - DAG(s) dict_keys(['group_dag.downloads', 'group_dag']) retrieved from /opt/airflow/dags/group_dag.py
[2023-02-01T00:00:33.881+0000] {logging_mixin.py:120} INFO - [2023-02-01T00:00:33.880+0000] {dag.py:2585} INFO - Sync 2 DAGs
[2023-02-01T00:00:33.901+0000] {logging_mixin.py:120} INFO - [2023-02-01T00:00:33.900+0000] {dag.py:3340} INFO - Setting next_dagrun for group_dag to 2023-01-31T00:00:00+00:00, run_after=2023-02-01T00:00:00+00:00
[2023-02-01T00:00:33.903+0000] {logging_mixin.py:120} INFO - [2023-02-01T00:00:33.903+0000] {dag.py:3340} INFO - Setting next_dagrun for group_dag.downloads to None, run_after=None
[2023-02-01T00:00:33.908+0000] {logging_mixin.py:120} INFO - [2023-02-01T00:00:33.908+0000] {dag.py:2585} INFO - Sync 1 DAGs
[2023-02-01T00:00:33.913+0000] {logging_mixin.py:120} INFO - [2023-02-01T00:00:33.912+0000] {dag.py:3340} INFO - Setting next_dagrun for group_dag.downloads to None, run_after=None
[2023-02-01T00:00:33.922+0000] {processor.py:176} INFO - Processing /opt/airflow/dags/group_dag.py took 0.226 seconds
[2023-02-01T00:01:03.978+0000] {processor.py:154} INFO - Started process (PID=1558) to work on /opt/airflow/dags/group_dag.py
[2023-02-01T00:01:03.980+0000] {processor.py:756} INFO - Processing file /opt/airflow/dags/group_dag.py for tasks to queue
[2023-02-01T00:01:03.980+0000] {logging_mixin.py:120} INFO - [2023-02-01T00:01:03.980+0000] {dagbag.py:537} INFO - Filling up the DagBag from /opt/airflow/dags/group_dag.py
[2023-02-01T00:01:04.001+0000] {processor.py:766} INFO - DAG(s) dict_keys(['group_dag.downloads', 'group_dag']) retrieved from /opt/airflow/dags/group_dag.py
[2023-02-01T00:01:04.138+0000] {logging_mixin.py:120} INFO - [2023-02-01T00:01:04.137+0000] {dag.py:2585} INFO - Sync 2 DAGs
[2023-02-01T00:01:04.155+0000] {logging_mixin.py:120} INFO - [2023-02-01T00:01:04.155+0000] {dag.py:3340} INFO - Setting next_dagrun for group_dag to 2023-01-31T00:00:00+00:00, run_after=2023-02-01T00:00:00+00:00
[2023-02-01T00:01:04.157+0000] {logging_mixin.py:120} INFO - [2023-02-01T00:01:04.157+0000] {dag.py:3340} INFO - Setting next_dagrun for group_dag.downloads to None, run_after=None
[2023-02-01T00:01:04.160+0000] {logging_mixin.py:120} INFO - [2023-02-01T00:01:04.160+0000] {dag.py:2585} INFO - Sync 1 DAGs
[2023-02-01T00:01:04.163+0000] {logging_mixin.py:120} INFO - [2023-02-01T00:01:04.163+0000] {dag.py:3340} INFO - Setting next_dagrun for group_dag.downloads to None, run_after=None
[2023-02-01T00:01:04.171+0000] {processor.py:176} INFO - Processing /opt/airflow/dags/group_dag.py took 0.195 seconds
[2023-02-01T00:01:34.418+0000] {processor.py:154} INFO - Started process (PID=1583) to work on /opt/airflow/dags/group_dag.py
[2023-02-01T00:01:34.420+0000] {processor.py:756} INFO - Processing file /opt/airflow/dags/group_dag.py for tasks to queue
[2023-02-01T00:01:34.422+0000] {logging_mixin.py:120} INFO - [2023-02-01T00:01:34.421+0000] {dagbag.py:537} INFO - Filling up the DagBag from /opt/airflow/dags/group_dag.py
[2023-02-01T00:01:34.446+0000] {processor.py:766} INFO - DAG(s) dict_keys(['group_dag.downloads', 'group_dag']) retrieved from /opt/airflow/dags/group_dag.py
[2023-02-01T00:01:34.566+0000] {logging_mixin.py:120} INFO - [2023-02-01T00:01:34.566+0000] {dag.py:2585} INFO - Sync 2 DAGs
[2023-02-01T00:01:34.583+0000] {logging_mixin.py:120} INFO - [2023-02-01T00:01:34.583+0000] {dag.py:3340} INFO - Setting next_dagrun for group_dag to 2023-01-31T00:00:00+00:00, run_after=2023-02-01T00:00:00+00:00
[2023-02-01T00:01:34.585+0000] {logging_mixin.py:120} INFO - [2023-02-01T00:01:34.584+0000] {dag.py:3340} INFO - Setting next_dagrun for group_dag.downloads to None, run_after=None
[2023-02-01T00:01:34.588+0000] {logging_mixin.py:120} INFO - [2023-02-01T00:01:34.588+0000] {dag.py:2585} INFO - Sync 1 DAGs
[2023-02-01T00:01:34.591+0000] {logging_mixin.py:120} INFO - [2023-02-01T00:01:34.591+0000] {dag.py:3340} INFO - Setting next_dagrun for group_dag.downloads to None, run_after=None
[2023-02-01T00:01:34.601+0000] {processor.py:176} INFO - Processing /opt/airflow/dags/group_dag.py took 0.188 seconds
[2023-02-01T00:02:04.693+0000] {processor.py:154} INFO - Started process (PID=1621) to work on /opt/airflow/dags/group_dag.py
[2023-02-01T00:02:04.695+0000] {processor.py:756} INFO - Processing file /opt/airflow/dags/group_dag.py for tasks to queue
[2023-02-01T00:02:04.696+0000] {logging_mixin.py:120} INFO - [2023-02-01T00:02:04.696+0000] {dagbag.py:537} INFO - Filling up the DagBag from /opt/airflow/dags/group_dag.py
[2023-02-01T00:02:04.720+0000] {processor.py:766} INFO - DAG(s) dict_keys(['group_dag.downloads', 'group_dag']) retrieved from /opt/airflow/dags/group_dag.py
[2023-02-01T00:02:04.853+0000] {logging_mixin.py:120} INFO - [2023-02-01T00:02:04.853+0000] {dag.py:2585} INFO - Sync 2 DAGs
[2023-02-01T00:02:04.870+0000] {logging_mixin.py:120} INFO - [2023-02-01T00:02:04.870+0000] {dag.py:3340} INFO - Setting next_dagrun for group_dag to 2023-02-01T00:00:00+00:00, run_after=2023-02-02T00:00:00+00:00
[2023-02-01T00:02:04.872+0000] {logging_mixin.py:120} INFO - [2023-02-01T00:02:04.872+0000] {dag.py:3340} INFO - Setting next_dagrun for group_dag.downloads to None, run_after=None
[2023-02-01T00:02:04.876+0000] {logging_mixin.py:120} INFO - [2023-02-01T00:02:04.876+0000] {dag.py:2585} INFO - Sync 1 DAGs
[2023-02-01T00:02:04.879+0000] {logging_mixin.py:120} INFO - [2023-02-01T00:02:04.879+0000] {dag.py:3340} INFO - Setting next_dagrun for group_dag.downloads to None, run_after=None
[2023-02-01T00:02:04.888+0000] {processor.py:176} INFO - Processing /opt/airflow/dags/group_dag.py took 0.200 seconds
[2023-02-01T00:02:34.960+0000] {processor.py:154} INFO - Started process (PID=1655) to work on /opt/airflow/dags/group_dag.py
[2023-02-01T00:02:34.961+0000] {processor.py:756} INFO - Processing file /opt/airflow/dags/group_dag.py for tasks to queue
[2023-02-01T00:02:34.961+0000] {logging_mixin.py:120} INFO - [2023-02-01T00:02:34.961+0000] {dagbag.py:537} INFO - Filling up the DagBag from /opt/airflow/dags/group_dag.py
[2023-02-01T00:02:34.982+0000] {processor.py:766} INFO - DAG(s) dict_keys(['group_dag.downloads', 'group_dag']) retrieved from /opt/airflow/dags/group_dag.py
[2023-02-01T00:02:35.108+0000] {logging_mixin.py:120} INFO - [2023-02-01T00:02:35.108+0000] {dag.py:2585} INFO - Sync 2 DAGs
[2023-02-01T00:02:35.124+0000] {logging_mixin.py:120} INFO - [2023-02-01T00:02:35.124+0000] {dag.py:3340} INFO - Setting next_dagrun for group_dag to 2023-02-01T00:00:00+00:00, run_after=2023-02-02T00:00:00+00:00
[2023-02-01T00:02:35.126+0000] {logging_mixin.py:120} INFO - [2023-02-01T00:02:35.126+0000] {dag.py:3340} INFO - Setting next_dagrun for group_dag.downloads to None, run_after=None
[2023-02-01T00:02:35.129+0000] {logging_mixin.py:120} INFO - [2023-02-01T00:02:35.129+0000] {dag.py:2585} INFO - Sync 1 DAGs
[2023-02-01T00:02:35.133+0000] {logging_mixin.py:120} INFO - [2023-02-01T00:02:35.133+0000] {dag.py:3340} INFO - Setting next_dagrun for group_dag.downloads to None, run_after=None
[2023-02-01T00:02:35.142+0000] {processor.py:176} INFO - Processing /opt/airflow/dags/group_dag.py took 0.185 seconds
[2023-02-01T00:03:05.213+0000] {processor.py:154} INFO - Started process (PID=1690) to work on /opt/airflow/dags/group_dag.py
[2023-02-01T00:03:05.213+0000] {processor.py:756} INFO - Processing file /opt/airflow/dags/group_dag.py for tasks to queue
[2023-02-01T00:03:05.214+0000] {logging_mixin.py:120} INFO - [2023-02-01T00:03:05.214+0000] {dagbag.py:537} INFO - Filling up the DagBag from /opt/airflow/dags/group_dag.py
[2023-02-01T00:03:05.233+0000] {processor.py:766} INFO - DAG(s) dict_keys(['group_dag.downloads', 'group_dag']) retrieved from /opt/airflow/dags/group_dag.py
[2023-02-01T00:03:05.354+0000] {logging_mixin.py:120} INFO - [2023-02-01T00:03:05.354+0000] {dag.py:2585} INFO - Sync 2 DAGs
[2023-02-01T00:03:05.370+0000] {logging_mixin.py:120} INFO - [2023-02-01T00:03:05.370+0000] {dag.py:3340} INFO - Setting next_dagrun for group_dag to 2023-02-01T00:00:00+00:00, run_after=2023-02-02T00:00:00+00:00
[2023-02-01T00:03:05.372+0000] {logging_mixin.py:120} INFO - [2023-02-01T00:03:05.372+0000] {dag.py:3340} INFO - Setting next_dagrun for group_dag.downloads to None, run_after=None
[2023-02-01T00:03:05.376+0000] {logging_mixin.py:120} INFO - [2023-02-01T00:03:05.376+0000] {dag.py:2585} INFO - Sync 1 DAGs
[2023-02-01T00:03:05.379+0000] {logging_mixin.py:120} INFO - [2023-02-01T00:03:05.379+0000] {dag.py:3340} INFO - Setting next_dagrun for group_dag.downloads to None, run_after=None
[2023-02-01T00:03:05.389+0000] {processor.py:176} INFO - Processing /opt/airflow/dags/group_dag.py took 0.178 seconds
[2023-02-01T00:03:35.489+0000] {processor.py:154} INFO - Started process (PID=1712) to work on /opt/airflow/dags/group_dag.py
[2023-02-01T00:03:35.492+0000] {processor.py:756} INFO - Processing file /opt/airflow/dags/group_dag.py for tasks to queue
[2023-02-01T00:03:35.494+0000] {logging_mixin.py:120} INFO - [2023-02-01T00:03:35.493+0000] {dagbag.py:537} INFO - Filling up the DagBag from /opt/airflow/dags/group_dag.py
[2023-02-01T00:03:35.549+0000] {processor.py:766} INFO - DAG(s) dict_keys(['group_dag.downloads', 'group_dag']) retrieved from /opt/airflow/dags/group_dag.py
[2023-02-01T00:03:35.678+0000] {logging_mixin.py:120} INFO - [2023-02-01T00:03:35.678+0000] {dag.py:2585} INFO - Sync 2 DAGs
[2023-02-01T00:03:35.696+0000] {logging_mixin.py:120} INFO - [2023-02-01T00:03:35.695+0000] {dag.py:3340} INFO - Setting next_dagrun for group_dag to 2023-02-01T00:00:00+00:00, run_after=2023-02-02T00:00:00+00:00
[2023-02-01T00:03:35.698+0000] {logging_mixin.py:120} INFO - [2023-02-01T00:03:35.698+0000] {dag.py:3340} INFO - Setting next_dagrun for group_dag.downloads to None, run_after=None
[2023-02-01T00:03:35.702+0000] {logging_mixin.py:120} INFO - [2023-02-01T00:03:35.702+0000] {dag.py:2585} INFO - Sync 1 DAGs
[2023-02-01T00:03:35.706+0000] {logging_mixin.py:120} INFO - [2023-02-01T00:03:35.706+0000] {dag.py:3340} INFO - Setting next_dagrun for group_dag.downloads to None, run_after=None
[2023-02-01T00:03:35.715+0000] {processor.py:176} INFO - Processing /opt/airflow/dags/group_dag.py took 0.232 seconds
[2023-02-01T00:04:05.986+0000] {processor.py:154} INFO - Started process (PID=1746) to work on /opt/airflow/dags/group_dag.py
[2023-02-01T00:04:05.988+0000] {processor.py:756} INFO - Processing file /opt/airflow/dags/group_dag.py for tasks to queue
[2023-02-01T00:04:05.989+0000] {logging_mixin.py:120} INFO - [2023-02-01T00:04:05.989+0000] {dagbag.py:537} INFO - Filling up the DagBag from /opt/airflow/dags/group_dag.py
[2023-02-01T00:04:06.012+0000] {processor.py:766} INFO - DAG(s) dict_keys(['group_dag.downloads', 'group_dag']) retrieved from /opt/airflow/dags/group_dag.py
[2023-02-01T00:04:06.137+0000] {logging_mixin.py:120} INFO - [2023-02-01T00:04:06.137+0000] {dag.py:2585} INFO - Sync 2 DAGs
[2023-02-01T00:04:06.155+0000] {logging_mixin.py:120} INFO - [2023-02-01T00:04:06.155+0000] {dag.py:3340} INFO - Setting next_dagrun for group_dag to 2023-02-01T00:00:00+00:00, run_after=2023-02-02T00:00:00+00:00
[2023-02-01T00:04:06.157+0000] {logging_mixin.py:120} INFO - [2023-02-01T00:04:06.157+0000] {dag.py:3340} INFO - Setting next_dagrun for group_dag.downloads to None, run_after=None
[2023-02-01T00:04:06.161+0000] {logging_mixin.py:120} INFO - [2023-02-01T00:04:06.161+0000] {dag.py:2585} INFO - Sync 1 DAGs
[2023-02-01T00:04:06.164+0000] {logging_mixin.py:120} INFO - [2023-02-01T00:04:06.164+0000] {dag.py:3340} INFO - Setting next_dagrun for group_dag.downloads to None, run_after=None
[2023-02-01T00:04:06.173+0000] {processor.py:176} INFO - Processing /opt/airflow/dags/group_dag.py took 0.190 seconds
[2023-02-01T00:04:36.458+0000] {processor.py:154} INFO - Started process (PID=1780) to work on /opt/airflow/dags/group_dag.py
[2023-02-01T00:04:36.460+0000] {processor.py:756} INFO - Processing file /opt/airflow/dags/group_dag.py for tasks to queue
[2023-02-01T00:04:36.460+0000] {logging_mixin.py:120} INFO - [2023-02-01T00:04:36.460+0000] {dagbag.py:537} INFO - Filling up the DagBag from /opt/airflow/dags/group_dag.py
[2023-02-01T00:04:36.485+0000] {processor.py:766} INFO - DAG(s) dict_keys(['group_dag.downloads', 'group_dag']) retrieved from /opt/airflow/dags/group_dag.py
[2023-02-01T00:04:36.610+0000] {logging_mixin.py:120} INFO - [2023-02-01T00:04:36.610+0000] {dag.py:2585} INFO - Sync 2 DAGs
[2023-02-01T00:04:36.627+0000] {logging_mixin.py:120} INFO - [2023-02-01T00:04:36.627+0000] {dag.py:3340} INFO - Setting next_dagrun for group_dag to 2023-02-01T00:00:00+00:00, run_after=2023-02-02T00:00:00+00:00
[2023-02-01T00:04:36.629+0000] {logging_mixin.py:120} INFO - [2023-02-01T00:04:36.629+0000] {dag.py:3340} INFO - Setting next_dagrun for group_dag.downloads to None, run_after=None
[2023-02-01T00:04:36.633+0000] {logging_mixin.py:120} INFO - [2023-02-01T00:04:36.632+0000] {dag.py:2585} INFO - Sync 1 DAGs
[2023-02-01T00:04:36.636+0000] {logging_mixin.py:120} INFO - [2023-02-01T00:04:36.636+0000] {dag.py:3340} INFO - Setting next_dagrun for group_dag.downloads to None, run_after=None
[2023-02-01T00:04:36.646+0000] {processor.py:176} INFO - Processing /opt/airflow/dags/group_dag.py took 0.192 seconds
[2023-02-01T00:05:06.923+0000] {processor.py:154} INFO - Started process (PID=1813) to work on /opt/airflow/dags/group_dag.py
[2023-02-01T00:05:06.924+0000] {processor.py:756} INFO - Processing file /opt/airflow/dags/group_dag.py for tasks to queue
[2023-02-01T00:05:06.925+0000] {logging_mixin.py:120} INFO - [2023-02-01T00:05:06.924+0000] {dagbag.py:537} INFO - Filling up the DagBag from /opt/airflow/dags/group_dag.py
[2023-02-01T00:05:06.946+0000] {processor.py:766} INFO - DAG(s) dict_keys(['group_dag.downloads', 'group_dag']) retrieved from /opt/airflow/dags/group_dag.py
[2023-02-01T00:05:07.072+0000] {logging_mixin.py:120} INFO - [2023-02-01T00:05:07.072+0000] {dag.py:2585} INFO - Sync 2 DAGs
[2023-02-01T00:05:07.089+0000] {logging_mixin.py:120} INFO - [2023-02-01T00:05:07.089+0000] {dag.py:3340} INFO - Setting next_dagrun for group_dag to 2023-02-01T00:00:00+00:00, run_after=2023-02-02T00:00:00+00:00
[2023-02-01T00:05:07.091+0000] {logging_mixin.py:120} INFO - [2023-02-01T00:05:07.091+0000] {dag.py:3340} INFO - Setting next_dagrun for group_dag.downloads to None, run_after=None
[2023-02-01T00:05:07.095+0000] {logging_mixin.py:120} INFO - [2023-02-01T00:05:07.095+0000] {dag.py:2585} INFO - Sync 1 DAGs
[2023-02-01T00:05:07.099+0000] {logging_mixin.py:120} INFO - [2023-02-01T00:05:07.099+0000] {dag.py:3340} INFO - Setting next_dagrun for group_dag.downloads to None, run_after=None
[2023-02-01T00:05:07.110+0000] {processor.py:176} INFO - Processing /opt/airflow/dags/group_dag.py took 0.190 seconds
[2023-02-01T00:05:37.391+0000] {processor.py:154} INFO - Started process (PID=1847) to work on /opt/airflow/dags/group_dag.py
[2023-02-01T00:05:37.392+0000] {processor.py:756} INFO - Processing file /opt/airflow/dags/group_dag.py for tasks to queue
[2023-02-01T00:05:37.393+0000] {logging_mixin.py:120} INFO - [2023-02-01T00:05:37.393+0000] {dagbag.py:537} INFO - Filling up the DagBag from /opt/airflow/dags/group_dag.py
[2023-02-01T00:05:37.416+0000] {processor.py:766} INFO - DAG(s) dict_keys(['group_dag.downloads', 'group_dag']) retrieved from /opt/airflow/dags/group_dag.py
[2023-02-01T00:05:37.591+0000] {logging_mixin.py:120} INFO - [2023-02-01T00:05:37.591+0000] {dag.py:2585} INFO - Sync 2 DAGs
[2023-02-01T00:05:37.608+0000] {logging_mixin.py:120} INFO - [2023-02-01T00:05:37.608+0000] {dag.py:3340} INFO - Setting next_dagrun for group_dag to 2023-02-01T00:00:00+00:00, run_after=2023-02-02T00:00:00+00:00
[2023-02-01T00:05:37.610+0000] {logging_mixin.py:120} INFO - [2023-02-01T00:05:37.610+0000] {dag.py:3340} INFO - Setting next_dagrun for group_dag.downloads to None, run_after=None
[2023-02-01T00:05:37.614+0000] {logging_mixin.py:120} INFO - [2023-02-01T00:05:37.613+0000] {dag.py:2585} INFO - Sync 1 DAGs
[2023-02-01T00:05:37.617+0000] {logging_mixin.py:120} INFO - [2023-02-01T00:05:37.617+0000] {dag.py:3340} INFO - Setting next_dagrun for group_dag.downloads to None, run_after=None
[2023-02-01T00:05:37.625+0000] {processor.py:176} INFO - Processing /opt/airflow/dags/group_dag.py took 0.236 seconds
[2023-02-01T00:06:07.890+0000] {processor.py:154} INFO - Started process (PID=1872) to work on /opt/airflow/dags/group_dag.py
[2023-02-01T00:06:07.896+0000] {processor.py:756} INFO - Processing file /opt/airflow/dags/group_dag.py for tasks to queue
[2023-02-01T00:06:07.896+0000] {logging_mixin.py:120} INFO - [2023-02-01T00:06:07.896+0000] {dagbag.py:537} INFO - Filling up the DagBag from /opt/airflow/dags/group_dag.py
[2023-02-01T00:06:07.932+0000] {processor.py:766} INFO - DAG(s) dict_keys(['group_dag.downloads', 'group_dag']) retrieved from /opt/airflow/dags/group_dag.py
[2023-02-01T00:06:08.066+0000] {logging_mixin.py:120} INFO - [2023-02-01T00:06:08.066+0000] {dag.py:2585} INFO - Sync 2 DAGs
[2023-02-01T00:06:08.083+0000] {logging_mixin.py:120} INFO - [2023-02-01T00:06:08.083+0000] {dag.py:3340} INFO - Setting next_dagrun for group_dag to 2023-02-01T00:00:00+00:00, run_after=2023-02-02T00:00:00+00:00
[2023-02-01T00:06:08.085+0000] {logging_mixin.py:120} INFO - [2023-02-01T00:06:08.085+0000] {dag.py:3340} INFO - Setting next_dagrun for group_dag.downloads to None, run_after=None
[2023-02-01T00:06:08.088+0000] {logging_mixin.py:120} INFO - [2023-02-01T00:06:08.088+0000] {dag.py:2585} INFO - Sync 1 DAGs
[2023-02-01T00:06:08.092+0000] {logging_mixin.py:120} INFO - [2023-02-01T00:06:08.092+0000] {dag.py:3340} INFO - Setting next_dagrun for group_dag.downloads to None, run_after=None
[2023-02-01T00:06:08.100+0000] {processor.py:176} INFO - Processing /opt/airflow/dags/group_dag.py took 0.214 seconds
[2023-02-01T00:06:38.382+0000] {processor.py:154} INFO - Started process (PID=1906) to work on /opt/airflow/dags/group_dag.py
[2023-02-01T00:06:38.383+0000] {processor.py:756} INFO - Processing file /opt/airflow/dags/group_dag.py for tasks to queue
[2023-02-01T00:06:38.384+0000] {logging_mixin.py:120} INFO - [2023-02-01T00:06:38.383+0000] {dagbag.py:537} INFO - Filling up the DagBag from /opt/airflow/dags/group_dag.py
[2023-02-01T00:06:38.405+0000] {processor.py:766} INFO - DAG(s) dict_keys(['group_dag.downloads', 'group_dag']) retrieved from /opt/airflow/dags/group_dag.py
[2023-02-01T00:06:38.558+0000] {logging_mixin.py:120} INFO - [2023-02-01T00:06:38.558+0000] {dag.py:2585} INFO - Sync 2 DAGs
[2023-02-01T00:06:38.577+0000] {logging_mixin.py:120} INFO - [2023-02-01T00:06:38.577+0000] {dag.py:3340} INFO - Setting next_dagrun for group_dag to 2023-02-01T00:00:00+00:00, run_after=2023-02-02T00:00:00+00:00
[2023-02-01T00:06:38.580+0000] {logging_mixin.py:120} INFO - [2023-02-01T00:06:38.579+0000] {dag.py:3340} INFO - Setting next_dagrun for group_dag.downloads to None, run_after=None
[2023-02-01T00:06:38.584+0000] {logging_mixin.py:120} INFO - [2023-02-01T00:06:38.584+0000] {dag.py:2585} INFO - Sync 1 DAGs
[2023-02-01T00:06:38.589+0000] {logging_mixin.py:120} INFO - [2023-02-01T00:06:38.588+0000] {dag.py:3340} INFO - Setting next_dagrun for group_dag.downloads to None, run_after=None
[2023-02-01T00:06:38.596+0000] {processor.py:176} INFO - Processing /opt/airflow/dags/group_dag.py took 0.216 seconds
[2023-02-01T00:07:08.889+0000] {processor.py:154} INFO - Started process (PID=1941) to work on /opt/airflow/dags/group_dag.py
[2023-02-01T00:07:08.890+0000] {processor.py:756} INFO - Processing file /opt/airflow/dags/group_dag.py for tasks to queue
[2023-02-01T00:07:08.890+0000] {logging_mixin.py:120} INFO - [2023-02-01T00:07:08.890+0000] {dagbag.py:537} INFO - Filling up the DagBag from /opt/airflow/dags/group_dag.py
[2023-02-01T00:07:08.943+0000] {processor.py:766} INFO - DAG(s) dict_keys(['group_dag.downloads', 'group_dag']) retrieved from /opt/airflow/dags/group_dag.py
[2023-02-01T00:07:09.083+0000] {logging_mixin.py:120} INFO - [2023-02-01T00:07:09.083+0000] {dag.py:2585} INFO - Sync 2 DAGs
[2023-02-01T00:07:09.100+0000] {logging_mixin.py:120} INFO - [2023-02-01T00:07:09.100+0000] {dag.py:3340} INFO - Setting next_dagrun for group_dag to 2023-02-01T00:00:00+00:00, run_after=2023-02-02T00:00:00+00:00
[2023-02-01T00:07:09.103+0000] {logging_mixin.py:120} INFO - [2023-02-01T00:07:09.103+0000] {dag.py:3340} INFO - Setting next_dagrun for group_dag.downloads to None, run_after=None
[2023-02-01T00:07:09.107+0000] {logging_mixin.py:120} INFO - [2023-02-01T00:07:09.107+0000] {dag.py:2585} INFO - Sync 1 DAGs
[2023-02-01T00:07:09.111+0000] {logging_mixin.py:120} INFO - [2023-02-01T00:07:09.111+0000] {dag.py:3340} INFO - Setting next_dagrun for group_dag.downloads to None, run_after=None
[2023-02-01T00:07:09.120+0000] {processor.py:176} INFO - Processing /opt/airflow/dags/group_dag.py took 0.233 seconds
[2023-02-01T00:07:39.424+0000] {processor.py:154} INFO - Started process (PID=1976) to work on /opt/airflow/dags/group_dag.py
[2023-02-01T00:07:39.426+0000] {processor.py:756} INFO - Processing file /opt/airflow/dags/group_dag.py for tasks to queue
[2023-02-01T00:07:39.427+0000] {logging_mixin.py:120} INFO - [2023-02-01T00:07:39.427+0000] {dagbag.py:537} INFO - Filling up the DagBag from /opt/airflow/dags/group_dag.py
[2023-02-01T00:07:39.455+0000] {processor.py:766} INFO - DAG(s) dict_keys(['group_dag.downloads', 'group_dag']) retrieved from /opt/airflow/dags/group_dag.py
[2023-02-01T00:07:39.588+0000] {logging_mixin.py:120} INFO - [2023-02-01T00:07:39.588+0000] {dag.py:2585} INFO - Sync 2 DAGs
[2023-02-01T00:07:39.605+0000] {logging_mixin.py:120} INFO - [2023-02-01T00:07:39.605+0000] {dag.py:3340} INFO - Setting next_dagrun for group_dag to 2023-02-01T00:00:00+00:00, run_after=2023-02-02T00:00:00+00:00
[2023-02-01T00:07:39.608+0000] {logging_mixin.py:120} INFO - [2023-02-01T00:07:39.608+0000] {dag.py:3340} INFO - Setting next_dagrun for group_dag.downloads to None, run_after=None
[2023-02-01T00:07:39.612+0000] {logging_mixin.py:120} INFO - [2023-02-01T00:07:39.611+0000] {dag.py:2585} INFO - Sync 1 DAGs
[2023-02-01T00:07:39.616+0000] {logging_mixin.py:120} INFO - [2023-02-01T00:07:39.616+0000] {dag.py:3340} INFO - Setting next_dagrun for group_dag.downloads to None, run_after=None
[2023-02-01T00:07:39.624+0000] {processor.py:176} INFO - Processing /opt/airflow/dags/group_dag.py took 0.203 seconds
[2023-02-01T00:08:09.917+0000] {processor.py:154} INFO - Started process (PID=2002) to work on /opt/airflow/dags/group_dag.py
[2023-02-01T00:08:09.920+0000] {processor.py:756} INFO - Processing file /opt/airflow/dags/group_dag.py for tasks to queue
[2023-02-01T00:08:09.920+0000] {logging_mixin.py:120} INFO - [2023-02-01T00:08:09.920+0000] {dagbag.py:537} INFO - Filling up the DagBag from /opt/airflow/dags/group_dag.py
[2023-02-01T00:08:09.971+0000] {processor.py:766} INFO - DAG(s) dict_keys(['group_dag.downloads', 'group_dag']) retrieved from /opt/airflow/dags/group_dag.py
[2023-02-01T00:08:10.101+0000] {logging_mixin.py:120} INFO - [2023-02-01T00:08:10.100+0000] {dag.py:2585} INFO - Sync 2 DAGs
[2023-02-01T00:08:10.118+0000] {logging_mixin.py:120} INFO - [2023-02-01T00:08:10.118+0000] {dag.py:3340} INFO - Setting next_dagrun for group_dag to 2023-02-01T00:00:00+00:00, run_after=2023-02-02T00:00:00+00:00
[2023-02-01T00:08:10.120+0000] {logging_mixin.py:120} INFO - [2023-02-01T00:08:10.120+0000] {dag.py:3340} INFO - Setting next_dagrun for group_dag.downloads to None, run_after=None
[2023-02-01T00:08:10.124+0000] {logging_mixin.py:120} INFO - [2023-02-01T00:08:10.124+0000] {dag.py:2585} INFO - Sync 1 DAGs
[2023-02-01T00:08:10.128+0000] {logging_mixin.py:120} INFO - [2023-02-01T00:08:10.128+0000] {dag.py:3340} INFO - Setting next_dagrun for group_dag.downloads to None, run_after=None
[2023-02-01T00:08:10.136+0000] {processor.py:176} INFO - Processing /opt/airflow/dags/group_dag.py took 0.221 seconds
[2023-02-01T00:08:40.359+0000] {processor.py:154} INFO - Started process (PID=2037) to work on /opt/airflow/dags/group_dag.py
[2023-02-01T00:08:40.360+0000] {processor.py:756} INFO - Processing file /opt/airflow/dags/group_dag.py for tasks to queue
[2023-02-01T00:08:40.361+0000] {logging_mixin.py:120} INFO - [2023-02-01T00:08:40.360+0000] {dagbag.py:537} INFO - Filling up the DagBag from /opt/airflow/dags/group_dag.py
[2023-02-01T00:08:40.384+0000] {processor.py:766} INFO - DAG(s) dict_keys(['group_dag.downloads', 'group_dag']) retrieved from /opt/airflow/dags/group_dag.py
[2023-02-01T00:08:40.522+0000] {logging_mixin.py:120} INFO - [2023-02-01T00:08:40.522+0000] {dag.py:2585} INFO - Sync 2 DAGs
[2023-02-01T00:08:40.546+0000] {logging_mixin.py:120} INFO - [2023-02-01T00:08:40.546+0000] {dag.py:3340} INFO - Setting next_dagrun for group_dag to 2023-02-01T00:00:00+00:00, run_after=2023-02-02T00:00:00+00:00
[2023-02-01T00:08:40.548+0000] {logging_mixin.py:120} INFO - [2023-02-01T00:08:40.548+0000] {dag.py:3340} INFO - Setting next_dagrun for group_dag.downloads to None, run_after=None
[2023-02-01T00:08:40.552+0000] {logging_mixin.py:120} INFO - [2023-02-01T00:08:40.552+0000] {dag.py:2585} INFO - Sync 1 DAGs
[2023-02-01T00:08:40.555+0000] {logging_mixin.py:120} INFO - [2023-02-01T00:08:40.555+0000] {dag.py:3340} INFO - Setting next_dagrun for group_dag.downloads to None, run_after=None
[2023-02-01T00:08:40.563+0000] {processor.py:176} INFO - Processing /opt/airflow/dags/group_dag.py took 0.209 seconds
[2023-02-01T00:08:51.645+0000] {processor.py:154} INFO - Started process (PID=2051) to work on /opt/airflow/dags/group_dag.py
[2023-02-01T00:08:51.646+0000] {processor.py:756} INFO - Processing file /opt/airflow/dags/group_dag.py for tasks to queue
[2023-02-01T00:08:51.647+0000] {logging_mixin.py:120} INFO - [2023-02-01T00:08:51.646+0000] {dagbag.py:537} INFO - Filling up the DagBag from /opt/airflow/dags/group_dag.py
[2023-02-01T00:08:51.670+0000] {processor.py:766} INFO - DAG(s) dict_keys(['group_dag.downloads', 'group_dag.transforms', 'group_dag']) retrieved from /opt/airflow/dags/group_dag.py
[2023-02-01T00:08:51.820+0000] {logging_mixin.py:120} INFO - [2023-02-01T00:08:51.820+0000] {dag.py:2585} INFO - Sync 3 DAGs
[2023-02-01T00:08:51.829+0000] {logging_mixin.py:120} INFO - [2023-02-01T00:08:51.829+0000] {dag.py:2606} INFO - Creating ORM DAG for group_dag.transforms
[2023-02-01T00:08:51.837+0000] {logging_mixin.py:120} INFO - [2023-02-01T00:08:51.837+0000] {dag.py:3340} INFO - Setting next_dagrun for group_dag to 2023-02-01T00:00:00+00:00, run_after=2023-02-02T00:00:00+00:00
[2023-02-01T00:08:51.839+0000] {logging_mixin.py:120} INFO - [2023-02-01T00:08:51.839+0000] {dag.py:3340} INFO - Setting next_dagrun for group_dag.downloads to None, run_after=None
[2023-02-01T00:08:51.840+0000] {logging_mixin.py:120} INFO - [2023-02-01T00:08:51.840+0000] {dag.py:3340} INFO - Setting next_dagrun for group_dag.transforms to None, run_after=None
[2023-02-01T00:08:51.847+0000] {logging_mixin.py:120} INFO - [2023-02-01T00:08:51.847+0000] {dag.py:2585} INFO - Sync 2 DAGs
[2023-02-01T00:08:51.850+0000] {logging_mixin.py:120} INFO - [2023-02-01T00:08:51.850+0000] {dag.py:3340} INFO - Setting next_dagrun for group_dag.downloads to None, run_after=None
[2023-02-01T00:08:51.851+0000] {logging_mixin.py:120} INFO - [2023-02-01T00:08:51.850+0000] {dag.py:3340} INFO - Setting next_dagrun for group_dag.transforms to None, run_after=None
[2023-02-01T00:08:51.859+0000] {processor.py:176} INFO - Processing /opt/airflow/dags/group_dag.py took 0.216 seconds
[2023-02-01T00:09:21.942+0000] {processor.py:154} INFO - Started process (PID=2086) to work on /opt/airflow/dags/group_dag.py
[2023-02-01T00:09:21.943+0000] {processor.py:756} INFO - Processing file /opt/airflow/dags/group_dag.py for tasks to queue
[2023-02-01T00:09:21.944+0000] {logging_mixin.py:120} INFO - [2023-02-01T00:09:21.944+0000] {dagbag.py:537} INFO - Filling up the DagBag from /opt/airflow/dags/group_dag.py
[2023-02-01T00:09:21.972+0000] {processor.py:766} INFO - DAG(s) dict_keys(['group_dag.transforms', 'group_dag.downloads', 'group_dag']) retrieved from /opt/airflow/dags/group_dag.py
[2023-02-01T00:09:22.105+0000] {logging_mixin.py:120} INFO - [2023-02-01T00:09:22.104+0000] {dag.py:2585} INFO - Sync 3 DAGs
[2023-02-01T00:09:22.123+0000] {logging_mixin.py:120} INFO - [2023-02-01T00:09:22.123+0000] {dag.py:3340} INFO - Setting next_dagrun for group_dag to 2023-02-01T00:00:00+00:00, run_after=2023-02-02T00:00:00+00:00
[2023-02-01T00:09:22.125+0000] {logging_mixin.py:120} INFO - [2023-02-01T00:09:22.125+0000] {dag.py:3340} INFO - Setting next_dagrun for group_dag.downloads to None, run_after=None
[2023-02-01T00:09:22.126+0000] {logging_mixin.py:120} INFO - [2023-02-01T00:09:22.126+0000] {dag.py:3340} INFO - Setting next_dagrun for group_dag.transforms to None, run_after=None
[2023-02-01T00:09:22.130+0000] {logging_mixin.py:120} INFO - [2023-02-01T00:09:22.130+0000] {dag.py:2585} INFO - Sync 2 DAGs
[2023-02-01T00:09:22.134+0000] {logging_mixin.py:120} INFO - [2023-02-01T00:09:22.134+0000] {dag.py:3340} INFO - Setting next_dagrun for group_dag.downloads to None, run_after=None
[2023-02-01T00:09:22.134+0000] {logging_mixin.py:120} INFO - [2023-02-01T00:09:22.134+0000] {dag.py:3340} INFO - Setting next_dagrun for group_dag.transforms to None, run_after=None
[2023-02-01T00:09:22.143+0000] {processor.py:176} INFO - Processing /opt/airflow/dags/group_dag.py took 0.207 seconds
[2023-02-01T00:09:52.250+0000] {processor.py:154} INFO - Started process (PID=2120) to work on /opt/airflow/dags/group_dag.py
[2023-02-01T00:09:52.252+0000] {processor.py:756} INFO - Processing file /opt/airflow/dags/group_dag.py for tasks to queue
[2023-02-01T00:09:52.253+0000] {logging_mixin.py:120} INFO - [2023-02-01T00:09:52.253+0000] {dagbag.py:537} INFO - Filling up the DagBag from /opt/airflow/dags/group_dag.py
[2023-02-01T00:09:52.279+0000] {processor.py:766} INFO - DAG(s) dict_keys(['group_dag.transforms', 'group_dag.downloads', 'group_dag']) retrieved from /opt/airflow/dags/group_dag.py
[2023-02-01T00:09:52.401+0000] {logging_mixin.py:120} INFO - [2023-02-01T00:09:52.400+0000] {dag.py:2585} INFO - Sync 3 DAGs
[2023-02-01T00:09:52.417+0000] {logging_mixin.py:120} INFO - [2023-02-01T00:09:52.417+0000] {dag.py:3340} INFO - Setting next_dagrun for group_dag to 2023-02-01T00:00:00+00:00, run_after=2023-02-02T00:00:00+00:00
[2023-02-01T00:09:52.419+0000] {logging_mixin.py:120} INFO - [2023-02-01T00:09:52.419+0000] {dag.py:3340} INFO - Setting next_dagrun for group_dag.downloads to None, run_after=None
[2023-02-01T00:09:52.420+0000] {logging_mixin.py:120} INFO - [2023-02-01T00:09:52.420+0000] {dag.py:3340} INFO - Setting next_dagrun for group_dag.transforms to None, run_after=None
[2023-02-01T00:09:52.423+0000] {logging_mixin.py:120} INFO - [2023-02-01T00:09:52.423+0000] {dag.py:2585} INFO - Sync 2 DAGs
[2023-02-01T00:09:52.427+0000] {logging_mixin.py:120} INFO - [2023-02-01T00:09:52.427+0000] {dag.py:3340} INFO - Setting next_dagrun for group_dag.downloads to None, run_after=None
[2023-02-01T00:09:52.427+0000] {logging_mixin.py:120} INFO - [2023-02-01T00:09:52.427+0000] {dag.py:3340} INFO - Setting next_dagrun for group_dag.transforms to None, run_after=None
[2023-02-01T00:09:52.436+0000] {processor.py:176} INFO - Processing /opt/airflow/dags/group_dag.py took 0.191 seconds
[2023-02-01T00:10:22.554+0000] {processor.py:154} INFO - Started process (PID=2155) to work on /opt/airflow/dags/group_dag.py
[2023-02-01T00:10:22.554+0000] {processor.py:756} INFO - Processing file /opt/airflow/dags/group_dag.py for tasks to queue
[2023-02-01T00:10:22.554+0000] {logging_mixin.py:120} INFO - [2023-02-01T00:10:22.554+0000] {dagbag.py:537} INFO - Filling up the DagBag from /opt/airflow/dags/group_dag.py
[2023-02-01T00:10:22.580+0000] {processor.py:766} INFO - DAG(s) dict_keys(['group_dag.transforms', 'group_dag.downloads', 'group_dag']) retrieved from /opt/airflow/dags/group_dag.py
[2023-02-01T00:10:22.762+0000] {logging_mixin.py:120} INFO - [2023-02-01T00:10:22.761+0000] {dag.py:2585} INFO - Sync 3 DAGs
[2023-02-01T00:10:22.781+0000] {logging_mixin.py:120} INFO - [2023-02-01T00:10:22.781+0000] {dag.py:3340} INFO - Setting next_dagrun for group_dag to 2023-02-01T00:00:00+00:00, run_after=2023-02-02T00:00:00+00:00
[2023-02-01T00:10:22.783+0000] {logging_mixin.py:120} INFO - [2023-02-01T00:10:22.783+0000] {dag.py:3340} INFO - Setting next_dagrun for group_dag.downloads to None, run_after=None
[2023-02-01T00:10:22.784+0000] {logging_mixin.py:120} INFO - [2023-02-01T00:10:22.784+0000] {dag.py:3340} INFO - Setting next_dagrun for group_dag.transforms to None, run_after=None
[2023-02-01T00:10:22.788+0000] {logging_mixin.py:120} INFO - [2023-02-01T00:10:22.788+0000] {dag.py:2585} INFO - Sync 2 DAGs
[2023-02-01T00:10:22.792+0000] {logging_mixin.py:120} INFO - [2023-02-01T00:10:22.792+0000] {dag.py:3340} INFO - Setting next_dagrun for group_dag.downloads to None, run_after=None
[2023-02-01T00:10:22.792+0000] {logging_mixin.py:120} INFO - [2023-02-01T00:10:22.792+0000] {dag.py:3340} INFO - Setting next_dagrun for group_dag.transforms to None, run_after=None
[2023-02-01T00:10:22.800+0000] {processor.py:176} INFO - Processing /opt/airflow/dags/group_dag.py took 0.248 seconds
[2023-02-01T00:10:52.853+0000] {processor.py:154} INFO - Started process (PID=2181) to work on /opt/airflow/dags/group_dag.py
[2023-02-01T00:10:52.854+0000] {processor.py:756} INFO - Processing file /opt/airflow/dags/group_dag.py for tasks to queue
[2023-02-01T00:10:52.855+0000] {logging_mixin.py:120} INFO - [2023-02-01T00:10:52.855+0000] {dagbag.py:537} INFO - Filling up the DagBag from /opt/airflow/dags/group_dag.py
[2023-02-01T00:10:52.877+0000] {processor.py:766} INFO - DAG(s) dict_keys(['group_dag.transforms', 'group_dag.downloads', 'group_dag']) retrieved from /opt/airflow/dags/group_dag.py
[2023-02-01T00:10:53.041+0000] {logging_mixin.py:120} INFO - [2023-02-01T00:10:53.041+0000] {dag.py:2585} INFO - Sync 3 DAGs
[2023-02-01T00:10:53.070+0000] {logging_mixin.py:120} INFO - [2023-02-01T00:10:53.070+0000] {dag.py:3340} INFO - Setting next_dagrun for group_dag to 2023-02-01T00:00:00+00:00, run_after=2023-02-02T00:00:00+00:00
[2023-02-01T00:10:53.073+0000] {logging_mixin.py:120} INFO - [2023-02-01T00:10:53.073+0000] {dag.py:3340} INFO - Setting next_dagrun for group_dag.downloads to None, run_after=None
[2023-02-01T00:10:53.075+0000] {logging_mixin.py:120} INFO - [2023-02-01T00:10:53.075+0000] {dag.py:3340} INFO - Setting next_dagrun for group_dag.transforms to None, run_after=None
[2023-02-01T00:10:53.082+0000] {logging_mixin.py:120} INFO - [2023-02-01T00:10:53.082+0000] {dag.py:2585} INFO - Sync 2 DAGs
[2023-02-01T00:10:53.088+0000] {logging_mixin.py:120} INFO - [2023-02-01T00:10:53.088+0000] {dag.py:3340} INFO - Setting next_dagrun for group_dag.downloads to None, run_after=None
[2023-02-01T00:10:53.088+0000] {logging_mixin.py:120} INFO - [2023-02-01T00:10:53.088+0000] {dag.py:3340} INFO - Setting next_dagrun for group_dag.transforms to None, run_after=None
[2023-02-01T00:10:53.099+0000] {processor.py:176} INFO - Processing /opt/airflow/dags/group_dag.py took 0.248 seconds
[2023-02-01T00:11:23.158+0000] {processor.py:154} INFO - Started process (PID=2216) to work on /opt/airflow/dags/group_dag.py
[2023-02-01T00:11:23.159+0000] {processor.py:756} INFO - Processing file /opt/airflow/dags/group_dag.py for tasks to queue
[2023-02-01T00:11:23.160+0000] {logging_mixin.py:120} INFO - [2023-02-01T00:11:23.160+0000] {dagbag.py:537} INFO - Filling up the DagBag from /opt/airflow/dags/group_dag.py
[2023-02-01T00:11:23.181+0000] {processor.py:766} INFO - DAG(s) dict_keys(['group_dag.downloads', 'group_dag.transforms', 'group_dag']) retrieved from /opt/airflow/dags/group_dag.py
[2023-02-01T00:11:23.309+0000] {logging_mixin.py:120} INFO - [2023-02-01T00:11:23.308+0000] {dag.py:2585} INFO - Sync 3 DAGs
[2023-02-01T00:11:23.325+0000] {logging_mixin.py:120} INFO - [2023-02-01T00:11:23.325+0000] {dag.py:3340} INFO - Setting next_dagrun for group_dag to 2023-02-01T00:00:00+00:00, run_after=2023-02-02T00:00:00+00:00
[2023-02-01T00:11:23.327+0000] {logging_mixin.py:120} INFO - [2023-02-01T00:11:23.327+0000] {dag.py:3340} INFO - Setting next_dagrun for group_dag.downloads to None, run_after=None
[2023-02-01T00:11:23.328+0000] {logging_mixin.py:120} INFO - [2023-02-01T00:11:23.328+0000] {dag.py:3340} INFO - Setting next_dagrun for group_dag.transforms to None, run_after=None
[2023-02-01T00:11:23.333+0000] {logging_mixin.py:120} INFO - [2023-02-01T00:11:23.333+0000] {dag.py:2585} INFO - Sync 2 DAGs
[2023-02-01T00:11:23.337+0000] {logging_mixin.py:120} INFO - [2023-02-01T00:11:23.337+0000] {dag.py:3340} INFO - Setting next_dagrun for group_dag.downloads to None, run_after=None
[2023-02-01T00:11:23.337+0000] {logging_mixin.py:120} INFO - [2023-02-01T00:11:23.337+0000] {dag.py:3340} INFO - Setting next_dagrun for group_dag.transforms to None, run_after=None
[2023-02-01T00:11:23.344+0000] {processor.py:176} INFO - Processing /opt/airflow/dags/group_dag.py took 0.188 seconds
[2023-02-01T00:11:53.466+0000] {processor.py:154} INFO - Started process (PID=2251) to work on /opt/airflow/dags/group_dag.py
[2023-02-01T00:11:53.468+0000] {processor.py:756} INFO - Processing file /opt/airflow/dags/group_dag.py for tasks to queue
[2023-02-01T00:11:53.469+0000] {logging_mixin.py:120} INFO - [2023-02-01T00:11:53.468+0000] {dagbag.py:537} INFO - Filling up the DagBag from /opt/airflow/dags/group_dag.py
[2023-02-01T00:11:53.538+0000] {processor.py:766} INFO - DAG(s) dict_keys(['group_dag.downloads', 'group_dag.transforms', 'group_dag']) retrieved from /opt/airflow/dags/group_dag.py
[2023-02-01T00:11:53.697+0000] {logging_mixin.py:120} INFO - [2023-02-01T00:11:53.697+0000] {dag.py:2585} INFO - Sync 3 DAGs
[2023-02-01T00:11:53.716+0000] {logging_mixin.py:120} INFO - [2023-02-01T00:11:53.716+0000] {dag.py:3340} INFO - Setting next_dagrun for group_dag to 2023-02-01T00:00:00+00:00, run_after=2023-02-02T00:00:00+00:00
[2023-02-01T00:11:53.719+0000] {logging_mixin.py:120} INFO - [2023-02-01T00:11:53.718+0000] {dag.py:3340} INFO - Setting next_dagrun for group_dag.downloads to None, run_after=None
[2023-02-01T00:11:53.719+0000] {logging_mixin.py:120} INFO - [2023-02-01T00:11:53.719+0000] {dag.py:3340} INFO - Setting next_dagrun for group_dag.transforms to None, run_after=None
[2023-02-01T00:11:53.724+0000] {logging_mixin.py:120} INFO - [2023-02-01T00:11:53.724+0000] {dag.py:2585} INFO - Sync 2 DAGs
[2023-02-01T00:11:53.727+0000] {logging_mixin.py:120} INFO - [2023-02-01T00:11:53.727+0000] {dag.py:3340} INFO - Setting next_dagrun for group_dag.downloads to None, run_after=None
[2023-02-01T00:11:53.728+0000] {logging_mixin.py:120} INFO - [2023-02-01T00:11:53.728+0000] {dag.py:3340} INFO - Setting next_dagrun for group_dag.transforms to None, run_after=None
[2023-02-01T00:11:53.735+0000] {processor.py:176} INFO - Processing /opt/airflow/dags/group_dag.py took 0.270 seconds
[2023-02-01T00:12:23.859+0000] {processor.py:154} INFO - Started process (PID=2286) to work on /opt/airflow/dags/group_dag.py
[2023-02-01T00:12:23.862+0000] {processor.py:756} INFO - Processing file /opt/airflow/dags/group_dag.py for tasks to queue
[2023-02-01T00:12:23.863+0000] {logging_mixin.py:120} INFO - [2023-02-01T00:12:23.862+0000] {dagbag.py:537} INFO - Filling up the DagBag from /opt/airflow/dags/group_dag.py
[2023-02-01T00:12:23.887+0000] {processor.py:766} INFO - DAG(s) dict_keys(['group_dag.downloads', 'group_dag.transforms', 'group_dag']) retrieved from /opt/airflow/dags/group_dag.py
[2023-02-01T00:12:24.022+0000] {logging_mixin.py:120} INFO - [2023-02-01T00:12:24.022+0000] {dag.py:2585} INFO - Sync 3 DAGs
[2023-02-01T00:12:24.044+0000] {logging_mixin.py:120} INFO - [2023-02-01T00:12:24.044+0000] {dag.py:3340} INFO - Setting next_dagrun for group_dag to 2023-02-01T00:00:00+00:00, run_after=2023-02-02T00:00:00+00:00
[2023-02-01T00:12:24.046+0000] {logging_mixin.py:120} INFO - [2023-02-01T00:12:24.046+0000] {dag.py:3340} INFO - Setting next_dagrun for group_dag.downloads to None, run_after=None
[2023-02-01T00:12:24.047+0000] {logging_mixin.py:120} INFO - [2023-02-01T00:12:24.047+0000] {dag.py:3340} INFO - Setting next_dagrun for group_dag.transforms to None, run_after=None
[2023-02-01T00:12:24.052+0000] {logging_mixin.py:120} INFO - [2023-02-01T00:12:24.052+0000] {dag.py:2585} INFO - Sync 2 DAGs
[2023-02-01T00:12:24.055+0000] {logging_mixin.py:120} INFO - [2023-02-01T00:12:24.055+0000] {dag.py:3340} INFO - Setting next_dagrun for group_dag.downloads to None, run_after=None
[2023-02-01T00:12:24.056+0000] {logging_mixin.py:120} INFO - [2023-02-01T00:12:24.056+0000] {dag.py:3340} INFO - Setting next_dagrun for group_dag.transforms to None, run_after=None
[2023-02-01T00:12:24.064+0000] {processor.py:176} INFO - Processing /opt/airflow/dags/group_dag.py took 0.212 seconds
[2023-02-01T00:12:54.237+0000] {processor.py:154} INFO - Started process (PID=2312) to work on /opt/airflow/dags/group_dag.py
[2023-02-01T00:12:54.239+0000] {processor.py:756} INFO - Processing file /opt/airflow/dags/group_dag.py for tasks to queue
[2023-02-01T00:12:54.240+0000] {logging_mixin.py:120} INFO - [2023-02-01T00:12:54.240+0000] {dagbag.py:537} INFO - Filling up the DagBag from /opt/airflow/dags/group_dag.py
[2023-02-01T00:12:54.265+0000] {processor.py:766} INFO - DAG(s) dict_keys(['group_dag.downloads', 'group_dag.transforms', 'group_dag']) retrieved from /opt/airflow/dags/group_dag.py
[2023-02-01T00:12:54.392+0000] {logging_mixin.py:120} INFO - [2023-02-01T00:12:54.392+0000] {dag.py:2585} INFO - Sync 3 DAGs
[2023-02-01T00:12:54.409+0000] {logging_mixin.py:120} INFO - [2023-02-01T00:12:54.409+0000] {dag.py:3340} INFO - Setting next_dagrun for group_dag to 2023-02-01T00:00:00+00:00, run_after=2023-02-02T00:00:00+00:00
[2023-02-01T00:12:54.412+0000] {logging_mixin.py:120} INFO - [2023-02-01T00:12:54.412+0000] {dag.py:3340} INFO - Setting next_dagrun for group_dag.downloads to None, run_after=None
[2023-02-01T00:12:54.413+0000] {logging_mixin.py:120} INFO - [2023-02-01T00:12:54.413+0000] {dag.py:3340} INFO - Setting next_dagrun for group_dag.transforms to None, run_after=None
[2023-02-01T00:12:54.418+0000] {logging_mixin.py:120} INFO - [2023-02-01T00:12:54.418+0000] {dag.py:2585} INFO - Sync 2 DAGs
[2023-02-01T00:12:54.421+0000] {logging_mixin.py:120} INFO - [2023-02-01T00:12:54.421+0000] {dag.py:3340} INFO - Setting next_dagrun for group_dag.downloads to None, run_after=None
[2023-02-01T00:12:54.421+0000] {logging_mixin.py:120} INFO - [2023-02-01T00:12:54.421+0000] {dag.py:3340} INFO - Setting next_dagrun for group_dag.transforms to None, run_after=None
[2023-02-01T00:12:54.431+0000] {processor.py:176} INFO - Processing /opt/airflow/dags/group_dag.py took 0.200 seconds
[2023-02-01T00:13:24.541+0000] {processor.py:154} INFO - Started process (PID=2346) to work on /opt/airflow/dags/group_dag.py
[2023-02-01T00:13:24.544+0000] {processor.py:756} INFO - Processing file /opt/airflow/dags/group_dag.py for tasks to queue
[2023-02-01T00:13:24.545+0000] {logging_mixin.py:120} INFO - [2023-02-01T00:13:24.545+0000] {dagbag.py:537} INFO - Filling up the DagBag from /opt/airflow/dags/group_dag.py
[2023-02-01T00:13:24.573+0000] {processor.py:766} INFO - DAG(s) dict_keys(['group_dag.downloads', 'group_dag.transforms', 'group_dag']) retrieved from /opt/airflow/dags/group_dag.py
[2023-02-01T00:13:24.700+0000] {logging_mixin.py:120} INFO - [2023-02-01T00:13:24.699+0000] {dag.py:2585} INFO - Sync 3 DAGs
[2023-02-01T00:13:24.718+0000] {logging_mixin.py:120} INFO - [2023-02-01T00:13:24.718+0000] {dag.py:3340} INFO - Setting next_dagrun for group_dag to 2023-02-01T00:00:00+00:00, run_after=2023-02-02T00:00:00+00:00
[2023-02-01T00:13:24.720+0000] {logging_mixin.py:120} INFO - [2023-02-01T00:13:24.720+0000] {dag.py:3340} INFO - Setting next_dagrun for group_dag.downloads to None, run_after=None
[2023-02-01T00:13:24.721+0000] {logging_mixin.py:120} INFO - [2023-02-01T00:13:24.721+0000] {dag.py:3340} INFO - Setting next_dagrun for group_dag.transforms to None, run_after=None
[2023-02-01T00:13:24.725+0000] {logging_mixin.py:120} INFO - [2023-02-01T00:13:24.725+0000] {dag.py:2585} INFO - Sync 2 DAGs
[2023-02-01T00:13:24.728+0000] {logging_mixin.py:120} INFO - [2023-02-01T00:13:24.728+0000] {dag.py:3340} INFO - Setting next_dagrun for group_dag.downloads to None, run_after=None
[2023-02-01T00:13:24.728+0000] {logging_mixin.py:120} INFO - [2023-02-01T00:13:24.728+0000] {dag.py:3340} INFO - Setting next_dagrun for group_dag.transforms to None, run_after=None
[2023-02-01T00:13:24.736+0000] {processor.py:176} INFO - Processing /opt/airflow/dags/group_dag.py took 0.201 seconds
[2023-02-01T00:13:54.828+0000] {processor.py:154} INFO - Started process (PID=2381) to work on /opt/airflow/dags/group_dag.py
[2023-02-01T00:13:54.829+0000] {processor.py:756} INFO - Processing file /opt/airflow/dags/group_dag.py for tasks to queue
[2023-02-01T00:13:54.830+0000] {logging_mixin.py:120} INFO - [2023-02-01T00:13:54.830+0000] {dagbag.py:537} INFO - Filling up the DagBag from /opt/airflow/dags/group_dag.py
[2023-02-01T00:13:54.851+0000] {processor.py:766} INFO - DAG(s) dict_keys(['group_dag.downloads', 'group_dag.transforms', 'group_dag']) retrieved from /opt/airflow/dags/group_dag.py
[2023-02-01T00:13:54.986+0000] {logging_mixin.py:120} INFO - [2023-02-01T00:13:54.985+0000] {dag.py:2585} INFO - Sync 3 DAGs
[2023-02-01T00:13:55.005+0000] {logging_mixin.py:120} INFO - [2023-02-01T00:13:55.004+0000] {dag.py:3340} INFO - Setting next_dagrun for group_dag to 2023-02-01T00:00:00+00:00, run_after=2023-02-02T00:00:00+00:00
[2023-02-01T00:13:55.008+0000] {logging_mixin.py:120} INFO - [2023-02-01T00:13:55.008+0000] {dag.py:3340} INFO - Setting next_dagrun for group_dag.downloads to None, run_after=None
[2023-02-01T00:13:55.009+0000] {logging_mixin.py:120} INFO - [2023-02-01T00:13:55.009+0000] {dag.py:3340} INFO - Setting next_dagrun for group_dag.transforms to None, run_after=None
[2023-02-01T00:13:55.015+0000] {logging_mixin.py:120} INFO - [2023-02-01T00:13:55.014+0000] {dag.py:2585} INFO - Sync 2 DAGs
[2023-02-01T00:13:55.020+0000] {logging_mixin.py:120} INFO - [2023-02-01T00:13:55.020+0000] {dag.py:3340} INFO - Setting next_dagrun for group_dag.downloads to None, run_after=None
[2023-02-01T00:13:55.021+0000] {logging_mixin.py:120} INFO - [2023-02-01T00:13:55.021+0000] {dag.py:3340} INFO - Setting next_dagrun for group_dag.transforms to None, run_after=None
[2023-02-01T00:13:55.032+0000] {processor.py:176} INFO - Processing /opt/airflow/dags/group_dag.py took 0.206 seconds
[2023-02-01T00:14:25.161+0000] {processor.py:154} INFO - Started process (PID=2416) to work on /opt/airflow/dags/group_dag.py
[2023-02-01T00:14:25.163+0000] {processor.py:756} INFO - Processing file /opt/airflow/dags/group_dag.py for tasks to queue
[2023-02-01T00:14:25.164+0000] {logging_mixin.py:120} INFO - [2023-02-01T00:14:25.164+0000] {dagbag.py:537} INFO - Filling up the DagBag from /opt/airflow/dags/group_dag.py
[2023-02-01T00:14:25.187+0000] {processor.py:766} INFO - DAG(s) dict_keys(['group_dag.downloads', 'group_dag.transforms', 'group_dag']) retrieved from /opt/airflow/dags/group_dag.py
[2023-02-01T00:14:25.312+0000] {logging_mixin.py:120} INFO - [2023-02-01T00:14:25.312+0000] {dag.py:2585} INFO - Sync 3 DAGs
[2023-02-01T00:14:25.329+0000] {logging_mixin.py:120} INFO - [2023-02-01T00:14:25.328+0000] {dag.py:3340} INFO - Setting next_dagrun for group_dag to 2023-02-01T00:00:00+00:00, run_after=2023-02-02T00:00:00+00:00
[2023-02-01T00:14:25.331+0000] {logging_mixin.py:120} INFO - [2023-02-01T00:14:25.331+0000] {dag.py:3340} INFO - Setting next_dagrun for group_dag.downloads to None, run_after=None
[2023-02-01T00:14:25.332+0000] {logging_mixin.py:120} INFO - [2023-02-01T00:14:25.332+0000] {dag.py:3340} INFO - Setting next_dagrun for group_dag.transforms to None, run_after=None
[2023-02-01T00:14:25.337+0000] {logging_mixin.py:120} INFO - [2023-02-01T00:14:25.337+0000] {dag.py:2585} INFO - Sync 2 DAGs
[2023-02-01T00:14:25.341+0000] {logging_mixin.py:120} INFO - [2023-02-01T00:14:25.341+0000] {dag.py:3340} INFO - Setting next_dagrun for group_dag.downloads to None, run_after=None
[2023-02-01T00:14:25.341+0000] {logging_mixin.py:120} INFO - [2023-02-01T00:14:25.341+0000] {dag.py:3340} INFO - Setting next_dagrun for group_dag.transforms to None, run_after=None
[2023-02-01T00:14:25.350+0000] {processor.py:176} INFO - Processing /opt/airflow/dags/group_dag.py took 0.193 seconds
[2023-02-01T00:21:56.849+0000] {processor.py:154} INFO - Started process (PID=2902) to work on /opt/airflow/dags/group_dag.py
[2023-02-01T00:21:56.850+0000] {processor.py:756} INFO - Processing file /opt/airflow/dags/group_dag.py for tasks to queue
[2023-02-01T00:21:56.850+0000] {logging_mixin.py:120} INFO - [2023-02-01T00:21:56.850+0000] {dagbag.py:537} INFO - Filling up the DagBag from /opt/airflow/dags/group_dag.py
[2023-02-01T00:21:56.861+0000] {logging_mixin.py:120} INFO - [2023-02-01T00:21:56.861+0000] {dagbag.py:342} ERROR - Failed to import: /opt/airflow/dags/group_dag.py
Traceback (most recent call last):
  File "/home/airflow/.local/lib/python3.7/site-packages/airflow/models/dagbag.py", line 338, in parse
    loader.exec_module(new_module)
  File "<frozen importlib._bootstrap_external>", line 728, in exec_module
  File "<frozen importlib._bootstrap>", line 219, in _call_with_frames_removed
  File "/opt/airflow/dags/group_dag.py", line 18, in <module>
    subdag = subdag_downloads(dag.dag_id, 'downloads', args)
NameError: name 'subdag_downloads' is not defined
[2023-02-01T00:21:56.861+0000] {processor.py:768} WARNING - No viable dags retrieved from /opt/airflow/dags/group_dag.py
[2023-02-01T00:21:56.872+0000] {processor.py:176} INFO - Processing /opt/airflow/dags/group_dag.py took 0.025 seconds
[2023-02-01T00:22:01.937+0000] {processor.py:154} INFO - Started process (PID=2907) to work on /opt/airflow/dags/group_dag.py
[2023-02-01T00:22:01.938+0000] {processor.py:756} INFO - Processing file /opt/airflow/dags/group_dag.py for tasks to queue
[2023-02-01T00:22:01.939+0000] {logging_mixin.py:120} INFO - [2023-02-01T00:22:01.938+0000] {dagbag.py:537} INFO - Filling up the DagBag from /opt/airflow/dags/group_dag.py
[2023-02-01T00:22:01.951+0000] {processor.py:766} INFO - DAG(s) dict_keys(['group_dag']) retrieved from /opt/airflow/dags/group_dag.py
[2023-02-01T00:22:01.999+0000] {logging_mixin.py:120} INFO - [2023-02-01T00:22:01.999+0000] {dag.py:2585} INFO - Sync 1 DAGs
[2023-02-01T00:22:02.016+0000] {logging_mixin.py:120} INFO - [2023-02-01T00:22:02.016+0000] {dag.py:3340} INFO - Setting next_dagrun for group_dag to 2023-02-01T00:00:00+00:00, run_after=2023-02-02T00:00:00+00:00
[2023-02-01T00:22:02.030+0000] {processor.py:176} INFO - Processing /opt/airflow/dags/group_dag.py took 0.097 seconds
[2023-02-01T00:22:32.500+0000] {processor.py:154} INFO - Started process (PID=2948) to work on /opt/airflow/dags/group_dag.py
[2023-02-01T00:22:32.503+0000] {processor.py:756} INFO - Processing file /opt/airflow/dags/group_dag.py for tasks to queue
[2023-02-01T00:22:32.503+0000] {logging_mixin.py:120} INFO - [2023-02-01T00:22:32.503+0000] {dagbag.py:537} INFO - Filling up the DagBag from /opt/airflow/dags/group_dag.py
[2023-02-01T00:22:32.520+0000] {processor.py:766} INFO - DAG(s) dict_keys(['group_dag']) retrieved from /opt/airflow/dags/group_dag.py
[2023-02-01T00:22:32.545+0000] {logging_mixin.py:120} INFO - [2023-02-01T00:22:32.545+0000] {dag.py:2585} INFO - Sync 1 DAGs
[2023-02-01T00:22:32.564+0000] {logging_mixin.py:120} INFO - [2023-02-01T00:22:32.564+0000] {dag.py:3340} INFO - Setting next_dagrun for group_dag to 2023-02-01T00:00:00+00:00, run_after=2023-02-02T00:00:00+00:00
[2023-02-01T00:22:32.576+0000] {processor.py:176} INFO - Processing /opt/airflow/dags/group_dag.py took 0.080 seconds
[2023-02-01T00:23:03.024+0000] {processor.py:154} INFO - Started process (PID=2984) to work on /opt/airflow/dags/group_dag.py
[2023-02-01T00:23:03.025+0000] {processor.py:756} INFO - Processing file /opt/airflow/dags/group_dag.py for tasks to queue
[2023-02-01T00:23:03.026+0000] {logging_mixin.py:120} INFO - [2023-02-01T00:23:03.026+0000] {dagbag.py:537} INFO - Filling up the DagBag from /opt/airflow/dags/group_dag.py
[2023-02-01T00:23:03.038+0000] {processor.py:766} INFO - DAG(s) dict_keys(['group_dag']) retrieved from /opt/airflow/dags/group_dag.py
[2023-02-01T00:23:03.064+0000] {logging_mixin.py:120} INFO - [2023-02-01T00:23:03.064+0000] {dag.py:2585} INFO - Sync 1 DAGs
[2023-02-01T00:23:03.086+0000] {logging_mixin.py:120} INFO - [2023-02-01T00:23:03.086+0000] {dag.py:3340} INFO - Setting next_dagrun for group_dag to 2023-02-01T00:00:00+00:00, run_after=2023-02-02T00:00:00+00:00
[2023-02-01T00:23:03.099+0000] {processor.py:176} INFO - Processing /opt/airflow/dags/group_dag.py took 0.077 seconds
[2023-02-01T00:23:33.530+0000] {processor.py:154} INFO - Started process (PID=3027) to work on /opt/airflow/dags/group_dag.py
[2023-02-01T00:23:33.533+0000] {processor.py:756} INFO - Processing file /opt/airflow/dags/group_dag.py for tasks to queue
[2023-02-01T00:23:33.533+0000] {logging_mixin.py:120} INFO - [2023-02-01T00:23:33.533+0000] {dagbag.py:537} INFO - Filling up the DagBag from /opt/airflow/dags/group_dag.py
[2023-02-01T00:23:33.545+0000] {processor.py:766} INFO - DAG(s) dict_keys(['group_dag']) retrieved from /opt/airflow/dags/group_dag.py
[2023-02-01T00:23:33.570+0000] {logging_mixin.py:120} INFO - [2023-02-01T00:23:33.569+0000] {dag.py:2585} INFO - Sync 1 DAGs
[2023-02-01T00:23:33.587+0000] {logging_mixin.py:120} INFO - [2023-02-01T00:23:33.587+0000] {dag.py:3340} INFO - Setting next_dagrun for group_dag to 2023-02-01T00:00:00+00:00, run_after=2023-02-02T00:00:00+00:00
[2023-02-01T00:23:33.599+0000] {processor.py:176} INFO - Processing /opt/airflow/dags/group_dag.py took 0.071 seconds
[2023-02-01T00:24:04.083+0000] {processor.py:154} INFO - Started process (PID=3056) to work on /opt/airflow/dags/group_dag.py
[2023-02-01T00:24:04.085+0000] {processor.py:756} INFO - Processing file /opt/airflow/dags/group_dag.py for tasks to queue
[2023-02-01T00:24:04.085+0000] {logging_mixin.py:120} INFO - [2023-02-01T00:24:04.085+0000] {dagbag.py:537} INFO - Filling up the DagBag from /opt/airflow/dags/group_dag.py
[2023-02-01T00:24:04.099+0000] {processor.py:766} INFO - DAG(s) dict_keys(['group_dag']) retrieved from /opt/airflow/dags/group_dag.py
[2023-02-01T00:24:04.125+0000] {logging_mixin.py:120} INFO - [2023-02-01T00:24:04.125+0000] {dag.py:2585} INFO - Sync 1 DAGs
[2023-02-01T00:24:04.143+0000] {logging_mixin.py:120} INFO - [2023-02-01T00:24:04.143+0000] {dag.py:3340} INFO - Setting next_dagrun for group_dag to 2023-02-01T00:00:00+00:00, run_after=2023-02-02T00:00:00+00:00
[2023-02-01T00:24:04.154+0000] {processor.py:176} INFO - Processing /opt/airflow/dags/group_dag.py took 0.075 seconds
[2023-02-01T00:24:34.593+0000] {processor.py:154} INFO - Started process (PID=3094) to work on /opt/airflow/dags/group_dag.py
[2023-02-01T00:24:34.594+0000] {processor.py:756} INFO - Processing file /opt/airflow/dags/group_dag.py for tasks to queue
[2023-02-01T00:24:34.594+0000] {logging_mixin.py:120} INFO - [2023-02-01T00:24:34.594+0000] {dagbag.py:537} INFO - Filling up the DagBag from /opt/airflow/dags/group_dag.py
[2023-02-01T00:24:34.610+0000] {processor.py:766} INFO - DAG(s) dict_keys(['group_dag']) retrieved from /opt/airflow/dags/group_dag.py
[2023-02-01T00:24:34.635+0000] {logging_mixin.py:120} INFO - [2023-02-01T00:24:34.634+0000] {dag.py:2585} INFO - Sync 1 DAGs
[2023-02-01T00:24:34.651+0000] {logging_mixin.py:120} INFO - [2023-02-01T00:24:34.651+0000] {dag.py:3340} INFO - Setting next_dagrun for group_dag to 2023-02-01T00:00:00+00:00, run_after=2023-02-02T00:00:00+00:00
[2023-02-01T00:24:34.664+0000] {processor.py:176} INFO - Processing /opt/airflow/dags/group_dag.py took 0.077 seconds
[2023-02-01T00:25:05.073+0000] {processor.py:154} INFO - Started process (PID=3132) to work on /opt/airflow/dags/group_dag.py
[2023-02-01T00:25:05.076+0000] {processor.py:756} INFO - Processing file /opt/airflow/dags/group_dag.py for tasks to queue
[2023-02-01T00:25:05.077+0000] {logging_mixin.py:120} INFO - [2023-02-01T00:25:05.077+0000] {dagbag.py:537} INFO - Filling up the DagBag from /opt/airflow/dags/group_dag.py
[2023-02-01T00:25:05.093+0000] {processor.py:766} INFO - DAG(s) dict_keys(['group_dag']) retrieved from /opt/airflow/dags/group_dag.py
[2023-02-01T00:25:05.117+0000] {logging_mixin.py:120} INFO - [2023-02-01T00:25:05.117+0000] {dag.py:2585} INFO - Sync 1 DAGs
[2023-02-01T00:25:05.135+0000] {logging_mixin.py:120} INFO - [2023-02-01T00:25:05.135+0000] {dag.py:3340} INFO - Setting next_dagrun for group_dag to 2023-02-01T00:00:00+00:00, run_after=2023-02-02T00:00:00+00:00
[2023-02-01T00:25:05.149+0000] {processor.py:176} INFO - Processing /opt/airflow/dags/group_dag.py took 0.080 seconds
[2023-02-01T00:25:35.551+0000] {processor.py:154} INFO - Started process (PID=3170) to work on /opt/airflow/dags/group_dag.py
[2023-02-01T00:25:35.551+0000] {processor.py:756} INFO - Processing file /opt/airflow/dags/group_dag.py for tasks to queue
[2023-02-01T00:25:35.552+0000] {logging_mixin.py:120} INFO - [2023-02-01T00:25:35.551+0000] {dagbag.py:537} INFO - Filling up the DagBag from /opt/airflow/dags/group_dag.py
[2023-02-01T00:25:35.563+0000] {processor.py:766} INFO - DAG(s) dict_keys(['group_dag']) retrieved from /opt/airflow/dags/group_dag.py
[2023-02-01T00:25:35.593+0000] {logging_mixin.py:120} INFO - [2023-02-01T00:25:35.593+0000] {dag.py:2585} INFO - Sync 1 DAGs
[2023-02-01T00:25:35.621+0000] {logging_mixin.py:120} INFO - [2023-02-01T00:25:35.621+0000] {dag.py:3340} INFO - Setting next_dagrun for group_dag to 2023-02-01T00:00:00+00:00, run_after=2023-02-02T00:00:00+00:00
[2023-02-01T00:25:35.640+0000] {processor.py:176} INFO - Processing /opt/airflow/dags/group_dag.py took 0.091 seconds
[2023-02-01T00:26:06.041+0000] {processor.py:154} INFO - Started process (PID=3209) to work on /opt/airflow/dags/group_dag.py
[2023-02-01T00:26:06.043+0000] {processor.py:756} INFO - Processing file /opt/airflow/dags/group_dag.py for tasks to queue
[2023-02-01T00:26:06.044+0000] {logging_mixin.py:120} INFO - [2023-02-01T00:26:06.044+0000] {dagbag.py:537} INFO - Filling up the DagBag from /opt/airflow/dags/group_dag.py
[2023-02-01T00:26:06.055+0000] {processor.py:766} INFO - DAG(s) dict_keys(['group_dag']) retrieved from /opt/airflow/dags/group_dag.py
[2023-02-01T00:26:06.080+0000] {logging_mixin.py:120} INFO - [2023-02-01T00:26:06.080+0000] {dag.py:2585} INFO - Sync 1 DAGs
[2023-02-01T00:26:06.098+0000] {logging_mixin.py:120} INFO - [2023-02-01T00:26:06.098+0000] {dag.py:3340} INFO - Setting next_dagrun for group_dag to 2023-02-01T00:00:00+00:00, run_after=2023-02-02T00:00:00+00:00
[2023-02-01T00:26:06.110+0000] {processor.py:176} INFO - Processing /opt/airflow/dags/group_dag.py took 0.071 seconds
[2023-02-01T00:26:36.568+0000] {processor.py:154} INFO - Started process (PID=3238) to work on /opt/airflow/dags/group_dag.py
[2023-02-01T00:26:36.568+0000] {processor.py:756} INFO - Processing file /opt/airflow/dags/group_dag.py for tasks to queue
[2023-02-01T00:26:36.569+0000] {logging_mixin.py:120} INFO - [2023-02-01T00:26:36.569+0000] {dagbag.py:537} INFO - Filling up the DagBag from /opt/airflow/dags/group_dag.py
[2023-02-01T00:26:36.582+0000] {processor.py:766} INFO - DAG(s) dict_keys(['group_dag']) retrieved from /opt/airflow/dags/group_dag.py
[2023-02-01T00:26:36.605+0000] {logging_mixin.py:120} INFO - [2023-02-01T00:26:36.605+0000] {dag.py:2585} INFO - Sync 1 DAGs
[2023-02-01T00:26:36.622+0000] {logging_mixin.py:120} INFO - [2023-02-01T00:26:36.622+0000] {dag.py:3340} INFO - Setting next_dagrun for group_dag to 2023-02-01T00:00:00+00:00, run_after=2023-02-02T00:00:00+00:00
[2023-02-01T00:26:36.633+0000] {processor.py:176} INFO - Processing /opt/airflow/dags/group_dag.py took 0.069 seconds
[2023-02-01T00:27:07.089+0000] {processor.py:154} INFO - Started process (PID=3277) to work on /opt/airflow/dags/group_dag.py
[2023-02-01T00:27:07.091+0000] {processor.py:756} INFO - Processing file /opt/airflow/dags/group_dag.py for tasks to queue
[2023-02-01T00:27:07.092+0000] {logging_mixin.py:120} INFO - [2023-02-01T00:27:07.092+0000] {dagbag.py:537} INFO - Filling up the DagBag from /opt/airflow/dags/group_dag.py
[2023-02-01T00:27:07.104+0000] {processor.py:766} INFO - DAG(s) dict_keys(['group_dag']) retrieved from /opt/airflow/dags/group_dag.py
[2023-02-01T00:27:07.129+0000] {logging_mixin.py:120} INFO - [2023-02-01T00:27:07.129+0000] {dag.py:2585} INFO - Sync 1 DAGs
[2023-02-01T00:27:07.147+0000] {logging_mixin.py:120} INFO - [2023-02-01T00:27:07.147+0000] {dag.py:3340} INFO - Setting next_dagrun for group_dag to 2023-02-01T00:00:00+00:00, run_after=2023-02-02T00:00:00+00:00
[2023-02-01T00:27:07.158+0000] {processor.py:176} INFO - Processing /opt/airflow/dags/group_dag.py took 0.071 seconds
[2023-02-01T00:27:37.601+0000] {processor.py:154} INFO - Started process (PID=3316) to work on /opt/airflow/dags/group_dag.py
[2023-02-01T00:27:37.601+0000] {processor.py:756} INFO - Processing file /opt/airflow/dags/group_dag.py for tasks to queue
[2023-02-01T00:27:37.601+0000] {logging_mixin.py:120} INFO - [2023-02-01T00:27:37.601+0000] {dagbag.py:537} INFO - Filling up the DagBag from /opt/airflow/dags/group_dag.py
[2023-02-01T00:27:37.613+0000] {processor.py:766} INFO - DAG(s) dict_keys(['group_dag']) retrieved from /opt/airflow/dags/group_dag.py
[2023-02-01T00:27:37.645+0000] {logging_mixin.py:120} INFO - [2023-02-01T00:27:37.644+0000] {dag.py:2585} INFO - Sync 1 DAGs
[2023-02-01T00:27:37.674+0000] {logging_mixin.py:120} INFO - [2023-02-01T00:27:37.674+0000] {dag.py:3340} INFO - Setting next_dagrun for group_dag to 2023-02-01T00:00:00+00:00, run_after=2023-02-02T00:00:00+00:00
[2023-02-01T00:27:37.695+0000] {processor.py:176} INFO - Processing /opt/airflow/dags/group_dag.py took 0.096 seconds
[2023-02-01T00:28:08.176+0000] {processor.py:154} INFO - Started process (PID=3355) to work on /opt/airflow/dags/group_dag.py
[2023-02-01T00:28:08.177+0000] {processor.py:756} INFO - Processing file /opt/airflow/dags/group_dag.py for tasks to queue
[2023-02-01T00:28:08.178+0000] {logging_mixin.py:120} INFO - [2023-02-01T00:28:08.178+0000] {dagbag.py:537} INFO - Filling up the DagBag from /opt/airflow/dags/group_dag.py
[2023-02-01T00:28:08.192+0000] {processor.py:766} INFO - DAG(s) dict_keys(['group_dag']) retrieved from /opt/airflow/dags/group_dag.py
[2023-02-01T00:28:08.220+0000] {logging_mixin.py:120} INFO - [2023-02-01T00:28:08.220+0000] {dag.py:2585} INFO - Sync 1 DAGs
[2023-02-01T00:28:08.240+0000] {logging_mixin.py:120} INFO - [2023-02-01T00:28:08.240+0000] {dag.py:3340} INFO - Setting next_dagrun for group_dag to 2023-02-01T00:00:00+00:00, run_after=2023-02-02T00:00:00+00:00
[2023-02-01T00:28:08.255+0000] {processor.py:176} INFO - Processing /opt/airflow/dags/group_dag.py took 0.084 seconds
[2023-02-01T00:28:38.730+0000] {processor.py:154} INFO - Started process (PID=3384) to work on /opt/airflow/dags/group_dag.py
[2023-02-01T00:28:38.731+0000] {processor.py:756} INFO - Processing file /opt/airflow/dags/group_dag.py for tasks to queue
[2023-02-01T00:28:38.731+0000] {logging_mixin.py:120} INFO - [2023-02-01T00:28:38.731+0000] {dagbag.py:537} INFO - Filling up the DagBag from /opt/airflow/dags/group_dag.py
[2023-02-01T00:28:38.747+0000] {processor.py:766} INFO - DAG(s) dict_keys(['group_dag']) retrieved from /opt/airflow/dags/group_dag.py
[2023-02-01T00:28:38.776+0000] {logging_mixin.py:120} INFO - [2023-02-01T00:28:38.776+0000] {dag.py:2585} INFO - Sync 1 DAGs
[2023-02-01T00:28:38.795+0000] {logging_mixin.py:120} INFO - [2023-02-01T00:28:38.795+0000] {dag.py:3340} INFO - Setting next_dagrun for group_dag to 2023-02-01T00:00:00+00:00, run_after=2023-02-02T00:00:00+00:00
[2023-02-01T00:28:38.807+0000] {processor.py:176} INFO - Processing /opt/airflow/dags/group_dag.py took 0.082 seconds
[2023-02-01T00:29:09.292+0000] {processor.py:154} INFO - Started process (PID=3423) to work on /opt/airflow/dags/group_dag.py
[2023-02-01T00:29:09.294+0000] {processor.py:756} INFO - Processing file /opt/airflow/dags/group_dag.py for tasks to queue
[2023-02-01T00:29:09.295+0000] {logging_mixin.py:120} INFO - [2023-02-01T00:29:09.295+0000] {dagbag.py:537} INFO - Filling up the DagBag from /opt/airflow/dags/group_dag.py
[2023-02-01T00:29:09.307+0000] {processor.py:766} INFO - DAG(s) dict_keys(['group_dag']) retrieved from /opt/airflow/dags/group_dag.py
[2023-02-01T00:29:09.332+0000] {logging_mixin.py:120} INFO - [2023-02-01T00:29:09.332+0000] {dag.py:2585} INFO - Sync 1 DAGs
[2023-02-01T00:29:09.349+0000] {logging_mixin.py:120} INFO - [2023-02-01T00:29:09.349+0000] {dag.py:3340} INFO - Setting next_dagrun for group_dag to 2023-02-01T00:00:00+00:00, run_after=2023-02-02T00:00:00+00:00
[2023-02-01T00:29:09.360+0000] {processor.py:176} INFO - Processing /opt/airflow/dags/group_dag.py took 0.070 seconds
[2023-02-01T00:29:39.835+0000] {processor.py:154} INFO - Started process (PID=3462) to work on /opt/airflow/dags/group_dag.py
[2023-02-01T00:29:39.835+0000] {processor.py:756} INFO - Processing file /opt/airflow/dags/group_dag.py for tasks to queue
[2023-02-01T00:29:39.836+0000] {logging_mixin.py:120} INFO - [2023-02-01T00:29:39.836+0000] {dagbag.py:537} INFO - Filling up the DagBag from /opt/airflow/dags/group_dag.py
[2023-02-01T00:29:39.852+0000] {processor.py:766} INFO - DAG(s) dict_keys(['group_dag']) retrieved from /opt/airflow/dags/group_dag.py
[2023-02-01T00:29:39.877+0000] {logging_mixin.py:120} INFO - [2023-02-01T00:29:39.877+0000] {dag.py:2585} INFO - Sync 1 DAGs
[2023-02-01T00:29:39.894+0000] {logging_mixin.py:120} INFO - [2023-02-01T00:29:39.894+0000] {dag.py:3340} INFO - Setting next_dagrun for group_dag to 2023-02-01T00:00:00+00:00, run_after=2023-02-02T00:00:00+00:00
[2023-02-01T00:29:39.906+0000] {processor.py:176} INFO - Processing /opt/airflow/dags/group_dag.py took 0.075 seconds
[2023-02-01T00:30:10.375+0000] {processor.py:154} INFO - Started process (PID=3502) to work on /opt/airflow/dags/group_dag.py
[2023-02-01T00:30:10.377+0000] {processor.py:756} INFO - Processing file /opt/airflow/dags/group_dag.py for tasks to queue
[2023-02-01T00:30:10.378+0000] {logging_mixin.py:120} INFO - [2023-02-01T00:30:10.378+0000] {dagbag.py:537} INFO - Filling up the DagBag from /opt/airflow/dags/group_dag.py
[2023-02-01T00:30:10.395+0000] {processor.py:766} INFO - DAG(s) dict_keys(['group_dag']) retrieved from /opt/airflow/dags/group_dag.py
[2023-02-01T00:30:10.419+0000] {logging_mixin.py:120} INFO - [2023-02-01T00:30:10.419+0000] {dag.py:2585} INFO - Sync 1 DAGs
[2023-02-01T00:30:10.436+0000] {logging_mixin.py:120} INFO - [2023-02-01T00:30:10.436+0000] {dag.py:3340} INFO - Setting next_dagrun for group_dag to 2023-02-01T00:00:00+00:00, run_after=2023-02-02T00:00:00+00:00
[2023-02-01T00:30:10.447+0000] {processor.py:176} INFO - Processing /opt/airflow/dags/group_dag.py took 0.077 seconds
[2023-02-01T00:30:40.907+0000] {processor.py:154} INFO - Started process (PID=3541) to work on /opt/airflow/dags/group_dag.py
[2023-02-01T00:30:40.907+0000] {processor.py:756} INFO - Processing file /opt/airflow/dags/group_dag.py for tasks to queue
[2023-02-01T00:30:40.908+0000] {logging_mixin.py:120} INFO - [2023-02-01T00:30:40.908+0000] {dagbag.py:537} INFO - Filling up the DagBag from /opt/airflow/dags/group_dag.py
[2023-02-01T00:30:40.920+0000] {processor.py:766} INFO - DAG(s) dict_keys(['group_dag']) retrieved from /opt/airflow/dags/group_dag.py
[2023-02-01T00:30:40.944+0000] {logging_mixin.py:120} INFO - [2023-02-01T00:30:40.944+0000] {dag.py:2585} INFO - Sync 1 DAGs
[2023-02-01T00:30:40.960+0000] {logging_mixin.py:120} INFO - [2023-02-01T00:30:40.960+0000] {dag.py:3340} INFO - Setting next_dagrun for group_dag to 2023-02-01T00:00:00+00:00, run_after=2023-02-02T00:00:00+00:00
[2023-02-01T00:30:40.971+0000] {processor.py:176} INFO - Processing /opt/airflow/dags/group_dag.py took 0.066 seconds
[2023-02-01T00:31:11.427+0000] {processor.py:154} INFO - Started process (PID=3571) to work on /opt/airflow/dags/group_dag.py
[2023-02-01T00:31:11.428+0000] {processor.py:756} INFO - Processing file /opt/airflow/dags/group_dag.py for tasks to queue
[2023-02-01T00:31:11.429+0000] {logging_mixin.py:120} INFO - [2023-02-01T00:31:11.429+0000] {dagbag.py:537} INFO - Filling up the DagBag from /opt/airflow/dags/group_dag.py
[2023-02-01T00:31:11.442+0000] {processor.py:766} INFO - DAG(s) dict_keys(['group_dag']) retrieved from /opt/airflow/dags/group_dag.py
[2023-02-01T00:31:11.466+0000] {logging_mixin.py:120} INFO - [2023-02-01T00:31:11.466+0000] {dag.py:2585} INFO - Sync 1 DAGs
[2023-02-01T00:31:11.487+0000] {logging_mixin.py:120} INFO - [2023-02-01T00:31:11.487+0000] {dag.py:3340} INFO - Setting next_dagrun for group_dag to 2023-02-01T00:00:00+00:00, run_after=2023-02-02T00:00:00+00:00
[2023-02-01T00:31:11.499+0000] {processor.py:176} INFO - Processing /opt/airflow/dags/group_dag.py took 0.076 seconds
[2023-02-01T00:31:41.984+0000] {processor.py:154} INFO - Started process (PID=3611) to work on /opt/airflow/dags/group_dag.py
[2023-02-01T00:31:41.985+0000] {processor.py:756} INFO - Processing file /opt/airflow/dags/group_dag.py for tasks to queue
[2023-02-01T00:31:41.985+0000] {logging_mixin.py:120} INFO - [2023-02-01T00:31:41.985+0000] {dagbag.py:537} INFO - Filling up the DagBag from /opt/airflow/dags/group_dag.py
[2023-02-01T00:31:42.001+0000] {processor.py:766} INFO - DAG(s) dict_keys(['group_dag']) retrieved from /opt/airflow/dags/group_dag.py
[2023-02-01T00:31:42.028+0000] {logging_mixin.py:120} INFO - [2023-02-01T00:31:42.028+0000] {dag.py:2585} INFO - Sync 1 DAGs
[2023-02-01T00:31:42.048+0000] {logging_mixin.py:120} INFO - [2023-02-01T00:31:42.048+0000] {dag.py:3340} INFO - Setting next_dagrun for group_dag to 2023-02-01T00:00:00+00:00, run_after=2023-02-02T00:00:00+00:00
[2023-02-01T00:31:42.059+0000] {processor.py:176} INFO - Processing /opt/airflow/dags/group_dag.py took 0.080 seconds
[2023-02-01T00:32:12.521+0000] {processor.py:154} INFO - Started process (PID=3650) to work on /opt/airflow/dags/group_dag.py
[2023-02-01T00:32:12.523+0000] {processor.py:756} INFO - Processing file /opt/airflow/dags/group_dag.py for tasks to queue
[2023-02-01T00:32:12.524+0000] {logging_mixin.py:120} INFO - [2023-02-01T00:32:12.524+0000] {dagbag.py:537} INFO - Filling up the DagBag from /opt/airflow/dags/group_dag.py
[2023-02-01T00:32:12.541+0000] {processor.py:766} INFO - DAG(s) dict_keys(['group_dag']) retrieved from /opt/airflow/dags/group_dag.py
[2023-02-01T00:32:12.568+0000] {logging_mixin.py:120} INFO - [2023-02-01T00:32:12.568+0000] {dag.py:2585} INFO - Sync 1 DAGs
[2023-02-01T00:32:12.586+0000] {logging_mixin.py:120} INFO - [2023-02-01T00:32:12.585+0000] {dag.py:3340} INFO - Setting next_dagrun for group_dag to 2023-02-01T00:00:00+00:00, run_after=2023-02-02T00:00:00+00:00
[2023-02-01T00:32:12.597+0000] {processor.py:176} INFO - Processing /opt/airflow/dags/group_dag.py took 0.081 seconds
[2023-02-01T00:32:43.039+0000] {processor.py:154} INFO - Started process (PID=3688) to work on /opt/airflow/dags/group_dag.py
[2023-02-01T00:32:43.040+0000] {processor.py:756} INFO - Processing file /opt/airflow/dags/group_dag.py for tasks to queue
[2023-02-01T00:32:43.040+0000] {logging_mixin.py:120} INFO - [2023-02-01T00:32:43.040+0000] {dagbag.py:537} INFO - Filling up the DagBag from /opt/airflow/dags/group_dag.py
[2023-02-01T00:32:43.051+0000] {processor.py:766} INFO - DAG(s) dict_keys(['group_dag']) retrieved from /opt/airflow/dags/group_dag.py
[2023-02-01T00:32:43.076+0000] {logging_mixin.py:120} INFO - [2023-02-01T00:32:43.075+0000] {dag.py:2585} INFO - Sync 1 DAGs
[2023-02-01T00:32:43.092+0000] {logging_mixin.py:120} INFO - [2023-02-01T00:32:43.092+0000] {dag.py:3340} INFO - Setting next_dagrun for group_dag to 2023-02-01T00:00:00+00:00, run_after=2023-02-02T00:00:00+00:00
[2023-02-01T00:32:43.103+0000] {processor.py:176} INFO - Processing /opt/airflow/dags/group_dag.py took 0.066 seconds
[2023-02-01T00:33:13.167+0000] {processor.py:154} INFO - Started process (PID=3718) to work on /opt/airflow/dags/group_dag.py
[2023-02-01T00:33:13.170+0000] {processor.py:756} INFO - Processing file /opt/airflow/dags/group_dag.py for tasks to queue
[2023-02-01T00:33:13.171+0000] {logging_mixin.py:120} INFO - [2023-02-01T00:33:13.171+0000] {dagbag.py:537} INFO - Filling up the DagBag from /opt/airflow/dags/group_dag.py
[2023-02-01T00:33:13.204+0000] {processor.py:766} INFO - DAG(s) dict_keys(['group_dag']) retrieved from /opt/airflow/dags/group_dag.py
[2023-02-01T00:33:13.294+0000] {logging_mixin.py:120} INFO - [2023-02-01T00:33:13.294+0000] {dag.py:2585} INFO - Sync 1 DAGs
[2023-02-01T00:33:13.347+0000] {logging_mixin.py:120} INFO - [2023-02-01T00:33:13.347+0000] {dag.py:3340} INFO - Setting next_dagrun for group_dag to 2023-02-01T00:00:00+00:00, run_after=2023-02-02T00:00:00+00:00
[2023-02-01T00:33:13.386+0000] {processor.py:176} INFO - Processing /opt/airflow/dags/group_dag.py took 0.225 seconds
[2023-02-01T00:33:43.890+0000] {processor.py:154} INFO - Started process (PID=3758) to work on /opt/airflow/dags/group_dag.py
[2023-02-01T00:33:43.890+0000] {processor.py:756} INFO - Processing file /opt/airflow/dags/group_dag.py for tasks to queue
[2023-02-01T00:33:43.891+0000] {logging_mixin.py:120} INFO - [2023-02-01T00:33:43.891+0000] {dagbag.py:537} INFO - Filling up the DagBag from /opt/airflow/dags/group_dag.py
[2023-02-01T00:33:43.903+0000] {processor.py:766} INFO - DAG(s) dict_keys(['group_dag']) retrieved from /opt/airflow/dags/group_dag.py
[2023-02-01T00:33:43.926+0000] {logging_mixin.py:120} INFO - [2023-02-01T00:33:43.926+0000] {dag.py:2585} INFO - Sync 1 DAGs
[2023-02-01T00:33:43.943+0000] {logging_mixin.py:120} INFO - [2023-02-01T00:33:43.943+0000] {dag.py:3340} INFO - Setting next_dagrun for group_dag to 2023-02-01T00:00:00+00:00, run_after=2023-02-02T00:00:00+00:00
[2023-02-01T00:33:43.954+0000] {processor.py:176} INFO - Processing /opt/airflow/dags/group_dag.py took 0.066 seconds
[2023-02-01T00:34:14.286+0000] {processor.py:154} INFO - Started process (PID=3797) to work on /opt/airflow/dags/group_dag.py
[2023-02-01T00:34:14.287+0000] {processor.py:756} INFO - Processing file /opt/airflow/dags/group_dag.py for tasks to queue
[2023-02-01T00:34:14.288+0000] {logging_mixin.py:120} INFO - [2023-02-01T00:34:14.287+0000] {dagbag.py:537} INFO - Filling up the DagBag from /opt/airflow/dags/group_dag.py
[2023-02-01T00:34:14.300+0000] {processor.py:766} INFO - DAG(s) dict_keys(['group_dag']) retrieved from /opt/airflow/dags/group_dag.py
[2023-02-01T00:34:14.325+0000] {logging_mixin.py:120} INFO - [2023-02-01T00:34:14.325+0000] {dag.py:2585} INFO - Sync 1 DAGs
[2023-02-01T00:34:14.346+0000] {logging_mixin.py:120} INFO - [2023-02-01T00:34:14.345+0000] {dag.py:3340} INFO - Setting next_dagrun for group_dag to 2023-02-01T00:00:00+00:00, run_after=2023-02-02T00:00:00+00:00
[2023-02-01T00:34:14.359+0000] {processor.py:176} INFO - Processing /opt/airflow/dags/group_dag.py took 0.075 seconds
[2023-02-01T00:34:44.700+0000] {processor.py:154} INFO - Started process (PID=3827) to work on /opt/airflow/dags/group_dag.py
[2023-02-01T00:34:44.702+0000] {processor.py:756} INFO - Processing file /opt/airflow/dags/group_dag.py for tasks to queue
[2023-02-01T00:34:44.703+0000] {logging_mixin.py:120} INFO - [2023-02-01T00:34:44.703+0000] {dagbag.py:537} INFO - Filling up the DagBag from /opt/airflow/dags/group_dag.py
[2023-02-01T00:34:44.714+0000] {processor.py:766} INFO - DAG(s) dict_keys(['group_dag']) retrieved from /opt/airflow/dags/group_dag.py
[2023-02-01T00:34:44.739+0000] {logging_mixin.py:120} INFO - [2023-02-01T00:34:44.739+0000] {dag.py:2585} INFO - Sync 1 DAGs
[2023-02-01T00:34:44.757+0000] {logging_mixin.py:120} INFO - [2023-02-01T00:34:44.757+0000] {dag.py:3340} INFO - Setting next_dagrun for group_dag to 2023-02-01T00:00:00+00:00, run_after=2023-02-02T00:00:00+00:00
[2023-02-01T00:34:44.768+0000] {processor.py:176} INFO - Processing /opt/airflow/dags/group_dag.py took 0.070 seconds
[2023-02-01T00:35:15.169+0000] {processor.py:154} INFO - Started process (PID=3864) to work on /opt/airflow/dags/group_dag.py
[2023-02-01T00:35:15.171+0000] {processor.py:756} INFO - Processing file /opt/airflow/dags/group_dag.py for tasks to queue
[2023-02-01T00:35:15.172+0000] {logging_mixin.py:120} INFO - [2023-02-01T00:35:15.172+0000] {dagbag.py:537} INFO - Filling up the DagBag from /opt/airflow/dags/group_dag.py
[2023-02-01T00:35:15.188+0000] {processor.py:766} INFO - DAG(s) dict_keys(['group_dag']) retrieved from /opt/airflow/dags/group_dag.py
[2023-02-01T00:35:15.212+0000] {logging_mixin.py:120} INFO - [2023-02-01T00:35:15.212+0000] {dag.py:2585} INFO - Sync 1 DAGs
[2023-02-01T00:35:15.229+0000] {logging_mixin.py:120} INFO - [2023-02-01T00:35:15.229+0000] {dag.py:3340} INFO - Setting next_dagrun for group_dag to 2023-02-01T00:00:00+00:00, run_after=2023-02-02T00:00:00+00:00
[2023-02-01T00:35:15.239+0000] {processor.py:176} INFO - Processing /opt/airflow/dags/group_dag.py took 0.074 seconds
[2023-02-01T00:35:45.576+0000] {processor.py:154} INFO - Started process (PID=3903) to work on /opt/airflow/dags/group_dag.py
[2023-02-01T00:35:45.577+0000] {processor.py:756} INFO - Processing file /opt/airflow/dags/group_dag.py for tasks to queue
[2023-02-01T00:35:45.579+0000] {logging_mixin.py:120} INFO - [2023-02-01T00:35:45.579+0000] {dagbag.py:537} INFO - Filling up the DagBag from /opt/airflow/dags/group_dag.py
[2023-02-01T00:35:45.595+0000] {processor.py:766} INFO - DAG(s) dict_keys(['group_dag']) retrieved from /opt/airflow/dags/group_dag.py
[2023-02-01T00:35:45.625+0000] {logging_mixin.py:120} INFO - [2023-02-01T00:35:45.624+0000] {dag.py:2585} INFO - Sync 1 DAGs
[2023-02-01T00:35:45.646+0000] {logging_mixin.py:120} INFO - [2023-02-01T00:35:45.645+0000] {dag.py:3340} INFO - Setting next_dagrun for group_dag to 2023-02-01T00:00:00+00:00, run_after=2023-02-02T00:00:00+00:00
[2023-02-01T00:35:45.659+0000] {processor.py:176} INFO - Processing /opt/airflow/dags/group_dag.py took 0.089 seconds
[2023-02-01T00:36:16.027+0000] {processor.py:154} INFO - Started process (PID=3942) to work on /opt/airflow/dags/group_dag.py
[2023-02-01T00:36:16.030+0000] {processor.py:756} INFO - Processing file /opt/airflow/dags/group_dag.py for tasks to queue
[2023-02-01T00:36:16.031+0000] {logging_mixin.py:120} INFO - [2023-02-01T00:36:16.031+0000] {dagbag.py:537} INFO - Filling up the DagBag from /opt/airflow/dags/group_dag.py
[2023-02-01T00:36:16.048+0000] {processor.py:766} INFO - DAG(s) dict_keys(['group_dag']) retrieved from /opt/airflow/dags/group_dag.py
[2023-02-01T00:36:16.073+0000] {logging_mixin.py:120} INFO - [2023-02-01T00:36:16.072+0000] {dag.py:2585} INFO - Sync 1 DAGs
[2023-02-01T00:36:16.089+0000] {logging_mixin.py:120} INFO - [2023-02-01T00:36:16.089+0000] {dag.py:3340} INFO - Setting next_dagrun for group_dag to 2023-02-01T00:00:00+00:00, run_after=2023-02-02T00:00:00+00:00
[2023-02-01T00:36:16.101+0000] {processor.py:176} INFO - Processing /opt/airflow/dags/group_dag.py took 0.079 seconds
[2023-02-01T00:36:46.423+0000] {processor.py:154} INFO - Started process (PID=3972) to work on /opt/airflow/dags/group_dag.py
[2023-02-01T00:36:46.426+0000] {processor.py:756} INFO - Processing file /opt/airflow/dags/group_dag.py for tasks to queue
[2023-02-01T00:36:46.426+0000] {logging_mixin.py:120} INFO - [2023-02-01T00:36:46.426+0000] {dagbag.py:537} INFO - Filling up the DagBag from /opt/airflow/dags/group_dag.py
[2023-02-01T00:36:46.438+0000] {processor.py:766} INFO - DAG(s) dict_keys(['group_dag']) retrieved from /opt/airflow/dags/group_dag.py
[2023-02-01T00:36:46.464+0000] {logging_mixin.py:120} INFO - [2023-02-01T00:36:46.464+0000] {dag.py:2585} INFO - Sync 1 DAGs
[2023-02-01T00:36:46.483+0000] {logging_mixin.py:120} INFO - [2023-02-01T00:36:46.483+0000] {dag.py:3340} INFO - Setting next_dagrun for group_dag to 2023-02-01T00:00:00+00:00, run_after=2023-02-02T00:00:00+00:00
[2023-02-01T00:36:46.498+0000] {processor.py:176} INFO - Processing /opt/airflow/dags/group_dag.py took 0.078 seconds
[2023-02-01T00:37:16.896+0000] {processor.py:154} INFO - Started process (PID=4011) to work on /opt/airflow/dags/group_dag.py
[2023-02-01T00:37:16.899+0000] {processor.py:756} INFO - Processing file /opt/airflow/dags/group_dag.py for tasks to queue
[2023-02-01T00:37:16.901+0000] {logging_mixin.py:120} INFO - [2023-02-01T00:37:16.900+0000] {dagbag.py:537} INFO - Filling up the DagBag from /opt/airflow/dags/group_dag.py
[2023-02-01T00:37:16.916+0000] {processor.py:766} INFO - DAG(s) dict_keys(['group_dag']) retrieved from /opt/airflow/dags/group_dag.py
[2023-02-01T00:37:16.941+0000] {logging_mixin.py:120} INFO - [2023-02-01T00:37:16.941+0000] {dag.py:2585} INFO - Sync 1 DAGs
[2023-02-01T00:37:16.959+0000] {logging_mixin.py:120} INFO - [2023-02-01T00:37:16.959+0000] {dag.py:3340} INFO - Setting next_dagrun for group_dag to 2023-02-01T00:00:00+00:00, run_after=2023-02-02T00:00:00+00:00
[2023-02-01T00:37:16.971+0000] {processor.py:176} INFO - Processing /opt/airflow/dags/group_dag.py took 0.080 seconds
[2023-02-01T00:37:47.316+0000] {processor.py:154} INFO - Started process (PID=4050) to work on /opt/airflow/dags/group_dag.py
[2023-02-01T00:37:47.317+0000] {processor.py:756} INFO - Processing file /opt/airflow/dags/group_dag.py for tasks to queue
[2023-02-01T00:37:47.318+0000] {logging_mixin.py:120} INFO - [2023-02-01T00:37:47.318+0000] {dagbag.py:537} INFO - Filling up the DagBag from /opt/airflow/dags/group_dag.py
[2023-02-01T00:37:47.330+0000] {processor.py:766} INFO - DAG(s) dict_keys(['group_dag']) retrieved from /opt/airflow/dags/group_dag.py
[2023-02-01T00:37:47.362+0000] {logging_mixin.py:120} INFO - [2023-02-01T00:37:47.362+0000] {dag.py:2585} INFO - Sync 1 DAGs
[2023-02-01T00:37:47.388+0000] {logging_mixin.py:120} INFO - [2023-02-01T00:37:47.388+0000] {dag.py:3340} INFO - Setting next_dagrun for group_dag to 2023-02-01T00:00:00+00:00, run_after=2023-02-02T00:00:00+00:00
[2023-02-01T00:37:47.402+0000] {processor.py:176} INFO - Processing /opt/airflow/dags/group_dag.py took 0.087 seconds
[2023-02-01T00:38:17.851+0000] {processor.py:154} INFO - Started process (PID=4089) to work on /opt/airflow/dags/group_dag.py
[2023-02-01T00:38:17.863+0000] {processor.py:756} INFO - Processing file /opt/airflow/dags/group_dag.py for tasks to queue
[2023-02-01T00:38:17.864+0000] {logging_mixin.py:120} INFO - [2023-02-01T00:38:17.864+0000] {dagbag.py:537} INFO - Filling up the DagBag from /opt/airflow/dags/group_dag.py
[2023-02-01T00:38:17.938+0000] {processor.py:766} INFO - DAG(s) dict_keys(['group_dag']) retrieved from /opt/airflow/dags/group_dag.py
[2023-02-01T00:38:18.051+0000] {logging_mixin.py:120} INFO - [2023-02-01T00:38:18.050+0000] {dag.py:2585} INFO - Sync 1 DAGs
[2023-02-01T00:38:18.174+0000] {logging_mixin.py:120} INFO - [2023-02-01T00:38:18.174+0000] {dag.py:3340} INFO - Setting next_dagrun for group_dag to 2023-02-01T00:00:00+00:00, run_after=2023-02-02T00:00:00+00:00
[2023-02-01T00:38:18.264+0000] {processor.py:176} INFO - Processing /opt/airflow/dags/group_dag.py took 0.417 seconds
[2023-02-01T00:38:26.081+0000] {processor.py:154} INFO - Started process (PID=47) to work on /opt/airflow/dags/group_dag.py
[2023-02-01T00:38:26.083+0000] {processor.py:756} INFO - Processing file /opt/airflow/dags/group_dag.py for tasks to queue
[2023-02-01T00:38:26.084+0000] {logging_mixin.py:120} INFO - [2023-02-01T00:38:26.083+0000] {dagbag.py:537} INFO - Filling up the DagBag from /opt/airflow/dags/group_dag.py
[2023-02-01T00:38:26.126+0000] {processor.py:766} INFO - DAG(s) dict_keys(['group_dag']) retrieved from /opt/airflow/dags/group_dag.py
[2023-02-01T00:38:26.593+0000] {logging_mixin.py:120} INFO - [2023-02-01T00:38:26.592+0000] {manager.py:507} INFO - Created Permission View: can delete on DAG:group_dag
[2023-02-01T00:38:26.608+0000] {logging_mixin.py:120} INFO - [2023-02-01T00:38:26.608+0000] {manager.py:507} INFO - Created Permission View: can read on DAG:group_dag
[2023-02-01T00:38:26.617+0000] {logging_mixin.py:120} INFO - [2023-02-01T00:38:26.617+0000] {manager.py:507} INFO - Created Permission View: can edit on DAG:group_dag
[2023-02-01T00:38:26.618+0000] {logging_mixin.py:120} INFO - [2023-02-01T00:38:26.617+0000] {dag.py:2585} INFO - Sync 1 DAGs
[2023-02-01T00:38:26.644+0000] {logging_mixin.py:120} INFO - [2023-02-01T00:38:26.644+0000] {dag.py:2606} INFO - Creating ORM DAG for group_dag
[2023-02-01T00:38:26.669+0000] {logging_mixin.py:120} INFO - [2023-02-01T00:38:26.669+0000] {dag.py:3340} INFO - Setting next_dagrun for group_dag to 2023-01-31T00:00:00+00:00, run_after=2023-02-01T00:00:00+00:00
[2023-02-01T00:38:26.707+0000] {processor.py:176} INFO - Processing /opt/airflow/dags/group_dag.py took 0.629 seconds
[2023-02-01T00:38:48.430+0000] {processor.py:154} INFO - Started process (PID=4119) to work on /opt/airflow/dags/group_dag.py
[2023-02-01T00:38:48.433+0000] {processor.py:756} INFO - Processing file /opt/airflow/dags/group_dag.py for tasks to queue
[2023-02-01T00:38:48.433+0000] {logging_mixin.py:120} INFO - [2023-02-01T00:38:48.433+0000] {dagbag.py:537} INFO - Filling up the DagBag from /opt/airflow/dags/group_dag.py
[2023-02-01T00:38:48.448+0000] {processor.py:766} INFO - DAG(s) dict_keys(['group_dag']) retrieved from /opt/airflow/dags/group_dag.py
[2023-02-01T00:38:48.476+0000] {logging_mixin.py:120} INFO - [2023-02-01T00:38:48.476+0000] {dag.py:2585} INFO - Sync 1 DAGs
[2023-02-01T00:38:48.495+0000] {logging_mixin.py:120} INFO - [2023-02-01T00:38:48.495+0000] {dag.py:3340} INFO - Setting next_dagrun for group_dag to 2023-02-01T00:00:00+00:00, run_after=2023-02-02T00:00:00+00:00
[2023-02-01T00:38:48.509+0000] {processor.py:176} INFO - Processing /opt/airflow/dags/group_dag.py took 0.081 seconds
[2023-02-01T00:38:57.174+0000] {processor.py:154} INFO - Started process (PID=85) to work on /opt/airflow/dags/group_dag.py
[2023-02-01T00:38:57.175+0000] {processor.py:756} INFO - Processing file /opt/airflow/dags/group_dag.py for tasks to queue
[2023-02-01T00:38:57.176+0000] {logging_mixin.py:120} INFO - [2023-02-01T00:38:57.176+0000] {dagbag.py:537} INFO - Filling up the DagBag from /opt/airflow/dags/group_dag.py
[2023-02-01T00:38:57.201+0000] {processor.py:766} INFO - DAG(s) dict_keys(['group_dag']) retrieved from /opt/airflow/dags/group_dag.py
[2023-02-01T00:38:57.277+0000] {logging_mixin.py:120} INFO - [2023-02-01T00:38:57.277+0000] {dag.py:2585} INFO - Sync 1 DAGs
[2023-02-01T00:38:57.311+0000] {logging_mixin.py:120} INFO - [2023-02-01T00:38:57.310+0000] {dag.py:3340} INFO - Setting next_dagrun for group_dag to 2023-01-31T00:00:00+00:00, run_after=2023-02-01T00:00:00+00:00
[2023-02-01T00:38:57.336+0000] {processor.py:176} INFO - Processing /opt/airflow/dags/group_dag.py took 0.166 seconds
[2023-02-01T00:39:18.910+0000] {processor.py:154} INFO - Started process (PID=4157) to work on /opt/airflow/dags/group_dag.py
[2023-02-01T00:39:18.911+0000] {processor.py:756} INFO - Processing file /opt/airflow/dags/group_dag.py for tasks to queue
[2023-02-01T00:39:18.911+0000] {logging_mixin.py:120} INFO - [2023-02-01T00:39:18.911+0000] {dagbag.py:537} INFO - Filling up the DagBag from /opt/airflow/dags/group_dag.py
[2023-02-01T00:39:18.923+0000] {processor.py:766} INFO - DAG(s) dict_keys(['group_dag']) retrieved from /opt/airflow/dags/group_dag.py
[2023-02-01T00:39:18.950+0000] {logging_mixin.py:120} INFO - [2023-02-01T00:39:18.950+0000] {dag.py:2585} INFO - Sync 1 DAGs
[2023-02-01T00:39:18.969+0000] {logging_mixin.py:120} INFO - [2023-02-01T00:39:18.969+0000] {dag.py:3340} INFO - Setting next_dagrun for group_dag to 2023-02-01T00:00:00+00:00, run_after=2023-02-02T00:00:00+00:00
[2023-02-01T00:39:18.984+0000] {processor.py:176} INFO - Processing /opt/airflow/dags/group_dag.py took 0.076 seconds
[2023-02-01T00:39:27.393+0000] {processor.py:154} INFO - Started process (PID=114) to work on /opt/airflow/dags/group_dag.py
[2023-02-01T00:39:27.395+0000] {processor.py:756} INFO - Processing file /opt/airflow/dags/group_dag.py for tasks to queue
[2023-02-01T00:39:27.395+0000] {logging_mixin.py:120} INFO - [2023-02-01T00:39:27.395+0000] {dagbag.py:537} INFO - Filling up the DagBag from /opt/airflow/dags/group_dag.py
[2023-02-01T00:39:27.408+0000] {processor.py:766} INFO - DAG(s) dict_keys(['group_dag']) retrieved from /opt/airflow/dags/group_dag.py
[2023-02-01T00:39:27.462+0000] {logging_mixin.py:120} INFO - [2023-02-01T00:39:27.462+0000] {dag.py:2585} INFO - Sync 1 DAGs
[2023-02-01T00:39:27.480+0000] {logging_mixin.py:120} INFO - [2023-02-01T00:39:27.480+0000] {dag.py:3340} INFO - Setting next_dagrun for group_dag to 2023-01-31T00:00:00+00:00, run_after=2023-02-01T00:00:00+00:00
[2023-02-01T00:39:27.493+0000] {processor.py:176} INFO - Processing /opt/airflow/dags/group_dag.py took 0.102 seconds
