[2023-02-01T00:16:56.663+0000] {processor.py:154} INFO - Started process (PID=2578) to work on /opt/airflow/dags/subdags_dag.py
[2023-02-01T00:16:56.663+0000] {processor.py:756} INFO - Processing file /opt/airflow/dags/subdags_dag.py for tasks to queue
[2023-02-01T00:16:56.663+0000] {logging_mixin.py:120} INFO - [2023-02-01T00:16:56.663+0000] {dagbag.py:537} INFO - Filling up the DagBag from /opt/airflow/dags/subdags_dag.py
[2023-02-01T00:16:56.687+0000] {processor.py:766} INFO - DAG(s) dict_keys(['subdags_dag.transforms', 'subdags_dag.downloads', 'subdags_dag']) retrieved from /opt/airflow/dags/subdags_dag.py
[2023-02-01T00:16:56.894+0000] {logging_mixin.py:120} INFO - [2023-02-01T00:16:56.894+0000] {manager.py:507} INFO - Created Permission View: can edit on DAG:subdags_dag
[2023-02-01T00:16:56.903+0000] {logging_mixin.py:120} INFO - [2023-02-01T00:16:56.903+0000] {manager.py:507} INFO - Created Permission View: can read on DAG:subdags_dag
[2023-02-01T00:16:56.908+0000] {logging_mixin.py:120} INFO - [2023-02-01T00:16:56.907+0000] {manager.py:507} INFO - Created Permission View: can delete on DAG:subdags_dag
[2023-02-01T00:16:56.908+0000] {logging_mixin.py:120} INFO - [2023-02-01T00:16:56.908+0000] {dag.py:2585} INFO - Sync 3 DAGs
[2023-02-01T00:16:56.922+0000] {logging_mixin.py:120} INFO - [2023-02-01T00:16:56.921+0000] {dag.py:2606} INFO - Creating ORM DAG for subdags_dag
[2023-02-01T00:16:56.922+0000] {logging_mixin.py:120} INFO - [2023-02-01T00:16:56.922+0000] {dag.py:2606} INFO - Creating ORM DAG for subdags_dag.transforms
[2023-02-01T00:16:56.923+0000] {logging_mixin.py:120} INFO - [2023-02-01T00:16:56.922+0000] {dag.py:2606} INFO - Creating ORM DAG for subdags_dag.downloads
[2023-02-01T00:16:56.934+0000] {logging_mixin.py:120} INFO - [2023-02-01T00:16:56.934+0000] {dag.py:3340} INFO - Setting next_dagrun for subdags_dag to 2023-01-31T00:00:00+00:00, run_after=2023-02-01T00:00:00+00:00
[2023-02-01T00:16:56.934+0000] {logging_mixin.py:120} INFO - [2023-02-01T00:16:56.934+0000] {dag.py:3340} INFO - Setting next_dagrun for subdags_dag.downloads to None, run_after=None
[2023-02-01T00:16:56.934+0000] {logging_mixin.py:120} INFO - [2023-02-01T00:16:56.934+0000] {dag.py:3340} INFO - Setting next_dagrun for subdags_dag.transforms to None, run_after=None
[2023-02-01T00:16:56.942+0000] {logging_mixin.py:120} INFO - [2023-02-01T00:16:56.942+0000] {dag.py:2585} INFO - Sync 2 DAGs
[2023-02-01T00:16:56.947+0000] {logging_mixin.py:120} INFO - [2023-02-01T00:16:56.947+0000] {dag.py:3340} INFO - Setting next_dagrun for subdags_dag.downloads to None, run_after=None
[2023-02-01T00:16:56.950+0000] {logging_mixin.py:120} INFO - [2023-02-01T00:16:56.950+0000] {dag.py:3340} INFO - Setting next_dagrun for subdags_dag.transforms to None, run_after=None
[2023-02-01T00:16:56.960+0000] {processor.py:176} INFO - Processing /opt/airflow/dags/subdags_dag.py took 0.299 seconds
[2023-02-01T00:17:27.273+0000] {processor.py:154} INFO - Started process (PID=2606) to work on /opt/airflow/dags/subdags_dag.py
[2023-02-01T00:17:27.274+0000] {processor.py:756} INFO - Processing file /opt/airflow/dags/subdags_dag.py for tasks to queue
[2023-02-01T00:17:27.275+0000] {logging_mixin.py:120} INFO - [2023-02-01T00:17:27.275+0000] {dagbag.py:537} INFO - Filling up the DagBag from /opt/airflow/dags/subdags_dag.py
[2023-02-01T00:17:27.301+0000] {processor.py:766} INFO - DAG(s) dict_keys(['subdags_dag.downloads', 'subdags_dag.transforms', 'subdags_dag']) retrieved from /opt/airflow/dags/subdags_dag.py
[2023-02-01T00:17:27.423+0000] {logging_mixin.py:120} INFO - [2023-02-01T00:17:27.423+0000] {dag.py:2585} INFO - Sync 3 DAGs
[2023-02-01T00:17:27.439+0000] {logging_mixin.py:120} INFO - [2023-02-01T00:17:27.439+0000] {dag.py:3340} INFO - Setting next_dagrun for subdags_dag to 2023-01-31T00:00:00+00:00, run_after=2023-02-01T00:00:00+00:00
[2023-02-01T00:17:27.441+0000] {logging_mixin.py:120} INFO - [2023-02-01T00:17:27.441+0000] {dag.py:3340} INFO - Setting next_dagrun for subdags_dag.downloads to None, run_after=None
[2023-02-01T00:17:27.442+0000] {logging_mixin.py:120} INFO - [2023-02-01T00:17:27.442+0000] {dag.py:3340} INFO - Setting next_dagrun for subdags_dag.transforms to None, run_after=None
[2023-02-01T00:17:27.445+0000] {logging_mixin.py:120} INFO - [2023-02-01T00:17:27.445+0000] {dag.py:2585} INFO - Sync 2 DAGs
[2023-02-01T00:17:27.449+0000] {logging_mixin.py:120} INFO - [2023-02-01T00:17:27.449+0000] {dag.py:3340} INFO - Setting next_dagrun for subdags_dag.downloads to None, run_after=None
[2023-02-01T00:17:27.449+0000] {logging_mixin.py:120} INFO - [2023-02-01T00:17:27.449+0000] {dag.py:3340} INFO - Setting next_dagrun for subdags_dag.transforms to None, run_after=None
[2023-02-01T00:17:27.458+0000] {processor.py:176} INFO - Processing /opt/airflow/dags/subdags_dag.py took 0.190 seconds
[2023-02-01T00:17:57.764+0000] {processor.py:154} INFO - Started process (PID=2641) to work on /opt/airflow/dags/subdags_dag.py
[2023-02-01T00:17:57.766+0000] {processor.py:756} INFO - Processing file /opt/airflow/dags/subdags_dag.py for tasks to queue
[2023-02-01T00:17:57.767+0000] {logging_mixin.py:120} INFO - [2023-02-01T00:17:57.767+0000] {dagbag.py:537} INFO - Filling up the DagBag from /opt/airflow/dags/subdags_dag.py
[2023-02-01T00:17:57.792+0000] {processor.py:766} INFO - DAG(s) dict_keys(['subdags_dag.downloads', 'subdags_dag.transforms', 'subdags_dag']) retrieved from /opt/airflow/dags/subdags_dag.py
[2023-02-01T00:17:57.927+0000] {logging_mixin.py:120} INFO - [2023-02-01T00:17:57.927+0000] {dag.py:2585} INFO - Sync 3 DAGs
[2023-02-01T00:17:57.944+0000] {logging_mixin.py:120} INFO - [2023-02-01T00:17:57.944+0000] {dag.py:3340} INFO - Setting next_dagrun for subdags_dag to 2023-01-31T00:00:00+00:00, run_after=2023-02-01T00:00:00+00:00
[2023-02-01T00:17:57.946+0000] {logging_mixin.py:120} INFO - [2023-02-01T00:17:57.946+0000] {dag.py:3340} INFO - Setting next_dagrun for subdags_dag.downloads to None, run_after=None
[2023-02-01T00:17:57.947+0000] {logging_mixin.py:120} INFO - [2023-02-01T00:17:57.947+0000] {dag.py:3340} INFO - Setting next_dagrun for subdags_dag.transforms to None, run_after=None
[2023-02-01T00:17:57.950+0000] {logging_mixin.py:120} INFO - [2023-02-01T00:17:57.950+0000] {dag.py:2585} INFO - Sync 2 DAGs
[2023-02-01T00:17:57.955+0000] {logging_mixin.py:120} INFO - [2023-02-01T00:17:57.955+0000] {dag.py:3340} INFO - Setting next_dagrun for subdags_dag.downloads to None, run_after=None
[2023-02-01T00:17:57.955+0000] {logging_mixin.py:120} INFO - [2023-02-01T00:17:57.955+0000] {dag.py:3340} INFO - Setting next_dagrun for subdags_dag.transforms to None, run_after=None
[2023-02-01T00:17:57.964+0000] {processor.py:176} INFO - Processing /opt/airflow/dags/subdags_dag.py took 0.202 seconds
[2023-02-01T00:18:28.281+0000] {processor.py:154} INFO - Started process (PID=2676) to work on /opt/airflow/dags/subdags_dag.py
[2023-02-01T00:18:28.282+0000] {processor.py:756} INFO - Processing file /opt/airflow/dags/subdags_dag.py for tasks to queue
[2023-02-01T00:18:28.283+0000] {logging_mixin.py:120} INFO - [2023-02-01T00:18:28.283+0000] {dagbag.py:537} INFO - Filling up the DagBag from /opt/airflow/dags/subdags_dag.py
[2023-02-01T00:18:28.310+0000] {processor.py:766} INFO - DAG(s) dict_keys(['subdags_dag.transforms', 'subdags_dag.downloads', 'subdags_dag']) retrieved from /opt/airflow/dags/subdags_dag.py
[2023-02-01T00:18:28.432+0000] {logging_mixin.py:120} INFO - [2023-02-01T00:18:28.432+0000] {dag.py:2585} INFO - Sync 3 DAGs
[2023-02-01T00:18:28.447+0000] {logging_mixin.py:120} INFO - [2023-02-01T00:18:28.447+0000] {dag.py:3340} INFO - Setting next_dagrun for subdags_dag to 2023-01-31T00:00:00+00:00, run_after=2023-02-01T00:00:00+00:00
[2023-02-01T00:18:28.449+0000] {logging_mixin.py:120} INFO - [2023-02-01T00:18:28.449+0000] {dag.py:3340} INFO - Setting next_dagrun for subdags_dag.downloads to None, run_after=None
[2023-02-01T00:18:28.450+0000] {logging_mixin.py:120} INFO - [2023-02-01T00:18:28.450+0000] {dag.py:3340} INFO - Setting next_dagrun for subdags_dag.transforms to None, run_after=None
[2023-02-01T00:18:28.453+0000] {logging_mixin.py:120} INFO - [2023-02-01T00:18:28.453+0000] {dag.py:2585} INFO - Sync 2 DAGs
[2023-02-01T00:18:28.457+0000] {logging_mixin.py:120} INFO - [2023-02-01T00:18:28.457+0000] {dag.py:3340} INFO - Setting next_dagrun for subdags_dag.downloads to None, run_after=None
[2023-02-01T00:18:28.457+0000] {logging_mixin.py:120} INFO - [2023-02-01T00:18:28.457+0000] {dag.py:3340} INFO - Setting next_dagrun for subdags_dag.transforms to None, run_after=None
[2023-02-01T00:18:28.466+0000] {processor.py:176} INFO - Processing /opt/airflow/dags/subdags_dag.py took 0.191 seconds
[2023-02-01T00:18:58.781+0000] {processor.py:154} INFO - Started process (PID=2711) to work on /opt/airflow/dags/subdags_dag.py
[2023-02-01T00:18:58.784+0000] {processor.py:756} INFO - Processing file /opt/airflow/dags/subdags_dag.py for tasks to queue
[2023-02-01T00:18:58.785+0000] {logging_mixin.py:120} INFO - [2023-02-01T00:18:58.785+0000] {dagbag.py:537} INFO - Filling up the DagBag from /opt/airflow/dags/subdags_dag.py
[2023-02-01T00:18:58.812+0000] {processor.py:766} INFO - DAG(s) dict_keys(['subdags_dag.downloads', 'subdags_dag.transforms', 'subdags_dag']) retrieved from /opt/airflow/dags/subdags_dag.py
[2023-02-01T00:18:58.944+0000] {logging_mixin.py:120} INFO - [2023-02-01T00:18:58.944+0000] {dag.py:2585} INFO - Sync 3 DAGs
[2023-02-01T00:18:58.961+0000] {logging_mixin.py:120} INFO - [2023-02-01T00:18:58.961+0000] {dag.py:3340} INFO - Setting next_dagrun for subdags_dag to 2023-01-31T00:00:00+00:00, run_after=2023-02-01T00:00:00+00:00
[2023-02-01T00:18:58.963+0000] {logging_mixin.py:120} INFO - [2023-02-01T00:18:58.963+0000] {dag.py:3340} INFO - Setting next_dagrun for subdags_dag.downloads to None, run_after=None
[2023-02-01T00:18:58.964+0000] {logging_mixin.py:120} INFO - [2023-02-01T00:18:58.964+0000] {dag.py:3340} INFO - Setting next_dagrun for subdags_dag.transforms to None, run_after=None
[2023-02-01T00:18:58.967+0000] {logging_mixin.py:120} INFO - [2023-02-01T00:18:58.967+0000] {dag.py:2585} INFO - Sync 2 DAGs
[2023-02-01T00:18:58.970+0000] {logging_mixin.py:120} INFO - [2023-02-01T00:18:58.970+0000] {dag.py:3340} INFO - Setting next_dagrun for subdags_dag.downloads to None, run_after=None
[2023-02-01T00:18:58.970+0000] {logging_mixin.py:120} INFO - [2023-02-01T00:18:58.970+0000] {dag.py:3340} INFO - Setting next_dagrun for subdags_dag.transforms to None, run_after=None
[2023-02-01T00:18:58.979+0000] {processor.py:176} INFO - Processing /opt/airflow/dags/subdags_dag.py took 0.200 seconds
[2023-02-01T00:19:29.302+0000] {processor.py:154} INFO - Started process (PID=2737) to work on /opt/airflow/dags/subdags_dag.py
[2023-02-01T00:19:29.304+0000] {processor.py:756} INFO - Processing file /opt/airflow/dags/subdags_dag.py for tasks to queue
[2023-02-01T00:19:29.305+0000] {logging_mixin.py:120} INFO - [2023-02-01T00:19:29.305+0000] {dagbag.py:537} INFO - Filling up the DagBag from /opt/airflow/dags/subdags_dag.py
[2023-02-01T00:19:29.329+0000] {processor.py:766} INFO - DAG(s) dict_keys(['subdags_dag.transforms', 'subdags_dag.downloads', 'subdags_dag']) retrieved from /opt/airflow/dags/subdags_dag.py
[2023-02-01T00:19:29.454+0000] {logging_mixin.py:120} INFO - [2023-02-01T00:19:29.453+0000] {dag.py:2585} INFO - Sync 3 DAGs
[2023-02-01T00:19:29.470+0000] {logging_mixin.py:120} INFO - [2023-02-01T00:19:29.470+0000] {dag.py:3340} INFO - Setting next_dagrun for subdags_dag to 2023-01-31T00:00:00+00:00, run_after=2023-02-01T00:00:00+00:00
[2023-02-01T00:19:29.472+0000] {logging_mixin.py:120} INFO - [2023-02-01T00:19:29.472+0000] {dag.py:3340} INFO - Setting next_dagrun for subdags_dag.downloads to None, run_after=None
[2023-02-01T00:19:29.472+0000] {logging_mixin.py:120} INFO - [2023-02-01T00:19:29.472+0000] {dag.py:3340} INFO - Setting next_dagrun for subdags_dag.transforms to None, run_after=None
[2023-02-01T00:19:29.476+0000] {logging_mixin.py:120} INFO - [2023-02-01T00:19:29.476+0000] {dag.py:2585} INFO - Sync 2 DAGs
[2023-02-01T00:19:29.479+0000] {logging_mixin.py:120} INFO - [2023-02-01T00:19:29.479+0000] {dag.py:3340} INFO - Setting next_dagrun for subdags_dag.downloads to None, run_after=None
[2023-02-01T00:19:29.479+0000] {logging_mixin.py:120} INFO - [2023-02-01T00:19:29.479+0000] {dag.py:3340} INFO - Setting next_dagrun for subdags_dag.transforms to None, run_after=None
[2023-02-01T00:19:29.488+0000] {processor.py:176} INFO - Processing /opt/airflow/dags/subdags_dag.py took 0.188 seconds
[2023-02-01T00:19:59.840+0000] {processor.py:154} INFO - Started process (PID=2772) to work on /opt/airflow/dags/subdags_dag.py
[2023-02-01T00:19:59.842+0000] {processor.py:756} INFO - Processing file /opt/airflow/dags/subdags_dag.py for tasks to queue
[2023-02-01T00:19:59.843+0000] {logging_mixin.py:120} INFO - [2023-02-01T00:19:59.843+0000] {dagbag.py:537} INFO - Filling up the DagBag from /opt/airflow/dags/subdags_dag.py
[2023-02-01T00:19:59.870+0000] {processor.py:766} INFO - DAG(s) dict_keys(['subdags_dag.downloads', 'subdags_dag.transforms', 'subdags_dag']) retrieved from /opt/airflow/dags/subdags_dag.py
[2023-02-01T00:20:00.000+0000] {logging_mixin.py:120} INFO - [2023-02-01T00:20:00.000+0000] {dag.py:2585} INFO - Sync 3 DAGs
[2023-02-01T00:20:00.017+0000] {logging_mixin.py:120} INFO - [2023-02-01T00:20:00.017+0000] {dag.py:3340} INFO - Setting next_dagrun for subdags_dag to 2023-01-31T00:00:00+00:00, run_after=2023-02-01T00:00:00+00:00
[2023-02-01T00:20:00.019+0000] {logging_mixin.py:120} INFO - [2023-02-01T00:20:00.019+0000] {dag.py:3340} INFO - Setting next_dagrun for subdags_dag.downloads to None, run_after=None
[2023-02-01T00:20:00.019+0000] {logging_mixin.py:120} INFO - [2023-02-01T00:20:00.019+0000] {dag.py:3340} INFO - Setting next_dagrun for subdags_dag.transforms to None, run_after=None
[2023-02-01T00:20:00.023+0000] {logging_mixin.py:120} INFO - [2023-02-01T00:20:00.023+0000] {dag.py:2585} INFO - Sync 2 DAGs
[2023-02-01T00:20:00.026+0000] {logging_mixin.py:120} INFO - [2023-02-01T00:20:00.026+0000] {dag.py:3340} INFO - Setting next_dagrun for subdags_dag.downloads to None, run_after=None
[2023-02-01T00:20:00.026+0000] {logging_mixin.py:120} INFO - [2023-02-01T00:20:00.026+0000] {dag.py:3340} INFO - Setting next_dagrun for subdags_dag.transforms to None, run_after=None
[2023-02-01T00:20:00.033+0000] {processor.py:176} INFO - Processing /opt/airflow/dags/subdags_dag.py took 0.200 seconds
[2023-02-01T00:20:30.367+0000] {processor.py:154} INFO - Started process (PID=2808) to work on /opt/airflow/dags/subdags_dag.py
[2023-02-01T00:20:30.369+0000] {processor.py:756} INFO - Processing file /opt/airflow/dags/subdags_dag.py for tasks to queue
[2023-02-01T00:20:30.370+0000] {logging_mixin.py:120} INFO - [2023-02-01T00:20:30.370+0000] {dagbag.py:537} INFO - Filling up the DagBag from /opt/airflow/dags/subdags_dag.py
[2023-02-01T00:20:30.396+0000] {processor.py:766} INFO - DAG(s) dict_keys(['subdags_dag.downloads', 'subdags_dag.transforms', 'subdags_dag']) retrieved from /opt/airflow/dags/subdags_dag.py
[2023-02-01T00:20:30.533+0000] {logging_mixin.py:120} INFO - [2023-02-01T00:20:30.533+0000] {dag.py:2585} INFO - Sync 3 DAGs
[2023-02-01T00:20:30.549+0000] {logging_mixin.py:120} INFO - [2023-02-01T00:20:30.549+0000] {dag.py:3340} INFO - Setting next_dagrun for subdags_dag to 2023-01-31T00:00:00+00:00, run_after=2023-02-01T00:00:00+00:00
[2023-02-01T00:20:30.552+0000] {logging_mixin.py:120} INFO - [2023-02-01T00:20:30.552+0000] {dag.py:3340} INFO - Setting next_dagrun for subdags_dag.downloads to None, run_after=None
[2023-02-01T00:20:30.553+0000] {logging_mixin.py:120} INFO - [2023-02-01T00:20:30.553+0000] {dag.py:3340} INFO - Setting next_dagrun for subdags_dag.transforms to None, run_after=None
[2023-02-01T00:20:30.556+0000] {logging_mixin.py:120} INFO - [2023-02-01T00:20:30.556+0000] {dag.py:2585} INFO - Sync 2 DAGs
[2023-02-01T00:20:30.560+0000] {logging_mixin.py:120} INFO - [2023-02-01T00:20:30.560+0000] {dag.py:3340} INFO - Setting next_dagrun for subdags_dag.downloads to None, run_after=None
[2023-02-01T00:20:30.560+0000] {logging_mixin.py:120} INFO - [2023-02-01T00:20:30.560+0000] {dag.py:3340} INFO - Setting next_dagrun for subdags_dag.transforms to None, run_after=None
[2023-02-01T00:20:30.569+0000] {processor.py:176} INFO - Processing /opt/airflow/dags/subdags_dag.py took 0.207 seconds
[2023-02-01T00:21:00.887+0000] {processor.py:154} INFO - Started process (PID=2843) to work on /opt/airflow/dags/subdags_dag.py
[2023-02-01T00:21:00.889+0000] {processor.py:756} INFO - Processing file /opt/airflow/dags/subdags_dag.py for tasks to queue
[2023-02-01T00:21:00.890+0000] {logging_mixin.py:120} INFO - [2023-02-01T00:21:00.889+0000] {dagbag.py:537} INFO - Filling up the DagBag from /opt/airflow/dags/subdags_dag.py
[2023-02-01T00:21:00.914+0000] {processor.py:766} INFO - DAG(s) dict_keys(['subdags_dag.downloads', 'subdags_dag.transforms', 'subdags_dag']) retrieved from /opt/airflow/dags/subdags_dag.py
[2023-02-01T00:21:01.037+0000] {logging_mixin.py:120} INFO - [2023-02-01T00:21:01.037+0000] {dag.py:2585} INFO - Sync 3 DAGs
[2023-02-01T00:21:01.054+0000] {logging_mixin.py:120} INFO - [2023-02-01T00:21:01.054+0000] {dag.py:3340} INFO - Setting next_dagrun for subdags_dag to 2023-01-31T00:00:00+00:00, run_after=2023-02-01T00:00:00+00:00
[2023-02-01T00:21:01.056+0000] {logging_mixin.py:120} INFO - [2023-02-01T00:21:01.056+0000] {dag.py:3340} INFO - Setting next_dagrun for subdags_dag.downloads to None, run_after=None
[2023-02-01T00:21:01.057+0000] {logging_mixin.py:120} INFO - [2023-02-01T00:21:01.057+0000] {dag.py:3340} INFO - Setting next_dagrun for subdags_dag.transforms to None, run_after=None
[2023-02-01T00:21:01.061+0000] {logging_mixin.py:120} INFO - [2023-02-01T00:21:01.061+0000] {dag.py:2585} INFO - Sync 2 DAGs
[2023-02-01T00:21:01.065+0000] {logging_mixin.py:120} INFO - [2023-02-01T00:21:01.064+0000] {dag.py:3340} INFO - Setting next_dagrun for subdags_dag.downloads to None, run_after=None
[2023-02-01T00:21:01.065+0000] {logging_mixin.py:120} INFO - [2023-02-01T00:21:01.065+0000] {dag.py:3340} INFO - Setting next_dagrun for subdags_dag.transforms to None, run_after=None
[2023-02-01T00:21:01.072+0000] {processor.py:176} INFO - Processing /opt/airflow/dags/subdags_dag.py took 0.190 seconds
[2023-02-01T00:21:31.378+0000] {processor.py:154} INFO - Started process (PID=2878) to work on /opt/airflow/dags/subdags_dag.py
[2023-02-01T00:21:31.380+0000] {processor.py:756} INFO - Processing file /opt/airflow/dags/subdags_dag.py for tasks to queue
[2023-02-01T00:21:31.381+0000] {logging_mixin.py:120} INFO - [2023-02-01T00:21:31.381+0000] {dagbag.py:537} INFO - Filling up the DagBag from /opt/airflow/dags/subdags_dag.py
[2023-02-01T00:21:31.403+0000] {processor.py:766} INFO - DAG(s) dict_keys(['subdags_dag.transforms', 'subdags_dag.downloads', 'subdags_dag']) retrieved from /opt/airflow/dags/subdags_dag.py
[2023-02-01T00:21:31.525+0000] {logging_mixin.py:120} INFO - [2023-02-01T00:21:31.525+0000] {dag.py:2585} INFO - Sync 3 DAGs
[2023-02-01T00:21:31.541+0000] {logging_mixin.py:120} INFO - [2023-02-01T00:21:31.541+0000] {dag.py:3340} INFO - Setting next_dagrun for subdags_dag to 2023-01-31T00:00:00+00:00, run_after=2023-02-01T00:00:00+00:00
[2023-02-01T00:21:31.543+0000] {logging_mixin.py:120} INFO - [2023-02-01T00:21:31.543+0000] {dag.py:3340} INFO - Setting next_dagrun for subdags_dag.downloads to None, run_after=None
[2023-02-01T00:21:31.544+0000] {logging_mixin.py:120} INFO - [2023-02-01T00:21:31.544+0000] {dag.py:3340} INFO - Setting next_dagrun for subdags_dag.transforms to None, run_after=None
[2023-02-01T00:21:31.547+0000] {logging_mixin.py:120} INFO - [2023-02-01T00:21:31.547+0000] {dag.py:2585} INFO - Sync 2 DAGs
[2023-02-01T00:21:31.551+0000] {logging_mixin.py:120} INFO - [2023-02-01T00:21:31.551+0000] {dag.py:3340} INFO - Setting next_dagrun for subdags_dag.downloads to None, run_after=None
[2023-02-01T00:21:31.551+0000] {logging_mixin.py:120} INFO - [2023-02-01T00:21:31.551+0000] {dag.py:3340} INFO - Setting next_dagrun for subdags_dag.transforms to None, run_after=None
[2023-02-01T00:21:31.561+0000] {processor.py:176} INFO - Processing /opt/airflow/dags/subdags_dag.py took 0.186 seconds
[2023-02-01T00:22:01.941+0000] {processor.py:154} INFO - Started process (PID=2908) to work on /opt/airflow/dags/subdags_dag.py
[2023-02-01T00:22:01.942+0000] {processor.py:756} INFO - Processing file /opt/airflow/dags/subdags_dag.py for tasks to queue
[2023-02-01T00:22:01.943+0000] {logging_mixin.py:120} INFO - [2023-02-01T00:22:01.943+0000] {dagbag.py:537} INFO - Filling up the DagBag from /opt/airflow/dags/subdags_dag.py
[2023-02-01T00:22:01.965+0000] {processor.py:766} INFO - DAG(s) dict_keys(['subdags_dag.downloads', 'subdags_dag.transforms', 'subdags_dag']) retrieved from /opt/airflow/dags/subdags_dag.py
[2023-02-01T00:22:02.096+0000] {logging_mixin.py:120} INFO - [2023-02-01T00:22:02.096+0000] {dag.py:2585} INFO - Sync 3 DAGs
[2023-02-01T00:22:02.113+0000] {logging_mixin.py:120} INFO - [2023-02-01T00:22:02.113+0000] {dag.py:3340} INFO - Setting next_dagrun for subdags_dag to 2023-01-31T00:00:00+00:00, run_after=2023-02-01T00:00:00+00:00
[2023-02-01T00:22:02.115+0000] {logging_mixin.py:120} INFO - [2023-02-01T00:22:02.115+0000] {dag.py:3340} INFO - Setting next_dagrun for subdags_dag.downloads to None, run_after=None
[2023-02-01T00:22:02.116+0000] {logging_mixin.py:120} INFO - [2023-02-01T00:22:02.116+0000] {dag.py:3340} INFO - Setting next_dagrun for subdags_dag.transforms to None, run_after=None
[2023-02-01T00:22:02.120+0000] {logging_mixin.py:120} INFO - [2023-02-01T00:22:02.120+0000] {dag.py:2585} INFO - Sync 2 DAGs
[2023-02-01T00:22:02.123+0000] {logging_mixin.py:120} INFO - [2023-02-01T00:22:02.123+0000] {dag.py:3340} INFO - Setting next_dagrun for subdags_dag.downloads to None, run_after=None
[2023-02-01T00:22:02.123+0000] {logging_mixin.py:120} INFO - [2023-02-01T00:22:02.123+0000] {dag.py:3340} INFO - Setting next_dagrun for subdags_dag.transforms to None, run_after=None
[2023-02-01T00:22:02.131+0000] {processor.py:176} INFO - Processing /opt/airflow/dags/subdags_dag.py took 0.193 seconds
[2023-02-01T00:22:32.505+0000] {processor.py:154} INFO - Started process (PID=2949) to work on /opt/airflow/dags/subdags_dag.py
[2023-02-01T00:22:32.506+0000] {processor.py:756} INFO - Processing file /opt/airflow/dags/subdags_dag.py for tasks to queue
[2023-02-01T00:22:32.507+0000] {logging_mixin.py:120} INFO - [2023-02-01T00:22:32.506+0000] {dagbag.py:537} INFO - Filling up the DagBag from /opt/airflow/dags/subdags_dag.py
[2023-02-01T00:22:32.532+0000] {processor.py:766} INFO - DAG(s) dict_keys(['subdags_dag.transforms', 'subdags_dag.downloads', 'subdags_dag']) retrieved from /opt/airflow/dags/subdags_dag.py
[2023-02-01T00:22:32.660+0000] {logging_mixin.py:120} INFO - [2023-02-01T00:22:32.660+0000] {dag.py:2585} INFO - Sync 3 DAGs
[2023-02-01T00:22:32.676+0000] {logging_mixin.py:120} INFO - [2023-02-01T00:22:32.676+0000] {dag.py:3340} INFO - Setting next_dagrun for subdags_dag to 2023-02-01T00:00:00+00:00, run_after=2023-02-02T00:00:00+00:00
[2023-02-01T00:22:32.678+0000] {logging_mixin.py:120} INFO - [2023-02-01T00:22:32.678+0000] {dag.py:3340} INFO - Setting next_dagrun for subdags_dag.downloads to None, run_after=None
[2023-02-01T00:22:32.679+0000] {logging_mixin.py:120} INFO - [2023-02-01T00:22:32.679+0000] {dag.py:3340} INFO - Setting next_dagrun for subdags_dag.transforms to None, run_after=None
[2023-02-01T00:22:32.682+0000] {logging_mixin.py:120} INFO - [2023-02-01T00:22:32.682+0000] {dag.py:2585} INFO - Sync 2 DAGs
[2023-02-01T00:22:32.686+0000] {logging_mixin.py:120} INFO - [2023-02-01T00:22:32.685+0000] {dag.py:3340} INFO - Setting next_dagrun for subdags_dag.downloads to None, run_after=None
[2023-02-01T00:22:32.686+0000] {logging_mixin.py:120} INFO - [2023-02-01T00:22:32.686+0000] {dag.py:3340} INFO - Setting next_dagrun for subdags_dag.transforms to None, run_after=None
[2023-02-01T00:22:32.693+0000] {processor.py:176} INFO - Processing /opt/airflow/dags/subdags_dag.py took 0.192 seconds
[2023-02-01T00:23:03.028+0000] {processor.py:154} INFO - Started process (PID=2985) to work on /opt/airflow/dags/subdags_dag.py
[2023-02-01T00:23:03.028+0000] {processor.py:756} INFO - Processing file /opt/airflow/dags/subdags_dag.py for tasks to queue
[2023-02-01T00:23:03.029+0000] {logging_mixin.py:120} INFO - [2023-02-01T00:23:03.029+0000] {dagbag.py:537} INFO - Filling up the DagBag from /opt/airflow/dags/subdags_dag.py
[2023-02-01T00:23:03.053+0000] {processor.py:766} INFO - DAG(s) dict_keys(['subdags_dag.downloads', 'subdags_dag.transforms', 'subdags_dag']) retrieved from /opt/airflow/dags/subdags_dag.py
[2023-02-01T00:23:03.185+0000] {logging_mixin.py:120} INFO - [2023-02-01T00:23:03.185+0000] {dag.py:2585} INFO - Sync 3 DAGs
[2023-02-01T00:23:03.202+0000] {logging_mixin.py:120} INFO - [2023-02-01T00:23:03.202+0000] {dag.py:3340} INFO - Setting next_dagrun for subdags_dag to 2023-02-01T00:00:00+00:00, run_after=2023-02-02T00:00:00+00:00
[2023-02-01T00:23:03.204+0000] {logging_mixin.py:120} INFO - [2023-02-01T00:23:03.203+0000] {dag.py:3340} INFO - Setting next_dagrun for subdags_dag.downloads to None, run_after=None
[2023-02-01T00:23:03.204+0000] {logging_mixin.py:120} INFO - [2023-02-01T00:23:03.204+0000] {dag.py:3340} INFO - Setting next_dagrun for subdags_dag.transforms to None, run_after=None
[2023-02-01T00:23:03.208+0000] {logging_mixin.py:120} INFO - [2023-02-01T00:23:03.208+0000] {dag.py:2585} INFO - Sync 2 DAGs
[2023-02-01T00:23:03.212+0000] {logging_mixin.py:120} INFO - [2023-02-01T00:23:03.212+0000] {dag.py:3340} INFO - Setting next_dagrun for subdags_dag.downloads to None, run_after=None
[2023-02-01T00:23:03.212+0000] {logging_mixin.py:120} INFO - [2023-02-01T00:23:03.212+0000] {dag.py:3340} INFO - Setting next_dagrun for subdags_dag.transforms to None, run_after=None
[2023-02-01T00:23:03.223+0000] {processor.py:176} INFO - Processing /opt/airflow/dags/subdags_dag.py took 0.198 seconds
[2023-02-01T00:23:33.533+0000] {processor.py:154} INFO - Started process (PID=3028) to work on /opt/airflow/dags/subdags_dag.py
[2023-02-01T00:23:33.534+0000] {processor.py:756} INFO - Processing file /opt/airflow/dags/subdags_dag.py for tasks to queue
[2023-02-01T00:23:33.534+0000] {logging_mixin.py:120} INFO - [2023-02-01T00:23:33.534+0000] {dagbag.py:537} INFO - Filling up the DagBag from /opt/airflow/dags/subdags_dag.py
[2023-02-01T00:23:33.558+0000] {processor.py:766} INFO - DAG(s) dict_keys(['subdags_dag.downloads', 'subdags_dag.transforms', 'subdags_dag']) retrieved from /opt/airflow/dags/subdags_dag.py
[2023-02-01T00:23:33.722+0000] {logging_mixin.py:120} INFO - [2023-02-01T00:23:33.722+0000] {dag.py:2585} INFO - Sync 3 DAGs
[2023-02-01T00:23:33.742+0000] {logging_mixin.py:120} INFO - [2023-02-01T00:23:33.742+0000] {dag.py:3340} INFO - Setting next_dagrun for subdags_dag to 2023-02-01T00:00:00+00:00, run_after=2023-02-02T00:00:00+00:00
[2023-02-01T00:23:33.744+0000] {logging_mixin.py:120} INFO - [2023-02-01T00:23:33.744+0000] {dag.py:3340} INFO - Setting next_dagrun for subdags_dag.downloads to None, run_after=None
[2023-02-01T00:23:33.745+0000] {logging_mixin.py:120} INFO - [2023-02-01T00:23:33.745+0000] {dag.py:3340} INFO - Setting next_dagrun for subdags_dag.transforms to None, run_after=None
[2023-02-01T00:23:33.749+0000] {logging_mixin.py:120} INFO - [2023-02-01T00:23:33.749+0000] {dag.py:2585} INFO - Sync 2 DAGs
[2023-02-01T00:23:33.754+0000] {logging_mixin.py:120} INFO - [2023-02-01T00:23:33.754+0000] {dag.py:3340} INFO - Setting next_dagrun for subdags_dag.downloads to None, run_after=None
[2023-02-01T00:23:33.754+0000] {logging_mixin.py:120} INFO - [2023-02-01T00:23:33.754+0000] {dag.py:3340} INFO - Setting next_dagrun for subdags_dag.transforms to None, run_after=None
[2023-02-01T00:23:33.763+0000] {processor.py:176} INFO - Processing /opt/airflow/dags/subdags_dag.py took 0.231 seconds
[2023-02-01T00:24:04.087+0000] {processor.py:154} INFO - Started process (PID=3057) to work on /opt/airflow/dags/subdags_dag.py
[2023-02-01T00:24:04.088+0000] {processor.py:756} INFO - Processing file /opt/airflow/dags/subdags_dag.py for tasks to queue
[2023-02-01T00:24:04.089+0000] {logging_mixin.py:120} INFO - [2023-02-01T00:24:04.089+0000] {dagbag.py:537} INFO - Filling up the DagBag from /opt/airflow/dags/subdags_dag.py
[2023-02-01T00:24:04.112+0000] {processor.py:766} INFO - DAG(s) dict_keys(['subdags_dag.downloads', 'subdags_dag.transforms', 'subdags_dag']) retrieved from /opt/airflow/dags/subdags_dag.py
[2023-02-01T00:24:04.244+0000] {logging_mixin.py:120} INFO - [2023-02-01T00:24:04.244+0000] {dag.py:2585} INFO - Sync 3 DAGs
[2023-02-01T00:24:04.261+0000] {logging_mixin.py:120} INFO - [2023-02-01T00:24:04.261+0000] {dag.py:3340} INFO - Setting next_dagrun for subdags_dag to 2023-02-01T00:00:00+00:00, run_after=2023-02-02T00:00:00+00:00
[2023-02-01T00:24:04.263+0000] {logging_mixin.py:120} INFO - [2023-02-01T00:24:04.263+0000] {dag.py:3340} INFO - Setting next_dagrun for subdags_dag.downloads to None, run_after=None
[2023-02-01T00:24:04.264+0000] {logging_mixin.py:120} INFO - [2023-02-01T00:24:04.264+0000] {dag.py:3340} INFO - Setting next_dagrun for subdags_dag.transforms to None, run_after=None
[2023-02-01T00:24:04.267+0000] {logging_mixin.py:120} INFO - [2023-02-01T00:24:04.267+0000] {dag.py:2585} INFO - Sync 2 DAGs
[2023-02-01T00:24:04.271+0000] {logging_mixin.py:120} INFO - [2023-02-01T00:24:04.271+0000] {dag.py:3340} INFO - Setting next_dagrun for subdags_dag.downloads to None, run_after=None
[2023-02-01T00:24:04.271+0000] {logging_mixin.py:120} INFO - [2023-02-01T00:24:04.271+0000] {dag.py:3340} INFO - Setting next_dagrun for subdags_dag.transforms to None, run_after=None
[2023-02-01T00:24:04.280+0000] {processor.py:176} INFO - Processing /opt/airflow/dags/subdags_dag.py took 0.195 seconds
[2023-02-01T00:24:34.598+0000] {processor.py:154} INFO - Started process (PID=3095) to work on /opt/airflow/dags/subdags_dag.py
[2023-02-01T00:24:34.599+0000] {processor.py:756} INFO - Processing file /opt/airflow/dags/subdags_dag.py for tasks to queue
[2023-02-01T00:24:34.600+0000] {logging_mixin.py:120} INFO - [2023-02-01T00:24:34.599+0000] {dagbag.py:537} INFO - Filling up the DagBag from /opt/airflow/dags/subdags_dag.py
[2023-02-01T00:24:34.623+0000] {processor.py:766} INFO - DAG(s) dict_keys(['subdags_dag.downloads', 'subdags_dag.transforms', 'subdags_dag']) retrieved from /opt/airflow/dags/subdags_dag.py
[2023-02-01T00:24:34.747+0000] {logging_mixin.py:120} INFO - [2023-02-01T00:24:34.747+0000] {dag.py:2585} INFO - Sync 3 DAGs
[2023-02-01T00:24:34.764+0000] {logging_mixin.py:120} INFO - [2023-02-01T00:24:34.764+0000] {dag.py:3340} INFO - Setting next_dagrun for subdags_dag to 2023-02-01T00:00:00+00:00, run_after=2023-02-02T00:00:00+00:00
[2023-02-01T00:24:34.766+0000] {logging_mixin.py:120} INFO - [2023-02-01T00:24:34.766+0000] {dag.py:3340} INFO - Setting next_dagrun for subdags_dag.downloads to None, run_after=None
[2023-02-01T00:24:34.767+0000] {logging_mixin.py:120} INFO - [2023-02-01T00:24:34.767+0000] {dag.py:3340} INFO - Setting next_dagrun for subdags_dag.transforms to None, run_after=None
[2023-02-01T00:24:34.771+0000] {logging_mixin.py:120} INFO - [2023-02-01T00:24:34.770+0000] {dag.py:2585} INFO - Sync 2 DAGs
[2023-02-01T00:24:34.774+0000] {logging_mixin.py:120} INFO - [2023-02-01T00:24:34.774+0000] {dag.py:3340} INFO - Setting next_dagrun for subdags_dag.downloads to None, run_after=None
[2023-02-01T00:24:34.774+0000] {logging_mixin.py:120} INFO - [2023-02-01T00:24:34.774+0000] {dag.py:3340} INFO - Setting next_dagrun for subdags_dag.transforms to None, run_after=None
[2023-02-01T00:24:34.784+0000] {processor.py:176} INFO - Processing /opt/airflow/dags/subdags_dag.py took 0.191 seconds
[2023-02-01T00:25:05.079+0000] {processor.py:154} INFO - Started process (PID=3133) to work on /opt/airflow/dags/subdags_dag.py
[2023-02-01T00:25:05.080+0000] {processor.py:756} INFO - Processing file /opt/airflow/dags/subdags_dag.py for tasks to queue
[2023-02-01T00:25:05.081+0000] {logging_mixin.py:120} INFO - [2023-02-01T00:25:05.081+0000] {dagbag.py:537} INFO - Filling up the DagBag from /opt/airflow/dags/subdags_dag.py
[2023-02-01T00:25:05.105+0000] {processor.py:766} INFO - DAG(s) dict_keys(['subdags_dag.downloads', 'subdags_dag.transforms', 'subdags_dag']) retrieved from /opt/airflow/dags/subdags_dag.py
[2023-02-01T00:25:05.232+0000] {logging_mixin.py:120} INFO - [2023-02-01T00:25:05.232+0000] {dag.py:2585} INFO - Sync 3 DAGs
[2023-02-01T00:25:05.249+0000] {logging_mixin.py:120} INFO - [2023-02-01T00:25:05.249+0000] {dag.py:3340} INFO - Setting next_dagrun for subdags_dag to 2023-02-01T00:00:00+00:00, run_after=2023-02-02T00:00:00+00:00
[2023-02-01T00:25:05.251+0000] {logging_mixin.py:120} INFO - [2023-02-01T00:25:05.251+0000] {dag.py:3340} INFO - Setting next_dagrun for subdags_dag.downloads to None, run_after=None
[2023-02-01T00:25:05.252+0000] {logging_mixin.py:120} INFO - [2023-02-01T00:25:05.252+0000] {dag.py:3340} INFO - Setting next_dagrun for subdags_dag.transforms to None, run_after=None
[2023-02-01T00:25:05.255+0000] {logging_mixin.py:120} INFO - [2023-02-01T00:25:05.255+0000] {dag.py:2585} INFO - Sync 2 DAGs
[2023-02-01T00:25:05.259+0000] {logging_mixin.py:120} INFO - [2023-02-01T00:25:05.259+0000] {dag.py:3340} INFO - Setting next_dagrun for subdags_dag.downloads to None, run_after=None
[2023-02-01T00:25:05.259+0000] {logging_mixin.py:120} INFO - [2023-02-01T00:25:05.259+0000] {dag.py:3340} INFO - Setting next_dagrun for subdags_dag.transforms to None, run_after=None
[2023-02-01T00:25:05.267+0000] {processor.py:176} INFO - Processing /opt/airflow/dags/subdags_dag.py took 0.193 seconds
[2023-02-01T00:25:35.554+0000] {processor.py:154} INFO - Started process (PID=3171) to work on /opt/airflow/dags/subdags_dag.py
[2023-02-01T00:25:35.555+0000] {processor.py:756} INFO - Processing file /opt/airflow/dags/subdags_dag.py for tasks to queue
[2023-02-01T00:25:35.555+0000] {logging_mixin.py:120} INFO - [2023-02-01T00:25:35.555+0000] {dagbag.py:537} INFO - Filling up the DagBag from /opt/airflow/dags/subdags_dag.py
[2023-02-01T00:25:35.577+0000] {processor.py:766} INFO - DAG(s) dict_keys(['subdags_dag.downloads', 'subdags_dag.transforms', 'subdags_dag']) retrieved from /opt/airflow/dags/subdags_dag.py
[2023-02-01T00:25:35.716+0000] {logging_mixin.py:120} INFO - [2023-02-01T00:25:35.716+0000] {dag.py:2585} INFO - Sync 3 DAGs
[2023-02-01T00:25:35.735+0000] {logging_mixin.py:120} INFO - [2023-02-01T00:25:35.735+0000] {dag.py:3340} INFO - Setting next_dagrun for subdags_dag to 2023-02-01T00:00:00+00:00, run_after=2023-02-02T00:00:00+00:00
[2023-02-01T00:25:35.737+0000] {logging_mixin.py:120} INFO - [2023-02-01T00:25:35.737+0000] {dag.py:3340} INFO - Setting next_dagrun for subdags_dag.downloads to None, run_after=None
[2023-02-01T00:25:35.738+0000] {logging_mixin.py:120} INFO - [2023-02-01T00:25:35.738+0000] {dag.py:3340} INFO - Setting next_dagrun for subdags_dag.transforms to None, run_after=None
[2023-02-01T00:25:35.741+0000] {logging_mixin.py:120} INFO - [2023-02-01T00:25:35.741+0000] {dag.py:2585} INFO - Sync 2 DAGs
[2023-02-01T00:25:35.745+0000] {logging_mixin.py:120} INFO - [2023-02-01T00:25:35.745+0000] {dag.py:3340} INFO - Setting next_dagrun for subdags_dag.downloads to None, run_after=None
[2023-02-01T00:25:35.745+0000] {logging_mixin.py:120} INFO - [2023-02-01T00:25:35.745+0000] {dag.py:3340} INFO - Setting next_dagrun for subdags_dag.transforms to None, run_after=None
[2023-02-01T00:25:35.753+0000] {processor.py:176} INFO - Processing /opt/airflow/dags/subdags_dag.py took 0.201 seconds
[2023-02-01T00:26:06.044+0000] {processor.py:154} INFO - Started process (PID=3210) to work on /opt/airflow/dags/subdags_dag.py
[2023-02-01T00:26:06.044+0000] {processor.py:756} INFO - Processing file /opt/airflow/dags/subdags_dag.py for tasks to queue
[2023-02-01T00:26:06.044+0000] {logging_mixin.py:120} INFO - [2023-02-01T00:26:06.044+0000] {dagbag.py:537} INFO - Filling up the DagBag from /opt/airflow/dags/subdags_dag.py
[2023-02-01T00:26:06.067+0000] {processor.py:766} INFO - DAG(s) dict_keys(['subdags_dag.downloads', 'subdags_dag.transforms', 'subdags_dag']) retrieved from /opt/airflow/dags/subdags_dag.py
[2023-02-01T00:26:06.197+0000] {logging_mixin.py:120} INFO - [2023-02-01T00:26:06.197+0000] {dag.py:2585} INFO - Sync 3 DAGs
[2023-02-01T00:26:06.214+0000] {logging_mixin.py:120} INFO - [2023-02-01T00:26:06.214+0000] {dag.py:3340} INFO - Setting next_dagrun for subdags_dag to 2023-02-01T00:00:00+00:00, run_after=2023-02-02T00:00:00+00:00
[2023-02-01T00:26:06.216+0000] {logging_mixin.py:120} INFO - [2023-02-01T00:26:06.216+0000] {dag.py:3340} INFO - Setting next_dagrun for subdags_dag.downloads to None, run_after=None
[2023-02-01T00:26:06.217+0000] {logging_mixin.py:120} INFO - [2023-02-01T00:26:06.217+0000] {dag.py:3340} INFO - Setting next_dagrun for subdags_dag.transforms to None, run_after=None
[2023-02-01T00:26:06.220+0000] {logging_mixin.py:120} INFO - [2023-02-01T00:26:06.220+0000] {dag.py:2585} INFO - Sync 2 DAGs
[2023-02-01T00:26:06.224+0000] {logging_mixin.py:120} INFO - [2023-02-01T00:26:06.224+0000] {dag.py:3340} INFO - Setting next_dagrun for subdags_dag.downloads to None, run_after=None
[2023-02-01T00:26:06.225+0000] {logging_mixin.py:120} INFO - [2023-02-01T00:26:06.224+0000] {dag.py:3340} INFO - Setting next_dagrun for subdags_dag.transforms to None, run_after=None
[2023-02-01T00:26:06.233+0000] {processor.py:176} INFO - Processing /opt/airflow/dags/subdags_dag.py took 0.191 seconds
[2023-02-01T00:26:36.571+0000] {processor.py:154} INFO - Started process (PID=3239) to work on /opt/airflow/dags/subdags_dag.py
[2023-02-01T00:26:36.572+0000] {processor.py:756} INFO - Processing file /opt/airflow/dags/subdags_dag.py for tasks to queue
[2023-02-01T00:26:36.572+0000] {logging_mixin.py:120} INFO - [2023-02-01T00:26:36.572+0000] {dagbag.py:537} INFO - Filling up the DagBag from /opt/airflow/dags/subdags_dag.py
[2023-02-01T00:26:36.594+0000] {processor.py:766} INFO - DAG(s) dict_keys(['subdags_dag.transforms', 'subdags_dag.downloads', 'subdags_dag']) retrieved from /opt/airflow/dags/subdags_dag.py
[2023-02-01T00:26:36.721+0000] {logging_mixin.py:120} INFO - [2023-02-01T00:26:36.721+0000] {dag.py:2585} INFO - Sync 3 DAGs
[2023-02-01T00:26:36.737+0000] {logging_mixin.py:120} INFO - [2023-02-01T00:26:36.737+0000] {dag.py:3340} INFO - Setting next_dagrun for subdags_dag to 2023-02-01T00:00:00+00:00, run_after=2023-02-02T00:00:00+00:00
[2023-02-01T00:26:36.739+0000] {logging_mixin.py:120} INFO - [2023-02-01T00:26:36.739+0000] {dag.py:3340} INFO - Setting next_dagrun for subdags_dag.downloads to None, run_after=None
[2023-02-01T00:26:36.740+0000] {logging_mixin.py:120} INFO - [2023-02-01T00:26:36.740+0000] {dag.py:3340} INFO - Setting next_dagrun for subdags_dag.transforms to None, run_after=None
[2023-02-01T00:26:36.744+0000] {logging_mixin.py:120} INFO - [2023-02-01T00:26:36.744+0000] {dag.py:2585} INFO - Sync 2 DAGs
[2023-02-01T00:26:36.747+0000] {logging_mixin.py:120} INFO - [2023-02-01T00:26:36.747+0000] {dag.py:3340} INFO - Setting next_dagrun for subdags_dag.downloads to None, run_after=None
[2023-02-01T00:26:36.747+0000] {logging_mixin.py:120} INFO - [2023-02-01T00:26:36.747+0000] {dag.py:3340} INFO - Setting next_dagrun for subdags_dag.transforms to None, run_after=None
[2023-02-01T00:26:36.756+0000] {processor.py:176} INFO - Processing /opt/airflow/dags/subdags_dag.py took 0.187 seconds
[2023-02-01T00:27:07.091+0000] {processor.py:154} INFO - Started process (PID=3278) to work on /opt/airflow/dags/subdags_dag.py
[2023-02-01T00:27:07.092+0000] {processor.py:756} INFO - Processing file /opt/airflow/dags/subdags_dag.py for tasks to queue
[2023-02-01T00:27:07.092+0000] {logging_mixin.py:120} INFO - [2023-02-01T00:27:07.092+0000] {dagbag.py:537} INFO - Filling up the DagBag from /opt/airflow/dags/subdags_dag.py
[2023-02-01T00:27:07.116+0000] {processor.py:766} INFO - DAG(s) dict_keys(['subdags_dag.downloads', 'subdags_dag.transforms', 'subdags_dag']) retrieved from /opt/airflow/dags/subdags_dag.py
[2023-02-01T00:27:07.264+0000] {logging_mixin.py:120} INFO - [2023-02-01T00:27:07.264+0000] {dag.py:2585} INFO - Sync 3 DAGs
[2023-02-01T00:27:07.282+0000] {logging_mixin.py:120} INFO - [2023-02-01T00:27:07.281+0000] {dag.py:3340} INFO - Setting next_dagrun for subdags_dag to 2023-02-01T00:00:00+00:00, run_after=2023-02-02T00:00:00+00:00
[2023-02-01T00:27:07.284+0000] {logging_mixin.py:120} INFO - [2023-02-01T00:27:07.284+0000] {dag.py:3340} INFO - Setting next_dagrun for subdags_dag.downloads to None, run_after=None
[2023-02-01T00:27:07.284+0000] {logging_mixin.py:120} INFO - [2023-02-01T00:27:07.284+0000] {dag.py:3340} INFO - Setting next_dagrun for subdags_dag.transforms to None, run_after=None
[2023-02-01T00:27:07.288+0000] {logging_mixin.py:120} INFO - [2023-02-01T00:27:07.288+0000] {dag.py:2585} INFO - Sync 2 DAGs
[2023-02-01T00:27:07.292+0000] {logging_mixin.py:120} INFO - [2023-02-01T00:27:07.292+0000] {dag.py:3340} INFO - Setting next_dagrun for subdags_dag.downloads to None, run_after=None
[2023-02-01T00:27:07.292+0000] {logging_mixin.py:120} INFO - [2023-02-01T00:27:07.292+0000] {dag.py:3340} INFO - Setting next_dagrun for subdags_dag.transforms to None, run_after=None
[2023-02-01T00:27:07.301+0000] {processor.py:176} INFO - Processing /opt/airflow/dags/subdags_dag.py took 0.212 seconds
[2023-02-01T00:27:37.604+0000] {processor.py:154} INFO - Started process (PID=3317) to work on /opt/airflow/dags/subdags_dag.py
[2023-02-01T00:27:37.605+0000] {processor.py:756} INFO - Processing file /opt/airflow/dags/subdags_dag.py for tasks to queue
[2023-02-01T00:27:37.605+0000] {logging_mixin.py:120} INFO - [2023-02-01T00:27:37.605+0000] {dagbag.py:537} INFO - Filling up the DagBag from /opt/airflow/dags/subdags_dag.py
[2023-02-01T00:27:37.632+0000] {processor.py:766} INFO - DAG(s) dict_keys(['subdags_dag.downloads', 'subdags_dag.transforms', 'subdags_dag']) retrieved from /opt/airflow/dags/subdags_dag.py
[2023-02-01T00:27:37.807+0000] {logging_mixin.py:120} INFO - [2023-02-01T00:27:37.806+0000] {dag.py:2585} INFO - Sync 3 DAGs
[2023-02-01T00:27:37.824+0000] {logging_mixin.py:120} INFO - [2023-02-01T00:27:37.824+0000] {dag.py:3340} INFO - Setting next_dagrun for subdags_dag to 2023-02-01T00:00:00+00:00, run_after=2023-02-02T00:00:00+00:00
[2023-02-01T00:27:37.826+0000] {logging_mixin.py:120} INFO - [2023-02-01T00:27:37.826+0000] {dag.py:3340} INFO - Setting next_dagrun for subdags_dag.downloads to None, run_after=None
[2023-02-01T00:27:37.827+0000] {logging_mixin.py:120} INFO - [2023-02-01T00:27:37.827+0000] {dag.py:3340} INFO - Setting next_dagrun for subdags_dag.transforms to None, run_after=None
[2023-02-01T00:27:37.831+0000] {logging_mixin.py:120} INFO - [2023-02-01T00:27:37.831+0000] {dag.py:2585} INFO - Sync 2 DAGs
[2023-02-01T00:27:37.834+0000] {logging_mixin.py:120} INFO - [2023-02-01T00:27:37.834+0000] {dag.py:3340} INFO - Setting next_dagrun for subdags_dag.downloads to None, run_after=None
[2023-02-01T00:27:37.835+0000] {logging_mixin.py:120} INFO - [2023-02-01T00:27:37.835+0000] {dag.py:3340} INFO - Setting next_dagrun for subdags_dag.transforms to None, run_after=None
[2023-02-01T00:27:37.843+0000] {processor.py:176} INFO - Processing /opt/airflow/dags/subdags_dag.py took 0.241 seconds
[2023-02-01T00:28:08.177+0000] {processor.py:154} INFO - Started process (PID=3356) to work on /opt/airflow/dags/subdags_dag.py
[2023-02-01T00:28:08.178+0000] {processor.py:756} INFO - Processing file /opt/airflow/dags/subdags_dag.py for tasks to queue
[2023-02-01T00:28:08.178+0000] {logging_mixin.py:120} INFO - [2023-02-01T00:28:08.178+0000] {dagbag.py:537} INFO - Filling up the DagBag from /opt/airflow/dags/subdags_dag.py
[2023-02-01T00:28:08.203+0000] {processor.py:766} INFO - DAG(s) dict_keys(['subdags_dag.transforms', 'subdags_dag.downloads', 'subdags_dag']) retrieved from /opt/airflow/dags/subdags_dag.py
[2023-02-01T00:28:08.343+0000] {logging_mixin.py:120} INFO - [2023-02-01T00:28:08.343+0000] {dag.py:2585} INFO - Sync 3 DAGs
[2023-02-01T00:28:08.361+0000] {logging_mixin.py:120} INFO - [2023-02-01T00:28:08.361+0000] {dag.py:3340} INFO - Setting next_dagrun for subdags_dag to 2023-02-01T00:00:00+00:00, run_after=2023-02-02T00:00:00+00:00
[2023-02-01T00:28:08.364+0000] {logging_mixin.py:120} INFO - [2023-02-01T00:28:08.364+0000] {dag.py:3340} INFO - Setting next_dagrun for subdags_dag.downloads to None, run_after=None
[2023-02-01T00:28:08.365+0000] {logging_mixin.py:120} INFO - [2023-02-01T00:28:08.365+0000] {dag.py:3340} INFO - Setting next_dagrun for subdags_dag.transforms to None, run_after=None
[2023-02-01T00:28:08.368+0000] {logging_mixin.py:120} INFO - [2023-02-01T00:28:08.368+0000] {dag.py:2585} INFO - Sync 2 DAGs
[2023-02-01T00:28:08.372+0000] {logging_mixin.py:120} INFO - [2023-02-01T00:28:08.372+0000] {dag.py:3340} INFO - Setting next_dagrun for subdags_dag.downloads to None, run_after=None
[2023-02-01T00:28:08.372+0000] {logging_mixin.py:120} INFO - [2023-02-01T00:28:08.372+0000] {dag.py:3340} INFO - Setting next_dagrun for subdags_dag.transforms to None, run_after=None
[2023-02-01T00:28:08.381+0000] {processor.py:176} INFO - Processing /opt/airflow/dags/subdags_dag.py took 0.206 seconds
[2023-02-01T00:28:38.733+0000] {processor.py:154} INFO - Started process (PID=3385) to work on /opt/airflow/dags/subdags_dag.py
[2023-02-01T00:28:38.733+0000] {processor.py:756} INFO - Processing file /opt/airflow/dags/subdags_dag.py for tasks to queue
[2023-02-01T00:28:38.734+0000] {logging_mixin.py:120} INFO - [2023-02-01T00:28:38.734+0000] {dagbag.py:537} INFO - Filling up the DagBag from /opt/airflow/dags/subdags_dag.py
[2023-02-01T00:28:38.758+0000] {processor.py:766} INFO - DAG(s) dict_keys(['subdags_dag.downloads', 'subdags_dag.transforms', 'subdags_dag']) retrieved from /opt/airflow/dags/subdags_dag.py
[2023-02-01T00:28:38.896+0000] {logging_mixin.py:120} INFO - [2023-02-01T00:28:38.896+0000] {dag.py:2585} INFO - Sync 3 DAGs
[2023-02-01T00:28:38.914+0000] {logging_mixin.py:120} INFO - [2023-02-01T00:28:38.914+0000] {dag.py:3340} INFO - Setting next_dagrun for subdags_dag to 2023-02-01T00:00:00+00:00, run_after=2023-02-02T00:00:00+00:00
[2023-02-01T00:28:38.917+0000] {logging_mixin.py:120} INFO - [2023-02-01T00:28:38.917+0000] {dag.py:3340} INFO - Setting next_dagrun for subdags_dag.downloads to None, run_after=None
[2023-02-01T00:28:38.917+0000] {logging_mixin.py:120} INFO - [2023-02-01T00:28:38.917+0000] {dag.py:3340} INFO - Setting next_dagrun for subdags_dag.transforms to None, run_after=None
[2023-02-01T00:28:38.921+0000] {logging_mixin.py:120} INFO - [2023-02-01T00:28:38.921+0000] {dag.py:2585} INFO - Sync 2 DAGs
[2023-02-01T00:28:38.925+0000] {logging_mixin.py:120} INFO - [2023-02-01T00:28:38.925+0000] {dag.py:3340} INFO - Setting next_dagrun for subdags_dag.downloads to None, run_after=None
[2023-02-01T00:28:38.925+0000] {logging_mixin.py:120} INFO - [2023-02-01T00:28:38.925+0000] {dag.py:3340} INFO - Setting next_dagrun for subdags_dag.transforms to None, run_after=None
[2023-02-01T00:28:38.934+0000] {processor.py:176} INFO - Processing /opt/airflow/dags/subdags_dag.py took 0.204 seconds
[2023-02-01T00:29:09.295+0000] {processor.py:154} INFO - Started process (PID=3424) to work on /opt/airflow/dags/subdags_dag.py
[2023-02-01T00:29:09.296+0000] {processor.py:756} INFO - Processing file /opt/airflow/dags/subdags_dag.py for tasks to queue
[2023-02-01T00:29:09.296+0000] {logging_mixin.py:120} INFO - [2023-02-01T00:29:09.296+0000] {dagbag.py:537} INFO - Filling up the DagBag from /opt/airflow/dags/subdags_dag.py
[2023-02-01T00:29:09.319+0000] {processor.py:766} INFO - DAG(s) dict_keys(['subdags_dag.downloads', 'subdags_dag.transforms', 'subdags_dag']) retrieved from /opt/airflow/dags/subdags_dag.py
[2023-02-01T00:29:09.445+0000] {logging_mixin.py:120} INFO - [2023-02-01T00:29:09.445+0000] {dag.py:2585} INFO - Sync 3 DAGs
[2023-02-01T00:29:09.461+0000] {logging_mixin.py:120} INFO - [2023-02-01T00:29:09.461+0000] {dag.py:3340} INFO - Setting next_dagrun for subdags_dag to 2023-02-01T00:00:00+00:00, run_after=2023-02-02T00:00:00+00:00
[2023-02-01T00:29:09.463+0000] {logging_mixin.py:120} INFO - [2023-02-01T00:29:09.463+0000] {dag.py:3340} INFO - Setting next_dagrun for subdags_dag.downloads to None, run_after=None
[2023-02-01T00:29:09.464+0000] {logging_mixin.py:120} INFO - [2023-02-01T00:29:09.464+0000] {dag.py:3340} INFO - Setting next_dagrun for subdags_dag.transforms to None, run_after=None
[2023-02-01T00:29:09.467+0000] {logging_mixin.py:120} INFO - [2023-02-01T00:29:09.467+0000] {dag.py:2585} INFO - Sync 2 DAGs
[2023-02-01T00:29:09.471+0000] {logging_mixin.py:120} INFO - [2023-02-01T00:29:09.471+0000] {dag.py:3340} INFO - Setting next_dagrun for subdags_dag.downloads to None, run_after=None
[2023-02-01T00:29:09.471+0000] {logging_mixin.py:120} INFO - [2023-02-01T00:29:09.471+0000] {dag.py:3340} INFO - Setting next_dagrun for subdags_dag.transforms to None, run_after=None
[2023-02-01T00:29:09.480+0000] {processor.py:176} INFO - Processing /opt/airflow/dags/subdags_dag.py took 0.187 seconds
[2023-02-01T00:29:39.839+0000] {processor.py:154} INFO - Started process (PID=3463) to work on /opt/airflow/dags/subdags_dag.py
[2023-02-01T00:29:39.841+0000] {processor.py:756} INFO - Processing file /opt/airflow/dags/subdags_dag.py for tasks to queue
[2023-02-01T00:29:39.841+0000] {logging_mixin.py:120} INFO - [2023-02-01T00:29:39.841+0000] {dagbag.py:537} INFO - Filling up the DagBag from /opt/airflow/dags/subdags_dag.py
[2023-02-01T00:29:39.867+0000] {processor.py:766} INFO - DAG(s) dict_keys(['subdags_dag.transforms', 'subdags_dag.downloads', 'subdags_dag']) retrieved from /opt/airflow/dags/subdags_dag.py
[2023-02-01T00:29:39.995+0000] {logging_mixin.py:120} INFO - [2023-02-01T00:29:39.995+0000] {dag.py:2585} INFO - Sync 3 DAGs
[2023-02-01T00:29:40.011+0000] {logging_mixin.py:120} INFO - [2023-02-01T00:29:40.011+0000] {dag.py:3340} INFO - Setting next_dagrun for subdags_dag to 2023-02-01T00:00:00+00:00, run_after=2023-02-02T00:00:00+00:00
[2023-02-01T00:29:40.014+0000] {logging_mixin.py:120} INFO - [2023-02-01T00:29:40.014+0000] {dag.py:3340} INFO - Setting next_dagrun for subdags_dag.downloads to None, run_after=None
[2023-02-01T00:29:40.014+0000] {logging_mixin.py:120} INFO - [2023-02-01T00:29:40.014+0000] {dag.py:3340} INFO - Setting next_dagrun for subdags_dag.transforms to None, run_after=None
[2023-02-01T00:29:40.018+0000] {logging_mixin.py:120} INFO - [2023-02-01T00:29:40.018+0000] {dag.py:2585} INFO - Sync 2 DAGs
[2023-02-01T00:29:40.022+0000] {logging_mixin.py:120} INFO - [2023-02-01T00:29:40.022+0000] {dag.py:3340} INFO - Setting next_dagrun for subdags_dag.downloads to None, run_after=None
[2023-02-01T00:29:40.022+0000] {logging_mixin.py:120} INFO - [2023-02-01T00:29:40.022+0000] {dag.py:3340} INFO - Setting next_dagrun for subdags_dag.transforms to None, run_after=None
[2023-02-01T00:29:40.030+0000] {processor.py:176} INFO - Processing /opt/airflow/dags/subdags_dag.py took 0.194 seconds
[2023-02-01T00:30:10.380+0000] {processor.py:154} INFO - Started process (PID=3503) to work on /opt/airflow/dags/subdags_dag.py
[2023-02-01T00:30:10.381+0000] {processor.py:756} INFO - Processing file /opt/airflow/dags/subdags_dag.py for tasks to queue
[2023-02-01T00:30:10.382+0000] {logging_mixin.py:120} INFO - [2023-02-01T00:30:10.381+0000] {dagbag.py:537} INFO - Filling up the DagBag from /opt/airflow/dags/subdags_dag.py
[2023-02-01T00:30:10.407+0000] {processor.py:766} INFO - DAG(s) dict_keys(['subdags_dag.downloads', 'subdags_dag.transforms', 'subdags_dag']) retrieved from /opt/airflow/dags/subdags_dag.py
[2023-02-01T00:30:10.535+0000] {logging_mixin.py:120} INFO - [2023-02-01T00:30:10.535+0000] {dag.py:2585} INFO - Sync 3 DAGs
[2023-02-01T00:30:10.553+0000] {logging_mixin.py:120} INFO - [2023-02-01T00:30:10.553+0000] {dag.py:3340} INFO - Setting next_dagrun for subdags_dag to 2023-02-01T00:00:00+00:00, run_after=2023-02-02T00:00:00+00:00
[2023-02-01T00:30:10.556+0000] {logging_mixin.py:120} INFO - [2023-02-01T00:30:10.556+0000] {dag.py:3340} INFO - Setting next_dagrun for subdags_dag.downloads to None, run_after=None
[2023-02-01T00:30:10.557+0000] {logging_mixin.py:120} INFO - [2023-02-01T00:30:10.557+0000] {dag.py:3340} INFO - Setting next_dagrun for subdags_dag.transforms to None, run_after=None
[2023-02-01T00:30:10.561+0000] {logging_mixin.py:120} INFO - [2023-02-01T00:30:10.561+0000] {dag.py:2585} INFO - Sync 2 DAGs
[2023-02-01T00:30:10.566+0000] {logging_mixin.py:120} INFO - [2023-02-01T00:30:10.566+0000] {dag.py:3340} INFO - Setting next_dagrun for subdags_dag.downloads to None, run_after=None
[2023-02-01T00:30:10.566+0000] {logging_mixin.py:120} INFO - [2023-02-01T00:30:10.566+0000] {dag.py:3340} INFO - Setting next_dagrun for subdags_dag.transforms to None, run_after=None
[2023-02-01T00:30:10.574+0000] {processor.py:176} INFO - Processing /opt/airflow/dags/subdags_dag.py took 0.198 seconds
[2023-02-01T00:30:40.910+0000] {processor.py:154} INFO - Started process (PID=3542) to work on /opt/airflow/dags/subdags_dag.py
[2023-02-01T00:30:40.910+0000] {processor.py:756} INFO - Processing file /opt/airflow/dags/subdags_dag.py for tasks to queue
[2023-02-01T00:30:40.911+0000] {logging_mixin.py:120} INFO - [2023-02-01T00:30:40.911+0000] {dagbag.py:537} INFO - Filling up the DagBag from /opt/airflow/dags/subdags_dag.py
[2023-02-01T00:30:40.934+0000] {processor.py:766} INFO - DAG(s) dict_keys(['subdags_dag.downloads', 'subdags_dag.transforms', 'subdags_dag']) retrieved from /opt/airflow/dags/subdags_dag.py
[2023-02-01T00:30:41.057+0000] {logging_mixin.py:120} INFO - [2023-02-01T00:30:41.057+0000] {dag.py:2585} INFO - Sync 3 DAGs
[2023-02-01T00:30:41.074+0000] {logging_mixin.py:120} INFO - [2023-02-01T00:30:41.074+0000] {dag.py:3340} INFO - Setting next_dagrun for subdags_dag to 2023-02-01T00:00:00+00:00, run_after=2023-02-02T00:00:00+00:00
[2023-02-01T00:30:41.076+0000] {logging_mixin.py:120} INFO - [2023-02-01T00:30:41.076+0000] {dag.py:3340} INFO - Setting next_dagrun for subdags_dag.downloads to None, run_after=None
[2023-02-01T00:30:41.077+0000] {logging_mixin.py:120} INFO - [2023-02-01T00:30:41.077+0000] {dag.py:3340} INFO - Setting next_dagrun for subdags_dag.transforms to None, run_after=None
[2023-02-01T00:30:41.081+0000] {logging_mixin.py:120} INFO - [2023-02-01T00:30:41.081+0000] {dag.py:2585} INFO - Sync 2 DAGs
[2023-02-01T00:30:41.084+0000] {logging_mixin.py:120} INFO - [2023-02-01T00:30:41.084+0000] {dag.py:3340} INFO - Setting next_dagrun for subdags_dag.downloads to None, run_after=None
[2023-02-01T00:30:41.084+0000] {logging_mixin.py:120} INFO - [2023-02-01T00:30:41.084+0000] {dag.py:3340} INFO - Setting next_dagrun for subdags_dag.transforms to None, run_after=None
[2023-02-01T00:30:41.093+0000] {processor.py:176} INFO - Processing /opt/airflow/dags/subdags_dag.py took 0.185 seconds
[2023-02-01T00:31:11.430+0000] {processor.py:154} INFO - Started process (PID=3572) to work on /opt/airflow/dags/subdags_dag.py
[2023-02-01T00:31:11.431+0000] {processor.py:756} INFO - Processing file /opt/airflow/dags/subdags_dag.py for tasks to queue
[2023-02-01T00:31:11.431+0000] {logging_mixin.py:120} INFO - [2023-02-01T00:31:11.431+0000] {dagbag.py:537} INFO - Filling up the DagBag from /opt/airflow/dags/subdags_dag.py
[2023-02-01T00:31:11.455+0000] {processor.py:766} INFO - DAG(s) dict_keys(['subdags_dag.downloads', 'subdags_dag.transforms', 'subdags_dag']) retrieved from /opt/airflow/dags/subdags_dag.py
[2023-02-01T00:31:11.606+0000] {logging_mixin.py:120} INFO - [2023-02-01T00:31:11.606+0000] {dag.py:2585} INFO - Sync 3 DAGs
[2023-02-01T00:31:11.622+0000] {logging_mixin.py:120} INFO - [2023-02-01T00:31:11.622+0000] {dag.py:3340} INFO - Setting next_dagrun for subdags_dag to 2023-02-01T00:00:00+00:00, run_after=2023-02-02T00:00:00+00:00
[2023-02-01T00:31:11.624+0000] {logging_mixin.py:120} INFO - [2023-02-01T00:31:11.624+0000] {dag.py:3340} INFO - Setting next_dagrun for subdags_dag.downloads to None, run_after=None
[2023-02-01T00:31:11.625+0000] {logging_mixin.py:120} INFO - [2023-02-01T00:31:11.625+0000] {dag.py:3340} INFO - Setting next_dagrun for subdags_dag.transforms to None, run_after=None
[2023-02-01T00:31:11.628+0000] {logging_mixin.py:120} INFO - [2023-02-01T00:31:11.628+0000] {dag.py:2585} INFO - Sync 2 DAGs
[2023-02-01T00:31:11.632+0000] {logging_mixin.py:120} INFO - [2023-02-01T00:31:11.631+0000] {dag.py:3340} INFO - Setting next_dagrun for subdags_dag.downloads to None, run_after=None
[2023-02-01T00:31:11.632+0000] {logging_mixin.py:120} INFO - [2023-02-01T00:31:11.632+0000] {dag.py:3340} INFO - Setting next_dagrun for subdags_dag.transforms to None, run_after=None
[2023-02-01T00:31:11.641+0000] {processor.py:176} INFO - Processing /opt/airflow/dags/subdags_dag.py took 0.213 seconds
[2023-02-01T00:31:41.988+0000] {processor.py:154} INFO - Started process (PID=3612) to work on /opt/airflow/dags/subdags_dag.py
[2023-02-01T00:31:41.990+0000] {processor.py:756} INFO - Processing file /opt/airflow/dags/subdags_dag.py for tasks to queue
[2023-02-01T00:31:41.990+0000] {logging_mixin.py:120} INFO - [2023-02-01T00:31:41.990+0000] {dagbag.py:537} INFO - Filling up the DagBag from /opt/airflow/dags/subdags_dag.py
[2023-02-01T00:31:42.017+0000] {processor.py:766} INFO - DAG(s) dict_keys(['subdags_dag.downloads', 'subdags_dag.transforms', 'subdags_dag']) retrieved from /opt/airflow/dags/subdags_dag.py
[2023-02-01T00:31:42.148+0000] {logging_mixin.py:120} INFO - [2023-02-01T00:31:42.148+0000] {dag.py:2585} INFO - Sync 3 DAGs
[2023-02-01T00:31:42.164+0000] {logging_mixin.py:120} INFO - [2023-02-01T00:31:42.164+0000] {dag.py:3340} INFO - Setting next_dagrun for subdags_dag to 2023-02-01T00:00:00+00:00, run_after=2023-02-02T00:00:00+00:00
[2023-02-01T00:31:42.166+0000] {logging_mixin.py:120} INFO - [2023-02-01T00:31:42.166+0000] {dag.py:3340} INFO - Setting next_dagrun for subdags_dag.downloads to None, run_after=None
[2023-02-01T00:31:42.167+0000] {logging_mixin.py:120} INFO - [2023-02-01T00:31:42.167+0000] {dag.py:3340} INFO - Setting next_dagrun for subdags_dag.transforms to None, run_after=None
[2023-02-01T00:31:42.171+0000] {logging_mixin.py:120} INFO - [2023-02-01T00:31:42.171+0000] {dag.py:2585} INFO - Sync 2 DAGs
[2023-02-01T00:31:42.174+0000] {logging_mixin.py:120} INFO - [2023-02-01T00:31:42.174+0000] {dag.py:3340} INFO - Setting next_dagrun for subdags_dag.downloads to None, run_after=None
[2023-02-01T00:31:42.174+0000] {logging_mixin.py:120} INFO - [2023-02-01T00:31:42.174+0000] {dag.py:3340} INFO - Setting next_dagrun for subdags_dag.transforms to None, run_after=None
[2023-02-01T00:31:42.185+0000] {processor.py:176} INFO - Processing /opt/airflow/dags/subdags_dag.py took 0.200 seconds
[2023-02-01T00:32:12.526+0000] {processor.py:154} INFO - Started process (PID=3651) to work on /opt/airflow/dags/subdags_dag.py
[2023-02-01T00:32:12.526+0000] {processor.py:756} INFO - Processing file /opt/airflow/dags/subdags_dag.py for tasks to queue
[2023-02-01T00:32:12.527+0000] {logging_mixin.py:120} INFO - [2023-02-01T00:32:12.527+0000] {dagbag.py:537} INFO - Filling up the DagBag from /opt/airflow/dags/subdags_dag.py
[2023-02-01T00:32:12.553+0000] {processor.py:766} INFO - DAG(s) dict_keys(['subdags_dag.downloads', 'subdags_dag.transforms', 'subdags_dag']) retrieved from /opt/airflow/dags/subdags_dag.py
[2023-02-01T00:32:12.682+0000] {logging_mixin.py:120} INFO - [2023-02-01T00:32:12.682+0000] {dag.py:2585} INFO - Sync 3 DAGs
[2023-02-01T00:32:12.698+0000] {logging_mixin.py:120} INFO - [2023-02-01T00:32:12.698+0000] {dag.py:3340} INFO - Setting next_dagrun for subdags_dag to 2023-02-01T00:00:00+00:00, run_after=2023-02-02T00:00:00+00:00
[2023-02-01T00:32:12.700+0000] {logging_mixin.py:120} INFO - [2023-02-01T00:32:12.700+0000] {dag.py:3340} INFO - Setting next_dagrun for subdags_dag.downloads to None, run_after=None
[2023-02-01T00:32:12.701+0000] {logging_mixin.py:120} INFO - [2023-02-01T00:32:12.701+0000] {dag.py:3340} INFO - Setting next_dagrun for subdags_dag.transforms to None, run_after=None
[2023-02-01T00:32:12.704+0000] {logging_mixin.py:120} INFO - [2023-02-01T00:32:12.704+0000] {dag.py:2585} INFO - Sync 2 DAGs
[2023-02-01T00:32:12.708+0000] {logging_mixin.py:120} INFO - [2023-02-01T00:32:12.708+0000] {dag.py:3340} INFO - Setting next_dagrun for subdags_dag.downloads to None, run_after=None
[2023-02-01T00:32:12.708+0000] {logging_mixin.py:120} INFO - [2023-02-01T00:32:12.708+0000] {dag.py:3340} INFO - Setting next_dagrun for subdags_dag.transforms to None, run_after=None
[2023-02-01T00:32:12.717+0000] {processor.py:176} INFO - Processing /opt/airflow/dags/subdags_dag.py took 0.196 seconds
[2023-02-01T00:32:43.042+0000] {processor.py:154} INFO - Started process (PID=3689) to work on /opt/airflow/dags/subdags_dag.py
[2023-02-01T00:32:43.043+0000] {processor.py:756} INFO - Processing file /opt/airflow/dags/subdags_dag.py for tasks to queue
[2023-02-01T00:32:43.043+0000] {logging_mixin.py:120} INFO - [2023-02-01T00:32:43.043+0000] {dagbag.py:537} INFO - Filling up the DagBag from /opt/airflow/dags/subdags_dag.py
[2023-02-01T00:32:43.065+0000] {processor.py:766} INFO - DAG(s) dict_keys(['subdags_dag.downloads', 'subdags_dag.transforms', 'subdags_dag']) retrieved from /opt/airflow/dags/subdags_dag.py
[2023-02-01T00:32:43.192+0000] {logging_mixin.py:120} INFO - [2023-02-01T00:32:43.192+0000] {dag.py:2585} INFO - Sync 3 DAGs
[2023-02-01T00:32:43.208+0000] {logging_mixin.py:120} INFO - [2023-02-01T00:32:43.208+0000] {dag.py:3340} INFO - Setting next_dagrun for subdags_dag to 2023-02-01T00:00:00+00:00, run_after=2023-02-02T00:00:00+00:00
[2023-02-01T00:32:43.210+0000] {logging_mixin.py:120} INFO - [2023-02-01T00:32:43.210+0000] {dag.py:3340} INFO - Setting next_dagrun for subdags_dag.downloads to None, run_after=None
[2023-02-01T00:32:43.211+0000] {logging_mixin.py:120} INFO - [2023-02-01T00:32:43.211+0000] {dag.py:3340} INFO - Setting next_dagrun for subdags_dag.transforms to None, run_after=None
[2023-02-01T00:32:43.214+0000] {logging_mixin.py:120} INFO - [2023-02-01T00:32:43.214+0000] {dag.py:2585} INFO - Sync 2 DAGs
[2023-02-01T00:32:43.217+0000] {logging_mixin.py:120} INFO - [2023-02-01T00:32:43.217+0000] {dag.py:3340} INFO - Setting next_dagrun for subdags_dag.downloads to None, run_after=None
[2023-02-01T00:32:43.218+0000] {logging_mixin.py:120} INFO - [2023-02-01T00:32:43.218+0000] {dag.py:3340} INFO - Setting next_dagrun for subdags_dag.transforms to None, run_after=None
[2023-02-01T00:32:43.226+0000] {processor.py:176} INFO - Processing /opt/airflow/dags/subdags_dag.py took 0.186 seconds
[2023-02-01T00:33:13.424+0000] {processor.py:154} INFO - Started process (PID=3719) to work on /opt/airflow/dags/subdags_dag.py
[2023-02-01T00:33:13.425+0000] {processor.py:756} INFO - Processing file /opt/airflow/dags/subdags_dag.py for tasks to queue
[2023-02-01T00:33:13.427+0000] {logging_mixin.py:120} INFO - [2023-02-01T00:33:13.426+0000] {dagbag.py:537} INFO - Filling up the DagBag from /opt/airflow/dags/subdags_dag.py
[2023-02-01T00:33:13.492+0000] {processor.py:766} INFO - DAG(s) dict_keys(['subdags_dag.downloads', 'subdags_dag.transforms', 'subdags_dag']) retrieved from /opt/airflow/dags/subdags_dag.py
[2023-02-01T00:33:13.909+0000] {logging_mixin.py:120} INFO - [2023-02-01T00:33:13.908+0000] {dag.py:2585} INFO - Sync 3 DAGs
[2023-02-01T00:33:13.965+0000] {logging_mixin.py:120} INFO - [2023-02-01T00:33:13.965+0000] {dag.py:3340} INFO - Setting next_dagrun for subdags_dag to 2023-02-01T00:00:00+00:00, run_after=2023-02-02T00:00:00+00:00
[2023-02-01T00:33:13.972+0000] {logging_mixin.py:120} INFO - [2023-02-01T00:33:13.972+0000] {dag.py:3340} INFO - Setting next_dagrun for subdags_dag.downloads to None, run_after=None
[2023-02-01T00:33:13.975+0000] {logging_mixin.py:120} INFO - [2023-02-01T00:33:13.975+0000] {dag.py:3340} INFO - Setting next_dagrun for subdags_dag.transforms to None, run_after=None
[2023-02-01T00:33:13.987+0000] {logging_mixin.py:120} INFO - [2023-02-01T00:33:13.986+0000] {dag.py:2585} INFO - Sync 2 DAGs
[2023-02-01T00:33:13.999+0000] {logging_mixin.py:120} INFO - [2023-02-01T00:33:13.999+0000] {dag.py:3340} INFO - Setting next_dagrun for subdags_dag.downloads to None, run_after=None
[2023-02-01T00:33:14.000+0000] {logging_mixin.py:120} INFO - [2023-02-01T00:33:14.000+0000] {dag.py:3340} INFO - Setting next_dagrun for subdags_dag.transforms to None, run_after=None
[2023-02-01T00:33:14.024+0000] {processor.py:176} INFO - Processing /opt/airflow/dags/subdags_dag.py took 0.605 seconds
[2023-02-01T00:33:44.967+0000] {processor.py:154} INFO - Started process (PID=3759) to work on /opt/airflow/dags/subdags_dag.py
[2023-02-01T00:33:44.968+0000] {processor.py:756} INFO - Processing file /opt/airflow/dags/subdags_dag.py for tasks to queue
[2023-02-01T00:33:44.969+0000] {logging_mixin.py:120} INFO - [2023-02-01T00:33:44.969+0000] {dagbag.py:537} INFO - Filling up the DagBag from /opt/airflow/dags/subdags_dag.py
[2023-02-01T00:33:44.994+0000] {processor.py:766} INFO - DAG(s) dict_keys(['subdags_dag.downloads', 'subdags_dag.transforms', 'subdags_dag']) retrieved from /opt/airflow/dags/subdags_dag.py
[2023-02-01T00:33:45.118+0000] {logging_mixin.py:120} INFO - [2023-02-01T00:33:45.118+0000] {dag.py:2585} INFO - Sync 3 DAGs
[2023-02-01T00:33:45.135+0000] {logging_mixin.py:120} INFO - [2023-02-01T00:33:45.135+0000] {dag.py:3340} INFO - Setting next_dagrun for subdags_dag to 2023-02-01T00:00:00+00:00, run_after=2023-02-02T00:00:00+00:00
[2023-02-01T00:33:45.137+0000] {logging_mixin.py:120} INFO - [2023-02-01T00:33:45.137+0000] {dag.py:3340} INFO - Setting next_dagrun for subdags_dag.downloads to None, run_after=None
[2023-02-01T00:33:45.137+0000] {logging_mixin.py:120} INFO - [2023-02-01T00:33:45.137+0000] {dag.py:3340} INFO - Setting next_dagrun for subdags_dag.transforms to None, run_after=None
[2023-02-01T00:33:45.140+0000] {logging_mixin.py:120} INFO - [2023-02-01T00:33:45.140+0000] {dag.py:2585} INFO - Sync 2 DAGs
[2023-02-01T00:33:45.144+0000] {logging_mixin.py:120} INFO - [2023-02-01T00:33:45.144+0000] {dag.py:3340} INFO - Setting next_dagrun for subdags_dag.downloads to None, run_after=None
[2023-02-01T00:33:45.144+0000] {logging_mixin.py:120} INFO - [2023-02-01T00:33:45.144+0000] {dag.py:3340} INFO - Setting next_dagrun for subdags_dag.transforms to None, run_after=None
[2023-02-01T00:33:45.155+0000] {processor.py:176} INFO - Processing /opt/airflow/dags/subdags_dag.py took 0.191 seconds
[2023-02-01T00:34:15.368+0000] {processor.py:154} INFO - Started process (PID=3798) to work on /opt/airflow/dags/subdags_dag.py
[2023-02-01T00:34:15.369+0000] {processor.py:756} INFO - Processing file /opt/airflow/dags/subdags_dag.py for tasks to queue
[2023-02-01T00:34:15.369+0000] {logging_mixin.py:120} INFO - [2023-02-01T00:34:15.369+0000] {dagbag.py:537} INFO - Filling up the DagBag from /opt/airflow/dags/subdags_dag.py
[2023-02-01T00:34:15.395+0000] {processor.py:766} INFO - DAG(s) dict_keys(['subdags_dag.transforms', 'subdags_dag.downloads', 'subdags_dag']) retrieved from /opt/airflow/dags/subdags_dag.py
[2023-02-01T00:34:15.529+0000] {logging_mixin.py:120} INFO - [2023-02-01T00:34:15.529+0000] {dag.py:2585} INFO - Sync 3 DAGs
[2023-02-01T00:34:15.546+0000] {logging_mixin.py:120} INFO - [2023-02-01T00:34:15.546+0000] {dag.py:3340} INFO - Setting next_dagrun for subdags_dag to 2023-02-01T00:00:00+00:00, run_after=2023-02-02T00:00:00+00:00
[2023-02-01T00:34:15.548+0000] {logging_mixin.py:120} INFO - [2023-02-01T00:34:15.548+0000] {dag.py:3340} INFO - Setting next_dagrun for subdags_dag.downloads to None, run_after=None
[2023-02-01T00:34:15.549+0000] {logging_mixin.py:120} INFO - [2023-02-01T00:34:15.549+0000] {dag.py:3340} INFO - Setting next_dagrun for subdags_dag.transforms to None, run_after=None
[2023-02-01T00:34:15.553+0000] {logging_mixin.py:120} INFO - [2023-02-01T00:34:15.552+0000] {dag.py:2585} INFO - Sync 2 DAGs
[2023-02-01T00:34:15.557+0000] {logging_mixin.py:120} INFO - [2023-02-01T00:34:15.557+0000] {dag.py:3340} INFO - Setting next_dagrun for subdags_dag.downloads to None, run_after=None
[2023-02-01T00:34:15.557+0000] {logging_mixin.py:120} INFO - [2023-02-01T00:34:15.557+0000] {dag.py:3340} INFO - Setting next_dagrun for subdags_dag.transforms to None, run_after=None
[2023-02-01T00:34:15.566+0000] {processor.py:176} INFO - Processing /opt/airflow/dags/subdags_dag.py took 0.202 seconds
[2023-02-01T00:34:45.758+0000] {processor.py:154} INFO - Started process (PID=3828) to work on /opt/airflow/dags/subdags_dag.py
[2023-02-01T00:34:45.758+0000] {processor.py:756} INFO - Processing file /opt/airflow/dags/subdags_dag.py for tasks to queue
[2023-02-01T00:34:45.758+0000] {logging_mixin.py:120} INFO - [2023-02-01T00:34:45.758+0000] {dagbag.py:537} INFO - Filling up the DagBag from /opt/airflow/dags/subdags_dag.py
[2023-02-01T00:34:45.780+0000] {processor.py:766} INFO - DAG(s) dict_keys(['subdags_dag.downloads', 'subdags_dag.transforms', 'subdags_dag']) retrieved from /opt/airflow/dags/subdags_dag.py
[2023-02-01T00:34:45.907+0000] {logging_mixin.py:120} INFO - [2023-02-01T00:34:45.906+0000] {dag.py:2585} INFO - Sync 3 DAGs
[2023-02-01T00:34:45.923+0000] {logging_mixin.py:120} INFO - [2023-02-01T00:34:45.923+0000] {dag.py:3340} INFO - Setting next_dagrun for subdags_dag to 2023-02-01T00:00:00+00:00, run_after=2023-02-02T00:00:00+00:00
[2023-02-01T00:34:45.925+0000] {logging_mixin.py:120} INFO - [2023-02-01T00:34:45.925+0000] {dag.py:3340} INFO - Setting next_dagrun for subdags_dag.downloads to None, run_after=None
[2023-02-01T00:34:45.926+0000] {logging_mixin.py:120} INFO - [2023-02-01T00:34:45.926+0000] {dag.py:3340} INFO - Setting next_dagrun for subdags_dag.transforms to None, run_after=None
[2023-02-01T00:34:45.929+0000] {logging_mixin.py:120} INFO - [2023-02-01T00:34:45.929+0000] {dag.py:2585} INFO - Sync 2 DAGs
[2023-02-01T00:34:45.933+0000] {logging_mixin.py:120} INFO - [2023-02-01T00:34:45.932+0000] {dag.py:3340} INFO - Setting next_dagrun for subdags_dag.downloads to None, run_after=None
[2023-02-01T00:34:45.933+0000] {logging_mixin.py:120} INFO - [2023-02-01T00:34:45.933+0000] {dag.py:3340} INFO - Setting next_dagrun for subdags_dag.transforms to None, run_after=None
[2023-02-01T00:34:45.941+0000] {processor.py:176} INFO - Processing /opt/airflow/dags/subdags_dag.py took 0.185 seconds
[2023-02-01T00:35:16.223+0000] {processor.py:154} INFO - Started process (PID=3865) to work on /opt/airflow/dags/subdags_dag.py
[2023-02-01T00:35:16.223+0000] {processor.py:756} INFO - Processing file /opt/airflow/dags/subdags_dag.py for tasks to queue
[2023-02-01T00:35:16.223+0000] {logging_mixin.py:120} INFO - [2023-02-01T00:35:16.223+0000] {dagbag.py:537} INFO - Filling up the DagBag from /opt/airflow/dags/subdags_dag.py
[2023-02-01T00:35:16.245+0000] {processor.py:766} INFO - DAG(s) dict_keys(['subdags_dag.downloads', 'subdags_dag.transforms', 'subdags_dag']) retrieved from /opt/airflow/dags/subdags_dag.py
[2023-02-01T00:35:16.376+0000] {logging_mixin.py:120} INFO - [2023-02-01T00:35:16.376+0000] {dag.py:2585} INFO - Sync 3 DAGs
[2023-02-01T00:35:16.395+0000] {logging_mixin.py:120} INFO - [2023-02-01T00:35:16.395+0000] {dag.py:3340} INFO - Setting next_dagrun for subdags_dag to 2023-02-01T00:00:00+00:00, run_after=2023-02-02T00:00:00+00:00
[2023-02-01T00:35:16.397+0000] {logging_mixin.py:120} INFO - [2023-02-01T00:35:16.397+0000] {dag.py:3340} INFO - Setting next_dagrun for subdags_dag.downloads to None, run_after=None
[2023-02-01T00:35:16.398+0000] {logging_mixin.py:120} INFO - [2023-02-01T00:35:16.398+0000] {dag.py:3340} INFO - Setting next_dagrun for subdags_dag.transforms to None, run_after=None
[2023-02-01T00:35:16.402+0000] {logging_mixin.py:120} INFO - [2023-02-01T00:35:16.402+0000] {dag.py:2585} INFO - Sync 2 DAGs
[2023-02-01T00:35:16.406+0000] {logging_mixin.py:120} INFO - [2023-02-01T00:35:16.405+0000] {dag.py:3340} INFO - Setting next_dagrun for subdags_dag.downloads to None, run_after=None
[2023-02-01T00:35:16.406+0000] {logging_mixin.py:120} INFO - [2023-02-01T00:35:16.406+0000] {dag.py:3340} INFO - Setting next_dagrun for subdags_dag.transforms to None, run_after=None
[2023-02-01T00:35:16.415+0000] {processor.py:176} INFO - Processing /opt/airflow/dags/subdags_dag.py took 0.195 seconds
[2023-02-01T00:35:46.631+0000] {processor.py:154} INFO - Started process (PID=3904) to work on /opt/airflow/dags/subdags_dag.py
[2023-02-01T00:35:46.633+0000] {processor.py:756} INFO - Processing file /opt/airflow/dags/subdags_dag.py for tasks to queue
[2023-02-01T00:35:46.634+0000] {logging_mixin.py:120} INFO - [2023-02-01T00:35:46.634+0000] {dagbag.py:537} INFO - Filling up the DagBag from /opt/airflow/dags/subdags_dag.py
[2023-02-01T00:35:46.656+0000] {processor.py:766} INFO - DAG(s) dict_keys(['subdags_dag.downloads', 'subdags_dag.transforms', 'subdags_dag']) retrieved from /opt/airflow/dags/subdags_dag.py
[2023-02-01T00:35:46.788+0000] {logging_mixin.py:120} INFO - [2023-02-01T00:35:46.788+0000] {dag.py:2585} INFO - Sync 3 DAGs
[2023-02-01T00:35:46.804+0000] {logging_mixin.py:120} INFO - [2023-02-01T00:35:46.804+0000] {dag.py:3340} INFO - Setting next_dagrun for subdags_dag to 2023-02-01T00:00:00+00:00, run_after=2023-02-02T00:00:00+00:00
[2023-02-01T00:35:46.806+0000] {logging_mixin.py:120} INFO - [2023-02-01T00:35:46.806+0000] {dag.py:3340} INFO - Setting next_dagrun for subdags_dag.downloads to None, run_after=None
[2023-02-01T00:35:46.807+0000] {logging_mixin.py:120} INFO - [2023-02-01T00:35:46.807+0000] {dag.py:3340} INFO - Setting next_dagrun for subdags_dag.transforms to None, run_after=None
[2023-02-01T00:35:46.811+0000] {logging_mixin.py:120} INFO - [2023-02-01T00:35:46.811+0000] {dag.py:2585} INFO - Sync 2 DAGs
[2023-02-01T00:35:46.815+0000] {logging_mixin.py:120} INFO - [2023-02-01T00:35:46.815+0000] {dag.py:3340} INFO - Setting next_dagrun for subdags_dag.downloads to None, run_after=None
[2023-02-01T00:35:46.815+0000] {logging_mixin.py:120} INFO - [2023-02-01T00:35:46.815+0000] {dag.py:3340} INFO - Setting next_dagrun for subdags_dag.transforms to None, run_after=None
[2023-02-01T00:35:46.822+0000] {processor.py:176} INFO - Processing /opt/airflow/dags/subdags_dag.py took 0.194 seconds
[2023-02-01T00:36:17.084+0000] {processor.py:154} INFO - Started process (PID=3943) to work on /opt/airflow/dags/subdags_dag.py
[2023-02-01T00:36:17.087+0000] {processor.py:756} INFO - Processing file /opt/airflow/dags/subdags_dag.py for tasks to queue
[2023-02-01T00:36:17.088+0000] {logging_mixin.py:120} INFO - [2023-02-01T00:36:17.088+0000] {dagbag.py:537} INFO - Filling up the DagBag from /opt/airflow/dags/subdags_dag.py
[2023-02-01T00:36:17.114+0000] {processor.py:766} INFO - DAG(s) dict_keys(['subdags_dag.downloads', 'subdags_dag.transforms', 'subdags_dag']) retrieved from /opt/airflow/dags/subdags_dag.py
[2023-02-01T00:36:17.258+0000] {logging_mixin.py:120} INFO - [2023-02-01T00:36:17.257+0000] {dag.py:2585} INFO - Sync 3 DAGs
[2023-02-01T00:36:17.276+0000] {logging_mixin.py:120} INFO - [2023-02-01T00:36:17.276+0000] {dag.py:3340} INFO - Setting next_dagrun for subdags_dag to 2023-02-01T00:00:00+00:00, run_after=2023-02-02T00:00:00+00:00
[2023-02-01T00:36:17.278+0000] {logging_mixin.py:120} INFO - [2023-02-01T00:36:17.278+0000] {dag.py:3340} INFO - Setting next_dagrun for subdags_dag.downloads to None, run_after=None
[2023-02-01T00:36:17.279+0000] {logging_mixin.py:120} INFO - [2023-02-01T00:36:17.278+0000] {dag.py:3340} INFO - Setting next_dagrun for subdags_dag.transforms to None, run_after=None
[2023-02-01T00:36:17.283+0000] {logging_mixin.py:120} INFO - [2023-02-01T00:36:17.282+0000] {dag.py:2585} INFO - Sync 2 DAGs
[2023-02-01T00:36:17.287+0000] {logging_mixin.py:120} INFO - [2023-02-01T00:36:17.287+0000] {dag.py:3340} INFO - Setting next_dagrun for subdags_dag.downloads to None, run_after=None
[2023-02-01T00:36:17.287+0000] {logging_mixin.py:120} INFO - [2023-02-01T00:36:17.287+0000] {dag.py:3340} INFO - Setting next_dagrun for subdags_dag.transforms to None, run_after=None
[2023-02-01T00:36:17.294+0000] {processor.py:176} INFO - Processing /opt/airflow/dags/subdags_dag.py took 0.214 seconds
[2023-02-01T00:36:47.482+0000] {processor.py:154} INFO - Started process (PID=3982) to work on /opt/airflow/dags/subdags_dag.py
[2023-02-01T00:36:47.484+0000] {processor.py:756} INFO - Processing file /opt/airflow/dags/subdags_dag.py for tasks to queue
[2023-02-01T00:36:47.485+0000] {logging_mixin.py:120} INFO - [2023-02-01T00:36:47.485+0000] {dagbag.py:537} INFO - Filling up the DagBag from /opt/airflow/dags/subdags_dag.py
[2023-02-01T00:36:47.510+0000] {processor.py:766} INFO - DAG(s) dict_keys(['subdags_dag.downloads', 'subdags_dag.transforms', 'subdags_dag']) retrieved from /opt/airflow/dags/subdags_dag.py
[2023-02-01T00:36:47.658+0000] {logging_mixin.py:120} INFO - [2023-02-01T00:36:47.658+0000] {dag.py:2585} INFO - Sync 3 DAGs
[2023-02-01T00:36:47.678+0000] {logging_mixin.py:120} INFO - [2023-02-01T00:36:47.678+0000] {dag.py:3340} INFO - Setting next_dagrun for subdags_dag to 2023-02-01T00:00:00+00:00, run_after=2023-02-02T00:00:00+00:00
[2023-02-01T00:36:47.682+0000] {logging_mixin.py:120} INFO - [2023-02-01T00:36:47.682+0000] {dag.py:3340} INFO - Setting next_dagrun for subdags_dag.downloads to None, run_after=None
[2023-02-01T00:36:47.684+0000] {logging_mixin.py:120} INFO - [2023-02-01T00:36:47.684+0000] {dag.py:3340} INFO - Setting next_dagrun for subdags_dag.transforms to None, run_after=None
[2023-02-01T00:36:47.692+0000] {logging_mixin.py:120} INFO - [2023-02-01T00:36:47.692+0000] {dag.py:2585} INFO - Sync 2 DAGs
[2023-02-01T00:36:47.698+0000] {logging_mixin.py:120} INFO - [2023-02-01T00:36:47.698+0000] {dag.py:3340} INFO - Setting next_dagrun for subdags_dag.downloads to None, run_after=None
[2023-02-01T00:36:47.699+0000] {logging_mixin.py:120} INFO - [2023-02-01T00:36:47.699+0000] {dag.py:3340} INFO - Setting next_dagrun for subdags_dag.transforms to None, run_after=None
[2023-02-01T00:36:47.713+0000] {processor.py:176} INFO - Processing /opt/airflow/dags/subdags_dag.py took 0.233 seconds
[2023-02-01T00:37:17.971+0000] {processor.py:154} INFO - Started process (PID=4012) to work on /opt/airflow/dags/subdags_dag.py
[2023-02-01T00:37:17.974+0000] {processor.py:756} INFO - Processing file /opt/airflow/dags/subdags_dag.py for tasks to queue
[2023-02-01T00:37:17.975+0000] {logging_mixin.py:120} INFO - [2023-02-01T00:37:17.974+0000] {dagbag.py:537} INFO - Filling up the DagBag from /opt/airflow/dags/subdags_dag.py
[2023-02-01T00:37:18.001+0000] {processor.py:766} INFO - DAG(s) dict_keys(['subdags_dag.downloads', 'subdags_dag.transforms', 'subdags_dag']) retrieved from /opt/airflow/dags/subdags_dag.py
[2023-02-01T00:37:18.137+0000] {logging_mixin.py:120} INFO - [2023-02-01T00:37:18.137+0000] {dag.py:2585} INFO - Sync 3 DAGs
[2023-02-01T00:37:18.154+0000] {logging_mixin.py:120} INFO - [2023-02-01T00:37:18.154+0000] {dag.py:3340} INFO - Setting next_dagrun for subdags_dag to 2023-02-01T00:00:00+00:00, run_after=2023-02-02T00:00:00+00:00
[2023-02-01T00:37:18.156+0000] {logging_mixin.py:120} INFO - [2023-02-01T00:37:18.156+0000] {dag.py:3340} INFO - Setting next_dagrun for subdags_dag.downloads to None, run_after=None
[2023-02-01T00:37:18.156+0000] {logging_mixin.py:120} INFO - [2023-02-01T00:37:18.156+0000] {dag.py:3340} INFO - Setting next_dagrun for subdags_dag.transforms to None, run_after=None
[2023-02-01T00:37:18.160+0000] {logging_mixin.py:120} INFO - [2023-02-01T00:37:18.160+0000] {dag.py:2585} INFO - Sync 2 DAGs
[2023-02-01T00:37:18.163+0000] {logging_mixin.py:120} INFO - [2023-02-01T00:37:18.163+0000] {dag.py:3340} INFO - Setting next_dagrun for subdags_dag.downloads to None, run_after=None
[2023-02-01T00:37:18.164+0000] {logging_mixin.py:120} INFO - [2023-02-01T00:37:18.164+0000] {dag.py:3340} INFO - Setting next_dagrun for subdags_dag.transforms to None, run_after=None
[2023-02-01T00:37:18.173+0000] {processor.py:176} INFO - Processing /opt/airflow/dags/subdags_dag.py took 0.209 seconds
[2023-02-01T00:37:48.384+0000] {processor.py:154} INFO - Started process (PID=4051) to work on /opt/airflow/dags/subdags_dag.py
[2023-02-01T00:37:48.386+0000] {processor.py:756} INFO - Processing file /opt/airflow/dags/subdags_dag.py for tasks to queue
[2023-02-01T00:37:48.387+0000] {logging_mixin.py:120} INFO - [2023-02-01T00:37:48.386+0000] {dagbag.py:537} INFO - Filling up the DagBag from /opt/airflow/dags/subdags_dag.py
[2023-02-01T00:37:48.409+0000] {processor.py:766} INFO - DAG(s) dict_keys(['subdags_dag.transforms', 'subdags_dag.downloads', 'subdags_dag']) retrieved from /opt/airflow/dags/subdags_dag.py
[2023-02-01T00:37:48.539+0000] {logging_mixin.py:120} INFO - [2023-02-01T00:37:48.539+0000] {dag.py:2585} INFO - Sync 3 DAGs
[2023-02-01T00:37:48.557+0000] {logging_mixin.py:120} INFO - [2023-02-01T00:37:48.557+0000] {dag.py:3340} INFO - Setting next_dagrun for subdags_dag to 2023-02-01T00:00:00+00:00, run_after=2023-02-02T00:00:00+00:00
[2023-02-01T00:37:48.559+0000] {logging_mixin.py:120} INFO - [2023-02-01T00:37:48.559+0000] {dag.py:3340} INFO - Setting next_dagrun for subdags_dag.downloads to None, run_after=None
[2023-02-01T00:37:48.560+0000] {logging_mixin.py:120} INFO - [2023-02-01T00:37:48.560+0000] {dag.py:3340} INFO - Setting next_dagrun for subdags_dag.transforms to None, run_after=None
[2023-02-01T00:37:48.564+0000] {logging_mixin.py:120} INFO - [2023-02-01T00:37:48.564+0000] {dag.py:2585} INFO - Sync 2 DAGs
[2023-02-01T00:37:48.569+0000] {logging_mixin.py:120} INFO - [2023-02-01T00:37:48.569+0000] {dag.py:3340} INFO - Setting next_dagrun for subdags_dag.downloads to None, run_after=None
[2023-02-01T00:37:48.569+0000] {logging_mixin.py:120} INFO - [2023-02-01T00:37:48.569+0000] {dag.py:3340} INFO - Setting next_dagrun for subdags_dag.transforms to None, run_after=None
[2023-02-01T00:37:48.578+0000] {processor.py:176} INFO - Processing /opt/airflow/dags/subdags_dag.py took 0.196 seconds
[2023-02-01T00:38:19.045+0000] {processor.py:154} INFO - Started process (PID=4090) to work on /opt/airflow/dags/subdags_dag.py
[2023-02-01T00:38:19.051+0000] {processor.py:756} INFO - Processing file /opt/airflow/dags/subdags_dag.py for tasks to queue
[2023-02-01T00:38:19.052+0000] {logging_mixin.py:120} INFO - [2023-02-01T00:38:19.052+0000] {dagbag.py:537} INFO - Filling up the DagBag from /opt/airflow/dags/subdags_dag.py
[2023-02-01T00:38:19.173+0000] {processor.py:766} INFO - DAG(s) dict_keys(['subdags_dag.downloads', 'subdags_dag.transforms', 'subdags_dag']) retrieved from /opt/airflow/dags/subdags_dag.py
[2023-02-01T00:38:20.130+0000] {logging_mixin.py:120} INFO - [2023-02-01T00:38:20.130+0000] {dag.py:2585} INFO - Sync 3 DAGs
[2023-02-01T00:38:20.203+0000] {logging_mixin.py:120} INFO - [2023-02-01T00:38:20.203+0000] {dag.py:3340} INFO - Setting next_dagrun for subdags_dag to 2023-02-01T00:00:00+00:00, run_after=2023-02-02T00:00:00+00:00
[2023-02-01T00:38:20.209+0000] {logging_mixin.py:120} INFO - [2023-02-01T00:38:20.209+0000] {dag.py:3340} INFO - Setting next_dagrun for subdags_dag.downloads to None, run_after=None
[2023-02-01T00:38:20.211+0000] {logging_mixin.py:120} INFO - [2023-02-01T00:38:20.211+0000] {dag.py:3340} INFO - Setting next_dagrun for subdags_dag.transforms to None, run_after=None
[2023-02-01T00:38:20.224+0000] {logging_mixin.py:120} INFO - [2023-02-01T00:38:20.224+0000] {dag.py:2585} INFO - Sync 2 DAGs
[2023-02-01T00:38:20.243+0000] {logging_mixin.py:120} INFO - [2023-02-01T00:38:20.242+0000] {dag.py:3340} INFO - Setting next_dagrun for subdags_dag.downloads to None, run_after=None
[2023-02-01T00:38:20.243+0000] {logging_mixin.py:120} INFO - [2023-02-01T00:38:20.243+0000] {dag.py:3340} INFO - Setting next_dagrun for subdags_dag.transforms to None, run_after=None
[2023-02-01T00:38:20.292+0000] {processor.py:176} INFO - Processing /opt/airflow/dags/subdags_dag.py took 1.254 seconds
[2023-02-01T00:38:26.782+0000] {processor.py:154} INFO - Started process (PID=50) to work on /opt/airflow/dags/subdags_dag.py
[2023-02-01T00:38:26.783+0000] {processor.py:756} INFO - Processing file /opt/airflow/dags/subdags_dag.py for tasks to queue
[2023-02-01T00:38:26.785+0000] {logging_mixin.py:120} INFO - [2023-02-01T00:38:26.784+0000] {dagbag.py:537} INFO - Filling up the DagBag from /opt/airflow/dags/subdags_dag.py
[2023-02-01T00:38:26.857+0000] {processor.py:766} INFO - DAG(s) dict_keys(['subdags_dag.downloads', 'subdags_dag.transforms', 'subdags_dag']) retrieved from /opt/airflow/dags/subdags_dag.py
[2023-02-01T00:38:27.342+0000] {logging_mixin.py:120} INFO - [2023-02-01T00:38:27.342+0000] {manager.py:507} INFO - Created Permission View: can delete on DAG:subdags_dag
[2023-02-01T00:38:27.366+0000] {logging_mixin.py:120} INFO - [2023-02-01T00:38:27.366+0000] {manager.py:507} INFO - Created Permission View: can read on DAG:subdags_dag
[2023-02-01T00:38:27.378+0000] {logging_mixin.py:120} INFO - [2023-02-01T00:38:27.378+0000] {manager.py:507} INFO - Created Permission View: can edit on DAG:subdags_dag
[2023-02-01T00:38:27.378+0000] {logging_mixin.py:120} INFO - [2023-02-01T00:38:27.378+0000] {dag.py:2585} INFO - Sync 3 DAGs
[2023-02-01T00:38:27.404+0000] {logging_mixin.py:120} INFO - [2023-02-01T00:38:27.404+0000] {dag.py:2606} INFO - Creating ORM DAG for subdags_dag.downloads
[2023-02-01T00:38:27.405+0000] {logging_mixin.py:120} INFO - [2023-02-01T00:38:27.405+0000] {dag.py:2606} INFO - Creating ORM DAG for subdags_dag.transforms
[2023-02-01T00:38:27.406+0000] {logging_mixin.py:120} INFO - [2023-02-01T00:38:27.406+0000] {dag.py:2606} INFO - Creating ORM DAG for subdags_dag
[2023-02-01T00:38:27.428+0000] {logging_mixin.py:120} INFO - [2023-02-01T00:38:27.428+0000] {dag.py:3340} INFO - Setting next_dagrun for subdags_dag to 2023-01-31T00:00:00+00:00, run_after=2023-02-01T00:00:00+00:00
[2023-02-01T00:38:27.429+0000] {logging_mixin.py:120} INFO - [2023-02-01T00:38:27.429+0000] {dag.py:3340} INFO - Setting next_dagrun for subdags_dag.downloads to None, run_after=None
[2023-02-01T00:38:27.430+0000] {logging_mixin.py:120} INFO - [2023-02-01T00:38:27.429+0000] {dag.py:3340} INFO - Setting next_dagrun for subdags_dag.transforms to None, run_after=None
[2023-02-01T00:38:27.448+0000] {logging_mixin.py:120} INFO - [2023-02-01T00:38:27.448+0000] {dag.py:2585} INFO - Sync 2 DAGs
[2023-02-01T00:38:27.461+0000] {logging_mixin.py:120} INFO - [2023-02-01T00:38:27.461+0000] {dag.py:3340} INFO - Setting next_dagrun for subdags_dag.downloads to None, run_after=None
[2023-02-01T00:38:27.467+0000] {logging_mixin.py:120} INFO - [2023-02-01T00:38:27.467+0000] {dag.py:3340} INFO - Setting next_dagrun for subdags_dag.transforms to None, run_after=None
[2023-02-01T00:38:27.492+0000] {processor.py:176} INFO - Processing /opt/airflow/dags/subdags_dag.py took 0.713 seconds
[2023-02-01T00:38:50.514+0000] {processor.py:154} INFO - Started process (PID=4120) to work on /opt/airflow/dags/subdags_dag.py
[2023-02-01T00:38:50.516+0000] {processor.py:756} INFO - Processing file /opt/airflow/dags/subdags_dag.py for tasks to queue
[2023-02-01T00:38:50.518+0000] {logging_mixin.py:120} INFO - [2023-02-01T00:38:50.518+0000] {dagbag.py:537} INFO - Filling up the DagBag from /opt/airflow/dags/subdags_dag.py
[2023-02-01T00:38:50.552+0000] {processor.py:766} INFO - DAG(s) dict_keys(['subdags_dag.downloads', 'subdags_dag.transforms', 'subdags_dag']) retrieved from /opt/airflow/dags/subdags_dag.py
[2023-02-01T00:38:50.687+0000] {logging_mixin.py:120} INFO - [2023-02-01T00:38:50.687+0000] {dag.py:2585} INFO - Sync 3 DAGs
[2023-02-01T00:38:50.707+0000] {logging_mixin.py:120} INFO - [2023-02-01T00:38:50.707+0000] {dag.py:3340} INFO - Setting next_dagrun for subdags_dag to 2023-02-01T00:00:00+00:00, run_after=2023-02-02T00:00:00+00:00
[2023-02-01T00:38:50.710+0000] {logging_mixin.py:120} INFO - [2023-02-01T00:38:50.709+0000] {dag.py:3340} INFO - Setting next_dagrun for subdags_dag.downloads to None, run_after=None
[2023-02-01T00:38:50.710+0000] {logging_mixin.py:120} INFO - [2023-02-01T00:38:50.710+0000] {dag.py:3340} INFO - Setting next_dagrun for subdags_dag.transforms to None, run_after=None
[2023-02-01T00:38:50.714+0000] {logging_mixin.py:120} INFO - [2023-02-01T00:38:50.714+0000] {dag.py:2585} INFO - Sync 2 DAGs
[2023-02-01T00:38:50.719+0000] {logging_mixin.py:120} INFO - [2023-02-01T00:38:50.719+0000] {dag.py:3340} INFO - Setting next_dagrun for subdags_dag.downloads to None, run_after=None
[2023-02-01T00:38:50.719+0000] {logging_mixin.py:120} INFO - [2023-02-01T00:38:50.719+0000] {dag.py:3340} INFO - Setting next_dagrun for subdags_dag.transforms to None, run_after=None
[2023-02-01T00:38:50.728+0000] {processor.py:176} INFO - Processing /opt/airflow/dags/subdags_dag.py took 0.220 seconds
[2023-02-01T00:38:57.641+0000] {processor.py:154} INFO - Started process (PID=91) to work on /opt/airflow/dags/subdags_dag.py
[2023-02-01T00:38:57.642+0000] {processor.py:756} INFO - Processing file /opt/airflow/dags/subdags_dag.py for tasks to queue
[2023-02-01T00:38:57.643+0000] {logging_mixin.py:120} INFO - [2023-02-01T00:38:57.643+0000] {dagbag.py:537} INFO - Filling up the DagBag from /opt/airflow/dags/subdags_dag.py
[2023-02-01T00:38:57.685+0000] {processor.py:766} INFO - DAG(s) dict_keys(['subdags_dag.downloads', 'subdags_dag.transforms', 'subdags_dag']) retrieved from /opt/airflow/dags/subdags_dag.py
[2023-02-01T00:38:57.979+0000] {logging_mixin.py:120} INFO - [2023-02-01T00:38:57.979+0000] {dag.py:2585} INFO - Sync 3 DAGs
[2023-02-01T00:38:58.011+0000] {logging_mixin.py:120} INFO - [2023-02-01T00:38:58.011+0000] {dag.py:3340} INFO - Setting next_dagrun for subdags_dag to 2023-01-31T00:00:00+00:00, run_after=2023-02-01T00:00:00+00:00
[2023-02-01T00:38:58.016+0000] {logging_mixin.py:120} INFO - [2023-02-01T00:38:58.016+0000] {dag.py:3340} INFO - Setting next_dagrun for subdags_dag.downloads to None, run_after=None
[2023-02-01T00:38:58.018+0000] {logging_mixin.py:120} INFO - [2023-02-01T00:38:58.018+0000] {dag.py:3340} INFO - Setting next_dagrun for subdags_dag.transforms to None, run_after=None
[2023-02-01T00:38:58.028+0000] {logging_mixin.py:120} INFO - [2023-02-01T00:38:58.028+0000] {dag.py:2585} INFO - Sync 2 DAGs
[2023-02-01T00:38:58.036+0000] {logging_mixin.py:120} INFO - [2023-02-01T00:38:58.036+0000] {dag.py:3340} INFO - Setting next_dagrun for subdags_dag.downloads to None, run_after=None
[2023-02-01T00:38:58.037+0000] {logging_mixin.py:120} INFO - [2023-02-01T00:38:58.037+0000] {dag.py:3340} INFO - Setting next_dagrun for subdags_dag.transforms to None, run_after=None
[2023-02-01T00:38:58.048+0000] {processor.py:176} INFO - Processing /opt/airflow/dags/subdags_dag.py took 0.410 seconds
[2023-02-01T00:39:20.977+0000] {processor.py:154} INFO - Started process (PID=4158) to work on /opt/airflow/dags/subdags_dag.py
[2023-02-01T00:39:20.979+0000] {processor.py:756} INFO - Processing file /opt/airflow/dags/subdags_dag.py for tasks to queue
[2023-02-01T00:39:20.979+0000] {logging_mixin.py:120} INFO - [2023-02-01T00:39:20.979+0000] {dagbag.py:537} INFO - Filling up the DagBag from /opt/airflow/dags/subdags_dag.py
[2023-02-01T00:39:21.001+0000] {processor.py:766} INFO - DAG(s) dict_keys(['subdags_dag.downloads', 'subdags_dag.transforms', 'subdags_dag']) retrieved from /opt/airflow/dags/subdags_dag.py
[2023-02-01T00:39:21.137+0000] {logging_mixin.py:120} INFO - [2023-02-01T00:39:21.137+0000] {dag.py:2585} INFO - Sync 3 DAGs
[2023-02-01T00:39:21.156+0000] {logging_mixin.py:120} INFO - [2023-02-01T00:39:21.156+0000] {dag.py:3340} INFO - Setting next_dagrun for subdags_dag to 2023-02-01T00:00:00+00:00, run_after=2023-02-02T00:00:00+00:00
[2023-02-01T00:39:21.158+0000] {logging_mixin.py:120} INFO - [2023-02-01T00:39:21.158+0000] {dag.py:3340} INFO - Setting next_dagrun for subdags_dag.downloads to None, run_after=None
[2023-02-01T00:39:21.159+0000] {logging_mixin.py:120} INFO - [2023-02-01T00:39:21.159+0000] {dag.py:3340} INFO - Setting next_dagrun for subdags_dag.transforms to None, run_after=None
[2023-02-01T00:39:21.163+0000] {logging_mixin.py:120} INFO - [2023-02-01T00:39:21.163+0000] {dag.py:2585} INFO - Sync 2 DAGs
[2023-02-01T00:39:21.167+0000] {logging_mixin.py:120} INFO - [2023-02-01T00:39:21.167+0000] {dag.py:3340} INFO - Setting next_dagrun for subdags_dag.downloads to None, run_after=None
[2023-02-01T00:39:21.167+0000] {logging_mixin.py:120} INFO - [2023-02-01T00:39:21.167+0000] {dag.py:3340} INFO - Setting next_dagrun for subdags_dag.transforms to None, run_after=None
[2023-02-01T00:39:21.177+0000] {processor.py:176} INFO - Processing /opt/airflow/dags/subdags_dag.py took 0.202 seconds
[2023-02-01T00:39:28.603+0000] {processor.py:154} INFO - Started process (PID=120) to work on /opt/airflow/dags/subdags_dag.py
[2023-02-01T00:39:28.604+0000] {processor.py:756} INFO - Processing file /opt/airflow/dags/subdags_dag.py for tasks to queue
[2023-02-01T00:39:28.604+0000] {logging_mixin.py:120} INFO - [2023-02-01T00:39:28.604+0000] {dagbag.py:537} INFO - Filling up the DagBag from /opt/airflow/dags/subdags_dag.py
[2023-02-01T00:39:28.634+0000] {processor.py:766} INFO - DAG(s) dict_keys(['subdags_dag.downloads', 'subdags_dag.transforms', 'subdags_dag']) retrieved from /opt/airflow/dags/subdags_dag.py
[2023-02-01T00:39:28.807+0000] {logging_mixin.py:120} INFO - [2023-02-01T00:39:28.807+0000] {dag.py:2585} INFO - Sync 3 DAGs
[2023-02-01T00:39:28.824+0000] {logging_mixin.py:120} INFO - [2023-02-01T00:39:28.824+0000] {dag.py:3340} INFO - Setting next_dagrun for subdags_dag to 2023-01-31T00:00:00+00:00, run_after=2023-02-01T00:00:00+00:00
[2023-02-01T00:39:28.826+0000] {logging_mixin.py:120} INFO - [2023-02-01T00:39:28.826+0000] {dag.py:3340} INFO - Setting next_dagrun for subdags_dag.downloads to None, run_after=None
[2023-02-01T00:39:28.827+0000] {logging_mixin.py:120} INFO - [2023-02-01T00:39:28.827+0000] {dag.py:3340} INFO - Setting next_dagrun for subdags_dag.transforms to None, run_after=None
[2023-02-01T00:39:28.833+0000] {logging_mixin.py:120} INFO - [2023-02-01T00:39:28.833+0000] {dag.py:2585} INFO - Sync 2 DAGs
[2023-02-01T00:39:28.838+0000] {logging_mixin.py:120} INFO - [2023-02-01T00:39:28.838+0000] {dag.py:3340} INFO - Setting next_dagrun for subdags_dag.downloads to None, run_after=None
[2023-02-01T00:39:28.839+0000] {logging_mixin.py:120} INFO - [2023-02-01T00:39:28.839+0000] {dag.py:3340} INFO - Setting next_dagrun for subdags_dag.transforms to None, run_after=None
[2023-02-01T00:39:28.846+0000] {processor.py:176} INFO - Processing /opt/airflow/dags/subdags_dag.py took 0.245 seconds
