[2023-02-01T00:26:56.977+0000] {processor.py:154} INFO - Started process (PID=3263) to work on /opt/airflow/dags/xcom_dag.py
[2023-02-01T00:26:56.978+0000] {processor.py:756} INFO - Processing file /opt/airflow/dags/xcom_dag.py for tasks to queue
[2023-02-01T00:26:56.978+0000] {logging_mixin.py:120} INFO - [2023-02-01T00:26:56.978+0000] {dagbag.py:537} INFO - Filling up the DagBag from /opt/airflow/dags/xcom_dag.py
[2023-02-01T00:26:56.989+0000] {processor.py:766} INFO - DAG(s) dict_keys(['xcom_dag']) retrieved from /opt/airflow/dags/xcom_dag.py
[2023-02-01T00:26:57.081+0000] {logging_mixin.py:120} INFO - [2023-02-01T00:26:57.081+0000] {manager.py:507} INFO - Created Permission View: can edit on DAG:xcom_dag
[2023-02-01T00:26:57.087+0000] {logging_mixin.py:120} INFO - [2023-02-01T00:26:57.087+0000] {manager.py:507} INFO - Created Permission View: can read on DAG:xcom_dag
[2023-02-01T00:26:57.092+0000] {logging_mixin.py:120} INFO - [2023-02-01T00:26:57.092+0000] {manager.py:507} INFO - Created Permission View: can delete on DAG:xcom_dag
[2023-02-01T00:26:57.092+0000] {logging_mixin.py:120} INFO - [2023-02-01T00:26:57.092+0000] {dag.py:2585} INFO - Sync 1 DAGs
[2023-02-01T00:26:57.101+0000] {logging_mixin.py:120} INFO - [2023-02-01T00:26:57.100+0000] {dag.py:2606} INFO - Creating ORM DAG for xcom_dag
[2023-02-01T00:26:57.110+0000] {logging_mixin.py:120} INFO - [2023-02-01T00:26:57.110+0000] {dag.py:3340} INFO - Setting next_dagrun for xcom_dag to 2023-01-31T00:00:00+00:00, run_after=2023-02-01T00:00:00+00:00
[2023-02-01T00:26:57.120+0000] {processor.py:176} INFO - Processing /opt/airflow/dags/xcom_dag.py took 0.144 seconds
[2023-02-01T00:27:27.496+0000] {processor.py:154} INFO - Started process (PID=3302) to work on /opt/airflow/dags/xcom_dag.py
[2023-02-01T00:27:27.497+0000] {processor.py:756} INFO - Processing file /opt/airflow/dags/xcom_dag.py for tasks to queue
[2023-02-01T00:27:27.498+0000] {logging_mixin.py:120} INFO - [2023-02-01T00:27:27.498+0000] {dagbag.py:537} INFO - Filling up the DagBag from /opt/airflow/dags/xcom_dag.py
[2023-02-01T00:27:27.514+0000] {processor.py:766} INFO - DAG(s) dict_keys(['xcom_dag']) retrieved from /opt/airflow/dags/xcom_dag.py
[2023-02-01T00:27:27.537+0000] {logging_mixin.py:120} INFO - [2023-02-01T00:27:27.537+0000] {dag.py:2585} INFO - Sync 1 DAGs
[2023-02-01T00:27:27.553+0000] {logging_mixin.py:120} INFO - [2023-02-01T00:27:27.553+0000] {dag.py:3340} INFO - Setting next_dagrun for xcom_dag to 2023-01-31T00:00:00+00:00, run_after=2023-02-01T00:00:00+00:00
[2023-02-01T00:27:27.563+0000] {processor.py:176} INFO - Processing /opt/airflow/dags/xcom_dag.py took 0.073 seconds
[2023-02-01T00:27:58.049+0000] {processor.py:154} INFO - Started process (PID=3341) to work on /opt/airflow/dags/xcom_dag.py
[2023-02-01T00:27:58.052+0000] {processor.py:756} INFO - Processing file /opt/airflow/dags/xcom_dag.py for tasks to queue
[2023-02-01T00:27:58.053+0000] {logging_mixin.py:120} INFO - [2023-02-01T00:27:58.053+0000] {dagbag.py:537} INFO - Filling up the DagBag from /opt/airflow/dags/xcom_dag.py
[2023-02-01T00:27:58.068+0000] {processor.py:766} INFO - DAG(s) dict_keys(['xcom_dag']) retrieved from /opt/airflow/dags/xcom_dag.py
[2023-02-01T00:27:58.092+0000] {logging_mixin.py:120} INFO - [2023-02-01T00:27:58.092+0000] {dag.py:2585} INFO - Sync 1 DAGs
[2023-02-01T00:27:58.109+0000] {logging_mixin.py:120} INFO - [2023-02-01T00:27:58.108+0000] {dag.py:3340} INFO - Setting next_dagrun for xcom_dag to 2023-01-31T00:00:00+00:00, run_after=2023-02-01T00:00:00+00:00
[2023-02-01T00:27:58.121+0000] {processor.py:176} INFO - Processing /opt/airflow/dags/xcom_dag.py took 0.077 seconds
[2023-02-01T00:28:28.600+0000] {processor.py:154} INFO - Started process (PID=3379) to work on /opt/airflow/dags/xcom_dag.py
[2023-02-01T00:28:28.600+0000] {processor.py:756} INFO - Processing file /opt/airflow/dags/xcom_dag.py for tasks to queue
[2023-02-01T00:28:28.601+0000] {logging_mixin.py:120} INFO - [2023-02-01T00:28:28.601+0000] {dagbag.py:537} INFO - Filling up the DagBag from /opt/airflow/dags/xcom_dag.py
[2023-02-01T00:28:28.613+0000] {processor.py:766} INFO - DAG(s) dict_keys(['xcom_dag']) retrieved from /opt/airflow/dags/xcom_dag.py
[2023-02-01T00:28:28.638+0000] {logging_mixin.py:120} INFO - [2023-02-01T00:28:28.637+0000] {dag.py:2585} INFO - Sync 1 DAGs
[2023-02-01T00:28:28.665+0000] {logging_mixin.py:120} INFO - [2023-02-01T00:28:28.665+0000] {dag.py:3340} INFO - Setting next_dagrun for xcom_dag to 2023-01-31T00:00:00+00:00, run_after=2023-02-01T00:00:00+00:00
[2023-02-01T00:28:28.679+0000] {processor.py:176} INFO - Processing /opt/airflow/dags/xcom_dag.py took 0.081 seconds
[2023-02-01T00:28:59.156+0000] {processor.py:154} INFO - Started process (PID=3409) to work on /opt/airflow/dags/xcom_dag.py
[2023-02-01T00:28:59.158+0000] {processor.py:756} INFO - Processing file /opt/airflow/dags/xcom_dag.py for tasks to queue
[2023-02-01T00:28:59.159+0000] {logging_mixin.py:120} INFO - [2023-02-01T00:28:59.159+0000] {dagbag.py:537} INFO - Filling up the DagBag from /opt/airflow/dags/xcom_dag.py
[2023-02-01T00:28:59.170+0000] {processor.py:766} INFO - DAG(s) dict_keys(['xcom_dag']) retrieved from /opt/airflow/dags/xcom_dag.py
[2023-02-01T00:28:59.194+0000] {logging_mixin.py:120} INFO - [2023-02-01T00:28:59.194+0000] {dag.py:2585} INFO - Sync 1 DAGs
[2023-02-01T00:28:59.211+0000] {logging_mixin.py:120} INFO - [2023-02-01T00:28:59.211+0000] {dag.py:3340} INFO - Setting next_dagrun for xcom_dag to 2023-01-31T00:00:00+00:00, run_after=2023-02-01T00:00:00+00:00
[2023-02-01T00:28:59.222+0000] {processor.py:176} INFO - Processing /opt/airflow/dags/xcom_dag.py took 0.068 seconds
[2023-02-01T00:29:29.713+0000] {processor.py:154} INFO - Started process (PID=3448) to work on /opt/airflow/dags/xcom_dag.py
[2023-02-01T00:29:29.714+0000] {processor.py:756} INFO - Processing file /opt/airflow/dags/xcom_dag.py for tasks to queue
[2023-02-01T00:29:29.715+0000] {logging_mixin.py:120} INFO - [2023-02-01T00:29:29.715+0000] {dagbag.py:537} INFO - Filling up the DagBag from /opt/airflow/dags/xcom_dag.py
[2023-02-01T00:29:29.729+0000] {processor.py:766} INFO - DAG(s) dict_keys(['xcom_dag']) retrieved from /opt/airflow/dags/xcom_dag.py
[2023-02-01T00:29:29.753+0000] {logging_mixin.py:120} INFO - [2023-02-01T00:29:29.753+0000] {dag.py:2585} INFO - Sync 1 DAGs
[2023-02-01T00:29:29.771+0000] {logging_mixin.py:120} INFO - [2023-02-01T00:29:29.770+0000] {dag.py:3340} INFO - Setting next_dagrun for xcom_dag to 2023-01-31T00:00:00+00:00, run_after=2023-02-01T00:00:00+00:00
[2023-02-01T00:29:29.782+0000] {processor.py:176} INFO - Processing /opt/airflow/dags/xcom_dag.py took 0.074 seconds
[2023-02-01T00:30:00.260+0000] {processor.py:154} INFO - Started process (PID=3487) to work on /opt/airflow/dags/xcom_dag.py
[2023-02-01T00:30:00.262+0000] {processor.py:756} INFO - Processing file /opt/airflow/dags/xcom_dag.py for tasks to queue
[2023-02-01T00:30:00.263+0000] {logging_mixin.py:120} INFO - [2023-02-01T00:30:00.263+0000] {dagbag.py:537} INFO - Filling up the DagBag from /opt/airflow/dags/xcom_dag.py
[2023-02-01T00:30:00.275+0000] {processor.py:766} INFO - DAG(s) dict_keys(['xcom_dag']) retrieved from /opt/airflow/dags/xcom_dag.py
[2023-02-01T00:30:00.300+0000] {logging_mixin.py:120} INFO - [2023-02-01T00:30:00.300+0000] {dag.py:2585} INFO - Sync 1 DAGs
[2023-02-01T00:30:00.316+0000] {logging_mixin.py:120} INFO - [2023-02-01T00:30:00.316+0000] {dag.py:3340} INFO - Setting next_dagrun for xcom_dag to 2023-01-31T00:00:00+00:00, run_after=2023-02-01T00:00:00+00:00
[2023-02-01T00:30:00.328+0000] {processor.py:176} INFO - Processing /opt/airflow/dags/xcom_dag.py took 0.073 seconds
[2023-02-01T00:30:30.795+0000] {processor.py:154} INFO - Started process (PID=3527) to work on /opt/airflow/dags/xcom_dag.py
[2023-02-01T00:30:30.796+0000] {processor.py:756} INFO - Processing file /opt/airflow/dags/xcom_dag.py for tasks to queue
[2023-02-01T00:30:30.797+0000] {logging_mixin.py:120} INFO - [2023-02-01T00:30:30.797+0000] {dagbag.py:537} INFO - Filling up the DagBag from /opt/airflow/dags/xcom_dag.py
[2023-02-01T00:30:30.813+0000] {processor.py:766} INFO - DAG(s) dict_keys(['xcom_dag']) retrieved from /opt/airflow/dags/xcom_dag.py
[2023-02-01T00:30:30.836+0000] {logging_mixin.py:120} INFO - [2023-02-01T00:30:30.836+0000] {dag.py:2585} INFO - Sync 1 DAGs
[2023-02-01T00:30:30.852+0000] {logging_mixin.py:120} INFO - [2023-02-01T00:30:30.852+0000] {dag.py:3340} INFO - Setting next_dagrun for xcom_dag to 2023-01-31T00:00:00+00:00, run_after=2023-02-01T00:00:00+00:00
[2023-02-01T00:30:30.863+0000] {processor.py:176} INFO - Processing /opt/airflow/dags/xcom_dag.py took 0.073 seconds
[2023-02-01T00:31:01.321+0000] {processor.py:154} INFO - Started process (PID=3557) to work on /opt/airflow/dags/xcom_dag.py
[2023-02-01T00:31:01.324+0000] {processor.py:756} INFO - Processing file /opt/airflow/dags/xcom_dag.py for tasks to queue
[2023-02-01T00:31:01.324+0000] {logging_mixin.py:120} INFO - [2023-02-01T00:31:01.324+0000] {dagbag.py:537} INFO - Filling up the DagBag from /opt/airflow/dags/xcom_dag.py
[2023-02-01T00:31:01.340+0000] {processor.py:766} INFO - DAG(s) dict_keys(['xcom_dag']) retrieved from /opt/airflow/dags/xcom_dag.py
[2023-02-01T00:31:01.362+0000] {logging_mixin.py:120} INFO - [2023-02-01T00:31:01.362+0000] {dag.py:2585} INFO - Sync 1 DAGs
[2023-02-01T00:31:01.378+0000] {logging_mixin.py:120} INFO - [2023-02-01T00:31:01.378+0000] {dag.py:3340} INFO - Setting next_dagrun for xcom_dag to 2023-01-31T00:00:00+00:00, run_after=2023-02-01T00:00:00+00:00
[2023-02-01T00:31:01.389+0000] {processor.py:176} INFO - Processing /opt/airflow/dags/xcom_dag.py took 0.072 seconds
[2023-02-01T00:31:31.873+0000] {processor.py:154} INFO - Started process (PID=3596) to work on /opt/airflow/dags/xcom_dag.py
[2023-02-01T00:31:31.873+0000] {processor.py:756} INFO - Processing file /opt/airflow/dags/xcom_dag.py for tasks to queue
[2023-02-01T00:31:31.874+0000] {logging_mixin.py:120} INFO - [2023-02-01T00:31:31.874+0000] {dagbag.py:537} INFO - Filling up the DagBag from /opt/airflow/dags/xcom_dag.py
[2023-02-01T00:31:31.890+0000] {processor.py:766} INFO - DAG(s) dict_keys(['xcom_dag']) retrieved from /opt/airflow/dags/xcom_dag.py
[2023-02-01T00:31:31.913+0000] {logging_mixin.py:120} INFO - [2023-02-01T00:31:31.913+0000] {dag.py:2585} INFO - Sync 1 DAGs
[2023-02-01T00:31:31.929+0000] {logging_mixin.py:120} INFO - [2023-02-01T00:31:31.929+0000] {dag.py:3340} INFO - Setting next_dagrun for xcom_dag to 2023-01-31T00:00:00+00:00, run_after=2023-02-01T00:00:00+00:00
[2023-02-01T00:31:31.940+0000] {processor.py:176} INFO - Processing /opt/airflow/dags/xcom_dag.py took 0.071 seconds
[2023-02-01T00:32:02.415+0000] {processor.py:154} INFO - Started process (PID=3636) to work on /opt/airflow/dags/xcom_dag.py
[2023-02-01T00:32:02.418+0000] {processor.py:756} INFO - Processing file /opt/airflow/dags/xcom_dag.py for tasks to queue
[2023-02-01T00:32:02.418+0000] {logging_mixin.py:120} INFO - [2023-02-01T00:32:02.418+0000] {dagbag.py:537} INFO - Filling up the DagBag from /opt/airflow/dags/xcom_dag.py
[2023-02-01T00:32:02.431+0000] {processor.py:766} INFO - DAG(s) dict_keys(['xcom_dag']) retrieved from /opt/airflow/dags/xcom_dag.py
[2023-02-01T00:32:02.460+0000] {logging_mixin.py:120} INFO - [2023-02-01T00:32:02.460+0000] {dag.py:2585} INFO - Sync 1 DAGs
[2023-02-01T00:32:02.484+0000] {logging_mixin.py:120} INFO - [2023-02-01T00:32:02.484+0000] {dag.py:3340} INFO - Setting next_dagrun for xcom_dag to 2023-01-31T00:00:00+00:00, run_after=2023-02-01T00:00:00+00:00
[2023-02-01T00:32:02.500+0000] {processor.py:176} INFO - Processing /opt/airflow/dags/xcom_dag.py took 0.086 seconds
[2023-02-01T00:32:32.934+0000] {processor.py:154} INFO - Started process (PID=3674) to work on /opt/airflow/dags/xcom_dag.py
[2023-02-01T00:32:32.935+0000] {processor.py:756} INFO - Processing file /opt/airflow/dags/xcom_dag.py for tasks to queue
[2023-02-01T00:32:32.935+0000] {logging_mixin.py:120} INFO - [2023-02-01T00:32:32.935+0000] {dagbag.py:537} INFO - Filling up the DagBag from /opt/airflow/dags/xcom_dag.py
[2023-02-01T00:32:32.946+0000] {processor.py:766} INFO - DAG(s) dict_keys(['xcom_dag']) retrieved from /opt/airflow/dags/xcom_dag.py
[2023-02-01T00:32:32.970+0000] {logging_mixin.py:120} INFO - [2023-02-01T00:32:32.970+0000] {dag.py:2585} INFO - Sync 1 DAGs
[2023-02-01T00:32:32.986+0000] {logging_mixin.py:120} INFO - [2023-02-01T00:32:32.986+0000] {dag.py:3340} INFO - Setting next_dagrun for xcom_dag to 2023-01-31T00:00:00+00:00, run_after=2023-02-01T00:00:00+00:00
[2023-02-01T00:32:32.997+0000] {processor.py:176} INFO - Processing /opt/airflow/dags/xcom_dag.py took 0.067 seconds
[2023-02-01T00:33:03.619+0000] {processor.py:154} INFO - Started process (PID=3710) to work on /opt/airflow/dags/xcom_dag.py
[2023-02-01T00:33:03.625+0000] {processor.py:756} INFO - Processing file /opt/airflow/dags/xcom_dag.py for tasks to queue
[2023-02-01T00:33:03.626+0000] {logging_mixin.py:120} INFO - [2023-02-01T00:33:03.626+0000] {dagbag.py:537} INFO - Filling up the DagBag from /opt/airflow/dags/xcom_dag.py
[2023-02-01T00:33:03.667+0000] {processor.py:766} INFO - DAG(s) dict_keys(['xcom_dag']) retrieved from /opt/airflow/dags/xcom_dag.py
[2023-02-01T00:33:03.785+0000] {logging_mixin.py:120} INFO - [2023-02-01T00:33:03.785+0000] {dag.py:2585} INFO - Sync 1 DAGs
[2023-02-01T00:33:03.879+0000] {logging_mixin.py:120} INFO - [2023-02-01T00:33:03.878+0000] {dag.py:3340} INFO - Setting next_dagrun for xcom_dag to 2023-01-31T00:00:00+00:00, run_after=2023-02-01T00:00:00+00:00
[2023-02-01T00:33:03.932+0000] {processor.py:176} INFO - Processing /opt/airflow/dags/xcom_dag.py took 0.319 seconds
[2023-02-01T00:33:34.715+0000] {processor.py:154} INFO - Started process (PID=3744) to work on /opt/airflow/dags/xcom_dag.py
[2023-02-01T00:33:34.716+0000] {processor.py:756} INFO - Processing file /opt/airflow/dags/xcom_dag.py for tasks to queue
[2023-02-01T00:33:34.716+0000] {logging_mixin.py:120} INFO - [2023-02-01T00:33:34.716+0000] {dagbag.py:537} INFO - Filling up the DagBag from /opt/airflow/dags/xcom_dag.py
[2023-02-01T00:33:34.727+0000] {processor.py:766} INFO - DAG(s) dict_keys(['xcom_dag']) retrieved from /opt/airflow/dags/xcom_dag.py
[2023-02-01T00:33:34.753+0000] {logging_mixin.py:120} INFO - [2023-02-01T00:33:34.753+0000] {dag.py:2585} INFO - Sync 1 DAGs
[2023-02-01T00:33:34.780+0000] {logging_mixin.py:120} INFO - [2023-02-01T00:33:34.780+0000] {dag.py:3340} INFO - Setting next_dagrun for xcom_dag to 2023-01-31T00:00:00+00:00, run_after=2023-02-01T00:00:00+00:00
[2023-02-01T00:33:34.795+0000] {processor.py:176} INFO - Processing /opt/airflow/dags/xcom_dag.py took 0.081 seconds
[2023-02-01T00:34:05.197+0000] {processor.py:154} INFO - Started process (PID=3783) to work on /opt/airflow/dags/xcom_dag.py
[2023-02-01T00:34:05.198+0000] {processor.py:756} INFO - Processing file /opt/airflow/dags/xcom_dag.py for tasks to queue
[2023-02-01T00:34:05.199+0000] {logging_mixin.py:120} INFO - [2023-02-01T00:34:05.199+0000] {dagbag.py:537} INFO - Filling up the DagBag from /opt/airflow/dags/xcom_dag.py
[2023-02-01T00:34:05.214+0000] {processor.py:766} INFO - DAG(s) dict_keys(['xcom_dag']) retrieved from /opt/airflow/dags/xcom_dag.py
[2023-02-01T00:34:05.236+0000] {logging_mixin.py:120} INFO - [2023-02-01T00:34:05.236+0000] {dag.py:2585} INFO - Sync 1 DAGs
[2023-02-01T00:34:05.252+0000] {logging_mixin.py:120} INFO - [2023-02-01T00:34:05.252+0000] {dag.py:3340} INFO - Setting next_dagrun for xcom_dag to 2023-01-31T00:00:00+00:00, run_after=2023-02-01T00:00:00+00:00
[2023-02-01T00:34:05.264+0000] {processor.py:176} INFO - Processing /opt/airflow/dags/xcom_dag.py took 0.070 seconds
[2023-02-01T00:34:35.603+0000] {processor.py:154} INFO - Started process (PID=3822) to work on /opt/airflow/dags/xcom_dag.py
[2023-02-01T00:34:35.604+0000] {processor.py:756} INFO - Processing file /opt/airflow/dags/xcom_dag.py for tasks to queue
[2023-02-01T00:34:35.604+0000] {logging_mixin.py:120} INFO - [2023-02-01T00:34:35.604+0000] {dagbag.py:537} INFO - Filling up the DagBag from /opt/airflow/dags/xcom_dag.py
[2023-02-01T00:34:35.615+0000] {processor.py:766} INFO - DAG(s) dict_keys(['xcom_dag']) retrieved from /opt/airflow/dags/xcom_dag.py
[2023-02-01T00:34:35.639+0000] {logging_mixin.py:120} INFO - [2023-02-01T00:34:35.638+0000] {dag.py:2585} INFO - Sync 1 DAGs
[2023-02-01T00:34:35.657+0000] {logging_mixin.py:120} INFO - [2023-02-01T00:34:35.657+0000] {dag.py:3340} INFO - Setting next_dagrun for xcom_dag to 2023-01-31T00:00:00+00:00, run_after=2023-02-01T00:00:00+00:00
[2023-02-01T00:34:35.669+0000] {processor.py:176} INFO - Processing /opt/airflow/dags/xcom_dag.py took 0.068 seconds
[2023-02-01T00:35:06.035+0000] {processor.py:154} INFO - Started process (PID=3850) to work on /opt/airflow/dags/xcom_dag.py
[2023-02-01T00:35:06.037+0000] {processor.py:756} INFO - Processing file /opt/airflow/dags/xcom_dag.py for tasks to queue
[2023-02-01T00:35:06.037+0000] {logging_mixin.py:120} INFO - [2023-02-01T00:35:06.037+0000] {dagbag.py:537} INFO - Filling up the DagBag from /opt/airflow/dags/xcom_dag.py
[2023-02-01T00:35:06.049+0000] {processor.py:766} INFO - DAG(s) dict_keys(['xcom_dag']) retrieved from /opt/airflow/dags/xcom_dag.py
[2023-02-01T00:35:06.074+0000] {logging_mixin.py:120} INFO - [2023-02-01T00:35:06.074+0000] {dag.py:2585} INFO - Sync 1 DAGs
[2023-02-01T00:35:06.092+0000] {logging_mixin.py:120} INFO - [2023-02-01T00:35:06.092+0000] {dag.py:3340} INFO - Setting next_dagrun for xcom_dag to 2023-01-31T00:00:00+00:00, run_after=2023-02-01T00:00:00+00:00
[2023-02-01T00:35:06.104+0000] {processor.py:176} INFO - Processing /opt/airflow/dags/xcom_dag.py took 0.071 seconds
[2023-02-01T00:35:36.478+0000] {processor.py:154} INFO - Started process (PID=3889) to work on /opt/airflow/dags/xcom_dag.py
[2023-02-01T00:35:36.478+0000] {processor.py:756} INFO - Processing file /opt/airflow/dags/xcom_dag.py for tasks to queue
[2023-02-01T00:35:36.479+0000] {logging_mixin.py:120} INFO - [2023-02-01T00:35:36.479+0000] {dagbag.py:537} INFO - Filling up the DagBag from /opt/airflow/dags/xcom_dag.py
[2023-02-01T00:35:36.492+0000] {processor.py:766} INFO - DAG(s) dict_keys(['xcom_dag']) retrieved from /opt/airflow/dags/xcom_dag.py
[2023-02-01T00:35:36.517+0000] {logging_mixin.py:120} INFO - [2023-02-01T00:35:36.517+0000] {dag.py:2585} INFO - Sync 1 DAGs
[2023-02-01T00:35:36.535+0000] {logging_mixin.py:120} INFO - [2023-02-01T00:35:36.535+0000] {dag.py:3340} INFO - Setting next_dagrun for xcom_dag to 2023-01-31T00:00:00+00:00, run_after=2023-02-01T00:00:00+00:00
[2023-02-01T00:35:36.548+0000] {processor.py:176} INFO - Processing /opt/airflow/dags/xcom_dag.py took 0.074 seconds
[2023-02-01T00:36:06.921+0000] {processor.py:154} INFO - Started process (PID=3928) to work on /opt/airflow/dags/xcom_dag.py
[2023-02-01T00:36:06.922+0000] {processor.py:756} INFO - Processing file /opt/airflow/dags/xcom_dag.py for tasks to queue
[2023-02-01T00:36:06.922+0000] {logging_mixin.py:120} INFO - [2023-02-01T00:36:06.922+0000] {dagbag.py:537} INFO - Filling up the DagBag from /opt/airflow/dags/xcom_dag.py
[2023-02-01T00:36:06.936+0000] {processor.py:766} INFO - DAG(s) dict_keys(['xcom_dag']) retrieved from /opt/airflow/dags/xcom_dag.py
[2023-02-01T00:36:06.959+0000] {logging_mixin.py:120} INFO - [2023-02-01T00:36:06.959+0000] {dag.py:2585} INFO - Sync 1 DAGs
[2023-02-01T00:36:06.975+0000] {logging_mixin.py:120} INFO - [2023-02-01T00:36:06.975+0000] {dag.py:3340} INFO - Setting next_dagrun for xcom_dag to 2023-01-31T00:00:00+00:00, run_after=2023-02-01T00:00:00+00:00
[2023-02-01T00:36:06.986+0000] {processor.py:176} INFO - Processing /opt/airflow/dags/xcom_dag.py took 0.067 seconds
[2023-02-01T00:36:37.268+0000] {processor.py:154} INFO - Started process (PID=3967) to work on /opt/airflow/dags/xcom_dag.py
[2023-02-01T00:36:37.271+0000] {processor.py:756} INFO - Processing file /opt/airflow/dags/xcom_dag.py for tasks to queue
[2023-02-01T00:36:37.272+0000] {logging_mixin.py:120} INFO - [2023-02-01T00:36:37.272+0000] {dagbag.py:537} INFO - Filling up the DagBag from /opt/airflow/dags/xcom_dag.py
[2023-02-01T00:36:37.288+0000] {processor.py:766} INFO - DAG(s) dict_keys(['xcom_dag']) retrieved from /opt/airflow/dags/xcom_dag.py
[2023-02-01T00:36:37.317+0000] {logging_mixin.py:120} INFO - [2023-02-01T00:36:37.316+0000] {dag.py:2585} INFO - Sync 1 DAGs
[2023-02-01T00:36:37.345+0000] {logging_mixin.py:120} INFO - [2023-02-01T00:36:37.345+0000] {dag.py:3340} INFO - Setting next_dagrun for xcom_dag to 2023-01-31T00:00:00+00:00, run_after=2023-02-01T00:00:00+00:00
[2023-02-01T00:36:37.358+0000] {processor.py:176} INFO - Processing /opt/airflow/dags/xcom_dag.py took 0.096 seconds
[2023-02-01T00:37:07.738+0000] {processor.py:154} INFO - Started process (PID=3997) to work on /opt/airflow/dags/xcom_dag.py
[2023-02-01T00:37:07.738+0000] {processor.py:756} INFO - Processing file /opt/airflow/dags/xcom_dag.py for tasks to queue
[2023-02-01T00:37:07.739+0000] {logging_mixin.py:120} INFO - [2023-02-01T00:37:07.739+0000] {dagbag.py:537} INFO - Filling up the DagBag from /opt/airflow/dags/xcom_dag.py
[2023-02-01T00:37:07.750+0000] {processor.py:766} INFO - DAG(s) dict_keys(['xcom_dag']) retrieved from /opt/airflow/dags/xcom_dag.py
[2023-02-01T00:37:07.778+0000] {logging_mixin.py:120} INFO - [2023-02-01T00:37:07.778+0000] {dag.py:2585} INFO - Sync 1 DAGs
[2023-02-01T00:37:07.800+0000] {logging_mixin.py:120} INFO - [2023-02-01T00:37:07.799+0000] {dag.py:3340} INFO - Setting next_dagrun for xcom_dag to 2023-01-31T00:00:00+00:00, run_after=2023-02-01T00:00:00+00:00
[2023-02-01T00:37:07.813+0000] {processor.py:176} INFO - Processing /opt/airflow/dags/xcom_dag.py took 0.077 seconds
[2023-02-01T00:37:38.223+0000] {processor.py:154} INFO - Started process (PID=4036) to work on /opt/airflow/dags/xcom_dag.py
[2023-02-01T00:37:38.226+0000] {processor.py:756} INFO - Processing file /opt/airflow/dags/xcom_dag.py for tasks to queue
[2023-02-01T00:37:38.226+0000] {logging_mixin.py:120} INFO - [2023-02-01T00:37:38.226+0000] {dagbag.py:537} INFO - Filling up the DagBag from /opt/airflow/dags/xcom_dag.py
[2023-02-01T00:37:38.241+0000] {processor.py:766} INFO - DAG(s) dict_keys(['xcom_dag']) retrieved from /opt/airflow/dags/xcom_dag.py
[2023-02-01T00:37:38.264+0000] {logging_mixin.py:120} INFO - [2023-02-01T00:37:38.264+0000] {dag.py:2585} INFO - Sync 1 DAGs
[2023-02-01T00:37:38.283+0000] {logging_mixin.py:120} INFO - [2023-02-01T00:37:38.283+0000] {dag.py:3340} INFO - Setting next_dagrun for xcom_dag to 2023-01-31T00:00:00+00:00, run_after=2023-02-01T00:00:00+00:00
[2023-02-01T00:37:38.294+0000] {processor.py:176} INFO - Processing /opt/airflow/dags/xcom_dag.py took 0.074 seconds
[2023-02-01T00:38:08.702+0000] {processor.py:154} INFO - Started process (PID=4075) to work on /opt/airflow/dags/xcom_dag.py
[2023-02-01T00:38:08.704+0000] {processor.py:756} INFO - Processing file /opt/airflow/dags/xcom_dag.py for tasks to queue
[2023-02-01T00:38:08.705+0000] {logging_mixin.py:120} INFO - [2023-02-01T00:38:08.705+0000] {dagbag.py:537} INFO - Filling up the DagBag from /opt/airflow/dags/xcom_dag.py
[2023-02-01T00:38:08.730+0000] {processor.py:766} INFO - DAG(s) dict_keys(['xcom_dag']) retrieved from /opt/airflow/dags/xcom_dag.py
[2023-02-01T00:38:08.790+0000] {logging_mixin.py:120} INFO - [2023-02-01T00:38:08.789+0000] {dag.py:2585} INFO - Sync 1 DAGs
[2023-02-01T00:38:08.836+0000] {logging_mixin.py:120} INFO - [2023-02-01T00:38:08.836+0000] {dag.py:3340} INFO - Setting next_dagrun for xcom_dag to 2023-01-31T00:00:00+00:00, run_after=2023-02-01T00:00:00+00:00
[2023-02-01T00:38:08.867+0000] {processor.py:176} INFO - Processing /opt/airflow/dags/xcom_dag.py took 0.170 seconds
[2023-02-01T00:38:26.074+0000] {processor.py:154} INFO - Started process (PID=46) to work on /opt/airflow/dags/xcom_dag.py
[2023-02-01T00:38:26.076+0000] {processor.py:756} INFO - Processing file /opt/airflow/dags/xcom_dag.py for tasks to queue
[2023-02-01T00:38:26.077+0000] {logging_mixin.py:120} INFO - [2023-02-01T00:38:26.077+0000] {dagbag.py:537} INFO - Filling up the DagBag from /opt/airflow/dags/xcom_dag.py
[2023-02-01T00:38:26.128+0000] {processor.py:766} INFO - DAG(s) dict_keys(['xcom_dag']) retrieved from /opt/airflow/dags/xcom_dag.py
[2023-02-01T00:38:26.587+0000] {logging_mixin.py:120} INFO - [2023-02-01T00:38:26.586+0000] {manager.py:507} INFO - Created Permission View: can delete on DAG:xcom_dag
[2023-02-01T00:38:26.601+0000] {logging_mixin.py:120} INFO - [2023-02-01T00:38:26.600+0000] {manager.py:507} INFO - Created Permission View: can read on DAG:xcom_dag
[2023-02-01T00:38:26.610+0000] {logging_mixin.py:120} INFO - [2023-02-01T00:38:26.610+0000] {manager.py:507} INFO - Created Permission View: can edit on DAG:xcom_dag
[2023-02-01T00:38:26.610+0000] {logging_mixin.py:120} INFO - [2023-02-01T00:38:26.610+0000] {dag.py:2585} INFO - Sync 1 DAGs
[2023-02-01T00:38:26.644+0000] {logging_mixin.py:120} INFO - [2023-02-01T00:38:26.644+0000] {dag.py:2606} INFO - Creating ORM DAG for xcom_dag
[2023-02-01T00:38:26.670+0000] {logging_mixin.py:120} INFO - [2023-02-01T00:38:26.669+0000] {dag.py:3340} INFO - Setting next_dagrun for xcom_dag to 2023-01-31T00:00:00+00:00, run_after=2023-02-01T00:00:00+00:00
[2023-02-01T00:38:26.712+0000] {processor.py:176} INFO - Processing /opt/airflow/dags/xcom_dag.py took 0.641 seconds
[2023-02-01T00:38:39.340+0000] {processor.py:154} INFO - Started process (PID=4105) to work on /opt/airflow/dags/xcom_dag.py
[2023-02-01T00:38:39.342+0000] {processor.py:756} INFO - Processing file /opt/airflow/dags/xcom_dag.py for tasks to queue
[2023-02-01T00:38:39.343+0000] {logging_mixin.py:120} INFO - [2023-02-01T00:38:39.342+0000] {dagbag.py:537} INFO - Filling up the DagBag from /opt/airflow/dags/xcom_dag.py
[2023-02-01T00:38:39.356+0000] {processor.py:766} INFO - DAG(s) dict_keys(['xcom_dag']) retrieved from /opt/airflow/dags/xcom_dag.py
[2023-02-01T00:38:39.379+0000] {logging_mixin.py:120} INFO - [2023-02-01T00:38:39.379+0000] {dag.py:2585} INFO - Sync 1 DAGs
[2023-02-01T00:38:39.396+0000] {logging_mixin.py:120} INFO - [2023-02-01T00:38:39.396+0000] {dag.py:3340} INFO - Setting next_dagrun for xcom_dag to 2023-01-31T00:00:00+00:00, run_after=2023-02-01T00:00:00+00:00
[2023-02-01T00:38:39.407+0000] {processor.py:176} INFO - Processing /opt/airflow/dags/xcom_dag.py took 0.072 seconds
[2023-02-01T00:38:57.168+0000] {processor.py:154} INFO - Started process (PID=84) to work on /opt/airflow/dags/xcom_dag.py
[2023-02-01T00:38:57.168+0000] {processor.py:756} INFO - Processing file /opt/airflow/dags/xcom_dag.py for tasks to queue
[2023-02-01T00:38:57.169+0000] {logging_mixin.py:120} INFO - [2023-02-01T00:38:57.169+0000] {dagbag.py:537} INFO - Filling up the DagBag from /opt/airflow/dags/xcom_dag.py
[2023-02-01T00:38:57.192+0000] {processor.py:766} INFO - DAG(s) dict_keys(['xcom_dag']) retrieved from /opt/airflow/dags/xcom_dag.py
[2023-02-01T00:38:57.278+0000] {logging_mixin.py:120} INFO - [2023-02-01T00:38:57.278+0000] {dag.py:2585} INFO - Sync 1 DAGs
[2023-02-01T00:38:57.320+0000] {logging_mixin.py:120} INFO - [2023-02-01T00:38:57.320+0000] {dag.py:3340} INFO - Setting next_dagrun for xcom_dag to 2023-01-31T00:00:00+00:00, run_after=2023-02-01T00:00:00+00:00
[2023-02-01T00:38:57.375+0000] {processor.py:176} INFO - Processing /opt/airflow/dags/xcom_dag.py took 0.210 seconds
[2023-02-01T00:39:09.805+0000] {processor.py:154} INFO - Started process (PID=4143) to work on /opt/airflow/dags/xcom_dag.py
[2023-02-01T00:39:09.808+0000] {processor.py:756} INFO - Processing file /opt/airflow/dags/xcom_dag.py for tasks to queue
[2023-02-01T00:39:09.808+0000] {logging_mixin.py:120} INFO - [2023-02-01T00:39:09.808+0000] {dagbag.py:537} INFO - Filling up the DagBag from /opt/airflow/dags/xcom_dag.py
[2023-02-01T00:39:09.823+0000] {processor.py:766} INFO - DAG(s) dict_keys(['xcom_dag']) retrieved from /opt/airflow/dags/xcom_dag.py
[2023-02-01T00:39:09.853+0000] {logging_mixin.py:120} INFO - [2023-02-01T00:39:09.853+0000] {dag.py:2585} INFO - Sync 1 DAGs
[2023-02-01T00:39:09.876+0000] {logging_mixin.py:120} INFO - [2023-02-01T00:39:09.876+0000] {dag.py:3340} INFO - Setting next_dagrun for xcom_dag to 2023-01-31T00:00:00+00:00, run_after=2023-02-01T00:00:00+00:00
[2023-02-01T00:39:09.891+0000] {processor.py:176} INFO - Processing /opt/airflow/dags/xcom_dag.py took 0.088 seconds
[2023-02-01T00:39:27.507+0000] {processor.py:154} INFO - Started process (PID=115) to work on /opt/airflow/dags/xcom_dag.py
[2023-02-01T00:39:27.508+0000] {processor.py:756} INFO - Processing file /opt/airflow/dags/xcom_dag.py for tasks to queue
[2023-02-01T00:39:27.509+0000] {logging_mixin.py:120} INFO - [2023-02-01T00:39:27.509+0000] {dagbag.py:537} INFO - Filling up the DagBag from /opt/airflow/dags/xcom_dag.py
[2023-02-01T00:39:27.522+0000] {processor.py:766} INFO - DAG(s) dict_keys(['xcom_dag']) retrieved from /opt/airflow/dags/xcom_dag.py
[2023-02-01T00:39:27.581+0000] {logging_mixin.py:120} INFO - [2023-02-01T00:39:27.581+0000] {dag.py:2585} INFO - Sync 1 DAGs
[2023-02-01T00:39:27.599+0000] {logging_mixin.py:120} INFO - [2023-02-01T00:39:27.599+0000] {dag.py:3340} INFO - Setting next_dagrun for xcom_dag to 2023-01-31T00:00:00+00:00, run_after=2023-02-01T00:00:00+00:00
[2023-02-01T00:39:27.613+0000] {processor.py:176} INFO - Processing /opt/airflow/dags/xcom_dag.py took 0.108 seconds
