[2023-01-27T00:00:07.125+0000] {processor.py:154} INFO - Started process (PID=1936) to work on /home/airflow/.local/lib/python3.7/site-packages/airflow/example_dags/example_branch_labels.py
[2023-01-27T00:00:07.125+0000] {processor.py:756} INFO - Processing file /home/airflow/.local/lib/python3.7/site-packages/airflow/example_dags/example_branch_labels.py for tasks to queue
[2023-01-27T00:00:07.126+0000] {logging_mixin.py:120} INFO - [2023-01-27T00:00:07.126+0000] {dagbag.py:537} INFO - Filling up the DagBag from /home/airflow/.local/lib/python3.7/site-packages/airflow/example_dags/example_branch_labels.py
[2023-01-27T00:00:07.135+0000] {processor.py:766} INFO - DAG(s) dict_keys(['example_branch_labels']) retrieved from /home/airflow/.local/lib/python3.7/site-packages/airflow/example_dags/example_branch_labels.py
[2023-01-27T00:00:07.162+0000] {logging_mixin.py:120} INFO - [2023-01-27T00:00:07.162+0000] {dag.py:2585} INFO - Sync 1 DAGs
[2023-01-27T00:00:07.179+0000] {logging_mixin.py:120} INFO - [2023-01-27T00:00:07.179+0000] {dag.py:3340} INFO - Setting next_dagrun for example_branch_labels to 2023-01-26T00:00:00+00:00, run_after=2023-01-27T00:00:00+00:00
[2023-01-27T00:00:07.192+0000] {processor.py:176} INFO - Processing /home/airflow/.local/lib/python3.7/site-packages/airflow/example_dags/example_branch_labels.py took 0.069 seconds
[2023-01-27T00:00:37.335+0000] {processor.py:154} INFO - Started process (PID=2004) to work on /home/airflow/.local/lib/python3.7/site-packages/airflow/example_dags/example_branch_labels.py
[2023-01-27T00:00:37.336+0000] {processor.py:756} INFO - Processing file /home/airflow/.local/lib/python3.7/site-packages/airflow/example_dags/example_branch_labels.py for tasks to queue
[2023-01-27T00:00:37.336+0000] {logging_mixin.py:120} INFO - [2023-01-27T00:00:37.336+0000] {dagbag.py:537} INFO - Filling up the DagBag from /home/airflow/.local/lib/python3.7/site-packages/airflow/example_dags/example_branch_labels.py
[2023-01-27T00:00:37.345+0000] {processor.py:766} INFO - DAG(s) dict_keys(['example_branch_labels']) retrieved from /home/airflow/.local/lib/python3.7/site-packages/airflow/example_dags/example_branch_labels.py
[2023-01-27T00:00:37.370+0000] {logging_mixin.py:120} INFO - [2023-01-27T00:00:37.369+0000] {dag.py:2585} INFO - Sync 1 DAGs
[2023-01-27T00:00:37.386+0000] {logging_mixin.py:120} INFO - [2023-01-27T00:00:37.386+0000] {dag.py:3340} INFO - Setting next_dagrun for example_branch_labels to 2023-01-26T00:00:00+00:00, run_after=2023-01-27T00:00:00+00:00
[2023-01-27T00:00:37.398+0000] {processor.py:176} INFO - Processing /home/airflow/.local/lib/python3.7/site-packages/airflow/example_dags/example_branch_labels.py took 0.065 seconds
[2023-01-27T00:01:07.638+0000] {processor.py:154} INFO - Started process (PID=2063) to work on /home/airflow/.local/lib/python3.7/site-packages/airflow/example_dags/example_branch_labels.py
[2023-01-27T00:01:07.639+0000] {processor.py:756} INFO - Processing file /home/airflow/.local/lib/python3.7/site-packages/airflow/example_dags/example_branch_labels.py for tasks to queue
[2023-01-27T00:01:07.639+0000] {logging_mixin.py:120} INFO - [2023-01-27T00:01:07.639+0000] {dagbag.py:537} INFO - Filling up the DagBag from /home/airflow/.local/lib/python3.7/site-packages/airflow/example_dags/example_branch_labels.py
[2023-01-27T00:01:07.648+0000] {processor.py:766} INFO - DAG(s) dict_keys(['example_branch_labels']) retrieved from /home/airflow/.local/lib/python3.7/site-packages/airflow/example_dags/example_branch_labels.py
[2023-01-27T00:01:07.675+0000] {logging_mixin.py:120} INFO - [2023-01-27T00:01:07.675+0000] {dag.py:2585} INFO - Sync 1 DAGs
[2023-01-27T00:01:07.692+0000] {logging_mixin.py:120} INFO - [2023-01-27T00:01:07.692+0000] {dag.py:3340} INFO - Setting next_dagrun for example_branch_labels to 2023-01-26T00:00:00+00:00, run_after=2023-01-27T00:00:00+00:00
[2023-01-27T00:01:07.715+0000] {processor.py:176} INFO - Processing /home/airflow/.local/lib/python3.7/site-packages/airflow/example_dags/example_branch_labels.py took 0.080 seconds
[2023-01-27T00:01:37.947+0000] {processor.py:154} INFO - Started process (PID=2130) to work on /home/airflow/.local/lib/python3.7/site-packages/airflow/example_dags/example_branch_labels.py
[2023-01-27T00:01:37.947+0000] {processor.py:756} INFO - Processing file /home/airflow/.local/lib/python3.7/site-packages/airflow/example_dags/example_branch_labels.py for tasks to queue
[2023-01-27T00:01:37.948+0000] {logging_mixin.py:120} INFO - [2023-01-27T00:01:37.947+0000] {dagbag.py:537} INFO - Filling up the DagBag from /home/airflow/.local/lib/python3.7/site-packages/airflow/example_dags/example_branch_labels.py
[2023-01-27T00:01:37.958+0000] {processor.py:766} INFO - DAG(s) dict_keys(['example_branch_labels']) retrieved from /home/airflow/.local/lib/python3.7/site-packages/airflow/example_dags/example_branch_labels.py
[2023-01-27T00:01:37.989+0000] {logging_mixin.py:120} INFO - [2023-01-27T00:01:37.989+0000] {dag.py:2585} INFO - Sync 1 DAGs
[2023-01-27T00:01:38.018+0000] {logging_mixin.py:120} INFO - [2023-01-27T00:01:38.018+0000] {dag.py:3340} INFO - Setting next_dagrun for example_branch_labels to 2023-01-26T00:00:00+00:00, run_after=2023-01-27T00:00:00+00:00
[2023-01-27T00:01:38.036+0000] {processor.py:176} INFO - Processing /home/airflow/.local/lib/python3.7/site-packages/airflow/example_dags/example_branch_labels.py took 0.092 seconds
[2023-01-27T00:02:08.071+0000] {processor.py:154} INFO - Started process (PID=2198) to work on /home/airflow/.local/lib/python3.7/site-packages/airflow/example_dags/example_branch_labels.py
[2023-01-27T00:02:08.071+0000] {processor.py:756} INFO - Processing file /home/airflow/.local/lib/python3.7/site-packages/airflow/example_dags/example_branch_labels.py for tasks to queue
[2023-01-27T00:02:08.072+0000] {logging_mixin.py:120} INFO - [2023-01-27T00:02:08.072+0000] {dagbag.py:537} INFO - Filling up the DagBag from /home/airflow/.local/lib/python3.7/site-packages/airflow/example_dags/example_branch_labels.py
[2023-01-27T00:02:08.080+0000] {processor.py:766} INFO - DAG(s) dict_keys(['example_branch_labels']) retrieved from /home/airflow/.local/lib/python3.7/site-packages/airflow/example_dags/example_branch_labels.py
[2023-01-27T00:02:08.107+0000] {logging_mixin.py:120} INFO - [2023-01-27T00:02:08.107+0000] {dag.py:2585} INFO - Sync 1 DAGs
[2023-01-27T00:02:08.129+0000] {logging_mixin.py:120} INFO - [2023-01-27T00:02:08.129+0000] {dag.py:3340} INFO - Setting next_dagrun for example_branch_labels to 2023-01-26T00:00:00+00:00, run_after=2023-01-27T00:00:00+00:00
[2023-01-27T00:02:08.141+0000] {processor.py:176} INFO - Processing /home/airflow/.local/lib/python3.7/site-packages/airflow/example_dags/example_branch_labels.py took 0.072 seconds
[2023-01-27T00:02:38.429+0000] {processor.py:154} INFO - Started process (PID=2266) to work on /home/airflow/.local/lib/python3.7/site-packages/airflow/example_dags/example_branch_labels.py
[2023-01-27T00:02:38.430+0000] {processor.py:756} INFO - Processing file /home/airflow/.local/lib/python3.7/site-packages/airflow/example_dags/example_branch_labels.py for tasks to queue
[2023-01-27T00:02:38.430+0000] {logging_mixin.py:120} INFO - [2023-01-27T00:02:38.430+0000] {dagbag.py:537} INFO - Filling up the DagBag from /home/airflow/.local/lib/python3.7/site-packages/airflow/example_dags/example_branch_labels.py
[2023-01-27T00:02:38.439+0000] {processor.py:766} INFO - DAG(s) dict_keys(['example_branch_labels']) retrieved from /home/airflow/.local/lib/python3.7/site-packages/airflow/example_dags/example_branch_labels.py
[2023-01-27T00:02:38.466+0000] {logging_mixin.py:120} INFO - [2023-01-27T00:02:38.466+0000] {dag.py:2585} INFO - Sync 1 DAGs
[2023-01-27T00:02:38.484+0000] {logging_mixin.py:120} INFO - [2023-01-27T00:02:38.484+0000] {dag.py:3340} INFO - Setting next_dagrun for example_branch_labels to 2023-01-26T00:00:00+00:00, run_after=2023-01-27T00:00:00+00:00
[2023-01-27T00:02:38.498+0000] {processor.py:176} INFO - Processing /home/airflow/.local/lib/python3.7/site-packages/airflow/example_dags/example_branch_labels.py took 0.070 seconds
[2023-01-27T00:03:08.822+0000] {processor.py:154} INFO - Started process (PID=2334) to work on /home/airflow/.local/lib/python3.7/site-packages/airflow/example_dags/example_branch_labels.py
[2023-01-27T00:03:08.823+0000] {processor.py:756} INFO - Processing file /home/airflow/.local/lib/python3.7/site-packages/airflow/example_dags/example_branch_labels.py for tasks to queue
[2023-01-27T00:03:08.823+0000] {logging_mixin.py:120} INFO - [2023-01-27T00:03:08.823+0000] {dagbag.py:537} INFO - Filling up the DagBag from /home/airflow/.local/lib/python3.7/site-packages/airflow/example_dags/example_branch_labels.py
[2023-01-27T00:03:08.832+0000] {processor.py:766} INFO - DAG(s) dict_keys(['example_branch_labels']) retrieved from /home/airflow/.local/lib/python3.7/site-packages/airflow/example_dags/example_branch_labels.py
[2023-01-27T00:03:08.862+0000] {logging_mixin.py:120} INFO - [2023-01-27T00:03:08.862+0000] {dag.py:2585} INFO - Sync 1 DAGs
[2023-01-27T00:03:08.887+0000] {logging_mixin.py:120} INFO - [2023-01-27T00:03:08.887+0000] {dag.py:3340} INFO - Setting next_dagrun for example_branch_labels to 2023-01-26T00:00:00+00:00, run_after=2023-01-27T00:00:00+00:00
[2023-01-27T00:03:08.903+0000] {processor.py:176} INFO - Processing /home/airflow/.local/lib/python3.7/site-packages/airflow/example_dags/example_branch_labels.py took 0.083 seconds
[2023-01-27T00:03:39.130+0000] {processor.py:154} INFO - Started process (PID=2393) to work on /home/airflow/.local/lib/python3.7/site-packages/airflow/example_dags/example_branch_labels.py
[2023-01-27T00:03:39.130+0000] {processor.py:756} INFO - Processing file /home/airflow/.local/lib/python3.7/site-packages/airflow/example_dags/example_branch_labels.py for tasks to queue
[2023-01-27T00:03:39.130+0000] {logging_mixin.py:120} INFO - [2023-01-27T00:03:39.130+0000] {dagbag.py:537} INFO - Filling up the DagBag from /home/airflow/.local/lib/python3.7/site-packages/airflow/example_dags/example_branch_labels.py
[2023-01-27T00:03:39.139+0000] {processor.py:766} INFO - DAG(s) dict_keys(['example_branch_labels']) retrieved from /home/airflow/.local/lib/python3.7/site-packages/airflow/example_dags/example_branch_labels.py
[2023-01-27T00:03:39.164+0000] {logging_mixin.py:120} INFO - [2023-01-27T00:03:39.164+0000] {dag.py:2585} INFO - Sync 1 DAGs
[2023-01-27T00:03:39.181+0000] {logging_mixin.py:120} INFO - [2023-01-27T00:03:39.181+0000] {dag.py:3340} INFO - Setting next_dagrun for example_branch_labels to 2023-01-26T00:00:00+00:00, run_after=2023-01-27T00:00:00+00:00
[2023-01-27T00:03:39.194+0000] {processor.py:176} INFO - Processing /home/airflow/.local/lib/python3.7/site-packages/airflow/example_dags/example_branch_labels.py took 0.066 seconds
[2023-01-27T00:04:09.324+0000] {processor.py:154} INFO - Started process (PID=2461) to work on /home/airflow/.local/lib/python3.7/site-packages/airflow/example_dags/example_branch_labels.py
[2023-01-27T00:04:09.325+0000] {processor.py:756} INFO - Processing file /home/airflow/.local/lib/python3.7/site-packages/airflow/example_dags/example_branch_labels.py for tasks to queue
[2023-01-27T00:04:09.326+0000] {logging_mixin.py:120} INFO - [2023-01-27T00:04:09.326+0000] {dagbag.py:537} INFO - Filling up the DagBag from /home/airflow/.local/lib/python3.7/site-packages/airflow/example_dags/example_branch_labels.py
[2023-01-27T00:04:09.335+0000] {processor.py:766} INFO - DAG(s) dict_keys(['example_branch_labels']) retrieved from /home/airflow/.local/lib/python3.7/site-packages/airflow/example_dags/example_branch_labels.py
[2023-01-27T00:04:09.361+0000] {logging_mixin.py:120} INFO - [2023-01-27T00:04:09.361+0000] {dag.py:2585} INFO - Sync 1 DAGs
[2023-01-27T00:04:09.378+0000] {logging_mixin.py:120} INFO - [2023-01-27T00:04:09.378+0000] {dag.py:3340} INFO - Setting next_dagrun for example_branch_labels to 2023-01-26T00:00:00+00:00, run_after=2023-01-27T00:00:00+00:00
[2023-01-27T00:04:09.391+0000] {processor.py:176} INFO - Processing /home/airflow/.local/lib/python3.7/site-packages/airflow/example_dags/example_branch_labels.py took 0.068 seconds
[2023-01-27T00:04:39.865+0000] {processor.py:154} INFO - Started process (PID=2529) to work on /home/airflow/.local/lib/python3.7/site-packages/airflow/example_dags/example_branch_labels.py
[2023-01-27T00:04:39.866+0000] {processor.py:756} INFO - Processing file /home/airflow/.local/lib/python3.7/site-packages/airflow/example_dags/example_branch_labels.py for tasks to queue
[2023-01-27T00:04:39.867+0000] {logging_mixin.py:120} INFO - [2023-01-27T00:04:39.867+0000] {dagbag.py:537} INFO - Filling up the DagBag from /home/airflow/.local/lib/python3.7/site-packages/airflow/example_dags/example_branch_labels.py
[2023-01-27T00:04:39.876+0000] {processor.py:766} INFO - DAG(s) dict_keys(['example_branch_labels']) retrieved from /home/airflow/.local/lib/python3.7/site-packages/airflow/example_dags/example_branch_labels.py
[2023-01-27T00:04:39.901+0000] {logging_mixin.py:120} INFO - [2023-01-27T00:04:39.901+0000] {dag.py:2585} INFO - Sync 1 DAGs
[2023-01-27T00:04:39.920+0000] {logging_mixin.py:120} INFO - [2023-01-27T00:04:39.920+0000] {dag.py:3340} INFO - Setting next_dagrun for example_branch_labels to 2023-01-26T00:00:00+00:00, run_after=2023-01-27T00:00:00+00:00
[2023-01-27T00:04:39.932+0000] {processor.py:176} INFO - Processing /home/airflow/.local/lib/python3.7/site-packages/airflow/example_dags/example_branch_labels.py took 0.068 seconds
[2023-01-27T00:05:10.217+0000] {processor.py:154} INFO - Started process (PID=2597) to work on /home/airflow/.local/lib/python3.7/site-packages/airflow/example_dags/example_branch_labels.py
[2023-01-27T00:05:10.218+0000] {processor.py:756} INFO - Processing file /home/airflow/.local/lib/python3.7/site-packages/airflow/example_dags/example_branch_labels.py for tasks to queue
[2023-01-27T00:05:10.218+0000] {logging_mixin.py:120} INFO - [2023-01-27T00:05:10.218+0000] {dagbag.py:537} INFO - Filling up the DagBag from /home/airflow/.local/lib/python3.7/site-packages/airflow/example_dags/example_branch_labels.py
[2023-01-27T00:05:10.228+0000] {processor.py:766} INFO - DAG(s) dict_keys(['example_branch_labels']) retrieved from /home/airflow/.local/lib/python3.7/site-packages/airflow/example_dags/example_branch_labels.py
[2023-01-27T00:05:10.256+0000] {logging_mixin.py:120} INFO - [2023-01-27T00:05:10.255+0000] {dag.py:2585} INFO - Sync 1 DAGs
[2023-01-27T00:05:10.276+0000] {logging_mixin.py:120} INFO - [2023-01-27T00:05:10.276+0000] {dag.py:3340} INFO - Setting next_dagrun for example_branch_labels to 2023-01-26T00:00:00+00:00, run_after=2023-01-27T00:00:00+00:00
[2023-01-27T00:05:10.289+0000] {processor.py:176} INFO - Processing /home/airflow/.local/lib/python3.7/site-packages/airflow/example_dags/example_branch_labels.py took 0.074 seconds
[2023-01-27T00:05:40.635+0000] {processor.py:154} INFO - Started process (PID=2656) to work on /home/airflow/.local/lib/python3.7/site-packages/airflow/example_dags/example_branch_labels.py
[2023-01-27T00:05:40.636+0000] {processor.py:756} INFO - Processing file /home/airflow/.local/lib/python3.7/site-packages/airflow/example_dags/example_branch_labels.py for tasks to queue
[2023-01-27T00:05:40.636+0000] {logging_mixin.py:120} INFO - [2023-01-27T00:05:40.636+0000] {dagbag.py:537} INFO - Filling up the DagBag from /home/airflow/.local/lib/python3.7/site-packages/airflow/example_dags/example_branch_labels.py
[2023-01-27T00:05:40.645+0000] {processor.py:766} INFO - DAG(s) dict_keys(['example_branch_labels']) retrieved from /home/airflow/.local/lib/python3.7/site-packages/airflow/example_dags/example_branch_labels.py
[2023-01-27T00:05:40.669+0000] {logging_mixin.py:120} INFO - [2023-01-27T00:05:40.669+0000] {dag.py:2585} INFO - Sync 1 DAGs
[2023-01-27T00:05:40.687+0000] {logging_mixin.py:120} INFO - [2023-01-27T00:05:40.687+0000] {dag.py:3340} INFO - Setting next_dagrun for example_branch_labels to 2023-01-26T00:00:00+00:00, run_after=2023-01-27T00:00:00+00:00
[2023-01-27T00:05:40.699+0000] {processor.py:176} INFO - Processing /home/airflow/.local/lib/python3.7/site-packages/airflow/example_dags/example_branch_labels.py took 0.066 seconds
[2023-01-27T00:06:10.919+0000] {processor.py:154} INFO - Started process (PID=2724) to work on /home/airflow/.local/lib/python3.7/site-packages/airflow/example_dags/example_branch_labels.py
[2023-01-27T00:06:10.921+0000] {processor.py:756} INFO - Processing file /home/airflow/.local/lib/python3.7/site-packages/airflow/example_dags/example_branch_labels.py for tasks to queue
[2023-01-27T00:06:10.921+0000] {logging_mixin.py:120} INFO - [2023-01-27T00:06:10.921+0000] {dagbag.py:537} INFO - Filling up the DagBag from /home/airflow/.local/lib/python3.7/site-packages/airflow/example_dags/example_branch_labels.py
[2023-01-27T00:06:10.930+0000] {processor.py:766} INFO - DAG(s) dict_keys(['example_branch_labels']) retrieved from /home/airflow/.local/lib/python3.7/site-packages/airflow/example_dags/example_branch_labels.py
[2023-01-27T00:06:10.954+0000] {logging_mixin.py:120} INFO - [2023-01-27T00:06:10.954+0000] {dag.py:2585} INFO - Sync 1 DAGs
[2023-01-27T00:06:10.972+0000] {logging_mixin.py:120} INFO - [2023-01-27T00:06:10.972+0000] {dag.py:3340} INFO - Setting next_dagrun for example_branch_labels to 2023-01-26T00:00:00+00:00, run_after=2023-01-27T00:00:00+00:00
[2023-01-27T00:06:10.987+0000] {processor.py:176} INFO - Processing /home/airflow/.local/lib/python3.7/site-packages/airflow/example_dags/example_branch_labels.py took 0.070 seconds
[2023-01-27T00:06:41.302+0000] {processor.py:154} INFO - Started process (PID=2793) to work on /home/airflow/.local/lib/python3.7/site-packages/airflow/example_dags/example_branch_labels.py
[2023-01-27T00:06:41.303+0000] {processor.py:756} INFO - Processing file /home/airflow/.local/lib/python3.7/site-packages/airflow/example_dags/example_branch_labels.py for tasks to queue
[2023-01-27T00:06:41.303+0000] {logging_mixin.py:120} INFO - [2023-01-27T00:06:41.303+0000] {dagbag.py:537} INFO - Filling up the DagBag from /home/airflow/.local/lib/python3.7/site-packages/airflow/example_dags/example_branch_labels.py
[2023-01-27T00:06:41.312+0000] {processor.py:766} INFO - DAG(s) dict_keys(['example_branch_labels']) retrieved from /home/airflow/.local/lib/python3.7/site-packages/airflow/example_dags/example_branch_labels.py
[2023-01-27T00:06:41.336+0000] {logging_mixin.py:120} INFO - [2023-01-27T00:06:41.336+0000] {dag.py:2585} INFO - Sync 1 DAGs
[2023-01-27T00:06:41.353+0000] {logging_mixin.py:120} INFO - [2023-01-27T00:06:41.353+0000] {dag.py:3340} INFO - Setting next_dagrun for example_branch_labels to 2023-01-26T00:00:00+00:00, run_after=2023-01-27T00:00:00+00:00
[2023-01-27T00:06:41.367+0000] {processor.py:176} INFO - Processing /home/airflow/.local/lib/python3.7/site-packages/airflow/example_dags/example_branch_labels.py took 0.067 seconds
[2023-01-27T00:07:11.412+0000] {processor.py:154} INFO - Started process (PID=2861) to work on /home/airflow/.local/lib/python3.7/site-packages/airflow/example_dags/example_branch_labels.py
[2023-01-27T00:07:11.413+0000] {processor.py:756} INFO - Processing file /home/airflow/.local/lib/python3.7/site-packages/airflow/example_dags/example_branch_labels.py for tasks to queue
[2023-01-27T00:07:11.413+0000] {logging_mixin.py:120} INFO - [2023-01-27T00:07:11.413+0000] {dagbag.py:537} INFO - Filling up the DagBag from /home/airflow/.local/lib/python3.7/site-packages/airflow/example_dags/example_branch_labels.py
[2023-01-27T00:07:11.423+0000] {processor.py:766} INFO - DAG(s) dict_keys(['example_branch_labels']) retrieved from /home/airflow/.local/lib/python3.7/site-packages/airflow/example_dags/example_branch_labels.py
[2023-01-27T00:07:11.449+0000] {logging_mixin.py:120} INFO - [2023-01-27T00:07:11.449+0000] {dag.py:2585} INFO - Sync 1 DAGs
[2023-01-27T00:07:11.466+0000] {logging_mixin.py:120} INFO - [2023-01-27T00:07:11.466+0000] {dag.py:3340} INFO - Setting next_dagrun for example_branch_labels to 2023-01-26T00:00:00+00:00, run_after=2023-01-27T00:00:00+00:00
[2023-01-27T00:07:11.478+0000] {processor.py:176} INFO - Processing /home/airflow/.local/lib/python3.7/site-packages/airflow/example_dags/example_branch_labels.py took 0.068 seconds
[2023-01-27T00:07:41.612+0000] {processor.py:154} INFO - Started process (PID=2920) to work on /home/airflow/.local/lib/python3.7/site-packages/airflow/example_dags/example_branch_labels.py
[2023-01-27T00:07:41.613+0000] {processor.py:756} INFO - Processing file /home/airflow/.local/lib/python3.7/site-packages/airflow/example_dags/example_branch_labels.py for tasks to queue
[2023-01-27T00:07:41.613+0000] {logging_mixin.py:120} INFO - [2023-01-27T00:07:41.613+0000] {dagbag.py:537} INFO - Filling up the DagBag from /home/airflow/.local/lib/python3.7/site-packages/airflow/example_dags/example_branch_labels.py
[2023-01-27T00:07:41.623+0000] {processor.py:766} INFO - DAG(s) dict_keys(['example_branch_labels']) retrieved from /home/airflow/.local/lib/python3.7/site-packages/airflow/example_dags/example_branch_labels.py
[2023-01-27T00:07:41.649+0000] {logging_mixin.py:120} INFO - [2023-01-27T00:07:41.649+0000] {dag.py:2585} INFO - Sync 1 DAGs
[2023-01-27T00:07:41.667+0000] {logging_mixin.py:120} INFO - [2023-01-27T00:07:41.667+0000] {dag.py:3340} INFO - Setting next_dagrun for example_branch_labels to 2023-01-26T00:00:00+00:00, run_after=2023-01-27T00:00:00+00:00
[2023-01-27T00:07:41.679+0000] {processor.py:176} INFO - Processing /home/airflow/.local/lib/python3.7/site-packages/airflow/example_dags/example_branch_labels.py took 0.069 seconds
[2023-01-27T00:08:11.805+0000] {processor.py:154} INFO - Started process (PID=2986) to work on /home/airflow/.local/lib/python3.7/site-packages/airflow/example_dags/example_branch_labels.py
[2023-01-27T00:08:11.806+0000] {processor.py:756} INFO - Processing file /home/airflow/.local/lib/python3.7/site-packages/airflow/example_dags/example_branch_labels.py for tasks to queue
[2023-01-27T00:08:11.807+0000] {logging_mixin.py:120} INFO - [2023-01-27T00:08:11.807+0000] {dagbag.py:537} INFO - Filling up the DagBag from /home/airflow/.local/lib/python3.7/site-packages/airflow/example_dags/example_branch_labels.py
[2023-01-27T00:08:11.816+0000] {processor.py:766} INFO - DAG(s) dict_keys(['example_branch_labels']) retrieved from /home/airflow/.local/lib/python3.7/site-packages/airflow/example_dags/example_branch_labels.py
[2023-01-27T00:08:11.842+0000] {logging_mixin.py:120} INFO - [2023-01-27T00:08:11.841+0000] {dag.py:2585} INFO - Sync 1 DAGs
[2023-01-27T00:08:11.859+0000] {logging_mixin.py:120} INFO - [2023-01-27T00:08:11.859+0000] {dag.py:3340} INFO - Setting next_dagrun for example_branch_labels to 2023-01-26T00:00:00+00:00, run_after=2023-01-27T00:00:00+00:00
[2023-01-27T00:08:11.874+0000] {processor.py:176} INFO - Processing /home/airflow/.local/lib/python3.7/site-packages/airflow/example_dags/example_branch_labels.py took 0.070 seconds
[2023-01-27T00:08:41.967+0000] {processor.py:154} INFO - Started process (PID=3054) to work on /home/airflow/.local/lib/python3.7/site-packages/airflow/example_dags/example_branch_labels.py
[2023-01-27T00:08:41.968+0000] {processor.py:756} INFO - Processing file /home/airflow/.local/lib/python3.7/site-packages/airflow/example_dags/example_branch_labels.py for tasks to queue
[2023-01-27T00:08:41.968+0000] {logging_mixin.py:120} INFO - [2023-01-27T00:08:41.968+0000] {dagbag.py:537} INFO - Filling up the DagBag from /home/airflow/.local/lib/python3.7/site-packages/airflow/example_dags/example_branch_labels.py
[2023-01-27T00:08:41.977+0000] {processor.py:766} INFO - DAG(s) dict_keys(['example_branch_labels']) retrieved from /home/airflow/.local/lib/python3.7/site-packages/airflow/example_dags/example_branch_labels.py
[2023-01-27T00:08:42.002+0000] {logging_mixin.py:120} INFO - [2023-01-27T00:08:42.002+0000] {dag.py:2585} INFO - Sync 1 DAGs
[2023-01-27T00:08:42.018+0000] {logging_mixin.py:120} INFO - [2023-01-27T00:08:42.018+0000] {dag.py:3340} INFO - Setting next_dagrun for example_branch_labels to 2023-01-26T00:00:00+00:00, run_after=2023-01-27T00:00:00+00:00
[2023-01-27T00:08:42.031+0000] {processor.py:176} INFO - Processing /home/airflow/.local/lib/python3.7/site-packages/airflow/example_dags/example_branch_labels.py took 0.066 seconds
[2023-01-27T00:09:12.304+0000] {processor.py:154} INFO - Started process (PID=3121) to work on /home/airflow/.local/lib/python3.7/site-packages/airflow/example_dags/example_branch_labels.py
[2023-01-27T00:09:12.305+0000] {processor.py:756} INFO - Processing file /home/airflow/.local/lib/python3.7/site-packages/airflow/example_dags/example_branch_labels.py for tasks to queue
[2023-01-27T00:09:12.305+0000] {logging_mixin.py:120} INFO - [2023-01-27T00:09:12.305+0000] {dagbag.py:537} INFO - Filling up the DagBag from /home/airflow/.local/lib/python3.7/site-packages/airflow/example_dags/example_branch_labels.py
[2023-01-27T00:09:12.315+0000] {processor.py:766} INFO - DAG(s) dict_keys(['example_branch_labels']) retrieved from /home/airflow/.local/lib/python3.7/site-packages/airflow/example_dags/example_branch_labels.py
[2023-01-27T00:09:12.341+0000] {logging_mixin.py:120} INFO - [2023-01-27T00:09:12.341+0000] {dag.py:2585} INFO - Sync 1 DAGs
[2023-01-27T00:09:12.362+0000] {logging_mixin.py:120} INFO - [2023-01-27T00:09:12.362+0000] {dag.py:3340} INFO - Setting next_dagrun for example_branch_labels to 2023-01-26T00:00:00+00:00, run_after=2023-01-27T00:00:00+00:00
[2023-01-27T00:09:12.376+0000] {processor.py:176} INFO - Processing /home/airflow/.local/lib/python3.7/site-packages/airflow/example_dags/example_branch_labels.py took 0.074 seconds
[2023-01-27T00:09:42.789+0000] {processor.py:154} INFO - Started process (PID=3190) to work on /home/airflow/.local/lib/python3.7/site-packages/airflow/example_dags/example_branch_labels.py
[2023-01-27T00:09:42.790+0000] {processor.py:756} INFO - Processing file /home/airflow/.local/lib/python3.7/site-packages/airflow/example_dags/example_branch_labels.py for tasks to queue
[2023-01-27T00:09:42.790+0000] {logging_mixin.py:120} INFO - [2023-01-27T00:09:42.790+0000] {dagbag.py:537} INFO - Filling up the DagBag from /home/airflow/.local/lib/python3.7/site-packages/airflow/example_dags/example_branch_labels.py
[2023-01-27T00:09:42.800+0000] {processor.py:766} INFO - DAG(s) dict_keys(['example_branch_labels']) retrieved from /home/airflow/.local/lib/python3.7/site-packages/airflow/example_dags/example_branch_labels.py
[2023-01-27T00:09:42.826+0000] {logging_mixin.py:120} INFO - [2023-01-27T00:09:42.826+0000] {dag.py:2585} INFO - Sync 1 DAGs
[2023-01-27T00:09:42.844+0000] {logging_mixin.py:120} INFO - [2023-01-27T00:09:42.844+0000] {dag.py:3340} INFO - Setting next_dagrun for example_branch_labels to 2023-01-26T00:00:00+00:00, run_after=2023-01-27T00:00:00+00:00
[2023-01-27T00:09:42.857+0000] {processor.py:176} INFO - Processing /home/airflow/.local/lib/python3.7/site-packages/airflow/example_dags/example_branch_labels.py took 0.070 seconds
[2023-01-27T00:10:13.050+0000] {processor.py:154} INFO - Started process (PID=3249) to work on /home/airflow/.local/lib/python3.7/site-packages/airflow/example_dags/example_branch_labels.py
[2023-01-27T00:10:13.051+0000] {processor.py:756} INFO - Processing file /home/airflow/.local/lib/python3.7/site-packages/airflow/example_dags/example_branch_labels.py for tasks to queue
[2023-01-27T00:10:13.051+0000] {logging_mixin.py:120} INFO - [2023-01-27T00:10:13.051+0000] {dagbag.py:537} INFO - Filling up the DagBag from /home/airflow/.local/lib/python3.7/site-packages/airflow/example_dags/example_branch_labels.py
[2023-01-27T00:10:13.061+0000] {processor.py:766} INFO - DAG(s) dict_keys(['example_branch_labels']) retrieved from /home/airflow/.local/lib/python3.7/site-packages/airflow/example_dags/example_branch_labels.py
[2023-01-27T00:10:13.087+0000] {logging_mixin.py:120} INFO - [2023-01-27T00:10:13.087+0000] {dag.py:2585} INFO - Sync 1 DAGs
[2023-01-27T00:10:13.104+0000] {logging_mixin.py:120} INFO - [2023-01-27T00:10:13.104+0000] {dag.py:3340} INFO - Setting next_dagrun for example_branch_labels to 2023-01-26T00:00:00+00:00, run_after=2023-01-27T00:00:00+00:00
[2023-01-27T00:10:13.116+0000] {processor.py:176} INFO - Processing /home/airflow/.local/lib/python3.7/site-packages/airflow/example_dags/example_branch_labels.py took 0.067 seconds
[2023-01-27T00:10:43.347+0000] {processor.py:154} INFO - Started process (PID=3317) to work on /home/airflow/.local/lib/python3.7/site-packages/airflow/example_dags/example_branch_labels.py
[2023-01-27T00:10:43.347+0000] {processor.py:756} INFO - Processing file /home/airflow/.local/lib/python3.7/site-packages/airflow/example_dags/example_branch_labels.py for tasks to queue
[2023-01-27T00:10:43.347+0000] {logging_mixin.py:120} INFO - [2023-01-27T00:10:43.347+0000] {dagbag.py:537} INFO - Filling up the DagBag from /home/airflow/.local/lib/python3.7/site-packages/airflow/example_dags/example_branch_labels.py
[2023-01-27T00:10:43.357+0000] {processor.py:766} INFO - DAG(s) dict_keys(['example_branch_labels']) retrieved from /home/airflow/.local/lib/python3.7/site-packages/airflow/example_dags/example_branch_labels.py
[2023-01-27T00:10:43.383+0000] {logging_mixin.py:120} INFO - [2023-01-27T00:10:43.382+0000] {dag.py:2585} INFO - Sync 1 DAGs
[2023-01-27T00:10:43.400+0000] {logging_mixin.py:120} INFO - [2023-01-27T00:10:43.400+0000] {dag.py:3340} INFO - Setting next_dagrun for example_branch_labels to 2023-01-26T00:00:00+00:00, run_after=2023-01-27T00:00:00+00:00
[2023-01-27T00:10:43.412+0000] {processor.py:176} INFO - Processing /home/airflow/.local/lib/python3.7/site-packages/airflow/example_dags/example_branch_labels.py took 0.067 seconds
[2023-01-27T00:11:13.816+0000] {processor.py:154} INFO - Started process (PID=3385) to work on /home/airflow/.local/lib/python3.7/site-packages/airflow/example_dags/example_branch_labels.py
[2023-01-27T00:11:13.817+0000] {processor.py:756} INFO - Processing file /home/airflow/.local/lib/python3.7/site-packages/airflow/example_dags/example_branch_labels.py for tasks to queue
[2023-01-27T00:11:13.817+0000] {logging_mixin.py:120} INFO - [2023-01-27T00:11:13.817+0000] {dagbag.py:537} INFO - Filling up the DagBag from /home/airflow/.local/lib/python3.7/site-packages/airflow/example_dags/example_branch_labels.py
[2023-01-27T00:11:13.827+0000] {processor.py:766} INFO - DAG(s) dict_keys(['example_branch_labels']) retrieved from /home/airflow/.local/lib/python3.7/site-packages/airflow/example_dags/example_branch_labels.py
[2023-01-27T00:11:13.853+0000] {logging_mixin.py:120} INFO - [2023-01-27T00:11:13.853+0000] {dag.py:2585} INFO - Sync 1 DAGs
[2023-01-27T00:11:13.871+0000] {logging_mixin.py:120} INFO - [2023-01-27T00:11:13.871+0000] {dag.py:3340} INFO - Setting next_dagrun for example_branch_labels to 2023-01-26T00:00:00+00:00, run_after=2023-01-27T00:00:00+00:00
[2023-01-27T00:11:13.887+0000] {processor.py:176} INFO - Processing /home/airflow/.local/lib/python3.7/site-packages/airflow/example_dags/example_branch_labels.py took 0.073 seconds
[2023-01-27T00:11:44.130+0000] {processor.py:154} INFO - Started process (PID=3453) to work on /home/airflow/.local/lib/python3.7/site-packages/airflow/example_dags/example_branch_labels.py
[2023-01-27T00:11:44.131+0000] {processor.py:756} INFO - Processing file /home/airflow/.local/lib/python3.7/site-packages/airflow/example_dags/example_branch_labels.py for tasks to queue
[2023-01-27T00:11:44.132+0000] {logging_mixin.py:120} INFO - [2023-01-27T00:11:44.132+0000] {dagbag.py:537} INFO - Filling up the DagBag from /home/airflow/.local/lib/python3.7/site-packages/airflow/example_dags/example_branch_labels.py
[2023-01-27T00:11:44.142+0000] {processor.py:766} INFO - DAG(s) dict_keys(['example_branch_labels']) retrieved from /home/airflow/.local/lib/python3.7/site-packages/airflow/example_dags/example_branch_labels.py
[2023-01-27T00:11:44.168+0000] {logging_mixin.py:120} INFO - [2023-01-27T00:11:44.168+0000] {dag.py:2585} INFO - Sync 1 DAGs
[2023-01-27T00:11:44.188+0000] {logging_mixin.py:120} INFO - [2023-01-27T00:11:44.188+0000] {dag.py:3340} INFO - Setting next_dagrun for example_branch_labels to 2023-01-26T00:00:00+00:00, run_after=2023-01-27T00:00:00+00:00
[2023-01-27T00:11:44.201+0000] {processor.py:176} INFO - Processing /home/airflow/.local/lib/python3.7/site-packages/airflow/example_dags/example_branch_labels.py took 0.072 seconds
[2023-01-27T00:12:14.334+0000] {processor.py:154} INFO - Started process (PID=3512) to work on /home/airflow/.local/lib/python3.7/site-packages/airflow/example_dags/example_branch_labels.py
[2023-01-27T00:12:14.334+0000] {processor.py:756} INFO - Processing file /home/airflow/.local/lib/python3.7/site-packages/airflow/example_dags/example_branch_labels.py for tasks to queue
[2023-01-27T00:12:14.335+0000] {logging_mixin.py:120} INFO - [2023-01-27T00:12:14.335+0000] {dagbag.py:537} INFO - Filling up the DagBag from /home/airflow/.local/lib/python3.7/site-packages/airflow/example_dags/example_branch_labels.py
[2023-01-27T00:12:14.344+0000] {processor.py:766} INFO - DAG(s) dict_keys(['example_branch_labels']) retrieved from /home/airflow/.local/lib/python3.7/site-packages/airflow/example_dags/example_branch_labels.py
[2023-01-27T00:12:14.370+0000] {logging_mixin.py:120} INFO - [2023-01-27T00:12:14.370+0000] {dag.py:2585} INFO - Sync 1 DAGs
[2023-01-27T00:12:14.388+0000] {logging_mixin.py:120} INFO - [2023-01-27T00:12:14.388+0000] {dag.py:3340} INFO - Setting next_dagrun for example_branch_labels to 2023-01-26T00:00:00+00:00, run_after=2023-01-27T00:00:00+00:00
[2023-01-27T00:12:14.401+0000] {processor.py:176} INFO - Processing /home/airflow/.local/lib/python3.7/site-packages/airflow/example_dags/example_branch_labels.py took 0.069 seconds
[2023-01-27T00:12:44.827+0000] {processor.py:154} INFO - Started process (PID=3580) to work on /home/airflow/.local/lib/python3.7/site-packages/airflow/example_dags/example_branch_labels.py
[2023-01-27T00:12:44.828+0000] {processor.py:756} INFO - Processing file /home/airflow/.local/lib/python3.7/site-packages/airflow/example_dags/example_branch_labels.py for tasks to queue
[2023-01-27T00:12:44.828+0000] {logging_mixin.py:120} INFO - [2023-01-27T00:12:44.828+0000] {dagbag.py:537} INFO - Filling up the DagBag from /home/airflow/.local/lib/python3.7/site-packages/airflow/example_dags/example_branch_labels.py
[2023-01-27T00:12:44.837+0000] {processor.py:766} INFO - DAG(s) dict_keys(['example_branch_labels']) retrieved from /home/airflow/.local/lib/python3.7/site-packages/airflow/example_dags/example_branch_labels.py
[2023-01-27T00:12:44.862+0000] {logging_mixin.py:120} INFO - [2023-01-27T00:12:44.862+0000] {dag.py:2585} INFO - Sync 1 DAGs
[2023-01-27T00:12:44.882+0000] {logging_mixin.py:120} INFO - [2023-01-27T00:12:44.882+0000] {dag.py:3340} INFO - Setting next_dagrun for example_branch_labels to 2023-01-26T00:00:00+00:00, run_after=2023-01-27T00:00:00+00:00
[2023-01-27T00:12:44.894+0000] {processor.py:176} INFO - Processing /home/airflow/.local/lib/python3.7/site-packages/airflow/example_dags/example_branch_labels.py took 0.069 seconds
[2023-01-27T00:13:15.088+0000] {processor.py:154} INFO - Started process (PID=3647) to work on /home/airflow/.local/lib/python3.7/site-packages/airflow/example_dags/example_branch_labels.py
[2023-01-27T00:13:15.088+0000] {processor.py:756} INFO - Processing file /home/airflow/.local/lib/python3.7/site-packages/airflow/example_dags/example_branch_labels.py for tasks to queue
[2023-01-27T00:13:15.089+0000] {logging_mixin.py:120} INFO - [2023-01-27T00:13:15.089+0000] {dagbag.py:537} INFO - Filling up the DagBag from /home/airflow/.local/lib/python3.7/site-packages/airflow/example_dags/example_branch_labels.py
[2023-01-27T00:13:15.098+0000] {processor.py:766} INFO - DAG(s) dict_keys(['example_branch_labels']) retrieved from /home/airflow/.local/lib/python3.7/site-packages/airflow/example_dags/example_branch_labels.py
[2023-01-27T00:13:15.126+0000] {logging_mixin.py:120} INFO - [2023-01-27T00:13:15.126+0000] {dag.py:2585} INFO - Sync 1 DAGs
[2023-01-27T00:13:15.148+0000] {logging_mixin.py:120} INFO - [2023-01-27T00:13:15.148+0000] {dag.py:3340} INFO - Setting next_dagrun for example_branch_labels to 2023-01-26T00:00:00+00:00, run_after=2023-01-27T00:00:00+00:00
[2023-01-27T00:13:15.166+0000] {processor.py:176} INFO - Processing /home/airflow/.local/lib/python3.7/site-packages/airflow/example_dags/example_branch_labels.py took 0.080 seconds
[2023-01-27T00:13:45.306+0000] {processor.py:154} INFO - Started process (PID=3715) to work on /home/airflow/.local/lib/python3.7/site-packages/airflow/example_dags/example_branch_labels.py
[2023-01-27T00:13:45.307+0000] {processor.py:756} INFO - Processing file /home/airflow/.local/lib/python3.7/site-packages/airflow/example_dags/example_branch_labels.py for tasks to queue
[2023-01-27T00:13:45.308+0000] {logging_mixin.py:120} INFO - [2023-01-27T00:13:45.308+0000] {dagbag.py:537} INFO - Filling up the DagBag from /home/airflow/.local/lib/python3.7/site-packages/airflow/example_dags/example_branch_labels.py
[2023-01-27T00:13:45.317+0000] {processor.py:766} INFO - DAG(s) dict_keys(['example_branch_labels']) retrieved from /home/airflow/.local/lib/python3.7/site-packages/airflow/example_dags/example_branch_labels.py
[2023-01-27T00:13:45.344+0000] {logging_mixin.py:120} INFO - [2023-01-27T00:13:45.343+0000] {dag.py:2585} INFO - Sync 1 DAGs
[2023-01-27T00:13:45.361+0000] {logging_mixin.py:120} INFO - [2023-01-27T00:13:45.361+0000] {dag.py:3340} INFO - Setting next_dagrun for example_branch_labels to 2023-01-26T00:00:00+00:00, run_after=2023-01-27T00:00:00+00:00
[2023-01-27T00:13:45.375+0000] {processor.py:176} INFO - Processing /home/airflow/.local/lib/python3.7/site-packages/airflow/example_dags/example_branch_labels.py took 0.071 seconds
[2023-01-27T00:14:15.475+0000] {processor.py:154} INFO - Started process (PID=3774) to work on /home/airflow/.local/lib/python3.7/site-packages/airflow/example_dags/example_branch_labels.py
[2023-01-27T00:14:15.476+0000] {processor.py:756} INFO - Processing file /home/airflow/.local/lib/python3.7/site-packages/airflow/example_dags/example_branch_labels.py for tasks to queue
[2023-01-27T00:14:15.476+0000] {logging_mixin.py:120} INFO - [2023-01-27T00:14:15.476+0000] {dagbag.py:537} INFO - Filling up the DagBag from /home/airflow/.local/lib/python3.7/site-packages/airflow/example_dags/example_branch_labels.py
[2023-01-27T00:14:15.485+0000] {processor.py:766} INFO - DAG(s) dict_keys(['example_branch_labels']) retrieved from /home/airflow/.local/lib/python3.7/site-packages/airflow/example_dags/example_branch_labels.py
[2023-01-27T00:14:15.510+0000] {logging_mixin.py:120} INFO - [2023-01-27T00:14:15.510+0000] {dag.py:2585} INFO - Sync 1 DAGs
[2023-01-27T00:14:15.527+0000] {logging_mixin.py:120} INFO - [2023-01-27T00:14:15.527+0000] {dag.py:3340} INFO - Setting next_dagrun for example_branch_labels to 2023-01-26T00:00:00+00:00, run_after=2023-01-27T00:00:00+00:00
[2023-01-27T00:14:15.539+0000] {processor.py:176} INFO - Processing /home/airflow/.local/lib/python3.7/site-packages/airflow/example_dags/example_branch_labels.py took 0.065 seconds
[2023-01-27T00:14:45.618+0000] {processor.py:154} INFO - Started process (PID=3840) to work on /home/airflow/.local/lib/python3.7/site-packages/airflow/example_dags/example_branch_labels.py
[2023-01-27T00:14:45.619+0000] {processor.py:756} INFO - Processing file /home/airflow/.local/lib/python3.7/site-packages/airflow/example_dags/example_branch_labels.py for tasks to queue
[2023-01-27T00:14:45.619+0000] {logging_mixin.py:120} INFO - [2023-01-27T00:14:45.619+0000] {dagbag.py:537} INFO - Filling up the DagBag from /home/airflow/.local/lib/python3.7/site-packages/airflow/example_dags/example_branch_labels.py
[2023-01-27T00:14:45.628+0000] {processor.py:766} INFO - DAG(s) dict_keys(['example_branch_labels']) retrieved from /home/airflow/.local/lib/python3.7/site-packages/airflow/example_dags/example_branch_labels.py
[2023-01-27T00:14:45.652+0000] {logging_mixin.py:120} INFO - [2023-01-27T00:14:45.652+0000] {dag.py:2585} INFO - Sync 1 DAGs
[2023-01-27T00:14:45.670+0000] {logging_mixin.py:120} INFO - [2023-01-27T00:14:45.669+0000] {dag.py:3340} INFO - Setting next_dagrun for example_branch_labels to 2023-01-26T00:00:00+00:00, run_after=2023-01-27T00:00:00+00:00
[2023-01-27T00:14:45.681+0000] {processor.py:176} INFO - Processing /home/airflow/.local/lib/python3.7/site-packages/airflow/example_dags/example_branch_labels.py took 0.065 seconds
[2023-01-27T00:15:16.222+0000] {processor.py:154} INFO - Started process (PID=3910) to work on /home/airflow/.local/lib/python3.7/site-packages/airflow/example_dags/example_branch_labels.py
[2023-01-27T00:15:16.223+0000] {processor.py:756} INFO - Processing file /home/airflow/.local/lib/python3.7/site-packages/airflow/example_dags/example_branch_labels.py for tasks to queue
[2023-01-27T00:15:16.224+0000] {logging_mixin.py:120} INFO - [2023-01-27T00:15:16.223+0000] {dagbag.py:537} INFO - Filling up the DagBag from /home/airflow/.local/lib/python3.7/site-packages/airflow/example_dags/example_branch_labels.py
[2023-01-27T00:15:16.233+0000] {processor.py:766} INFO - DAG(s) dict_keys(['example_branch_labels']) retrieved from /home/airflow/.local/lib/python3.7/site-packages/airflow/example_dags/example_branch_labels.py
[2023-01-27T00:15:16.259+0000] {logging_mixin.py:120} INFO - [2023-01-27T00:15:16.259+0000] {dag.py:2585} INFO - Sync 1 DAGs
[2023-01-27T00:15:16.280+0000] {logging_mixin.py:120} INFO - [2023-01-27T00:15:16.280+0000] {dag.py:3340} INFO - Setting next_dagrun for example_branch_labels to 2023-01-26T00:00:00+00:00, run_after=2023-01-27T00:00:00+00:00
[2023-01-27T00:15:16.292+0000] {processor.py:176} INFO - Processing /home/airflow/.local/lib/python3.7/site-packages/airflow/example_dags/example_branch_labels.py took 0.072 seconds
[2023-01-27T00:15:46.507+0000] {processor.py:154} INFO - Started process (PID=3978) to work on /home/airflow/.local/lib/python3.7/site-packages/airflow/example_dags/example_branch_labels.py
[2023-01-27T00:15:46.507+0000] {processor.py:756} INFO - Processing file /home/airflow/.local/lib/python3.7/site-packages/airflow/example_dags/example_branch_labels.py for tasks to queue
[2023-01-27T00:15:46.508+0000] {logging_mixin.py:120} INFO - [2023-01-27T00:15:46.508+0000] {dagbag.py:537} INFO - Filling up the DagBag from /home/airflow/.local/lib/python3.7/site-packages/airflow/example_dags/example_branch_labels.py
[2023-01-27T00:15:46.518+0000] {processor.py:766} INFO - DAG(s) dict_keys(['example_branch_labels']) retrieved from /home/airflow/.local/lib/python3.7/site-packages/airflow/example_dags/example_branch_labels.py
[2023-01-27T00:15:46.547+0000] {logging_mixin.py:120} INFO - [2023-01-27T00:15:46.547+0000] {dag.py:2585} INFO - Sync 1 DAGs
[2023-01-27T00:15:46.564+0000] {logging_mixin.py:120} INFO - [2023-01-27T00:15:46.564+0000] {dag.py:3340} INFO - Setting next_dagrun for example_branch_labels to 2023-01-26T00:00:00+00:00, run_after=2023-01-27T00:00:00+00:00
[2023-01-27T00:15:46.576+0000] {processor.py:176} INFO - Processing /home/airflow/.local/lib/python3.7/site-packages/airflow/example_dags/example_branch_labels.py took 0.072 seconds
[2023-01-27T00:16:17.251+0000] {processor.py:154} INFO - Started process (PID=4046) to work on /home/airflow/.local/lib/python3.7/site-packages/airflow/example_dags/example_branch_labels.py
[2023-01-27T00:16:17.252+0000] {processor.py:756} INFO - Processing file /home/airflow/.local/lib/python3.7/site-packages/airflow/example_dags/example_branch_labels.py for tasks to queue
[2023-01-27T00:16:17.252+0000] {logging_mixin.py:120} INFO - [2023-01-27T00:16:17.252+0000] {dagbag.py:537} INFO - Filling up the DagBag from /home/airflow/.local/lib/python3.7/site-packages/airflow/example_dags/example_branch_labels.py
[2023-01-27T00:16:17.261+0000] {processor.py:766} INFO - DAG(s) dict_keys(['example_branch_labels']) retrieved from /home/airflow/.local/lib/python3.7/site-packages/airflow/example_dags/example_branch_labels.py
[2023-01-27T00:16:17.286+0000] {logging_mixin.py:120} INFO - [2023-01-27T00:16:17.286+0000] {dag.py:2585} INFO - Sync 1 DAGs
[2023-01-27T00:16:17.303+0000] {logging_mixin.py:120} INFO - [2023-01-27T00:16:17.303+0000] {dag.py:3340} INFO - Setting next_dagrun for example_branch_labels to 2023-01-26T00:00:00+00:00, run_after=2023-01-27T00:00:00+00:00
[2023-01-27T00:16:17.316+0000] {processor.py:176} INFO - Processing /home/airflow/.local/lib/python3.7/site-packages/airflow/example_dags/example_branch_labels.py took 0.068 seconds
[2023-01-27T00:16:48.180+0000] {processor.py:154} INFO - Started process (PID=4105) to work on /home/airflow/.local/lib/python3.7/site-packages/airflow/example_dags/example_branch_labels.py
[2023-01-27T00:16:48.181+0000] {processor.py:756} INFO - Processing file /home/airflow/.local/lib/python3.7/site-packages/airflow/example_dags/example_branch_labels.py for tasks to queue
[2023-01-27T00:16:48.181+0000] {logging_mixin.py:120} INFO - [2023-01-27T00:16:48.181+0000] {dagbag.py:537} INFO - Filling up the DagBag from /home/airflow/.local/lib/python3.7/site-packages/airflow/example_dags/example_branch_labels.py
[2023-01-27T00:16:48.190+0000] {processor.py:766} INFO - DAG(s) dict_keys(['example_branch_labels']) retrieved from /home/airflow/.local/lib/python3.7/site-packages/airflow/example_dags/example_branch_labels.py
[2023-01-27T00:16:48.206+0000] {logging_mixin.py:120} INFO - [2023-01-27T00:16:48.206+0000] {dag.py:2585} INFO - Sync 1 DAGs
[2023-01-27T00:16:48.224+0000] {logging_mixin.py:120} INFO - [2023-01-27T00:16:48.224+0000] {dag.py:3340} INFO - Setting next_dagrun for example_branch_labels to 2023-01-26T00:00:00+00:00, run_after=2023-01-27T00:00:00+00:00
[2023-01-27T00:16:48.239+0000] {processor.py:176} INFO - Processing /home/airflow/.local/lib/python3.7/site-packages/airflow/example_dags/example_branch_labels.py took 0.061 seconds
[2023-01-27T00:17:18.654+0000] {processor.py:154} INFO - Started process (PID=4172) to work on /home/airflow/.local/lib/python3.7/site-packages/airflow/example_dags/example_branch_labels.py
[2023-01-27T00:17:18.655+0000] {processor.py:756} INFO - Processing file /home/airflow/.local/lib/python3.7/site-packages/airflow/example_dags/example_branch_labels.py for tasks to queue
[2023-01-27T00:17:18.656+0000] {logging_mixin.py:120} INFO - [2023-01-27T00:17:18.655+0000] {dagbag.py:537} INFO - Filling up the DagBag from /home/airflow/.local/lib/python3.7/site-packages/airflow/example_dags/example_branch_labels.py
[2023-01-27T00:17:18.670+0000] {processor.py:766} INFO - DAG(s) dict_keys(['example_branch_labels']) retrieved from /home/airflow/.local/lib/python3.7/site-packages/airflow/example_dags/example_branch_labels.py
[2023-01-27T00:17:18.695+0000] {logging_mixin.py:120} INFO - [2023-01-27T00:17:18.695+0000] {dag.py:2585} INFO - Sync 1 DAGs
[2023-01-27T00:17:18.711+0000] {logging_mixin.py:120} INFO - [2023-01-27T00:17:18.711+0000] {dag.py:3340} INFO - Setting next_dagrun for example_branch_labels to 2023-01-26T00:00:00+00:00, run_after=2023-01-27T00:00:00+00:00
[2023-01-27T00:17:18.723+0000] {processor.py:176} INFO - Processing /home/airflow/.local/lib/python3.7/site-packages/airflow/example_dags/example_branch_labels.py took 0.072 seconds
[2023-01-27T00:17:49.019+0000] {processor.py:154} INFO - Started process (PID=4241) to work on /home/airflow/.local/lib/python3.7/site-packages/airflow/example_dags/example_branch_labels.py
[2023-01-27T00:17:49.019+0000] {processor.py:756} INFO - Processing file /home/airflow/.local/lib/python3.7/site-packages/airflow/example_dags/example_branch_labels.py for tasks to queue
[2023-01-27T00:17:49.020+0000] {logging_mixin.py:120} INFO - [2023-01-27T00:17:49.020+0000] {dagbag.py:537} INFO - Filling up the DagBag from /home/airflow/.local/lib/python3.7/site-packages/airflow/example_dags/example_branch_labels.py
[2023-01-27T00:17:49.031+0000] {processor.py:766} INFO - DAG(s) dict_keys(['example_branch_labels']) retrieved from /home/airflow/.local/lib/python3.7/site-packages/airflow/example_dags/example_branch_labels.py
[2023-01-27T00:17:49.060+0000] {logging_mixin.py:120} INFO - [2023-01-27T00:17:49.060+0000] {dag.py:2585} INFO - Sync 1 DAGs
[2023-01-27T00:17:49.081+0000] {logging_mixin.py:120} INFO - [2023-01-27T00:17:49.081+0000] {dag.py:3340} INFO - Setting next_dagrun for example_branch_labels to 2023-01-26T00:00:00+00:00, run_after=2023-01-27T00:00:00+00:00
[2023-01-27T00:17:49.093+0000] {processor.py:176} INFO - Processing /home/airflow/.local/lib/python3.7/site-packages/airflow/example_dags/example_branch_labels.py took 0.077 seconds
[2023-01-27T00:18:19.310+0000] {processor.py:154} INFO - Started process (PID=4310) to work on /home/airflow/.local/lib/python3.7/site-packages/airflow/example_dags/example_branch_labels.py
[2023-01-27T00:18:19.310+0000] {processor.py:756} INFO - Processing file /home/airflow/.local/lib/python3.7/site-packages/airflow/example_dags/example_branch_labels.py for tasks to queue
[2023-01-27T00:18:19.311+0000] {logging_mixin.py:120} INFO - [2023-01-27T00:18:19.311+0000] {dagbag.py:537} INFO - Filling up the DagBag from /home/airflow/.local/lib/python3.7/site-packages/airflow/example_dags/example_branch_labels.py
[2023-01-27T00:18:19.322+0000] {processor.py:766} INFO - DAG(s) dict_keys(['example_branch_labels']) retrieved from /home/airflow/.local/lib/python3.7/site-packages/airflow/example_dags/example_branch_labels.py
[2023-01-27T00:18:19.347+0000] {logging_mixin.py:120} INFO - [2023-01-27T00:18:19.347+0000] {dag.py:2585} INFO - Sync 1 DAGs
[2023-01-27T00:18:19.366+0000] {logging_mixin.py:120} INFO - [2023-01-27T00:18:19.365+0000] {dag.py:3340} INFO - Setting next_dagrun for example_branch_labels to 2023-01-26T00:00:00+00:00, run_after=2023-01-27T00:00:00+00:00
[2023-01-27T00:18:19.380+0000] {processor.py:176} INFO - Processing /home/airflow/.local/lib/python3.7/site-packages/airflow/example_dags/example_branch_labels.py took 0.073 seconds
[2023-01-27T00:18:49.550+0000] {processor.py:154} INFO - Started process (PID=4371) to work on /home/airflow/.local/lib/python3.7/site-packages/airflow/example_dags/example_branch_labels.py
[2023-01-27T00:18:49.551+0000] {processor.py:756} INFO - Processing file /home/airflow/.local/lib/python3.7/site-packages/airflow/example_dags/example_branch_labels.py for tasks to queue
[2023-01-27T00:18:49.552+0000] {logging_mixin.py:120} INFO - [2023-01-27T00:18:49.552+0000] {dagbag.py:537} INFO - Filling up the DagBag from /home/airflow/.local/lib/python3.7/site-packages/airflow/example_dags/example_branch_labels.py
[2023-01-27T00:18:49.564+0000] {processor.py:766} INFO - DAG(s) dict_keys(['example_branch_labels']) retrieved from /home/airflow/.local/lib/python3.7/site-packages/airflow/example_dags/example_branch_labels.py
[2023-01-27T00:18:49.598+0000] {logging_mixin.py:120} INFO - [2023-01-27T00:18:49.597+0000] {dag.py:2585} INFO - Sync 1 DAGs
[2023-01-27T00:18:49.626+0000] {logging_mixin.py:120} INFO - [2023-01-27T00:18:49.626+0000] {dag.py:3340} INFO - Setting next_dagrun for example_branch_labels to 2023-01-26T00:00:00+00:00, run_after=2023-01-27T00:00:00+00:00
[2023-01-27T00:18:49.643+0000] {processor.py:176} INFO - Processing /home/airflow/.local/lib/python3.7/site-packages/airflow/example_dags/example_branch_labels.py took 0.095 seconds
[2023-01-27T00:19:19.718+0000] {processor.py:154} INFO - Started process (PID=4437) to work on /home/airflow/.local/lib/python3.7/site-packages/airflow/example_dags/example_branch_labels.py
[2023-01-27T00:19:19.719+0000] {processor.py:756} INFO - Processing file /home/airflow/.local/lib/python3.7/site-packages/airflow/example_dags/example_branch_labels.py for tasks to queue
[2023-01-27T00:19:19.720+0000] {logging_mixin.py:120} INFO - [2023-01-27T00:19:19.720+0000] {dagbag.py:537} INFO - Filling up the DagBag from /home/airflow/.local/lib/python3.7/site-packages/airflow/example_dags/example_branch_labels.py
[2023-01-27T00:19:19.730+0000] {processor.py:766} INFO - DAG(s) dict_keys(['example_branch_labels']) retrieved from /home/airflow/.local/lib/python3.7/site-packages/airflow/example_dags/example_branch_labels.py
[2023-01-27T00:19:19.756+0000] {logging_mixin.py:120} INFO - [2023-01-27T00:19:19.756+0000] {dag.py:2585} INFO - Sync 1 DAGs
[2023-01-27T00:19:19.773+0000] {logging_mixin.py:120} INFO - [2023-01-27T00:19:19.773+0000] {dag.py:3340} INFO - Setting next_dagrun for example_branch_labels to 2023-01-26T00:00:00+00:00, run_after=2023-01-27T00:00:00+00:00
[2023-01-27T00:19:19.786+0000] {processor.py:176} INFO - Processing /home/airflow/.local/lib/python3.7/site-packages/airflow/example_dags/example_branch_labels.py took 0.071 seconds
[2023-01-27T00:19:50.068+0000] {processor.py:154} INFO - Started process (PID=4505) to work on /home/airflow/.local/lib/python3.7/site-packages/airflow/example_dags/example_branch_labels.py
[2023-01-27T00:19:50.068+0000] {processor.py:756} INFO - Processing file /home/airflow/.local/lib/python3.7/site-packages/airflow/example_dags/example_branch_labels.py for tasks to queue
[2023-01-27T00:19:50.068+0000] {logging_mixin.py:120} INFO - [2023-01-27T00:19:50.068+0000] {dagbag.py:537} INFO - Filling up the DagBag from /home/airflow/.local/lib/python3.7/site-packages/airflow/example_dags/example_branch_labels.py
[2023-01-27T00:19:50.078+0000] {processor.py:766} INFO - DAG(s) dict_keys(['example_branch_labels']) retrieved from /home/airflow/.local/lib/python3.7/site-packages/airflow/example_dags/example_branch_labels.py
[2023-01-27T00:19:50.103+0000] {logging_mixin.py:120} INFO - [2023-01-27T00:19:50.103+0000] {dag.py:2585} INFO - Sync 1 DAGs
[2023-01-27T00:19:50.121+0000] {logging_mixin.py:120} INFO - [2023-01-27T00:19:50.121+0000] {dag.py:3340} INFO - Setting next_dagrun for example_branch_labels to 2023-01-26T00:00:00+00:00, run_after=2023-01-27T00:00:00+00:00
[2023-01-27T00:19:50.135+0000] {processor.py:176} INFO - Processing /home/airflow/.local/lib/python3.7/site-packages/airflow/example_dags/example_branch_labels.py took 0.069 seconds
[2023-01-27T00:20:20.409+0000] {processor.py:154} INFO - Started process (PID=4573) to work on /home/airflow/.local/lib/python3.7/site-packages/airflow/example_dags/example_branch_labels.py
[2023-01-27T00:20:20.410+0000] {processor.py:756} INFO - Processing file /home/airflow/.local/lib/python3.7/site-packages/airflow/example_dags/example_branch_labels.py for tasks to queue
[2023-01-27T00:20:20.410+0000] {logging_mixin.py:120} INFO - [2023-01-27T00:20:20.410+0000] {dagbag.py:537} INFO - Filling up the DagBag from /home/airflow/.local/lib/python3.7/site-packages/airflow/example_dags/example_branch_labels.py
[2023-01-27T00:20:20.419+0000] {processor.py:766} INFO - DAG(s) dict_keys(['example_branch_labels']) retrieved from /home/airflow/.local/lib/python3.7/site-packages/airflow/example_dags/example_branch_labels.py
[2023-01-27T00:20:20.443+0000] {logging_mixin.py:120} INFO - [2023-01-27T00:20:20.443+0000] {dag.py:2585} INFO - Sync 1 DAGs
[2023-01-27T00:20:20.460+0000] {logging_mixin.py:120} INFO - [2023-01-27T00:20:20.460+0000] {dag.py:3340} INFO - Setting next_dagrun for example_branch_labels to 2023-01-26T00:00:00+00:00, run_after=2023-01-27T00:00:00+00:00
[2023-01-27T00:20:20.473+0000] {processor.py:176} INFO - Processing /home/airflow/.local/lib/python3.7/site-packages/airflow/example_dags/example_branch_labels.py took 0.066 seconds
[2023-01-27T00:20:50.512+0000] {processor.py:154} INFO - Started process (PID=4641) to work on /home/airflow/.local/lib/python3.7/site-packages/airflow/example_dags/example_branch_labels.py
[2023-01-27T00:20:50.513+0000] {processor.py:756} INFO - Processing file /home/airflow/.local/lib/python3.7/site-packages/airflow/example_dags/example_branch_labels.py for tasks to queue
[2023-01-27T00:20:50.513+0000] {logging_mixin.py:120} INFO - [2023-01-27T00:20:50.513+0000] {dagbag.py:537} INFO - Filling up the DagBag from /home/airflow/.local/lib/python3.7/site-packages/airflow/example_dags/example_branch_labels.py
[2023-01-27T00:20:50.522+0000] {processor.py:766} INFO - DAG(s) dict_keys(['example_branch_labels']) retrieved from /home/airflow/.local/lib/python3.7/site-packages/airflow/example_dags/example_branch_labels.py
[2023-01-27T00:20:50.553+0000] {logging_mixin.py:120} INFO - [2023-01-27T00:20:50.553+0000] {dag.py:2585} INFO - Sync 1 DAGs
[2023-01-27T00:20:50.574+0000] {logging_mixin.py:120} INFO - [2023-01-27T00:20:50.574+0000] {dag.py:3340} INFO - Setting next_dagrun for example_branch_labels to 2023-01-26T00:00:00+00:00, run_after=2023-01-27T00:00:00+00:00
[2023-01-27T00:20:50.588+0000] {processor.py:176} INFO - Processing /home/airflow/.local/lib/python3.7/site-packages/airflow/example_dags/example_branch_labels.py took 0.078 seconds
