[2023-01-27T00:00:07.068+0000] {processor.py:154} INFO - Started process (PID=1935) to work on /home/airflow/.local/lib/python3.7/site-packages/airflow/example_dags/example_sla_dag.py
[2023-01-27T00:00:07.068+0000] {processor.py:756} INFO - Processing file /home/airflow/.local/lib/python3.7/site-packages/airflow/example_dags/example_sla_dag.py for tasks to queue
[2023-01-27T00:00:07.068+0000] {logging_mixin.py:120} INFO - [2023-01-27T00:00:07.068+0000] {dagbag.py:537} INFO - Filling up the DagBag from /home/airflow/.local/lib/python3.7/site-packages/airflow/example_dags/example_sla_dag.py
[2023-01-27T00:00:07.088+0000] {processor.py:766} INFO - DAG(s) dict_keys(['example_sla_dag']) retrieved from /home/airflow/.local/lib/python3.7/site-packages/airflow/example_dags/example_sla_dag.py
[2023-01-27T00:00:07.121+0000] {logging_mixin.py:120} INFO - [2023-01-27T00:00:07.121+0000] {dag.py:2585} INFO - Sync 1 DAGs
[2023-01-27T00:00:07.147+0000] {logging_mixin.py:120} INFO - [2023-01-27T00:00:07.146+0000] {dag.py:3340} INFO - Setting next_dagrun for example_sla_dag to 2023-01-26T23:58:00+00:00, run_after=2023-01-27T00:00:00+00:00
[2023-01-27T00:00:07.163+0000] {processor.py:176} INFO - Processing /home/airflow/.local/lib/python3.7/site-packages/airflow/example_dags/example_sla_dag.py took 0.097 seconds
[2023-01-27T00:00:37.321+0000] {processor.py:154} INFO - Started process (PID=2003) to work on /home/airflow/.local/lib/python3.7/site-packages/airflow/example_dags/example_sla_dag.py
[2023-01-27T00:00:37.322+0000] {processor.py:756} INFO - Processing file /home/airflow/.local/lib/python3.7/site-packages/airflow/example_dags/example_sla_dag.py for tasks to queue
[2023-01-27T00:00:37.322+0000] {logging_mixin.py:120} INFO - [2023-01-27T00:00:37.322+0000] {dagbag.py:537} INFO - Filling up the DagBag from /home/airflow/.local/lib/python3.7/site-packages/airflow/example_dags/example_sla_dag.py
[2023-01-27T00:00:37.336+0000] {processor.py:766} INFO - DAG(s) dict_keys(['example_sla_dag']) retrieved from /home/airflow/.local/lib/python3.7/site-packages/airflow/example_dags/example_sla_dag.py
[2023-01-27T00:00:37.360+0000] {logging_mixin.py:120} INFO - [2023-01-27T00:00:37.360+0000] {dag.py:2585} INFO - Sync 1 DAGs
[2023-01-27T00:00:37.378+0000] {logging_mixin.py:120} INFO - [2023-01-27T00:00:37.377+0000] {dag.py:3340} INFO - Setting next_dagrun for example_sla_dag to 2023-01-26T23:58:00+00:00, run_after=2023-01-27T00:00:00+00:00
[2023-01-27T00:00:37.390+0000] {processor.py:176} INFO - Processing /home/airflow/.local/lib/python3.7/site-packages/airflow/example_dags/example_sla_dag.py took 0.071 seconds
[2023-01-27T00:01:07.576+0000] {processor.py:154} INFO - Started process (PID=2062) to work on /home/airflow/.local/lib/python3.7/site-packages/airflow/example_dags/example_sla_dag.py
[2023-01-27T00:01:07.577+0000] {processor.py:756} INFO - Processing file /home/airflow/.local/lib/python3.7/site-packages/airflow/example_dags/example_sla_dag.py for tasks to queue
[2023-01-27T00:01:07.577+0000] {logging_mixin.py:120} INFO - [2023-01-27T00:01:07.577+0000] {dagbag.py:537} INFO - Filling up the DagBag from /home/airflow/.local/lib/python3.7/site-packages/airflow/example_dags/example_sla_dag.py
[2023-01-27T00:01:07.591+0000] {processor.py:766} INFO - DAG(s) dict_keys(['example_sla_dag']) retrieved from /home/airflow/.local/lib/python3.7/site-packages/airflow/example_dags/example_sla_dag.py
[2023-01-27T00:01:07.618+0000] {logging_mixin.py:120} INFO - [2023-01-27T00:01:07.618+0000] {dag.py:2585} INFO - Sync 1 DAGs
[2023-01-27T00:01:07.639+0000] {logging_mixin.py:120} INFO - [2023-01-27T00:01:07.639+0000] {dag.py:3340} INFO - Setting next_dagrun for example_sla_dag to 2023-01-26T23:58:00+00:00, run_after=2023-01-27T00:00:00+00:00
[2023-01-27T00:01:07.650+0000] {processor.py:176} INFO - Processing /home/airflow/.local/lib/python3.7/site-packages/airflow/example_dags/example_sla_dag.py took 0.076 seconds
[2023-01-27T00:01:37.884+0000] {processor.py:154} INFO - Started process (PID=2129) to work on /home/airflow/.local/lib/python3.7/site-packages/airflow/example_dags/example_sla_dag.py
[2023-01-27T00:01:37.885+0000] {processor.py:756} INFO - Processing file /home/airflow/.local/lib/python3.7/site-packages/airflow/example_dags/example_sla_dag.py for tasks to queue
[2023-01-27T00:01:37.886+0000] {logging_mixin.py:120} INFO - [2023-01-27T00:01:37.886+0000] {dagbag.py:537} INFO - Filling up the DagBag from /home/airflow/.local/lib/python3.7/site-packages/airflow/example_dags/example_sla_dag.py
[2023-01-27T00:01:37.909+0000] {processor.py:766} INFO - DAG(s) dict_keys(['example_sla_dag']) retrieved from /home/airflow/.local/lib/python3.7/site-packages/airflow/example_dags/example_sla_dag.py
[2023-01-27T00:01:37.954+0000] {logging_mixin.py:120} INFO - [2023-01-27T00:01:37.954+0000] {dag.py:2585} INFO - Sync 1 DAGs
[2023-01-27T00:01:37.981+0000] {logging_mixin.py:120} INFO - [2023-01-27T00:01:37.981+0000] {dag.py:3340} INFO - Setting next_dagrun for example_sla_dag to 2023-01-26T23:58:00+00:00, run_after=2023-01-27T00:00:00+00:00
[2023-01-27T00:01:37.999+0000] {processor.py:176} INFO - Processing /home/airflow/.local/lib/python3.7/site-packages/airflow/example_dags/example_sla_dag.py took 0.117 seconds
[2023-01-27T00:02:08.064+0000] {processor.py:154} INFO - Started process (PID=2197) to work on /home/airflow/.local/lib/python3.7/site-packages/airflow/example_dags/example_sla_dag.py
[2023-01-27T00:02:08.065+0000] {processor.py:756} INFO - Processing file /home/airflow/.local/lib/python3.7/site-packages/airflow/example_dags/example_sla_dag.py for tasks to queue
[2023-01-27T00:02:08.065+0000] {logging_mixin.py:120} INFO - [2023-01-27T00:02:08.065+0000] {dagbag.py:537} INFO - Filling up the DagBag from /home/airflow/.local/lib/python3.7/site-packages/airflow/example_dags/example_sla_dag.py
[2023-01-27T00:02:08.079+0000] {processor.py:766} INFO - DAG(s) dict_keys(['example_sla_dag']) retrieved from /home/airflow/.local/lib/python3.7/site-packages/airflow/example_dags/example_sla_dag.py
[2023-01-27T00:02:08.107+0000] {logging_mixin.py:120} INFO - [2023-01-27T00:02:08.107+0000] {dag.py:2585} INFO - Sync 1 DAGs
[2023-01-27T00:02:08.131+0000] {logging_mixin.py:120} INFO - [2023-01-27T00:02:08.131+0000] {dag.py:3340} INFO - Setting next_dagrun for example_sla_dag to 2023-01-27T00:00:00+00:00, run_after=2023-01-27T00:02:00+00:00
[2023-01-27T00:02:08.143+0000] {processor.py:176} INFO - Processing /home/airflow/.local/lib/python3.7/site-packages/airflow/example_dags/example_sla_dag.py took 0.081 seconds
[2023-01-27T00:02:38.388+0000] {processor.py:154} INFO - Started process (PID=2265) to work on /home/airflow/.local/lib/python3.7/site-packages/airflow/example_dags/example_sla_dag.py
[2023-01-27T00:02:38.389+0000] {processor.py:756} INFO - Processing file /home/airflow/.local/lib/python3.7/site-packages/airflow/example_dags/example_sla_dag.py for tasks to queue
[2023-01-27T00:02:38.389+0000] {logging_mixin.py:120} INFO - [2023-01-27T00:02:38.389+0000] {dagbag.py:537} INFO - Filling up the DagBag from /home/airflow/.local/lib/python3.7/site-packages/airflow/example_dags/example_sla_dag.py
[2023-01-27T00:02:38.411+0000] {processor.py:766} INFO - DAG(s) dict_keys(['example_sla_dag']) retrieved from /home/airflow/.local/lib/python3.7/site-packages/airflow/example_dags/example_sla_dag.py
[2023-01-27T00:02:38.447+0000] {logging_mixin.py:120} INFO - [2023-01-27T00:02:38.447+0000] {dag.py:2585} INFO - Sync 1 DAGs
[2023-01-27T00:02:38.474+0000] {logging_mixin.py:120} INFO - [2023-01-27T00:02:38.474+0000] {dag.py:3340} INFO - Setting next_dagrun for example_sla_dag to 2023-01-27T00:00:00+00:00, run_after=2023-01-27T00:02:00+00:00
[2023-01-27T00:02:38.494+0000] {processor.py:176} INFO - Processing /home/airflow/.local/lib/python3.7/site-packages/airflow/example_dags/example_sla_dag.py took 0.107 seconds
[2023-01-27T00:03:08.818+0000] {processor.py:154} INFO - Started process (PID=2333) to work on /home/airflow/.local/lib/python3.7/site-packages/airflow/example_dags/example_sla_dag.py
[2023-01-27T00:03:08.819+0000] {processor.py:756} INFO - Processing file /home/airflow/.local/lib/python3.7/site-packages/airflow/example_dags/example_sla_dag.py for tasks to queue
[2023-01-27T00:03:08.820+0000] {logging_mixin.py:120} INFO - [2023-01-27T00:03:08.820+0000] {dagbag.py:537} INFO - Filling up the DagBag from /home/airflow/.local/lib/python3.7/site-packages/airflow/example_dags/example_sla_dag.py
[2023-01-27T00:03:08.835+0000] {processor.py:766} INFO - DAG(s) dict_keys(['example_sla_dag']) retrieved from /home/airflow/.local/lib/python3.7/site-packages/airflow/example_dags/example_sla_dag.py
[2023-01-27T00:03:08.861+0000] {logging_mixin.py:120} INFO - [2023-01-27T00:03:08.861+0000] {dag.py:2585} INFO - Sync 1 DAGs
[2023-01-27T00:03:08.880+0000] {logging_mixin.py:120} INFO - [2023-01-27T00:03:08.880+0000] {dag.py:3340} INFO - Setting next_dagrun for example_sla_dag to 2023-01-27T00:00:00+00:00, run_after=2023-01-27T00:02:00+00:00
[2023-01-27T00:03:08.895+0000] {processor.py:176} INFO - Processing /home/airflow/.local/lib/python3.7/site-packages/airflow/example_dags/example_sla_dag.py took 0.079 seconds
[2023-01-27T00:03:39.122+0000] {processor.py:154} INFO - Started process (PID=2392) to work on /home/airflow/.local/lib/python3.7/site-packages/airflow/example_dags/example_sla_dag.py
[2023-01-27T00:03:39.123+0000] {processor.py:756} INFO - Processing file /home/airflow/.local/lib/python3.7/site-packages/airflow/example_dags/example_sla_dag.py for tasks to queue
[2023-01-27T00:03:39.123+0000] {logging_mixin.py:120} INFO - [2023-01-27T00:03:39.123+0000] {dagbag.py:537} INFO - Filling up the DagBag from /home/airflow/.local/lib/python3.7/site-packages/airflow/example_dags/example_sla_dag.py
[2023-01-27T00:03:39.137+0000] {processor.py:766} INFO - DAG(s) dict_keys(['example_sla_dag']) retrieved from /home/airflow/.local/lib/python3.7/site-packages/airflow/example_dags/example_sla_dag.py
[2023-01-27T00:03:39.163+0000] {logging_mixin.py:120} INFO - [2023-01-27T00:03:39.163+0000] {dag.py:2585} INFO - Sync 1 DAGs
[2023-01-27T00:03:39.181+0000] {logging_mixin.py:120} INFO - [2023-01-27T00:03:39.181+0000] {dag.py:3340} INFO - Setting next_dagrun for example_sla_dag to 2023-01-27T00:00:00+00:00, run_after=2023-01-27T00:02:00+00:00
[2023-01-27T00:03:39.193+0000] {processor.py:176} INFO - Processing /home/airflow/.local/lib/python3.7/site-packages/airflow/example_dags/example_sla_dag.py took 0.073 seconds
[2023-01-27T00:04:09.309+0000] {processor.py:154} INFO - Started process (PID=2460) to work on /home/airflow/.local/lib/python3.7/site-packages/airflow/example_dags/example_sla_dag.py
[2023-01-27T00:04:09.310+0000] {processor.py:756} INFO - Processing file /home/airflow/.local/lib/python3.7/site-packages/airflow/example_dags/example_sla_dag.py for tasks to queue
[2023-01-27T00:04:09.310+0000] {logging_mixin.py:120} INFO - [2023-01-27T00:04:09.310+0000] {dagbag.py:537} INFO - Filling up the DagBag from /home/airflow/.local/lib/python3.7/site-packages/airflow/example_dags/example_sla_dag.py
[2023-01-27T00:04:09.324+0000] {processor.py:766} INFO - DAG(s) dict_keys(['example_sla_dag']) retrieved from /home/airflow/.local/lib/python3.7/site-packages/airflow/example_dags/example_sla_dag.py
[2023-01-27T00:04:09.351+0000] {logging_mixin.py:120} INFO - [2023-01-27T00:04:09.350+0000] {dag.py:2585} INFO - Sync 1 DAGs
[2023-01-27T00:04:09.370+0000] {logging_mixin.py:120} INFO - [2023-01-27T00:04:09.370+0000] {dag.py:3340} INFO - Setting next_dagrun for example_sla_dag to 2023-01-27T00:02:00+00:00, run_after=2023-01-27T00:04:00+00:00
[2023-01-27T00:04:09.382+0000] {processor.py:176} INFO - Processing /home/airflow/.local/lib/python3.7/site-packages/airflow/example_dags/example_sla_dag.py took 0.075 seconds
[2023-01-27T00:04:39.828+0000] {processor.py:154} INFO - Started process (PID=2528) to work on /home/airflow/.local/lib/python3.7/site-packages/airflow/example_dags/example_sla_dag.py
[2023-01-27T00:04:39.829+0000] {processor.py:756} INFO - Processing file /home/airflow/.local/lib/python3.7/site-packages/airflow/example_dags/example_sla_dag.py for tasks to queue
[2023-01-27T00:04:39.830+0000] {logging_mixin.py:120} INFO - [2023-01-27T00:04:39.829+0000] {dagbag.py:537} INFO - Filling up the DagBag from /home/airflow/.local/lib/python3.7/site-packages/airflow/example_dags/example_sla_dag.py
[2023-01-27T00:04:39.844+0000] {processor.py:766} INFO - DAG(s) dict_keys(['example_sla_dag']) retrieved from /home/airflow/.local/lib/python3.7/site-packages/airflow/example_dags/example_sla_dag.py
[2023-01-27T00:04:39.869+0000] {logging_mixin.py:120} INFO - [2023-01-27T00:04:39.869+0000] {dag.py:2585} INFO - Sync 1 DAGs
[2023-01-27T00:04:39.888+0000] {logging_mixin.py:120} INFO - [2023-01-27T00:04:39.888+0000] {dag.py:3340} INFO - Setting next_dagrun for example_sla_dag to 2023-01-27T00:02:00+00:00, run_after=2023-01-27T00:04:00+00:00
[2023-01-27T00:04:39.900+0000] {processor.py:176} INFO - Processing /home/airflow/.local/lib/python3.7/site-packages/airflow/example_dags/example_sla_dag.py took 0.074 seconds
[2023-01-27T00:05:10.162+0000] {processor.py:154} INFO - Started process (PID=2596) to work on /home/airflow/.local/lib/python3.7/site-packages/airflow/example_dags/example_sla_dag.py
[2023-01-27T00:05:10.163+0000] {processor.py:756} INFO - Processing file /home/airflow/.local/lib/python3.7/site-packages/airflow/example_dags/example_sla_dag.py for tasks to queue
[2023-01-27T00:05:10.163+0000] {logging_mixin.py:120} INFO - [2023-01-27T00:05:10.163+0000] {dagbag.py:537} INFO - Filling up the DagBag from /home/airflow/.local/lib/python3.7/site-packages/airflow/example_dags/example_sla_dag.py
[2023-01-27T00:05:10.180+0000] {processor.py:766} INFO - DAG(s) dict_keys(['example_sla_dag']) retrieved from /home/airflow/.local/lib/python3.7/site-packages/airflow/example_dags/example_sla_dag.py
[2023-01-27T00:05:10.207+0000] {logging_mixin.py:120} INFO - [2023-01-27T00:05:10.207+0000] {dag.py:2585} INFO - Sync 1 DAGs
[2023-01-27T00:05:10.227+0000] {logging_mixin.py:120} INFO - [2023-01-27T00:05:10.227+0000] {dag.py:3340} INFO - Setting next_dagrun for example_sla_dag to 2023-01-27T00:02:00+00:00, run_after=2023-01-27T00:04:00+00:00
[2023-01-27T00:05:10.239+0000] {processor.py:176} INFO - Processing /home/airflow/.local/lib/python3.7/site-packages/airflow/example_dags/example_sla_dag.py took 0.080 seconds
[2023-01-27T00:05:40.577+0000] {processor.py:154} INFO - Started process (PID=2655) to work on /home/airflow/.local/lib/python3.7/site-packages/airflow/example_dags/example_sla_dag.py
[2023-01-27T00:05:40.578+0000] {processor.py:756} INFO - Processing file /home/airflow/.local/lib/python3.7/site-packages/airflow/example_dags/example_sla_dag.py for tasks to queue
[2023-01-27T00:05:40.578+0000] {logging_mixin.py:120} INFO - [2023-01-27T00:05:40.578+0000] {dagbag.py:537} INFO - Filling up the DagBag from /home/airflow/.local/lib/python3.7/site-packages/airflow/example_dags/example_sla_dag.py
[2023-01-27T00:05:40.592+0000] {processor.py:766} INFO - DAG(s) dict_keys(['example_sla_dag']) retrieved from /home/airflow/.local/lib/python3.7/site-packages/airflow/example_dags/example_sla_dag.py
[2023-01-27T00:05:40.617+0000] {logging_mixin.py:120} INFO - [2023-01-27T00:05:40.616+0000] {dag.py:2585} INFO - Sync 1 DAGs
[2023-01-27T00:05:40.637+0000] {logging_mixin.py:120} INFO - [2023-01-27T00:05:40.637+0000] {dag.py:3340} INFO - Setting next_dagrun for example_sla_dag to 2023-01-27T00:02:00+00:00, run_after=2023-01-27T00:04:00+00:00
[2023-01-27T00:05:40.648+0000] {processor.py:176} INFO - Processing /home/airflow/.local/lib/python3.7/site-packages/airflow/example_dags/example_sla_dag.py took 0.074 seconds
[2023-01-27T00:06:10.883+0000] {processor.py:154} INFO - Started process (PID=2723) to work on /home/airflow/.local/lib/python3.7/site-packages/airflow/example_dags/example_sla_dag.py
[2023-01-27T00:06:10.885+0000] {processor.py:756} INFO - Processing file /home/airflow/.local/lib/python3.7/site-packages/airflow/example_dags/example_sla_dag.py for tasks to queue
[2023-01-27T00:06:10.885+0000] {logging_mixin.py:120} INFO - [2023-01-27T00:06:10.885+0000] {dagbag.py:537} INFO - Filling up the DagBag from /home/airflow/.local/lib/python3.7/site-packages/airflow/example_dags/example_sla_dag.py
[2023-01-27T00:06:10.899+0000] {processor.py:766} INFO - DAG(s) dict_keys(['example_sla_dag']) retrieved from /home/airflow/.local/lib/python3.7/site-packages/airflow/example_dags/example_sla_dag.py
[2023-01-27T00:06:10.924+0000] {logging_mixin.py:120} INFO - [2023-01-27T00:06:10.924+0000] {dag.py:2585} INFO - Sync 1 DAGs
[2023-01-27T00:06:10.943+0000] {logging_mixin.py:120} INFO - [2023-01-27T00:06:10.943+0000] {dag.py:3340} INFO - Setting next_dagrun for example_sla_dag to 2023-01-27T00:04:00+00:00, run_after=2023-01-27T00:06:00+00:00
[2023-01-27T00:06:10.958+0000] {processor.py:176} INFO - Processing /home/airflow/.local/lib/python3.7/site-packages/airflow/example_dags/example_sla_dag.py took 0.076 seconds
[2023-01-27T00:06:41.218+0000] {processor.py:154} INFO - Started process (PID=2792) to work on /home/airflow/.local/lib/python3.7/site-packages/airflow/example_dags/example_sla_dag.py
[2023-01-27T00:06:41.218+0000] {processor.py:756} INFO - Processing file /home/airflow/.local/lib/python3.7/site-packages/airflow/example_dags/example_sla_dag.py for tasks to queue
[2023-01-27T00:06:41.218+0000] {logging_mixin.py:120} INFO - [2023-01-27T00:06:41.218+0000] {dagbag.py:537} INFO - Filling up the DagBag from /home/airflow/.local/lib/python3.7/site-packages/airflow/example_dags/example_sla_dag.py
[2023-01-27T00:06:41.233+0000] {processor.py:766} INFO - DAG(s) dict_keys(['example_sla_dag']) retrieved from /home/airflow/.local/lib/python3.7/site-packages/airflow/example_dags/example_sla_dag.py
[2023-01-27T00:06:41.257+0000] {logging_mixin.py:120} INFO - [2023-01-27T00:06:41.257+0000] {dag.py:2585} INFO - Sync 1 DAGs
[2023-01-27T00:06:41.276+0000] {logging_mixin.py:120} INFO - [2023-01-27T00:06:41.276+0000] {dag.py:3340} INFO - Setting next_dagrun for example_sla_dag to 2023-01-27T00:04:00+00:00, run_after=2023-01-27T00:06:00+00:00
[2023-01-27T00:06:41.287+0000] {processor.py:176} INFO - Processing /home/airflow/.local/lib/python3.7/site-packages/airflow/example_dags/example_sla_dag.py took 0.072 seconds
[2023-01-27T00:07:11.372+0000] {processor.py:154} INFO - Started process (PID=2860) to work on /home/airflow/.local/lib/python3.7/site-packages/airflow/example_dags/example_sla_dag.py
[2023-01-27T00:07:11.373+0000] {processor.py:756} INFO - Processing file /home/airflow/.local/lib/python3.7/site-packages/airflow/example_dags/example_sla_dag.py for tasks to queue
[2023-01-27T00:07:11.374+0000] {logging_mixin.py:120} INFO - [2023-01-27T00:07:11.374+0000] {dagbag.py:537} INFO - Filling up the DagBag from /home/airflow/.local/lib/python3.7/site-packages/airflow/example_dags/example_sla_dag.py
[2023-01-27T00:07:11.388+0000] {processor.py:766} INFO - DAG(s) dict_keys(['example_sla_dag']) retrieved from /home/airflow/.local/lib/python3.7/site-packages/airflow/example_dags/example_sla_dag.py
[2023-01-27T00:07:11.415+0000] {logging_mixin.py:120} INFO - [2023-01-27T00:07:11.414+0000] {dag.py:2585} INFO - Sync 1 DAGs
[2023-01-27T00:07:11.434+0000] {logging_mixin.py:120} INFO - [2023-01-27T00:07:11.433+0000] {dag.py:3340} INFO - Setting next_dagrun for example_sla_dag to 2023-01-27T00:04:00+00:00, run_after=2023-01-27T00:06:00+00:00
[2023-01-27T00:07:11.447+0000] {processor.py:176} INFO - Processing /home/airflow/.local/lib/python3.7/site-packages/airflow/example_dags/example_sla_dag.py took 0.076 seconds
[2023-01-27T00:07:41.541+0000] {processor.py:154} INFO - Started process (PID=2919) to work on /home/airflow/.local/lib/python3.7/site-packages/airflow/example_dags/example_sla_dag.py
[2023-01-27T00:07:41.541+0000] {processor.py:756} INFO - Processing file /home/airflow/.local/lib/python3.7/site-packages/airflow/example_dags/example_sla_dag.py for tasks to queue
[2023-01-27T00:07:41.541+0000] {logging_mixin.py:120} INFO - [2023-01-27T00:07:41.541+0000] {dagbag.py:537} INFO - Filling up the DagBag from /home/airflow/.local/lib/python3.7/site-packages/airflow/example_dags/example_sla_dag.py
[2023-01-27T00:07:41.556+0000] {processor.py:766} INFO - DAG(s) dict_keys(['example_sla_dag']) retrieved from /home/airflow/.local/lib/python3.7/site-packages/airflow/example_dags/example_sla_dag.py
[2023-01-27T00:07:41.582+0000] {logging_mixin.py:120} INFO - [2023-01-27T00:07:41.582+0000] {dag.py:2585} INFO - Sync 1 DAGs
[2023-01-27T00:07:41.602+0000] {logging_mixin.py:120} INFO - [2023-01-27T00:07:41.602+0000] {dag.py:3340} INFO - Setting next_dagrun for example_sla_dag to 2023-01-27T00:04:00+00:00, run_after=2023-01-27T00:06:00+00:00
[2023-01-27T00:07:41.614+0000] {processor.py:176} INFO - Processing /home/airflow/.local/lib/python3.7/site-packages/airflow/example_dags/example_sla_dag.py took 0.075 seconds
[2023-01-27T00:08:11.783+0000] {processor.py:154} INFO - Started process (PID=2985) to work on /home/airflow/.local/lib/python3.7/site-packages/airflow/example_dags/example_sla_dag.py
[2023-01-27T00:08:11.783+0000] {processor.py:756} INFO - Processing file /home/airflow/.local/lib/python3.7/site-packages/airflow/example_dags/example_sla_dag.py for tasks to queue
[2023-01-27T00:08:11.784+0000] {logging_mixin.py:120} INFO - [2023-01-27T00:08:11.784+0000] {dagbag.py:537} INFO - Filling up the DagBag from /home/airflow/.local/lib/python3.7/site-packages/airflow/example_dags/example_sla_dag.py
[2023-01-27T00:08:11.799+0000] {processor.py:766} INFO - DAG(s) dict_keys(['example_sla_dag']) retrieved from /home/airflow/.local/lib/python3.7/site-packages/airflow/example_dags/example_sla_dag.py
[2023-01-27T00:08:11.823+0000] {logging_mixin.py:120} INFO - [2023-01-27T00:08:11.823+0000] {dag.py:2585} INFO - Sync 1 DAGs
[2023-01-27T00:08:11.842+0000] {logging_mixin.py:120} INFO - [2023-01-27T00:08:11.842+0000] {dag.py:3340} INFO - Setting next_dagrun for example_sla_dag to 2023-01-27T00:06:00+00:00, run_after=2023-01-27T00:08:00+00:00
[2023-01-27T00:08:11.856+0000] {processor.py:176} INFO - Processing /home/airflow/.local/lib/python3.7/site-packages/airflow/example_dags/example_sla_dag.py took 0.075 seconds
[2023-01-27T00:08:41.907+0000] {processor.py:154} INFO - Started process (PID=3053) to work on /home/airflow/.local/lib/python3.7/site-packages/airflow/example_dags/example_sla_dag.py
[2023-01-27T00:08:41.909+0000] {processor.py:756} INFO - Processing file /home/airflow/.local/lib/python3.7/site-packages/airflow/example_dags/example_sla_dag.py for tasks to queue
[2023-01-27T00:08:41.909+0000] {logging_mixin.py:120} INFO - [2023-01-27T00:08:41.909+0000] {dagbag.py:537} INFO - Filling up the DagBag from /home/airflow/.local/lib/python3.7/site-packages/airflow/example_dags/example_sla_dag.py
[2023-01-27T00:08:41.925+0000] {processor.py:766} INFO - DAG(s) dict_keys(['example_sla_dag']) retrieved from /home/airflow/.local/lib/python3.7/site-packages/airflow/example_dags/example_sla_dag.py
[2023-01-27T00:08:41.949+0000] {logging_mixin.py:120} INFO - [2023-01-27T00:08:41.949+0000] {dag.py:2585} INFO - Sync 1 DAGs
[2023-01-27T00:08:41.969+0000] {logging_mixin.py:120} INFO - [2023-01-27T00:08:41.969+0000] {dag.py:3340} INFO - Setting next_dagrun for example_sla_dag to 2023-01-27T00:06:00+00:00, run_after=2023-01-27T00:08:00+00:00
[2023-01-27T00:08:41.980+0000] {processor.py:176} INFO - Processing /home/airflow/.local/lib/python3.7/site-packages/airflow/example_dags/example_sla_dag.py took 0.074 seconds
[2023-01-27T00:09:12.269+0000] {processor.py:154} INFO - Started process (PID=3120) to work on /home/airflow/.local/lib/python3.7/site-packages/airflow/example_dags/example_sla_dag.py
[2023-01-27T00:09:12.270+0000] {processor.py:756} INFO - Processing file /home/airflow/.local/lib/python3.7/site-packages/airflow/example_dags/example_sla_dag.py for tasks to queue
[2023-01-27T00:09:12.271+0000] {logging_mixin.py:120} INFO - [2023-01-27T00:09:12.271+0000] {dagbag.py:537} INFO - Filling up the DagBag from /home/airflow/.local/lib/python3.7/site-packages/airflow/example_dags/example_sla_dag.py
[2023-01-27T00:09:12.292+0000] {processor.py:766} INFO - DAG(s) dict_keys(['example_sla_dag']) retrieved from /home/airflow/.local/lib/python3.7/site-packages/airflow/example_dags/example_sla_dag.py
[2023-01-27T00:09:12.319+0000] {logging_mixin.py:120} INFO - [2023-01-27T00:09:12.319+0000] {dag.py:2585} INFO - Sync 1 DAGs
[2023-01-27T00:09:12.339+0000] {logging_mixin.py:120} INFO - [2023-01-27T00:09:12.339+0000] {dag.py:3340} INFO - Setting next_dagrun for example_sla_dag to 2023-01-27T00:06:00+00:00, run_after=2023-01-27T00:08:00+00:00
[2023-01-27T00:09:12.353+0000] {processor.py:176} INFO - Processing /home/airflow/.local/lib/python3.7/site-packages/airflow/example_dags/example_sla_dag.py took 0.086 seconds
[2023-01-27T00:09:42.754+0000] {processor.py:154} INFO - Started process (PID=3189) to work on /home/airflow/.local/lib/python3.7/site-packages/airflow/example_dags/example_sla_dag.py
[2023-01-27T00:09:42.755+0000] {processor.py:756} INFO - Processing file /home/airflow/.local/lib/python3.7/site-packages/airflow/example_dags/example_sla_dag.py for tasks to queue
[2023-01-27T00:09:42.755+0000] {logging_mixin.py:120} INFO - [2023-01-27T00:09:42.755+0000] {dagbag.py:537} INFO - Filling up the DagBag from /home/airflow/.local/lib/python3.7/site-packages/airflow/example_dags/example_sla_dag.py
[2023-01-27T00:09:42.770+0000] {processor.py:766} INFO - DAG(s) dict_keys(['example_sla_dag']) retrieved from /home/airflow/.local/lib/python3.7/site-packages/airflow/example_dags/example_sla_dag.py
[2023-01-27T00:09:42.798+0000] {logging_mixin.py:120} INFO - [2023-01-27T00:09:42.798+0000] {dag.py:2585} INFO - Sync 1 DAGs
[2023-01-27T00:09:42.827+0000] {logging_mixin.py:120} INFO - [2023-01-27T00:09:42.827+0000] {dag.py:3340} INFO - Setting next_dagrun for example_sla_dag to 2023-01-27T00:06:00+00:00, run_after=2023-01-27T00:08:00+00:00
[2023-01-27T00:09:42.844+0000] {processor.py:176} INFO - Processing /home/airflow/.local/lib/python3.7/site-packages/airflow/example_dags/example_sla_dag.py took 0.093 seconds
[2023-01-27T00:10:13.048+0000] {processor.py:154} INFO - Started process (PID=3248) to work on /home/airflow/.local/lib/python3.7/site-packages/airflow/example_dags/example_sla_dag.py
[2023-01-27T00:10:13.049+0000] {processor.py:756} INFO - Processing file /home/airflow/.local/lib/python3.7/site-packages/airflow/example_dags/example_sla_dag.py for tasks to queue
[2023-01-27T00:10:13.050+0000] {logging_mixin.py:120} INFO - [2023-01-27T00:10:13.050+0000] {dagbag.py:537} INFO - Filling up the DagBag from /home/airflow/.local/lib/python3.7/site-packages/airflow/example_dags/example_sla_dag.py
[2023-01-27T00:10:13.067+0000] {processor.py:766} INFO - DAG(s) dict_keys(['example_sla_dag']) retrieved from /home/airflow/.local/lib/python3.7/site-packages/airflow/example_dags/example_sla_dag.py
[2023-01-27T00:10:13.093+0000] {logging_mixin.py:120} INFO - [2023-01-27T00:10:13.093+0000] {dag.py:2585} INFO - Sync 1 DAGs
[2023-01-27T00:10:13.111+0000] {logging_mixin.py:120} INFO - [2023-01-27T00:10:13.111+0000] {dag.py:3340} INFO - Setting next_dagrun for example_sla_dag to 2023-01-27T00:08:00+00:00, run_after=2023-01-27T00:10:00+00:00
[2023-01-27T00:10:13.124+0000] {processor.py:176} INFO - Processing /home/airflow/.local/lib/python3.7/site-packages/airflow/example_dags/example_sla_dag.py took 0.079 seconds
[2023-01-27T00:10:43.338+0000] {processor.py:154} INFO - Started process (PID=3316) to work on /home/airflow/.local/lib/python3.7/site-packages/airflow/example_dags/example_sla_dag.py
[2023-01-27T00:10:43.339+0000] {processor.py:756} INFO - Processing file /home/airflow/.local/lib/python3.7/site-packages/airflow/example_dags/example_sla_dag.py for tasks to queue
[2023-01-27T00:10:43.340+0000] {logging_mixin.py:120} INFO - [2023-01-27T00:10:43.340+0000] {dagbag.py:537} INFO - Filling up the DagBag from /home/airflow/.local/lib/python3.7/site-packages/airflow/example_dags/example_sla_dag.py
[2023-01-27T00:10:43.354+0000] {processor.py:766} INFO - DAG(s) dict_keys(['example_sla_dag']) retrieved from /home/airflow/.local/lib/python3.7/site-packages/airflow/example_dags/example_sla_dag.py
[2023-01-27T00:10:43.379+0000] {logging_mixin.py:120} INFO - [2023-01-27T00:10:43.379+0000] {dag.py:2585} INFO - Sync 1 DAGs
[2023-01-27T00:10:43.397+0000] {logging_mixin.py:120} INFO - [2023-01-27T00:10:43.397+0000] {dag.py:3340} INFO - Setting next_dagrun for example_sla_dag to 2023-01-27T00:08:00+00:00, run_after=2023-01-27T00:10:00+00:00
[2023-01-27T00:10:43.409+0000] {processor.py:176} INFO - Processing /home/airflow/.local/lib/python3.7/site-packages/airflow/example_dags/example_sla_dag.py took 0.073 seconds
[2023-01-27T00:11:13.763+0000] {processor.py:154} INFO - Started process (PID=3384) to work on /home/airflow/.local/lib/python3.7/site-packages/airflow/example_dags/example_sla_dag.py
[2023-01-27T00:11:13.764+0000] {processor.py:756} INFO - Processing file /home/airflow/.local/lib/python3.7/site-packages/airflow/example_dags/example_sla_dag.py for tasks to queue
[2023-01-27T00:11:13.764+0000] {logging_mixin.py:120} INFO - [2023-01-27T00:11:13.764+0000] {dagbag.py:537} INFO - Filling up the DagBag from /home/airflow/.local/lib/python3.7/site-packages/airflow/example_dags/example_sla_dag.py
[2023-01-27T00:11:13.779+0000] {processor.py:766} INFO - DAG(s) dict_keys(['example_sla_dag']) retrieved from /home/airflow/.local/lib/python3.7/site-packages/airflow/example_dags/example_sla_dag.py
[2023-01-27T00:11:13.811+0000] {logging_mixin.py:120} INFO - [2023-01-27T00:11:13.811+0000] {dag.py:2585} INFO - Sync 1 DAGs
[2023-01-27T00:11:13.844+0000] {logging_mixin.py:120} INFO - [2023-01-27T00:11:13.844+0000] {dag.py:3340} INFO - Setting next_dagrun for example_sla_dag to 2023-01-27T00:08:00+00:00, run_after=2023-01-27T00:10:00+00:00
[2023-01-27T00:11:13.866+0000] {processor.py:176} INFO - Processing /home/airflow/.local/lib/python3.7/site-packages/airflow/example_dags/example_sla_dag.py took 0.104 seconds
[2023-01-27T00:11:44.060+0000] {processor.py:154} INFO - Started process (PID=3452) to work on /home/airflow/.local/lib/python3.7/site-packages/airflow/example_dags/example_sla_dag.py
[2023-01-27T00:11:44.062+0000] {processor.py:756} INFO - Processing file /home/airflow/.local/lib/python3.7/site-packages/airflow/example_dags/example_sla_dag.py for tasks to queue
[2023-01-27T00:11:44.062+0000] {logging_mixin.py:120} INFO - [2023-01-27T00:11:44.062+0000] {dagbag.py:537} INFO - Filling up the DagBag from /home/airflow/.local/lib/python3.7/site-packages/airflow/example_dags/example_sla_dag.py
[2023-01-27T00:11:44.083+0000] {processor.py:766} INFO - DAG(s) dict_keys(['example_sla_dag']) retrieved from /home/airflow/.local/lib/python3.7/site-packages/airflow/example_dags/example_sla_dag.py
[2023-01-27T00:11:44.115+0000] {logging_mixin.py:120} INFO - [2023-01-27T00:11:44.115+0000] {dag.py:2585} INFO - Sync 1 DAGs
[2023-01-27T00:11:44.138+0000] {logging_mixin.py:120} INFO - [2023-01-27T00:11:44.138+0000] {dag.py:3340} INFO - Setting next_dagrun for example_sla_dag to 2023-01-27T00:08:00+00:00, run_after=2023-01-27T00:10:00+00:00
[2023-01-27T00:11:44.154+0000] {processor.py:176} INFO - Processing /home/airflow/.local/lib/python3.7/site-packages/airflow/example_dags/example_sla_dag.py took 0.096 seconds
[2023-01-27T00:12:14.330+0000] {processor.py:154} INFO - Started process (PID=3511) to work on /home/airflow/.local/lib/python3.7/site-packages/airflow/example_dags/example_sla_dag.py
[2023-01-27T00:12:14.331+0000] {processor.py:756} INFO - Processing file /home/airflow/.local/lib/python3.7/site-packages/airflow/example_dags/example_sla_dag.py for tasks to queue
[2023-01-27T00:12:14.331+0000] {logging_mixin.py:120} INFO - [2023-01-27T00:12:14.331+0000] {dagbag.py:537} INFO - Filling up the DagBag from /home/airflow/.local/lib/python3.7/site-packages/airflow/example_dags/example_sla_dag.py
[2023-01-27T00:12:14.346+0000] {processor.py:766} INFO - DAG(s) dict_keys(['example_sla_dag']) retrieved from /home/airflow/.local/lib/python3.7/site-packages/airflow/example_dags/example_sla_dag.py
[2023-01-27T00:12:14.370+0000] {logging_mixin.py:120} INFO - [2023-01-27T00:12:14.370+0000] {dag.py:2585} INFO - Sync 1 DAGs
[2023-01-27T00:12:14.390+0000] {logging_mixin.py:120} INFO - [2023-01-27T00:12:14.390+0000] {dag.py:3340} INFO - Setting next_dagrun for example_sla_dag to 2023-01-27T00:10:00+00:00, run_after=2023-01-27T00:12:00+00:00
[2023-01-27T00:12:14.402+0000] {processor.py:176} INFO - Processing /home/airflow/.local/lib/python3.7/site-packages/airflow/example_dags/example_sla_dag.py took 0.074 seconds
[2023-01-27T00:12:44.716+0000] {processor.py:154} INFO - Started process (PID=3579) to work on /home/airflow/.local/lib/python3.7/site-packages/airflow/example_dags/example_sla_dag.py
[2023-01-27T00:12:44.722+0000] {processor.py:756} INFO - Processing file /home/airflow/.local/lib/python3.7/site-packages/airflow/example_dags/example_sla_dag.py for tasks to queue
[2023-01-27T00:12:44.722+0000] {logging_mixin.py:120} INFO - [2023-01-27T00:12:44.722+0000] {dagbag.py:537} INFO - Filling up the DagBag from /home/airflow/.local/lib/python3.7/site-packages/airflow/example_dags/example_sla_dag.py
[2023-01-27T00:12:44.748+0000] {processor.py:766} INFO - DAG(s) dict_keys(['example_sla_dag']) retrieved from /home/airflow/.local/lib/python3.7/site-packages/airflow/example_dags/example_sla_dag.py
[2023-01-27T00:12:44.775+0000] {logging_mixin.py:120} INFO - [2023-01-27T00:12:44.775+0000] {dag.py:2585} INFO - Sync 1 DAGs
[2023-01-27T00:12:44.795+0000] {logging_mixin.py:120} INFO - [2023-01-27T00:12:44.795+0000] {dag.py:3340} INFO - Setting next_dagrun for example_sla_dag to 2023-01-27T00:10:00+00:00, run_after=2023-01-27T00:12:00+00:00
[2023-01-27T00:12:44.810+0000] {processor.py:176} INFO - Processing /home/airflow/.local/lib/python3.7/site-packages/airflow/example_dags/example_sla_dag.py took 0.097 seconds
[2023-01-27T00:13:14.989+0000] {processor.py:154} INFO - Started process (PID=3646) to work on /home/airflow/.local/lib/python3.7/site-packages/airflow/example_dags/example_sla_dag.py
[2023-01-27T00:13:14.990+0000] {processor.py:756} INFO - Processing file /home/airflow/.local/lib/python3.7/site-packages/airflow/example_dags/example_sla_dag.py for tasks to queue
[2023-01-27T00:13:14.990+0000] {logging_mixin.py:120} INFO - [2023-01-27T00:13:14.990+0000] {dagbag.py:537} INFO - Filling up the DagBag from /home/airflow/.local/lib/python3.7/site-packages/airflow/example_dags/example_sla_dag.py
[2023-01-27T00:13:15.005+0000] {processor.py:766} INFO - DAG(s) dict_keys(['example_sla_dag']) retrieved from /home/airflow/.local/lib/python3.7/site-packages/airflow/example_dags/example_sla_dag.py
[2023-01-27T00:13:15.034+0000] {logging_mixin.py:120} INFO - [2023-01-27T00:13:15.034+0000] {dag.py:2585} INFO - Sync 1 DAGs
[2023-01-27T00:13:15.059+0000] {logging_mixin.py:120} INFO - [2023-01-27T00:13:15.059+0000] {dag.py:3340} INFO - Setting next_dagrun for example_sla_dag to 2023-01-27T00:10:00+00:00, run_after=2023-01-27T00:12:00+00:00
[2023-01-27T00:13:15.071+0000] {processor.py:176} INFO - Processing /home/airflow/.local/lib/python3.7/site-packages/airflow/example_dags/example_sla_dag.py took 0.084 seconds
[2023-01-27T00:13:45.218+0000] {processor.py:154} INFO - Started process (PID=3714) to work on /home/airflow/.local/lib/python3.7/site-packages/airflow/example_dags/example_sla_dag.py
[2023-01-27T00:13:45.219+0000] {processor.py:756} INFO - Processing file /home/airflow/.local/lib/python3.7/site-packages/airflow/example_dags/example_sla_dag.py for tasks to queue
[2023-01-27T00:13:45.219+0000] {logging_mixin.py:120} INFO - [2023-01-27T00:13:45.219+0000] {dagbag.py:537} INFO - Filling up the DagBag from /home/airflow/.local/lib/python3.7/site-packages/airflow/example_dags/example_sla_dag.py
[2023-01-27T00:13:45.234+0000] {processor.py:766} INFO - DAG(s) dict_keys(['example_sla_dag']) retrieved from /home/airflow/.local/lib/python3.7/site-packages/airflow/example_dags/example_sla_dag.py
[2023-01-27T00:13:45.259+0000] {logging_mixin.py:120} INFO - [2023-01-27T00:13:45.259+0000] {dag.py:2585} INFO - Sync 1 DAGs
[2023-01-27T00:13:45.277+0000] {logging_mixin.py:120} INFO - [2023-01-27T00:13:45.277+0000] {dag.py:3340} INFO - Setting next_dagrun for example_sla_dag to 2023-01-27T00:10:00+00:00, run_after=2023-01-27T00:12:00+00:00
[2023-01-27T00:13:45.290+0000] {processor.py:176} INFO - Processing /home/airflow/.local/lib/python3.7/site-packages/airflow/example_dags/example_sla_dag.py took 0.074 seconds
[2023-01-27T00:14:15.382+0000] {processor.py:154} INFO - Started process (PID=3772) to work on /home/airflow/.local/lib/python3.7/site-packages/airflow/example_dags/example_sla_dag.py
[2023-01-27T00:14:15.382+0000] {processor.py:756} INFO - Processing file /home/airflow/.local/lib/python3.7/site-packages/airflow/example_dags/example_sla_dag.py for tasks to queue
[2023-01-27T00:14:15.383+0000] {logging_mixin.py:120} INFO - [2023-01-27T00:14:15.383+0000] {dagbag.py:537} INFO - Filling up the DagBag from /home/airflow/.local/lib/python3.7/site-packages/airflow/example_dags/example_sla_dag.py
[2023-01-27T00:14:15.396+0000] {processor.py:766} INFO - DAG(s) dict_keys(['example_sla_dag']) retrieved from /home/airflow/.local/lib/python3.7/site-packages/airflow/example_dags/example_sla_dag.py
[2023-01-27T00:14:15.423+0000] {logging_mixin.py:120} INFO - [2023-01-27T00:14:15.423+0000] {dag.py:2585} INFO - Sync 1 DAGs
[2023-01-27T00:14:15.448+0000] {logging_mixin.py:120} INFO - [2023-01-27T00:14:15.447+0000] {dag.py:3340} INFO - Setting next_dagrun for example_sla_dag to 2023-01-27T00:12:00+00:00, run_after=2023-01-27T00:14:00+00:00
[2023-01-27T00:14:15.459+0000] {processor.py:176} INFO - Processing /home/airflow/.local/lib/python3.7/site-packages/airflow/example_dags/example_sla_dag.py took 0.079 seconds
[2023-01-27T00:14:45.542+0000] {processor.py:154} INFO - Started process (PID=3839) to work on /home/airflow/.local/lib/python3.7/site-packages/airflow/example_dags/example_sla_dag.py
[2023-01-27T00:14:45.543+0000] {processor.py:756} INFO - Processing file /home/airflow/.local/lib/python3.7/site-packages/airflow/example_dags/example_sla_dag.py for tasks to queue
[2023-01-27T00:14:45.543+0000] {logging_mixin.py:120} INFO - [2023-01-27T00:14:45.543+0000] {dagbag.py:537} INFO - Filling up the DagBag from /home/airflow/.local/lib/python3.7/site-packages/airflow/example_dags/example_sla_dag.py
[2023-01-27T00:14:45.558+0000] {processor.py:766} INFO - DAG(s) dict_keys(['example_sla_dag']) retrieved from /home/airflow/.local/lib/python3.7/site-packages/airflow/example_dags/example_sla_dag.py
[2023-01-27T00:14:45.585+0000] {logging_mixin.py:120} INFO - [2023-01-27T00:14:45.584+0000] {dag.py:2585} INFO - Sync 1 DAGs
[2023-01-27T00:14:45.603+0000] {logging_mixin.py:120} INFO - [2023-01-27T00:14:45.603+0000] {dag.py:3340} INFO - Setting next_dagrun for example_sla_dag to 2023-01-27T00:12:00+00:00, run_after=2023-01-27T00:14:00+00:00
[2023-01-27T00:14:45.616+0000] {processor.py:176} INFO - Processing /home/airflow/.local/lib/python3.7/site-packages/airflow/example_dags/example_sla_dag.py took 0.076 seconds
[2023-01-27T00:15:16.199+0000] {processor.py:154} INFO - Started process (PID=3909) to work on /home/airflow/.local/lib/python3.7/site-packages/airflow/example_dags/example_sla_dag.py
[2023-01-27T00:15:16.199+0000] {processor.py:756} INFO - Processing file /home/airflow/.local/lib/python3.7/site-packages/airflow/example_dags/example_sla_dag.py for tasks to queue
[2023-01-27T00:15:16.199+0000] {logging_mixin.py:120} INFO - [2023-01-27T00:15:16.199+0000] {dagbag.py:537} INFO - Filling up the DagBag from /home/airflow/.local/lib/python3.7/site-packages/airflow/example_dags/example_sla_dag.py
[2023-01-27T00:15:16.214+0000] {processor.py:766} INFO - DAG(s) dict_keys(['example_sla_dag']) retrieved from /home/airflow/.local/lib/python3.7/site-packages/airflow/example_dags/example_sla_dag.py
[2023-01-27T00:15:16.239+0000] {logging_mixin.py:120} INFO - [2023-01-27T00:15:16.239+0000] {dag.py:2585} INFO - Sync 1 DAGs
[2023-01-27T00:15:16.259+0000] {logging_mixin.py:120} INFO - [2023-01-27T00:15:16.258+0000] {dag.py:3340} INFO - Setting next_dagrun for example_sla_dag to 2023-01-27T00:12:00+00:00, run_after=2023-01-27T00:14:00+00:00
[2023-01-27T00:15:16.271+0000] {processor.py:176} INFO - Processing /home/airflow/.local/lib/python3.7/site-packages/airflow/example_dags/example_sla_dag.py took 0.075 seconds
[2023-01-27T00:15:46.452+0000] {processor.py:154} INFO - Started process (PID=3977) to work on /home/airflow/.local/lib/python3.7/site-packages/airflow/example_dags/example_sla_dag.py
[2023-01-27T00:15:46.453+0000] {processor.py:756} INFO - Processing file /home/airflow/.local/lib/python3.7/site-packages/airflow/example_dags/example_sla_dag.py for tasks to queue
[2023-01-27T00:15:46.454+0000] {logging_mixin.py:120} INFO - [2023-01-27T00:15:46.453+0000] {dagbag.py:537} INFO - Filling up the DagBag from /home/airflow/.local/lib/python3.7/site-packages/airflow/example_dags/example_sla_dag.py
[2023-01-27T00:15:46.468+0000] {processor.py:766} INFO - DAG(s) dict_keys(['example_sla_dag']) retrieved from /home/airflow/.local/lib/python3.7/site-packages/airflow/example_dags/example_sla_dag.py
[2023-01-27T00:15:46.494+0000] {logging_mixin.py:120} INFO - [2023-01-27T00:15:46.494+0000] {dag.py:2585} INFO - Sync 1 DAGs
[2023-01-27T00:15:46.513+0000] {logging_mixin.py:120} INFO - [2023-01-27T00:15:46.513+0000] {dag.py:3340} INFO - Setting next_dagrun for example_sla_dag to 2023-01-27T00:12:00+00:00, run_after=2023-01-27T00:14:00+00:00
[2023-01-27T00:15:46.527+0000] {processor.py:176} INFO - Processing /home/airflow/.local/lib/python3.7/site-packages/airflow/example_dags/example_sla_dag.py took 0.076 seconds
[2023-01-27T00:16:17.162+0000] {processor.py:154} INFO - Started process (PID=4045) to work on /home/airflow/.local/lib/python3.7/site-packages/airflow/example_dags/example_sla_dag.py
[2023-01-27T00:16:17.163+0000] {processor.py:756} INFO - Processing file /home/airflow/.local/lib/python3.7/site-packages/airflow/example_dags/example_sla_dag.py for tasks to queue
[2023-01-27T00:16:17.164+0000] {logging_mixin.py:120} INFO - [2023-01-27T00:16:17.164+0000] {dagbag.py:537} INFO - Filling up the DagBag from /home/airflow/.local/lib/python3.7/site-packages/airflow/example_dags/example_sla_dag.py
[2023-01-27T00:16:17.178+0000] {processor.py:766} INFO - DAG(s) dict_keys(['example_sla_dag']) retrieved from /home/airflow/.local/lib/python3.7/site-packages/airflow/example_dags/example_sla_dag.py
[2023-01-27T00:16:17.202+0000] {logging_mixin.py:120} INFO - [2023-01-27T00:16:17.202+0000] {dag.py:2585} INFO - Sync 1 DAGs
[2023-01-27T00:16:17.222+0000] {logging_mixin.py:120} INFO - [2023-01-27T00:16:17.222+0000] {dag.py:3340} INFO - Setting next_dagrun for example_sla_dag to 2023-01-27T00:14:00+00:00, run_after=2023-01-27T00:16:00+00:00
[2023-01-27T00:16:17.236+0000] {processor.py:176} INFO - Processing /home/airflow/.local/lib/python3.7/site-packages/airflow/example_dags/example_sla_dag.py took 0.076 seconds
[2023-01-27T00:16:48.176+0000] {processor.py:154} INFO - Started process (PID=4104) to work on /home/airflow/.local/lib/python3.7/site-packages/airflow/example_dags/example_sla_dag.py
[2023-01-27T00:16:48.178+0000] {processor.py:756} INFO - Processing file /home/airflow/.local/lib/python3.7/site-packages/airflow/example_dags/example_sla_dag.py for tasks to queue
[2023-01-27T00:16:48.179+0000] {logging_mixin.py:120} INFO - [2023-01-27T00:16:48.179+0000] {dagbag.py:537} INFO - Filling up the DagBag from /home/airflow/.local/lib/python3.7/site-packages/airflow/example_dags/example_sla_dag.py
[2023-01-27T00:16:48.193+0000] {processor.py:766} INFO - DAG(s) dict_keys(['example_sla_dag']) retrieved from /home/airflow/.local/lib/python3.7/site-packages/airflow/example_dags/example_sla_dag.py
[2023-01-27T00:16:48.207+0000] {logging_mixin.py:120} INFO - [2023-01-27T00:16:48.207+0000] {dag.py:2585} INFO - Sync 1 DAGs
[2023-01-27T00:16:48.227+0000] {logging_mixin.py:120} INFO - [2023-01-27T00:16:48.227+0000] {dag.py:3340} INFO - Setting next_dagrun for example_sla_dag to 2023-01-27T00:14:00+00:00, run_after=2023-01-27T00:16:00+00:00
[2023-01-27T00:16:48.239+0000] {processor.py:176} INFO - Processing /home/airflow/.local/lib/python3.7/site-packages/airflow/example_dags/example_sla_dag.py took 0.065 seconds
[2023-01-27T00:17:18.650+0000] {processor.py:154} INFO - Started process (PID=4171) to work on /home/airflow/.local/lib/python3.7/site-packages/airflow/example_dags/example_sla_dag.py
[2023-01-27T00:17:18.652+0000] {processor.py:756} INFO - Processing file /home/airflow/.local/lib/python3.7/site-packages/airflow/example_dags/example_sla_dag.py for tasks to queue
[2023-01-27T00:17:18.653+0000] {logging_mixin.py:120} INFO - [2023-01-27T00:17:18.653+0000] {dagbag.py:537} INFO - Filling up the DagBag from /home/airflow/.local/lib/python3.7/site-packages/airflow/example_dags/example_sla_dag.py
[2023-01-27T00:17:18.672+0000] {processor.py:766} INFO - DAG(s) dict_keys(['example_sla_dag']) retrieved from /home/airflow/.local/lib/python3.7/site-packages/airflow/example_dags/example_sla_dag.py
[2023-01-27T00:17:18.695+0000] {logging_mixin.py:120} INFO - [2023-01-27T00:17:18.695+0000] {dag.py:2585} INFO - Sync 1 DAGs
[2023-01-27T00:17:18.713+0000] {logging_mixin.py:120} INFO - [2023-01-27T00:17:18.713+0000] {dag.py:3340} INFO - Setting next_dagrun for example_sla_dag to 2023-01-27T00:14:00+00:00, run_after=2023-01-27T00:16:00+00:00
[2023-01-27T00:17:18.724+0000] {processor.py:176} INFO - Processing /home/airflow/.local/lib/python3.7/site-packages/airflow/example_dags/example_sla_dag.py took 0.078 seconds
[2023-01-27T00:17:49.014+0000] {processor.py:154} INFO - Started process (PID=4240) to work on /home/airflow/.local/lib/python3.7/site-packages/airflow/example_dags/example_sla_dag.py
[2023-01-27T00:17:49.017+0000] {processor.py:756} INFO - Processing file /home/airflow/.local/lib/python3.7/site-packages/airflow/example_dags/example_sla_dag.py for tasks to queue
[2023-01-27T00:17:49.017+0000] {logging_mixin.py:120} INFO - [2023-01-27T00:17:49.017+0000] {dagbag.py:537} INFO - Filling up the DagBag from /home/airflow/.local/lib/python3.7/site-packages/airflow/example_dags/example_sla_dag.py
[2023-01-27T00:17:49.035+0000] {processor.py:766} INFO - DAG(s) dict_keys(['example_sla_dag']) retrieved from /home/airflow/.local/lib/python3.7/site-packages/airflow/example_dags/example_sla_dag.py
[2023-01-27T00:17:49.063+0000] {logging_mixin.py:120} INFO - [2023-01-27T00:17:49.063+0000] {dag.py:2585} INFO - Sync 1 DAGs
[2023-01-27T00:17:49.083+0000] {logging_mixin.py:120} INFO - [2023-01-27T00:17:49.083+0000] {dag.py:3340} INFO - Setting next_dagrun for example_sla_dag to 2023-01-27T00:14:00+00:00, run_after=2023-01-27T00:16:00+00:00
[2023-01-27T00:17:49.095+0000] {processor.py:176} INFO - Processing /home/airflow/.local/lib/python3.7/site-packages/airflow/example_dags/example_sla_dag.py took 0.084 seconds
[2023-01-27T00:18:19.306+0000] {processor.py:154} INFO - Started process (PID=4309) to work on /home/airflow/.local/lib/python3.7/site-packages/airflow/example_dags/example_sla_dag.py
[2023-01-27T00:18:19.308+0000] {processor.py:756} INFO - Processing file /home/airflow/.local/lib/python3.7/site-packages/airflow/example_dags/example_sla_dag.py for tasks to queue
[2023-01-27T00:18:19.309+0000] {logging_mixin.py:120} INFO - [2023-01-27T00:18:19.309+0000] {dagbag.py:537} INFO - Filling up the DagBag from /home/airflow/.local/lib/python3.7/site-packages/airflow/example_dags/example_sla_dag.py
[2023-01-27T00:18:19.326+0000] {processor.py:766} INFO - DAG(s) dict_keys(['example_sla_dag']) retrieved from /home/airflow/.local/lib/python3.7/site-packages/airflow/example_dags/example_sla_dag.py
[2023-01-27T00:18:19.350+0000] {logging_mixin.py:120} INFO - [2023-01-27T00:18:19.350+0000] {dag.py:2585} INFO - Sync 1 DAGs
[2023-01-27T00:18:19.371+0000] {logging_mixin.py:120} INFO - [2023-01-27T00:18:19.371+0000] {dag.py:3340} INFO - Setting next_dagrun for example_sla_dag to 2023-01-27T00:16:00+00:00, run_after=2023-01-27T00:18:00+00:00
[2023-01-27T00:18:19.383+0000] {processor.py:176} INFO - Processing /home/airflow/.local/lib/python3.7/site-packages/airflow/example_dags/example_sla_dag.py took 0.081 seconds
[2023-01-27T00:18:49.533+0000] {processor.py:154} INFO - Started process (PID=4368) to work on /home/airflow/.local/lib/python3.7/site-packages/airflow/example_dags/example_sla_dag.py
[2023-01-27T00:18:49.535+0000] {processor.py:756} INFO - Processing file /home/airflow/.local/lib/python3.7/site-packages/airflow/example_dags/example_sla_dag.py for tasks to queue
[2023-01-27T00:18:49.536+0000] {logging_mixin.py:120} INFO - [2023-01-27T00:18:49.536+0000] {dagbag.py:537} INFO - Filling up the DagBag from /home/airflow/.local/lib/python3.7/site-packages/airflow/example_dags/example_sla_dag.py
[2023-01-27T00:18:49.553+0000] {processor.py:766} INFO - DAG(s) dict_keys(['example_sla_dag']) retrieved from /home/airflow/.local/lib/python3.7/site-packages/airflow/example_dags/example_sla_dag.py
[2023-01-27T00:18:49.582+0000] {logging_mixin.py:120} INFO - [2023-01-27T00:18:49.582+0000] {dag.py:2585} INFO - Sync 1 DAGs
[2023-01-27T00:18:49.601+0000] {logging_mixin.py:120} INFO - [2023-01-27T00:18:49.601+0000] {dag.py:3340} INFO - Setting next_dagrun for example_sla_dag to 2023-01-27T00:16:00+00:00, run_after=2023-01-27T00:18:00+00:00
[2023-01-27T00:18:49.613+0000] {processor.py:176} INFO - Processing /home/airflow/.local/lib/python3.7/site-packages/airflow/example_dags/example_sla_dag.py took 0.083 seconds
[2023-01-27T00:19:19.713+0000] {processor.py:154} INFO - Started process (PID=4436) to work on /home/airflow/.local/lib/python3.7/site-packages/airflow/example_dags/example_sla_dag.py
[2023-01-27T00:19:19.714+0000] {processor.py:756} INFO - Processing file /home/airflow/.local/lib/python3.7/site-packages/airflow/example_dags/example_sla_dag.py for tasks to queue
[2023-01-27T00:19:19.715+0000] {logging_mixin.py:120} INFO - [2023-01-27T00:19:19.715+0000] {dagbag.py:537} INFO - Filling up the DagBag from /home/airflow/.local/lib/python3.7/site-packages/airflow/example_dags/example_sla_dag.py
[2023-01-27T00:19:19.733+0000] {processor.py:766} INFO - DAG(s) dict_keys(['example_sla_dag']) retrieved from /home/airflow/.local/lib/python3.7/site-packages/airflow/example_dags/example_sla_dag.py
[2023-01-27T00:19:19.757+0000] {logging_mixin.py:120} INFO - [2023-01-27T00:19:19.757+0000] {dag.py:2585} INFO - Sync 1 DAGs
[2023-01-27T00:19:19.776+0000] {logging_mixin.py:120} INFO - [2023-01-27T00:19:19.775+0000] {dag.py:3340} INFO - Setting next_dagrun for example_sla_dag to 2023-01-27T00:16:00+00:00, run_after=2023-01-27T00:18:00+00:00
[2023-01-27T00:19:19.787+0000] {processor.py:176} INFO - Processing /home/airflow/.local/lib/python3.7/site-packages/airflow/example_dags/example_sla_dag.py took 0.078 seconds
[2023-01-27T00:19:50.064+0000] {processor.py:154} INFO - Started process (PID=4504) to work on /home/airflow/.local/lib/python3.7/site-packages/airflow/example_dags/example_sla_dag.py
[2023-01-27T00:19:50.066+0000] {processor.py:756} INFO - Processing file /home/airflow/.local/lib/python3.7/site-packages/airflow/example_dags/example_sla_dag.py for tasks to queue
[2023-01-27T00:19:50.067+0000] {logging_mixin.py:120} INFO - [2023-01-27T00:19:50.066+0000] {dagbag.py:537} INFO - Filling up the DagBag from /home/airflow/.local/lib/python3.7/site-packages/airflow/example_dags/example_sla_dag.py
[2023-01-27T00:19:50.081+0000] {processor.py:766} INFO - DAG(s) dict_keys(['example_sla_dag']) retrieved from /home/airflow/.local/lib/python3.7/site-packages/airflow/example_dags/example_sla_dag.py
[2023-01-27T00:19:50.104+0000] {logging_mixin.py:120} INFO - [2023-01-27T00:19:50.104+0000] {dag.py:2585} INFO - Sync 1 DAGs
[2023-01-27T00:19:50.123+0000] {logging_mixin.py:120} INFO - [2023-01-27T00:19:50.123+0000] {dag.py:3340} INFO - Setting next_dagrun for example_sla_dag to 2023-01-27T00:16:00+00:00, run_after=2023-01-27T00:18:00+00:00
[2023-01-27T00:19:50.135+0000] {processor.py:176} INFO - Processing /home/airflow/.local/lib/python3.7/site-packages/airflow/example_dags/example_sla_dag.py took 0.075 seconds
[2023-01-27T00:20:20.405+0000] {processor.py:154} INFO - Started process (PID=4572) to work on /home/airflow/.local/lib/python3.7/site-packages/airflow/example_dags/example_sla_dag.py
[2023-01-27T00:20:20.406+0000] {processor.py:756} INFO - Processing file /home/airflow/.local/lib/python3.7/site-packages/airflow/example_dags/example_sla_dag.py for tasks to queue
[2023-01-27T00:20:20.406+0000] {logging_mixin.py:120} INFO - [2023-01-27T00:20:20.406+0000] {dagbag.py:537} INFO - Filling up the DagBag from /home/airflow/.local/lib/python3.7/site-packages/airflow/example_dags/example_sla_dag.py
[2023-01-27T00:20:20.419+0000] {processor.py:766} INFO - DAG(s) dict_keys(['example_sla_dag']) retrieved from /home/airflow/.local/lib/python3.7/site-packages/airflow/example_dags/example_sla_dag.py
[2023-01-27T00:20:20.447+0000] {logging_mixin.py:120} INFO - [2023-01-27T00:20:20.447+0000] {dag.py:2585} INFO - Sync 1 DAGs
[2023-01-27T00:20:20.471+0000] {logging_mixin.py:120} INFO - [2023-01-27T00:20:20.471+0000] {dag.py:3340} INFO - Setting next_dagrun for example_sla_dag to 2023-01-27T00:18:00+00:00, run_after=2023-01-27T00:20:00+00:00
[2023-01-27T00:20:20.488+0000] {processor.py:176} INFO - Processing /home/airflow/.local/lib/python3.7/site-packages/airflow/example_dags/example_sla_dag.py took 0.086 seconds
[2023-01-27T00:20:50.507+0000] {processor.py:154} INFO - Started process (PID=4640) to work on /home/airflow/.local/lib/python3.7/site-packages/airflow/example_dags/example_sla_dag.py
[2023-01-27T00:20:50.508+0000] {processor.py:756} INFO - Processing file /home/airflow/.local/lib/python3.7/site-packages/airflow/example_dags/example_sla_dag.py for tasks to queue
[2023-01-27T00:20:50.508+0000] {logging_mixin.py:120} INFO - [2023-01-27T00:20:50.508+0000] {dagbag.py:537} INFO - Filling up the DagBag from /home/airflow/.local/lib/python3.7/site-packages/airflow/example_dags/example_sla_dag.py
[2023-01-27T00:20:50.526+0000] {processor.py:766} INFO - DAG(s) dict_keys(['example_sla_dag']) retrieved from /home/airflow/.local/lib/python3.7/site-packages/airflow/example_dags/example_sla_dag.py
[2023-01-27T00:20:50.557+0000] {logging_mixin.py:120} INFO - [2023-01-27T00:20:50.556+0000] {dag.py:2585} INFO - Sync 1 DAGs
[2023-01-27T00:20:50.579+0000] {logging_mixin.py:120} INFO - [2023-01-27T00:20:50.579+0000] {dag.py:3340} INFO - Setting next_dagrun for example_sla_dag to 2023-01-27T00:18:00+00:00, run_after=2023-01-27T00:20:00+00:00
[2023-01-27T00:20:50.594+0000] {processor.py:176} INFO - Processing /home/airflow/.local/lib/python3.7/site-packages/airflow/example_dags/example_sla_dag.py took 0.088 seconds
