[2023-01-27T00:00:06.791+0000] {processor.py:154} INFO - Started process (PID=1929) to work on /home/airflow/.local/lib/python3.7/site-packages/airflow/example_dags/example_branch_python_dop_operator_3.py
[2023-01-27T00:00:06.792+0000] {processor.py:756} INFO - Processing file /home/airflow/.local/lib/python3.7/site-packages/airflow/example_dags/example_branch_python_dop_operator_3.py for tasks to queue
[2023-01-27T00:00:06.792+0000] {logging_mixin.py:120} INFO - [2023-01-27T00:00:06.792+0000] {dagbag.py:537} INFO - Filling up the DagBag from /home/airflow/.local/lib/python3.7/site-packages/airflow/example_dags/example_branch_python_dop_operator_3.py
[2023-01-27T00:00:06.807+0000] {processor.py:766} INFO - DAG(s) dict_keys(['example_branch_dop_operator_v3']) retrieved from /home/airflow/.local/lib/python3.7/site-packages/airflow/example_dags/example_branch_python_dop_operator_3.py
[2023-01-27T00:00:06.831+0000] {logging_mixin.py:120} INFO - [2023-01-27T00:00:06.831+0000] {dag.py:2585} INFO - Sync 1 DAGs
[2023-01-27T00:00:06.852+0000] {logging_mixin.py:120} INFO - [2023-01-27T00:00:06.852+0000] {dag.py:3340} INFO - Setting next_dagrun for example_branch_dop_operator_v3 to 2023-01-26T23:59:00+00:00, run_after=2023-01-27T00:00:00+00:00
[2023-01-27T00:00:06.865+0000] {processor.py:176} INFO - Processing /home/airflow/.local/lib/python3.7/site-packages/airflow/example_dags/example_branch_python_dop_operator_3.py took 0.075 seconds
[2023-01-27T00:00:37.062+0000] {processor.py:154} INFO - Started process (PID=1997) to work on /home/airflow/.local/lib/python3.7/site-packages/airflow/example_dags/example_branch_python_dop_operator_3.py
[2023-01-27T00:00:37.063+0000] {processor.py:756} INFO - Processing file /home/airflow/.local/lib/python3.7/site-packages/airflow/example_dags/example_branch_python_dop_operator_3.py for tasks to queue
[2023-01-27T00:00:37.064+0000] {logging_mixin.py:120} INFO - [2023-01-27T00:00:37.064+0000] {dagbag.py:537} INFO - Filling up the DagBag from /home/airflow/.local/lib/python3.7/site-packages/airflow/example_dags/example_branch_python_dop_operator_3.py
[2023-01-27T00:00:37.078+0000] {processor.py:766} INFO - DAG(s) dict_keys(['example_branch_dop_operator_v3']) retrieved from /home/airflow/.local/lib/python3.7/site-packages/airflow/example_dags/example_branch_python_dop_operator_3.py
[2023-01-27T00:00:37.103+0000] {logging_mixin.py:120} INFO - [2023-01-27T00:00:37.103+0000] {dag.py:2585} INFO - Sync 1 DAGs
[2023-01-27T00:00:37.122+0000] {logging_mixin.py:120} INFO - [2023-01-27T00:00:37.122+0000] {dag.py:3340} INFO - Setting next_dagrun for example_branch_dop_operator_v3 to 2023-01-26T23:59:00+00:00, run_after=2023-01-27T00:00:00+00:00
[2023-01-27T00:00:37.135+0000] {processor.py:176} INFO - Processing /home/airflow/.local/lib/python3.7/site-packages/airflow/example_dags/example_branch_python_dop_operator_3.py took 0.074 seconds
[2023-01-27T00:01:07.317+0000] {processor.py:154} INFO - Started process (PID=2056) to work on /home/airflow/.local/lib/python3.7/site-packages/airflow/example_dags/example_branch_python_dop_operator_3.py
[2023-01-27T00:01:07.318+0000] {processor.py:756} INFO - Processing file /home/airflow/.local/lib/python3.7/site-packages/airflow/example_dags/example_branch_python_dop_operator_3.py for tasks to queue
[2023-01-27T00:01:07.318+0000] {logging_mixin.py:120} INFO - [2023-01-27T00:01:07.318+0000] {dagbag.py:537} INFO - Filling up the DagBag from /home/airflow/.local/lib/python3.7/site-packages/airflow/example_dags/example_branch_python_dop_operator_3.py
[2023-01-27T00:01:07.333+0000] {processor.py:766} INFO - DAG(s) dict_keys(['example_branch_dop_operator_v3']) retrieved from /home/airflow/.local/lib/python3.7/site-packages/airflow/example_dags/example_branch_python_dop_operator_3.py
[2023-01-27T00:01:07.357+0000] {logging_mixin.py:120} INFO - [2023-01-27T00:01:07.357+0000] {dag.py:2585} INFO - Sync 1 DAGs
[2023-01-27T00:01:07.378+0000] {logging_mixin.py:120} INFO - [2023-01-27T00:01:07.378+0000] {dag.py:3340} INFO - Setting next_dagrun for example_branch_dop_operator_v3 to 2023-01-27T00:00:00+00:00, run_after=2023-01-27T00:01:00+00:00
[2023-01-27T00:01:07.391+0000] {processor.py:176} INFO - Processing /home/airflow/.local/lib/python3.7/site-packages/airflow/example_dags/example_branch_python_dop_operator_3.py took 0.076 seconds
[2023-01-27T00:01:37.615+0000] {processor.py:154} INFO - Started process (PID=2123) to work on /home/airflow/.local/lib/python3.7/site-packages/airflow/example_dags/example_branch_python_dop_operator_3.py
[2023-01-27T00:01:37.616+0000] {processor.py:756} INFO - Processing file /home/airflow/.local/lib/python3.7/site-packages/airflow/example_dags/example_branch_python_dop_operator_3.py for tasks to queue
[2023-01-27T00:01:37.616+0000] {logging_mixin.py:120} INFO - [2023-01-27T00:01:37.616+0000] {dagbag.py:537} INFO - Filling up the DagBag from /home/airflow/.local/lib/python3.7/site-packages/airflow/example_dags/example_branch_python_dop_operator_3.py
[2023-01-27T00:01:37.630+0000] {processor.py:766} INFO - DAG(s) dict_keys(['example_branch_dop_operator_v3']) retrieved from /home/airflow/.local/lib/python3.7/site-packages/airflow/example_dags/example_branch_python_dop_operator_3.py
[2023-01-27T00:01:37.655+0000] {logging_mixin.py:120} INFO - [2023-01-27T00:01:37.655+0000] {dag.py:2585} INFO - Sync 1 DAGs
[2023-01-27T00:01:37.675+0000] {logging_mixin.py:120} INFO - [2023-01-27T00:01:37.675+0000] {dag.py:3340} INFO - Setting next_dagrun for example_branch_dop_operator_v3 to 2023-01-27T00:00:00+00:00, run_after=2023-01-27T00:01:00+00:00
[2023-01-27T00:01:37.687+0000] {processor.py:176} INFO - Processing /home/airflow/.local/lib/python3.7/site-packages/airflow/example_dags/example_branch_python_dop_operator_3.py took 0.074 seconds
[2023-01-27T00:02:07.744+0000] {processor.py:154} INFO - Started process (PID=2191) to work on /home/airflow/.local/lib/python3.7/site-packages/airflow/example_dags/example_branch_python_dop_operator_3.py
[2023-01-27T00:02:07.745+0000] {processor.py:756} INFO - Processing file /home/airflow/.local/lib/python3.7/site-packages/airflow/example_dags/example_branch_python_dop_operator_3.py for tasks to queue
[2023-01-27T00:02:07.745+0000] {logging_mixin.py:120} INFO - [2023-01-27T00:02:07.745+0000] {dagbag.py:537} INFO - Filling up the DagBag from /home/airflow/.local/lib/python3.7/site-packages/airflow/example_dags/example_branch_python_dop_operator_3.py
[2023-01-27T00:02:07.759+0000] {processor.py:766} INFO - DAG(s) dict_keys(['example_branch_dop_operator_v3']) retrieved from /home/airflow/.local/lib/python3.7/site-packages/airflow/example_dags/example_branch_python_dop_operator_3.py
[2023-01-27T00:02:07.782+0000] {logging_mixin.py:120} INFO - [2023-01-27T00:02:07.782+0000] {dag.py:2585} INFO - Sync 1 DAGs
[2023-01-27T00:02:07.802+0000] {logging_mixin.py:120} INFO - [2023-01-27T00:02:07.802+0000] {dag.py:3340} INFO - Setting next_dagrun for example_branch_dop_operator_v3 to 2023-01-27T00:01:00+00:00, run_after=2023-01-27T00:02:00+00:00
[2023-01-27T00:02:07.816+0000] {processor.py:176} INFO - Processing /home/airflow/.local/lib/python3.7/site-packages/airflow/example_dags/example_branch_python_dop_operator_3.py took 0.074 seconds
[2023-01-27T00:02:38.103+0000] {processor.py:154} INFO - Started process (PID=2259) to work on /home/airflow/.local/lib/python3.7/site-packages/airflow/example_dags/example_branch_python_dop_operator_3.py
[2023-01-27T00:02:38.104+0000] {processor.py:756} INFO - Processing file /home/airflow/.local/lib/python3.7/site-packages/airflow/example_dags/example_branch_python_dop_operator_3.py for tasks to queue
[2023-01-27T00:02:38.104+0000] {logging_mixin.py:120} INFO - [2023-01-27T00:02:38.104+0000] {dagbag.py:537} INFO - Filling up the DagBag from /home/airflow/.local/lib/python3.7/site-packages/airflow/example_dags/example_branch_python_dop_operator_3.py
[2023-01-27T00:02:38.120+0000] {processor.py:766} INFO - DAG(s) dict_keys(['example_branch_dop_operator_v3']) retrieved from /home/airflow/.local/lib/python3.7/site-packages/airflow/example_dags/example_branch_python_dop_operator_3.py
[2023-01-27T00:02:38.146+0000] {logging_mixin.py:120} INFO - [2023-01-27T00:02:38.146+0000] {dag.py:2585} INFO - Sync 1 DAGs
[2023-01-27T00:02:38.167+0000] {logging_mixin.py:120} INFO - [2023-01-27T00:02:38.167+0000] {dag.py:3340} INFO - Setting next_dagrun for example_branch_dop_operator_v3 to 2023-01-27T00:01:00+00:00, run_after=2023-01-27T00:02:00+00:00
[2023-01-27T00:02:38.183+0000] {processor.py:176} INFO - Processing /home/airflow/.local/lib/python3.7/site-packages/airflow/example_dags/example_branch_python_dop_operator_3.py took 0.081 seconds
[2023-01-27T00:03:08.411+0000] {processor.py:154} INFO - Started process (PID=2318) to work on /home/airflow/.local/lib/python3.7/site-packages/airflow/example_dags/example_branch_python_dop_operator_3.py
[2023-01-27T00:03:08.412+0000] {processor.py:756} INFO - Processing file /home/airflow/.local/lib/python3.7/site-packages/airflow/example_dags/example_branch_python_dop_operator_3.py for tasks to queue
[2023-01-27T00:03:08.412+0000] {logging_mixin.py:120} INFO - [2023-01-27T00:03:08.412+0000] {dagbag.py:537} INFO - Filling up the DagBag from /home/airflow/.local/lib/python3.7/site-packages/airflow/example_dags/example_branch_python_dop_operator_3.py
[2023-01-27T00:03:08.429+0000] {processor.py:766} INFO - DAG(s) dict_keys(['example_branch_dop_operator_v3']) retrieved from /home/airflow/.local/lib/python3.7/site-packages/airflow/example_dags/example_branch_python_dop_operator_3.py
[2023-01-27T00:03:08.492+0000] {logging_mixin.py:120} INFO - [2023-01-27T00:03:08.492+0000] {dag.py:2585} INFO - Sync 1 DAGs
[2023-01-27T00:03:08.514+0000] {logging_mixin.py:120} INFO - [2023-01-27T00:03:08.514+0000] {dag.py:3340} INFO - Setting next_dagrun for example_branch_dop_operator_v3 to 2023-01-27T00:02:00+00:00, run_after=2023-01-27T00:03:00+00:00
[2023-01-27T00:03:08.527+0000] {processor.py:176} INFO - Processing /home/airflow/.local/lib/python3.7/site-packages/airflow/example_dags/example_branch_python_dop_operator_3.py took 0.117 seconds
[2023-01-27T00:03:38.789+0000] {processor.py:154} INFO - Started process (PID=2386) to work on /home/airflow/.local/lib/python3.7/site-packages/airflow/example_dags/example_branch_python_dop_operator_3.py
[2023-01-27T00:03:38.790+0000] {processor.py:756} INFO - Processing file /home/airflow/.local/lib/python3.7/site-packages/airflow/example_dags/example_branch_python_dop_operator_3.py for tasks to queue
[2023-01-27T00:03:38.790+0000] {logging_mixin.py:120} INFO - [2023-01-27T00:03:38.790+0000] {dagbag.py:537} INFO - Filling up the DagBag from /home/airflow/.local/lib/python3.7/site-packages/airflow/example_dags/example_branch_python_dop_operator_3.py
[2023-01-27T00:03:38.804+0000] {processor.py:766} INFO - DAG(s) dict_keys(['example_branch_dop_operator_v3']) retrieved from /home/airflow/.local/lib/python3.7/site-packages/airflow/example_dags/example_branch_python_dop_operator_3.py
[2023-01-27T00:03:38.830+0000] {logging_mixin.py:120} INFO - [2023-01-27T00:03:38.830+0000] {dag.py:2585} INFO - Sync 1 DAGs
[2023-01-27T00:03:38.850+0000] {logging_mixin.py:120} INFO - [2023-01-27T00:03:38.850+0000] {dag.py:3340} INFO - Setting next_dagrun for example_branch_dop_operator_v3 to 2023-01-27T00:02:00+00:00, run_after=2023-01-27T00:03:00+00:00
[2023-01-27T00:03:38.863+0000] {processor.py:176} INFO - Processing /home/airflow/.local/lib/python3.7/site-packages/airflow/example_dags/example_branch_python_dop_operator_3.py took 0.077 seconds
[2023-01-27T00:04:08.976+0000] {processor.py:154} INFO - Started process (PID=2454) to work on /home/airflow/.local/lib/python3.7/site-packages/airflow/example_dags/example_branch_python_dop_operator_3.py
[2023-01-27T00:04:08.977+0000] {processor.py:756} INFO - Processing file /home/airflow/.local/lib/python3.7/site-packages/airflow/example_dags/example_branch_python_dop_operator_3.py for tasks to queue
[2023-01-27T00:04:08.978+0000] {logging_mixin.py:120} INFO - [2023-01-27T00:04:08.978+0000] {dagbag.py:537} INFO - Filling up the DagBag from /home/airflow/.local/lib/python3.7/site-packages/airflow/example_dags/example_branch_python_dop_operator_3.py
[2023-01-27T00:04:08.993+0000] {processor.py:766} INFO - DAG(s) dict_keys(['example_branch_dop_operator_v3']) retrieved from /home/airflow/.local/lib/python3.7/site-packages/airflow/example_dags/example_branch_python_dop_operator_3.py
[2023-01-27T00:04:09.019+0000] {logging_mixin.py:120} INFO - [2023-01-27T00:04:09.018+0000] {dag.py:2585} INFO - Sync 1 DAGs
[2023-01-27T00:04:09.038+0000] {logging_mixin.py:120} INFO - [2023-01-27T00:04:09.038+0000] {dag.py:3340} INFO - Setting next_dagrun for example_branch_dop_operator_v3 to 2023-01-27T00:03:00+00:00, run_after=2023-01-27T00:04:00+00:00
[2023-01-27T00:04:09.051+0000] {processor.py:176} INFO - Processing /home/airflow/.local/lib/python3.7/site-packages/airflow/example_dags/example_branch_python_dop_operator_3.py took 0.076 seconds
[2023-01-27T00:04:39.556+0000] {processor.py:154} INFO - Started process (PID=2522) to work on /home/airflow/.local/lib/python3.7/site-packages/airflow/example_dags/example_branch_python_dop_operator_3.py
[2023-01-27T00:04:39.557+0000] {processor.py:756} INFO - Processing file /home/airflow/.local/lib/python3.7/site-packages/airflow/example_dags/example_branch_python_dop_operator_3.py for tasks to queue
[2023-01-27T00:04:39.557+0000] {logging_mixin.py:120} INFO - [2023-01-27T00:04:39.557+0000] {dagbag.py:537} INFO - Filling up the DagBag from /home/airflow/.local/lib/python3.7/site-packages/airflow/example_dags/example_branch_python_dop_operator_3.py
[2023-01-27T00:04:39.572+0000] {processor.py:766} INFO - DAG(s) dict_keys(['example_branch_dop_operator_v3']) retrieved from /home/airflow/.local/lib/python3.7/site-packages/airflow/example_dags/example_branch_python_dop_operator_3.py
[2023-01-27T00:04:39.600+0000] {logging_mixin.py:120} INFO - [2023-01-27T00:04:39.600+0000] {dag.py:2585} INFO - Sync 1 DAGs
[2023-01-27T00:04:39.627+0000] {logging_mixin.py:120} INFO - [2023-01-27T00:04:39.627+0000] {dag.py:3340} INFO - Setting next_dagrun for example_branch_dop_operator_v3 to 2023-01-27T00:03:00+00:00, run_after=2023-01-27T00:04:00+00:00
[2023-01-27T00:04:39.644+0000] {processor.py:176} INFO - Processing /home/airflow/.local/lib/python3.7/site-packages/airflow/example_dags/example_branch_python_dop_operator_3.py took 0.090 seconds
[2023-01-27T00:05:09.904+0000] {processor.py:154} INFO - Started process (PID=2590) to work on /home/airflow/.local/lib/python3.7/site-packages/airflow/example_dags/example_branch_python_dop_operator_3.py
[2023-01-27T00:05:09.904+0000] {processor.py:756} INFO - Processing file /home/airflow/.local/lib/python3.7/site-packages/airflow/example_dags/example_branch_python_dop_operator_3.py for tasks to queue
[2023-01-27T00:05:09.904+0000] {logging_mixin.py:120} INFO - [2023-01-27T00:05:09.904+0000] {dagbag.py:537} INFO - Filling up the DagBag from /home/airflow/.local/lib/python3.7/site-packages/airflow/example_dags/example_branch_python_dop_operator_3.py
[2023-01-27T00:05:09.919+0000] {processor.py:766} INFO - DAG(s) dict_keys(['example_branch_dop_operator_v3']) retrieved from /home/airflow/.local/lib/python3.7/site-packages/airflow/example_dags/example_branch_python_dop_operator_3.py
[2023-01-27T00:05:09.942+0000] {logging_mixin.py:120} INFO - [2023-01-27T00:05:09.942+0000] {dag.py:2585} INFO - Sync 1 DAGs
[2023-01-27T00:05:09.963+0000] {logging_mixin.py:120} INFO - [2023-01-27T00:05:09.963+0000] {dag.py:3340} INFO - Setting next_dagrun for example_branch_dop_operator_v3 to 2023-01-27T00:04:00+00:00, run_after=2023-01-27T00:05:00+00:00
[2023-01-27T00:05:09.976+0000] {processor.py:176} INFO - Processing /home/airflow/.local/lib/python3.7/site-packages/airflow/example_dags/example_branch_python_dop_operator_3.py took 0.074 seconds
[2023-01-27T00:05:40.314+0000] {processor.py:154} INFO - Started process (PID=2649) to work on /home/airflow/.local/lib/python3.7/site-packages/airflow/example_dags/example_branch_python_dop_operator_3.py
[2023-01-27T00:05:40.315+0000] {processor.py:756} INFO - Processing file /home/airflow/.local/lib/python3.7/site-packages/airflow/example_dags/example_branch_python_dop_operator_3.py for tasks to queue
[2023-01-27T00:05:40.315+0000] {logging_mixin.py:120} INFO - [2023-01-27T00:05:40.315+0000] {dagbag.py:537} INFO - Filling up the DagBag from /home/airflow/.local/lib/python3.7/site-packages/airflow/example_dags/example_branch_python_dop_operator_3.py
[2023-01-27T00:05:40.330+0000] {processor.py:766} INFO - DAG(s) dict_keys(['example_branch_dop_operator_v3']) retrieved from /home/airflow/.local/lib/python3.7/site-packages/airflow/example_dags/example_branch_python_dop_operator_3.py
[2023-01-27T00:05:40.356+0000] {logging_mixin.py:120} INFO - [2023-01-27T00:05:40.356+0000] {dag.py:2585} INFO - Sync 1 DAGs
[2023-01-27T00:05:40.379+0000] {logging_mixin.py:120} INFO - [2023-01-27T00:05:40.379+0000] {dag.py:3340} INFO - Setting next_dagrun for example_branch_dop_operator_v3 to 2023-01-27T00:04:00+00:00, run_after=2023-01-27T00:05:00+00:00
[2023-01-27T00:05:40.392+0000] {processor.py:176} INFO - Processing /home/airflow/.local/lib/python3.7/site-packages/airflow/example_dags/example_branch_python_dop_operator_3.py took 0.080 seconds
[2023-01-27T00:06:10.618+0000] {processor.py:154} INFO - Started process (PID=2717) to work on /home/airflow/.local/lib/python3.7/site-packages/airflow/example_dags/example_branch_python_dop_operator_3.py
[2023-01-27T00:06:10.619+0000] {processor.py:756} INFO - Processing file /home/airflow/.local/lib/python3.7/site-packages/airflow/example_dags/example_branch_python_dop_operator_3.py for tasks to queue
[2023-01-27T00:06:10.619+0000] {logging_mixin.py:120} INFO - [2023-01-27T00:06:10.619+0000] {dagbag.py:537} INFO - Filling up the DagBag from /home/airflow/.local/lib/python3.7/site-packages/airflow/example_dags/example_branch_python_dop_operator_3.py
[2023-01-27T00:06:10.634+0000] {processor.py:766} INFO - DAG(s) dict_keys(['example_branch_dop_operator_v3']) retrieved from /home/airflow/.local/lib/python3.7/site-packages/airflow/example_dags/example_branch_python_dop_operator_3.py
[2023-01-27T00:06:10.662+0000] {logging_mixin.py:120} INFO - [2023-01-27T00:06:10.662+0000] {dag.py:2585} INFO - Sync 1 DAGs
[2023-01-27T00:06:10.686+0000] {logging_mixin.py:120} INFO - [2023-01-27T00:06:10.686+0000] {dag.py:3340} INFO - Setting next_dagrun for example_branch_dop_operator_v3 to 2023-01-27T00:05:00+00:00, run_after=2023-01-27T00:06:00+00:00
[2023-01-27T00:06:10.699+0000] {processor.py:176} INFO - Processing /home/airflow/.local/lib/python3.7/site-packages/airflow/example_dags/example_branch_python_dop_operator_3.py took 0.083 seconds
[2023-01-27T00:06:40.885+0000] {processor.py:154} INFO - Started process (PID=2786) to work on /home/airflow/.local/lib/python3.7/site-packages/airflow/example_dags/example_branch_python_dop_operator_3.py
[2023-01-27T00:06:40.886+0000] {processor.py:756} INFO - Processing file /home/airflow/.local/lib/python3.7/site-packages/airflow/example_dags/example_branch_python_dop_operator_3.py for tasks to queue
[2023-01-27T00:06:40.886+0000] {logging_mixin.py:120} INFO - [2023-01-27T00:06:40.886+0000] {dagbag.py:537} INFO - Filling up the DagBag from /home/airflow/.local/lib/python3.7/site-packages/airflow/example_dags/example_branch_python_dop_operator_3.py
[2023-01-27T00:06:40.901+0000] {processor.py:766} INFO - DAG(s) dict_keys(['example_branch_dop_operator_v3']) retrieved from /home/airflow/.local/lib/python3.7/site-packages/airflow/example_dags/example_branch_python_dop_operator_3.py
[2023-01-27T00:06:40.925+0000] {logging_mixin.py:120} INFO - [2023-01-27T00:06:40.925+0000] {dag.py:2585} INFO - Sync 1 DAGs
[2023-01-27T00:06:40.945+0000] {logging_mixin.py:120} INFO - [2023-01-27T00:06:40.945+0000] {dag.py:3340} INFO - Setting next_dagrun for example_branch_dop_operator_v3 to 2023-01-27T00:05:00+00:00, run_after=2023-01-27T00:06:00+00:00
[2023-01-27T00:06:40.958+0000] {processor.py:176} INFO - Processing /home/airflow/.local/lib/python3.7/site-packages/airflow/example_dags/example_branch_python_dop_operator_3.py took 0.074 seconds
[2023-01-27T00:07:11.116+0000] {processor.py:154} INFO - Started process (PID=2854) to work on /home/airflow/.local/lib/python3.7/site-packages/airflow/example_dags/example_branch_python_dop_operator_3.py
[2023-01-27T00:07:11.117+0000] {processor.py:756} INFO - Processing file /home/airflow/.local/lib/python3.7/site-packages/airflow/example_dags/example_branch_python_dop_operator_3.py for tasks to queue
[2023-01-27T00:07:11.117+0000] {logging_mixin.py:120} INFO - [2023-01-27T00:07:11.117+0000] {dagbag.py:537} INFO - Filling up the DagBag from /home/airflow/.local/lib/python3.7/site-packages/airflow/example_dags/example_branch_python_dop_operator_3.py
[2023-01-27T00:07:11.131+0000] {processor.py:766} INFO - DAG(s) dict_keys(['example_branch_dop_operator_v3']) retrieved from /home/airflow/.local/lib/python3.7/site-packages/airflow/example_dags/example_branch_python_dop_operator_3.py
[2023-01-27T00:07:11.156+0000] {logging_mixin.py:120} INFO - [2023-01-27T00:07:11.156+0000] {dag.py:2585} INFO - Sync 1 DAGs
[2023-01-27T00:07:11.177+0000] {logging_mixin.py:120} INFO - [2023-01-27T00:07:11.176+0000] {dag.py:3340} INFO - Setting next_dagrun for example_branch_dop_operator_v3 to 2023-01-27T00:06:00+00:00, run_after=2023-01-27T00:07:00+00:00
[2023-01-27T00:07:11.190+0000] {processor.py:176} INFO - Processing /home/airflow/.local/lib/python3.7/site-packages/airflow/example_dags/example_branch_python_dop_operator_3.py took 0.077 seconds
[2023-01-27T00:07:41.268+0000] {processor.py:154} INFO - Started process (PID=2913) to work on /home/airflow/.local/lib/python3.7/site-packages/airflow/example_dags/example_branch_python_dop_operator_3.py
[2023-01-27T00:07:41.269+0000] {processor.py:756} INFO - Processing file /home/airflow/.local/lib/python3.7/site-packages/airflow/example_dags/example_branch_python_dop_operator_3.py for tasks to queue
[2023-01-27T00:07:41.269+0000] {logging_mixin.py:120} INFO - [2023-01-27T00:07:41.269+0000] {dagbag.py:537} INFO - Filling up the DagBag from /home/airflow/.local/lib/python3.7/site-packages/airflow/example_dags/example_branch_python_dop_operator_3.py
[2023-01-27T00:07:41.283+0000] {processor.py:766} INFO - DAG(s) dict_keys(['example_branch_dop_operator_v3']) retrieved from /home/airflow/.local/lib/python3.7/site-packages/airflow/example_dags/example_branch_python_dop_operator_3.py
[2023-01-27T00:07:41.309+0000] {logging_mixin.py:120} INFO - [2023-01-27T00:07:41.309+0000] {dag.py:2585} INFO - Sync 1 DAGs
[2023-01-27T00:07:41.328+0000] {logging_mixin.py:120} INFO - [2023-01-27T00:07:41.328+0000] {dag.py:3340} INFO - Setting next_dagrun for example_branch_dop_operator_v3 to 2023-01-27T00:06:00+00:00, run_after=2023-01-27T00:07:00+00:00
[2023-01-27T00:07:41.341+0000] {processor.py:176} INFO - Processing /home/airflow/.local/lib/python3.7/site-packages/airflow/example_dags/example_branch_python_dop_operator_3.py took 0.074 seconds
[2023-01-27T00:08:11.432+0000] {processor.py:154} INFO - Started process (PID=2979) to work on /home/airflow/.local/lib/python3.7/site-packages/airflow/example_dags/example_branch_python_dop_operator_3.py
[2023-01-27T00:08:11.433+0000] {processor.py:756} INFO - Processing file /home/airflow/.local/lib/python3.7/site-packages/airflow/example_dags/example_branch_python_dop_operator_3.py for tasks to queue
[2023-01-27T00:08:11.434+0000] {logging_mixin.py:120} INFO - [2023-01-27T00:08:11.434+0000] {dagbag.py:537} INFO - Filling up the DagBag from /home/airflow/.local/lib/python3.7/site-packages/airflow/example_dags/example_branch_python_dop_operator_3.py
[2023-01-27T00:08:11.450+0000] {processor.py:766} INFO - DAG(s) dict_keys(['example_branch_dop_operator_v3']) retrieved from /home/airflow/.local/lib/python3.7/site-packages/airflow/example_dags/example_branch_python_dop_operator_3.py
[2023-01-27T00:08:11.474+0000] {logging_mixin.py:120} INFO - [2023-01-27T00:08:11.474+0000] {dag.py:2585} INFO - Sync 1 DAGs
[2023-01-27T00:08:11.493+0000] {logging_mixin.py:120} INFO - [2023-01-27T00:08:11.492+0000] {dag.py:3340} INFO - Setting next_dagrun for example_branch_dop_operator_v3 to 2023-01-27T00:07:00+00:00, run_after=2023-01-27T00:08:00+00:00
[2023-01-27T00:08:11.507+0000] {processor.py:176} INFO - Processing /home/airflow/.local/lib/python3.7/site-packages/airflow/example_dags/example_branch_python_dop_operator_3.py took 0.076 seconds
[2023-01-27T00:08:41.543+0000] {processor.py:154} INFO - Started process (PID=3046) to work on /home/airflow/.local/lib/python3.7/site-packages/airflow/example_dags/example_branch_python_dop_operator_3.py
[2023-01-27T00:08:41.544+0000] {processor.py:756} INFO - Processing file /home/airflow/.local/lib/python3.7/site-packages/airflow/example_dags/example_branch_python_dop_operator_3.py for tasks to queue
[2023-01-27T00:08:41.545+0000] {logging_mixin.py:120} INFO - [2023-01-27T00:08:41.544+0000] {dagbag.py:537} INFO - Filling up the DagBag from /home/airflow/.local/lib/python3.7/site-packages/airflow/example_dags/example_branch_python_dop_operator_3.py
[2023-01-27T00:08:41.558+0000] {processor.py:766} INFO - DAG(s) dict_keys(['example_branch_dop_operator_v3']) retrieved from /home/airflow/.local/lib/python3.7/site-packages/airflow/example_dags/example_branch_python_dop_operator_3.py
[2023-01-27T00:08:41.582+0000] {logging_mixin.py:120} INFO - [2023-01-27T00:08:41.582+0000] {dag.py:2585} INFO - Sync 1 DAGs
[2023-01-27T00:08:41.601+0000] {logging_mixin.py:120} INFO - [2023-01-27T00:08:41.601+0000] {dag.py:3340} INFO - Setting next_dagrun for example_branch_dop_operator_v3 to 2023-01-27T00:07:00+00:00, run_after=2023-01-27T00:08:00+00:00
[2023-01-27T00:08:41.614+0000] {processor.py:176} INFO - Processing /home/airflow/.local/lib/python3.7/site-packages/airflow/example_dags/example_branch_python_dop_operator_3.py took 0.072 seconds
[2023-01-27T00:09:11.844+0000] {processor.py:154} INFO - Started process (PID=3113) to work on /home/airflow/.local/lib/python3.7/site-packages/airflow/example_dags/example_branch_python_dop_operator_3.py
[2023-01-27T00:09:11.845+0000] {processor.py:756} INFO - Processing file /home/airflow/.local/lib/python3.7/site-packages/airflow/example_dags/example_branch_python_dop_operator_3.py for tasks to queue
[2023-01-27T00:09:11.846+0000] {logging_mixin.py:120} INFO - [2023-01-27T00:09:11.846+0000] {dagbag.py:537} INFO - Filling up the DagBag from /home/airflow/.local/lib/python3.7/site-packages/airflow/example_dags/example_branch_python_dop_operator_3.py
[2023-01-27T00:09:11.862+0000] {processor.py:766} INFO - DAG(s) dict_keys(['example_branch_dop_operator_v3']) retrieved from /home/airflow/.local/lib/python3.7/site-packages/airflow/example_dags/example_branch_python_dop_operator_3.py
[2023-01-27T00:09:11.887+0000] {logging_mixin.py:120} INFO - [2023-01-27T00:09:11.887+0000] {dag.py:2585} INFO - Sync 1 DAGs
[2023-01-27T00:09:11.907+0000] {logging_mixin.py:120} INFO - [2023-01-27T00:09:11.906+0000] {dag.py:3340} INFO - Setting next_dagrun for example_branch_dop_operator_v3 to 2023-01-27T00:08:00+00:00, run_after=2023-01-27T00:09:00+00:00
[2023-01-27T00:09:11.920+0000] {processor.py:176} INFO - Processing /home/airflow/.local/lib/python3.7/site-packages/airflow/example_dags/example_branch_python_dop_operator_3.py took 0.078 seconds
[2023-01-27T00:09:42.238+0000] {processor.py:154} INFO - Started process (PID=3172) to work on /home/airflow/.local/lib/python3.7/site-packages/airflow/example_dags/example_branch_python_dop_operator_3.py
[2023-01-27T00:09:42.239+0000] {processor.py:756} INFO - Processing file /home/airflow/.local/lib/python3.7/site-packages/airflow/example_dags/example_branch_python_dop_operator_3.py for tasks to queue
[2023-01-27T00:09:42.239+0000] {logging_mixin.py:120} INFO - [2023-01-27T00:09:42.239+0000] {dagbag.py:537} INFO - Filling up the DagBag from /home/airflow/.local/lib/python3.7/site-packages/airflow/example_dags/example_branch_python_dop_operator_3.py
[2023-01-27T00:09:42.254+0000] {processor.py:766} INFO - DAG(s) dict_keys(['example_branch_dop_operator_v3']) retrieved from /home/airflow/.local/lib/python3.7/site-packages/airflow/example_dags/example_branch_python_dop_operator_3.py
[2023-01-27T00:09:42.281+0000] {logging_mixin.py:120} INFO - [2023-01-27T00:09:42.281+0000] {dag.py:2585} INFO - Sync 1 DAGs
[2023-01-27T00:09:42.305+0000] {logging_mixin.py:120} INFO - [2023-01-27T00:09:42.305+0000] {dag.py:3340} INFO - Setting next_dagrun for example_branch_dop_operator_v3 to 2023-01-27T00:08:00+00:00, run_after=2023-01-27T00:09:00+00:00
[2023-01-27T00:09:42.318+0000] {processor.py:176} INFO - Processing /home/airflow/.local/lib/python3.7/site-packages/airflow/example_dags/example_branch_python_dop_operator_3.py took 0.082 seconds
[2023-01-27T00:10:12.552+0000] {processor.py:154} INFO - Started process (PID=3241) to work on /home/airflow/.local/lib/python3.7/site-packages/airflow/example_dags/example_branch_python_dop_operator_3.py
[2023-01-27T00:10:12.553+0000] {processor.py:756} INFO - Processing file /home/airflow/.local/lib/python3.7/site-packages/airflow/example_dags/example_branch_python_dop_operator_3.py for tasks to queue
[2023-01-27T00:10:12.553+0000] {logging_mixin.py:120} INFO - [2023-01-27T00:10:12.553+0000] {dagbag.py:537} INFO - Filling up the DagBag from /home/airflow/.local/lib/python3.7/site-packages/airflow/example_dags/example_branch_python_dop_operator_3.py
[2023-01-27T00:10:12.568+0000] {processor.py:766} INFO - DAG(s) dict_keys(['example_branch_dop_operator_v3']) retrieved from /home/airflow/.local/lib/python3.7/site-packages/airflow/example_dags/example_branch_python_dop_operator_3.py
[2023-01-27T00:10:12.593+0000] {logging_mixin.py:120} INFO - [2023-01-27T00:10:12.593+0000] {dag.py:2585} INFO - Sync 1 DAGs
[2023-01-27T00:10:12.613+0000] {logging_mixin.py:120} INFO - [2023-01-27T00:10:12.612+0000] {dag.py:3340} INFO - Setting next_dagrun for example_branch_dop_operator_v3 to 2023-01-27T00:09:00+00:00, run_after=2023-01-27T00:10:00+00:00
[2023-01-27T00:10:12.627+0000] {processor.py:176} INFO - Processing /home/airflow/.local/lib/python3.7/site-packages/airflow/example_dags/example_branch_python_dop_operator_3.py took 0.077 seconds
[2023-01-27T00:10:42.996+0000] {processor.py:154} INFO - Started process (PID=3310) to work on /home/airflow/.local/lib/python3.7/site-packages/airflow/example_dags/example_branch_python_dop_operator_3.py
[2023-01-27T00:10:42.996+0000] {processor.py:756} INFO - Processing file /home/airflow/.local/lib/python3.7/site-packages/airflow/example_dags/example_branch_python_dop_operator_3.py for tasks to queue
[2023-01-27T00:10:42.997+0000] {logging_mixin.py:120} INFO - [2023-01-27T00:10:42.997+0000] {dagbag.py:537} INFO - Filling up the DagBag from /home/airflow/.local/lib/python3.7/site-packages/airflow/example_dags/example_branch_python_dop_operator_3.py
[2023-01-27T00:10:43.011+0000] {processor.py:766} INFO - DAG(s) dict_keys(['example_branch_dop_operator_v3']) retrieved from /home/airflow/.local/lib/python3.7/site-packages/airflow/example_dags/example_branch_python_dop_operator_3.py
[2023-01-27T00:10:43.040+0000] {logging_mixin.py:120} INFO - [2023-01-27T00:10:43.040+0000] {dag.py:2585} INFO - Sync 1 DAGs
[2023-01-27T00:10:43.067+0000] {logging_mixin.py:120} INFO - [2023-01-27T00:10:43.067+0000] {dag.py:3340} INFO - Setting next_dagrun for example_branch_dop_operator_v3 to 2023-01-27T00:09:00+00:00, run_after=2023-01-27T00:10:00+00:00
[2023-01-27T00:10:43.082+0000] {processor.py:176} INFO - Processing /home/airflow/.local/lib/python3.7/site-packages/airflow/example_dags/example_branch_python_dop_operator_3.py took 0.088 seconds
[2023-01-27T00:11:13.452+0000] {processor.py:154} INFO - Started process (PID=3378) to work on /home/airflow/.local/lib/python3.7/site-packages/airflow/example_dags/example_branch_python_dop_operator_3.py
[2023-01-27T00:11:13.453+0000] {processor.py:756} INFO - Processing file /home/airflow/.local/lib/python3.7/site-packages/airflow/example_dags/example_branch_python_dop_operator_3.py for tasks to queue
[2023-01-27T00:11:13.454+0000] {logging_mixin.py:120} INFO - [2023-01-27T00:11:13.453+0000] {dagbag.py:537} INFO - Filling up the DagBag from /home/airflow/.local/lib/python3.7/site-packages/airflow/example_dags/example_branch_python_dop_operator_3.py
[2023-01-27T00:11:13.468+0000] {processor.py:766} INFO - DAG(s) dict_keys(['example_branch_dop_operator_v3']) retrieved from /home/airflow/.local/lib/python3.7/site-packages/airflow/example_dags/example_branch_python_dop_operator_3.py
[2023-01-27T00:11:13.494+0000] {logging_mixin.py:120} INFO - [2023-01-27T00:11:13.494+0000] {dag.py:2585} INFO - Sync 1 DAGs
[2023-01-27T00:11:13.514+0000] {logging_mixin.py:120} INFO - [2023-01-27T00:11:13.514+0000] {dag.py:3340} INFO - Setting next_dagrun for example_branch_dop_operator_v3 to 2023-01-27T00:10:00+00:00, run_after=2023-01-27T00:11:00+00:00
[2023-01-27T00:11:13.526+0000] {processor.py:176} INFO - Processing /home/airflow/.local/lib/python3.7/site-packages/airflow/example_dags/example_branch_python_dop_operator_3.py took 0.076 seconds
[2023-01-27T00:11:43.668+0000] {processor.py:154} INFO - Started process (PID=3445) to work on /home/airflow/.local/lib/python3.7/site-packages/airflow/example_dags/example_branch_python_dop_operator_3.py
[2023-01-27T00:11:43.669+0000] {processor.py:756} INFO - Processing file /home/airflow/.local/lib/python3.7/site-packages/airflow/example_dags/example_branch_python_dop_operator_3.py for tasks to queue
[2023-01-27T00:11:43.670+0000] {logging_mixin.py:120} INFO - [2023-01-27T00:11:43.670+0000] {dagbag.py:537} INFO - Filling up the DagBag from /home/airflow/.local/lib/python3.7/site-packages/airflow/example_dags/example_branch_python_dop_operator_3.py
[2023-01-27T00:11:43.685+0000] {processor.py:766} INFO - DAG(s) dict_keys(['example_branch_dop_operator_v3']) retrieved from /home/airflow/.local/lib/python3.7/site-packages/airflow/example_dags/example_branch_python_dop_operator_3.py
[2023-01-27T00:11:43.710+0000] {logging_mixin.py:120} INFO - [2023-01-27T00:11:43.710+0000] {dag.py:2585} INFO - Sync 1 DAGs
[2023-01-27T00:11:43.729+0000] {logging_mixin.py:120} INFO - [2023-01-27T00:11:43.729+0000] {dag.py:3340} INFO - Setting next_dagrun for example_branch_dop_operator_v3 to 2023-01-27T00:10:00+00:00, run_after=2023-01-27T00:11:00+00:00
[2023-01-27T00:11:43.742+0000] {processor.py:176} INFO - Processing /home/airflow/.local/lib/python3.7/site-packages/airflow/example_dags/example_branch_python_dop_operator_3.py took 0.075 seconds
[2023-01-27T00:12:13.884+0000] {processor.py:154} INFO - Started process (PID=3504) to work on /home/airflow/.local/lib/python3.7/site-packages/airflow/example_dags/example_branch_python_dop_operator_3.py
[2023-01-27T00:12:13.885+0000] {processor.py:756} INFO - Processing file /home/airflow/.local/lib/python3.7/site-packages/airflow/example_dags/example_branch_python_dop_operator_3.py for tasks to queue
[2023-01-27T00:12:13.886+0000] {logging_mixin.py:120} INFO - [2023-01-27T00:12:13.886+0000] {dagbag.py:537} INFO - Filling up the DagBag from /home/airflow/.local/lib/python3.7/site-packages/airflow/example_dags/example_branch_python_dop_operator_3.py
[2023-01-27T00:12:13.901+0000] {processor.py:766} INFO - DAG(s) dict_keys(['example_branch_dop_operator_v3']) retrieved from /home/airflow/.local/lib/python3.7/site-packages/airflow/example_dags/example_branch_python_dop_operator_3.py
[2023-01-27T00:12:13.926+0000] {logging_mixin.py:120} INFO - [2023-01-27T00:12:13.926+0000] {dag.py:2585} INFO - Sync 1 DAGs
[2023-01-27T00:12:13.948+0000] {logging_mixin.py:120} INFO - [2023-01-27T00:12:13.947+0000] {dag.py:3340} INFO - Setting next_dagrun for example_branch_dop_operator_v3 to 2023-01-27T00:11:00+00:00, run_after=2023-01-27T00:12:00+00:00
[2023-01-27T00:12:13.962+0000] {processor.py:176} INFO - Processing /home/airflow/.local/lib/python3.7/site-packages/airflow/example_dags/example_branch_python_dop_operator_3.py took 0.079 seconds
[2023-01-27T00:12:44.254+0000] {processor.py:154} INFO - Started process (PID=3572) to work on /home/airflow/.local/lib/python3.7/site-packages/airflow/example_dags/example_branch_python_dop_operator_3.py
[2023-01-27T00:12:44.255+0000] {processor.py:756} INFO - Processing file /home/airflow/.local/lib/python3.7/site-packages/airflow/example_dags/example_branch_python_dop_operator_3.py for tasks to queue
[2023-01-27T00:12:44.256+0000] {logging_mixin.py:120} INFO - [2023-01-27T00:12:44.256+0000] {dagbag.py:537} INFO - Filling up the DagBag from /home/airflow/.local/lib/python3.7/site-packages/airflow/example_dags/example_branch_python_dop_operator_3.py
[2023-01-27T00:12:44.273+0000] {processor.py:766} INFO - DAG(s) dict_keys(['example_branch_dop_operator_v3']) retrieved from /home/airflow/.local/lib/python3.7/site-packages/airflow/example_dags/example_branch_python_dop_operator_3.py
[2023-01-27T00:12:44.299+0000] {logging_mixin.py:120} INFO - [2023-01-27T00:12:44.298+0000] {dag.py:2585} INFO - Sync 1 DAGs
[2023-01-27T00:12:44.325+0000] {logging_mixin.py:120} INFO - [2023-01-27T00:12:44.324+0000] {dag.py:3340} INFO - Setting next_dagrun for example_branch_dop_operator_v3 to 2023-01-27T00:11:00+00:00, run_after=2023-01-27T00:12:00+00:00
[2023-01-27T00:12:44.339+0000] {processor.py:176} INFO - Processing /home/airflow/.local/lib/python3.7/site-packages/airflow/example_dags/example_branch_python_dop_operator_3.py took 0.087 seconds
[2023-01-27T00:13:14.624+0000] {processor.py:154} INFO - Started process (PID=3639) to work on /home/airflow/.local/lib/python3.7/site-packages/airflow/example_dags/example_branch_python_dop_operator_3.py
[2023-01-27T00:13:14.624+0000] {processor.py:756} INFO - Processing file /home/airflow/.local/lib/python3.7/site-packages/airflow/example_dags/example_branch_python_dop_operator_3.py for tasks to queue
[2023-01-27T00:13:14.625+0000] {logging_mixin.py:120} INFO - [2023-01-27T00:13:14.624+0000] {dagbag.py:537} INFO - Filling up the DagBag from /home/airflow/.local/lib/python3.7/site-packages/airflow/example_dags/example_branch_python_dop_operator_3.py
[2023-01-27T00:13:14.640+0000] {processor.py:766} INFO - DAG(s) dict_keys(['example_branch_dop_operator_v3']) retrieved from /home/airflow/.local/lib/python3.7/site-packages/airflow/example_dags/example_branch_python_dop_operator_3.py
[2023-01-27T00:13:14.670+0000] {logging_mixin.py:120} INFO - [2023-01-27T00:13:14.670+0000] {dag.py:2585} INFO - Sync 1 DAGs
[2023-01-27T00:13:14.692+0000] {logging_mixin.py:120} INFO - [2023-01-27T00:13:14.692+0000] {dag.py:3340} INFO - Setting next_dagrun for example_branch_dop_operator_v3 to 2023-01-27T00:12:00+00:00, run_after=2023-01-27T00:13:00+00:00
[2023-01-27T00:13:14.706+0000] {processor.py:176} INFO - Processing /home/airflow/.local/lib/python3.7/site-packages/airflow/example_dags/example_branch_python_dop_operator_3.py took 0.084 seconds
[2023-01-27T00:13:44.892+0000] {processor.py:154} INFO - Started process (PID=3707) to work on /home/airflow/.local/lib/python3.7/site-packages/airflow/example_dags/example_branch_python_dop_operator_3.py
[2023-01-27T00:13:44.893+0000] {processor.py:756} INFO - Processing file /home/airflow/.local/lib/python3.7/site-packages/airflow/example_dags/example_branch_python_dop_operator_3.py for tasks to queue
[2023-01-27T00:13:44.893+0000] {logging_mixin.py:120} INFO - [2023-01-27T00:13:44.893+0000] {dagbag.py:537} INFO - Filling up the DagBag from /home/airflow/.local/lib/python3.7/site-packages/airflow/example_dags/example_branch_python_dop_operator_3.py
[2023-01-27T00:13:44.911+0000] {processor.py:766} INFO - DAG(s) dict_keys(['example_branch_dop_operator_v3']) retrieved from /home/airflow/.local/lib/python3.7/site-packages/airflow/example_dags/example_branch_python_dop_operator_3.py
[2023-01-27T00:13:44.936+0000] {logging_mixin.py:120} INFO - [2023-01-27T00:13:44.936+0000] {dag.py:2585} INFO - Sync 1 DAGs
[2023-01-27T00:13:44.957+0000] {logging_mixin.py:120} INFO - [2023-01-27T00:13:44.956+0000] {dag.py:3340} INFO - Setting next_dagrun for example_branch_dop_operator_v3 to 2023-01-27T00:12:00+00:00, run_after=2023-01-27T00:13:00+00:00
[2023-01-27T00:13:44.969+0000] {processor.py:176} INFO - Processing /home/airflow/.local/lib/python3.7/site-packages/airflow/example_dags/example_branch_python_dop_operator_3.py took 0.079 seconds
[2023-01-27T00:14:15.119+0000] {processor.py:154} INFO - Started process (PID=3766) to work on /home/airflow/.local/lib/python3.7/site-packages/airflow/example_dags/example_branch_python_dop_operator_3.py
[2023-01-27T00:14:15.119+0000] {processor.py:756} INFO - Processing file /home/airflow/.local/lib/python3.7/site-packages/airflow/example_dags/example_branch_python_dop_operator_3.py for tasks to queue
[2023-01-27T00:14:15.120+0000] {logging_mixin.py:120} INFO - [2023-01-27T00:14:15.120+0000] {dagbag.py:537} INFO - Filling up the DagBag from /home/airflow/.local/lib/python3.7/site-packages/airflow/example_dags/example_branch_python_dop_operator_3.py
[2023-01-27T00:14:15.134+0000] {processor.py:766} INFO - DAG(s) dict_keys(['example_branch_dop_operator_v3']) retrieved from /home/airflow/.local/lib/python3.7/site-packages/airflow/example_dags/example_branch_python_dop_operator_3.py
[2023-01-27T00:14:15.159+0000] {logging_mixin.py:120} INFO - [2023-01-27T00:14:15.159+0000] {dag.py:2585} INFO - Sync 1 DAGs
[2023-01-27T00:14:15.180+0000] {logging_mixin.py:120} INFO - [2023-01-27T00:14:15.180+0000] {dag.py:3340} INFO - Setting next_dagrun for example_branch_dop_operator_v3 to 2023-01-27T00:13:00+00:00, run_after=2023-01-27T00:14:00+00:00
[2023-01-27T00:14:15.195+0000] {processor.py:176} INFO - Processing /home/airflow/.local/lib/python3.7/site-packages/airflow/example_dags/example_branch_python_dop_operator_3.py took 0.078 seconds
[2023-01-27T00:14:45.294+0000] {processor.py:154} INFO - Started process (PID=3833) to work on /home/airflow/.local/lib/python3.7/site-packages/airflow/example_dags/example_branch_python_dop_operator_3.py
[2023-01-27T00:14:45.295+0000] {processor.py:756} INFO - Processing file /home/airflow/.local/lib/python3.7/site-packages/airflow/example_dags/example_branch_python_dop_operator_3.py for tasks to queue
[2023-01-27T00:14:45.296+0000] {logging_mixin.py:120} INFO - [2023-01-27T00:14:45.296+0000] {dagbag.py:537} INFO - Filling up the DagBag from /home/airflow/.local/lib/python3.7/site-packages/airflow/example_dags/example_branch_python_dop_operator_3.py
[2023-01-27T00:14:45.310+0000] {processor.py:766} INFO - DAG(s) dict_keys(['example_branch_dop_operator_v3']) retrieved from /home/airflow/.local/lib/python3.7/site-packages/airflow/example_dags/example_branch_python_dop_operator_3.py
[2023-01-27T00:14:45.334+0000] {logging_mixin.py:120} INFO - [2023-01-27T00:14:45.334+0000] {dag.py:2585} INFO - Sync 1 DAGs
[2023-01-27T00:14:45.354+0000] {logging_mixin.py:120} INFO - [2023-01-27T00:14:45.354+0000] {dag.py:3340} INFO - Setting next_dagrun for example_branch_dop_operator_v3 to 2023-01-27T00:13:00+00:00, run_after=2023-01-27T00:14:00+00:00
[2023-01-27T00:14:45.367+0000] {processor.py:176} INFO - Processing /home/airflow/.local/lib/python3.7/site-packages/airflow/example_dags/example_branch_python_dop_operator_3.py took 0.075 seconds
[2023-01-27T00:15:15.637+0000] {processor.py:154} INFO - Started process (PID=3902) to work on /home/airflow/.local/lib/python3.7/site-packages/airflow/example_dags/example_branch_python_dop_operator_3.py
[2023-01-27T00:15:15.637+0000] {processor.py:756} INFO - Processing file /home/airflow/.local/lib/python3.7/site-packages/airflow/example_dags/example_branch_python_dop_operator_3.py for tasks to queue
[2023-01-27T00:15:15.638+0000] {logging_mixin.py:120} INFO - [2023-01-27T00:15:15.638+0000] {dagbag.py:537} INFO - Filling up the DagBag from /home/airflow/.local/lib/python3.7/site-packages/airflow/example_dags/example_branch_python_dop_operator_3.py
[2023-01-27T00:15:15.652+0000] {processor.py:766} INFO - DAG(s) dict_keys(['example_branch_dop_operator_v3']) retrieved from /home/airflow/.local/lib/python3.7/site-packages/airflow/example_dags/example_branch_python_dop_operator_3.py
[2023-01-27T00:15:15.677+0000] {logging_mixin.py:120} INFO - [2023-01-27T00:15:15.677+0000] {dag.py:2585} INFO - Sync 1 DAGs
[2023-01-27T00:15:15.697+0000] {logging_mixin.py:120} INFO - [2023-01-27T00:15:15.697+0000] {dag.py:3340} INFO - Setting next_dagrun for example_branch_dop_operator_v3 to 2023-01-27T00:14:00+00:00, run_after=2023-01-27T00:15:00+00:00
[2023-01-27T00:15:15.710+0000] {processor.py:176} INFO - Processing /home/airflow/.local/lib/python3.7/site-packages/airflow/example_dags/example_branch_python_dop_operator_3.py took 0.075 seconds
[2023-01-27T00:15:46.002+0000] {processor.py:154} INFO - Started process (PID=3970) to work on /home/airflow/.local/lib/python3.7/site-packages/airflow/example_dags/example_branch_python_dop_operator_3.py
[2023-01-27T00:15:46.002+0000] {processor.py:756} INFO - Processing file /home/airflow/.local/lib/python3.7/site-packages/airflow/example_dags/example_branch_python_dop_operator_3.py for tasks to queue
[2023-01-27T00:15:46.003+0000] {logging_mixin.py:120} INFO - [2023-01-27T00:15:46.003+0000] {dagbag.py:537} INFO - Filling up the DagBag from /home/airflow/.local/lib/python3.7/site-packages/airflow/example_dags/example_branch_python_dop_operator_3.py
[2023-01-27T00:15:46.018+0000] {processor.py:766} INFO - DAG(s) dict_keys(['example_branch_dop_operator_v3']) retrieved from /home/airflow/.local/lib/python3.7/site-packages/airflow/example_dags/example_branch_python_dop_operator_3.py
[2023-01-27T00:15:46.049+0000] {logging_mixin.py:120} INFO - [2023-01-27T00:15:46.049+0000] {dag.py:2585} INFO - Sync 1 DAGs
[2023-01-27T00:15:46.076+0000] {logging_mixin.py:120} INFO - [2023-01-27T00:15:46.075+0000] {dag.py:3340} INFO - Setting next_dagrun for example_branch_dop_operator_v3 to 2023-01-27T00:14:00+00:00, run_after=2023-01-27T00:15:00+00:00
[2023-01-27T00:15:46.089+0000] {processor.py:176} INFO - Processing /home/airflow/.local/lib/python3.7/site-packages/airflow/example_dags/example_branch_python_dop_operator_3.py took 0.089 seconds
[2023-01-27T00:16:16.757+0000] {processor.py:154} INFO - Started process (PID=4039) to work on /home/airflow/.local/lib/python3.7/site-packages/airflow/example_dags/example_branch_python_dop_operator_3.py
[2023-01-27T00:16:16.758+0000] {processor.py:756} INFO - Processing file /home/airflow/.local/lib/python3.7/site-packages/airflow/example_dags/example_branch_python_dop_operator_3.py for tasks to queue
[2023-01-27T00:16:16.758+0000] {logging_mixin.py:120} INFO - [2023-01-27T00:16:16.758+0000] {dagbag.py:537} INFO - Filling up the DagBag from /home/airflow/.local/lib/python3.7/site-packages/airflow/example_dags/example_branch_python_dop_operator_3.py
[2023-01-27T00:16:16.779+0000] {processor.py:766} INFO - DAG(s) dict_keys(['example_branch_dop_operator_v3']) retrieved from /home/airflow/.local/lib/python3.7/site-packages/airflow/example_dags/example_branch_python_dop_operator_3.py
[2023-01-27T00:16:16.812+0000] {logging_mixin.py:120} INFO - [2023-01-27T00:16:16.811+0000] {dag.py:2585} INFO - Sync 1 DAGs
[2023-01-27T00:16:16.842+0000] {logging_mixin.py:120} INFO - [2023-01-27T00:16:16.842+0000] {dag.py:3340} INFO - Setting next_dagrun for example_branch_dop_operator_v3 to 2023-01-27T00:15:00+00:00, run_after=2023-01-27T00:16:00+00:00
[2023-01-27T00:16:16.859+0000] {processor.py:176} INFO - Processing /home/airflow/.local/lib/python3.7/site-packages/airflow/example_dags/example_branch_python_dop_operator_3.py took 0.103 seconds
[2023-01-27T00:16:46.922+0000] {processor.py:154} INFO - Started process (PID=4098) to work on /home/airflow/.local/lib/python3.7/site-packages/airflow/example_dags/example_branch_python_dop_operator_3.py
[2023-01-27T00:16:46.923+0000] {processor.py:756} INFO - Processing file /home/airflow/.local/lib/python3.7/site-packages/airflow/example_dags/example_branch_python_dop_operator_3.py for tasks to queue
[2023-01-27T00:16:46.923+0000] {logging_mixin.py:120} INFO - [2023-01-27T00:16:46.923+0000] {dagbag.py:537} INFO - Filling up the DagBag from /home/airflow/.local/lib/python3.7/site-packages/airflow/example_dags/example_branch_python_dop_operator_3.py
[2023-01-27T00:16:46.938+0000] {processor.py:766} INFO - DAG(s) dict_keys(['example_branch_dop_operator_v3']) retrieved from /home/airflow/.local/lib/python3.7/site-packages/airflow/example_dags/example_branch_python_dop_operator_3.py
[2023-01-27T00:16:46.954+0000] {logging_mixin.py:120} INFO - [2023-01-27T00:16:46.954+0000] {dag.py:2585} INFO - Sync 1 DAGs
[2023-01-27T00:16:46.984+0000] {logging_mixin.py:120} INFO - [2023-01-27T00:16:46.984+0000] {dag.py:3340} INFO - Setting next_dagrun for example_branch_dop_operator_v3 to 2023-01-27T00:15:00+00:00, run_after=2023-01-27T00:16:00+00:00
[2023-01-27T00:16:47.001+0000] {processor.py:176} INFO - Processing /home/airflow/.local/lib/python3.7/site-packages/airflow/example_dags/example_branch_python_dop_operator_3.py took 0.081 seconds
[2023-01-27T00:17:17.257+0000] {processor.py:154} INFO - Started process (PID=4165) to work on /home/airflow/.local/lib/python3.7/site-packages/airflow/example_dags/example_branch_python_dop_operator_3.py
[2023-01-27T00:17:17.258+0000] {processor.py:756} INFO - Processing file /home/airflow/.local/lib/python3.7/site-packages/airflow/example_dags/example_branch_python_dop_operator_3.py for tasks to queue
[2023-01-27T00:17:17.258+0000] {logging_mixin.py:120} INFO - [2023-01-27T00:17:17.258+0000] {dagbag.py:537} INFO - Filling up the DagBag from /home/airflow/.local/lib/python3.7/site-packages/airflow/example_dags/example_branch_python_dop_operator_3.py
[2023-01-27T00:17:17.273+0000] {processor.py:766} INFO - DAG(s) dict_keys(['example_branch_dop_operator_v3']) retrieved from /home/airflow/.local/lib/python3.7/site-packages/airflow/example_dags/example_branch_python_dop_operator_3.py
[2023-01-27T00:17:17.298+0000] {logging_mixin.py:120} INFO - [2023-01-27T00:17:17.298+0000] {dag.py:2585} INFO - Sync 1 DAGs
[2023-01-27T00:17:17.318+0000] {logging_mixin.py:120} INFO - [2023-01-27T00:17:17.318+0000] {dag.py:3340} INFO - Setting next_dagrun for example_branch_dop_operator_v3 to 2023-01-27T00:16:00+00:00, run_after=2023-01-27T00:17:00+00:00
[2023-01-27T00:17:17.330+0000] {processor.py:176} INFO - Processing /home/airflow/.local/lib/python3.7/site-packages/airflow/example_dags/example_branch_python_dop_operator_3.py took 0.076 seconds
[2023-01-27T00:17:47.653+0000] {processor.py:154} INFO - Started process (PID=4233) to work on /home/airflow/.local/lib/python3.7/site-packages/airflow/example_dags/example_branch_python_dop_operator_3.py
[2023-01-27T00:17:47.654+0000] {processor.py:756} INFO - Processing file /home/airflow/.local/lib/python3.7/site-packages/airflow/example_dags/example_branch_python_dop_operator_3.py for tasks to queue
[2023-01-27T00:17:47.655+0000] {logging_mixin.py:120} INFO - [2023-01-27T00:17:47.655+0000] {dagbag.py:537} INFO - Filling up the DagBag from /home/airflow/.local/lib/python3.7/site-packages/airflow/example_dags/example_branch_python_dop_operator_3.py
[2023-01-27T00:17:47.669+0000] {processor.py:766} INFO - DAG(s) dict_keys(['example_branch_dop_operator_v3']) retrieved from /home/airflow/.local/lib/python3.7/site-packages/airflow/example_dags/example_branch_python_dop_operator_3.py
[2023-01-27T00:17:47.694+0000] {logging_mixin.py:120} INFO - [2023-01-27T00:17:47.694+0000] {dag.py:2585} INFO - Sync 1 DAGs
[2023-01-27T00:17:47.714+0000] {logging_mixin.py:120} INFO - [2023-01-27T00:17:47.714+0000] {dag.py:3340} INFO - Setting next_dagrun for example_branch_dop_operator_v3 to 2023-01-27T00:16:00+00:00, run_after=2023-01-27T00:17:00+00:00
[2023-01-27T00:17:47.732+0000] {processor.py:176} INFO - Processing /home/airflow/.local/lib/python3.7/site-packages/airflow/example_dags/example_branch_python_dop_operator_3.py took 0.080 seconds
[2023-01-27T00:18:17.941+0000] {processor.py:154} INFO - Started process (PID=4302) to work on /home/airflow/.local/lib/python3.7/site-packages/airflow/example_dags/example_branch_python_dop_operator_3.py
[2023-01-27T00:18:17.942+0000] {processor.py:756} INFO - Processing file /home/airflow/.local/lib/python3.7/site-packages/airflow/example_dags/example_branch_python_dop_operator_3.py for tasks to queue
[2023-01-27T00:18:17.942+0000] {logging_mixin.py:120} INFO - [2023-01-27T00:18:17.942+0000] {dagbag.py:537} INFO - Filling up the DagBag from /home/airflow/.local/lib/python3.7/site-packages/airflow/example_dags/example_branch_python_dop_operator_3.py
[2023-01-27T00:18:17.957+0000] {processor.py:766} INFO - DAG(s) dict_keys(['example_branch_dop_operator_v3']) retrieved from /home/airflow/.local/lib/python3.7/site-packages/airflow/example_dags/example_branch_python_dop_operator_3.py
[2023-01-27T00:18:17.981+0000] {logging_mixin.py:120} INFO - [2023-01-27T00:18:17.981+0000] {dag.py:2585} INFO - Sync 1 DAGs
[2023-01-27T00:18:18.002+0000] {logging_mixin.py:120} INFO - [2023-01-27T00:18:18.001+0000] {dag.py:3340} INFO - Setting next_dagrun for example_branch_dop_operator_v3 to 2023-01-27T00:17:00+00:00, run_after=2023-01-27T00:18:00+00:00
[2023-01-27T00:18:18.014+0000] {processor.py:176} INFO - Processing /home/airflow/.local/lib/python3.7/site-packages/airflow/example_dags/example_branch_python_dop_operator_3.py took 0.075 seconds
[2023-01-27T00:18:48.149+0000] {processor.py:154} INFO - Started process (PID=4361) to work on /home/airflow/.local/lib/python3.7/site-packages/airflow/example_dags/example_branch_python_dop_operator_3.py
[2023-01-27T00:18:48.150+0000] {processor.py:756} INFO - Processing file /home/airflow/.local/lib/python3.7/site-packages/airflow/example_dags/example_branch_python_dop_operator_3.py for tasks to queue
[2023-01-27T00:18:48.150+0000] {logging_mixin.py:120} INFO - [2023-01-27T00:18:48.150+0000] {dagbag.py:537} INFO - Filling up the DagBag from /home/airflow/.local/lib/python3.7/site-packages/airflow/example_dags/example_branch_python_dop_operator_3.py
[2023-01-27T00:18:48.165+0000] {processor.py:766} INFO - DAG(s) dict_keys(['example_branch_dop_operator_v3']) retrieved from /home/airflow/.local/lib/python3.7/site-packages/airflow/example_dags/example_branch_python_dop_operator_3.py
[2023-01-27T00:18:48.190+0000] {logging_mixin.py:120} INFO - [2023-01-27T00:18:48.190+0000] {dag.py:2585} INFO - Sync 1 DAGs
[2023-01-27T00:18:48.209+0000] {logging_mixin.py:120} INFO - [2023-01-27T00:18:48.209+0000] {dag.py:3340} INFO - Setting next_dagrun for example_branch_dop_operator_v3 to 2023-01-27T00:17:00+00:00, run_after=2023-01-27T00:18:00+00:00
[2023-01-27T00:18:48.222+0000] {processor.py:176} INFO - Processing /home/airflow/.local/lib/python3.7/site-packages/airflow/example_dags/example_branch_python_dop_operator_3.py took 0.075 seconds
[2023-01-27T00:19:18.345+0000] {processor.py:154} INFO - Started process (PID=4429) to work on /home/airflow/.local/lib/python3.7/site-packages/airflow/example_dags/example_branch_python_dop_operator_3.py
[2023-01-27T00:19:18.345+0000] {processor.py:756} INFO - Processing file /home/airflow/.local/lib/python3.7/site-packages/airflow/example_dags/example_branch_python_dop_operator_3.py for tasks to queue
[2023-01-27T00:19:18.345+0000] {logging_mixin.py:120} INFO - [2023-01-27T00:19:18.345+0000] {dagbag.py:537} INFO - Filling up the DagBag from /home/airflow/.local/lib/python3.7/site-packages/airflow/example_dags/example_branch_python_dop_operator_3.py
[2023-01-27T00:19:18.360+0000] {processor.py:766} INFO - DAG(s) dict_keys(['example_branch_dop_operator_v3']) retrieved from /home/airflow/.local/lib/python3.7/site-packages/airflow/example_dags/example_branch_python_dop_operator_3.py
[2023-01-27T00:19:18.387+0000] {logging_mixin.py:120} INFO - [2023-01-27T00:19:18.387+0000] {dag.py:2585} INFO - Sync 1 DAGs
[2023-01-27T00:19:18.407+0000] {logging_mixin.py:120} INFO - [2023-01-27T00:19:18.407+0000] {dag.py:3340} INFO - Setting next_dagrun for example_branch_dop_operator_v3 to 2023-01-27T00:18:00+00:00, run_after=2023-01-27T00:19:00+00:00
[2023-01-27T00:19:18.421+0000] {processor.py:176} INFO - Processing /home/airflow/.local/lib/python3.7/site-packages/airflow/example_dags/example_branch_python_dop_operator_3.py took 0.078 seconds
[2023-01-27T00:19:48.661+0000] {processor.py:154} INFO - Started process (PID=4497) to work on /home/airflow/.local/lib/python3.7/site-packages/airflow/example_dags/example_branch_python_dop_operator_3.py
[2023-01-27T00:19:48.661+0000] {processor.py:756} INFO - Processing file /home/airflow/.local/lib/python3.7/site-packages/airflow/example_dags/example_branch_python_dop_operator_3.py for tasks to queue
[2023-01-27T00:19:48.662+0000] {logging_mixin.py:120} INFO - [2023-01-27T00:19:48.662+0000] {dagbag.py:537} INFO - Filling up the DagBag from /home/airflow/.local/lib/python3.7/site-packages/airflow/example_dags/example_branch_python_dop_operator_3.py
[2023-01-27T00:19:48.676+0000] {processor.py:766} INFO - DAG(s) dict_keys(['example_branch_dop_operator_v3']) retrieved from /home/airflow/.local/lib/python3.7/site-packages/airflow/example_dags/example_branch_python_dop_operator_3.py
[2023-01-27T00:19:48.701+0000] {logging_mixin.py:120} INFO - [2023-01-27T00:19:48.701+0000] {dag.py:2585} INFO - Sync 1 DAGs
[2023-01-27T00:19:48.721+0000] {logging_mixin.py:120} INFO - [2023-01-27T00:19:48.721+0000] {dag.py:3340} INFO - Setting next_dagrun for example_branch_dop_operator_v3 to 2023-01-27T00:18:00+00:00, run_after=2023-01-27T00:19:00+00:00
[2023-01-27T00:19:48.736+0000] {processor.py:176} INFO - Processing /home/airflow/.local/lib/python3.7/site-packages/airflow/example_dags/example_branch_python_dop_operator_3.py took 0.077 seconds
[2023-01-27T00:20:18.922+0000] {processor.py:154} INFO - Started process (PID=4565) to work on /home/airflow/.local/lib/python3.7/site-packages/airflow/example_dags/example_branch_python_dop_operator_3.py
[2023-01-27T00:20:18.924+0000] {processor.py:756} INFO - Processing file /home/airflow/.local/lib/python3.7/site-packages/airflow/example_dags/example_branch_python_dop_operator_3.py for tasks to queue
[2023-01-27T00:20:18.924+0000] {logging_mixin.py:120} INFO - [2023-01-27T00:20:18.924+0000] {dagbag.py:537} INFO - Filling up the DagBag from /home/airflow/.local/lib/python3.7/site-packages/airflow/example_dags/example_branch_python_dop_operator_3.py
[2023-01-27T00:20:18.944+0000] {processor.py:766} INFO - DAG(s) dict_keys(['example_branch_dop_operator_v3']) retrieved from /home/airflow/.local/lib/python3.7/site-packages/airflow/example_dags/example_branch_python_dop_operator_3.py
[2023-01-27T00:20:18.978+0000] {logging_mixin.py:120} INFO - [2023-01-27T00:20:18.978+0000] {dag.py:2585} INFO - Sync 1 DAGs
[2023-01-27T00:20:19.006+0000] {logging_mixin.py:120} INFO - [2023-01-27T00:20:19.005+0000] {dag.py:3340} INFO - Setting next_dagrun for example_branch_dop_operator_v3 to 2023-01-27T00:19:00+00:00, run_after=2023-01-27T00:20:00+00:00
[2023-01-27T00:20:19.023+0000] {processor.py:176} INFO - Processing /home/airflow/.local/lib/python3.7/site-packages/airflow/example_dags/example_branch_python_dop_operator_3.py took 0.103 seconds
[2023-01-27T00:20:49.122+0000] {processor.py:154} INFO - Started process (PID=4624) to work on /home/airflow/.local/lib/python3.7/site-packages/airflow/example_dags/example_branch_python_dop_operator_3.py
[2023-01-27T00:20:49.122+0000] {processor.py:756} INFO - Processing file /home/airflow/.local/lib/python3.7/site-packages/airflow/example_dags/example_branch_python_dop_operator_3.py for tasks to queue
[2023-01-27T00:20:49.123+0000] {logging_mixin.py:120} INFO - [2023-01-27T00:20:49.123+0000] {dagbag.py:537} INFO - Filling up the DagBag from /home/airflow/.local/lib/python3.7/site-packages/airflow/example_dags/example_branch_python_dop_operator_3.py
[2023-01-27T00:20:49.137+0000] {processor.py:766} INFO - DAG(s) dict_keys(['example_branch_dop_operator_v3']) retrieved from /home/airflow/.local/lib/python3.7/site-packages/airflow/example_dags/example_branch_python_dop_operator_3.py
[2023-01-27T00:20:49.162+0000] {logging_mixin.py:120} INFO - [2023-01-27T00:20:49.162+0000] {dag.py:2585} INFO - Sync 1 DAGs
[2023-01-27T00:20:49.180+0000] {logging_mixin.py:120} INFO - [2023-01-27T00:20:49.180+0000] {dag.py:3340} INFO - Setting next_dagrun for example_branch_dop_operator_v3 to 2023-01-27T00:19:00+00:00, run_after=2023-01-27T00:20:00+00:00
[2023-01-27T00:20:49.194+0000] {processor.py:176} INFO - Processing /home/airflow/.local/lib/python3.7/site-packages/airflow/example_dags/example_branch_python_dop_operator_3.py took 0.074 seconds
