[2023-01-27T00:00:02.712+0000] {processor.py:154} INFO - Started process (PID=1908) to work on /home/airflow/.local/lib/python3.7/site-packages/airflow/example_dags/example_nested_branch_dag.py
[2023-01-27T00:00:02.712+0000] {processor.py:756} INFO - Processing file /home/airflow/.local/lib/python3.7/site-packages/airflow/example_dags/example_nested_branch_dag.py for tasks to queue
[2023-01-27T00:00:02.712+0000] {logging_mixin.py:120} INFO - [2023-01-27T00:00:02.712+0000] {dagbag.py:537} INFO - Filling up the DagBag from /home/airflow/.local/lib/python3.7/site-packages/airflow/example_dags/example_nested_branch_dag.py
[2023-01-27T00:00:02.728+0000] {processor.py:766} INFO - DAG(s) dict_keys(['example_nested_branch_dag']) retrieved from /home/airflow/.local/lib/python3.7/site-packages/airflow/example_dags/example_nested_branch_dag.py
[2023-01-27T00:00:02.759+0000] {logging_mixin.py:120} INFO - [2023-01-27T00:00:02.759+0000] {dag.py:2585} INFO - Sync 1 DAGs
[2023-01-27T00:00:02.785+0000] {logging_mixin.py:120} INFO - [2023-01-27T00:00:02.785+0000] {dag.py:3340} INFO - Setting next_dagrun for example_nested_branch_dag to 2023-01-26T00:00:00+00:00, run_after=2023-01-27T00:00:00+00:00
[2023-01-27T00:00:02.801+0000] {processor.py:176} INFO - Processing /home/airflow/.local/lib/python3.7/site-packages/airflow/example_dags/example_nested_branch_dag.py took 0.091 seconds
[2023-01-27T00:00:33.078+0000] {processor.py:154} INFO - Started process (PID=1971) to work on /home/airflow/.local/lib/python3.7/site-packages/airflow/example_dags/example_nested_branch_dag.py
[2023-01-27T00:00:33.079+0000] {processor.py:756} INFO - Processing file /home/airflow/.local/lib/python3.7/site-packages/airflow/example_dags/example_nested_branch_dag.py for tasks to queue
[2023-01-27T00:00:33.079+0000] {logging_mixin.py:120} INFO - [2023-01-27T00:00:33.079+0000] {dagbag.py:537} INFO - Filling up the DagBag from /home/airflow/.local/lib/python3.7/site-packages/airflow/example_dags/example_nested_branch_dag.py
[2023-01-27T00:00:33.093+0000] {processor.py:766} INFO - DAG(s) dict_keys(['example_nested_branch_dag']) retrieved from /home/airflow/.local/lib/python3.7/site-packages/airflow/example_dags/example_nested_branch_dag.py
[2023-01-27T00:00:33.117+0000] {logging_mixin.py:120} INFO - [2023-01-27T00:00:33.117+0000] {dag.py:2585} INFO - Sync 1 DAGs
[2023-01-27T00:00:33.133+0000] {logging_mixin.py:120} INFO - [2023-01-27T00:00:33.133+0000] {dag.py:3340} INFO - Setting next_dagrun for example_nested_branch_dag to 2023-01-26T00:00:00+00:00, run_after=2023-01-27T00:00:00+00:00
[2023-01-27T00:00:33.146+0000] {processor.py:176} INFO - Processing /home/airflow/.local/lib/python3.7/site-packages/airflow/example_dags/example_nested_branch_dag.py took 0.070 seconds
[2023-01-27T00:01:03.351+0000] {processor.py:154} INFO - Started process (PID=2039) to work on /home/airflow/.local/lib/python3.7/site-packages/airflow/example_dags/example_nested_branch_dag.py
[2023-01-27T00:01:03.352+0000] {processor.py:756} INFO - Processing file /home/airflow/.local/lib/python3.7/site-packages/airflow/example_dags/example_nested_branch_dag.py for tasks to queue
[2023-01-27T00:01:03.352+0000] {logging_mixin.py:120} INFO - [2023-01-27T00:01:03.352+0000] {dagbag.py:537} INFO - Filling up the DagBag from /home/airflow/.local/lib/python3.7/site-packages/airflow/example_dags/example_nested_branch_dag.py
[2023-01-27T00:01:03.373+0000] {processor.py:766} INFO - DAG(s) dict_keys(['example_nested_branch_dag']) retrieved from /home/airflow/.local/lib/python3.7/site-packages/airflow/example_dags/example_nested_branch_dag.py
[2023-01-27T00:01:03.397+0000] {logging_mixin.py:120} INFO - [2023-01-27T00:01:03.397+0000] {dag.py:2585} INFO - Sync 1 DAGs
[2023-01-27T00:01:03.420+0000] {logging_mixin.py:120} INFO - [2023-01-27T00:01:03.420+0000] {dag.py:3340} INFO - Setting next_dagrun for example_nested_branch_dag to 2023-01-26T00:00:00+00:00, run_after=2023-01-27T00:00:00+00:00
[2023-01-27T00:01:03.436+0000] {processor.py:176} INFO - Processing /home/airflow/.local/lib/python3.7/site-packages/airflow/example_dags/example_nested_branch_dag.py took 0.087 seconds
[2023-01-27T00:01:33.646+0000] {processor.py:154} INFO - Started process (PID=2106) to work on /home/airflow/.local/lib/python3.7/site-packages/airflow/example_dags/example_nested_branch_dag.py
[2023-01-27T00:01:33.646+0000] {processor.py:756} INFO - Processing file /home/airflow/.local/lib/python3.7/site-packages/airflow/example_dags/example_nested_branch_dag.py for tasks to queue
[2023-01-27T00:01:33.646+0000] {logging_mixin.py:120} INFO - [2023-01-27T00:01:33.646+0000] {dagbag.py:537} INFO - Filling up the DagBag from /home/airflow/.local/lib/python3.7/site-packages/airflow/example_dags/example_nested_branch_dag.py
[2023-01-27T00:01:33.667+0000] {processor.py:766} INFO - DAG(s) dict_keys(['example_nested_branch_dag']) retrieved from /home/airflow/.local/lib/python3.7/site-packages/airflow/example_dags/example_nested_branch_dag.py
[2023-01-27T00:01:33.705+0000] {logging_mixin.py:120} INFO - [2023-01-27T00:01:33.705+0000] {dag.py:2585} INFO - Sync 1 DAGs
[2023-01-27T00:01:33.732+0000] {logging_mixin.py:120} INFO - [2023-01-27T00:01:33.732+0000] {dag.py:3340} INFO - Setting next_dagrun for example_nested_branch_dag to 2023-01-26T00:00:00+00:00, run_after=2023-01-27T00:00:00+00:00
[2023-01-27T00:01:33.744+0000] {processor.py:176} INFO - Processing /home/airflow/.local/lib/python3.7/site-packages/airflow/example_dags/example_nested_branch_dag.py took 0.103 seconds
[2023-01-27T00:02:03.849+0000] {processor.py:154} INFO - Started process (PID=2174) to work on /home/airflow/.local/lib/python3.7/site-packages/airflow/example_dags/example_nested_branch_dag.py
[2023-01-27T00:02:03.850+0000] {processor.py:756} INFO - Processing file /home/airflow/.local/lib/python3.7/site-packages/airflow/example_dags/example_nested_branch_dag.py for tasks to queue
[2023-01-27T00:02:03.851+0000] {logging_mixin.py:120} INFO - [2023-01-27T00:02:03.851+0000] {dagbag.py:537} INFO - Filling up the DagBag from /home/airflow/.local/lib/python3.7/site-packages/airflow/example_dags/example_nested_branch_dag.py
[2023-01-27T00:02:03.865+0000] {processor.py:766} INFO - DAG(s) dict_keys(['example_nested_branch_dag']) retrieved from /home/airflow/.local/lib/python3.7/site-packages/airflow/example_dags/example_nested_branch_dag.py
[2023-01-27T00:02:03.889+0000] {logging_mixin.py:120} INFO - [2023-01-27T00:02:03.889+0000] {dag.py:2585} INFO - Sync 1 DAGs
[2023-01-27T00:02:03.905+0000] {logging_mixin.py:120} INFO - [2023-01-27T00:02:03.905+0000] {dag.py:3340} INFO - Setting next_dagrun for example_nested_branch_dag to 2023-01-26T00:00:00+00:00, run_after=2023-01-27T00:00:00+00:00
[2023-01-27T00:02:03.917+0000] {processor.py:176} INFO - Processing /home/airflow/.local/lib/python3.7/site-packages/airflow/example_dags/example_nested_branch_dag.py took 0.070 seconds
[2023-01-27T00:02:34.061+0000] {processor.py:154} INFO - Started process (PID=2233) to work on /home/airflow/.local/lib/python3.7/site-packages/airflow/example_dags/example_nested_branch_dag.py
[2023-01-27T00:02:34.062+0000] {processor.py:756} INFO - Processing file /home/airflow/.local/lib/python3.7/site-packages/airflow/example_dags/example_nested_branch_dag.py for tasks to queue
[2023-01-27T00:02:34.062+0000] {logging_mixin.py:120} INFO - [2023-01-27T00:02:34.062+0000] {dagbag.py:537} INFO - Filling up the DagBag from /home/airflow/.local/lib/python3.7/site-packages/airflow/example_dags/example_nested_branch_dag.py
[2023-01-27T00:02:34.078+0000] {processor.py:766} INFO - DAG(s) dict_keys(['example_nested_branch_dag']) retrieved from /home/airflow/.local/lib/python3.7/site-packages/airflow/example_dags/example_nested_branch_dag.py
[2023-01-27T00:02:34.105+0000] {logging_mixin.py:120} INFO - [2023-01-27T00:02:34.104+0000] {dag.py:2585} INFO - Sync 1 DAGs
[2023-01-27T00:02:34.124+0000] {logging_mixin.py:120} INFO - [2023-01-27T00:02:34.124+0000] {dag.py:3340} INFO - Setting next_dagrun for example_nested_branch_dag to 2023-01-26T00:00:00+00:00, run_after=2023-01-27T00:00:00+00:00
[2023-01-27T00:02:34.140+0000] {processor.py:176} INFO - Processing /home/airflow/.local/lib/python3.7/site-packages/airflow/example_dags/example_nested_branch_dag.py took 0.081 seconds
[2023-01-27T00:03:04.406+0000] {processor.py:154} INFO - Started process (PID=2301) to work on /home/airflow/.local/lib/python3.7/site-packages/airflow/example_dags/example_nested_branch_dag.py
[2023-01-27T00:03:04.408+0000] {processor.py:756} INFO - Processing file /home/airflow/.local/lib/python3.7/site-packages/airflow/example_dags/example_nested_branch_dag.py for tasks to queue
[2023-01-27T00:03:04.408+0000] {logging_mixin.py:120} INFO - [2023-01-27T00:03:04.408+0000] {dagbag.py:537} INFO - Filling up the DagBag from /home/airflow/.local/lib/python3.7/site-packages/airflow/example_dags/example_nested_branch_dag.py
[2023-01-27T00:03:04.423+0000] {processor.py:766} INFO - DAG(s) dict_keys(['example_nested_branch_dag']) retrieved from /home/airflow/.local/lib/python3.7/site-packages/airflow/example_dags/example_nested_branch_dag.py
[2023-01-27T00:03:04.449+0000] {logging_mixin.py:120} INFO - [2023-01-27T00:03:04.448+0000] {dag.py:2585} INFO - Sync 1 DAGs
[2023-01-27T00:03:04.467+0000] {logging_mixin.py:120} INFO - [2023-01-27T00:03:04.467+0000] {dag.py:3340} INFO - Setting next_dagrun for example_nested_branch_dag to 2023-01-26T00:00:00+00:00, run_after=2023-01-27T00:00:00+00:00
[2023-01-27T00:03:04.480+0000] {processor.py:176} INFO - Processing /home/airflow/.local/lib/python3.7/site-packages/airflow/example_dags/example_nested_branch_dag.py took 0.075 seconds
[2023-01-27T00:03:34.819+0000] {processor.py:154} INFO - Started process (PID=2369) to work on /home/airflow/.local/lib/python3.7/site-packages/airflow/example_dags/example_nested_branch_dag.py
[2023-01-27T00:03:34.819+0000] {processor.py:756} INFO - Processing file /home/airflow/.local/lib/python3.7/site-packages/airflow/example_dags/example_nested_branch_dag.py for tasks to queue
[2023-01-27T00:03:34.820+0000] {logging_mixin.py:120} INFO - [2023-01-27T00:03:34.820+0000] {dagbag.py:537} INFO - Filling up the DagBag from /home/airflow/.local/lib/python3.7/site-packages/airflow/example_dags/example_nested_branch_dag.py
[2023-01-27T00:03:34.835+0000] {processor.py:766} INFO - DAG(s) dict_keys(['example_nested_branch_dag']) retrieved from /home/airflow/.local/lib/python3.7/site-packages/airflow/example_dags/example_nested_branch_dag.py
[2023-01-27T00:03:34.860+0000] {logging_mixin.py:120} INFO - [2023-01-27T00:03:34.860+0000] {dag.py:2585} INFO - Sync 1 DAGs
[2023-01-27T00:03:34.877+0000] {logging_mixin.py:120} INFO - [2023-01-27T00:03:34.877+0000] {dag.py:3340} INFO - Setting next_dagrun for example_nested_branch_dag to 2023-01-26T00:00:00+00:00, run_after=2023-01-27T00:00:00+00:00
[2023-01-27T00:03:34.890+0000] {processor.py:176} INFO - Processing /home/airflow/.local/lib/python3.7/site-packages/airflow/example_dags/example_nested_branch_dag.py took 0.073 seconds
[2023-01-27T00:04:05.128+0000] {processor.py:154} INFO - Started process (PID=2437) to work on /home/airflow/.local/lib/python3.7/site-packages/airflow/example_dags/example_nested_branch_dag.py
[2023-01-27T00:04:05.129+0000] {processor.py:756} INFO - Processing file /home/airflow/.local/lib/python3.7/site-packages/airflow/example_dags/example_nested_branch_dag.py for tasks to queue
[2023-01-27T00:04:05.129+0000] {logging_mixin.py:120} INFO - [2023-01-27T00:04:05.129+0000] {dagbag.py:537} INFO - Filling up the DagBag from /home/airflow/.local/lib/python3.7/site-packages/airflow/example_dags/example_nested_branch_dag.py
[2023-01-27T00:04:05.145+0000] {processor.py:766} INFO - DAG(s) dict_keys(['example_nested_branch_dag']) retrieved from /home/airflow/.local/lib/python3.7/site-packages/airflow/example_dags/example_nested_branch_dag.py
[2023-01-27T00:04:05.171+0000] {logging_mixin.py:120} INFO - [2023-01-27T00:04:05.171+0000] {dag.py:2585} INFO - Sync 1 DAGs
[2023-01-27T00:04:05.189+0000] {logging_mixin.py:120} INFO - [2023-01-27T00:04:05.188+0000] {dag.py:3340} INFO - Setting next_dagrun for example_nested_branch_dag to 2023-01-26T00:00:00+00:00, run_after=2023-01-27T00:00:00+00:00
[2023-01-27T00:04:05.201+0000] {processor.py:176} INFO - Processing /home/airflow/.local/lib/python3.7/site-packages/airflow/example_dags/example_nested_branch_dag.py took 0.075 seconds
[2023-01-27T00:04:35.555+0000] {processor.py:154} INFO - Started process (PID=2496) to work on /home/airflow/.local/lib/python3.7/site-packages/airflow/example_dags/example_nested_branch_dag.py
[2023-01-27T00:04:35.556+0000] {processor.py:756} INFO - Processing file /home/airflow/.local/lib/python3.7/site-packages/airflow/example_dags/example_nested_branch_dag.py for tasks to queue
[2023-01-27T00:04:35.556+0000] {logging_mixin.py:120} INFO - [2023-01-27T00:04:35.556+0000] {dagbag.py:537} INFO - Filling up the DagBag from /home/airflow/.local/lib/python3.7/site-packages/airflow/example_dags/example_nested_branch_dag.py
[2023-01-27T00:04:35.578+0000] {processor.py:766} INFO - DAG(s) dict_keys(['example_nested_branch_dag']) retrieved from /home/airflow/.local/lib/python3.7/site-packages/airflow/example_dags/example_nested_branch_dag.py
[2023-01-27T00:04:35.606+0000] {logging_mixin.py:120} INFO - [2023-01-27T00:04:35.606+0000] {dag.py:2585} INFO - Sync 1 DAGs
[2023-01-27T00:04:35.626+0000] {logging_mixin.py:120} INFO - [2023-01-27T00:04:35.625+0000] {dag.py:3340} INFO - Setting next_dagrun for example_nested_branch_dag to 2023-01-26T00:00:00+00:00, run_after=2023-01-27T00:00:00+00:00
[2023-01-27T00:04:35.640+0000] {processor.py:176} INFO - Processing /home/airflow/.local/lib/python3.7/site-packages/airflow/example_dags/example_nested_branch_dag.py took 0.087 seconds
[2023-01-27T00:05:06.016+0000] {processor.py:154} INFO - Started process (PID=2564) to work on /home/airflow/.local/lib/python3.7/site-packages/airflow/example_dags/example_nested_branch_dag.py
[2023-01-27T00:05:06.017+0000] {processor.py:756} INFO - Processing file /home/airflow/.local/lib/python3.7/site-packages/airflow/example_dags/example_nested_branch_dag.py for tasks to queue
[2023-01-27T00:05:06.017+0000] {logging_mixin.py:120} INFO - [2023-01-27T00:05:06.017+0000] {dagbag.py:537} INFO - Filling up the DagBag from /home/airflow/.local/lib/python3.7/site-packages/airflow/example_dags/example_nested_branch_dag.py
[2023-01-27T00:05:06.033+0000] {processor.py:766} INFO - DAG(s) dict_keys(['example_nested_branch_dag']) retrieved from /home/airflow/.local/lib/python3.7/site-packages/airflow/example_dags/example_nested_branch_dag.py
[2023-01-27T00:05:06.057+0000] {logging_mixin.py:120} INFO - [2023-01-27T00:05:06.057+0000] {dag.py:2585} INFO - Sync 1 DAGs
[2023-01-27T00:05:06.075+0000] {logging_mixin.py:120} INFO - [2023-01-27T00:05:06.075+0000] {dag.py:3340} INFO - Setting next_dagrun for example_nested_branch_dag to 2023-01-26T00:00:00+00:00, run_after=2023-01-27T00:00:00+00:00
[2023-01-27T00:05:06.089+0000] {processor.py:176} INFO - Processing /home/airflow/.local/lib/python3.7/site-packages/airflow/example_dags/example_nested_branch_dag.py took 0.075 seconds
[2023-01-27T00:05:36.427+0000] {processor.py:154} INFO - Started process (PID=2632) to work on /home/airflow/.local/lib/python3.7/site-packages/airflow/example_dags/example_nested_branch_dag.py
[2023-01-27T00:05:36.428+0000] {processor.py:756} INFO - Processing file /home/airflow/.local/lib/python3.7/site-packages/airflow/example_dags/example_nested_branch_dag.py for tasks to queue
[2023-01-27T00:05:36.429+0000] {logging_mixin.py:120} INFO - [2023-01-27T00:05:36.429+0000] {dagbag.py:537} INFO - Filling up the DagBag from /home/airflow/.local/lib/python3.7/site-packages/airflow/example_dags/example_nested_branch_dag.py
[2023-01-27T00:05:36.443+0000] {processor.py:766} INFO - DAG(s) dict_keys(['example_nested_branch_dag']) retrieved from /home/airflow/.local/lib/python3.7/site-packages/airflow/example_dags/example_nested_branch_dag.py
[2023-01-27T00:05:36.467+0000] {logging_mixin.py:120} INFO - [2023-01-27T00:05:36.467+0000] {dag.py:2585} INFO - Sync 1 DAGs
[2023-01-27T00:05:36.483+0000] {logging_mixin.py:120} INFO - [2023-01-27T00:05:36.483+0000] {dag.py:3340} INFO - Setting next_dagrun for example_nested_branch_dag to 2023-01-26T00:00:00+00:00, run_after=2023-01-27T00:00:00+00:00
[2023-01-27T00:05:36.494+0000] {processor.py:176} INFO - Processing /home/airflow/.local/lib/python3.7/site-packages/airflow/example_dags/example_nested_branch_dag.py took 0.068 seconds
[2023-01-27T00:06:06.580+0000] {processor.py:154} INFO - Started process (PID=2700) to work on /home/airflow/.local/lib/python3.7/site-packages/airflow/example_dags/example_nested_branch_dag.py
[2023-01-27T00:06:06.581+0000] {processor.py:756} INFO - Processing file /home/airflow/.local/lib/python3.7/site-packages/airflow/example_dags/example_nested_branch_dag.py for tasks to queue
[2023-01-27T00:06:06.581+0000] {logging_mixin.py:120} INFO - [2023-01-27T00:06:06.581+0000] {dagbag.py:537} INFO - Filling up the DagBag from /home/airflow/.local/lib/python3.7/site-packages/airflow/example_dags/example_nested_branch_dag.py
[2023-01-27T00:06:06.596+0000] {processor.py:766} INFO - DAG(s) dict_keys(['example_nested_branch_dag']) retrieved from /home/airflow/.local/lib/python3.7/site-packages/airflow/example_dags/example_nested_branch_dag.py
[2023-01-27T00:06:06.623+0000] {logging_mixin.py:120} INFO - [2023-01-27T00:06:06.623+0000] {dag.py:2585} INFO - Sync 1 DAGs
[2023-01-27T00:06:06.641+0000] {logging_mixin.py:120} INFO - [2023-01-27T00:06:06.641+0000] {dag.py:3340} INFO - Setting next_dagrun for example_nested_branch_dag to 2023-01-26T00:00:00+00:00, run_after=2023-01-27T00:00:00+00:00
[2023-01-27T00:06:06.658+0000] {processor.py:176} INFO - Processing /home/airflow/.local/lib/python3.7/site-packages/airflow/example_dags/example_nested_branch_dag.py took 0.081 seconds
[2023-01-27T00:06:36.858+0000] {processor.py:154} INFO - Started process (PID=2767) to work on /home/airflow/.local/lib/python3.7/site-packages/airflow/example_dags/example_nested_branch_dag.py
[2023-01-27T00:06:36.860+0000] {processor.py:756} INFO - Processing file /home/airflow/.local/lib/python3.7/site-packages/airflow/example_dags/example_nested_branch_dag.py for tasks to queue
[2023-01-27T00:06:36.860+0000] {logging_mixin.py:120} INFO - [2023-01-27T00:06:36.860+0000] {dagbag.py:537} INFO - Filling up the DagBag from /home/airflow/.local/lib/python3.7/site-packages/airflow/example_dags/example_nested_branch_dag.py
[2023-01-27T00:06:36.882+0000] {processor.py:766} INFO - DAG(s) dict_keys(['example_nested_branch_dag']) retrieved from /home/airflow/.local/lib/python3.7/site-packages/airflow/example_dags/example_nested_branch_dag.py
[2023-01-27T00:06:36.915+0000] {logging_mixin.py:120} INFO - [2023-01-27T00:06:36.915+0000] {dag.py:2585} INFO - Sync 1 DAGs
[2023-01-27T00:06:36.941+0000] {logging_mixin.py:120} INFO - [2023-01-27T00:06:36.940+0000] {dag.py:3340} INFO - Setting next_dagrun for example_nested_branch_dag to 2023-01-26T00:00:00+00:00, run_after=2023-01-27T00:00:00+00:00
[2023-01-27T00:06:36.961+0000] {processor.py:176} INFO - Processing /home/airflow/.local/lib/python3.7/site-packages/airflow/example_dags/example_nested_branch_dag.py took 0.105 seconds
[2023-01-27T00:07:07.139+0000] {processor.py:154} INFO - Started process (PID=2828) to work on /home/airflow/.local/lib/python3.7/site-packages/airflow/example_dags/example_nested_branch_dag.py
[2023-01-27T00:07:07.140+0000] {processor.py:756} INFO - Processing file /home/airflow/.local/lib/python3.7/site-packages/airflow/example_dags/example_nested_branch_dag.py for tasks to queue
[2023-01-27T00:07:07.140+0000] {logging_mixin.py:120} INFO - [2023-01-27T00:07:07.140+0000] {dagbag.py:537} INFO - Filling up the DagBag from /home/airflow/.local/lib/python3.7/site-packages/airflow/example_dags/example_nested_branch_dag.py
[2023-01-27T00:07:07.155+0000] {processor.py:766} INFO - DAG(s) dict_keys(['example_nested_branch_dag']) retrieved from /home/airflow/.local/lib/python3.7/site-packages/airflow/example_dags/example_nested_branch_dag.py
[2023-01-27T00:07:07.180+0000] {logging_mixin.py:120} INFO - [2023-01-27T00:07:07.180+0000] {dag.py:2585} INFO - Sync 1 DAGs
[2023-01-27T00:07:07.197+0000] {logging_mixin.py:120} INFO - [2023-01-27T00:07:07.197+0000] {dag.py:3340} INFO - Setting next_dagrun for example_nested_branch_dag to 2023-01-26T00:00:00+00:00, run_after=2023-01-27T00:00:00+00:00
[2023-01-27T00:07:07.209+0000] {processor.py:176} INFO - Processing /home/airflow/.local/lib/python3.7/site-packages/airflow/example_dags/example_nested_branch_dag.py took 0.072 seconds
[2023-01-27T00:07:37.271+0000] {processor.py:154} INFO - Started process (PID=2896) to work on /home/airflow/.local/lib/python3.7/site-packages/airflow/example_dags/example_nested_branch_dag.py
[2023-01-27T00:07:37.272+0000] {processor.py:756} INFO - Processing file /home/airflow/.local/lib/python3.7/site-packages/airflow/example_dags/example_nested_branch_dag.py for tasks to queue
[2023-01-27T00:07:37.273+0000] {logging_mixin.py:120} INFO - [2023-01-27T00:07:37.273+0000] {dagbag.py:537} INFO - Filling up the DagBag from /home/airflow/.local/lib/python3.7/site-packages/airflow/example_dags/example_nested_branch_dag.py
[2023-01-27T00:07:37.288+0000] {processor.py:766} INFO - DAG(s) dict_keys(['example_nested_branch_dag']) retrieved from /home/airflow/.local/lib/python3.7/site-packages/airflow/example_dags/example_nested_branch_dag.py
[2023-01-27T00:07:37.315+0000] {logging_mixin.py:120} INFO - [2023-01-27T00:07:37.315+0000] {dag.py:2585} INFO - Sync 1 DAGs
[2023-01-27T00:07:37.333+0000] {logging_mixin.py:120} INFO - [2023-01-27T00:07:37.333+0000] {dag.py:3340} INFO - Setting next_dagrun for example_nested_branch_dag to 2023-01-26T00:00:00+00:00, run_after=2023-01-27T00:00:00+00:00
[2023-01-27T00:07:37.345+0000] {processor.py:176} INFO - Processing /home/airflow/.local/lib/python3.7/site-packages/airflow/example_dags/example_nested_branch_dag.py took 0.075 seconds
[2023-01-27T00:08:07.505+0000] {processor.py:154} INFO - Started process (PID=2962) to work on /home/airflow/.local/lib/python3.7/site-packages/airflow/example_dags/example_nested_branch_dag.py
[2023-01-27T00:08:07.506+0000] {processor.py:756} INFO - Processing file /home/airflow/.local/lib/python3.7/site-packages/airflow/example_dags/example_nested_branch_dag.py for tasks to queue
[2023-01-27T00:08:07.507+0000] {logging_mixin.py:120} INFO - [2023-01-27T00:08:07.507+0000] {dagbag.py:537} INFO - Filling up the DagBag from /home/airflow/.local/lib/python3.7/site-packages/airflow/example_dags/example_nested_branch_dag.py
[2023-01-27T00:08:07.522+0000] {processor.py:766} INFO - DAG(s) dict_keys(['example_nested_branch_dag']) retrieved from /home/airflow/.local/lib/python3.7/site-packages/airflow/example_dags/example_nested_branch_dag.py
[2023-01-27T00:08:07.548+0000] {logging_mixin.py:120} INFO - [2023-01-27T00:08:07.548+0000] {dag.py:2585} INFO - Sync 1 DAGs
[2023-01-27T00:08:07.564+0000] {logging_mixin.py:120} INFO - [2023-01-27T00:08:07.564+0000] {dag.py:3340} INFO - Setting next_dagrun for example_nested_branch_dag to 2023-01-26T00:00:00+00:00, run_after=2023-01-27T00:00:00+00:00
[2023-01-27T00:08:07.576+0000] {processor.py:176} INFO - Processing /home/airflow/.local/lib/python3.7/site-packages/airflow/example_dags/example_nested_branch_dag.py took 0.073 seconds
[2023-01-27T00:08:37.691+0000] {processor.py:154} INFO - Started process (PID=3030) to work on /home/airflow/.local/lib/python3.7/site-packages/airflow/example_dags/example_nested_branch_dag.py
[2023-01-27T00:08:37.692+0000] {processor.py:756} INFO - Processing file /home/airflow/.local/lib/python3.7/site-packages/airflow/example_dags/example_nested_branch_dag.py for tasks to queue
[2023-01-27T00:08:37.692+0000] {logging_mixin.py:120} INFO - [2023-01-27T00:08:37.692+0000] {dagbag.py:537} INFO - Filling up the DagBag from /home/airflow/.local/lib/python3.7/site-packages/airflow/example_dags/example_nested_branch_dag.py
[2023-01-27T00:08:37.708+0000] {processor.py:766} INFO - DAG(s) dict_keys(['example_nested_branch_dag']) retrieved from /home/airflow/.local/lib/python3.7/site-packages/airflow/example_dags/example_nested_branch_dag.py
[2023-01-27T00:08:37.734+0000] {logging_mixin.py:120} INFO - [2023-01-27T00:08:37.733+0000] {dag.py:2585} INFO - Sync 1 DAGs
[2023-01-27T00:08:37.753+0000] {logging_mixin.py:120} INFO - [2023-01-27T00:08:37.753+0000] {dag.py:3340} INFO - Setting next_dagrun for example_nested_branch_dag to 2023-01-26T00:00:00+00:00, run_after=2023-01-27T00:00:00+00:00
[2023-01-27T00:08:37.765+0000] {processor.py:176} INFO - Processing /home/airflow/.local/lib/python3.7/site-packages/airflow/example_dags/example_nested_branch_dag.py took 0.076 seconds
[2023-01-27T00:09:07.871+0000] {processor.py:154} INFO - Started process (PID=3089) to work on /home/airflow/.local/lib/python3.7/site-packages/airflow/example_dags/example_nested_branch_dag.py
[2023-01-27T00:09:07.872+0000] {processor.py:756} INFO - Processing file /home/airflow/.local/lib/python3.7/site-packages/airflow/example_dags/example_nested_branch_dag.py for tasks to queue
[2023-01-27T00:09:07.872+0000] {logging_mixin.py:120} INFO - [2023-01-27T00:09:07.872+0000] {dagbag.py:537} INFO - Filling up the DagBag from /home/airflow/.local/lib/python3.7/site-packages/airflow/example_dags/example_nested_branch_dag.py
[2023-01-27T00:09:07.887+0000] {processor.py:766} INFO - DAG(s) dict_keys(['example_nested_branch_dag']) retrieved from /home/airflow/.local/lib/python3.7/site-packages/airflow/example_dags/example_nested_branch_dag.py
[2023-01-27T00:09:07.912+0000] {logging_mixin.py:120} INFO - [2023-01-27T00:09:07.912+0000] {dag.py:2585} INFO - Sync 1 DAGs
[2023-01-27T00:09:07.928+0000] {logging_mixin.py:120} INFO - [2023-01-27T00:09:07.927+0000] {dag.py:3340} INFO - Setting next_dagrun for example_nested_branch_dag to 2023-01-26T00:00:00+00:00, run_after=2023-01-27T00:00:00+00:00
[2023-01-27T00:09:07.939+0000] {processor.py:176} INFO - Processing /home/airflow/.local/lib/python3.7/site-packages/airflow/example_dags/example_nested_branch_dag.py took 0.070 seconds
[2023-01-27T00:09:38.221+0000] {processor.py:154} INFO - Started process (PID=3156) to work on /home/airflow/.local/lib/python3.7/site-packages/airflow/example_dags/example_nested_branch_dag.py
[2023-01-27T00:09:38.222+0000] {processor.py:756} INFO - Processing file /home/airflow/.local/lib/python3.7/site-packages/airflow/example_dags/example_nested_branch_dag.py for tasks to queue
[2023-01-27T00:09:38.223+0000] {logging_mixin.py:120} INFO - [2023-01-27T00:09:38.223+0000] {dagbag.py:537} INFO - Filling up the DagBag from /home/airflow/.local/lib/python3.7/site-packages/airflow/example_dags/example_nested_branch_dag.py
[2023-01-27T00:09:38.237+0000] {processor.py:766} INFO - DAG(s) dict_keys(['example_nested_branch_dag']) retrieved from /home/airflow/.local/lib/python3.7/site-packages/airflow/example_dags/example_nested_branch_dag.py
[2023-01-27T00:09:38.264+0000] {logging_mixin.py:120} INFO - [2023-01-27T00:09:38.264+0000] {dag.py:2585} INFO - Sync 1 DAGs
[2023-01-27T00:09:38.281+0000] {logging_mixin.py:120} INFO - [2023-01-27T00:09:38.281+0000] {dag.py:3340} INFO - Setting next_dagrun for example_nested_branch_dag to 2023-01-26T00:00:00+00:00, run_after=2023-01-27T00:00:00+00:00
[2023-01-27T00:09:38.296+0000] {processor.py:176} INFO - Processing /home/airflow/.local/lib/python3.7/site-packages/airflow/example_dags/example_nested_branch_dag.py took 0.077 seconds
[2023-01-27T00:10:08.749+0000] {processor.py:154} INFO - Started process (PID=3225) to work on /home/airflow/.local/lib/python3.7/site-packages/airflow/example_dags/example_nested_branch_dag.py
[2023-01-27T00:10:08.750+0000] {processor.py:756} INFO - Processing file /home/airflow/.local/lib/python3.7/site-packages/airflow/example_dags/example_nested_branch_dag.py for tasks to queue
[2023-01-27T00:10:08.750+0000] {logging_mixin.py:120} INFO - [2023-01-27T00:10:08.750+0000] {dagbag.py:537} INFO - Filling up the DagBag from /home/airflow/.local/lib/python3.7/site-packages/airflow/example_dags/example_nested_branch_dag.py
[2023-01-27T00:10:08.765+0000] {processor.py:766} INFO - DAG(s) dict_keys(['example_nested_branch_dag']) retrieved from /home/airflow/.local/lib/python3.7/site-packages/airflow/example_dags/example_nested_branch_dag.py
[2023-01-27T00:10:08.791+0000] {logging_mixin.py:120} INFO - [2023-01-27T00:10:08.791+0000] {dag.py:2585} INFO - Sync 1 DAGs
[2023-01-27T00:10:08.809+0000] {logging_mixin.py:120} INFO - [2023-01-27T00:10:08.809+0000] {dag.py:3340} INFO - Setting next_dagrun for example_nested_branch_dag to 2023-01-26T00:00:00+00:00, run_after=2023-01-27T00:00:00+00:00
[2023-01-27T00:10:08.824+0000] {processor.py:176} INFO - Processing /home/airflow/.local/lib/python3.7/site-packages/airflow/example_dags/example_nested_branch_dag.py took 0.077 seconds
[2023-01-27T00:10:39.035+0000] {processor.py:154} INFO - Started process (PID=3293) to work on /home/airflow/.local/lib/python3.7/site-packages/airflow/example_dags/example_nested_branch_dag.py
[2023-01-27T00:10:39.036+0000] {processor.py:756} INFO - Processing file /home/airflow/.local/lib/python3.7/site-packages/airflow/example_dags/example_nested_branch_dag.py for tasks to queue
[2023-01-27T00:10:39.037+0000] {logging_mixin.py:120} INFO - [2023-01-27T00:10:39.037+0000] {dagbag.py:537} INFO - Filling up the DagBag from /home/airflow/.local/lib/python3.7/site-packages/airflow/example_dags/example_nested_branch_dag.py
[2023-01-27T00:10:39.053+0000] {processor.py:766} INFO - DAG(s) dict_keys(['example_nested_branch_dag']) retrieved from /home/airflow/.local/lib/python3.7/site-packages/airflow/example_dags/example_nested_branch_dag.py
[2023-01-27T00:10:39.079+0000] {logging_mixin.py:120} INFO - [2023-01-27T00:10:39.079+0000] {dag.py:2585} INFO - Sync 1 DAGs
[2023-01-27T00:10:39.097+0000] {logging_mixin.py:120} INFO - [2023-01-27T00:10:39.097+0000] {dag.py:3340} INFO - Setting next_dagrun for example_nested_branch_dag to 2023-01-26T00:00:00+00:00, run_after=2023-01-27T00:00:00+00:00
[2023-01-27T00:10:39.110+0000] {processor.py:176} INFO - Processing /home/airflow/.local/lib/python3.7/site-packages/airflow/example_dags/example_nested_branch_dag.py took 0.077 seconds
[2023-01-27T00:11:09.384+0000] {processor.py:154} INFO - Started process (PID=3352) to work on /home/airflow/.local/lib/python3.7/site-packages/airflow/example_dags/example_nested_branch_dag.py
[2023-01-27T00:11:09.385+0000] {processor.py:756} INFO - Processing file /home/airflow/.local/lib/python3.7/site-packages/airflow/example_dags/example_nested_branch_dag.py for tasks to queue
[2023-01-27T00:11:09.385+0000] {logging_mixin.py:120} INFO - [2023-01-27T00:11:09.385+0000] {dagbag.py:537} INFO - Filling up the DagBag from /home/airflow/.local/lib/python3.7/site-packages/airflow/example_dags/example_nested_branch_dag.py
[2023-01-27T00:11:09.400+0000] {processor.py:766} INFO - DAG(s) dict_keys(['example_nested_branch_dag']) retrieved from /home/airflow/.local/lib/python3.7/site-packages/airflow/example_dags/example_nested_branch_dag.py
[2023-01-27T00:11:09.426+0000] {logging_mixin.py:120} INFO - [2023-01-27T00:11:09.426+0000] {dag.py:2585} INFO - Sync 1 DAGs
[2023-01-27T00:11:09.442+0000] {logging_mixin.py:120} INFO - [2023-01-27T00:11:09.442+0000] {dag.py:3340} INFO - Setting next_dagrun for example_nested_branch_dag to 2023-01-26T00:00:00+00:00, run_after=2023-01-27T00:00:00+00:00
[2023-01-27T00:11:09.454+0000] {processor.py:176} INFO - Processing /home/airflow/.local/lib/python3.7/site-packages/airflow/example_dags/example_nested_branch_dag.py took 0.072 seconds
[2023-01-27T00:11:39.723+0000] {processor.py:154} INFO - Started process (PID=3420) to work on /home/airflow/.local/lib/python3.7/site-packages/airflow/example_dags/example_nested_branch_dag.py
[2023-01-27T00:11:39.725+0000] {processor.py:756} INFO - Processing file /home/airflow/.local/lib/python3.7/site-packages/airflow/example_dags/example_nested_branch_dag.py for tasks to queue
[2023-01-27T00:11:39.725+0000] {logging_mixin.py:120} INFO - [2023-01-27T00:11:39.725+0000] {dagbag.py:537} INFO - Filling up the DagBag from /home/airflow/.local/lib/python3.7/site-packages/airflow/example_dags/example_nested_branch_dag.py
[2023-01-27T00:11:39.741+0000] {processor.py:766} INFO - DAG(s) dict_keys(['example_nested_branch_dag']) retrieved from /home/airflow/.local/lib/python3.7/site-packages/airflow/example_dags/example_nested_branch_dag.py
[2023-01-27T00:11:39.770+0000] {logging_mixin.py:120} INFO - [2023-01-27T00:11:39.770+0000] {dag.py:2585} INFO - Sync 1 DAGs
[2023-01-27T00:11:39.789+0000] {logging_mixin.py:120} INFO - [2023-01-27T00:11:39.788+0000] {dag.py:3340} INFO - Setting next_dagrun for example_nested_branch_dag to 2023-01-26T00:00:00+00:00, run_after=2023-01-27T00:00:00+00:00
[2023-01-27T00:11:39.803+0000] {processor.py:176} INFO - Processing /home/airflow/.local/lib/python3.7/site-packages/airflow/example_dags/example_nested_branch_dag.py took 0.082 seconds
[2023-01-27T00:12:10.023+0000] {processor.py:154} INFO - Started process (PID=3488) to work on /home/airflow/.local/lib/python3.7/site-packages/airflow/example_dags/example_nested_branch_dag.py
[2023-01-27T00:12:10.024+0000] {processor.py:756} INFO - Processing file /home/airflow/.local/lib/python3.7/site-packages/airflow/example_dags/example_nested_branch_dag.py for tasks to queue
[2023-01-27T00:12:10.024+0000] {logging_mixin.py:120} INFO - [2023-01-27T00:12:10.024+0000] {dagbag.py:537} INFO - Filling up the DagBag from /home/airflow/.local/lib/python3.7/site-packages/airflow/example_dags/example_nested_branch_dag.py
[2023-01-27T00:12:10.040+0000] {processor.py:766} INFO - DAG(s) dict_keys(['example_nested_branch_dag']) retrieved from /home/airflow/.local/lib/python3.7/site-packages/airflow/example_dags/example_nested_branch_dag.py
[2023-01-27T00:12:10.069+0000] {logging_mixin.py:120} INFO - [2023-01-27T00:12:10.069+0000] {dag.py:2585} INFO - Sync 1 DAGs
[2023-01-27T00:12:10.091+0000] {logging_mixin.py:120} INFO - [2023-01-27T00:12:10.091+0000] {dag.py:3340} INFO - Setting next_dagrun for example_nested_branch_dag to 2023-01-26T00:00:00+00:00, run_after=2023-01-27T00:00:00+00:00
[2023-01-27T00:12:10.103+0000] {processor.py:176} INFO - Processing /home/airflow/.local/lib/python3.7/site-packages/airflow/example_dags/example_nested_branch_dag.py took 0.082 seconds
[2023-01-27T00:12:40.331+0000] {processor.py:154} INFO - Started process (PID=3556) to work on /home/airflow/.local/lib/python3.7/site-packages/airflow/example_dags/example_nested_branch_dag.py
[2023-01-27T00:12:40.332+0000] {processor.py:756} INFO - Processing file /home/airflow/.local/lib/python3.7/site-packages/airflow/example_dags/example_nested_branch_dag.py for tasks to queue
[2023-01-27T00:12:40.332+0000] {logging_mixin.py:120} INFO - [2023-01-27T00:12:40.332+0000] {dagbag.py:537} INFO - Filling up the DagBag from /home/airflow/.local/lib/python3.7/site-packages/airflow/example_dags/example_nested_branch_dag.py
[2023-01-27T00:12:40.347+0000] {processor.py:766} INFO - DAG(s) dict_keys(['example_nested_branch_dag']) retrieved from /home/airflow/.local/lib/python3.7/site-packages/airflow/example_dags/example_nested_branch_dag.py
[2023-01-27T00:12:40.372+0000] {logging_mixin.py:120} INFO - [2023-01-27T00:12:40.372+0000] {dag.py:2585} INFO - Sync 1 DAGs
[2023-01-27T00:12:40.390+0000] {logging_mixin.py:120} INFO - [2023-01-27T00:12:40.390+0000] {dag.py:3340} INFO - Setting next_dagrun for example_nested_branch_dag to 2023-01-26T00:00:00+00:00, run_after=2023-01-27T00:00:00+00:00
[2023-01-27T00:12:40.402+0000] {processor.py:176} INFO - Processing /home/airflow/.local/lib/python3.7/site-packages/airflow/example_dags/example_nested_branch_dag.py took 0.073 seconds
[2023-01-27T00:13:10.788+0000] {processor.py:154} INFO - Started process (PID=3623) to work on /home/airflow/.local/lib/python3.7/site-packages/airflow/example_dags/example_nested_branch_dag.py
[2023-01-27T00:13:10.788+0000] {processor.py:756} INFO - Processing file /home/airflow/.local/lib/python3.7/site-packages/airflow/example_dags/example_nested_branch_dag.py for tasks to queue
[2023-01-27T00:13:10.789+0000] {logging_mixin.py:120} INFO - [2023-01-27T00:13:10.789+0000] {dagbag.py:537} INFO - Filling up the DagBag from /home/airflow/.local/lib/python3.7/site-packages/airflow/example_dags/example_nested_branch_dag.py
[2023-01-27T00:13:10.805+0000] {processor.py:766} INFO - DAG(s) dict_keys(['example_nested_branch_dag']) retrieved from /home/airflow/.local/lib/python3.7/site-packages/airflow/example_dags/example_nested_branch_dag.py
[2023-01-27T00:13:10.837+0000] {logging_mixin.py:120} INFO - [2023-01-27T00:13:10.837+0000] {dag.py:2585} INFO - Sync 1 DAGs
[2023-01-27T00:13:10.864+0000] {logging_mixin.py:120} INFO - [2023-01-27T00:13:10.864+0000] {dag.py:3340} INFO - Setting next_dagrun for example_nested_branch_dag to 2023-01-26T00:00:00+00:00, run_after=2023-01-27T00:00:00+00:00
[2023-01-27T00:13:10.881+0000] {processor.py:176} INFO - Processing /home/airflow/.local/lib/python3.7/site-packages/airflow/example_dags/example_nested_branch_dag.py took 0.095 seconds
[2023-01-27T00:13:41.022+0000] {processor.py:154} INFO - Started process (PID=3682) to work on /home/airflow/.local/lib/python3.7/site-packages/airflow/example_dags/example_nested_branch_dag.py
[2023-01-27T00:13:41.023+0000] {processor.py:756} INFO - Processing file /home/airflow/.local/lib/python3.7/site-packages/airflow/example_dags/example_nested_branch_dag.py for tasks to queue
[2023-01-27T00:13:41.023+0000] {logging_mixin.py:120} INFO - [2023-01-27T00:13:41.023+0000] {dagbag.py:537} INFO - Filling up the DagBag from /home/airflow/.local/lib/python3.7/site-packages/airflow/example_dags/example_nested_branch_dag.py
[2023-01-27T00:13:41.038+0000] {processor.py:766} INFO - DAG(s) dict_keys(['example_nested_branch_dag']) retrieved from /home/airflow/.local/lib/python3.7/site-packages/airflow/example_dags/example_nested_branch_dag.py
[2023-01-27T00:13:41.064+0000] {logging_mixin.py:120} INFO - [2023-01-27T00:13:41.064+0000] {dag.py:2585} INFO - Sync 1 DAGs
[2023-01-27T00:13:41.081+0000] {logging_mixin.py:120} INFO - [2023-01-27T00:13:41.081+0000] {dag.py:3340} INFO - Setting next_dagrun for example_nested_branch_dag to 2023-01-26T00:00:00+00:00, run_after=2023-01-27T00:00:00+00:00
[2023-01-27T00:13:41.094+0000] {processor.py:176} INFO - Processing /home/airflow/.local/lib/python3.7/site-packages/airflow/example_dags/example_nested_branch_dag.py took 0.074 seconds
[2023-01-27T00:14:11.245+0000] {processor.py:154} INFO - Started process (PID=3750) to work on /home/airflow/.local/lib/python3.7/site-packages/airflow/example_dags/example_nested_branch_dag.py
[2023-01-27T00:14:11.245+0000] {processor.py:756} INFO - Processing file /home/airflow/.local/lib/python3.7/site-packages/airflow/example_dags/example_nested_branch_dag.py for tasks to queue
[2023-01-27T00:14:11.245+0000] {logging_mixin.py:120} INFO - [2023-01-27T00:14:11.245+0000] {dagbag.py:537} INFO - Filling up the DagBag from /home/airflow/.local/lib/python3.7/site-packages/airflow/example_dags/example_nested_branch_dag.py
[2023-01-27T00:14:11.261+0000] {processor.py:766} INFO - DAG(s) dict_keys(['example_nested_branch_dag']) retrieved from /home/airflow/.local/lib/python3.7/site-packages/airflow/example_dags/example_nested_branch_dag.py
[2023-01-27T00:14:11.291+0000] {logging_mixin.py:120} INFO - [2023-01-27T00:14:11.290+0000] {dag.py:2585} INFO - Sync 1 DAGs
[2023-01-27T00:14:11.308+0000] {logging_mixin.py:120} INFO - [2023-01-27T00:14:11.308+0000] {dag.py:3340} INFO - Setting next_dagrun for example_nested_branch_dag to 2023-01-26T00:00:00+00:00, run_after=2023-01-27T00:00:00+00:00
[2023-01-27T00:14:11.321+0000] {processor.py:176} INFO - Processing /home/airflow/.local/lib/python3.7/site-packages/airflow/example_dags/example_nested_branch_dag.py took 0.078 seconds
[2023-01-27T00:14:41.436+0000] {processor.py:154} INFO - Started process (PID=3817) to work on /home/airflow/.local/lib/python3.7/site-packages/airflow/example_dags/example_nested_branch_dag.py
[2023-01-27T00:14:41.437+0000] {processor.py:756} INFO - Processing file /home/airflow/.local/lib/python3.7/site-packages/airflow/example_dags/example_nested_branch_dag.py for tasks to queue
[2023-01-27T00:14:41.437+0000] {logging_mixin.py:120} INFO - [2023-01-27T00:14:41.437+0000] {dagbag.py:537} INFO - Filling up the DagBag from /home/airflow/.local/lib/python3.7/site-packages/airflow/example_dags/example_nested_branch_dag.py
[2023-01-27T00:14:41.451+0000] {processor.py:766} INFO - DAG(s) dict_keys(['example_nested_branch_dag']) retrieved from /home/airflow/.local/lib/python3.7/site-packages/airflow/example_dags/example_nested_branch_dag.py
[2023-01-27T00:14:41.475+0000] {logging_mixin.py:120} INFO - [2023-01-27T00:14:41.475+0000] {dag.py:2585} INFO - Sync 1 DAGs
[2023-01-27T00:14:41.497+0000] {logging_mixin.py:120} INFO - [2023-01-27T00:14:41.497+0000] {dag.py:3340} INFO - Setting next_dagrun for example_nested_branch_dag to 2023-01-26T00:00:00+00:00, run_after=2023-01-27T00:00:00+00:00
[2023-01-27T00:14:41.512+0000] {processor.py:176} INFO - Processing /home/airflow/.local/lib/python3.7/site-packages/airflow/example_dags/example_nested_branch_dag.py took 0.078 seconds
[2023-01-27T00:15:11.607+0000] {processor.py:154} INFO - Started process (PID=3886) to work on /home/airflow/.local/lib/python3.7/site-packages/airflow/example_dags/example_nested_branch_dag.py
[2023-01-27T00:15:11.608+0000] {processor.py:756} INFO - Processing file /home/airflow/.local/lib/python3.7/site-packages/airflow/example_dags/example_nested_branch_dag.py for tasks to queue
[2023-01-27T00:15:11.608+0000] {logging_mixin.py:120} INFO - [2023-01-27T00:15:11.608+0000] {dagbag.py:537} INFO - Filling up the DagBag from /home/airflow/.local/lib/python3.7/site-packages/airflow/example_dags/example_nested_branch_dag.py
[2023-01-27T00:15:11.623+0000] {processor.py:766} INFO - DAG(s) dict_keys(['example_nested_branch_dag']) retrieved from /home/airflow/.local/lib/python3.7/site-packages/airflow/example_dags/example_nested_branch_dag.py
[2023-01-27T00:15:11.650+0000] {logging_mixin.py:120} INFO - [2023-01-27T00:15:11.649+0000] {dag.py:2585} INFO - Sync 1 DAGs
[2023-01-27T00:15:11.666+0000] {logging_mixin.py:120} INFO - [2023-01-27T00:15:11.666+0000] {dag.py:3340} INFO - Setting next_dagrun for example_nested_branch_dag to 2023-01-26T00:00:00+00:00, run_after=2023-01-27T00:00:00+00:00
[2023-01-27T00:15:11.679+0000] {processor.py:176} INFO - Processing /home/airflow/.local/lib/python3.7/site-packages/airflow/example_dags/example_nested_branch_dag.py took 0.073 seconds
[2023-01-27T00:15:42.146+0000] {processor.py:154} INFO - Started process (PID=3945) to work on /home/airflow/.local/lib/python3.7/site-packages/airflow/example_dags/example_nested_branch_dag.py
[2023-01-27T00:15:42.147+0000] {processor.py:756} INFO - Processing file /home/airflow/.local/lib/python3.7/site-packages/airflow/example_dags/example_nested_branch_dag.py for tasks to queue
[2023-01-27T00:15:42.148+0000] {logging_mixin.py:120} INFO - [2023-01-27T00:15:42.147+0000] {dagbag.py:537} INFO - Filling up the DagBag from /home/airflow/.local/lib/python3.7/site-packages/airflow/example_dags/example_nested_branch_dag.py
[2023-01-27T00:15:42.163+0000] {processor.py:766} INFO - DAG(s) dict_keys(['example_nested_branch_dag']) retrieved from /home/airflow/.local/lib/python3.7/site-packages/airflow/example_dags/example_nested_branch_dag.py
[2023-01-27T00:15:42.188+0000] {logging_mixin.py:120} INFO - [2023-01-27T00:15:42.188+0000] {dag.py:2585} INFO - Sync 1 DAGs
[2023-01-27T00:15:42.205+0000] {logging_mixin.py:120} INFO - [2023-01-27T00:15:42.204+0000] {dag.py:3340} INFO - Setting next_dagrun for example_nested_branch_dag to 2023-01-26T00:00:00+00:00, run_after=2023-01-27T00:00:00+00:00
[2023-01-27T00:15:42.217+0000] {processor.py:176} INFO - Processing /home/airflow/.local/lib/python3.7/site-packages/airflow/example_dags/example_nested_branch_dag.py took 0.073 seconds
[2023-01-27T00:16:12.479+0000] {processor.py:154} INFO - Started process (PID=4013) to work on /home/airflow/.local/lib/python3.7/site-packages/airflow/example_dags/example_nested_branch_dag.py
[2023-01-27T00:16:12.480+0000] {processor.py:756} INFO - Processing file /home/airflow/.local/lib/python3.7/site-packages/airflow/example_dags/example_nested_branch_dag.py for tasks to queue
[2023-01-27T00:16:12.480+0000] {logging_mixin.py:120} INFO - [2023-01-27T00:16:12.480+0000] {dagbag.py:537} INFO - Filling up the DagBag from /home/airflow/.local/lib/python3.7/site-packages/airflow/example_dags/example_nested_branch_dag.py
[2023-01-27T00:16:12.494+0000] {processor.py:766} INFO - DAG(s) dict_keys(['example_nested_branch_dag']) retrieved from /home/airflow/.local/lib/python3.7/site-packages/airflow/example_dags/example_nested_branch_dag.py
[2023-01-27T00:16:12.518+0000] {logging_mixin.py:120} INFO - [2023-01-27T00:16:12.518+0000] {dag.py:2585} INFO - Sync 1 DAGs
[2023-01-27T00:16:12.535+0000] {logging_mixin.py:120} INFO - [2023-01-27T00:16:12.534+0000] {dag.py:3340} INFO - Setting next_dagrun for example_nested_branch_dag to 2023-01-26T00:00:00+00:00, run_after=2023-01-27T00:00:00+00:00
[2023-01-27T00:16:12.546+0000] {processor.py:176} INFO - Processing /home/airflow/.local/lib/python3.7/site-packages/airflow/example_dags/example_nested_branch_dag.py took 0.069 seconds
[2023-01-27T00:16:43.170+0000] {processor.py:154} INFO - Started process (PID=4081) to work on /home/airflow/.local/lib/python3.7/site-packages/airflow/example_dags/example_nested_branch_dag.py
[2023-01-27T00:16:43.170+0000] {processor.py:756} INFO - Processing file /home/airflow/.local/lib/python3.7/site-packages/airflow/example_dags/example_nested_branch_dag.py for tasks to queue
[2023-01-27T00:16:43.170+0000] {logging_mixin.py:120} INFO - [2023-01-27T00:16:43.170+0000] {dagbag.py:537} INFO - Filling up the DagBag from /home/airflow/.local/lib/python3.7/site-packages/airflow/example_dags/example_nested_branch_dag.py
[2023-01-27T00:16:43.186+0000] {processor.py:766} INFO - DAG(s) dict_keys(['example_nested_branch_dag']) retrieved from /home/airflow/.local/lib/python3.7/site-packages/airflow/example_dags/example_nested_branch_dag.py
[2023-01-27T00:16:43.200+0000] {logging_mixin.py:120} INFO - [2023-01-27T00:16:43.200+0000] {dag.py:2585} INFO - Sync 1 DAGs
[2023-01-27T00:16:43.219+0000] {logging_mixin.py:120} INFO - [2023-01-27T00:16:43.219+0000] {dag.py:3340} INFO - Setting next_dagrun for example_nested_branch_dag to 2023-01-26T00:00:00+00:00, run_after=2023-01-27T00:00:00+00:00
[2023-01-27T00:16:43.231+0000] {processor.py:176} INFO - Processing /home/airflow/.local/lib/python3.7/site-packages/airflow/example_dags/example_nested_branch_dag.py took 0.063 seconds
[2023-01-27T00:17:13.356+0000] {processor.py:154} INFO - Started process (PID=4148) to work on /home/airflow/.local/lib/python3.7/site-packages/airflow/example_dags/example_nested_branch_dag.py
[2023-01-27T00:17:13.357+0000] {processor.py:756} INFO - Processing file /home/airflow/.local/lib/python3.7/site-packages/airflow/example_dags/example_nested_branch_dag.py for tasks to queue
[2023-01-27T00:17:13.358+0000] {logging_mixin.py:120} INFO - [2023-01-27T00:17:13.357+0000] {dagbag.py:537} INFO - Filling up the DagBag from /home/airflow/.local/lib/python3.7/site-packages/airflow/example_dags/example_nested_branch_dag.py
[2023-01-27T00:17:13.373+0000] {processor.py:766} INFO - DAG(s) dict_keys(['example_nested_branch_dag']) retrieved from /home/airflow/.local/lib/python3.7/site-packages/airflow/example_dags/example_nested_branch_dag.py
[2023-01-27T00:17:13.399+0000] {logging_mixin.py:120} INFO - [2023-01-27T00:17:13.399+0000] {dag.py:2585} INFO - Sync 1 DAGs
[2023-01-27T00:17:13.416+0000] {logging_mixin.py:120} INFO - [2023-01-27T00:17:13.416+0000] {dag.py:3340} INFO - Setting next_dagrun for example_nested_branch_dag to 2023-01-26T00:00:00+00:00, run_after=2023-01-27T00:00:00+00:00
[2023-01-27T00:17:13.428+0000] {processor.py:176} INFO - Processing /home/airflow/.local/lib/python3.7/site-packages/airflow/example_dags/example_nested_branch_dag.py took 0.074 seconds
[2023-01-27T00:17:43.695+0000] {processor.py:154} INFO - Started process (PID=4207) to work on /home/airflow/.local/lib/python3.7/site-packages/airflow/example_dags/example_nested_branch_dag.py
[2023-01-27T00:17:43.696+0000] {processor.py:756} INFO - Processing file /home/airflow/.local/lib/python3.7/site-packages/airflow/example_dags/example_nested_branch_dag.py for tasks to queue
[2023-01-27T00:17:43.697+0000] {logging_mixin.py:120} INFO - [2023-01-27T00:17:43.697+0000] {dagbag.py:537} INFO - Filling up the DagBag from /home/airflow/.local/lib/python3.7/site-packages/airflow/example_dags/example_nested_branch_dag.py
[2023-01-27T00:17:43.711+0000] {processor.py:766} INFO - DAG(s) dict_keys(['example_nested_branch_dag']) retrieved from /home/airflow/.local/lib/python3.7/site-packages/airflow/example_dags/example_nested_branch_dag.py
[2023-01-27T00:17:43.737+0000] {logging_mixin.py:120} INFO - [2023-01-27T00:17:43.737+0000] {dag.py:2585} INFO - Sync 1 DAGs
[2023-01-27T00:17:43.754+0000] {logging_mixin.py:120} INFO - [2023-01-27T00:17:43.754+0000] {dag.py:3340} INFO - Setting next_dagrun for example_nested_branch_dag to 2023-01-26T00:00:00+00:00, run_after=2023-01-27T00:00:00+00:00
[2023-01-27T00:17:43.766+0000] {processor.py:176} INFO - Processing /home/airflow/.local/lib/python3.7/site-packages/airflow/example_dags/example_nested_branch_dag.py took 0.072 seconds
[2023-01-27T00:18:14.027+0000] {processor.py:154} INFO - Started process (PID=4277) to work on /home/airflow/.local/lib/python3.7/site-packages/airflow/example_dags/example_nested_branch_dag.py
[2023-01-27T00:18:14.029+0000] {processor.py:756} INFO - Processing file /home/airflow/.local/lib/python3.7/site-packages/airflow/example_dags/example_nested_branch_dag.py for tasks to queue
[2023-01-27T00:18:14.029+0000] {logging_mixin.py:120} INFO - [2023-01-27T00:18:14.029+0000] {dagbag.py:537} INFO - Filling up the DagBag from /home/airflow/.local/lib/python3.7/site-packages/airflow/example_dags/example_nested_branch_dag.py
[2023-01-27T00:18:14.047+0000] {processor.py:766} INFO - DAG(s) dict_keys(['example_nested_branch_dag']) retrieved from /home/airflow/.local/lib/python3.7/site-packages/airflow/example_dags/example_nested_branch_dag.py
[2023-01-27T00:18:14.077+0000] {logging_mixin.py:120} INFO - [2023-01-27T00:18:14.076+0000] {dag.py:2585} INFO - Sync 1 DAGs
[2023-01-27T00:18:14.098+0000] {logging_mixin.py:120} INFO - [2023-01-27T00:18:14.097+0000] {dag.py:3340} INFO - Setting next_dagrun for example_nested_branch_dag to 2023-01-26T00:00:00+00:00, run_after=2023-01-27T00:00:00+00:00
[2023-01-27T00:18:14.112+0000] {processor.py:176} INFO - Processing /home/airflow/.local/lib/python3.7/site-packages/airflow/example_dags/example_nested_branch_dag.py took 0.087 seconds
[2023-01-27T00:18:44.267+0000] {processor.py:154} INFO - Started process (PID=4345) to work on /home/airflow/.local/lib/python3.7/site-packages/airflow/example_dags/example_nested_branch_dag.py
[2023-01-27T00:18:44.268+0000] {processor.py:756} INFO - Processing file /home/airflow/.local/lib/python3.7/site-packages/airflow/example_dags/example_nested_branch_dag.py for tasks to queue
[2023-01-27T00:18:44.269+0000] {logging_mixin.py:120} INFO - [2023-01-27T00:18:44.269+0000] {dagbag.py:537} INFO - Filling up the DagBag from /home/airflow/.local/lib/python3.7/site-packages/airflow/example_dags/example_nested_branch_dag.py
[2023-01-27T00:18:44.284+0000] {processor.py:766} INFO - DAG(s) dict_keys(['example_nested_branch_dag']) retrieved from /home/airflow/.local/lib/python3.7/site-packages/airflow/example_dags/example_nested_branch_dag.py
[2023-01-27T00:18:44.309+0000] {logging_mixin.py:120} INFO - [2023-01-27T00:18:44.309+0000] {dag.py:2585} INFO - Sync 1 DAGs
[2023-01-27T00:18:44.328+0000] {logging_mixin.py:120} INFO - [2023-01-27T00:18:44.328+0000] {dag.py:3340} INFO - Setting next_dagrun for example_nested_branch_dag to 2023-01-26T00:00:00+00:00, run_after=2023-01-27T00:00:00+00:00
[2023-01-27T00:18:44.339+0000] {processor.py:176} INFO - Processing /home/airflow/.local/lib/python3.7/site-packages/airflow/example_dags/example_nested_branch_dag.py took 0.074 seconds
[2023-01-27T00:19:14.525+0000] {processor.py:154} INFO - Started process (PID=4413) to work on /home/airflow/.local/lib/python3.7/site-packages/airflow/example_dags/example_nested_branch_dag.py
[2023-01-27T00:19:14.526+0000] {processor.py:756} INFO - Processing file /home/airflow/.local/lib/python3.7/site-packages/airflow/example_dags/example_nested_branch_dag.py for tasks to queue
[2023-01-27T00:19:14.527+0000] {logging_mixin.py:120} INFO - [2023-01-27T00:19:14.527+0000] {dagbag.py:537} INFO - Filling up the DagBag from /home/airflow/.local/lib/python3.7/site-packages/airflow/example_dags/example_nested_branch_dag.py
[2023-01-27T00:19:14.542+0000] {processor.py:766} INFO - DAG(s) dict_keys(['example_nested_branch_dag']) retrieved from /home/airflow/.local/lib/python3.7/site-packages/airflow/example_dags/example_nested_branch_dag.py
[2023-01-27T00:19:14.567+0000] {logging_mixin.py:120} INFO - [2023-01-27T00:19:14.567+0000] {dag.py:2585} INFO - Sync 1 DAGs
[2023-01-27T00:19:14.585+0000] {logging_mixin.py:120} INFO - [2023-01-27T00:19:14.585+0000] {dag.py:3340} INFO - Setting next_dagrun for example_nested_branch_dag to 2023-01-26T00:00:00+00:00, run_after=2023-01-27T00:00:00+00:00
[2023-01-27T00:19:14.597+0000] {processor.py:176} INFO - Processing /home/airflow/.local/lib/python3.7/site-packages/airflow/example_dags/example_nested_branch_dag.py took 0.073 seconds
[2023-01-27T00:19:44.785+0000] {processor.py:154} INFO - Started process (PID=4481) to work on /home/airflow/.local/lib/python3.7/site-packages/airflow/example_dags/example_nested_branch_dag.py
[2023-01-27T00:19:44.786+0000] {processor.py:756} INFO - Processing file /home/airflow/.local/lib/python3.7/site-packages/airflow/example_dags/example_nested_branch_dag.py for tasks to queue
[2023-01-27T00:19:44.786+0000] {logging_mixin.py:120} INFO - [2023-01-27T00:19:44.786+0000] {dagbag.py:537} INFO - Filling up the DagBag from /home/airflow/.local/lib/python3.7/site-packages/airflow/example_dags/example_nested_branch_dag.py
[2023-01-27T00:19:44.802+0000] {processor.py:766} INFO - DAG(s) dict_keys(['example_nested_branch_dag']) retrieved from /home/airflow/.local/lib/python3.7/site-packages/airflow/example_dags/example_nested_branch_dag.py
[2023-01-27T00:19:44.828+0000] {logging_mixin.py:120} INFO - [2023-01-27T00:19:44.828+0000] {dag.py:2585} INFO - Sync 1 DAGs
[2023-01-27T00:19:44.847+0000] {logging_mixin.py:120} INFO - [2023-01-27T00:19:44.847+0000] {dag.py:3340} INFO - Setting next_dagrun for example_nested_branch_dag to 2023-01-26T00:00:00+00:00, run_after=2023-01-27T00:00:00+00:00
[2023-01-27T00:19:44.862+0000] {processor.py:176} INFO - Processing /home/airflow/.local/lib/python3.7/site-packages/airflow/example_dags/example_nested_branch_dag.py took 0.079 seconds
[2023-01-27T00:20:15.076+0000] {processor.py:154} INFO - Started process (PID=4540) to work on /home/airflow/.local/lib/python3.7/site-packages/airflow/example_dags/example_nested_branch_dag.py
[2023-01-27T00:20:15.077+0000] {processor.py:756} INFO - Processing file /home/airflow/.local/lib/python3.7/site-packages/airflow/example_dags/example_nested_branch_dag.py for tasks to queue
[2023-01-27T00:20:15.077+0000] {logging_mixin.py:120} INFO - [2023-01-27T00:20:15.077+0000] {dagbag.py:537} INFO - Filling up the DagBag from /home/airflow/.local/lib/python3.7/site-packages/airflow/example_dags/example_nested_branch_dag.py
[2023-01-27T00:20:15.092+0000] {processor.py:766} INFO - DAG(s) dict_keys(['example_nested_branch_dag']) retrieved from /home/airflow/.local/lib/python3.7/site-packages/airflow/example_dags/example_nested_branch_dag.py
[2023-01-27T00:20:15.117+0000] {logging_mixin.py:120} INFO - [2023-01-27T00:20:15.117+0000] {dag.py:2585} INFO - Sync 1 DAGs
[2023-01-27T00:20:15.134+0000] {logging_mixin.py:120} INFO - [2023-01-27T00:20:15.134+0000] {dag.py:3340} INFO - Setting next_dagrun for example_nested_branch_dag to 2023-01-26T00:00:00+00:00, run_after=2023-01-27T00:00:00+00:00
[2023-01-27T00:20:15.146+0000] {processor.py:176} INFO - Processing /home/airflow/.local/lib/python3.7/site-packages/airflow/example_dags/example_nested_branch_dag.py took 0.071 seconds
[2023-01-27T00:20:45.270+0000] {processor.py:154} INFO - Started process (PID=4608) to work on /home/airflow/.local/lib/python3.7/site-packages/airflow/example_dags/example_nested_branch_dag.py
[2023-01-27T00:20:45.270+0000] {processor.py:756} INFO - Processing file /home/airflow/.local/lib/python3.7/site-packages/airflow/example_dags/example_nested_branch_dag.py for tasks to queue
[2023-01-27T00:20:45.271+0000] {logging_mixin.py:120} INFO - [2023-01-27T00:20:45.271+0000] {dagbag.py:537} INFO - Filling up the DagBag from /home/airflow/.local/lib/python3.7/site-packages/airflow/example_dags/example_nested_branch_dag.py
[2023-01-27T00:20:45.285+0000] {processor.py:766} INFO - DAG(s) dict_keys(['example_nested_branch_dag']) retrieved from /home/airflow/.local/lib/python3.7/site-packages/airflow/example_dags/example_nested_branch_dag.py
[2023-01-27T00:20:45.310+0000] {logging_mixin.py:120} INFO - [2023-01-27T00:20:45.310+0000] {dag.py:2585} INFO - Sync 1 DAGs
[2023-01-27T00:20:45.326+0000] {logging_mixin.py:120} INFO - [2023-01-27T00:20:45.326+0000] {dag.py:3340} INFO - Setting next_dagrun for example_nested_branch_dag to 2023-01-26T00:00:00+00:00, run_after=2023-01-27T00:00:00+00:00
[2023-01-27T00:20:45.338+0000] {processor.py:176} INFO - Processing /home/airflow/.local/lib/python3.7/site-packages/airflow/example_dags/example_nested_branch_dag.py took 0.070 seconds
