[2023-01-27T00:00:06.745+0000] {processor.py:154} INFO - Started process (PID=1928) to work on /home/airflow/.local/lib/python3.7/site-packages/airflow/example_dags/example_bash_operator.py
[2023-01-27T00:00:06.746+0000] {processor.py:756} INFO - Processing file /home/airflow/.local/lib/python3.7/site-packages/airflow/example_dags/example_bash_operator.py for tasks to queue
[2023-01-27T00:00:06.747+0000] {logging_mixin.py:120} INFO - [2023-01-27T00:00:06.747+0000] {dagbag.py:537} INFO - Filling up the DagBag from /home/airflow/.local/lib/python3.7/site-packages/airflow/example_dags/example_bash_operator.py
[2023-01-27T00:00:06.765+0000] {processor.py:766} INFO - DAG(s) dict_keys(['example_bash_operator']) retrieved from /home/airflow/.local/lib/python3.7/site-packages/airflow/example_dags/example_bash_operator.py
[2023-01-27T00:00:06.806+0000] {logging_mixin.py:120} INFO - [2023-01-27T00:00:06.806+0000] {dag.py:2585} INFO - Sync 1 DAGs
[2023-01-27T00:00:06.830+0000] {logging_mixin.py:120} INFO - [2023-01-27T00:00:06.830+0000] {dag.py:3340} INFO - Setting next_dagrun for example_bash_operator to 2023-01-27T00:00:00+00:00, run_after=2023-01-28T00:00:00+00:00
[2023-01-27T00:00:06.847+0000] {processor.py:176} INFO - Processing /home/airflow/.local/lib/python3.7/site-packages/airflow/example_dags/example_bash_operator.py took 0.104 seconds
[2023-01-27T00:00:36.959+0000] {processor.py:154} INFO - Started process (PID=1995) to work on /home/airflow/.local/lib/python3.7/site-packages/airflow/example_dags/example_bash_operator.py
[2023-01-27T00:00:36.960+0000] {processor.py:756} INFO - Processing file /home/airflow/.local/lib/python3.7/site-packages/airflow/example_dags/example_bash_operator.py for tasks to queue
[2023-01-27T00:00:36.960+0000] {logging_mixin.py:120} INFO - [2023-01-27T00:00:36.960+0000] {dagbag.py:537} INFO - Filling up the DagBag from /home/airflow/.local/lib/python3.7/site-packages/airflow/example_dags/example_bash_operator.py
[2023-01-27T00:00:36.973+0000] {processor.py:766} INFO - DAG(s) dict_keys(['example_bash_operator']) retrieved from /home/airflow/.local/lib/python3.7/site-packages/airflow/example_dags/example_bash_operator.py
[2023-01-27T00:00:37.009+0000] {logging_mixin.py:120} INFO - [2023-01-27T00:00:37.009+0000] {dag.py:2585} INFO - Sync 1 DAGs
[2023-01-27T00:00:37.033+0000] {logging_mixin.py:120} INFO - [2023-01-27T00:00:37.033+0000] {dag.py:3340} INFO - Setting next_dagrun for example_bash_operator to 2023-01-27T00:00:00+00:00, run_after=2023-01-28T00:00:00+00:00
[2023-01-27T00:00:37.046+0000] {processor.py:176} INFO - Processing /home/airflow/.local/lib/python3.7/site-packages/airflow/example_dags/example_bash_operator.py took 0.089 seconds
[2023-01-27T00:01:07.141+0000] {processor.py:154} INFO - Started process (PID=2054) to work on /home/airflow/.local/lib/python3.7/site-packages/airflow/example_dags/example_bash_operator.py
[2023-01-27T00:01:07.141+0000] {processor.py:756} INFO - Processing file /home/airflow/.local/lib/python3.7/site-packages/airflow/example_dags/example_bash_operator.py for tasks to queue
[2023-01-27T00:01:07.142+0000] {logging_mixin.py:120} INFO - [2023-01-27T00:01:07.141+0000] {dagbag.py:537} INFO - Filling up the DagBag from /home/airflow/.local/lib/python3.7/site-packages/airflow/example_dags/example_bash_operator.py
[2023-01-27T00:01:07.155+0000] {processor.py:766} INFO - DAG(s) dict_keys(['example_bash_operator']) retrieved from /home/airflow/.local/lib/python3.7/site-packages/airflow/example_dags/example_bash_operator.py
[2023-01-27T00:01:07.184+0000] {logging_mixin.py:120} INFO - [2023-01-27T00:01:07.184+0000] {dag.py:2585} INFO - Sync 1 DAGs
[2023-01-27T00:01:07.203+0000] {logging_mixin.py:120} INFO - [2023-01-27T00:01:07.203+0000] {dag.py:3340} INFO - Setting next_dagrun for example_bash_operator to 2023-01-27T00:00:00+00:00, run_after=2023-01-28T00:00:00+00:00
[2023-01-27T00:01:07.216+0000] {processor.py:176} INFO - Processing /home/airflow/.local/lib/python3.7/site-packages/airflow/example_dags/example_bash_operator.py took 0.077 seconds
[2023-01-27T00:01:37.461+0000] {processor.py:154} INFO - Started process (PID=2121) to work on /home/airflow/.local/lib/python3.7/site-packages/airflow/example_dags/example_bash_operator.py
[2023-01-27T00:01:37.462+0000] {processor.py:756} INFO - Processing file /home/airflow/.local/lib/python3.7/site-packages/airflow/example_dags/example_bash_operator.py for tasks to queue
[2023-01-27T00:01:37.463+0000] {logging_mixin.py:120} INFO - [2023-01-27T00:01:37.463+0000] {dagbag.py:537} INFO - Filling up the DagBag from /home/airflow/.local/lib/python3.7/site-packages/airflow/example_dags/example_bash_operator.py
[2023-01-27T00:01:37.480+0000] {processor.py:766} INFO - DAG(s) dict_keys(['example_bash_operator']) retrieved from /home/airflow/.local/lib/python3.7/site-packages/airflow/example_dags/example_bash_operator.py
[2023-01-27T00:01:37.522+0000] {logging_mixin.py:120} INFO - [2023-01-27T00:01:37.522+0000] {dag.py:2585} INFO - Sync 1 DAGs
[2023-01-27T00:01:37.541+0000] {logging_mixin.py:120} INFO - [2023-01-27T00:01:37.541+0000] {dag.py:3340} INFO - Setting next_dagrun for example_bash_operator to 2023-01-27T00:00:00+00:00, run_after=2023-01-28T00:00:00+00:00
[2023-01-27T00:01:37.554+0000] {processor.py:176} INFO - Processing /home/airflow/.local/lib/python3.7/site-packages/airflow/example_dags/example_bash_operator.py took 0.096 seconds
[2023-01-27T00:02:07.575+0000] {processor.py:154} INFO - Started process (PID=2188) to work on /home/airflow/.local/lib/python3.7/site-packages/airflow/example_dags/example_bash_operator.py
[2023-01-27T00:02:07.576+0000] {processor.py:756} INFO - Processing file /home/airflow/.local/lib/python3.7/site-packages/airflow/example_dags/example_bash_operator.py for tasks to queue
[2023-01-27T00:02:07.576+0000] {logging_mixin.py:120} INFO - [2023-01-27T00:02:07.576+0000] {dagbag.py:537} INFO - Filling up the DagBag from /home/airflow/.local/lib/python3.7/site-packages/airflow/example_dags/example_bash_operator.py
[2023-01-27T00:02:07.589+0000] {processor.py:766} INFO - DAG(s) dict_keys(['example_bash_operator']) retrieved from /home/airflow/.local/lib/python3.7/site-packages/airflow/example_dags/example_bash_operator.py
[2023-01-27T00:02:07.620+0000] {logging_mixin.py:120} INFO - [2023-01-27T00:02:07.620+0000] {dag.py:2585} INFO - Sync 1 DAGs
[2023-01-27T00:02:07.637+0000] {logging_mixin.py:120} INFO - [2023-01-27T00:02:07.637+0000] {dag.py:3340} INFO - Setting next_dagrun for example_bash_operator to 2023-01-27T00:00:00+00:00, run_after=2023-01-28T00:00:00+00:00
[2023-01-27T00:02:07.649+0000] {processor.py:176} INFO - Processing /home/airflow/.local/lib/python3.7/site-packages/airflow/example_dags/example_bash_operator.py took 0.076 seconds
[2023-01-27T00:02:37.919+0000] {processor.py:154} INFO - Started process (PID=2257) to work on /home/airflow/.local/lib/python3.7/site-packages/airflow/example_dags/example_bash_operator.py
[2023-01-27T00:02:37.920+0000] {processor.py:756} INFO - Processing file /home/airflow/.local/lib/python3.7/site-packages/airflow/example_dags/example_bash_operator.py for tasks to queue
[2023-01-27T00:02:37.920+0000] {logging_mixin.py:120} INFO - [2023-01-27T00:02:37.920+0000] {dagbag.py:537} INFO - Filling up the DagBag from /home/airflow/.local/lib/python3.7/site-packages/airflow/example_dags/example_bash_operator.py
[2023-01-27T00:02:37.935+0000] {processor.py:766} INFO - DAG(s) dict_keys(['example_bash_operator']) retrieved from /home/airflow/.local/lib/python3.7/site-packages/airflow/example_dags/example_bash_operator.py
[2023-01-27T00:02:37.973+0000] {logging_mixin.py:120} INFO - [2023-01-27T00:02:37.973+0000] {dag.py:2585} INFO - Sync 1 DAGs
[2023-01-27T00:02:38.002+0000] {logging_mixin.py:120} INFO - [2023-01-27T00:02:38.002+0000] {dag.py:3340} INFO - Setting next_dagrun for example_bash_operator to 2023-01-27T00:00:00+00:00, run_after=2023-01-28T00:00:00+00:00
[2023-01-27T00:02:38.021+0000] {processor.py:176} INFO - Processing /home/airflow/.local/lib/python3.7/site-packages/airflow/example_dags/example_bash_operator.py took 0.104 seconds
[2023-01-27T00:03:08.245+0000] {processor.py:154} INFO - Started process (PID=2316) to work on /home/airflow/.local/lib/python3.7/site-packages/airflow/example_dags/example_bash_operator.py
[2023-01-27T00:03:08.245+0000] {processor.py:756} INFO - Processing file /home/airflow/.local/lib/python3.7/site-packages/airflow/example_dags/example_bash_operator.py for tasks to queue
[2023-01-27T00:03:08.245+0000] {logging_mixin.py:120} INFO - [2023-01-27T00:03:08.245+0000] {dagbag.py:537} INFO - Filling up the DagBag from /home/airflow/.local/lib/python3.7/site-packages/airflow/example_dags/example_bash_operator.py
[2023-01-27T00:03:08.259+0000] {processor.py:766} INFO - DAG(s) dict_keys(['example_bash_operator']) retrieved from /home/airflow/.local/lib/python3.7/site-packages/airflow/example_dags/example_bash_operator.py
[2023-01-27T00:03:08.290+0000] {logging_mixin.py:120} INFO - [2023-01-27T00:03:08.290+0000] {dag.py:2585} INFO - Sync 1 DAGs
[2023-01-27T00:03:08.310+0000] {logging_mixin.py:120} INFO - [2023-01-27T00:03:08.310+0000] {dag.py:3340} INFO - Setting next_dagrun for example_bash_operator to 2023-01-27T00:00:00+00:00, run_after=2023-01-28T00:00:00+00:00
[2023-01-27T00:03:08.323+0000] {processor.py:176} INFO - Processing /home/airflow/.local/lib/python3.7/site-packages/airflow/example_dags/example_bash_operator.py took 0.080 seconds
[2023-01-27T00:03:38.612+0000] {processor.py:154} INFO - Started process (PID=2383) to work on /home/airflow/.local/lib/python3.7/site-packages/airflow/example_dags/example_bash_operator.py
[2023-01-27T00:03:38.613+0000] {processor.py:756} INFO - Processing file /home/airflow/.local/lib/python3.7/site-packages/airflow/example_dags/example_bash_operator.py for tasks to queue
[2023-01-27T00:03:38.613+0000] {logging_mixin.py:120} INFO - [2023-01-27T00:03:38.613+0000] {dagbag.py:537} INFO - Filling up the DagBag from /home/airflow/.local/lib/python3.7/site-packages/airflow/example_dags/example_bash_operator.py
[2023-01-27T00:03:38.628+0000] {processor.py:766} INFO - DAG(s) dict_keys(['example_bash_operator']) retrieved from /home/airflow/.local/lib/python3.7/site-packages/airflow/example_dags/example_bash_operator.py
[2023-01-27T00:03:38.659+0000] {logging_mixin.py:120} INFO - [2023-01-27T00:03:38.659+0000] {dag.py:2585} INFO - Sync 1 DAGs
[2023-01-27T00:03:38.678+0000] {logging_mixin.py:120} INFO - [2023-01-27T00:03:38.678+0000] {dag.py:3340} INFO - Setting next_dagrun for example_bash_operator to 2023-01-27T00:00:00+00:00, run_after=2023-01-28T00:00:00+00:00
[2023-01-27T00:03:38.690+0000] {processor.py:176} INFO - Processing /home/airflow/.local/lib/python3.7/site-packages/airflow/example_dags/example_bash_operator.py took 0.080 seconds
[2023-01-27T00:04:08.841+0000] {processor.py:154} INFO - Started process (PID=2451) to work on /home/airflow/.local/lib/python3.7/site-packages/airflow/example_dags/example_bash_operator.py
[2023-01-27T00:04:08.842+0000] {processor.py:756} INFO - Processing file /home/airflow/.local/lib/python3.7/site-packages/airflow/example_dags/example_bash_operator.py for tasks to queue
[2023-01-27T00:04:08.842+0000] {logging_mixin.py:120} INFO - [2023-01-27T00:04:08.842+0000] {dagbag.py:537} INFO - Filling up the DagBag from /home/airflow/.local/lib/python3.7/site-packages/airflow/example_dags/example_bash_operator.py
[2023-01-27T00:04:08.855+0000] {processor.py:766} INFO - DAG(s) dict_keys(['example_bash_operator']) retrieved from /home/airflow/.local/lib/python3.7/site-packages/airflow/example_dags/example_bash_operator.py
[2023-01-27T00:04:08.886+0000] {logging_mixin.py:120} INFO - [2023-01-27T00:04:08.886+0000] {dag.py:2585} INFO - Sync 1 DAGs
[2023-01-27T00:04:08.904+0000] {logging_mixin.py:120} INFO - [2023-01-27T00:04:08.904+0000] {dag.py:3340} INFO - Setting next_dagrun for example_bash_operator to 2023-01-27T00:00:00+00:00, run_after=2023-01-28T00:00:00+00:00
[2023-01-27T00:04:08.916+0000] {processor.py:176} INFO - Processing /home/airflow/.local/lib/python3.7/site-packages/airflow/example_dags/example_bash_operator.py took 0.077 seconds
[2023-01-27T00:04:39.458+0000] {processor.py:154} INFO - Started process (PID=2520) to work on /home/airflow/.local/lib/python3.7/site-packages/airflow/example_dags/example_bash_operator.py
[2023-01-27T00:04:39.459+0000] {processor.py:756} INFO - Processing file /home/airflow/.local/lib/python3.7/site-packages/airflow/example_dags/example_bash_operator.py for tasks to queue
[2023-01-27T00:04:39.460+0000] {logging_mixin.py:120} INFO - [2023-01-27T00:04:39.459+0000] {dagbag.py:537} INFO - Filling up the DagBag from /home/airflow/.local/lib/python3.7/site-packages/airflow/example_dags/example_bash_operator.py
[2023-01-27T00:04:39.474+0000] {processor.py:766} INFO - DAG(s) dict_keys(['example_bash_operator']) retrieved from /home/airflow/.local/lib/python3.7/site-packages/airflow/example_dags/example_bash_operator.py
[2023-01-27T00:04:39.504+0000] {logging_mixin.py:120} INFO - [2023-01-27T00:04:39.504+0000] {dag.py:2585} INFO - Sync 1 DAGs
[2023-01-27T00:04:39.522+0000] {logging_mixin.py:120} INFO - [2023-01-27T00:04:39.522+0000] {dag.py:3340} INFO - Setting next_dagrun for example_bash_operator to 2023-01-27T00:00:00+00:00, run_after=2023-01-28T00:00:00+00:00
[2023-01-27T00:04:39.539+0000] {processor.py:176} INFO - Processing /home/airflow/.local/lib/python3.7/site-packages/airflow/example_dags/example_bash_operator.py took 0.083 seconds
[2023-01-27T00:05:09.808+0000] {processor.py:154} INFO - Started process (PID=2588) to work on /home/airflow/.local/lib/python3.7/site-packages/airflow/example_dags/example_bash_operator.py
[2023-01-27T00:05:09.808+0000] {processor.py:756} INFO - Processing file /home/airflow/.local/lib/python3.7/site-packages/airflow/example_dags/example_bash_operator.py for tasks to queue
[2023-01-27T00:05:09.809+0000] {logging_mixin.py:120} INFO - [2023-01-27T00:05:09.809+0000] {dagbag.py:537} INFO - Filling up the DagBag from /home/airflow/.local/lib/python3.7/site-packages/airflow/example_dags/example_bash_operator.py
[2023-01-27T00:05:09.823+0000] {processor.py:766} INFO - DAG(s) dict_keys(['example_bash_operator']) retrieved from /home/airflow/.local/lib/python3.7/site-packages/airflow/example_dags/example_bash_operator.py
[2023-01-27T00:05:09.854+0000] {logging_mixin.py:120} INFO - [2023-01-27T00:05:09.854+0000] {dag.py:2585} INFO - Sync 1 DAGs
[2023-01-27T00:05:09.874+0000] {logging_mixin.py:120} INFO - [2023-01-27T00:05:09.874+0000] {dag.py:3340} INFO - Setting next_dagrun for example_bash_operator to 2023-01-27T00:00:00+00:00, run_after=2023-01-28T00:00:00+00:00
[2023-01-27T00:05:09.888+0000] {processor.py:176} INFO - Processing /home/airflow/.local/lib/python3.7/site-packages/airflow/example_dags/example_bash_operator.py took 0.082 seconds
[2023-01-27T00:05:40.224+0000] {processor.py:154} INFO - Started process (PID=2647) to work on /home/airflow/.local/lib/python3.7/site-packages/airflow/example_dags/example_bash_operator.py
[2023-01-27T00:05:40.225+0000] {processor.py:756} INFO - Processing file /home/airflow/.local/lib/python3.7/site-packages/airflow/example_dags/example_bash_operator.py for tasks to queue
[2023-01-27T00:05:40.225+0000] {logging_mixin.py:120} INFO - [2023-01-27T00:05:40.225+0000] {dagbag.py:537} INFO - Filling up the DagBag from /home/airflow/.local/lib/python3.7/site-packages/airflow/example_dags/example_bash_operator.py
[2023-01-27T00:05:40.238+0000] {processor.py:766} INFO - DAG(s) dict_keys(['example_bash_operator']) retrieved from /home/airflow/.local/lib/python3.7/site-packages/airflow/example_dags/example_bash_operator.py
[2023-01-27T00:05:40.269+0000] {logging_mixin.py:120} INFO - [2023-01-27T00:05:40.269+0000] {dag.py:2585} INFO - Sync 1 DAGs
[2023-01-27T00:05:40.286+0000] {logging_mixin.py:120} INFO - [2023-01-27T00:05:40.286+0000] {dag.py:3340} INFO - Setting next_dagrun for example_bash_operator to 2023-01-27T00:00:00+00:00, run_after=2023-01-28T00:00:00+00:00
[2023-01-27T00:05:40.298+0000] {processor.py:176} INFO - Processing /home/airflow/.local/lib/python3.7/site-packages/airflow/example_dags/example_bash_operator.py took 0.076 seconds
[2023-01-27T00:06:10.524+0000] {processor.py:154} INFO - Started process (PID=2715) to work on /home/airflow/.local/lib/python3.7/site-packages/airflow/example_dags/example_bash_operator.py
[2023-01-27T00:06:10.526+0000] {processor.py:756} INFO - Processing file /home/airflow/.local/lib/python3.7/site-packages/airflow/example_dags/example_bash_operator.py for tasks to queue
[2023-01-27T00:06:10.526+0000] {logging_mixin.py:120} INFO - [2023-01-27T00:06:10.526+0000] {dagbag.py:537} INFO - Filling up the DagBag from /home/airflow/.local/lib/python3.7/site-packages/airflow/example_dags/example_bash_operator.py
[2023-01-27T00:06:10.539+0000] {processor.py:766} INFO - DAG(s) dict_keys(['example_bash_operator']) retrieved from /home/airflow/.local/lib/python3.7/site-packages/airflow/example_dags/example_bash_operator.py
[2023-01-27T00:06:10.571+0000] {logging_mixin.py:120} INFO - [2023-01-27T00:06:10.570+0000] {dag.py:2585} INFO - Sync 1 DAGs
[2023-01-27T00:06:10.588+0000] {logging_mixin.py:120} INFO - [2023-01-27T00:06:10.588+0000] {dag.py:3340} INFO - Setting next_dagrun for example_bash_operator to 2023-01-27T00:00:00+00:00, run_after=2023-01-28T00:00:00+00:00
[2023-01-27T00:06:10.603+0000] {processor.py:176} INFO - Processing /home/airflow/.local/lib/python3.7/site-packages/airflow/example_dags/example_bash_operator.py took 0.081 seconds
[2023-01-27T00:06:40.784+0000] {processor.py:154} INFO - Started process (PID=2784) to work on /home/airflow/.local/lib/python3.7/site-packages/airflow/example_dags/example_bash_operator.py
[2023-01-27T00:06:40.785+0000] {processor.py:756} INFO - Processing file /home/airflow/.local/lib/python3.7/site-packages/airflow/example_dags/example_bash_operator.py for tasks to queue
[2023-01-27T00:06:40.786+0000] {logging_mixin.py:120} INFO - [2023-01-27T00:06:40.786+0000] {dagbag.py:537} INFO - Filling up the DagBag from /home/airflow/.local/lib/python3.7/site-packages/airflow/example_dags/example_bash_operator.py
[2023-01-27T00:06:40.799+0000] {processor.py:766} INFO - DAG(s) dict_keys(['example_bash_operator']) retrieved from /home/airflow/.local/lib/python3.7/site-packages/airflow/example_dags/example_bash_operator.py
[2023-01-27T00:06:40.830+0000] {logging_mixin.py:120} INFO - [2023-01-27T00:06:40.830+0000] {dag.py:2585} INFO - Sync 1 DAGs
[2023-01-27T00:06:40.849+0000] {logging_mixin.py:120} INFO - [2023-01-27T00:06:40.848+0000] {dag.py:3340} INFO - Setting next_dagrun for example_bash_operator to 2023-01-27T00:00:00+00:00, run_after=2023-01-28T00:00:00+00:00
[2023-01-27T00:06:40.862+0000] {processor.py:176} INFO - Processing /home/airflow/.local/lib/python3.7/site-packages/airflow/example_dags/example_bash_operator.py took 0.080 seconds
[2023-01-27T00:07:10.959+0000] {processor.py:154} INFO - Started process (PID=2852) to work on /home/airflow/.local/lib/python3.7/site-packages/airflow/example_dags/example_bash_operator.py
[2023-01-27T00:07:10.960+0000] {processor.py:756} INFO - Processing file /home/airflow/.local/lib/python3.7/site-packages/airflow/example_dags/example_bash_operator.py for tasks to queue
[2023-01-27T00:07:10.960+0000] {logging_mixin.py:120} INFO - [2023-01-27T00:07:10.960+0000] {dagbag.py:537} INFO - Filling up the DagBag from /home/airflow/.local/lib/python3.7/site-packages/airflow/example_dags/example_bash_operator.py
[2023-01-27T00:07:10.974+0000] {processor.py:766} INFO - DAG(s) dict_keys(['example_bash_operator']) retrieved from /home/airflow/.local/lib/python3.7/site-packages/airflow/example_dags/example_bash_operator.py
[2023-01-27T00:07:11.016+0000] {logging_mixin.py:120} INFO - [2023-01-27T00:07:11.016+0000] {dag.py:2585} INFO - Sync 1 DAGs
[2023-01-27T00:07:11.038+0000] {logging_mixin.py:120} INFO - [2023-01-27T00:07:11.038+0000] {dag.py:3340} INFO - Setting next_dagrun for example_bash_operator to 2023-01-27T00:00:00+00:00, run_after=2023-01-28T00:00:00+00:00
[2023-01-27T00:07:11.052+0000] {processor.py:176} INFO - Processing /home/airflow/.local/lib/python3.7/site-packages/airflow/example_dags/example_bash_operator.py took 0.096 seconds
[2023-01-27T00:07:41.072+0000] {processor.py:154} INFO - Started process (PID=2910) to work on /home/airflow/.local/lib/python3.7/site-packages/airflow/example_dags/example_bash_operator.py
[2023-01-27T00:07:41.073+0000] {processor.py:756} INFO - Processing file /home/airflow/.local/lib/python3.7/site-packages/airflow/example_dags/example_bash_operator.py for tasks to queue
[2023-01-27T00:07:41.073+0000] {logging_mixin.py:120} INFO - [2023-01-27T00:07:41.073+0000] {dagbag.py:537} INFO - Filling up the DagBag from /home/airflow/.local/lib/python3.7/site-packages/airflow/example_dags/example_bash_operator.py
[2023-01-27T00:07:41.085+0000] {processor.py:766} INFO - DAG(s) dict_keys(['example_bash_operator']) retrieved from /home/airflow/.local/lib/python3.7/site-packages/airflow/example_dags/example_bash_operator.py
[2023-01-27T00:07:41.116+0000] {logging_mixin.py:120} INFO - [2023-01-27T00:07:41.116+0000] {dag.py:2585} INFO - Sync 1 DAGs
[2023-01-27T00:07:41.134+0000] {logging_mixin.py:120} INFO - [2023-01-27T00:07:41.134+0000] {dag.py:3340} INFO - Setting next_dagrun for example_bash_operator to 2023-01-27T00:00:00+00:00, run_after=2023-01-28T00:00:00+00:00
[2023-01-27T00:07:41.146+0000] {processor.py:176} INFO - Processing /home/airflow/.local/lib/python3.7/site-packages/airflow/example_dags/example_bash_operator.py took 0.076 seconds
[2023-01-27T00:08:11.249+0000] {processor.py:154} INFO - Started process (PID=2976) to work on /home/airflow/.local/lib/python3.7/site-packages/airflow/example_dags/example_bash_operator.py
[2023-01-27T00:08:11.249+0000] {processor.py:756} INFO - Processing file /home/airflow/.local/lib/python3.7/site-packages/airflow/example_dags/example_bash_operator.py for tasks to queue
[2023-01-27T00:08:11.249+0000] {logging_mixin.py:120} INFO - [2023-01-27T00:08:11.249+0000] {dagbag.py:537} INFO - Filling up the DagBag from /home/airflow/.local/lib/python3.7/site-packages/airflow/example_dags/example_bash_operator.py
[2023-01-27T00:08:11.262+0000] {processor.py:766} INFO - DAG(s) dict_keys(['example_bash_operator']) retrieved from /home/airflow/.local/lib/python3.7/site-packages/airflow/example_dags/example_bash_operator.py
[2023-01-27T00:08:11.292+0000] {logging_mixin.py:120} INFO - [2023-01-27T00:08:11.292+0000] {dag.py:2585} INFO - Sync 1 DAGs
[2023-01-27T00:08:11.309+0000] {logging_mixin.py:120} INFO - [2023-01-27T00:08:11.309+0000] {dag.py:3340} INFO - Setting next_dagrun for example_bash_operator to 2023-01-27T00:00:00+00:00, run_after=2023-01-28T00:00:00+00:00
[2023-01-27T00:08:11.322+0000] {processor.py:176} INFO - Processing /home/airflow/.local/lib/python3.7/site-packages/airflow/example_dags/example_bash_operator.py took 0.075 seconds
[2023-01-27T00:08:41.374+0000] {processor.py:154} INFO - Started process (PID=3043) to work on /home/airflow/.local/lib/python3.7/site-packages/airflow/example_dags/example_bash_operator.py
[2023-01-27T00:08:41.375+0000] {processor.py:756} INFO - Processing file /home/airflow/.local/lib/python3.7/site-packages/airflow/example_dags/example_bash_operator.py for tasks to queue
[2023-01-27T00:08:41.375+0000] {logging_mixin.py:120} INFO - [2023-01-27T00:08:41.375+0000] {dagbag.py:537} INFO - Filling up the DagBag from /home/airflow/.local/lib/python3.7/site-packages/airflow/example_dags/example_bash_operator.py
[2023-01-27T00:08:41.388+0000] {processor.py:766} INFO - DAG(s) dict_keys(['example_bash_operator']) retrieved from /home/airflow/.local/lib/python3.7/site-packages/airflow/example_dags/example_bash_operator.py
[2023-01-27T00:08:41.416+0000] {logging_mixin.py:120} INFO - [2023-01-27T00:08:41.416+0000] {dag.py:2585} INFO - Sync 1 DAGs
[2023-01-27T00:08:41.433+0000] {logging_mixin.py:120} INFO - [2023-01-27T00:08:41.433+0000] {dag.py:3340} INFO - Setting next_dagrun for example_bash_operator to 2023-01-27T00:00:00+00:00, run_after=2023-01-28T00:00:00+00:00
[2023-01-27T00:08:41.444+0000] {processor.py:176} INFO - Processing /home/airflow/.local/lib/python3.7/site-packages/airflow/example_dags/example_bash_operator.py took 0.072 seconds
[2023-01-27T00:09:11.660+0000] {processor.py:154} INFO - Started process (PID=3110) to work on /home/airflow/.local/lib/python3.7/site-packages/airflow/example_dags/example_bash_operator.py
[2023-01-27T00:09:11.660+0000] {processor.py:756} INFO - Processing file /home/airflow/.local/lib/python3.7/site-packages/airflow/example_dags/example_bash_operator.py for tasks to queue
[2023-01-27T00:09:11.661+0000] {logging_mixin.py:120} INFO - [2023-01-27T00:09:11.661+0000] {dagbag.py:537} INFO - Filling up the DagBag from /home/airflow/.local/lib/python3.7/site-packages/airflow/example_dags/example_bash_operator.py
[2023-01-27T00:09:11.675+0000] {processor.py:766} INFO - DAG(s) dict_keys(['example_bash_operator']) retrieved from /home/airflow/.local/lib/python3.7/site-packages/airflow/example_dags/example_bash_operator.py
[2023-01-27T00:09:11.707+0000] {logging_mixin.py:120} INFO - [2023-01-27T00:09:11.706+0000] {dag.py:2585} INFO - Sync 1 DAGs
[2023-01-27T00:09:11.724+0000] {logging_mixin.py:120} INFO - [2023-01-27T00:09:11.724+0000] {dag.py:3340} INFO - Setting next_dagrun for example_bash_operator to 2023-01-27T00:00:00+00:00, run_after=2023-01-28T00:00:00+00:00
[2023-01-27T00:09:11.737+0000] {processor.py:176} INFO - Processing /home/airflow/.local/lib/python3.7/site-packages/airflow/example_dags/example_bash_operator.py took 0.079 seconds
[2023-01-27T00:09:41.909+0000] {processor.py:154} INFO - Started process (PID=3169) to work on /home/airflow/.local/lib/python3.7/site-packages/airflow/example_dags/example_bash_operator.py
[2023-01-27T00:09:41.910+0000] {processor.py:756} INFO - Processing file /home/airflow/.local/lib/python3.7/site-packages/airflow/example_dags/example_bash_operator.py for tasks to queue
[2023-01-27T00:09:41.910+0000] {logging_mixin.py:120} INFO - [2023-01-27T00:09:41.910+0000] {dagbag.py:537} INFO - Filling up the DagBag from /home/airflow/.local/lib/python3.7/site-packages/airflow/example_dags/example_bash_operator.py
[2023-01-27T00:09:41.924+0000] {processor.py:766} INFO - DAG(s) dict_keys(['example_bash_operator']) retrieved from /home/airflow/.local/lib/python3.7/site-packages/airflow/example_dags/example_bash_operator.py
[2023-01-27T00:09:41.966+0000] {logging_mixin.py:120} INFO - [2023-01-27T00:09:41.966+0000] {dag.py:2585} INFO - Sync 1 DAGs
[2023-01-27T00:09:41.995+0000] {logging_mixin.py:120} INFO - [2023-01-27T00:09:41.994+0000] {dag.py:3340} INFO - Setting next_dagrun for example_bash_operator to 2023-01-27T00:00:00+00:00, run_after=2023-01-28T00:00:00+00:00
[2023-01-27T00:09:42.015+0000] {processor.py:176} INFO - Processing /home/airflow/.local/lib/python3.7/site-packages/airflow/example_dags/example_bash_operator.py took 0.107 seconds
[2023-01-27T00:10:12.457+0000] {processor.py:154} INFO - Started process (PID=3239) to work on /home/airflow/.local/lib/python3.7/site-packages/airflow/example_dags/example_bash_operator.py
[2023-01-27T00:10:12.458+0000] {processor.py:756} INFO - Processing file /home/airflow/.local/lib/python3.7/site-packages/airflow/example_dags/example_bash_operator.py for tasks to queue
[2023-01-27T00:10:12.458+0000] {logging_mixin.py:120} INFO - [2023-01-27T00:10:12.458+0000] {dagbag.py:537} INFO - Filling up the DagBag from /home/airflow/.local/lib/python3.7/site-packages/airflow/example_dags/example_bash_operator.py
[2023-01-27T00:10:12.471+0000] {processor.py:766} INFO - DAG(s) dict_keys(['example_bash_operator']) retrieved from /home/airflow/.local/lib/python3.7/site-packages/airflow/example_dags/example_bash_operator.py
[2023-01-27T00:10:12.502+0000] {logging_mixin.py:120} INFO - [2023-01-27T00:10:12.502+0000] {dag.py:2585} INFO - Sync 1 DAGs
[2023-01-27T00:10:12.519+0000] {logging_mixin.py:120} INFO - [2023-01-27T00:10:12.519+0000] {dag.py:3340} INFO - Setting next_dagrun for example_bash_operator to 2023-01-27T00:00:00+00:00, run_after=2023-01-28T00:00:00+00:00
[2023-01-27T00:10:12.535+0000] {processor.py:176} INFO - Processing /home/airflow/.local/lib/python3.7/site-packages/airflow/example_dags/example_bash_operator.py took 0.080 seconds
[2023-01-27T00:10:42.818+0000] {processor.py:154} INFO - Started process (PID=3307) to work on /home/airflow/.local/lib/python3.7/site-packages/airflow/example_dags/example_bash_operator.py
[2023-01-27T00:10:42.819+0000] {processor.py:756} INFO - Processing file /home/airflow/.local/lib/python3.7/site-packages/airflow/example_dags/example_bash_operator.py for tasks to queue
[2023-01-27T00:10:42.819+0000] {logging_mixin.py:120} INFO - [2023-01-27T00:10:42.819+0000] {dagbag.py:537} INFO - Filling up the DagBag from /home/airflow/.local/lib/python3.7/site-packages/airflow/example_dags/example_bash_operator.py
[2023-01-27T00:10:42.833+0000] {processor.py:766} INFO - DAG(s) dict_keys(['example_bash_operator']) retrieved from /home/airflow/.local/lib/python3.7/site-packages/airflow/example_dags/example_bash_operator.py
[2023-01-27T00:10:42.865+0000] {logging_mixin.py:120} INFO - [2023-01-27T00:10:42.865+0000] {dag.py:2585} INFO - Sync 1 DAGs
[2023-01-27T00:10:42.884+0000] {logging_mixin.py:120} INFO - [2023-01-27T00:10:42.884+0000] {dag.py:3340} INFO - Setting next_dagrun for example_bash_operator to 2023-01-27T00:00:00+00:00, run_after=2023-01-28T00:00:00+00:00
[2023-01-27T00:10:42.897+0000] {processor.py:176} INFO - Processing /home/airflow/.local/lib/python3.7/site-packages/airflow/example_dags/example_bash_operator.py took 0.081 seconds
[2023-01-27T00:11:13.270+0000] {processor.py:154} INFO - Started process (PID=3375) to work on /home/airflow/.local/lib/python3.7/site-packages/airflow/example_dags/example_bash_operator.py
[2023-01-27T00:11:13.271+0000] {processor.py:756} INFO - Processing file /home/airflow/.local/lib/python3.7/site-packages/airflow/example_dags/example_bash_operator.py for tasks to queue
[2023-01-27T00:11:13.271+0000] {logging_mixin.py:120} INFO - [2023-01-27T00:11:13.271+0000] {dagbag.py:537} INFO - Filling up the DagBag from /home/airflow/.local/lib/python3.7/site-packages/airflow/example_dags/example_bash_operator.py
[2023-01-27T00:11:13.285+0000] {processor.py:766} INFO - DAG(s) dict_keys(['example_bash_operator']) retrieved from /home/airflow/.local/lib/python3.7/site-packages/airflow/example_dags/example_bash_operator.py
[2023-01-27T00:11:13.316+0000] {logging_mixin.py:120} INFO - [2023-01-27T00:11:13.316+0000] {dag.py:2585} INFO - Sync 1 DAGs
[2023-01-27T00:11:13.334+0000] {logging_mixin.py:120} INFO - [2023-01-27T00:11:13.333+0000] {dag.py:3340} INFO - Setting next_dagrun for example_bash_operator to 2023-01-27T00:00:00+00:00, run_after=2023-01-28T00:00:00+00:00
[2023-01-27T00:11:13.346+0000] {processor.py:176} INFO - Processing /home/airflow/.local/lib/python3.7/site-packages/airflow/example_dags/example_bash_operator.py took 0.078 seconds
[2023-01-27T00:11:43.558+0000] {processor.py:154} INFO - Started process (PID=3443) to work on /home/airflow/.local/lib/python3.7/site-packages/airflow/example_dags/example_bash_operator.py
[2023-01-27T00:11:43.559+0000] {processor.py:756} INFO - Processing file /home/airflow/.local/lib/python3.7/site-packages/airflow/example_dags/example_bash_operator.py for tasks to queue
[2023-01-27T00:11:43.559+0000] {logging_mixin.py:120} INFO - [2023-01-27T00:11:43.559+0000] {dagbag.py:537} INFO - Filling up the DagBag from /home/airflow/.local/lib/python3.7/site-packages/airflow/example_dags/example_bash_operator.py
[2023-01-27T00:11:43.573+0000] {processor.py:766} INFO - DAG(s) dict_keys(['example_bash_operator']) retrieved from /home/airflow/.local/lib/python3.7/site-packages/airflow/example_dags/example_bash_operator.py
[2023-01-27T00:11:43.613+0000] {logging_mixin.py:120} INFO - [2023-01-27T00:11:43.613+0000] {dag.py:2585} INFO - Sync 1 DAGs
[2023-01-27T00:11:43.638+0000] {logging_mixin.py:120} INFO - [2023-01-27T00:11:43.637+0000] {dag.py:3340} INFO - Setting next_dagrun for example_bash_operator to 2023-01-27T00:00:00+00:00, run_after=2023-01-28T00:00:00+00:00
[2023-01-27T00:11:43.649+0000] {processor.py:176} INFO - Processing /home/airflow/.local/lib/python3.7/site-packages/airflow/example_dags/example_bash_operator.py took 0.093 seconds
[2023-01-27T00:12:13.781+0000] {processor.py:154} INFO - Started process (PID=3502) to work on /home/airflow/.local/lib/python3.7/site-packages/airflow/example_dags/example_bash_operator.py
[2023-01-27T00:12:13.782+0000] {processor.py:756} INFO - Processing file /home/airflow/.local/lib/python3.7/site-packages/airflow/example_dags/example_bash_operator.py for tasks to queue
[2023-01-27T00:12:13.783+0000] {logging_mixin.py:120} INFO - [2023-01-27T00:12:13.783+0000] {dagbag.py:537} INFO - Filling up the DagBag from /home/airflow/.local/lib/python3.7/site-packages/airflow/example_dags/example_bash_operator.py
[2023-01-27T00:12:13.796+0000] {processor.py:766} INFO - DAG(s) dict_keys(['example_bash_operator']) retrieved from /home/airflow/.local/lib/python3.7/site-packages/airflow/example_dags/example_bash_operator.py
[2023-01-27T00:12:13.830+0000] {logging_mixin.py:120} INFO - [2023-01-27T00:12:13.830+0000] {dag.py:2585} INFO - Sync 1 DAGs
[2023-01-27T00:12:13.853+0000] {logging_mixin.py:120} INFO - [2023-01-27T00:12:13.853+0000] {dag.py:3340} INFO - Setting next_dagrun for example_bash_operator to 2023-01-27T00:00:00+00:00, run_after=2023-01-28T00:00:00+00:00
[2023-01-27T00:12:13.867+0000] {processor.py:176} INFO - Processing /home/airflow/.local/lib/python3.7/site-packages/airflow/example_dags/example_bash_operator.py took 0.088 seconds
[2023-01-27T00:12:44.149+0000] {processor.py:154} INFO - Started process (PID=3570) to work on /home/airflow/.local/lib/python3.7/site-packages/airflow/example_dags/example_bash_operator.py
[2023-01-27T00:12:44.150+0000] {processor.py:756} INFO - Processing file /home/airflow/.local/lib/python3.7/site-packages/airflow/example_dags/example_bash_operator.py for tasks to queue
[2023-01-27T00:12:44.150+0000] {logging_mixin.py:120} INFO - [2023-01-27T00:12:44.150+0000] {dagbag.py:537} INFO - Filling up the DagBag from /home/airflow/.local/lib/python3.7/site-packages/airflow/example_dags/example_bash_operator.py
[2023-01-27T00:12:44.166+0000] {processor.py:766} INFO - DAG(s) dict_keys(['example_bash_operator']) retrieved from /home/airflow/.local/lib/python3.7/site-packages/airflow/example_dags/example_bash_operator.py
[2023-01-27T00:12:44.199+0000] {logging_mixin.py:120} INFO - [2023-01-27T00:12:44.199+0000] {dag.py:2585} INFO - Sync 1 DAGs
[2023-01-27T00:12:44.221+0000] {logging_mixin.py:120} INFO - [2023-01-27T00:12:44.221+0000] {dag.py:3340} INFO - Setting next_dagrun for example_bash_operator to 2023-01-27T00:00:00+00:00, run_after=2023-01-28T00:00:00+00:00
[2023-01-27T00:12:44.237+0000] {processor.py:176} INFO - Processing /home/airflow/.local/lib/python3.7/site-packages/airflow/example_dags/example_bash_operator.py took 0.090 seconds
[2023-01-27T00:13:14.528+0000] {processor.py:154} INFO - Started process (PID=3637) to work on /home/airflow/.local/lib/python3.7/site-packages/airflow/example_dags/example_bash_operator.py
[2023-01-27T00:13:14.529+0000] {processor.py:756} INFO - Processing file /home/airflow/.local/lib/python3.7/site-packages/airflow/example_dags/example_bash_operator.py for tasks to queue
[2023-01-27T00:13:14.529+0000] {logging_mixin.py:120} INFO - [2023-01-27T00:13:14.529+0000] {dagbag.py:537} INFO - Filling up the DagBag from /home/airflow/.local/lib/python3.7/site-packages/airflow/example_dags/example_bash_operator.py
[2023-01-27T00:13:14.543+0000] {processor.py:766} INFO - DAG(s) dict_keys(['example_bash_operator']) retrieved from /home/airflow/.local/lib/python3.7/site-packages/airflow/example_dags/example_bash_operator.py
[2023-01-27T00:13:14.574+0000] {logging_mixin.py:120} INFO - [2023-01-27T00:13:14.574+0000] {dag.py:2585} INFO - Sync 1 DAGs
[2023-01-27T00:13:14.594+0000] {logging_mixin.py:120} INFO - [2023-01-27T00:13:14.594+0000] {dag.py:3340} INFO - Setting next_dagrun for example_bash_operator to 2023-01-27T00:00:00+00:00, run_after=2023-01-28T00:00:00+00:00
[2023-01-27T00:13:14.607+0000] {processor.py:176} INFO - Processing /home/airflow/.local/lib/python3.7/site-packages/airflow/example_dags/example_bash_operator.py took 0.081 seconds
[2023-01-27T00:13:44.800+0000] {processor.py:154} INFO - Started process (PID=3705) to work on /home/airflow/.local/lib/python3.7/site-packages/airflow/example_dags/example_bash_operator.py
[2023-01-27T00:13:44.800+0000] {processor.py:756} INFO - Processing file /home/airflow/.local/lib/python3.7/site-packages/airflow/example_dags/example_bash_operator.py for tasks to queue
[2023-01-27T00:13:44.801+0000] {logging_mixin.py:120} INFO - [2023-01-27T00:13:44.801+0000] {dagbag.py:537} INFO - Filling up the DagBag from /home/airflow/.local/lib/python3.7/site-packages/airflow/example_dags/example_bash_operator.py
[2023-01-27T00:13:44.814+0000] {processor.py:766} INFO - DAG(s) dict_keys(['example_bash_operator']) retrieved from /home/airflow/.local/lib/python3.7/site-packages/airflow/example_dags/example_bash_operator.py
[2023-01-27T00:13:44.845+0000] {logging_mixin.py:120} INFO - [2023-01-27T00:13:44.845+0000] {dag.py:2585} INFO - Sync 1 DAGs
[2023-01-27T00:13:44.862+0000] {logging_mixin.py:120} INFO - [2023-01-27T00:13:44.862+0000] {dag.py:3340} INFO - Setting next_dagrun for example_bash_operator to 2023-01-27T00:00:00+00:00, run_after=2023-01-28T00:00:00+00:00
[2023-01-27T00:13:44.875+0000] {processor.py:176} INFO - Processing /home/airflow/.local/lib/python3.7/site-packages/airflow/example_dags/example_bash_operator.py took 0.077 seconds
[2023-01-27T00:14:15.027+0000] {processor.py:154} INFO - Started process (PID=3764) to work on /home/airflow/.local/lib/python3.7/site-packages/airflow/example_dags/example_bash_operator.py
[2023-01-27T00:14:15.027+0000] {processor.py:756} INFO - Processing file /home/airflow/.local/lib/python3.7/site-packages/airflow/example_dags/example_bash_operator.py for tasks to queue
[2023-01-27T00:14:15.028+0000] {logging_mixin.py:120} INFO - [2023-01-27T00:14:15.028+0000] {dagbag.py:537} INFO - Filling up the DagBag from /home/airflow/.local/lib/python3.7/site-packages/airflow/example_dags/example_bash_operator.py
[2023-01-27T00:14:15.041+0000] {processor.py:766} INFO - DAG(s) dict_keys(['example_bash_operator']) retrieved from /home/airflow/.local/lib/python3.7/site-packages/airflow/example_dags/example_bash_operator.py
[2023-01-27T00:14:15.071+0000] {logging_mixin.py:120} INFO - [2023-01-27T00:14:15.071+0000] {dag.py:2585} INFO - Sync 1 DAGs
[2023-01-27T00:14:15.090+0000] {logging_mixin.py:120} INFO - [2023-01-27T00:14:15.090+0000] {dag.py:3340} INFO - Setting next_dagrun for example_bash_operator to 2023-01-27T00:00:00+00:00, run_after=2023-01-28T00:00:00+00:00
[2023-01-27T00:14:15.103+0000] {processor.py:176} INFO - Processing /home/airflow/.local/lib/python3.7/site-packages/airflow/example_dags/example_bash_operator.py took 0.078 seconds
[2023-01-27T00:14:45.205+0000] {processor.py:154} INFO - Started process (PID=3831) to work on /home/airflow/.local/lib/python3.7/site-packages/airflow/example_dags/example_bash_operator.py
[2023-01-27T00:14:45.206+0000] {processor.py:756} INFO - Processing file /home/airflow/.local/lib/python3.7/site-packages/airflow/example_dags/example_bash_operator.py for tasks to queue
[2023-01-27T00:14:45.206+0000] {logging_mixin.py:120} INFO - [2023-01-27T00:14:45.206+0000] {dagbag.py:537} INFO - Filling up the DagBag from /home/airflow/.local/lib/python3.7/site-packages/airflow/example_dags/example_bash_operator.py
[2023-01-27T00:14:45.219+0000] {processor.py:766} INFO - DAG(s) dict_keys(['example_bash_operator']) retrieved from /home/airflow/.local/lib/python3.7/site-packages/airflow/example_dags/example_bash_operator.py
[2023-01-27T00:14:45.248+0000] {logging_mixin.py:120} INFO - [2023-01-27T00:14:45.248+0000] {dag.py:2585} INFO - Sync 1 DAGs
[2023-01-27T00:14:45.265+0000] {logging_mixin.py:120} INFO - [2023-01-27T00:14:45.265+0000] {dag.py:3340} INFO - Setting next_dagrun for example_bash_operator to 2023-01-27T00:00:00+00:00, run_after=2023-01-28T00:00:00+00:00
[2023-01-27T00:14:45.279+0000] {processor.py:176} INFO - Processing /home/airflow/.local/lib/python3.7/site-packages/airflow/example_dags/example_bash_operator.py took 0.075 seconds
[2023-01-27T00:15:15.541+0000] {processor.py:154} INFO - Started process (PID=3900) to work on /home/airflow/.local/lib/python3.7/site-packages/airflow/example_dags/example_bash_operator.py
[2023-01-27T00:15:15.541+0000] {processor.py:756} INFO - Processing file /home/airflow/.local/lib/python3.7/site-packages/airflow/example_dags/example_bash_operator.py for tasks to queue
[2023-01-27T00:15:15.542+0000] {logging_mixin.py:120} INFO - [2023-01-27T00:15:15.541+0000] {dagbag.py:537} INFO - Filling up the DagBag from /home/airflow/.local/lib/python3.7/site-packages/airflow/example_dags/example_bash_operator.py
[2023-01-27T00:15:15.555+0000] {processor.py:766} INFO - DAG(s) dict_keys(['example_bash_operator']) retrieved from /home/airflow/.local/lib/python3.7/site-packages/airflow/example_dags/example_bash_operator.py
[2023-01-27T00:15:15.588+0000] {logging_mixin.py:120} INFO - [2023-01-27T00:15:15.587+0000] {dag.py:2585} INFO - Sync 1 DAGs
[2023-01-27T00:15:15.607+0000] {logging_mixin.py:120} INFO - [2023-01-27T00:15:15.606+0000] {dag.py:3340} INFO - Setting next_dagrun for example_bash_operator to 2023-01-27T00:00:00+00:00, run_after=2023-01-28T00:00:00+00:00
[2023-01-27T00:15:15.620+0000] {processor.py:176} INFO - Processing /home/airflow/.local/lib/python3.7/site-packages/airflow/example_dags/example_bash_operator.py took 0.081 seconds
[2023-01-27T00:15:45.904+0000] {processor.py:154} INFO - Started process (PID=3968) to work on /home/airflow/.local/lib/python3.7/site-packages/airflow/example_dags/example_bash_operator.py
[2023-01-27T00:15:45.905+0000] {processor.py:756} INFO - Processing file /home/airflow/.local/lib/python3.7/site-packages/airflow/example_dags/example_bash_operator.py for tasks to queue
[2023-01-27T00:15:45.906+0000] {logging_mixin.py:120} INFO - [2023-01-27T00:15:45.906+0000] {dagbag.py:537} INFO - Filling up the DagBag from /home/airflow/.local/lib/python3.7/site-packages/airflow/example_dags/example_bash_operator.py
[2023-01-27T00:15:45.920+0000] {processor.py:766} INFO - DAG(s) dict_keys(['example_bash_operator']) retrieved from /home/airflow/.local/lib/python3.7/site-packages/airflow/example_dags/example_bash_operator.py
[2023-01-27T00:15:45.955+0000] {logging_mixin.py:120} INFO - [2023-01-27T00:15:45.955+0000] {dag.py:2585} INFO - Sync 1 DAGs
[2023-01-27T00:15:45.974+0000] {logging_mixin.py:120} INFO - [2023-01-27T00:15:45.974+0000] {dag.py:3340} INFO - Setting next_dagrun for example_bash_operator to 2023-01-27T00:00:00+00:00, run_after=2023-01-28T00:00:00+00:00
[2023-01-27T00:15:45.987+0000] {processor.py:176} INFO - Processing /home/airflow/.local/lib/python3.7/site-packages/airflow/example_dags/example_bash_operator.py took 0.084 seconds
[2023-01-27T00:16:16.426+0000] {processor.py:154} INFO - Started process (PID=4036) to work on /home/airflow/.local/lib/python3.7/site-packages/airflow/example_dags/example_bash_operator.py
[2023-01-27T00:16:16.427+0000] {processor.py:756} INFO - Processing file /home/airflow/.local/lib/python3.7/site-packages/airflow/example_dags/example_bash_operator.py for tasks to queue
[2023-01-27T00:16:16.427+0000] {logging_mixin.py:120} INFO - [2023-01-27T00:16:16.427+0000] {dagbag.py:537} INFO - Filling up the DagBag from /home/airflow/.local/lib/python3.7/site-packages/airflow/example_dags/example_bash_operator.py
[2023-01-27T00:16:16.441+0000] {processor.py:766} INFO - DAG(s) dict_keys(['example_bash_operator']) retrieved from /home/airflow/.local/lib/python3.7/site-packages/airflow/example_dags/example_bash_operator.py
[2023-01-27T00:16:16.481+0000] {logging_mixin.py:120} INFO - [2023-01-27T00:16:16.481+0000] {dag.py:2585} INFO - Sync 1 DAGs
[2023-01-27T00:16:16.510+0000] {logging_mixin.py:120} INFO - [2023-01-27T00:16:16.510+0000] {dag.py:3340} INFO - Setting next_dagrun for example_bash_operator to 2023-01-27T00:00:00+00:00, run_after=2023-01-28T00:00:00+00:00
[2023-01-27T00:16:16.527+0000] {processor.py:176} INFO - Processing /home/airflow/.local/lib/python3.7/site-packages/airflow/example_dags/example_bash_operator.py took 0.103 seconds
[2023-01-27T00:16:46.757+0000] {processor.py:154} INFO - Started process (PID=4095) to work on /home/airflow/.local/lib/python3.7/site-packages/airflow/example_dags/example_bash_operator.py
[2023-01-27T00:16:46.757+0000] {processor.py:756} INFO - Processing file /home/airflow/.local/lib/python3.7/site-packages/airflow/example_dags/example_bash_operator.py for tasks to queue
[2023-01-27T00:16:46.758+0000] {logging_mixin.py:120} INFO - [2023-01-27T00:16:46.758+0000] {dagbag.py:537} INFO - Filling up the DagBag from /home/airflow/.local/lib/python3.7/site-packages/airflow/example_dags/example_bash_operator.py
[2023-01-27T00:16:46.771+0000] {processor.py:766} INFO - DAG(s) dict_keys(['example_bash_operator']) retrieved from /home/airflow/.local/lib/python3.7/site-packages/airflow/example_dags/example_bash_operator.py
[2023-01-27T00:16:46.786+0000] {logging_mixin.py:120} INFO - [2023-01-27T00:16:46.786+0000] {dag.py:2585} INFO - Sync 1 DAGs
[2023-01-27T00:16:46.816+0000] {logging_mixin.py:120} INFO - [2023-01-27T00:16:46.816+0000] {dag.py:3340} INFO - Setting next_dagrun for example_bash_operator to 2023-01-27T00:00:00+00:00, run_after=2023-01-28T00:00:00+00:00
[2023-01-27T00:16:46.829+0000] {processor.py:176} INFO - Processing /home/airflow/.local/lib/python3.7/site-packages/airflow/example_dags/example_bash_operator.py took 0.075 seconds
[2023-01-27T00:17:17.126+0000] {processor.py:154} INFO - Started process (PID=4162) to work on /home/airflow/.local/lib/python3.7/site-packages/airflow/example_dags/example_bash_operator.py
[2023-01-27T00:17:17.128+0000] {processor.py:756} INFO - Processing file /home/airflow/.local/lib/python3.7/site-packages/airflow/example_dags/example_bash_operator.py for tasks to queue
[2023-01-27T00:17:17.128+0000] {logging_mixin.py:120} INFO - [2023-01-27T00:17:17.128+0000] {dagbag.py:537} INFO - Filling up the DagBag from /home/airflow/.local/lib/python3.7/site-packages/airflow/example_dags/example_bash_operator.py
[2023-01-27T00:17:17.141+0000] {processor.py:766} INFO - DAG(s) dict_keys(['example_bash_operator']) retrieved from /home/airflow/.local/lib/python3.7/site-packages/airflow/example_dags/example_bash_operator.py
[2023-01-27T00:17:17.175+0000] {logging_mixin.py:120} INFO - [2023-01-27T00:17:17.175+0000] {dag.py:2585} INFO - Sync 1 DAGs
[2023-01-27T00:17:17.193+0000] {logging_mixin.py:120} INFO - [2023-01-27T00:17:17.193+0000] {dag.py:3340} INFO - Setting next_dagrun for example_bash_operator to 2023-01-27T00:00:00+00:00, run_after=2023-01-28T00:00:00+00:00
[2023-01-27T00:17:17.207+0000] {processor.py:176} INFO - Processing /home/airflow/.local/lib/python3.7/site-packages/airflow/example_dags/example_bash_operator.py took 0.082 seconds
[2023-01-27T00:17:47.562+0000] {processor.py:154} INFO - Started process (PID=4231) to work on /home/airflow/.local/lib/python3.7/site-packages/airflow/example_dags/example_bash_operator.py
[2023-01-27T00:17:47.563+0000] {processor.py:756} INFO - Processing file /home/airflow/.local/lib/python3.7/site-packages/airflow/example_dags/example_bash_operator.py for tasks to queue
[2023-01-27T00:17:47.563+0000] {logging_mixin.py:120} INFO - [2023-01-27T00:17:47.563+0000] {dagbag.py:537} INFO - Filling up the DagBag from /home/airflow/.local/lib/python3.7/site-packages/airflow/example_dags/example_bash_operator.py
[2023-01-27T00:17:47.577+0000] {processor.py:766} INFO - DAG(s) dict_keys(['example_bash_operator']) retrieved from /home/airflow/.local/lib/python3.7/site-packages/airflow/example_dags/example_bash_operator.py
[2023-01-27T00:17:47.608+0000] {logging_mixin.py:120} INFO - [2023-01-27T00:17:47.608+0000] {dag.py:2585} INFO - Sync 1 DAGs
[2023-01-27T00:17:47.626+0000] {logging_mixin.py:120} INFO - [2023-01-27T00:17:47.626+0000] {dag.py:3340} INFO - Setting next_dagrun for example_bash_operator to 2023-01-27T00:00:00+00:00, run_after=2023-01-28T00:00:00+00:00
[2023-01-27T00:17:47.639+0000] {processor.py:176} INFO - Processing /home/airflow/.local/lib/python3.7/site-packages/airflow/example_dags/example_bash_operator.py took 0.079 seconds
[2023-01-27T00:18:17.856+0000] {processor.py:154} INFO - Started process (PID=4300) to work on /home/airflow/.local/lib/python3.7/site-packages/airflow/example_dags/example_bash_operator.py
[2023-01-27T00:18:17.857+0000] {processor.py:756} INFO - Processing file /home/airflow/.local/lib/python3.7/site-packages/airflow/example_dags/example_bash_operator.py for tasks to queue
[2023-01-27T00:18:17.858+0000] {logging_mixin.py:120} INFO - [2023-01-27T00:18:17.858+0000] {dagbag.py:537} INFO - Filling up the DagBag from /home/airflow/.local/lib/python3.7/site-packages/airflow/example_dags/example_bash_operator.py
[2023-01-27T00:18:17.872+0000] {processor.py:766} INFO - DAG(s) dict_keys(['example_bash_operator']) retrieved from /home/airflow/.local/lib/python3.7/site-packages/airflow/example_dags/example_bash_operator.py
[2023-01-27T00:18:17.903+0000] {logging_mixin.py:120} INFO - [2023-01-27T00:18:17.902+0000] {dag.py:2585} INFO - Sync 1 DAGs
[2023-01-27T00:18:17.921+0000] {logging_mixin.py:120} INFO - [2023-01-27T00:18:17.921+0000] {dag.py:3340} INFO - Setting next_dagrun for example_bash_operator to 2023-01-27T00:00:00+00:00, run_after=2023-01-28T00:00:00+00:00
[2023-01-27T00:18:17.934+0000] {processor.py:176} INFO - Processing /home/airflow/.local/lib/python3.7/site-packages/airflow/example_dags/example_bash_operator.py took 0.079 seconds
[2023-01-27T00:18:48.056+0000] {processor.py:154} INFO - Started process (PID=4359) to work on /home/airflow/.local/lib/python3.7/site-packages/airflow/example_dags/example_bash_operator.py
[2023-01-27T00:18:48.057+0000] {processor.py:756} INFO - Processing file /home/airflow/.local/lib/python3.7/site-packages/airflow/example_dags/example_bash_operator.py for tasks to queue
[2023-01-27T00:18:48.057+0000] {logging_mixin.py:120} INFO - [2023-01-27T00:18:48.057+0000] {dagbag.py:537} INFO - Filling up the DagBag from /home/airflow/.local/lib/python3.7/site-packages/airflow/example_dags/example_bash_operator.py
[2023-01-27T00:18:48.070+0000] {processor.py:766} INFO - DAG(s) dict_keys(['example_bash_operator']) retrieved from /home/airflow/.local/lib/python3.7/site-packages/airflow/example_dags/example_bash_operator.py
[2023-01-27T00:18:48.100+0000] {logging_mixin.py:120} INFO - [2023-01-27T00:18:48.100+0000] {dag.py:2585} INFO - Sync 1 DAGs
[2023-01-27T00:18:48.120+0000] {logging_mixin.py:120} INFO - [2023-01-27T00:18:48.120+0000] {dag.py:3340} INFO - Setting next_dagrun for example_bash_operator to 2023-01-27T00:00:00+00:00, run_after=2023-01-28T00:00:00+00:00
[2023-01-27T00:18:48.133+0000] {processor.py:176} INFO - Processing /home/airflow/.local/lib/python3.7/site-packages/airflow/example_dags/example_bash_operator.py took 0.079 seconds
[2023-01-27T00:19:18.251+0000] {processor.py:154} INFO - Started process (PID=4427) to work on /home/airflow/.local/lib/python3.7/site-packages/airflow/example_dags/example_bash_operator.py
[2023-01-27T00:19:18.252+0000] {processor.py:756} INFO - Processing file /home/airflow/.local/lib/python3.7/site-packages/airflow/example_dags/example_bash_operator.py for tasks to queue
[2023-01-27T00:19:18.252+0000] {logging_mixin.py:120} INFO - [2023-01-27T00:19:18.252+0000] {dagbag.py:537} INFO - Filling up the DagBag from /home/airflow/.local/lib/python3.7/site-packages/airflow/example_dags/example_bash_operator.py
[2023-01-27T00:19:18.266+0000] {processor.py:766} INFO - DAG(s) dict_keys(['example_bash_operator']) retrieved from /home/airflow/.local/lib/python3.7/site-packages/airflow/example_dags/example_bash_operator.py
[2023-01-27T00:19:18.298+0000] {logging_mixin.py:120} INFO - [2023-01-27T00:19:18.297+0000] {dag.py:2585} INFO - Sync 1 DAGs
[2023-01-27T00:19:18.316+0000] {logging_mixin.py:120} INFO - [2023-01-27T00:19:18.316+0000] {dag.py:3340} INFO - Setting next_dagrun for example_bash_operator to 2023-01-27T00:00:00+00:00, run_after=2023-01-28T00:00:00+00:00
[2023-01-27T00:19:18.329+0000] {processor.py:176} INFO - Processing /home/airflow/.local/lib/python3.7/site-packages/airflow/example_dags/example_bash_operator.py took 0.079 seconds
[2023-01-27T00:19:48.566+0000] {processor.py:154} INFO - Started process (PID=4495) to work on /home/airflow/.local/lib/python3.7/site-packages/airflow/example_dags/example_bash_operator.py
[2023-01-27T00:19:48.568+0000] {processor.py:756} INFO - Processing file /home/airflow/.local/lib/python3.7/site-packages/airflow/example_dags/example_bash_operator.py for tasks to queue
[2023-01-27T00:19:48.568+0000] {logging_mixin.py:120} INFO - [2023-01-27T00:19:48.568+0000] {dagbag.py:537} INFO - Filling up the DagBag from /home/airflow/.local/lib/python3.7/site-packages/airflow/example_dags/example_bash_operator.py
[2023-01-27T00:19:48.581+0000] {processor.py:766} INFO - DAG(s) dict_keys(['example_bash_operator']) retrieved from /home/airflow/.local/lib/python3.7/site-packages/airflow/example_dags/example_bash_operator.py
[2023-01-27T00:19:48.612+0000] {logging_mixin.py:120} INFO - [2023-01-27T00:19:48.612+0000] {dag.py:2585} INFO - Sync 1 DAGs
[2023-01-27T00:19:48.632+0000] {logging_mixin.py:120} INFO - [2023-01-27T00:19:48.632+0000] {dag.py:3340} INFO - Setting next_dagrun for example_bash_operator to 2023-01-27T00:00:00+00:00, run_after=2023-01-28T00:00:00+00:00
[2023-01-27T00:19:48.645+0000] {processor.py:176} INFO - Processing /home/airflow/.local/lib/python3.7/site-packages/airflow/example_dags/example_bash_operator.py took 0.081 seconds
[2023-01-27T00:20:18.810+0000] {processor.py:154} INFO - Started process (PID=4563) to work on /home/airflow/.local/lib/python3.7/site-packages/airflow/example_dags/example_bash_operator.py
[2023-01-27T00:20:18.811+0000] {processor.py:756} INFO - Processing file /home/airflow/.local/lib/python3.7/site-packages/airflow/example_dags/example_bash_operator.py for tasks to queue
[2023-01-27T00:20:18.812+0000] {logging_mixin.py:120} INFO - [2023-01-27T00:20:18.811+0000] {dagbag.py:537} INFO - Filling up the DagBag from /home/airflow/.local/lib/python3.7/site-packages/airflow/example_dags/example_bash_operator.py
[2023-01-27T00:20:18.825+0000] {processor.py:766} INFO - DAG(s) dict_keys(['example_bash_operator']) retrieved from /home/airflow/.local/lib/python3.7/site-packages/airflow/example_dags/example_bash_operator.py
[2023-01-27T00:20:18.862+0000] {logging_mixin.py:120} INFO - [2023-01-27T00:20:18.862+0000] {dag.py:2585} INFO - Sync 1 DAGs
[2023-01-27T00:20:18.890+0000] {logging_mixin.py:120} INFO - [2023-01-27T00:20:18.890+0000] {dag.py:3340} INFO - Setting next_dagrun for example_bash_operator to 2023-01-27T00:00:00+00:00, run_after=2023-01-28T00:00:00+00:00
[2023-01-27T00:20:18.906+0000] {processor.py:176} INFO - Processing /home/airflow/.local/lib/python3.7/site-packages/airflow/example_dags/example_bash_operator.py took 0.097 seconds
[2023-01-27T00:20:49.032+0000] {processor.py:154} INFO - Started process (PID=4622) to work on /home/airflow/.local/lib/python3.7/site-packages/airflow/example_dags/example_bash_operator.py
[2023-01-27T00:20:49.033+0000] {processor.py:756} INFO - Processing file /home/airflow/.local/lib/python3.7/site-packages/airflow/example_dags/example_bash_operator.py for tasks to queue
[2023-01-27T00:20:49.033+0000] {logging_mixin.py:120} INFO - [2023-01-27T00:20:49.033+0000] {dagbag.py:537} INFO - Filling up the DagBag from /home/airflow/.local/lib/python3.7/site-packages/airflow/example_dags/example_bash_operator.py
[2023-01-27T00:20:49.046+0000] {processor.py:766} INFO - DAG(s) dict_keys(['example_bash_operator']) retrieved from /home/airflow/.local/lib/python3.7/site-packages/airflow/example_dags/example_bash_operator.py
[2023-01-27T00:20:49.076+0000] {logging_mixin.py:120} INFO - [2023-01-27T00:20:49.076+0000] {dag.py:2585} INFO - Sync 1 DAGs
[2023-01-27T00:20:49.094+0000] {logging_mixin.py:120} INFO - [2023-01-27T00:20:49.094+0000] {dag.py:3340} INFO - Setting next_dagrun for example_bash_operator to 2023-01-27T00:00:00+00:00, run_after=2023-01-28T00:00:00+00:00
[2023-01-27T00:20:49.107+0000] {processor.py:176} INFO - Processing /home/airflow/.local/lib/python3.7/site-packages/airflow/example_dags/example_bash_operator.py took 0.076 seconds
