[2023-01-27T00:00:03.144+0000] {processor.py:154} INFO - Started process (PID=1915) to work on /home/airflow/.local/lib/python3.7/site-packages/airflow/example_dags/example_xcom.py
[2023-01-27T00:00:03.144+0000] {processor.py:756} INFO - Processing file /home/airflow/.local/lib/python3.7/site-packages/airflow/example_dags/example_xcom.py for tasks to queue
[2023-01-27T00:00:03.144+0000] {logging_mixin.py:120} INFO - [2023-01-27T00:00:03.144+0000] {dagbag.py:537} INFO - Filling up the DagBag from /home/airflow/.local/lib/python3.7/site-packages/airflow/example_dags/example_xcom.py
[2023-01-27T00:00:03.160+0000] {processor.py:766} INFO - DAG(s) dict_keys(['example_xcom']) retrieved from /home/airflow/.local/lib/python3.7/site-packages/airflow/example_dags/example_xcom.py
[2023-01-27T00:00:03.190+0000] {logging_mixin.py:120} INFO - [2023-01-27T00:00:03.190+0000] {dag.py:2585} INFO - Sync 1 DAGs
[2023-01-27T00:00:03.210+0000] {logging_mixin.py:120} INFO - [2023-01-27T00:00:03.209+0000] {dag.py:3340} INFO - Setting next_dagrun for example_xcom to 2021-01-01T00:00:00+00:00, run_after=2021-01-01T00:00:00+00:00
[2023-01-27T00:00:03.225+0000] {processor.py:176} INFO - Processing /home/airflow/.local/lib/python3.7/site-packages/airflow/example_dags/example_xcom.py took 0.083 seconds
[2023-01-27T00:00:33.412+0000] {processor.py:154} INFO - Started process (PID=1978) to work on /home/airflow/.local/lib/python3.7/site-packages/airflow/example_dags/example_xcom.py
[2023-01-27T00:00:33.413+0000] {processor.py:756} INFO - Processing file /home/airflow/.local/lib/python3.7/site-packages/airflow/example_dags/example_xcom.py for tasks to queue
[2023-01-27T00:00:33.413+0000] {logging_mixin.py:120} INFO - [2023-01-27T00:00:33.413+0000] {dagbag.py:537} INFO - Filling up the DagBag from /home/airflow/.local/lib/python3.7/site-packages/airflow/example_dags/example_xcom.py
[2023-01-27T00:00:33.426+0000] {processor.py:766} INFO - DAG(s) dict_keys(['example_xcom']) retrieved from /home/airflow/.local/lib/python3.7/site-packages/airflow/example_dags/example_xcom.py
[2023-01-27T00:00:33.452+0000] {logging_mixin.py:120} INFO - [2023-01-27T00:00:33.452+0000] {dag.py:2585} INFO - Sync 1 DAGs
[2023-01-27T00:00:33.467+0000] {logging_mixin.py:120} INFO - [2023-01-27T00:00:33.467+0000] {dag.py:3340} INFO - Setting next_dagrun for example_xcom to 2021-01-01T00:00:00+00:00, run_after=2021-01-01T00:00:00+00:00
[2023-01-27T00:00:33.479+0000] {processor.py:176} INFO - Processing /home/airflow/.local/lib/python3.7/site-packages/airflow/example_dags/example_xcom.py took 0.069 seconds
[2023-01-27T00:01:03.657+0000] {processor.py:154} INFO - Started process (PID=2046) to work on /home/airflow/.local/lib/python3.7/site-packages/airflow/example_dags/example_xcom.py
[2023-01-27T00:01:03.658+0000] {processor.py:756} INFO - Processing file /home/airflow/.local/lib/python3.7/site-packages/airflow/example_dags/example_xcom.py for tasks to queue
[2023-01-27T00:01:03.659+0000] {logging_mixin.py:120} INFO - [2023-01-27T00:01:03.658+0000] {dagbag.py:537} INFO - Filling up the DagBag from /home/airflow/.local/lib/python3.7/site-packages/airflow/example_dags/example_xcom.py
[2023-01-27T00:01:03.673+0000] {processor.py:766} INFO - DAG(s) dict_keys(['example_xcom']) retrieved from /home/airflow/.local/lib/python3.7/site-packages/airflow/example_dags/example_xcom.py
[2023-01-27T00:01:03.697+0000] {logging_mixin.py:120} INFO - [2023-01-27T00:01:03.697+0000] {dag.py:2585} INFO - Sync 1 DAGs
[2023-01-27T00:01:03.714+0000] {logging_mixin.py:120} INFO - [2023-01-27T00:01:03.714+0000] {dag.py:3340} INFO - Setting next_dagrun for example_xcom to 2021-01-01T00:00:00+00:00, run_after=2021-01-01T00:00:00+00:00
[2023-01-27T00:01:03.727+0000] {processor.py:176} INFO - Processing /home/airflow/.local/lib/python3.7/site-packages/airflow/example_dags/example_xcom.py took 0.071 seconds
[2023-01-27T00:01:33.999+0000] {processor.py:154} INFO - Started process (PID=2113) to work on /home/airflow/.local/lib/python3.7/site-packages/airflow/example_dags/example_xcom.py
[2023-01-27T00:01:33.999+0000] {processor.py:756} INFO - Processing file /home/airflow/.local/lib/python3.7/site-packages/airflow/example_dags/example_xcom.py for tasks to queue
[2023-01-27T00:01:34.000+0000] {logging_mixin.py:120} INFO - [2023-01-27T00:01:33.999+0000] {dagbag.py:537} INFO - Filling up the DagBag from /home/airflow/.local/lib/python3.7/site-packages/airflow/example_dags/example_xcom.py
[2023-01-27T00:01:34.014+0000] {processor.py:766} INFO - DAG(s) dict_keys(['example_xcom']) retrieved from /home/airflow/.local/lib/python3.7/site-packages/airflow/example_dags/example_xcom.py
[2023-01-27T00:01:34.040+0000] {logging_mixin.py:120} INFO - [2023-01-27T00:01:34.040+0000] {dag.py:2585} INFO - Sync 1 DAGs
[2023-01-27T00:01:34.058+0000] {logging_mixin.py:120} INFO - [2023-01-27T00:01:34.058+0000] {dag.py:3340} INFO - Setting next_dagrun for example_xcom to 2021-01-01T00:00:00+00:00, run_after=2021-01-01T00:00:00+00:00
[2023-01-27T00:01:34.072+0000] {processor.py:176} INFO - Processing /home/airflow/.local/lib/python3.7/site-packages/airflow/example_dags/example_xcom.py took 0.075 seconds
[2023-01-27T00:02:04.199+0000] {processor.py:154} INFO - Started process (PID=2181) to work on /home/airflow/.local/lib/python3.7/site-packages/airflow/example_dags/example_xcom.py
[2023-01-27T00:02:04.200+0000] {processor.py:756} INFO - Processing file /home/airflow/.local/lib/python3.7/site-packages/airflow/example_dags/example_xcom.py for tasks to queue
[2023-01-27T00:02:04.200+0000] {logging_mixin.py:120} INFO - [2023-01-27T00:02:04.200+0000] {dagbag.py:537} INFO - Filling up the DagBag from /home/airflow/.local/lib/python3.7/site-packages/airflow/example_dags/example_xcom.py
[2023-01-27T00:02:04.230+0000] {processor.py:766} INFO - DAG(s) dict_keys(['example_xcom']) retrieved from /home/airflow/.local/lib/python3.7/site-packages/airflow/example_dags/example_xcom.py
[2023-01-27T00:02:04.257+0000] {logging_mixin.py:120} INFO - [2023-01-27T00:02:04.257+0000] {dag.py:2585} INFO - Sync 1 DAGs
[2023-01-27T00:02:04.275+0000] {logging_mixin.py:120} INFO - [2023-01-27T00:02:04.275+0000] {dag.py:3340} INFO - Setting next_dagrun for example_xcom to 2021-01-01T00:00:00+00:00, run_after=2021-01-01T00:00:00+00:00
[2023-01-27T00:02:04.290+0000] {processor.py:176} INFO - Processing /home/airflow/.local/lib/python3.7/site-packages/airflow/example_dags/example_xcom.py took 0.095 seconds
[2023-01-27T00:02:34.436+0000] {processor.py:154} INFO - Started process (PID=2240) to work on /home/airflow/.local/lib/python3.7/site-packages/airflow/example_dags/example_xcom.py
[2023-01-27T00:02:34.436+0000] {processor.py:756} INFO - Processing file /home/airflow/.local/lib/python3.7/site-packages/airflow/example_dags/example_xcom.py for tasks to queue
[2023-01-27T00:02:34.437+0000] {logging_mixin.py:120} INFO - [2023-01-27T00:02:34.437+0000] {dagbag.py:537} INFO - Filling up the DagBag from /home/airflow/.local/lib/python3.7/site-packages/airflow/example_dags/example_xcom.py
[2023-01-27T00:02:34.452+0000] {processor.py:766} INFO - DAG(s) dict_keys(['example_xcom']) retrieved from /home/airflow/.local/lib/python3.7/site-packages/airflow/example_dags/example_xcom.py
[2023-01-27T00:02:34.481+0000] {logging_mixin.py:120} INFO - [2023-01-27T00:02:34.481+0000] {dag.py:2585} INFO - Sync 1 DAGs
[2023-01-27T00:02:34.504+0000] {logging_mixin.py:120} INFO - [2023-01-27T00:02:34.504+0000] {dag.py:3340} INFO - Setting next_dagrun for example_xcom to 2021-01-01T00:00:00+00:00, run_after=2021-01-01T00:00:00+00:00
[2023-01-27T00:02:34.521+0000] {processor.py:176} INFO - Processing /home/airflow/.local/lib/python3.7/site-packages/airflow/example_dags/example_xcom.py took 0.087 seconds
[2023-01-27T00:03:04.863+0000] {processor.py:154} INFO - Started process (PID=2308) to work on /home/airflow/.local/lib/python3.7/site-packages/airflow/example_dags/example_xcom.py
[2023-01-27T00:03:04.863+0000] {processor.py:756} INFO - Processing file /home/airflow/.local/lib/python3.7/site-packages/airflow/example_dags/example_xcom.py for tasks to queue
[2023-01-27T00:03:04.864+0000] {logging_mixin.py:120} INFO - [2023-01-27T00:03:04.864+0000] {dagbag.py:537} INFO - Filling up the DagBag from /home/airflow/.local/lib/python3.7/site-packages/airflow/example_dags/example_xcom.py
[2023-01-27T00:03:04.879+0000] {processor.py:766} INFO - DAG(s) dict_keys(['example_xcom']) retrieved from /home/airflow/.local/lib/python3.7/site-packages/airflow/example_dags/example_xcom.py
[2023-01-27T00:03:04.905+0000] {logging_mixin.py:120} INFO - [2023-01-27T00:03:04.904+0000] {dag.py:2585} INFO - Sync 1 DAGs
[2023-01-27T00:03:04.922+0000] {logging_mixin.py:120} INFO - [2023-01-27T00:03:04.922+0000] {dag.py:3340} INFO - Setting next_dagrun for example_xcom to 2021-01-01T00:00:00+00:00, run_after=2021-01-01T00:00:00+00:00
[2023-01-27T00:03:04.935+0000] {processor.py:176} INFO - Processing /home/airflow/.local/lib/python3.7/site-packages/airflow/example_dags/example_xcom.py took 0.074 seconds
[2023-01-27T00:03:35.277+0000] {processor.py:154} INFO - Started process (PID=2376) to work on /home/airflow/.local/lib/python3.7/site-packages/airflow/example_dags/example_xcom.py
[2023-01-27T00:03:35.277+0000] {processor.py:756} INFO - Processing file /home/airflow/.local/lib/python3.7/site-packages/airflow/example_dags/example_xcom.py for tasks to queue
[2023-01-27T00:03:35.277+0000] {logging_mixin.py:120} INFO - [2023-01-27T00:03:35.277+0000] {dagbag.py:537} INFO - Filling up the DagBag from /home/airflow/.local/lib/python3.7/site-packages/airflow/example_dags/example_xcom.py
[2023-01-27T00:03:35.292+0000] {processor.py:766} INFO - DAG(s) dict_keys(['example_xcom']) retrieved from /home/airflow/.local/lib/python3.7/site-packages/airflow/example_dags/example_xcom.py
[2023-01-27T00:03:35.318+0000] {logging_mixin.py:120} INFO - [2023-01-27T00:03:35.318+0000] {dag.py:2585} INFO - Sync 1 DAGs
[2023-01-27T00:03:35.335+0000] {logging_mixin.py:120} INFO - [2023-01-27T00:03:35.335+0000] {dag.py:3340} INFO - Setting next_dagrun for example_xcom to 2021-01-01T00:00:00+00:00, run_after=2021-01-01T00:00:00+00:00
[2023-01-27T00:03:35.347+0000] {processor.py:176} INFO - Processing /home/airflow/.local/lib/python3.7/site-packages/airflow/example_dags/example_xcom.py took 0.073 seconds
[2023-01-27T00:04:05.474+0000] {processor.py:154} INFO - Started process (PID=2444) to work on /home/airflow/.local/lib/python3.7/site-packages/airflow/example_dags/example_xcom.py
[2023-01-27T00:04:05.475+0000] {processor.py:756} INFO - Processing file /home/airflow/.local/lib/python3.7/site-packages/airflow/example_dags/example_xcom.py for tasks to queue
[2023-01-27T00:04:05.475+0000] {logging_mixin.py:120} INFO - [2023-01-27T00:04:05.475+0000] {dagbag.py:537} INFO - Filling up the DagBag from /home/airflow/.local/lib/python3.7/site-packages/airflow/example_dags/example_xcom.py
[2023-01-27T00:04:05.490+0000] {processor.py:766} INFO - DAG(s) dict_keys(['example_xcom']) retrieved from /home/airflow/.local/lib/python3.7/site-packages/airflow/example_dags/example_xcom.py
[2023-01-27T00:04:05.517+0000] {logging_mixin.py:120} INFO - [2023-01-27T00:04:05.517+0000] {dag.py:2585} INFO - Sync 1 DAGs
[2023-01-27T00:04:05.533+0000] {logging_mixin.py:120} INFO - [2023-01-27T00:04:05.533+0000] {dag.py:3340} INFO - Setting next_dagrun for example_xcom to 2021-01-01T00:00:00+00:00, run_after=2021-01-01T00:00:00+00:00
[2023-01-27T00:04:05.547+0000] {processor.py:176} INFO - Processing /home/airflow/.local/lib/python3.7/site-packages/airflow/example_dags/example_xcom.py took 0.075 seconds
[2023-01-27T00:04:36.014+0000] {processor.py:154} INFO - Started process (PID=2510) to work on /home/airflow/.local/lib/python3.7/site-packages/airflow/example_dags/example_xcom.py
[2023-01-27T00:04:36.015+0000] {processor.py:756} INFO - Processing file /home/airflow/.local/lib/python3.7/site-packages/airflow/example_dags/example_xcom.py for tasks to queue
[2023-01-27T00:04:36.015+0000] {logging_mixin.py:120} INFO - [2023-01-27T00:04:36.015+0000] {dagbag.py:537} INFO - Filling up the DagBag from /home/airflow/.local/lib/python3.7/site-packages/airflow/example_dags/example_xcom.py
[2023-01-27T00:04:36.030+0000] {processor.py:766} INFO - DAG(s) dict_keys(['example_xcom']) retrieved from /home/airflow/.local/lib/python3.7/site-packages/airflow/example_dags/example_xcom.py
[2023-01-27T00:04:36.060+0000] {logging_mixin.py:120} INFO - [2023-01-27T00:04:36.060+0000] {dag.py:2585} INFO - Sync 1 DAGs
[2023-01-27T00:04:36.084+0000] {logging_mixin.py:120} INFO - [2023-01-27T00:04:36.084+0000] {dag.py:3340} INFO - Setting next_dagrun for example_xcom to 2021-01-01T00:00:00+00:00, run_after=2021-01-01T00:00:00+00:00
[2023-01-27T00:04:36.102+0000] {processor.py:176} INFO - Processing /home/airflow/.local/lib/python3.7/site-packages/airflow/example_dags/example_xcom.py took 0.090 seconds
[2023-01-27T00:05:06.350+0000] {processor.py:154} INFO - Started process (PID=2571) to work on /home/airflow/.local/lib/python3.7/site-packages/airflow/example_dags/example_xcom.py
[2023-01-27T00:05:06.351+0000] {processor.py:756} INFO - Processing file /home/airflow/.local/lib/python3.7/site-packages/airflow/example_dags/example_xcom.py for tasks to queue
[2023-01-27T00:05:06.351+0000] {logging_mixin.py:120} INFO - [2023-01-27T00:05:06.351+0000] {dagbag.py:537} INFO - Filling up the DagBag from /home/airflow/.local/lib/python3.7/site-packages/airflow/example_dags/example_xcom.py
[2023-01-27T00:05:06.365+0000] {processor.py:766} INFO - DAG(s) dict_keys(['example_xcom']) retrieved from /home/airflow/.local/lib/python3.7/site-packages/airflow/example_dags/example_xcom.py
[2023-01-27T00:05:06.394+0000] {logging_mixin.py:120} INFO - [2023-01-27T00:05:06.394+0000] {dag.py:2585} INFO - Sync 1 DAGs
[2023-01-27T00:05:06.418+0000] {logging_mixin.py:120} INFO - [2023-01-27T00:05:06.418+0000] {dag.py:3340} INFO - Setting next_dagrun for example_xcom to 2021-01-01T00:00:00+00:00, run_after=2021-01-01T00:00:00+00:00
[2023-01-27T00:05:06.434+0000] {processor.py:176} INFO - Processing /home/airflow/.local/lib/python3.7/site-packages/airflow/example_dags/example_xcom.py took 0.086 seconds
[2023-01-27T00:05:36.751+0000] {processor.py:154} INFO - Started process (PID=2639) to work on /home/airflow/.local/lib/python3.7/site-packages/airflow/example_dags/example_xcom.py
[2023-01-27T00:05:36.752+0000] {processor.py:756} INFO - Processing file /home/airflow/.local/lib/python3.7/site-packages/airflow/example_dags/example_xcom.py for tasks to queue
[2023-01-27T00:05:36.752+0000] {logging_mixin.py:120} INFO - [2023-01-27T00:05:36.752+0000] {dagbag.py:537} INFO - Filling up the DagBag from /home/airflow/.local/lib/python3.7/site-packages/airflow/example_dags/example_xcom.py
[2023-01-27T00:05:36.766+0000] {processor.py:766} INFO - DAG(s) dict_keys(['example_xcom']) retrieved from /home/airflow/.local/lib/python3.7/site-packages/airflow/example_dags/example_xcom.py
[2023-01-27T00:05:36.795+0000] {logging_mixin.py:120} INFO - [2023-01-27T00:05:36.795+0000] {dag.py:2585} INFO - Sync 1 DAGs
[2023-01-27T00:05:36.811+0000] {logging_mixin.py:120} INFO - [2023-01-27T00:05:36.811+0000] {dag.py:3340} INFO - Setting next_dagrun for example_xcom to 2021-01-01T00:00:00+00:00, run_after=2021-01-01T00:00:00+00:00
[2023-01-27T00:05:36.824+0000] {processor.py:176} INFO - Processing /home/airflow/.local/lib/python3.7/site-packages/airflow/example_dags/example_xcom.py took 0.074 seconds
[2023-01-27T00:06:06.917+0000] {processor.py:154} INFO - Started process (PID=2707) to work on /home/airflow/.local/lib/python3.7/site-packages/airflow/example_dags/example_xcom.py
[2023-01-27T00:06:06.920+0000] {processor.py:756} INFO - Processing file /home/airflow/.local/lib/python3.7/site-packages/airflow/example_dags/example_xcom.py for tasks to queue
[2023-01-27T00:06:06.920+0000] {logging_mixin.py:120} INFO - [2023-01-27T00:06:06.920+0000] {dagbag.py:537} INFO - Filling up the DagBag from /home/airflow/.local/lib/python3.7/site-packages/airflow/example_dags/example_xcom.py
[2023-01-27T00:06:06.934+0000] {processor.py:766} INFO - DAG(s) dict_keys(['example_xcom']) retrieved from /home/airflow/.local/lib/python3.7/site-packages/airflow/example_dags/example_xcom.py
[2023-01-27T00:06:06.964+0000] {logging_mixin.py:120} INFO - [2023-01-27T00:06:06.964+0000] {dag.py:2585} INFO - Sync 1 DAGs
[2023-01-27T00:06:06.987+0000] {logging_mixin.py:120} INFO - [2023-01-27T00:06:06.987+0000] {dag.py:3340} INFO - Setting next_dagrun for example_xcom to 2021-01-01T00:00:00+00:00, run_after=2021-01-01T00:00:00+00:00
[2023-01-27T00:06:07.004+0000] {processor.py:176} INFO - Processing /home/airflow/.local/lib/python3.7/site-packages/airflow/example_dags/example_xcom.py took 0.088 seconds
[2023-01-27T00:06:37.335+0000] {processor.py:154} INFO - Started process (PID=2776) to work on /home/airflow/.local/lib/python3.7/site-packages/airflow/example_dags/example_xcom.py
[2023-01-27T00:06:37.337+0000] {processor.py:756} INFO - Processing file /home/airflow/.local/lib/python3.7/site-packages/airflow/example_dags/example_xcom.py for tasks to queue
[2023-01-27T00:06:37.338+0000] {logging_mixin.py:120} INFO - [2023-01-27T00:06:37.337+0000] {dagbag.py:537} INFO - Filling up the DagBag from /home/airflow/.local/lib/python3.7/site-packages/airflow/example_dags/example_xcom.py
[2023-01-27T00:06:37.354+0000] {processor.py:766} INFO - DAG(s) dict_keys(['example_xcom']) retrieved from /home/airflow/.local/lib/python3.7/site-packages/airflow/example_dags/example_xcom.py
[2023-01-27T00:06:37.386+0000] {logging_mixin.py:120} INFO - [2023-01-27T00:06:37.386+0000] {dag.py:2585} INFO - Sync 1 DAGs
[2023-01-27T00:06:37.412+0000] {logging_mixin.py:120} INFO - [2023-01-27T00:06:37.411+0000] {dag.py:3340} INFO - Setting next_dagrun for example_xcom to 2021-01-01T00:00:00+00:00, run_after=2021-01-01T00:00:00+00:00
[2023-01-27T00:06:37.431+0000] {processor.py:176} INFO - Processing /home/airflow/.local/lib/python3.7/site-packages/airflow/example_dags/example_xcom.py took 0.098 seconds
[2023-01-27T00:07:07.598+0000] {processor.py:154} INFO - Started process (PID=2835) to work on /home/airflow/.local/lib/python3.7/site-packages/airflow/example_dags/example_xcom.py
[2023-01-27T00:07:07.599+0000] {processor.py:756} INFO - Processing file /home/airflow/.local/lib/python3.7/site-packages/airflow/example_dags/example_xcom.py for tasks to queue
[2023-01-27T00:07:07.600+0000] {logging_mixin.py:120} INFO - [2023-01-27T00:07:07.600+0000] {dagbag.py:537} INFO - Filling up the DagBag from /home/airflow/.local/lib/python3.7/site-packages/airflow/example_dags/example_xcom.py
[2023-01-27T00:07:07.615+0000] {processor.py:766} INFO - DAG(s) dict_keys(['example_xcom']) retrieved from /home/airflow/.local/lib/python3.7/site-packages/airflow/example_dags/example_xcom.py
[2023-01-27T00:07:07.641+0000] {logging_mixin.py:120} INFO - [2023-01-27T00:07:07.640+0000] {dag.py:2585} INFO - Sync 1 DAGs
[2023-01-27T00:07:07.659+0000] {logging_mixin.py:120} INFO - [2023-01-27T00:07:07.659+0000] {dag.py:3340} INFO - Setting next_dagrun for example_xcom to 2021-01-01T00:00:00+00:00, run_after=2021-01-01T00:00:00+00:00
[2023-01-27T00:07:07.673+0000] {processor.py:176} INFO - Processing /home/airflow/.local/lib/python3.7/site-packages/airflow/example_dags/example_xcom.py took 0.076 seconds
[2023-01-27T00:07:37.701+0000] {processor.py:154} INFO - Started process (PID=2903) to work on /home/airflow/.local/lib/python3.7/site-packages/airflow/example_dags/example_xcom.py
[2023-01-27T00:07:37.701+0000] {processor.py:756} INFO - Processing file /home/airflow/.local/lib/python3.7/site-packages/airflow/example_dags/example_xcom.py for tasks to queue
[2023-01-27T00:07:37.702+0000] {logging_mixin.py:120} INFO - [2023-01-27T00:07:37.702+0000] {dagbag.py:537} INFO - Filling up the DagBag from /home/airflow/.local/lib/python3.7/site-packages/airflow/example_dags/example_xcom.py
[2023-01-27T00:07:37.717+0000] {processor.py:766} INFO - DAG(s) dict_keys(['example_xcom']) retrieved from /home/airflow/.local/lib/python3.7/site-packages/airflow/example_dags/example_xcom.py
[2023-01-27T00:07:37.744+0000] {logging_mixin.py:120} INFO - [2023-01-27T00:07:37.744+0000] {dag.py:2585} INFO - Sync 1 DAGs
[2023-01-27T00:07:37.761+0000] {logging_mixin.py:120} INFO - [2023-01-27T00:07:37.761+0000] {dag.py:3340} INFO - Setting next_dagrun for example_xcom to 2021-01-01T00:00:00+00:00, run_after=2021-01-01T00:00:00+00:00
[2023-01-27T00:07:37.775+0000] {processor.py:176} INFO - Processing /home/airflow/.local/lib/python3.7/site-packages/airflow/example_dags/example_xcom.py took 0.076 seconds
[2023-01-27T00:08:07.885+0000] {processor.py:154} INFO - Started process (PID=2969) to work on /home/airflow/.local/lib/python3.7/site-packages/airflow/example_dags/example_xcom.py
[2023-01-27T00:08:07.885+0000] {processor.py:756} INFO - Processing file /home/airflow/.local/lib/python3.7/site-packages/airflow/example_dags/example_xcom.py for tasks to queue
[2023-01-27T00:08:07.885+0000] {logging_mixin.py:120} INFO - [2023-01-27T00:08:07.885+0000] {dagbag.py:537} INFO - Filling up the DagBag from /home/airflow/.local/lib/python3.7/site-packages/airflow/example_dags/example_xcom.py
[2023-01-27T00:08:07.899+0000] {processor.py:766} INFO - DAG(s) dict_keys(['example_xcom']) retrieved from /home/airflow/.local/lib/python3.7/site-packages/airflow/example_dags/example_xcom.py
[2023-01-27T00:08:07.925+0000] {logging_mixin.py:120} INFO - [2023-01-27T00:08:07.925+0000] {dag.py:2585} INFO - Sync 1 DAGs
[2023-01-27T00:08:07.941+0000] {logging_mixin.py:120} INFO - [2023-01-27T00:08:07.941+0000] {dag.py:3340} INFO - Setting next_dagrun for example_xcom to 2021-01-01T00:00:00+00:00, run_after=2021-01-01T00:00:00+00:00
[2023-01-27T00:08:07.954+0000] {processor.py:176} INFO - Processing /home/airflow/.local/lib/python3.7/site-packages/airflow/example_dags/example_xcom.py took 0.072 seconds
[2023-01-27T00:08:38.007+0000] {processor.py:154} INFO - Started process (PID=3037) to work on /home/airflow/.local/lib/python3.7/site-packages/airflow/example_dags/example_xcom.py
[2023-01-27T00:08:38.007+0000] {processor.py:756} INFO - Processing file /home/airflow/.local/lib/python3.7/site-packages/airflow/example_dags/example_xcom.py for tasks to queue
[2023-01-27T00:08:38.008+0000] {logging_mixin.py:120} INFO - [2023-01-27T00:08:38.008+0000] {dagbag.py:537} INFO - Filling up the DagBag from /home/airflow/.local/lib/python3.7/site-packages/airflow/example_dags/example_xcom.py
[2023-01-27T00:08:38.025+0000] {processor.py:766} INFO - DAG(s) dict_keys(['example_xcom']) retrieved from /home/airflow/.local/lib/python3.7/site-packages/airflow/example_dags/example_xcom.py
[2023-01-27T00:08:38.054+0000] {logging_mixin.py:120} INFO - [2023-01-27T00:08:38.054+0000] {dag.py:2585} INFO - Sync 1 DAGs
[2023-01-27T00:08:38.073+0000] {logging_mixin.py:120} INFO - [2023-01-27T00:08:38.073+0000] {dag.py:3340} INFO - Setting next_dagrun for example_xcom to 2021-01-01T00:00:00+00:00, run_after=2021-01-01T00:00:00+00:00
[2023-01-27T00:08:38.088+0000] {processor.py:176} INFO - Processing /home/airflow/.local/lib/python3.7/site-packages/airflow/example_dags/example_xcom.py took 0.083 seconds
[2023-01-27T00:09:08.311+0000] {processor.py:154} INFO - Started process (PID=3096) to work on /home/airflow/.local/lib/python3.7/site-packages/airflow/example_dags/example_xcom.py
[2023-01-27T00:09:08.311+0000] {processor.py:756} INFO - Processing file /home/airflow/.local/lib/python3.7/site-packages/airflow/example_dags/example_xcom.py for tasks to queue
[2023-01-27T00:09:08.311+0000] {logging_mixin.py:120} INFO - [2023-01-27T00:09:08.311+0000] {dagbag.py:537} INFO - Filling up the DagBag from /home/airflow/.local/lib/python3.7/site-packages/airflow/example_dags/example_xcom.py
[2023-01-27T00:09:08.325+0000] {processor.py:766} INFO - DAG(s) dict_keys(['example_xcom']) retrieved from /home/airflow/.local/lib/python3.7/site-packages/airflow/example_dags/example_xcom.py
[2023-01-27T00:09:08.350+0000] {logging_mixin.py:120} INFO - [2023-01-27T00:09:08.350+0000] {dag.py:2585} INFO - Sync 1 DAGs
[2023-01-27T00:09:08.365+0000] {logging_mixin.py:120} INFO - [2023-01-27T00:09:08.365+0000] {dag.py:3340} INFO - Setting next_dagrun for example_xcom to 2021-01-01T00:00:00+00:00, run_after=2021-01-01T00:00:00+00:00
[2023-01-27T00:09:08.378+0000] {processor.py:176} INFO - Processing /home/airflow/.local/lib/python3.7/site-packages/airflow/example_dags/example_xcom.py took 0.069 seconds
[2023-01-27T00:09:38.573+0000] {processor.py:154} INFO - Started process (PID=3163) to work on /home/airflow/.local/lib/python3.7/site-packages/airflow/example_dags/example_xcom.py
[2023-01-27T00:09:38.574+0000] {processor.py:756} INFO - Processing file /home/airflow/.local/lib/python3.7/site-packages/airflow/example_dags/example_xcom.py for tasks to queue
[2023-01-27T00:09:38.574+0000] {logging_mixin.py:120} INFO - [2023-01-27T00:09:38.574+0000] {dagbag.py:537} INFO - Filling up the DagBag from /home/airflow/.local/lib/python3.7/site-packages/airflow/example_dags/example_xcom.py
[2023-01-27T00:09:38.589+0000] {processor.py:766} INFO - DAG(s) dict_keys(['example_xcom']) retrieved from /home/airflow/.local/lib/python3.7/site-packages/airflow/example_dags/example_xcom.py
[2023-01-27T00:09:38.615+0000] {logging_mixin.py:120} INFO - [2023-01-27T00:09:38.615+0000] {dag.py:2585} INFO - Sync 1 DAGs
[2023-01-27T00:09:38.632+0000] {logging_mixin.py:120} INFO - [2023-01-27T00:09:38.632+0000] {dag.py:3340} INFO - Setting next_dagrun for example_xcom to 2021-01-01T00:00:00+00:00, run_after=2021-01-01T00:00:00+00:00
[2023-01-27T00:09:38.643+0000] {processor.py:176} INFO - Processing /home/airflow/.local/lib/python3.7/site-packages/airflow/example_dags/example_xcom.py took 0.072 seconds
[2023-01-27T00:10:09.092+0000] {processor.py:154} INFO - Started process (PID=3232) to work on /home/airflow/.local/lib/python3.7/site-packages/airflow/example_dags/example_xcom.py
[2023-01-27T00:10:09.093+0000] {processor.py:756} INFO - Processing file /home/airflow/.local/lib/python3.7/site-packages/airflow/example_dags/example_xcom.py for tasks to queue
[2023-01-27T00:10:09.094+0000] {logging_mixin.py:120} INFO - [2023-01-27T00:10:09.094+0000] {dagbag.py:537} INFO - Filling up the DagBag from /home/airflow/.local/lib/python3.7/site-packages/airflow/example_dags/example_xcom.py
[2023-01-27T00:10:09.108+0000] {processor.py:766} INFO - DAG(s) dict_keys(['example_xcom']) retrieved from /home/airflow/.local/lib/python3.7/site-packages/airflow/example_dags/example_xcom.py
[2023-01-27T00:10:09.135+0000] {logging_mixin.py:120} INFO - [2023-01-27T00:10:09.135+0000] {dag.py:2585} INFO - Sync 1 DAGs
[2023-01-27T00:10:09.152+0000] {logging_mixin.py:120} INFO - [2023-01-27T00:10:09.152+0000] {dag.py:3340} INFO - Setting next_dagrun for example_xcom to 2021-01-01T00:00:00+00:00, run_after=2021-01-01T00:00:00+00:00
[2023-01-27T00:10:09.165+0000] {processor.py:176} INFO - Processing /home/airflow/.local/lib/python3.7/site-packages/airflow/example_dags/example_xcom.py took 0.074 seconds
[2023-01-27T00:10:39.420+0000] {processor.py:154} INFO - Started process (PID=3300) to work on /home/airflow/.local/lib/python3.7/site-packages/airflow/example_dags/example_xcom.py
[2023-01-27T00:10:39.421+0000] {processor.py:756} INFO - Processing file /home/airflow/.local/lib/python3.7/site-packages/airflow/example_dags/example_xcom.py for tasks to queue
[2023-01-27T00:10:39.421+0000] {logging_mixin.py:120} INFO - [2023-01-27T00:10:39.421+0000] {dagbag.py:537} INFO - Filling up the DagBag from /home/airflow/.local/lib/python3.7/site-packages/airflow/example_dags/example_xcom.py
[2023-01-27T00:10:39.436+0000] {processor.py:766} INFO - DAG(s) dict_keys(['example_xcom']) retrieved from /home/airflow/.local/lib/python3.7/site-packages/airflow/example_dags/example_xcom.py
[2023-01-27T00:10:39.462+0000] {logging_mixin.py:120} INFO - [2023-01-27T00:10:39.462+0000] {dag.py:2585} INFO - Sync 1 DAGs
[2023-01-27T00:10:39.479+0000] {logging_mixin.py:120} INFO - [2023-01-27T00:10:39.479+0000] {dag.py:3340} INFO - Setting next_dagrun for example_xcom to 2021-01-01T00:00:00+00:00, run_after=2021-01-01T00:00:00+00:00
[2023-01-27T00:10:39.491+0000] {processor.py:176} INFO - Processing /home/airflow/.local/lib/python3.7/site-packages/airflow/example_dags/example_xcom.py took 0.073 seconds
[2023-01-27T00:11:09.804+0000] {processor.py:154} INFO - Started process (PID=3359) to work on /home/airflow/.local/lib/python3.7/site-packages/airflow/example_dags/example_xcom.py
[2023-01-27T00:11:09.805+0000] {processor.py:756} INFO - Processing file /home/airflow/.local/lib/python3.7/site-packages/airflow/example_dags/example_xcom.py for tasks to queue
[2023-01-27T00:11:09.806+0000] {logging_mixin.py:120} INFO - [2023-01-27T00:11:09.806+0000] {dagbag.py:537} INFO - Filling up the DagBag from /home/airflow/.local/lib/python3.7/site-packages/airflow/example_dags/example_xcom.py
[2023-01-27T00:11:09.821+0000] {processor.py:766} INFO - DAG(s) dict_keys(['example_xcom']) retrieved from /home/airflow/.local/lib/python3.7/site-packages/airflow/example_dags/example_xcom.py
[2023-01-27T00:11:09.850+0000] {logging_mixin.py:120} INFO - [2023-01-27T00:11:09.850+0000] {dag.py:2585} INFO - Sync 1 DAGs
[2023-01-27T00:11:09.867+0000] {logging_mixin.py:120} INFO - [2023-01-27T00:11:09.867+0000] {dag.py:3340} INFO - Setting next_dagrun for example_xcom to 2021-01-01T00:00:00+00:00, run_after=2021-01-01T00:00:00+00:00
[2023-01-27T00:11:09.883+0000] {processor.py:176} INFO - Processing /home/airflow/.local/lib/python3.7/site-packages/airflow/example_dags/example_xcom.py took 0.080 seconds
[2023-01-27T00:11:40.063+0000] {processor.py:154} INFO - Started process (PID=3427) to work on /home/airflow/.local/lib/python3.7/site-packages/airflow/example_dags/example_xcom.py
[2023-01-27T00:11:40.064+0000] {processor.py:756} INFO - Processing file /home/airflow/.local/lib/python3.7/site-packages/airflow/example_dags/example_xcom.py for tasks to queue
[2023-01-27T00:11:40.065+0000] {logging_mixin.py:120} INFO - [2023-01-27T00:11:40.065+0000] {dagbag.py:537} INFO - Filling up the DagBag from /home/airflow/.local/lib/python3.7/site-packages/airflow/example_dags/example_xcom.py
[2023-01-27T00:11:40.083+0000] {processor.py:766} INFO - DAG(s) dict_keys(['example_xcom']) retrieved from /home/airflow/.local/lib/python3.7/site-packages/airflow/example_dags/example_xcom.py
[2023-01-27T00:11:40.115+0000] {logging_mixin.py:120} INFO - [2023-01-27T00:11:40.115+0000] {dag.py:2585} INFO - Sync 1 DAGs
[2023-01-27T00:11:40.131+0000] {logging_mixin.py:120} INFO - [2023-01-27T00:11:40.131+0000] {dag.py:3340} INFO - Setting next_dagrun for example_xcom to 2021-01-01T00:00:00+00:00, run_after=2021-01-01T00:00:00+00:00
[2023-01-27T00:11:40.144+0000] {processor.py:176} INFO - Processing /home/airflow/.local/lib/python3.7/site-packages/airflow/example_dags/example_xcom.py took 0.083 seconds
[2023-01-27T00:12:10.400+0000] {processor.py:154} INFO - Started process (PID=3495) to work on /home/airflow/.local/lib/python3.7/site-packages/airflow/example_dags/example_xcom.py
[2023-01-27T00:12:10.401+0000] {processor.py:756} INFO - Processing file /home/airflow/.local/lib/python3.7/site-packages/airflow/example_dags/example_xcom.py for tasks to queue
[2023-01-27T00:12:10.402+0000] {logging_mixin.py:120} INFO - [2023-01-27T00:12:10.402+0000] {dagbag.py:537} INFO - Filling up the DagBag from /home/airflow/.local/lib/python3.7/site-packages/airflow/example_dags/example_xcom.py
[2023-01-27T00:12:10.417+0000] {processor.py:766} INFO - DAG(s) dict_keys(['example_xcom']) retrieved from /home/airflow/.local/lib/python3.7/site-packages/airflow/example_dags/example_xcom.py
[2023-01-27T00:12:10.457+0000] {logging_mixin.py:120} INFO - [2023-01-27T00:12:10.457+0000] {dag.py:2585} INFO - Sync 1 DAGs
[2023-01-27T00:12:10.475+0000] {logging_mixin.py:120} INFO - [2023-01-27T00:12:10.475+0000] {dag.py:3340} INFO - Setting next_dagrun for example_xcom to 2021-01-01T00:00:00+00:00, run_after=2021-01-01T00:00:00+00:00
[2023-01-27T00:12:10.488+0000] {processor.py:176} INFO - Processing /home/airflow/.local/lib/python3.7/site-packages/airflow/example_dags/example_xcom.py took 0.090 seconds
[2023-01-27T00:12:40.791+0000] {processor.py:154} INFO - Started process (PID=3563) to work on /home/airflow/.local/lib/python3.7/site-packages/airflow/example_dags/example_xcom.py
[2023-01-27T00:12:40.792+0000] {processor.py:756} INFO - Processing file /home/airflow/.local/lib/python3.7/site-packages/airflow/example_dags/example_xcom.py for tasks to queue
[2023-01-27T00:12:40.792+0000] {logging_mixin.py:120} INFO - [2023-01-27T00:12:40.792+0000] {dagbag.py:537} INFO - Filling up the DagBag from /home/airflow/.local/lib/python3.7/site-packages/airflow/example_dags/example_xcom.py
[2023-01-27T00:12:40.807+0000] {processor.py:766} INFO - DAG(s) dict_keys(['example_xcom']) retrieved from /home/airflow/.local/lib/python3.7/site-packages/airflow/example_dags/example_xcom.py
[2023-01-27T00:12:40.833+0000] {logging_mixin.py:120} INFO - [2023-01-27T00:12:40.833+0000] {dag.py:2585} INFO - Sync 1 DAGs
[2023-01-27T00:12:40.850+0000] {logging_mixin.py:120} INFO - [2023-01-27T00:12:40.850+0000] {dag.py:3340} INFO - Setting next_dagrun for example_xcom to 2021-01-01T00:00:00+00:00, run_after=2021-01-01T00:00:00+00:00
[2023-01-27T00:12:40.862+0000] {processor.py:176} INFO - Processing /home/airflow/.local/lib/python3.7/site-packages/airflow/example_dags/example_xcom.py took 0.073 seconds
[2023-01-27T00:13:11.155+0000] {processor.py:154} INFO - Started process (PID=3630) to work on /home/airflow/.local/lib/python3.7/site-packages/airflow/example_dags/example_xcom.py
[2023-01-27T00:13:11.155+0000] {processor.py:756} INFO - Processing file /home/airflow/.local/lib/python3.7/site-packages/airflow/example_dags/example_xcom.py for tasks to queue
[2023-01-27T00:13:11.156+0000] {logging_mixin.py:120} INFO - [2023-01-27T00:13:11.156+0000] {dagbag.py:537} INFO - Filling up the DagBag from /home/airflow/.local/lib/python3.7/site-packages/airflow/example_dags/example_xcom.py
[2023-01-27T00:13:11.171+0000] {processor.py:766} INFO - DAG(s) dict_keys(['example_xcom']) retrieved from /home/airflow/.local/lib/python3.7/site-packages/airflow/example_dags/example_xcom.py
[2023-01-27T00:13:11.197+0000] {logging_mixin.py:120} INFO - [2023-01-27T00:13:11.197+0000] {dag.py:2585} INFO - Sync 1 DAGs
[2023-01-27T00:13:11.213+0000] {logging_mixin.py:120} INFO - [2023-01-27T00:13:11.213+0000] {dag.py:3340} INFO - Setting next_dagrun for example_xcom to 2021-01-01T00:00:00+00:00, run_after=2021-01-01T00:00:00+00:00
[2023-01-27T00:13:11.226+0000] {processor.py:176} INFO - Processing /home/airflow/.local/lib/python3.7/site-packages/airflow/example_dags/example_xcom.py took 0.073 seconds
[2023-01-27T00:13:41.374+0000] {processor.py:154} INFO - Started process (PID=3689) to work on /home/airflow/.local/lib/python3.7/site-packages/airflow/example_dags/example_xcom.py
[2023-01-27T00:13:41.375+0000] {processor.py:756} INFO - Processing file /home/airflow/.local/lib/python3.7/site-packages/airflow/example_dags/example_xcom.py for tasks to queue
[2023-01-27T00:13:41.375+0000] {logging_mixin.py:120} INFO - [2023-01-27T00:13:41.375+0000] {dagbag.py:537} INFO - Filling up the DagBag from /home/airflow/.local/lib/python3.7/site-packages/airflow/example_dags/example_xcom.py
[2023-01-27T00:13:41.390+0000] {processor.py:766} INFO - DAG(s) dict_keys(['example_xcom']) retrieved from /home/airflow/.local/lib/python3.7/site-packages/airflow/example_dags/example_xcom.py
[2023-01-27T00:13:41.417+0000] {logging_mixin.py:120} INFO - [2023-01-27T00:13:41.417+0000] {dag.py:2585} INFO - Sync 1 DAGs
[2023-01-27T00:13:41.433+0000] {logging_mixin.py:120} INFO - [2023-01-27T00:13:41.433+0000] {dag.py:3340} INFO - Setting next_dagrun for example_xcom to 2021-01-01T00:00:00+00:00, run_after=2021-01-01T00:00:00+00:00
[2023-01-27T00:13:41.447+0000] {processor.py:176} INFO - Processing /home/airflow/.local/lib/python3.7/site-packages/airflow/example_dags/example_xcom.py took 0.075 seconds
[2023-01-27T00:14:11.589+0000] {processor.py:154} INFO - Started process (PID=3757) to work on /home/airflow/.local/lib/python3.7/site-packages/airflow/example_dags/example_xcom.py
[2023-01-27T00:14:11.589+0000] {processor.py:756} INFO - Processing file /home/airflow/.local/lib/python3.7/site-packages/airflow/example_dags/example_xcom.py for tasks to queue
[2023-01-27T00:14:11.590+0000] {logging_mixin.py:120} INFO - [2023-01-27T00:14:11.589+0000] {dagbag.py:537} INFO - Filling up the DagBag from /home/airflow/.local/lib/python3.7/site-packages/airflow/example_dags/example_xcom.py
[2023-01-27T00:14:11.604+0000] {processor.py:766} INFO - DAG(s) dict_keys(['example_xcom']) retrieved from /home/airflow/.local/lib/python3.7/site-packages/airflow/example_dags/example_xcom.py
[2023-01-27T00:14:11.629+0000] {logging_mixin.py:120} INFO - [2023-01-27T00:14:11.629+0000] {dag.py:2585} INFO - Sync 1 DAGs
[2023-01-27T00:14:11.647+0000] {logging_mixin.py:120} INFO - [2023-01-27T00:14:11.647+0000] {dag.py:3340} INFO - Setting next_dagrun for example_xcom to 2021-01-01T00:00:00+00:00, run_after=2021-01-01T00:00:00+00:00
[2023-01-27T00:14:11.659+0000] {processor.py:176} INFO - Processing /home/airflow/.local/lib/python3.7/site-packages/airflow/example_dags/example_xcom.py took 0.072 seconds
[2023-01-27T00:14:41.775+0000] {processor.py:154} INFO - Started process (PID=3824) to work on /home/airflow/.local/lib/python3.7/site-packages/airflow/example_dags/example_xcom.py
[2023-01-27T00:14:41.776+0000] {processor.py:756} INFO - Processing file /home/airflow/.local/lib/python3.7/site-packages/airflow/example_dags/example_xcom.py for tasks to queue
[2023-01-27T00:14:41.776+0000] {logging_mixin.py:120} INFO - [2023-01-27T00:14:41.776+0000] {dagbag.py:537} INFO - Filling up the DagBag from /home/airflow/.local/lib/python3.7/site-packages/airflow/example_dags/example_xcom.py
[2023-01-27T00:14:41.790+0000] {processor.py:766} INFO - DAG(s) dict_keys(['example_xcom']) retrieved from /home/airflow/.local/lib/python3.7/site-packages/airflow/example_dags/example_xcom.py
[2023-01-27T00:14:41.815+0000] {logging_mixin.py:120} INFO - [2023-01-27T00:14:41.815+0000] {dag.py:2585} INFO - Sync 1 DAGs
[2023-01-27T00:14:41.832+0000] {logging_mixin.py:120} INFO - [2023-01-27T00:14:41.832+0000] {dag.py:3340} INFO - Setting next_dagrun for example_xcom to 2021-01-01T00:00:00+00:00, run_after=2021-01-01T00:00:00+00:00
[2023-01-27T00:14:41.844+0000] {processor.py:176} INFO - Processing /home/airflow/.local/lib/python3.7/site-packages/airflow/example_dags/example_xcom.py took 0.071 seconds
[2023-01-27T00:15:12.080+0000] {processor.py:154} INFO - Started process (PID=3893) to work on /home/airflow/.local/lib/python3.7/site-packages/airflow/example_dags/example_xcom.py
[2023-01-27T00:15:12.081+0000] {processor.py:756} INFO - Processing file /home/airflow/.local/lib/python3.7/site-packages/airflow/example_dags/example_xcom.py for tasks to queue
[2023-01-27T00:15:12.081+0000] {logging_mixin.py:120} INFO - [2023-01-27T00:15:12.081+0000] {dagbag.py:537} INFO - Filling up the DagBag from /home/airflow/.local/lib/python3.7/site-packages/airflow/example_dags/example_xcom.py
[2023-01-27T00:15:12.095+0000] {processor.py:766} INFO - DAG(s) dict_keys(['example_xcom']) retrieved from /home/airflow/.local/lib/python3.7/site-packages/airflow/example_dags/example_xcom.py
[2023-01-27T00:15:12.120+0000] {logging_mixin.py:120} INFO - [2023-01-27T00:15:12.120+0000] {dag.py:2585} INFO - Sync 1 DAGs
[2023-01-27T00:15:12.136+0000] {logging_mixin.py:120} INFO - [2023-01-27T00:15:12.136+0000] {dag.py:3340} INFO - Setting next_dagrun for example_xcom to 2021-01-01T00:00:00+00:00, run_after=2021-01-01T00:00:00+00:00
[2023-01-27T00:15:12.150+0000] {processor.py:176} INFO - Processing /home/airflow/.local/lib/python3.7/site-packages/airflow/example_dags/example_xcom.py took 0.071 seconds
[2023-01-27T00:15:42.490+0000] {processor.py:154} INFO - Started process (PID=3952) to work on /home/airflow/.local/lib/python3.7/site-packages/airflow/example_dags/example_xcom.py
[2023-01-27T00:15:42.490+0000] {processor.py:756} INFO - Processing file /home/airflow/.local/lib/python3.7/site-packages/airflow/example_dags/example_xcom.py for tasks to queue
[2023-01-27T00:15:42.491+0000] {logging_mixin.py:120} INFO - [2023-01-27T00:15:42.491+0000] {dagbag.py:537} INFO - Filling up the DagBag from /home/airflow/.local/lib/python3.7/site-packages/airflow/example_dags/example_xcom.py
[2023-01-27T00:15:42.505+0000] {processor.py:766} INFO - DAG(s) dict_keys(['example_xcom']) retrieved from /home/airflow/.local/lib/python3.7/site-packages/airflow/example_dags/example_xcom.py
[2023-01-27T00:15:42.530+0000] {logging_mixin.py:120} INFO - [2023-01-27T00:15:42.530+0000] {dag.py:2585} INFO - Sync 1 DAGs
[2023-01-27T00:15:42.547+0000] {logging_mixin.py:120} INFO - [2023-01-27T00:15:42.547+0000] {dag.py:3340} INFO - Setting next_dagrun for example_xcom to 2021-01-01T00:00:00+00:00, run_after=2021-01-01T00:00:00+00:00
[2023-01-27T00:15:42.558+0000] {processor.py:176} INFO - Processing /home/airflow/.local/lib/python3.7/site-packages/airflow/example_dags/example_xcom.py took 0.071 seconds
[2023-01-27T00:16:12.938+0000] {processor.py:154} INFO - Started process (PID=4020) to work on /home/airflow/.local/lib/python3.7/site-packages/airflow/example_dags/example_xcom.py
[2023-01-27T00:16:12.939+0000] {processor.py:756} INFO - Processing file /home/airflow/.local/lib/python3.7/site-packages/airflow/example_dags/example_xcom.py for tasks to queue
[2023-01-27T00:16:12.939+0000] {logging_mixin.py:120} INFO - [2023-01-27T00:16:12.939+0000] {dagbag.py:537} INFO - Filling up the DagBag from /home/airflow/.local/lib/python3.7/site-packages/airflow/example_dags/example_xcom.py
[2023-01-27T00:16:12.956+0000] {processor.py:766} INFO - DAG(s) dict_keys(['example_xcom']) retrieved from /home/airflow/.local/lib/python3.7/site-packages/airflow/example_dags/example_xcom.py
[2023-01-27T00:16:13.011+0000] {logging_mixin.py:120} INFO - [2023-01-27T00:16:13.011+0000] {dag.py:2585} INFO - Sync 1 DAGs
[2023-01-27T00:16:13.030+0000] {logging_mixin.py:120} INFO - [2023-01-27T00:16:13.030+0000] {dag.py:3340} INFO - Setting next_dagrun for example_xcom to 2021-01-01T00:00:00+00:00, run_after=2021-01-01T00:00:00+00:00
[2023-01-27T00:16:13.044+0000] {processor.py:176} INFO - Processing /home/airflow/.local/lib/python3.7/site-packages/airflow/example_dags/example_xcom.py took 0.109 seconds
[2023-01-27T00:16:43.435+0000] {processor.py:154} INFO - Started process (PID=4088) to work on /home/airflow/.local/lib/python3.7/site-packages/airflow/example_dags/example_xcom.py
[2023-01-27T00:16:43.435+0000] {processor.py:756} INFO - Processing file /home/airflow/.local/lib/python3.7/site-packages/airflow/example_dags/example_xcom.py for tasks to queue
[2023-01-27T00:16:43.436+0000] {logging_mixin.py:120} INFO - [2023-01-27T00:16:43.436+0000] {dagbag.py:537} INFO - Filling up the DagBag from /home/airflow/.local/lib/python3.7/site-packages/airflow/example_dags/example_xcom.py
[2023-01-27T00:16:43.450+0000] {processor.py:766} INFO - DAG(s) dict_keys(['example_xcom']) retrieved from /home/airflow/.local/lib/python3.7/site-packages/airflow/example_dags/example_xcom.py
[2023-01-27T00:16:43.466+0000] {logging_mixin.py:120} INFO - [2023-01-27T00:16:43.466+0000] {dag.py:2585} INFO - Sync 1 DAGs
[2023-01-27T00:16:43.483+0000] {logging_mixin.py:120} INFO - [2023-01-27T00:16:43.483+0000] {dag.py:3340} INFO - Setting next_dagrun for example_xcom to 2021-01-01T00:00:00+00:00, run_after=2021-01-01T00:00:00+00:00
[2023-01-27T00:16:43.494+0000] {processor.py:176} INFO - Processing /home/airflow/.local/lib/python3.7/site-packages/airflow/example_dags/example_xcom.py took 0.061 seconds
[2023-01-27T00:17:13.733+0000] {processor.py:154} INFO - Started process (PID=4155) to work on /home/airflow/.local/lib/python3.7/site-packages/airflow/example_dags/example_xcom.py
[2023-01-27T00:17:13.735+0000] {processor.py:756} INFO - Processing file /home/airflow/.local/lib/python3.7/site-packages/airflow/example_dags/example_xcom.py for tasks to queue
[2023-01-27T00:17:13.735+0000] {logging_mixin.py:120} INFO - [2023-01-27T00:17:13.735+0000] {dagbag.py:537} INFO - Filling up the DagBag from /home/airflow/.local/lib/python3.7/site-packages/airflow/example_dags/example_xcom.py
[2023-01-27T00:17:13.748+0000] {processor.py:766} INFO - DAG(s) dict_keys(['example_xcom']) retrieved from /home/airflow/.local/lib/python3.7/site-packages/airflow/example_dags/example_xcom.py
[2023-01-27T00:17:13.774+0000] {logging_mixin.py:120} INFO - [2023-01-27T00:17:13.773+0000] {dag.py:2585} INFO - Sync 1 DAGs
[2023-01-27T00:17:13.790+0000] {logging_mixin.py:120} INFO - [2023-01-27T00:17:13.790+0000] {dag.py:3340} INFO - Setting next_dagrun for example_xcom to 2021-01-01T00:00:00+00:00, run_after=2021-01-01T00:00:00+00:00
[2023-01-27T00:17:13.801+0000] {processor.py:176} INFO - Processing /home/airflow/.local/lib/python3.7/site-packages/airflow/example_dags/example_xcom.py took 0.069 seconds
[2023-01-27T00:17:44.154+0000] {processor.py:154} INFO - Started process (PID=4224) to work on /home/airflow/.local/lib/python3.7/site-packages/airflow/example_dags/example_xcom.py
[2023-01-27T00:17:44.155+0000] {processor.py:756} INFO - Processing file /home/airflow/.local/lib/python3.7/site-packages/airflow/example_dags/example_xcom.py for tasks to queue
[2023-01-27T00:17:44.156+0000] {logging_mixin.py:120} INFO - [2023-01-27T00:17:44.155+0000] {dagbag.py:537} INFO - Filling up the DagBag from /home/airflow/.local/lib/python3.7/site-packages/airflow/example_dags/example_xcom.py
[2023-01-27T00:17:44.172+0000] {processor.py:766} INFO - DAG(s) dict_keys(['example_xcom']) retrieved from /home/airflow/.local/lib/python3.7/site-packages/airflow/example_dags/example_xcom.py
[2023-01-27T00:17:44.202+0000] {logging_mixin.py:120} INFO - [2023-01-27T00:17:44.202+0000] {dag.py:2585} INFO - Sync 1 DAGs
[2023-01-27T00:17:44.221+0000] {logging_mixin.py:120} INFO - [2023-01-27T00:17:44.221+0000] {dag.py:3340} INFO - Setting next_dagrun for example_xcom to 2021-01-01T00:00:00+00:00, run_after=2021-01-01T00:00:00+00:00
[2023-01-27T00:17:44.237+0000] {processor.py:176} INFO - Processing /home/airflow/.local/lib/python3.7/site-packages/airflow/example_dags/example_xcom.py took 0.084 seconds
[2023-01-27T00:18:14.383+0000] {processor.py:154} INFO - Started process (PID=4284) to work on /home/airflow/.local/lib/python3.7/site-packages/airflow/example_dags/example_xcom.py
[2023-01-27T00:18:14.385+0000] {processor.py:756} INFO - Processing file /home/airflow/.local/lib/python3.7/site-packages/airflow/example_dags/example_xcom.py for tasks to queue
[2023-01-27T00:18:14.385+0000] {logging_mixin.py:120} INFO - [2023-01-27T00:18:14.385+0000] {dagbag.py:537} INFO - Filling up the DagBag from /home/airflow/.local/lib/python3.7/site-packages/airflow/example_dags/example_xcom.py
[2023-01-27T00:18:14.402+0000] {processor.py:766} INFO - DAG(s) dict_keys(['example_xcom']) retrieved from /home/airflow/.local/lib/python3.7/site-packages/airflow/example_dags/example_xcom.py
[2023-01-27T00:18:14.433+0000] {logging_mixin.py:120} INFO - [2023-01-27T00:18:14.433+0000] {dag.py:2585} INFO - Sync 1 DAGs
[2023-01-27T00:18:14.453+0000] {logging_mixin.py:120} INFO - [2023-01-27T00:18:14.453+0000] {dag.py:3340} INFO - Setting next_dagrun for example_xcom to 2021-01-01T00:00:00+00:00, run_after=2021-01-01T00:00:00+00:00
[2023-01-27T00:18:14.468+0000] {processor.py:176} INFO - Processing /home/airflow/.local/lib/python3.7/site-packages/airflow/example_dags/example_xcom.py took 0.086 seconds
[2023-01-27T00:18:44.625+0000] {processor.py:154} INFO - Started process (PID=4352) to work on /home/airflow/.local/lib/python3.7/site-packages/airflow/example_dags/example_xcom.py
[2023-01-27T00:18:44.626+0000] {processor.py:756} INFO - Processing file /home/airflow/.local/lib/python3.7/site-packages/airflow/example_dags/example_xcom.py for tasks to queue
[2023-01-27T00:18:44.627+0000] {logging_mixin.py:120} INFO - [2023-01-27T00:18:44.627+0000] {dagbag.py:537} INFO - Filling up the DagBag from /home/airflow/.local/lib/python3.7/site-packages/airflow/example_dags/example_xcom.py
[2023-01-27T00:18:44.641+0000] {processor.py:766} INFO - DAG(s) dict_keys(['example_xcom']) retrieved from /home/airflow/.local/lib/python3.7/site-packages/airflow/example_dags/example_xcom.py
[2023-01-27T00:18:44.668+0000] {logging_mixin.py:120} INFO - [2023-01-27T00:18:44.668+0000] {dag.py:2585} INFO - Sync 1 DAGs
[2023-01-27T00:18:44.685+0000] {logging_mixin.py:120} INFO - [2023-01-27T00:18:44.685+0000] {dag.py:3340} INFO - Setting next_dagrun for example_xcom to 2021-01-01T00:00:00+00:00, run_after=2021-01-01T00:00:00+00:00
[2023-01-27T00:18:44.698+0000] {processor.py:176} INFO - Processing /home/airflow/.local/lib/python3.7/site-packages/airflow/example_dags/example_xcom.py took 0.075 seconds
[2023-01-27T00:19:14.875+0000] {processor.py:154} INFO - Started process (PID=4420) to work on /home/airflow/.local/lib/python3.7/site-packages/airflow/example_dags/example_xcom.py
[2023-01-27T00:19:14.876+0000] {processor.py:756} INFO - Processing file /home/airflow/.local/lib/python3.7/site-packages/airflow/example_dags/example_xcom.py for tasks to queue
[2023-01-27T00:19:14.877+0000] {logging_mixin.py:120} INFO - [2023-01-27T00:19:14.877+0000] {dagbag.py:537} INFO - Filling up the DagBag from /home/airflow/.local/lib/python3.7/site-packages/airflow/example_dags/example_xcom.py
[2023-01-27T00:19:14.891+0000] {processor.py:766} INFO - DAG(s) dict_keys(['example_xcom']) retrieved from /home/airflow/.local/lib/python3.7/site-packages/airflow/example_dags/example_xcom.py
[2023-01-27T00:19:14.917+0000] {logging_mixin.py:120} INFO - [2023-01-27T00:19:14.917+0000] {dag.py:2585} INFO - Sync 1 DAGs
[2023-01-27T00:19:14.941+0000] {logging_mixin.py:120} INFO - [2023-01-27T00:19:14.941+0000] {dag.py:3340} INFO - Setting next_dagrun for example_xcom to 2021-01-01T00:00:00+00:00, run_after=2021-01-01T00:00:00+00:00
[2023-01-27T00:19:14.957+0000] {processor.py:176} INFO - Processing /home/airflow/.local/lib/python3.7/site-packages/airflow/example_dags/example_xcom.py took 0.083 seconds
[2023-01-27T00:19:45.188+0000] {processor.py:154} INFO - Started process (PID=4488) to work on /home/airflow/.local/lib/python3.7/site-packages/airflow/example_dags/example_xcom.py
[2023-01-27T00:19:45.189+0000] {processor.py:756} INFO - Processing file /home/airflow/.local/lib/python3.7/site-packages/airflow/example_dags/example_xcom.py for tasks to queue
[2023-01-27T00:19:45.189+0000] {logging_mixin.py:120} INFO - [2023-01-27T00:19:45.189+0000] {dagbag.py:537} INFO - Filling up the DagBag from /home/airflow/.local/lib/python3.7/site-packages/airflow/example_dags/example_xcom.py
[2023-01-27T00:19:45.203+0000] {processor.py:766} INFO - DAG(s) dict_keys(['example_xcom']) retrieved from /home/airflow/.local/lib/python3.7/site-packages/airflow/example_dags/example_xcom.py
[2023-01-27T00:19:45.229+0000] {logging_mixin.py:120} INFO - [2023-01-27T00:19:45.229+0000] {dag.py:2585} INFO - Sync 1 DAGs
[2023-01-27T00:19:45.246+0000] {logging_mixin.py:120} INFO - [2023-01-27T00:19:45.245+0000] {dag.py:3340} INFO - Setting next_dagrun for example_xcom to 2021-01-01T00:00:00+00:00, run_after=2021-01-01T00:00:00+00:00
[2023-01-27T00:19:45.259+0000] {processor.py:176} INFO - Processing /home/airflow/.local/lib/python3.7/site-packages/airflow/example_dags/example_xcom.py took 0.073 seconds
[2023-01-27T00:20:15.448+0000] {processor.py:154} INFO - Started process (PID=4547) to work on /home/airflow/.local/lib/python3.7/site-packages/airflow/example_dags/example_xcom.py
[2023-01-27T00:20:15.449+0000] {processor.py:756} INFO - Processing file /home/airflow/.local/lib/python3.7/site-packages/airflow/example_dags/example_xcom.py for tasks to queue
[2023-01-27T00:20:15.450+0000] {logging_mixin.py:120} INFO - [2023-01-27T00:20:15.450+0000] {dagbag.py:537} INFO - Filling up the DagBag from /home/airflow/.local/lib/python3.7/site-packages/airflow/example_dags/example_xcom.py
[2023-01-27T00:20:15.463+0000] {processor.py:766} INFO - DAG(s) dict_keys(['example_xcom']) retrieved from /home/airflow/.local/lib/python3.7/site-packages/airflow/example_dags/example_xcom.py
[2023-01-27T00:20:15.488+0000] {logging_mixin.py:120} INFO - [2023-01-27T00:20:15.488+0000] {dag.py:2585} INFO - Sync 1 DAGs
[2023-01-27T00:20:15.505+0000] {logging_mixin.py:120} INFO - [2023-01-27T00:20:15.505+0000] {dag.py:3340} INFO - Setting next_dagrun for example_xcom to 2021-01-01T00:00:00+00:00, run_after=2021-01-01T00:00:00+00:00
[2023-01-27T00:20:15.519+0000] {processor.py:176} INFO - Processing /home/airflow/.local/lib/python3.7/site-packages/airflow/example_dags/example_xcom.py took 0.072 seconds
[2023-01-27T00:20:45.731+0000] {processor.py:154} INFO - Started process (PID=4615) to work on /home/airflow/.local/lib/python3.7/site-packages/airflow/example_dags/example_xcom.py
[2023-01-27T00:20:45.732+0000] {processor.py:756} INFO - Processing file /home/airflow/.local/lib/python3.7/site-packages/airflow/example_dags/example_xcom.py for tasks to queue
[2023-01-27T00:20:45.732+0000] {logging_mixin.py:120} INFO - [2023-01-27T00:20:45.732+0000] {dagbag.py:537} INFO - Filling up the DagBag from /home/airflow/.local/lib/python3.7/site-packages/airflow/example_dags/example_xcom.py
[2023-01-27T00:20:45.747+0000] {processor.py:766} INFO - DAG(s) dict_keys(['example_xcom']) retrieved from /home/airflow/.local/lib/python3.7/site-packages/airflow/example_dags/example_xcom.py
[2023-01-27T00:20:45.773+0000] {logging_mixin.py:120} INFO - [2023-01-27T00:20:45.773+0000] {dag.py:2585} INFO - Sync 1 DAGs
[2023-01-27T00:20:45.790+0000] {logging_mixin.py:120} INFO - [2023-01-27T00:20:45.790+0000] {dag.py:3340} INFO - Setting next_dagrun for example_xcom to 2021-01-01T00:00:00+00:00, run_after=2021-01-01T00:00:00+00:00
[2023-01-27T00:20:45.802+0000] {processor.py:176} INFO - Processing /home/airflow/.local/lib/python3.7/site-packages/airflow/example_dags/example_xcom.py took 0.073 seconds
