[2023-01-27T00:00:06.980+0000] {processor.py:154} INFO - Started process (PID=1933) to work on /home/airflow/.local/lib/python3.7/site-packages/airflow/example_dags/example_branch_operator.py
[2023-01-27T00:00:06.981+0000] {processor.py:756} INFO - Processing file /home/airflow/.local/lib/python3.7/site-packages/airflow/example_dags/example_branch_operator.py for tasks to queue
[2023-01-27T00:00:06.981+0000] {logging_mixin.py:120} INFO - [2023-01-27T00:00:06.981+0000] {dagbag.py:537} INFO - Filling up the DagBag from /home/airflow/.local/lib/python3.7/site-packages/airflow/example_dags/example_branch_operator.py
[2023-01-27T00:00:06.991+0000] {processor.py:766} INFO - DAG(s) dict_keys(['example_branch_operator']) retrieved from /home/airflow/.local/lib/python3.7/site-packages/airflow/example_dags/example_branch_operator.py
[2023-01-27T00:00:07.018+0000] {logging_mixin.py:120} INFO - [2023-01-27T00:00:07.018+0000] {dag.py:2585} INFO - Sync 1 DAGs
[2023-01-27T00:00:07.036+0000] {logging_mixin.py:120} INFO - [2023-01-27T00:00:07.036+0000] {dag.py:3340} INFO - Setting next_dagrun for example_branch_operator to 2023-01-26T00:00:00+00:00, run_after=2023-01-27T00:00:00+00:00
[2023-01-27T00:00:07.048+0000] {processor.py:176} INFO - Processing /home/airflow/.local/lib/python3.7/site-packages/airflow/example_dags/example_branch_operator.py took 0.070 seconds
[2023-01-27T00:00:37.239+0000] {processor.py:154} INFO - Started process (PID=2001) to work on /home/airflow/.local/lib/python3.7/site-packages/airflow/example_dags/example_branch_operator.py
[2023-01-27T00:00:37.239+0000] {processor.py:756} INFO - Processing file /home/airflow/.local/lib/python3.7/site-packages/airflow/example_dags/example_branch_operator.py for tasks to queue
[2023-01-27T00:00:37.240+0000] {logging_mixin.py:120} INFO - [2023-01-27T00:00:37.240+0000] {dagbag.py:537} INFO - Filling up the DagBag from /home/airflow/.local/lib/python3.7/site-packages/airflow/example_dags/example_branch_operator.py
[2023-01-27T00:00:37.250+0000] {processor.py:766} INFO - DAG(s) dict_keys(['example_branch_operator']) retrieved from /home/airflow/.local/lib/python3.7/site-packages/airflow/example_dags/example_branch_operator.py
[2023-01-27T00:00:37.276+0000] {logging_mixin.py:120} INFO - [2023-01-27T00:00:37.275+0000] {dag.py:2585} INFO - Sync 1 DAGs
[2023-01-27T00:00:37.293+0000] {logging_mixin.py:120} INFO - [2023-01-27T00:00:37.293+0000] {dag.py:3340} INFO - Setting next_dagrun for example_branch_operator to 2023-01-26T00:00:00+00:00, run_after=2023-01-27T00:00:00+00:00
[2023-01-27T00:00:37.305+0000] {processor.py:176} INFO - Processing /home/airflow/.local/lib/python3.7/site-packages/airflow/example_dags/example_branch_operator.py took 0.067 seconds
[2023-01-27T00:01:07.489+0000] {processor.py:154} INFO - Started process (PID=2060) to work on /home/airflow/.local/lib/python3.7/site-packages/airflow/example_dags/example_branch_operator.py
[2023-01-27T00:01:07.490+0000] {processor.py:756} INFO - Processing file /home/airflow/.local/lib/python3.7/site-packages/airflow/example_dags/example_branch_operator.py for tasks to queue
[2023-01-27T00:01:07.490+0000] {logging_mixin.py:120} INFO - [2023-01-27T00:01:07.490+0000] {dagbag.py:537} INFO - Filling up the DagBag from /home/airflow/.local/lib/python3.7/site-packages/airflow/example_dags/example_branch_operator.py
[2023-01-27T00:01:07.501+0000] {processor.py:766} INFO - DAG(s) dict_keys(['example_branch_operator']) retrieved from /home/airflow/.local/lib/python3.7/site-packages/airflow/example_dags/example_branch_operator.py
[2023-01-27T00:01:07.527+0000] {logging_mixin.py:120} INFO - [2023-01-27T00:01:07.526+0000] {dag.py:2585} INFO - Sync 1 DAGs
[2023-01-27T00:01:07.544+0000] {logging_mixin.py:120} INFO - [2023-01-27T00:01:07.544+0000] {dag.py:3340} INFO - Setting next_dagrun for example_branch_operator to 2023-01-26T00:00:00+00:00, run_after=2023-01-27T00:00:00+00:00
[2023-01-27T00:01:07.557+0000] {processor.py:176} INFO - Processing /home/airflow/.local/lib/python3.7/site-packages/airflow/example_dags/example_branch_operator.py took 0.070 seconds
[2023-01-27T00:01:37.782+0000] {processor.py:154} INFO - Started process (PID=2127) to work on /home/airflow/.local/lib/python3.7/site-packages/airflow/example_dags/example_branch_operator.py
[2023-01-27T00:01:37.783+0000] {processor.py:756} INFO - Processing file /home/airflow/.local/lib/python3.7/site-packages/airflow/example_dags/example_branch_operator.py for tasks to queue
[2023-01-27T00:01:37.783+0000] {logging_mixin.py:120} INFO - [2023-01-27T00:01:37.783+0000] {dagbag.py:537} INFO - Filling up the DagBag from /home/airflow/.local/lib/python3.7/site-packages/airflow/example_dags/example_branch_operator.py
[2023-01-27T00:01:37.794+0000] {processor.py:766} INFO - DAG(s) dict_keys(['example_branch_operator']) retrieved from /home/airflow/.local/lib/python3.7/site-packages/airflow/example_dags/example_branch_operator.py
[2023-01-27T00:01:37.829+0000] {logging_mixin.py:120} INFO - [2023-01-27T00:01:37.829+0000] {dag.py:2585} INFO - Sync 1 DAGs
[2023-01-27T00:01:37.849+0000] {logging_mixin.py:120} INFO - [2023-01-27T00:01:37.849+0000] {dag.py:3340} INFO - Setting next_dagrun for example_branch_operator to 2023-01-26T00:00:00+00:00, run_after=2023-01-27T00:00:00+00:00
[2023-01-27T00:01:37.864+0000] {processor.py:176} INFO - Processing /home/airflow/.local/lib/python3.7/site-packages/airflow/example_dags/example_branch_operator.py took 0.084 seconds
[2023-01-27T00:02:07.983+0000] {processor.py:154} INFO - Started process (PID=2195) to work on /home/airflow/.local/lib/python3.7/site-packages/airflow/example_dags/example_branch_operator.py
[2023-01-27T00:02:07.984+0000] {processor.py:756} INFO - Processing file /home/airflow/.local/lib/python3.7/site-packages/airflow/example_dags/example_branch_operator.py for tasks to queue
[2023-01-27T00:02:07.985+0000] {logging_mixin.py:120} INFO - [2023-01-27T00:02:07.985+0000] {dagbag.py:537} INFO - Filling up the DagBag from /home/airflow/.local/lib/python3.7/site-packages/airflow/example_dags/example_branch_operator.py
[2023-01-27T00:02:07.995+0000] {processor.py:766} INFO - DAG(s) dict_keys(['example_branch_operator']) retrieved from /home/airflow/.local/lib/python3.7/site-packages/airflow/example_dags/example_branch_operator.py
[2023-01-27T00:02:08.021+0000] {logging_mixin.py:120} INFO - [2023-01-27T00:02:08.020+0000] {dag.py:2585} INFO - Sync 1 DAGs
[2023-01-27T00:02:08.037+0000] {logging_mixin.py:120} INFO - [2023-01-27T00:02:08.037+0000] {dag.py:3340} INFO - Setting next_dagrun for example_branch_operator to 2023-01-26T00:00:00+00:00, run_after=2023-01-27T00:00:00+00:00
[2023-01-27T00:02:08.050+0000] {processor.py:176} INFO - Processing /home/airflow/.local/lib/python3.7/site-packages/airflow/example_dags/example_branch_operator.py took 0.068 seconds
[2023-01-27T00:02:38.291+0000] {processor.py:154} INFO - Started process (PID=2263) to work on /home/airflow/.local/lib/python3.7/site-packages/airflow/example_dags/example_branch_operator.py
[2023-01-27T00:02:38.292+0000] {processor.py:756} INFO - Processing file /home/airflow/.local/lib/python3.7/site-packages/airflow/example_dags/example_branch_operator.py for tasks to queue
[2023-01-27T00:02:38.293+0000] {logging_mixin.py:120} INFO - [2023-01-27T00:02:38.292+0000] {dagbag.py:537} INFO - Filling up the DagBag from /home/airflow/.local/lib/python3.7/site-packages/airflow/example_dags/example_branch_operator.py
[2023-01-27T00:02:38.304+0000] {processor.py:766} INFO - DAG(s) dict_keys(['example_branch_operator']) retrieved from /home/airflow/.local/lib/python3.7/site-packages/airflow/example_dags/example_branch_operator.py
[2023-01-27T00:02:38.336+0000] {logging_mixin.py:120} INFO - [2023-01-27T00:02:38.335+0000] {dag.py:2585} INFO - Sync 1 DAGs
[2023-01-27T00:02:38.354+0000] {logging_mixin.py:120} INFO - [2023-01-27T00:02:38.354+0000] {dag.py:3340} INFO - Setting next_dagrun for example_branch_operator to 2023-01-26T00:00:00+00:00, run_after=2023-01-27T00:00:00+00:00
[2023-01-27T00:02:38.368+0000] {processor.py:176} INFO - Processing /home/airflow/.local/lib/python3.7/site-packages/airflow/example_dags/example_branch_operator.py took 0.079 seconds
[2023-01-27T00:03:08.633+0000] {processor.py:154} INFO - Started process (PID=2329) to work on /home/airflow/.local/lib/python3.7/site-packages/airflow/example_dags/example_branch_operator.py
[2023-01-27T00:03:08.633+0000] {processor.py:756} INFO - Processing file /home/airflow/.local/lib/python3.7/site-packages/airflow/example_dags/example_branch_operator.py for tasks to queue
[2023-01-27T00:03:08.634+0000] {logging_mixin.py:120} INFO - [2023-01-27T00:03:08.633+0000] {dagbag.py:537} INFO - Filling up the DagBag from /home/airflow/.local/lib/python3.7/site-packages/airflow/example_dags/example_branch_operator.py
[2023-01-27T00:03:08.644+0000] {processor.py:766} INFO - DAG(s) dict_keys(['example_branch_operator']) retrieved from /home/airflow/.local/lib/python3.7/site-packages/airflow/example_dags/example_branch_operator.py
[2023-01-27T00:03:08.676+0000] {logging_mixin.py:120} INFO - [2023-01-27T00:03:08.676+0000] {dag.py:2585} INFO - Sync 1 DAGs
[2023-01-27T00:03:08.698+0000] {logging_mixin.py:120} INFO - [2023-01-27T00:03:08.698+0000] {dag.py:3340} INFO - Setting next_dagrun for example_branch_operator to 2023-01-26T00:00:00+00:00, run_after=2023-01-27T00:00:00+00:00
[2023-01-27T00:03:08.715+0000] {processor.py:176} INFO - Processing /home/airflow/.local/lib/python3.7/site-packages/airflow/example_dags/example_branch_operator.py took 0.084 seconds
[2023-01-27T00:03:39.038+0000] {processor.py:154} INFO - Started process (PID=2390) to work on /home/airflow/.local/lib/python3.7/site-packages/airflow/example_dags/example_branch_operator.py
[2023-01-27T00:03:39.039+0000] {processor.py:756} INFO - Processing file /home/airflow/.local/lib/python3.7/site-packages/airflow/example_dags/example_branch_operator.py for tasks to queue
[2023-01-27T00:03:39.039+0000] {logging_mixin.py:120} INFO - [2023-01-27T00:03:39.039+0000] {dagbag.py:537} INFO - Filling up the DagBag from /home/airflow/.local/lib/python3.7/site-packages/airflow/example_dags/example_branch_operator.py
[2023-01-27T00:03:39.051+0000] {processor.py:766} INFO - DAG(s) dict_keys(['example_branch_operator']) retrieved from /home/airflow/.local/lib/python3.7/site-packages/airflow/example_dags/example_branch_operator.py
[2023-01-27T00:03:39.078+0000] {logging_mixin.py:120} INFO - [2023-01-27T00:03:39.078+0000] {dag.py:2585} INFO - Sync 1 DAGs
[2023-01-27T00:03:39.096+0000] {logging_mixin.py:120} INFO - [2023-01-27T00:03:39.095+0000] {dag.py:3340} INFO - Setting next_dagrun for example_branch_operator to 2023-01-26T00:00:00+00:00, run_after=2023-01-27T00:00:00+00:00
[2023-01-27T00:03:39.108+0000] {processor.py:176} INFO - Processing /home/airflow/.local/lib/python3.7/site-packages/airflow/example_dags/example_branch_operator.py took 0.072 seconds
[2023-01-27T00:04:09.223+0000] {processor.py:154} INFO - Started process (PID=2458) to work on /home/airflow/.local/lib/python3.7/site-packages/airflow/example_dags/example_branch_operator.py
[2023-01-27T00:04:09.223+0000] {processor.py:756} INFO - Processing file /home/airflow/.local/lib/python3.7/site-packages/airflow/example_dags/example_branch_operator.py for tasks to queue
[2023-01-27T00:04:09.224+0000] {logging_mixin.py:120} INFO - [2023-01-27T00:04:09.224+0000] {dagbag.py:537} INFO - Filling up the DagBag from /home/airflow/.local/lib/python3.7/site-packages/airflow/example_dags/example_branch_operator.py
[2023-01-27T00:04:09.235+0000] {processor.py:766} INFO - DAG(s) dict_keys(['example_branch_operator']) retrieved from /home/airflow/.local/lib/python3.7/site-packages/airflow/example_dags/example_branch_operator.py
[2023-01-27T00:04:09.263+0000] {logging_mixin.py:120} INFO - [2023-01-27T00:04:09.263+0000] {dag.py:2585} INFO - Sync 1 DAGs
[2023-01-27T00:04:09.280+0000] {logging_mixin.py:120} INFO - [2023-01-27T00:04:09.280+0000] {dag.py:3340} INFO - Setting next_dagrun for example_branch_operator to 2023-01-26T00:00:00+00:00, run_after=2023-01-27T00:00:00+00:00
[2023-01-27T00:04:09.294+0000] {processor.py:176} INFO - Processing /home/airflow/.local/lib/python3.7/site-packages/airflow/example_dags/example_branch_operator.py took 0.073 seconds
[2023-01-27T00:04:39.745+0000] {processor.py:154} INFO - Started process (PID=2526) to work on /home/airflow/.local/lib/python3.7/site-packages/airflow/example_dags/example_branch_operator.py
[2023-01-27T00:04:39.746+0000] {processor.py:756} INFO - Processing file /home/airflow/.local/lib/python3.7/site-packages/airflow/example_dags/example_branch_operator.py for tasks to queue
[2023-01-27T00:04:39.746+0000] {logging_mixin.py:120} INFO - [2023-01-27T00:04:39.746+0000] {dagbag.py:537} INFO - Filling up the DagBag from /home/airflow/.local/lib/python3.7/site-packages/airflow/example_dags/example_branch_operator.py
[2023-01-27T00:04:39.757+0000] {processor.py:766} INFO - DAG(s) dict_keys(['example_branch_operator']) retrieved from /home/airflow/.local/lib/python3.7/site-packages/airflow/example_dags/example_branch_operator.py
[2023-01-27T00:04:39.783+0000] {logging_mixin.py:120} INFO - [2023-01-27T00:04:39.783+0000] {dag.py:2585} INFO - Sync 1 DAGs
[2023-01-27T00:04:39.799+0000] {logging_mixin.py:120} INFO - [2023-01-27T00:04:39.799+0000] {dag.py:3340} INFO - Setting next_dagrun for example_branch_operator to 2023-01-26T00:00:00+00:00, run_after=2023-01-27T00:00:00+00:00
[2023-01-27T00:04:39.813+0000] {processor.py:176} INFO - Processing /home/airflow/.local/lib/python3.7/site-packages/airflow/example_dags/example_branch_operator.py took 0.070 seconds
[2023-01-27T00:05:10.075+0000] {processor.py:154} INFO - Started process (PID=2594) to work on /home/airflow/.local/lib/python3.7/site-packages/airflow/example_dags/example_branch_operator.py
[2023-01-27T00:05:10.076+0000] {processor.py:756} INFO - Processing file /home/airflow/.local/lib/python3.7/site-packages/airflow/example_dags/example_branch_operator.py for tasks to queue
[2023-01-27T00:05:10.076+0000] {logging_mixin.py:120} INFO - [2023-01-27T00:05:10.076+0000] {dagbag.py:537} INFO - Filling up the DagBag from /home/airflow/.local/lib/python3.7/site-packages/airflow/example_dags/example_branch_operator.py
[2023-01-27T00:05:10.087+0000] {processor.py:766} INFO - DAG(s) dict_keys(['example_branch_operator']) retrieved from /home/airflow/.local/lib/python3.7/site-packages/airflow/example_dags/example_branch_operator.py
[2023-01-27T00:05:10.112+0000] {logging_mixin.py:120} INFO - [2023-01-27T00:05:10.112+0000] {dag.py:2585} INFO - Sync 1 DAGs
[2023-01-27T00:05:10.132+0000] {logging_mixin.py:120} INFO - [2023-01-27T00:05:10.132+0000] {dag.py:3340} INFO - Setting next_dagrun for example_branch_operator to 2023-01-26T00:00:00+00:00, run_after=2023-01-27T00:00:00+00:00
[2023-01-27T00:05:10.146+0000] {processor.py:176} INFO - Processing /home/airflow/.local/lib/python3.7/site-packages/airflow/example_dags/example_branch_operator.py took 0.073 seconds
[2023-01-27T00:05:40.494+0000] {processor.py:154} INFO - Started process (PID=2653) to work on /home/airflow/.local/lib/python3.7/site-packages/airflow/example_dags/example_branch_operator.py
[2023-01-27T00:05:40.495+0000] {processor.py:756} INFO - Processing file /home/airflow/.local/lib/python3.7/site-packages/airflow/example_dags/example_branch_operator.py for tasks to queue
[2023-01-27T00:05:40.495+0000] {logging_mixin.py:120} INFO - [2023-01-27T00:05:40.495+0000] {dagbag.py:537} INFO - Filling up the DagBag from /home/airflow/.local/lib/python3.7/site-packages/airflow/example_dags/example_branch_operator.py
[2023-01-27T00:05:40.506+0000] {processor.py:766} INFO - DAG(s) dict_keys(['example_branch_operator']) retrieved from /home/airflow/.local/lib/python3.7/site-packages/airflow/example_dags/example_branch_operator.py
[2023-01-27T00:05:40.531+0000] {logging_mixin.py:120} INFO - [2023-01-27T00:05:40.531+0000] {dag.py:2585} INFO - Sync 1 DAGs
[2023-01-27T00:05:40.550+0000] {logging_mixin.py:120} INFO - [2023-01-27T00:05:40.550+0000] {dag.py:3340} INFO - Setting next_dagrun for example_branch_operator to 2023-01-26T00:00:00+00:00, run_after=2023-01-27T00:00:00+00:00
[2023-01-27T00:05:40.561+0000] {processor.py:176} INFO - Processing /home/airflow/.local/lib/python3.7/site-packages/airflow/example_dags/example_branch_operator.py took 0.069 seconds
[2023-01-27T00:06:10.796+0000] {processor.py:154} INFO - Started process (PID=2721) to work on /home/airflow/.local/lib/python3.7/site-packages/airflow/example_dags/example_branch_operator.py
[2023-01-27T00:06:10.798+0000] {processor.py:756} INFO - Processing file /home/airflow/.local/lib/python3.7/site-packages/airflow/example_dags/example_branch_operator.py for tasks to queue
[2023-01-27T00:06:10.798+0000] {logging_mixin.py:120} INFO - [2023-01-27T00:06:10.798+0000] {dagbag.py:537} INFO - Filling up the DagBag from /home/airflow/.local/lib/python3.7/site-packages/airflow/example_dags/example_branch_operator.py
[2023-01-27T00:06:10.809+0000] {processor.py:766} INFO - DAG(s) dict_keys(['example_branch_operator']) retrieved from /home/airflow/.local/lib/python3.7/site-packages/airflow/example_dags/example_branch_operator.py
[2023-01-27T00:06:10.834+0000] {logging_mixin.py:120} INFO - [2023-01-27T00:06:10.834+0000] {dag.py:2585} INFO - Sync 1 DAGs
[2023-01-27T00:06:10.852+0000] {logging_mixin.py:120} INFO - [2023-01-27T00:06:10.852+0000] {dag.py:3340} INFO - Setting next_dagrun for example_branch_operator to 2023-01-26T00:00:00+00:00, run_after=2023-01-27T00:00:00+00:00
[2023-01-27T00:06:10.867+0000] {processor.py:176} INFO - Processing /home/airflow/.local/lib/python3.7/site-packages/airflow/example_dags/example_branch_operator.py took 0.072 seconds
[2023-01-27T00:06:41.130+0000] {processor.py:154} INFO - Started process (PID=2790) to work on /home/airflow/.local/lib/python3.7/site-packages/airflow/example_dags/example_branch_operator.py
[2023-01-27T00:06:41.131+0000] {processor.py:756} INFO - Processing file /home/airflow/.local/lib/python3.7/site-packages/airflow/example_dags/example_branch_operator.py for tasks to queue
[2023-01-27T00:06:41.131+0000] {logging_mixin.py:120} INFO - [2023-01-27T00:06:41.131+0000] {dagbag.py:537} INFO - Filling up the DagBag from /home/airflow/.local/lib/python3.7/site-packages/airflow/example_dags/example_branch_operator.py
[2023-01-27T00:06:41.142+0000] {processor.py:766} INFO - DAG(s) dict_keys(['example_branch_operator']) retrieved from /home/airflow/.local/lib/python3.7/site-packages/airflow/example_dags/example_branch_operator.py
[2023-01-27T00:06:41.168+0000] {logging_mixin.py:120} INFO - [2023-01-27T00:06:41.167+0000] {dag.py:2585} INFO - Sync 1 DAGs
[2023-01-27T00:06:41.185+0000] {logging_mixin.py:120} INFO - [2023-01-27T00:06:41.185+0000] {dag.py:3340} INFO - Setting next_dagrun for example_branch_operator to 2023-01-26T00:00:00+00:00, run_after=2023-01-27T00:00:00+00:00
[2023-01-27T00:06:41.198+0000] {processor.py:176} INFO - Processing /home/airflow/.local/lib/python3.7/site-packages/airflow/example_dags/example_branch_operator.py took 0.070 seconds
[2023-01-27T00:07:11.287+0000] {processor.py:154} INFO - Started process (PID=2858) to work on /home/airflow/.local/lib/python3.7/site-packages/airflow/example_dags/example_branch_operator.py
[2023-01-27T00:07:11.288+0000] {processor.py:756} INFO - Processing file /home/airflow/.local/lib/python3.7/site-packages/airflow/example_dags/example_branch_operator.py for tasks to queue
[2023-01-27T00:07:11.289+0000] {logging_mixin.py:120} INFO - [2023-01-27T00:07:11.289+0000] {dagbag.py:537} INFO - Filling up the DagBag from /home/airflow/.local/lib/python3.7/site-packages/airflow/example_dags/example_branch_operator.py
[2023-01-27T00:07:11.300+0000] {processor.py:766} INFO - DAG(s) dict_keys(['example_branch_operator']) retrieved from /home/airflow/.local/lib/python3.7/site-packages/airflow/example_dags/example_branch_operator.py
[2023-01-27T00:07:11.326+0000] {logging_mixin.py:120} INFO - [2023-01-27T00:07:11.326+0000] {dag.py:2585} INFO - Sync 1 DAGs
[2023-01-27T00:07:11.343+0000] {logging_mixin.py:120} INFO - [2023-01-27T00:07:11.343+0000] {dag.py:3340} INFO - Setting next_dagrun for example_branch_operator to 2023-01-26T00:00:00+00:00, run_after=2023-01-27T00:00:00+00:00
[2023-01-27T00:07:11.357+0000] {processor.py:176} INFO - Processing /home/airflow/.local/lib/python3.7/site-packages/airflow/example_dags/example_branch_operator.py took 0.071 seconds
[2023-01-27T00:07:41.454+0000] {processor.py:154} INFO - Started process (PID=2917) to work on /home/airflow/.local/lib/python3.7/site-packages/airflow/example_dags/example_branch_operator.py
[2023-01-27T00:07:41.454+0000] {processor.py:756} INFO - Processing file /home/airflow/.local/lib/python3.7/site-packages/airflow/example_dags/example_branch_operator.py for tasks to queue
[2023-01-27T00:07:41.455+0000] {logging_mixin.py:120} INFO - [2023-01-27T00:07:41.455+0000] {dagbag.py:537} INFO - Filling up the DagBag from /home/airflow/.local/lib/python3.7/site-packages/airflow/example_dags/example_branch_operator.py
[2023-01-27T00:07:41.466+0000] {processor.py:766} INFO - DAG(s) dict_keys(['example_branch_operator']) retrieved from /home/airflow/.local/lib/python3.7/site-packages/airflow/example_dags/example_branch_operator.py
[2023-01-27T00:07:41.493+0000] {logging_mixin.py:120} INFO - [2023-01-27T00:07:41.493+0000] {dag.py:2585} INFO - Sync 1 DAGs
[2023-01-27T00:07:41.511+0000] {logging_mixin.py:120} INFO - [2023-01-27T00:07:41.511+0000] {dag.py:3340} INFO - Setting next_dagrun for example_branch_operator to 2023-01-26T00:00:00+00:00, run_after=2023-01-27T00:00:00+00:00
[2023-01-27T00:07:41.525+0000] {processor.py:176} INFO - Processing /home/airflow/.local/lib/python3.7/site-packages/airflow/example_dags/example_branch_operator.py took 0.073 seconds
[2023-01-27T00:08:11.697+0000] {processor.py:154} INFO - Started process (PID=2983) to work on /home/airflow/.local/lib/python3.7/site-packages/airflow/example_dags/example_branch_operator.py
[2023-01-27T00:08:11.697+0000] {processor.py:756} INFO - Processing file /home/airflow/.local/lib/python3.7/site-packages/airflow/example_dags/example_branch_operator.py for tasks to queue
[2023-01-27T00:08:11.698+0000] {logging_mixin.py:120} INFO - [2023-01-27T00:08:11.698+0000] {dagbag.py:537} INFO - Filling up the DagBag from /home/airflow/.local/lib/python3.7/site-packages/airflow/example_dags/example_branch_operator.py
[2023-01-27T00:08:11.710+0000] {processor.py:766} INFO - DAG(s) dict_keys(['example_branch_operator']) retrieved from /home/airflow/.local/lib/python3.7/site-packages/airflow/example_dags/example_branch_operator.py
[2023-01-27T00:08:11.736+0000] {logging_mixin.py:120} INFO - [2023-01-27T00:08:11.736+0000] {dag.py:2585} INFO - Sync 1 DAGs
[2023-01-27T00:08:11.754+0000] {logging_mixin.py:120} INFO - [2023-01-27T00:08:11.754+0000] {dag.py:3340} INFO - Setting next_dagrun for example_branch_operator to 2023-01-26T00:00:00+00:00, run_after=2023-01-27T00:00:00+00:00
[2023-01-27T00:08:11.767+0000] {processor.py:176} INFO - Processing /home/airflow/.local/lib/python3.7/site-packages/airflow/example_dags/example_branch_operator.py took 0.072 seconds
[2023-01-27T00:08:41.824+0000] {processor.py:154} INFO - Started process (PID=3051) to work on /home/airflow/.local/lib/python3.7/site-packages/airflow/example_dags/example_branch_operator.py
[2023-01-27T00:08:41.825+0000] {processor.py:756} INFO - Processing file /home/airflow/.local/lib/python3.7/site-packages/airflow/example_dags/example_branch_operator.py for tasks to queue
[2023-01-27T00:08:41.826+0000] {logging_mixin.py:120} INFO - [2023-01-27T00:08:41.826+0000] {dagbag.py:537} INFO - Filling up the DagBag from /home/airflow/.local/lib/python3.7/site-packages/airflow/example_dags/example_branch_operator.py
[2023-01-27T00:08:41.837+0000] {processor.py:766} INFO - DAG(s) dict_keys(['example_branch_operator']) retrieved from /home/airflow/.local/lib/python3.7/site-packages/airflow/example_dags/example_branch_operator.py
[2023-01-27T00:08:41.862+0000] {logging_mixin.py:120} INFO - [2023-01-27T00:08:41.862+0000] {dag.py:2585} INFO - Sync 1 DAGs
[2023-01-27T00:08:41.880+0000] {logging_mixin.py:120} INFO - [2023-01-27T00:08:41.880+0000] {dag.py:3340} INFO - Setting next_dagrun for example_branch_operator to 2023-01-26T00:00:00+00:00, run_after=2023-01-27T00:00:00+00:00
[2023-01-27T00:08:41.891+0000] {processor.py:176} INFO - Processing /home/airflow/.local/lib/python3.7/site-packages/airflow/example_dags/example_branch_operator.py took 0.069 seconds
[2023-01-27T00:09:12.168+0000] {processor.py:154} INFO - Started process (PID=3118) to work on /home/airflow/.local/lib/python3.7/site-packages/airflow/example_dags/example_branch_operator.py
[2023-01-27T00:09:12.169+0000] {processor.py:756} INFO - Processing file /home/airflow/.local/lib/python3.7/site-packages/airflow/example_dags/example_branch_operator.py for tasks to queue
[2023-01-27T00:09:12.169+0000] {logging_mixin.py:120} INFO - [2023-01-27T00:09:12.169+0000] {dagbag.py:537} INFO - Filling up the DagBag from /home/airflow/.local/lib/python3.7/site-packages/airflow/example_dags/example_branch_operator.py
[2023-01-27T00:09:12.180+0000] {processor.py:766} INFO - DAG(s) dict_keys(['example_branch_operator']) retrieved from /home/airflow/.local/lib/python3.7/site-packages/airflow/example_dags/example_branch_operator.py
[2023-01-27T00:09:12.213+0000] {logging_mixin.py:120} INFO - [2023-01-27T00:09:12.213+0000] {dag.py:2585} INFO - Sync 1 DAGs
[2023-01-27T00:09:12.238+0000] {logging_mixin.py:120} INFO - [2023-01-27T00:09:12.238+0000] {dag.py:3340} INFO - Setting next_dagrun for example_branch_operator to 2023-01-26T00:00:00+00:00, run_after=2023-01-27T00:00:00+00:00
[2023-01-27T00:09:12.254+0000] {processor.py:176} INFO - Processing /home/airflow/.local/lib/python3.7/site-packages/airflow/example_dags/example_branch_operator.py took 0.088 seconds
[2023-01-27T00:09:42.655+0000] {processor.py:154} INFO - Started process (PID=3185) to work on /home/airflow/.local/lib/python3.7/site-packages/airflow/example_dags/example_branch_operator.py
[2023-01-27T00:09:42.655+0000] {processor.py:756} INFO - Processing file /home/airflow/.local/lib/python3.7/site-packages/airflow/example_dags/example_branch_operator.py for tasks to queue
[2023-01-27T00:09:42.656+0000] {logging_mixin.py:120} INFO - [2023-01-27T00:09:42.656+0000] {dagbag.py:537} INFO - Filling up the DagBag from /home/airflow/.local/lib/python3.7/site-packages/airflow/example_dags/example_branch_operator.py
[2023-01-27T00:09:42.667+0000] {processor.py:766} INFO - DAG(s) dict_keys(['example_branch_operator']) retrieved from /home/airflow/.local/lib/python3.7/site-packages/airflow/example_dags/example_branch_operator.py
[2023-01-27T00:09:42.699+0000] {logging_mixin.py:120} INFO - [2023-01-27T00:09:42.699+0000] {dag.py:2585} INFO - Sync 1 DAGs
[2023-01-27T00:09:42.721+0000] {logging_mixin.py:120} INFO - [2023-01-27T00:09:42.721+0000] {dag.py:3340} INFO - Setting next_dagrun for example_branch_operator to 2023-01-26T00:00:00+00:00, run_after=2023-01-27T00:00:00+00:00
[2023-01-27T00:09:42.735+0000] {processor.py:176} INFO - Processing /home/airflow/.local/lib/python3.7/site-packages/airflow/example_dags/example_branch_operator.py took 0.082 seconds
[2023-01-27T00:10:12.854+0000] {processor.py:154} INFO - Started process (PID=3246) to work on /home/airflow/.local/lib/python3.7/site-packages/airflow/example_dags/example_branch_operator.py
[2023-01-27T00:10:12.855+0000] {processor.py:756} INFO - Processing file /home/airflow/.local/lib/python3.7/site-packages/airflow/example_dags/example_branch_operator.py for tasks to queue
[2023-01-27T00:10:12.855+0000] {logging_mixin.py:120} INFO - [2023-01-27T00:10:12.855+0000] {dagbag.py:537} INFO - Filling up the DagBag from /home/airflow/.local/lib/python3.7/site-packages/airflow/example_dags/example_branch_operator.py
[2023-01-27T00:10:12.866+0000] {processor.py:766} INFO - DAG(s) dict_keys(['example_branch_operator']) retrieved from /home/airflow/.local/lib/python3.7/site-packages/airflow/example_dags/example_branch_operator.py
[2023-01-27T00:10:12.891+0000] {logging_mixin.py:120} INFO - [2023-01-27T00:10:12.891+0000] {dag.py:2585} INFO - Sync 1 DAGs
[2023-01-27T00:10:12.908+0000] {logging_mixin.py:120} INFO - [2023-01-27T00:10:12.908+0000] {dag.py:3340} INFO - Setting next_dagrun for example_branch_operator to 2023-01-26T00:00:00+00:00, run_after=2023-01-27T00:00:00+00:00
[2023-01-27T00:10:12.921+0000] {processor.py:176} INFO - Processing /home/airflow/.local/lib/python3.7/site-packages/airflow/example_dags/example_branch_operator.py took 0.069 seconds
[2023-01-27T00:10:43.254+0000] {processor.py:154} INFO - Started process (PID=3314) to work on /home/airflow/.local/lib/python3.7/site-packages/airflow/example_dags/example_branch_operator.py
[2023-01-27T00:10:43.255+0000] {processor.py:756} INFO - Processing file /home/airflow/.local/lib/python3.7/site-packages/airflow/example_dags/example_branch_operator.py for tasks to queue
[2023-01-27T00:10:43.255+0000] {logging_mixin.py:120} INFO - [2023-01-27T00:10:43.255+0000] {dagbag.py:537} INFO - Filling up the DagBag from /home/airflow/.local/lib/python3.7/site-packages/airflow/example_dags/example_branch_operator.py
[2023-01-27T00:10:43.266+0000] {processor.py:766} INFO - DAG(s) dict_keys(['example_branch_operator']) retrieved from /home/airflow/.local/lib/python3.7/site-packages/airflow/example_dags/example_branch_operator.py
[2023-01-27T00:10:43.293+0000] {logging_mixin.py:120} INFO - [2023-01-27T00:10:43.293+0000] {dag.py:2585} INFO - Sync 1 DAGs
[2023-01-27T00:10:43.311+0000] {logging_mixin.py:120} INFO - [2023-01-27T00:10:43.311+0000] {dag.py:3340} INFO - Setting next_dagrun for example_branch_operator to 2023-01-26T00:00:00+00:00, run_after=2023-01-27T00:00:00+00:00
[2023-01-27T00:10:43.324+0000] {processor.py:176} INFO - Processing /home/airflow/.local/lib/python3.7/site-packages/airflow/example_dags/example_branch_operator.py took 0.071 seconds
[2023-01-27T00:11:13.677+0000] {processor.py:154} INFO - Started process (PID=3382) to work on /home/airflow/.local/lib/python3.7/site-packages/airflow/example_dags/example_branch_operator.py
[2023-01-27T00:11:13.678+0000] {processor.py:756} INFO - Processing file /home/airflow/.local/lib/python3.7/site-packages/airflow/example_dags/example_branch_operator.py for tasks to queue
[2023-01-27T00:11:13.678+0000] {logging_mixin.py:120} INFO - [2023-01-27T00:11:13.678+0000] {dagbag.py:537} INFO - Filling up the DagBag from /home/airflow/.local/lib/python3.7/site-packages/airflow/example_dags/example_branch_operator.py
[2023-01-27T00:11:13.689+0000] {processor.py:766} INFO - DAG(s) dict_keys(['example_branch_operator']) retrieved from /home/airflow/.local/lib/python3.7/site-packages/airflow/example_dags/example_branch_operator.py
[2023-01-27T00:11:13.716+0000] {logging_mixin.py:120} INFO - [2023-01-27T00:11:13.716+0000] {dag.py:2585} INFO - Sync 1 DAGs
[2023-01-27T00:11:13.734+0000] {logging_mixin.py:120} INFO - [2023-01-27T00:11:13.734+0000] {dag.py:3340} INFO - Setting next_dagrun for example_branch_operator to 2023-01-26T00:00:00+00:00, run_after=2023-01-27T00:00:00+00:00
[2023-01-27T00:11:13.747+0000] {processor.py:176} INFO - Processing /home/airflow/.local/lib/python3.7/site-packages/airflow/example_dags/example_branch_operator.py took 0.072 seconds
[2023-01-27T00:11:43.966+0000] {processor.py:154} INFO - Started process (PID=3450) to work on /home/airflow/.local/lib/python3.7/site-packages/airflow/example_dags/example_branch_operator.py
[2023-01-27T00:11:43.968+0000] {processor.py:756} INFO - Processing file /home/airflow/.local/lib/python3.7/site-packages/airflow/example_dags/example_branch_operator.py for tasks to queue
[2023-01-27T00:11:43.968+0000] {logging_mixin.py:120} INFO - [2023-01-27T00:11:43.968+0000] {dagbag.py:537} INFO - Filling up the DagBag from /home/airflow/.local/lib/python3.7/site-packages/airflow/example_dags/example_branch_operator.py
[2023-01-27T00:11:43.979+0000] {processor.py:766} INFO - DAG(s) dict_keys(['example_branch_operator']) retrieved from /home/airflow/.local/lib/python3.7/site-packages/airflow/example_dags/example_branch_operator.py
[2023-01-27T00:11:44.009+0000] {logging_mixin.py:120} INFO - [2023-01-27T00:11:44.009+0000] {dag.py:2585} INFO - Sync 1 DAGs
[2023-01-27T00:11:44.027+0000] {logging_mixin.py:120} INFO - [2023-01-27T00:11:44.027+0000] {dag.py:3340} INFO - Setting next_dagrun for example_branch_operator to 2023-01-26T00:00:00+00:00, run_after=2023-01-27T00:00:00+00:00
[2023-01-27T00:11:44.043+0000] {processor.py:176} INFO - Processing /home/airflow/.local/lib/python3.7/site-packages/airflow/example_dags/example_branch_operator.py took 0.078 seconds
[2023-01-27T00:12:14.153+0000] {processor.py:154} INFO - Started process (PID=3509) to work on /home/airflow/.local/lib/python3.7/site-packages/airflow/example_dags/example_branch_operator.py
[2023-01-27T00:12:14.154+0000] {processor.py:756} INFO - Processing file /home/airflow/.local/lib/python3.7/site-packages/airflow/example_dags/example_branch_operator.py for tasks to queue
[2023-01-27T00:12:14.154+0000] {logging_mixin.py:120} INFO - [2023-01-27T00:12:14.154+0000] {dagbag.py:537} INFO - Filling up the DagBag from /home/airflow/.local/lib/python3.7/site-packages/airflow/example_dags/example_branch_operator.py
[2023-01-27T00:12:14.165+0000] {processor.py:766} INFO - DAG(s) dict_keys(['example_branch_operator']) retrieved from /home/airflow/.local/lib/python3.7/site-packages/airflow/example_dags/example_branch_operator.py
[2023-01-27T00:12:14.191+0000] {logging_mixin.py:120} INFO - [2023-01-27T00:12:14.191+0000] {dag.py:2585} INFO - Sync 1 DAGs
[2023-01-27T00:12:14.211+0000] {logging_mixin.py:120} INFO - [2023-01-27T00:12:14.211+0000] {dag.py:3340} INFO - Setting next_dagrun for example_branch_operator to 2023-01-26T00:00:00+00:00, run_after=2023-01-27T00:00:00+00:00
[2023-01-27T00:12:14.228+0000] {processor.py:176} INFO - Processing /home/airflow/.local/lib/python3.7/site-packages/airflow/example_dags/example_branch_operator.py took 0.077 seconds
[2023-01-27T00:12:44.480+0000] {processor.py:154} INFO - Started process (PID=3577) to work on /home/airflow/.local/lib/python3.7/site-packages/airflow/example_dags/example_branch_operator.py
[2023-01-27T00:12:44.481+0000] {processor.py:756} INFO - Processing file /home/airflow/.local/lib/python3.7/site-packages/airflow/example_dags/example_branch_operator.py for tasks to queue
[2023-01-27T00:12:44.482+0000] {logging_mixin.py:120} INFO - [2023-01-27T00:12:44.482+0000] {dagbag.py:537} INFO - Filling up the DagBag from /home/airflow/.local/lib/python3.7/site-packages/airflow/example_dags/example_branch_operator.py
[2023-01-27T00:12:44.493+0000] {processor.py:766} INFO - DAG(s) dict_keys(['example_branch_operator']) retrieved from /home/airflow/.local/lib/python3.7/site-packages/airflow/example_dags/example_branch_operator.py
[2023-01-27T00:12:44.524+0000] {logging_mixin.py:120} INFO - [2023-01-27T00:12:44.523+0000] {dag.py:2585} INFO - Sync 1 DAGs
[2023-01-27T00:12:44.550+0000] {logging_mixin.py:120} INFO - [2023-01-27T00:12:44.550+0000] {dag.py:3340} INFO - Setting next_dagrun for example_branch_operator to 2023-01-26T00:00:00+00:00, run_after=2023-01-27T00:00:00+00:00
[2023-01-27T00:12:44.567+0000] {processor.py:176} INFO - Processing /home/airflow/.local/lib/python3.7/site-packages/airflow/example_dags/example_branch_operator.py took 0.089 seconds
[2023-01-27T00:13:14.808+0000] {processor.py:154} INFO - Started process (PID=3643) to work on /home/airflow/.local/lib/python3.7/site-packages/airflow/example_dags/example_branch_operator.py
[2023-01-27T00:13:14.808+0000] {processor.py:756} INFO - Processing file /home/airflow/.local/lib/python3.7/site-packages/airflow/example_dags/example_branch_operator.py for tasks to queue
[2023-01-27T00:13:14.809+0000] {logging_mixin.py:120} INFO - [2023-01-27T00:13:14.809+0000] {dagbag.py:537} INFO - Filling up the DagBag from /home/airflow/.local/lib/python3.7/site-packages/airflow/example_dags/example_branch_operator.py
[2023-01-27T00:13:14.820+0000] {processor.py:766} INFO - DAG(s) dict_keys(['example_branch_operator']) retrieved from /home/airflow/.local/lib/python3.7/site-packages/airflow/example_dags/example_branch_operator.py
[2023-01-27T00:13:14.847+0000] {logging_mixin.py:120} INFO - [2023-01-27T00:13:14.847+0000] {dag.py:2585} INFO - Sync 1 DAGs
[2023-01-27T00:13:14.865+0000] {logging_mixin.py:120} INFO - [2023-01-27T00:13:14.865+0000] {dag.py:3340} INFO - Setting next_dagrun for example_branch_operator to 2023-01-26T00:00:00+00:00, run_after=2023-01-27T00:00:00+00:00
[2023-01-27T00:13:14.878+0000] {processor.py:176} INFO - Processing /home/airflow/.local/lib/python3.7/site-packages/airflow/example_dags/example_branch_operator.py took 0.071 seconds
[2023-01-27T00:13:45.071+0000] {processor.py:154} INFO - Started process (PID=3711) to work on /home/airflow/.local/lib/python3.7/site-packages/airflow/example_dags/example_branch_operator.py
[2023-01-27T00:13:45.072+0000] {processor.py:756} INFO - Processing file /home/airflow/.local/lib/python3.7/site-packages/airflow/example_dags/example_branch_operator.py for tasks to queue
[2023-01-27T00:13:45.073+0000] {logging_mixin.py:120} INFO - [2023-01-27T00:13:45.072+0000] {dagbag.py:537} INFO - Filling up the DagBag from /home/airflow/.local/lib/python3.7/site-packages/airflow/example_dags/example_branch_operator.py
[2023-01-27T00:13:45.084+0000] {processor.py:766} INFO - DAG(s) dict_keys(['example_branch_operator']) retrieved from /home/airflow/.local/lib/python3.7/site-packages/airflow/example_dags/example_branch_operator.py
[2023-01-27T00:13:45.110+0000] {logging_mixin.py:120} INFO - [2023-01-27T00:13:45.110+0000] {dag.py:2585} INFO - Sync 1 DAGs
[2023-01-27T00:13:45.128+0000] {logging_mixin.py:120} INFO - [2023-01-27T00:13:45.128+0000] {dag.py:3340} INFO - Setting next_dagrun for example_branch_operator to 2023-01-26T00:00:00+00:00, run_after=2023-01-27T00:00:00+00:00
[2023-01-27T00:13:45.140+0000] {processor.py:176} INFO - Processing /home/airflow/.local/lib/python3.7/site-packages/airflow/example_dags/example_branch_operator.py took 0.071 seconds
[2023-01-27T00:14:15.293+0000] {processor.py:154} INFO - Started process (PID=3770) to work on /home/airflow/.local/lib/python3.7/site-packages/airflow/example_dags/example_branch_operator.py
[2023-01-27T00:14:15.293+0000] {processor.py:756} INFO - Processing file /home/airflow/.local/lib/python3.7/site-packages/airflow/example_dags/example_branch_operator.py for tasks to queue
[2023-01-27T00:14:15.293+0000] {logging_mixin.py:120} INFO - [2023-01-27T00:14:15.293+0000] {dagbag.py:537} INFO - Filling up the DagBag from /home/airflow/.local/lib/python3.7/site-packages/airflow/example_dags/example_branch_operator.py
[2023-01-27T00:14:15.304+0000] {processor.py:766} INFO - DAG(s) dict_keys(['example_branch_operator']) retrieved from /home/airflow/.local/lib/python3.7/site-packages/airflow/example_dags/example_branch_operator.py
[2023-01-27T00:14:15.332+0000] {logging_mixin.py:120} INFO - [2023-01-27T00:14:15.332+0000] {dag.py:2585} INFO - Sync 1 DAGs
[2023-01-27T00:14:15.352+0000] {logging_mixin.py:120} INFO - [2023-01-27T00:14:15.352+0000] {dag.py:3340} INFO - Setting next_dagrun for example_branch_operator to 2023-01-26T00:00:00+00:00, run_after=2023-01-27T00:00:00+00:00
[2023-01-27T00:14:15.365+0000] {processor.py:176} INFO - Processing /home/airflow/.local/lib/python3.7/site-packages/airflow/example_dags/example_branch_operator.py took 0.075 seconds
[2023-01-27T00:14:45.460+0000] {processor.py:154} INFO - Started process (PID=3837) to work on /home/airflow/.local/lib/python3.7/site-packages/airflow/example_dags/example_branch_operator.py
[2023-01-27T00:14:45.461+0000] {processor.py:756} INFO - Processing file /home/airflow/.local/lib/python3.7/site-packages/airflow/example_dags/example_branch_operator.py for tasks to queue
[2023-01-27T00:14:45.461+0000] {logging_mixin.py:120} INFO - [2023-01-27T00:14:45.461+0000] {dagbag.py:537} INFO - Filling up the DagBag from /home/airflow/.local/lib/python3.7/site-packages/airflow/example_dags/example_branch_operator.py
[2023-01-27T00:14:45.472+0000] {processor.py:766} INFO - DAG(s) dict_keys(['example_branch_operator']) retrieved from /home/airflow/.local/lib/python3.7/site-packages/airflow/example_dags/example_branch_operator.py
[2023-01-27T00:14:45.497+0000] {logging_mixin.py:120} INFO - [2023-01-27T00:14:45.497+0000] {dag.py:2585} INFO - Sync 1 DAGs
[2023-01-27T00:14:45.514+0000] {logging_mixin.py:120} INFO - [2023-01-27T00:14:45.514+0000] {dag.py:3340} INFO - Setting next_dagrun for example_branch_operator to 2023-01-26T00:00:00+00:00, run_after=2023-01-27T00:00:00+00:00
[2023-01-27T00:14:45.527+0000] {processor.py:176} INFO - Processing /home/airflow/.local/lib/python3.7/site-packages/airflow/example_dags/example_branch_operator.py took 0.068 seconds
[2023-01-27T00:15:16.110+0000] {processor.py:154} INFO - Started process (PID=3907) to work on /home/airflow/.local/lib/python3.7/site-packages/airflow/example_dags/example_branch_operator.py
[2023-01-27T00:15:16.111+0000] {processor.py:756} INFO - Processing file /home/airflow/.local/lib/python3.7/site-packages/airflow/example_dags/example_branch_operator.py for tasks to queue
[2023-01-27T00:15:16.111+0000] {logging_mixin.py:120} INFO - [2023-01-27T00:15:16.111+0000] {dagbag.py:537} INFO - Filling up the DagBag from /home/airflow/.local/lib/python3.7/site-packages/airflow/example_dags/example_branch_operator.py
[2023-01-27T00:15:16.122+0000] {processor.py:766} INFO - DAG(s) dict_keys(['example_branch_operator']) retrieved from /home/airflow/.local/lib/python3.7/site-packages/airflow/example_dags/example_branch_operator.py
[2023-01-27T00:15:16.152+0000] {logging_mixin.py:120} INFO - [2023-01-27T00:15:16.152+0000] {dag.py:2585} INFO - Sync 1 DAGs
[2023-01-27T00:15:16.170+0000] {logging_mixin.py:120} INFO - [2023-01-27T00:15:16.170+0000] {dag.py:3340} INFO - Setting next_dagrun for example_branch_operator to 2023-01-26T00:00:00+00:00, run_after=2023-01-27T00:00:00+00:00
[2023-01-27T00:15:16.183+0000] {processor.py:176} INFO - Processing /home/airflow/.local/lib/python3.7/site-packages/airflow/example_dags/example_branch_operator.py took 0.075 seconds
[2023-01-27T00:15:46.273+0000] {processor.py:154} INFO - Started process (PID=3975) to work on /home/airflow/.local/lib/python3.7/site-packages/airflow/example_dags/example_branch_operator.py
[2023-01-27T00:15:46.273+0000] {processor.py:756} INFO - Processing file /home/airflow/.local/lib/python3.7/site-packages/airflow/example_dags/example_branch_operator.py for tasks to queue
[2023-01-27T00:15:46.274+0000] {logging_mixin.py:120} INFO - [2023-01-27T00:15:46.274+0000] {dagbag.py:537} INFO - Filling up the DagBag from /home/airflow/.local/lib/python3.7/site-packages/airflow/example_dags/example_branch_operator.py
[2023-01-27T00:15:46.284+0000] {processor.py:766} INFO - DAG(s) dict_keys(['example_branch_operator']) retrieved from /home/airflow/.local/lib/python3.7/site-packages/airflow/example_dags/example_branch_operator.py
[2023-01-27T00:15:46.309+0000] {logging_mixin.py:120} INFO - [2023-01-27T00:15:46.309+0000] {dag.py:2585} INFO - Sync 1 DAGs
[2023-01-27T00:15:46.326+0000] {logging_mixin.py:120} INFO - [2023-01-27T00:15:46.326+0000] {dag.py:3340} INFO - Setting next_dagrun for example_branch_operator to 2023-01-26T00:00:00+00:00, run_after=2023-01-27T00:00:00+00:00
[2023-01-27T00:15:46.338+0000] {processor.py:176} INFO - Processing /home/airflow/.local/lib/python3.7/site-packages/airflow/example_dags/example_branch_operator.py took 0.068 seconds
[2023-01-27T00:16:16.968+0000] {processor.py:154} INFO - Started process (PID=4043) to work on /home/airflow/.local/lib/python3.7/site-packages/airflow/example_dags/example_branch_operator.py
[2023-01-27T00:16:16.969+0000] {processor.py:756} INFO - Processing file /home/airflow/.local/lib/python3.7/site-packages/airflow/example_dags/example_branch_operator.py for tasks to queue
[2023-01-27T00:16:16.969+0000] {logging_mixin.py:120} INFO - [2023-01-27T00:16:16.969+0000] {dagbag.py:537} INFO - Filling up the DagBag from /home/airflow/.local/lib/python3.7/site-packages/airflow/example_dags/example_branch_operator.py
[2023-01-27T00:16:16.980+0000] {processor.py:766} INFO - DAG(s) dict_keys(['example_branch_operator']) retrieved from /home/airflow/.local/lib/python3.7/site-packages/airflow/example_dags/example_branch_operator.py
[2023-01-27T00:16:17.011+0000] {logging_mixin.py:120} INFO - [2023-01-27T00:16:17.011+0000] {dag.py:2585} INFO - Sync 1 DAGs
[2023-01-27T00:16:17.037+0000] {logging_mixin.py:120} INFO - [2023-01-27T00:16:17.037+0000] {dag.py:3340} INFO - Setting next_dagrun for example_branch_operator to 2023-01-26T00:00:00+00:00, run_after=2023-01-27T00:00:00+00:00
[2023-01-27T00:16:17.056+0000] {processor.py:176} INFO - Processing /home/airflow/.local/lib/python3.7/site-packages/airflow/example_dags/example_branch_operator.py took 0.089 seconds
[2023-01-27T00:16:47.073+0000] {processor.py:154} INFO - Started process (PID=4101) to work on /home/airflow/.local/lib/python3.7/site-packages/airflow/example_dags/example_branch_operator.py
[2023-01-27T00:16:47.074+0000] {processor.py:756} INFO - Processing file /home/airflow/.local/lib/python3.7/site-packages/airflow/example_dags/example_branch_operator.py for tasks to queue
[2023-01-27T00:16:47.074+0000] {logging_mixin.py:120} INFO - [2023-01-27T00:16:47.074+0000] {dagbag.py:537} INFO - Filling up the DagBag from /home/airflow/.local/lib/python3.7/site-packages/airflow/example_dags/example_branch_operator.py
[2023-01-27T00:16:47.085+0000] {processor.py:766} INFO - DAG(s) dict_keys(['example_branch_operator']) retrieved from /home/airflow/.local/lib/python3.7/site-packages/airflow/example_dags/example_branch_operator.py
[2023-01-27T00:16:47.101+0000] {logging_mixin.py:120} INFO - [2023-01-27T00:16:47.100+0000] {dag.py:2585} INFO - Sync 1 DAGs
[2023-01-27T00:16:47.127+0000] {logging_mixin.py:120} INFO - [2023-01-27T00:16:47.127+0000] {dag.py:3340} INFO - Setting next_dagrun for example_branch_operator to 2023-01-26T00:00:00+00:00, run_after=2023-01-27T00:00:00+00:00
[2023-01-27T00:16:47.145+0000] {processor.py:176} INFO - Processing /home/airflow/.local/lib/python3.7/site-packages/airflow/example_dags/example_branch_operator.py took 0.074 seconds
[2023-01-27T00:17:17.527+0000] {processor.py:154} INFO - Started process (PID=4168) to work on /home/airflow/.local/lib/python3.7/site-packages/airflow/example_dags/example_branch_operator.py
[2023-01-27T00:17:17.528+0000] {processor.py:756} INFO - Processing file /home/airflow/.local/lib/python3.7/site-packages/airflow/example_dags/example_branch_operator.py for tasks to queue
[2023-01-27T00:17:17.528+0000] {logging_mixin.py:120} INFO - [2023-01-27T00:17:17.528+0000] {dagbag.py:537} INFO - Filling up the DagBag from /home/airflow/.local/lib/python3.7/site-packages/airflow/example_dags/example_branch_operator.py
[2023-01-27T00:17:17.538+0000] {processor.py:766} INFO - DAG(s) dict_keys(['example_branch_operator']) retrieved from /home/airflow/.local/lib/python3.7/site-packages/airflow/example_dags/example_branch_operator.py
[2023-01-27T00:17:17.569+0000] {logging_mixin.py:120} INFO - [2023-01-27T00:17:17.569+0000] {dag.py:2585} INFO - Sync 1 DAGs
[2023-01-27T00:17:17.594+0000] {logging_mixin.py:120} INFO - [2023-01-27T00:17:17.593+0000] {dag.py:3340} INFO - Setting next_dagrun for example_branch_operator to 2023-01-26T00:00:00+00:00, run_after=2023-01-27T00:00:00+00:00
[2023-01-27T00:17:17.609+0000] {processor.py:176} INFO - Processing /home/airflow/.local/lib/python3.7/site-packages/airflow/example_dags/example_branch_operator.py took 0.084 seconds
[2023-01-27T00:17:47.911+0000] {processor.py:154} INFO - Started process (PID=4237) to work on /home/airflow/.local/lib/python3.7/site-packages/airflow/example_dags/example_branch_operator.py
[2023-01-27T00:17:47.912+0000] {processor.py:756} INFO - Processing file /home/airflow/.local/lib/python3.7/site-packages/airflow/example_dags/example_branch_operator.py for tasks to queue
[2023-01-27T00:17:47.912+0000] {logging_mixin.py:120} INFO - [2023-01-27T00:17:47.912+0000] {dagbag.py:537} INFO - Filling up the DagBag from /home/airflow/.local/lib/python3.7/site-packages/airflow/example_dags/example_branch_operator.py
[2023-01-27T00:17:47.923+0000] {processor.py:766} INFO - DAG(s) dict_keys(['example_branch_operator']) retrieved from /home/airflow/.local/lib/python3.7/site-packages/airflow/example_dags/example_branch_operator.py
[2023-01-27T00:17:47.949+0000] {logging_mixin.py:120} INFO - [2023-01-27T00:17:47.949+0000] {dag.py:2585} INFO - Sync 1 DAGs
[2023-01-27T00:17:47.969+0000] {logging_mixin.py:120} INFO - [2023-01-27T00:17:47.969+0000] {dag.py:3340} INFO - Setting next_dagrun for example_branch_operator to 2023-01-26T00:00:00+00:00, run_after=2023-01-27T00:00:00+00:00
[2023-01-27T00:17:47.981+0000] {processor.py:176} INFO - Processing /home/airflow/.local/lib/python3.7/site-packages/airflow/example_dags/example_branch_operator.py took 0.072 seconds
[2023-01-27T00:18:18.203+0000] {processor.py:154} INFO - Started process (PID=4307) to work on /home/airflow/.local/lib/python3.7/site-packages/airflow/example_dags/example_branch_operator.py
[2023-01-27T00:18:18.204+0000] {processor.py:756} INFO - Processing file /home/airflow/.local/lib/python3.7/site-packages/airflow/example_dags/example_branch_operator.py for tasks to queue
[2023-01-27T00:18:18.205+0000] {logging_mixin.py:120} INFO - [2023-01-27T00:18:18.204+0000] {dagbag.py:537} INFO - Filling up the DagBag from /home/airflow/.local/lib/python3.7/site-packages/airflow/example_dags/example_branch_operator.py
[2023-01-27T00:18:18.216+0000] {processor.py:766} INFO - DAG(s) dict_keys(['example_branch_operator']) retrieved from /home/airflow/.local/lib/python3.7/site-packages/airflow/example_dags/example_branch_operator.py
[2023-01-27T00:18:18.242+0000] {logging_mixin.py:120} INFO - [2023-01-27T00:18:18.242+0000] {dag.py:2585} INFO - Sync 1 DAGs
[2023-01-27T00:18:18.261+0000] {logging_mixin.py:120} INFO - [2023-01-27T00:18:18.261+0000] {dag.py:3340} INFO - Setting next_dagrun for example_branch_operator to 2023-01-26T00:00:00+00:00, run_after=2023-01-27T00:00:00+00:00
[2023-01-27T00:18:18.274+0000] {processor.py:176} INFO - Processing /home/airflow/.local/lib/python3.7/site-packages/airflow/example_dags/example_branch_operator.py took 0.073 seconds
[2023-01-27T00:18:48.442+0000] {processor.py:154} INFO - Started process (PID=4366) to work on /home/airflow/.local/lib/python3.7/site-packages/airflow/example_dags/example_branch_operator.py
[2023-01-27T00:18:48.443+0000] {processor.py:756} INFO - Processing file /home/airflow/.local/lib/python3.7/site-packages/airflow/example_dags/example_branch_operator.py for tasks to queue
[2023-01-27T00:18:48.444+0000] {logging_mixin.py:120} INFO - [2023-01-27T00:18:48.443+0000] {dagbag.py:537} INFO - Filling up the DagBag from /home/airflow/.local/lib/python3.7/site-packages/airflow/example_dags/example_branch_operator.py
[2023-01-27T00:18:48.455+0000] {processor.py:766} INFO - DAG(s) dict_keys(['example_branch_operator']) retrieved from /home/airflow/.local/lib/python3.7/site-packages/airflow/example_dags/example_branch_operator.py
[2023-01-27T00:18:48.481+0000] {logging_mixin.py:120} INFO - [2023-01-27T00:18:48.481+0000] {dag.py:2585} INFO - Sync 1 DAGs
[2023-01-27T00:18:48.500+0000] {logging_mixin.py:120} INFO - [2023-01-27T00:18:48.500+0000] {dag.py:3340} INFO - Setting next_dagrun for example_branch_operator to 2023-01-26T00:00:00+00:00, run_after=2023-01-27T00:00:00+00:00
[2023-01-27T00:18:48.513+0000] {processor.py:176} INFO - Processing /home/airflow/.local/lib/python3.7/site-packages/airflow/example_dags/example_branch_operator.py took 0.073 seconds
[2023-01-27T00:19:18.599+0000] {processor.py:154} INFO - Started process (PID=4434) to work on /home/airflow/.local/lib/python3.7/site-packages/airflow/example_dags/example_branch_operator.py
[2023-01-27T00:19:18.600+0000] {processor.py:756} INFO - Processing file /home/airflow/.local/lib/python3.7/site-packages/airflow/example_dags/example_branch_operator.py for tasks to queue
[2023-01-27T00:19:18.600+0000] {logging_mixin.py:120} INFO - [2023-01-27T00:19:18.600+0000] {dagbag.py:537} INFO - Filling up the DagBag from /home/airflow/.local/lib/python3.7/site-packages/airflow/example_dags/example_branch_operator.py
[2023-01-27T00:19:18.611+0000] {processor.py:766} INFO - DAG(s) dict_keys(['example_branch_operator']) retrieved from /home/airflow/.local/lib/python3.7/site-packages/airflow/example_dags/example_branch_operator.py
[2023-01-27T00:19:18.650+0000] {logging_mixin.py:120} INFO - [2023-01-27T00:19:18.649+0000] {dag.py:2585} INFO - Sync 1 DAGs
[2023-01-27T00:19:18.670+0000] {logging_mixin.py:120} INFO - [2023-01-27T00:19:18.670+0000] {dag.py:3340} INFO - Setting next_dagrun for example_branch_operator to 2023-01-26T00:00:00+00:00, run_after=2023-01-27T00:00:00+00:00
[2023-01-27T00:19:18.681+0000] {processor.py:176} INFO - Processing /home/airflow/.local/lib/python3.7/site-packages/airflow/example_dags/example_branch_operator.py took 0.085 seconds
[2023-01-27T00:19:48.879+0000] {processor.py:154} INFO - Started process (PID=4502) to work on /home/airflow/.local/lib/python3.7/site-packages/airflow/example_dags/example_branch_operator.py
[2023-01-27T00:19:48.880+0000] {processor.py:756} INFO - Processing file /home/airflow/.local/lib/python3.7/site-packages/airflow/example_dags/example_branch_operator.py for tasks to queue
[2023-01-27T00:19:48.880+0000] {logging_mixin.py:120} INFO - [2023-01-27T00:19:48.880+0000] {dagbag.py:537} INFO - Filling up the DagBag from /home/airflow/.local/lib/python3.7/site-packages/airflow/example_dags/example_branch_operator.py
[2023-01-27T00:19:48.891+0000] {processor.py:766} INFO - DAG(s) dict_keys(['example_branch_operator']) retrieved from /home/airflow/.local/lib/python3.7/site-packages/airflow/example_dags/example_branch_operator.py
[2023-01-27T00:19:48.917+0000] {logging_mixin.py:120} INFO - [2023-01-27T00:19:48.917+0000] {dag.py:2585} INFO - Sync 1 DAGs
[2023-01-27T00:19:48.934+0000] {logging_mixin.py:120} INFO - [2023-01-27T00:19:48.934+0000] {dag.py:3340} INFO - Setting next_dagrun for example_branch_operator to 2023-01-26T00:00:00+00:00, run_after=2023-01-27T00:00:00+00:00
[2023-01-27T00:19:48.948+0000] {processor.py:176} INFO - Processing /home/airflow/.local/lib/python3.7/site-packages/airflow/example_dags/example_branch_operator.py took 0.071 seconds
[2023-01-27T00:20:19.197+0000] {processor.py:154} INFO - Started process (PID=4570) to work on /home/airflow/.local/lib/python3.7/site-packages/airflow/example_dags/example_branch_operator.py
[2023-01-27T00:20:19.197+0000] {processor.py:756} INFO - Processing file /home/airflow/.local/lib/python3.7/site-packages/airflow/example_dags/example_branch_operator.py for tasks to queue
[2023-01-27T00:20:19.198+0000] {logging_mixin.py:120} INFO - [2023-01-27T00:20:19.198+0000] {dagbag.py:537} INFO - Filling up the DagBag from /home/airflow/.local/lib/python3.7/site-packages/airflow/example_dags/example_branch_operator.py
[2023-01-27T00:20:19.209+0000] {processor.py:766} INFO - DAG(s) dict_keys(['example_branch_operator']) retrieved from /home/airflow/.local/lib/python3.7/site-packages/airflow/example_dags/example_branch_operator.py
[2023-01-27T00:20:19.240+0000] {logging_mixin.py:120} INFO - [2023-01-27T00:20:19.239+0000] {dag.py:2585} INFO - Sync 1 DAGs
[2023-01-27T00:20:19.263+0000] {logging_mixin.py:120} INFO - [2023-01-27T00:20:19.263+0000] {dag.py:3340} INFO - Setting next_dagrun for example_branch_operator to 2023-01-26T00:00:00+00:00, run_after=2023-01-27T00:00:00+00:00
[2023-01-27T00:20:19.280+0000] {processor.py:176} INFO - Processing /home/airflow/.local/lib/python3.7/site-packages/airflow/example_dags/example_branch_operator.py took 0.085 seconds
[2023-01-27T00:20:49.335+0000] {processor.py:154} INFO - Started process (PID=4628) to work on /home/airflow/.local/lib/python3.7/site-packages/airflow/example_dags/example_branch_operator.py
[2023-01-27T00:20:49.335+0000] {processor.py:756} INFO - Processing file /home/airflow/.local/lib/python3.7/site-packages/airflow/example_dags/example_branch_operator.py for tasks to queue
[2023-01-27T00:20:49.336+0000] {logging_mixin.py:120} INFO - [2023-01-27T00:20:49.335+0000] {dagbag.py:537} INFO - Filling up the DagBag from /home/airflow/.local/lib/python3.7/site-packages/airflow/example_dags/example_branch_operator.py
[2023-01-27T00:20:49.346+0000] {processor.py:766} INFO - DAG(s) dict_keys(['example_branch_operator']) retrieved from /home/airflow/.local/lib/python3.7/site-packages/airflow/example_dags/example_branch_operator.py
[2023-01-27T00:20:49.371+0000] {logging_mixin.py:120} INFO - [2023-01-27T00:20:49.371+0000] {dag.py:2585} INFO - Sync 1 DAGs
[2023-01-27T00:20:49.388+0000] {logging_mixin.py:120} INFO - [2023-01-27T00:20:49.388+0000] {dag.py:3340} INFO - Setting next_dagrun for example_branch_operator to 2023-01-26T00:00:00+00:00, run_after=2023-01-27T00:00:00+00:00
[2023-01-27T00:20:49.402+0000] {processor.py:176} INFO - Processing /home/airflow/.local/lib/python3.7/site-packages/airflow/example_dags/example_branch_operator.py took 0.069 seconds
