[2023-01-27T00:00:07.417+0000] {processor.py:154} INFO - Started process (PID=1940) to work on /home/airflow/.local/lib/python3.7/site-packages/airflow/example_dags/example_external_task_marker_dag.py
[2023-01-27T00:00:07.417+0000] {processor.py:756} INFO - Processing file /home/airflow/.local/lib/python3.7/site-packages/airflow/example_dags/example_external_task_marker_dag.py for tasks to queue
[2023-01-27T00:00:07.418+0000] {logging_mixin.py:120} INFO - [2023-01-27T00:00:07.418+0000] {dagbag.py:537} INFO - Filling up the DagBag from /home/airflow/.local/lib/python3.7/site-packages/airflow/example_dags/example_external_task_marker_dag.py
[2023-01-27T00:00:07.429+0000] {processor.py:766} INFO - DAG(s) dict_keys(['example_external_task_marker_child', 'example_external_task_marker_parent']) retrieved from /home/airflow/.local/lib/python3.7/site-packages/airflow/example_dags/example_external_task_marker_dag.py
[2023-01-27T00:00:07.607+0000] {logging_mixin.py:120} INFO - [2023-01-27T00:00:07.607+0000] {dag.py:2585} INFO - Sync 2 DAGs
[2023-01-27T00:00:07.629+0000] {logging_mixin.py:120} INFO - [2023-01-27T00:00:07.629+0000] {dag.py:3340} INFO - Setting next_dagrun for example_external_task_marker_child to None, run_after=None
[2023-01-27T00:00:07.633+0000] {logging_mixin.py:120} INFO - [2023-01-27T00:00:07.633+0000] {dag.py:3340} INFO - Setting next_dagrun for example_external_task_marker_parent to None, run_after=None
[2023-01-27T00:00:07.652+0000] {processor.py:176} INFO - Processing /home/airflow/.local/lib/python3.7/site-packages/airflow/example_dags/example_external_task_marker_dag.py took 0.237 seconds
[2023-01-27T00:00:37.724+0000] {processor.py:154} INFO - Started process (PID=2010) to work on /home/airflow/.local/lib/python3.7/site-packages/airflow/example_dags/example_external_task_marker_dag.py
[2023-01-27T00:00:37.725+0000] {processor.py:756} INFO - Processing file /home/airflow/.local/lib/python3.7/site-packages/airflow/example_dags/example_external_task_marker_dag.py for tasks to queue
[2023-01-27T00:00:37.725+0000] {logging_mixin.py:120} INFO - [2023-01-27T00:00:37.725+0000] {dagbag.py:537} INFO - Filling up the DagBag from /home/airflow/.local/lib/python3.7/site-packages/airflow/example_dags/example_external_task_marker_dag.py
[2023-01-27T00:00:37.733+0000] {processor.py:766} INFO - DAG(s) dict_keys(['example_external_task_marker_child', 'example_external_task_marker_parent']) retrieved from /home/airflow/.local/lib/python3.7/site-packages/airflow/example_dags/example_external_task_marker_dag.py
[2023-01-27T00:00:37.889+0000] {logging_mixin.py:120} INFO - [2023-01-27T00:00:37.889+0000] {dag.py:2585} INFO - Sync 2 DAGs
[2023-01-27T00:00:37.905+0000] {logging_mixin.py:120} INFO - [2023-01-27T00:00:37.905+0000] {dag.py:3340} INFO - Setting next_dagrun for example_external_task_marker_child to None, run_after=None
[2023-01-27T00:00:37.907+0000] {logging_mixin.py:120} INFO - [2023-01-27T00:00:37.907+0000] {dag.py:3340} INFO - Setting next_dagrun for example_external_task_marker_parent to None, run_after=None
[2023-01-27T00:00:37.920+0000] {processor.py:176} INFO - Processing /home/airflow/.local/lib/python3.7/site-packages/airflow/example_dags/example_external_task_marker_dag.py took 0.197 seconds
[2023-01-27T00:01:08.062+0000] {processor.py:154} INFO - Started process (PID=2078) to work on /home/airflow/.local/lib/python3.7/site-packages/airflow/example_dags/example_external_task_marker_dag.py
[2023-01-27T00:01:08.063+0000] {processor.py:756} INFO - Processing file /home/airflow/.local/lib/python3.7/site-packages/airflow/example_dags/example_external_task_marker_dag.py for tasks to queue
[2023-01-27T00:01:08.063+0000] {logging_mixin.py:120} INFO - [2023-01-27T00:01:08.063+0000] {dagbag.py:537} INFO - Filling up the DagBag from /home/airflow/.local/lib/python3.7/site-packages/airflow/example_dags/example_external_task_marker_dag.py
[2023-01-27T00:01:08.075+0000] {processor.py:766} INFO - DAG(s) dict_keys(['example_external_task_marker_child', 'example_external_task_marker_parent']) retrieved from /home/airflow/.local/lib/python3.7/site-packages/airflow/example_dags/example_external_task_marker_dag.py
[2023-01-27T00:01:08.249+0000] {logging_mixin.py:120} INFO - [2023-01-27T00:01:08.249+0000] {dag.py:2585} INFO - Sync 2 DAGs
[2023-01-27T00:01:08.267+0000] {logging_mixin.py:120} INFO - [2023-01-27T00:01:08.267+0000] {dag.py:3340} INFO - Setting next_dagrun for example_external_task_marker_child to None, run_after=None
[2023-01-27T00:01:08.270+0000] {logging_mixin.py:120} INFO - [2023-01-27T00:01:08.270+0000] {dag.py:3340} INFO - Setting next_dagrun for example_external_task_marker_parent to None, run_after=None
[2023-01-27T00:01:08.286+0000] {processor.py:176} INFO - Processing /home/airflow/.local/lib/python3.7/site-packages/airflow/example_dags/example_external_task_marker_dag.py took 0.226 seconds
[2023-01-27T00:01:38.340+0000] {processor.py:154} INFO - Started process (PID=2137) to work on /home/airflow/.local/lib/python3.7/site-packages/airflow/example_dags/example_external_task_marker_dag.py
[2023-01-27T00:01:38.340+0000] {processor.py:756} INFO - Processing file /home/airflow/.local/lib/python3.7/site-packages/airflow/example_dags/example_external_task_marker_dag.py for tasks to queue
[2023-01-27T00:01:38.340+0000] {logging_mixin.py:120} INFO - [2023-01-27T00:01:38.340+0000] {dagbag.py:537} INFO - Filling up the DagBag from /home/airflow/.local/lib/python3.7/site-packages/airflow/example_dags/example_external_task_marker_dag.py
[2023-01-27T00:01:38.350+0000] {processor.py:766} INFO - DAG(s) dict_keys(['example_external_task_marker_parent', 'example_external_task_marker_child']) retrieved from /home/airflow/.local/lib/python3.7/site-packages/airflow/example_dags/example_external_task_marker_dag.py
[2023-01-27T00:01:38.493+0000] {logging_mixin.py:120} INFO - [2023-01-27T00:01:38.493+0000] {dag.py:2585} INFO - Sync 2 DAGs
[2023-01-27T00:01:38.510+0000] {logging_mixin.py:120} INFO - [2023-01-27T00:01:38.510+0000] {dag.py:3340} INFO - Setting next_dagrun for example_external_task_marker_child to None, run_after=None
[2023-01-27T00:01:38.513+0000] {logging_mixin.py:120} INFO - [2023-01-27T00:01:38.513+0000] {dag.py:3340} INFO - Setting next_dagrun for example_external_task_marker_parent to None, run_after=None
[2023-01-27T00:01:38.524+0000] {processor.py:176} INFO - Processing /home/airflow/.local/lib/python3.7/site-packages/airflow/example_dags/example_external_task_marker_dag.py took 0.186 seconds
[2023-01-27T00:02:08.578+0000] {processor.py:154} INFO - Started process (PID=2206) to work on /home/airflow/.local/lib/python3.7/site-packages/airflow/example_dags/example_external_task_marker_dag.py
[2023-01-27T00:02:08.579+0000] {processor.py:756} INFO - Processing file /home/airflow/.local/lib/python3.7/site-packages/airflow/example_dags/example_external_task_marker_dag.py for tasks to queue
[2023-01-27T00:02:08.579+0000] {logging_mixin.py:120} INFO - [2023-01-27T00:02:08.579+0000] {dagbag.py:537} INFO - Filling up the DagBag from /home/airflow/.local/lib/python3.7/site-packages/airflow/example_dags/example_external_task_marker_dag.py
[2023-01-27T00:02:08.588+0000] {processor.py:766} INFO - DAG(s) dict_keys(['example_external_task_marker_child', 'example_external_task_marker_parent']) retrieved from /home/airflow/.local/lib/python3.7/site-packages/airflow/example_dags/example_external_task_marker_dag.py
[2023-01-27T00:02:08.716+0000] {logging_mixin.py:120} INFO - [2023-01-27T00:02:08.716+0000] {dag.py:2585} INFO - Sync 2 DAGs
[2023-01-27T00:02:08.731+0000] {logging_mixin.py:120} INFO - [2023-01-27T00:02:08.731+0000] {dag.py:3340} INFO - Setting next_dagrun for example_external_task_marker_child to None, run_after=None
[2023-01-27T00:02:08.733+0000] {logging_mixin.py:120} INFO - [2023-01-27T00:02:08.733+0000] {dag.py:3340} INFO - Setting next_dagrun for example_external_task_marker_parent to None, run_after=None
[2023-01-27T00:02:08.745+0000] {processor.py:176} INFO - Processing /home/airflow/.local/lib/python3.7/site-packages/airflow/example_dags/example_external_task_marker_dag.py took 0.169 seconds
[2023-01-27T00:02:38.889+0000] {processor.py:154} INFO - Started process (PID=2276) to work on /home/airflow/.local/lib/python3.7/site-packages/airflow/example_dags/example_external_task_marker_dag.py
[2023-01-27T00:02:38.890+0000] {processor.py:756} INFO - Processing file /home/airflow/.local/lib/python3.7/site-packages/airflow/example_dags/example_external_task_marker_dag.py for tasks to queue
[2023-01-27T00:02:38.890+0000] {logging_mixin.py:120} INFO - [2023-01-27T00:02:38.890+0000] {dagbag.py:537} INFO - Filling up the DagBag from /home/airflow/.local/lib/python3.7/site-packages/airflow/example_dags/example_external_task_marker_dag.py
[2023-01-27T00:02:38.899+0000] {processor.py:766} INFO - DAG(s) dict_keys(['example_external_task_marker_child', 'example_external_task_marker_parent']) retrieved from /home/airflow/.local/lib/python3.7/site-packages/airflow/example_dags/example_external_task_marker_dag.py
[2023-01-27T00:02:39.038+0000] {logging_mixin.py:120} INFO - [2023-01-27T00:02:39.038+0000] {dag.py:2585} INFO - Sync 2 DAGs
[2023-01-27T00:02:39.056+0000] {logging_mixin.py:120} INFO - [2023-01-27T00:02:39.056+0000] {dag.py:3340} INFO - Setting next_dagrun for example_external_task_marker_child to None, run_after=None
[2023-01-27T00:02:39.058+0000] {logging_mixin.py:120} INFO - [2023-01-27T00:02:39.058+0000] {dag.py:3340} INFO - Setting next_dagrun for example_external_task_marker_parent to None, run_after=None
[2023-01-27T00:02:39.070+0000] {processor.py:176} INFO - Processing /home/airflow/.local/lib/python3.7/site-packages/airflow/example_dags/example_external_task_marker_dag.py took 0.182 seconds
[2023-01-27T00:03:09.289+0000] {processor.py:154} INFO - Started process (PID=2344) to work on /home/airflow/.local/lib/python3.7/site-packages/airflow/example_dags/example_external_task_marker_dag.py
[2023-01-27T00:03:09.290+0000] {processor.py:756} INFO - Processing file /home/airflow/.local/lib/python3.7/site-packages/airflow/example_dags/example_external_task_marker_dag.py for tasks to queue
[2023-01-27T00:03:09.290+0000] {logging_mixin.py:120} INFO - [2023-01-27T00:03:09.290+0000] {dagbag.py:537} INFO - Filling up the DagBag from /home/airflow/.local/lib/python3.7/site-packages/airflow/example_dags/example_external_task_marker_dag.py
[2023-01-27T00:03:09.300+0000] {processor.py:766} INFO - DAG(s) dict_keys(['example_external_task_marker_parent', 'example_external_task_marker_child']) retrieved from /home/airflow/.local/lib/python3.7/site-packages/airflow/example_dags/example_external_task_marker_dag.py
[2023-01-27T00:03:09.439+0000] {logging_mixin.py:120} INFO - [2023-01-27T00:03:09.439+0000] {dag.py:2585} INFO - Sync 2 DAGs
[2023-01-27T00:03:09.456+0000] {logging_mixin.py:120} INFO - [2023-01-27T00:03:09.456+0000] {dag.py:3340} INFO - Setting next_dagrun for example_external_task_marker_child to None, run_after=None
[2023-01-27T00:03:09.459+0000] {logging_mixin.py:120} INFO - [2023-01-27T00:03:09.458+0000] {dag.py:3340} INFO - Setting next_dagrun for example_external_task_marker_parent to None, run_after=None
[2023-01-27T00:03:09.469+0000] {processor.py:176} INFO - Processing /home/airflow/.local/lib/python3.7/site-packages/airflow/example_dags/example_external_task_marker_dag.py took 0.181 seconds
[2023-01-27T00:03:39.563+0000] {processor.py:154} INFO - Started process (PID=2399) to work on /home/airflow/.local/lib/python3.7/site-packages/airflow/example_dags/example_external_task_marker_dag.py
[2023-01-27T00:03:39.564+0000] {processor.py:756} INFO - Processing file /home/airflow/.local/lib/python3.7/site-packages/airflow/example_dags/example_external_task_marker_dag.py for tasks to queue
[2023-01-27T00:03:39.564+0000] {logging_mixin.py:120} INFO - [2023-01-27T00:03:39.564+0000] {dagbag.py:537} INFO - Filling up the DagBag from /home/airflow/.local/lib/python3.7/site-packages/airflow/example_dags/example_external_task_marker_dag.py
[2023-01-27T00:03:39.573+0000] {processor.py:766} INFO - DAG(s) dict_keys(['example_external_task_marker_child', 'example_external_task_marker_parent']) retrieved from /home/airflow/.local/lib/python3.7/site-packages/airflow/example_dags/example_external_task_marker_dag.py
[2023-01-27T00:03:39.729+0000] {logging_mixin.py:120} INFO - [2023-01-27T00:03:39.729+0000] {dag.py:2585} INFO - Sync 2 DAGs
[2023-01-27T00:03:39.747+0000] {logging_mixin.py:120} INFO - [2023-01-27T00:03:39.747+0000] {dag.py:3340} INFO - Setting next_dagrun for example_external_task_marker_child to None, run_after=None
[2023-01-27T00:03:39.749+0000] {logging_mixin.py:120} INFO - [2023-01-27T00:03:39.749+0000] {dag.py:3340} INFO - Setting next_dagrun for example_external_task_marker_parent to None, run_after=None
[2023-01-27T00:03:39.760+0000] {processor.py:176} INFO - Processing /home/airflow/.local/lib/python3.7/site-packages/airflow/example_dags/example_external_task_marker_dag.py took 0.199 seconds
[2023-01-27T00:04:10.598+0000] {processor.py:154} INFO - Started process (PID=2467) to work on /home/airflow/.local/lib/python3.7/site-packages/airflow/example_dags/example_external_task_marker_dag.py
[2023-01-27T00:04:10.601+0000] {processor.py:756} INFO - Processing file /home/airflow/.local/lib/python3.7/site-packages/airflow/example_dags/example_external_task_marker_dag.py for tasks to queue
[2023-01-27T00:04:10.601+0000] {logging_mixin.py:120} INFO - [2023-01-27T00:04:10.601+0000] {dagbag.py:537} INFO - Filling up the DagBag from /home/airflow/.local/lib/python3.7/site-packages/airflow/example_dags/example_external_task_marker_dag.py
[2023-01-27T00:04:10.614+0000] {processor.py:766} INFO - DAG(s) dict_keys(['example_external_task_marker_parent', 'example_external_task_marker_child']) retrieved from /home/airflow/.local/lib/python3.7/site-packages/airflow/example_dags/example_external_task_marker_dag.py
[2023-01-27T00:04:10.756+0000] {logging_mixin.py:120} INFO - [2023-01-27T00:04:10.756+0000] {dag.py:2585} INFO - Sync 2 DAGs
[2023-01-27T00:04:10.772+0000] {logging_mixin.py:120} INFO - [2023-01-27T00:04:10.772+0000] {dag.py:3340} INFO - Setting next_dagrun for example_external_task_marker_child to None, run_after=None
[2023-01-27T00:04:10.774+0000] {logging_mixin.py:120} INFO - [2023-01-27T00:04:10.774+0000] {dag.py:3340} INFO - Setting next_dagrun for example_external_task_marker_parent to None, run_after=None
[2023-01-27T00:04:10.786+0000] {processor.py:176} INFO - Processing /home/airflow/.local/lib/python3.7/site-packages/airflow/example_dags/example_external_task_marker_dag.py took 0.192 seconds
[2023-01-27T00:04:41.125+0000] {processor.py:154} INFO - Started process (PID=2535) to work on /home/airflow/.local/lib/python3.7/site-packages/airflow/example_dags/example_external_task_marker_dag.py
[2023-01-27T00:04:41.128+0000] {processor.py:756} INFO - Processing file /home/airflow/.local/lib/python3.7/site-packages/airflow/example_dags/example_external_task_marker_dag.py for tasks to queue
[2023-01-27T00:04:41.128+0000] {logging_mixin.py:120} INFO - [2023-01-27T00:04:41.128+0000] {dagbag.py:537} INFO - Filling up the DagBag from /home/airflow/.local/lib/python3.7/site-packages/airflow/example_dags/example_external_task_marker_dag.py
[2023-01-27T00:04:41.139+0000] {processor.py:766} INFO - DAG(s) dict_keys(['example_external_task_marker_child', 'example_external_task_marker_parent']) retrieved from /home/airflow/.local/lib/python3.7/site-packages/airflow/example_dags/example_external_task_marker_dag.py
[2023-01-27T00:04:41.275+0000] {logging_mixin.py:120} INFO - [2023-01-27T00:04:41.275+0000] {dag.py:2585} INFO - Sync 2 DAGs
[2023-01-27T00:04:41.290+0000] {logging_mixin.py:120} INFO - [2023-01-27T00:04:41.290+0000] {dag.py:3340} INFO - Setting next_dagrun for example_external_task_marker_child to None, run_after=None
[2023-01-27T00:04:41.293+0000] {logging_mixin.py:120} INFO - [2023-01-27T00:04:41.292+0000] {dag.py:3340} INFO - Setting next_dagrun for example_external_task_marker_parent to None, run_after=None
[2023-01-27T00:04:41.303+0000] {processor.py:176} INFO - Processing /home/airflow/.local/lib/python3.7/site-packages/airflow/example_dags/example_external_task_marker_dag.py took 0.180 seconds
[2023-01-27T00:05:11.510+0000] {processor.py:154} INFO - Started process (PID=2603) to work on /home/airflow/.local/lib/python3.7/site-packages/airflow/example_dags/example_external_task_marker_dag.py
[2023-01-27T00:05:11.512+0000] {processor.py:756} INFO - Processing file /home/airflow/.local/lib/python3.7/site-packages/airflow/example_dags/example_external_task_marker_dag.py for tasks to queue
[2023-01-27T00:05:11.513+0000] {logging_mixin.py:120} INFO - [2023-01-27T00:05:11.513+0000] {dagbag.py:537} INFO - Filling up the DagBag from /home/airflow/.local/lib/python3.7/site-packages/airflow/example_dags/example_external_task_marker_dag.py
[2023-01-27T00:05:11.524+0000] {processor.py:766} INFO - DAG(s) dict_keys(['example_external_task_marker_child', 'example_external_task_marker_parent']) retrieved from /home/airflow/.local/lib/python3.7/site-packages/airflow/example_dags/example_external_task_marker_dag.py
[2023-01-27T00:05:11.687+0000] {logging_mixin.py:120} INFO - [2023-01-27T00:05:11.687+0000] {dag.py:2585} INFO - Sync 2 DAGs
[2023-01-27T00:05:11.704+0000] {logging_mixin.py:120} INFO - [2023-01-27T00:05:11.704+0000] {dag.py:3340} INFO - Setting next_dagrun for example_external_task_marker_child to None, run_after=None
[2023-01-27T00:05:11.706+0000] {logging_mixin.py:120} INFO - [2023-01-27T00:05:11.706+0000] {dag.py:3340} INFO - Setting next_dagrun for example_external_task_marker_parent to None, run_after=None
[2023-01-27T00:05:11.719+0000] {processor.py:176} INFO - Processing /home/airflow/.local/lib/python3.7/site-packages/airflow/example_dags/example_external_task_marker_dag.py took 0.212 seconds
[2023-01-27T00:05:41.891+0000] {processor.py:154} INFO - Started process (PID=2669) to work on /home/airflow/.local/lib/python3.7/site-packages/airflow/example_dags/example_external_task_marker_dag.py
[2023-01-27T00:05:41.893+0000] {processor.py:756} INFO - Processing file /home/airflow/.local/lib/python3.7/site-packages/airflow/example_dags/example_external_task_marker_dag.py for tasks to queue
[2023-01-27T00:05:41.894+0000] {logging_mixin.py:120} INFO - [2023-01-27T00:05:41.894+0000] {dagbag.py:537} INFO - Filling up the DagBag from /home/airflow/.local/lib/python3.7/site-packages/airflow/example_dags/example_external_task_marker_dag.py
[2023-01-27T00:05:41.905+0000] {processor.py:766} INFO - DAG(s) dict_keys(['example_external_task_marker_child', 'example_external_task_marker_parent']) retrieved from /home/airflow/.local/lib/python3.7/site-packages/airflow/example_dags/example_external_task_marker_dag.py
[2023-01-27T00:05:42.174+0000] {logging_mixin.py:120} INFO - [2023-01-27T00:05:42.173+0000] {dag.py:2585} INFO - Sync 2 DAGs
[2023-01-27T00:05:42.210+0000] {logging_mixin.py:120} INFO - [2023-01-27T00:05:42.209+0000] {dag.py:3340} INFO - Setting next_dagrun for example_external_task_marker_child to None, run_after=None
[2023-01-27T00:05:42.214+0000] {logging_mixin.py:120} INFO - [2023-01-27T00:05:42.214+0000] {dag.py:3340} INFO - Setting next_dagrun for example_external_task_marker_parent to None, run_after=None
[2023-01-27T00:05:42.234+0000] {processor.py:176} INFO - Processing /home/airflow/.local/lib/python3.7/site-packages/airflow/example_dags/example_external_task_marker_dag.py took 0.345 seconds
[2023-01-27T00:06:12.330+0000] {processor.py:154} INFO - Started process (PID=2734) to work on /home/airflow/.local/lib/python3.7/site-packages/airflow/example_dags/example_external_task_marker_dag.py
[2023-01-27T00:06:12.331+0000] {processor.py:756} INFO - Processing file /home/airflow/.local/lib/python3.7/site-packages/airflow/example_dags/example_external_task_marker_dag.py for tasks to queue
[2023-01-27T00:06:12.332+0000] {logging_mixin.py:120} INFO - [2023-01-27T00:06:12.332+0000] {dagbag.py:537} INFO - Filling up the DagBag from /home/airflow/.local/lib/python3.7/site-packages/airflow/example_dags/example_external_task_marker_dag.py
[2023-01-27T00:06:12.340+0000] {processor.py:766} INFO - DAG(s) dict_keys(['example_external_task_marker_parent', 'example_external_task_marker_child']) retrieved from /home/airflow/.local/lib/python3.7/site-packages/airflow/example_dags/example_external_task_marker_dag.py
[2023-01-27T00:06:12.472+0000] {logging_mixin.py:120} INFO - [2023-01-27T00:06:12.472+0000] {dag.py:2585} INFO - Sync 2 DAGs
[2023-01-27T00:06:12.487+0000] {logging_mixin.py:120} INFO - [2023-01-27T00:06:12.487+0000] {dag.py:3340} INFO - Setting next_dagrun for example_external_task_marker_child to None, run_after=None
[2023-01-27T00:06:12.489+0000] {logging_mixin.py:120} INFO - [2023-01-27T00:06:12.489+0000] {dag.py:3340} INFO - Setting next_dagrun for example_external_task_marker_parent to None, run_after=None
[2023-01-27T00:06:12.502+0000] {processor.py:176} INFO - Processing /home/airflow/.local/lib/python3.7/site-packages/airflow/example_dags/example_external_task_marker_dag.py took 0.174 seconds
[2023-01-27T00:06:42.575+0000] {processor.py:154} INFO - Started process (PID=2799) to work on /home/airflow/.local/lib/python3.7/site-packages/airflow/example_dags/example_external_task_marker_dag.py
[2023-01-27T00:06:42.576+0000] {processor.py:756} INFO - Processing file /home/airflow/.local/lib/python3.7/site-packages/airflow/example_dags/example_external_task_marker_dag.py for tasks to queue
[2023-01-27T00:06:42.577+0000] {logging_mixin.py:120} INFO - [2023-01-27T00:06:42.577+0000] {dagbag.py:537} INFO - Filling up the DagBag from /home/airflow/.local/lib/python3.7/site-packages/airflow/example_dags/example_external_task_marker_dag.py
[2023-01-27T00:06:42.588+0000] {processor.py:766} INFO - DAG(s) dict_keys(['example_external_task_marker_child', 'example_external_task_marker_parent']) retrieved from /home/airflow/.local/lib/python3.7/site-packages/airflow/example_dags/example_external_task_marker_dag.py
[2023-01-27T00:06:42.729+0000] {logging_mixin.py:120} INFO - [2023-01-27T00:06:42.729+0000] {dag.py:2585} INFO - Sync 2 DAGs
[2023-01-27T00:06:42.746+0000] {logging_mixin.py:120} INFO - [2023-01-27T00:06:42.746+0000] {dag.py:3340} INFO - Setting next_dagrun for example_external_task_marker_child to None, run_after=None
[2023-01-27T00:06:42.748+0000] {logging_mixin.py:120} INFO - [2023-01-27T00:06:42.748+0000] {dag.py:3340} INFO - Setting next_dagrun for example_external_task_marker_parent to None, run_after=None
[2023-01-27T00:06:42.759+0000] {processor.py:176} INFO - Processing /home/airflow/.local/lib/python3.7/site-packages/airflow/example_dags/example_external_task_marker_dag.py took 0.187 seconds
[2023-01-27T00:07:12.778+0000] {processor.py:154} INFO - Started process (PID=2868) to work on /home/airflow/.local/lib/python3.7/site-packages/airflow/example_dags/example_external_task_marker_dag.py
[2023-01-27T00:07:12.779+0000] {processor.py:756} INFO - Processing file /home/airflow/.local/lib/python3.7/site-packages/airflow/example_dags/example_external_task_marker_dag.py for tasks to queue
[2023-01-27T00:07:12.779+0000] {logging_mixin.py:120} INFO - [2023-01-27T00:07:12.779+0000] {dagbag.py:537} INFO - Filling up the DagBag from /home/airflow/.local/lib/python3.7/site-packages/airflow/example_dags/example_external_task_marker_dag.py
[2023-01-27T00:07:12.787+0000] {processor.py:766} INFO - DAG(s) dict_keys(['example_external_task_marker_child', 'example_external_task_marker_parent']) retrieved from /home/airflow/.local/lib/python3.7/site-packages/airflow/example_dags/example_external_task_marker_dag.py
[2023-01-27T00:07:12.925+0000] {logging_mixin.py:120} INFO - [2023-01-27T00:07:12.925+0000] {dag.py:2585} INFO - Sync 2 DAGs
[2023-01-27T00:07:12.941+0000] {logging_mixin.py:120} INFO - [2023-01-27T00:07:12.941+0000] {dag.py:3340} INFO - Setting next_dagrun for example_external_task_marker_child to None, run_after=None
[2023-01-27T00:07:12.943+0000] {logging_mixin.py:120} INFO - [2023-01-27T00:07:12.943+0000] {dag.py:3340} INFO - Setting next_dagrun for example_external_task_marker_parent to None, run_after=None
[2023-01-27T00:07:12.954+0000] {processor.py:176} INFO - Processing /home/airflow/.local/lib/python3.7/site-packages/airflow/example_dags/example_external_task_marker_dag.py took 0.178 seconds
[2023-01-27T00:07:42.997+0000] {processor.py:154} INFO - Started process (PID=2938) to work on /home/airflow/.local/lib/python3.7/site-packages/airflow/example_dags/example_external_task_marker_dag.py
[2023-01-27T00:07:42.998+0000] {processor.py:756} INFO - Processing file /home/airflow/.local/lib/python3.7/site-packages/airflow/example_dags/example_external_task_marker_dag.py for tasks to queue
[2023-01-27T00:07:42.998+0000] {logging_mixin.py:120} INFO - [2023-01-27T00:07:42.998+0000] {dagbag.py:537} INFO - Filling up the DagBag from /home/airflow/.local/lib/python3.7/site-packages/airflow/example_dags/example_external_task_marker_dag.py
[2023-01-27T00:07:43.007+0000] {processor.py:766} INFO - DAG(s) dict_keys(['example_external_task_marker_child', 'example_external_task_marker_parent']) retrieved from /home/airflow/.local/lib/python3.7/site-packages/airflow/example_dags/example_external_task_marker_dag.py
[2023-01-27T00:07:43.144+0000] {logging_mixin.py:120} INFO - [2023-01-27T00:07:43.144+0000] {dag.py:2585} INFO - Sync 2 DAGs
[2023-01-27T00:07:43.160+0000] {logging_mixin.py:120} INFO - [2023-01-27T00:07:43.160+0000] {dag.py:3340} INFO - Setting next_dagrun for example_external_task_marker_child to None, run_after=None
[2023-01-27T00:07:43.162+0000] {logging_mixin.py:120} INFO - [2023-01-27T00:07:43.162+0000] {dag.py:3340} INFO - Setting next_dagrun for example_external_task_marker_parent to None, run_after=None
[2023-01-27T00:07:43.175+0000] {processor.py:176} INFO - Processing /home/airflow/.local/lib/python3.7/site-packages/airflow/example_dags/example_external_task_marker_dag.py took 0.180 seconds
[2023-01-27T00:08:13.210+0000] {processor.py:154} INFO - Started process (PID=2996) to work on /home/airflow/.local/lib/python3.7/site-packages/airflow/example_dags/example_external_task_marker_dag.py
[2023-01-27T00:08:13.211+0000] {processor.py:756} INFO - Processing file /home/airflow/.local/lib/python3.7/site-packages/airflow/example_dags/example_external_task_marker_dag.py for tasks to queue
[2023-01-27T00:08:13.211+0000] {logging_mixin.py:120} INFO - [2023-01-27T00:08:13.211+0000] {dagbag.py:537} INFO - Filling up the DagBag from /home/airflow/.local/lib/python3.7/site-packages/airflow/example_dags/example_external_task_marker_dag.py
[2023-01-27T00:08:13.219+0000] {processor.py:766} INFO - DAG(s) dict_keys(['example_external_task_marker_child', 'example_external_task_marker_parent']) retrieved from /home/airflow/.local/lib/python3.7/site-packages/airflow/example_dags/example_external_task_marker_dag.py
[2023-01-27T00:08:13.351+0000] {logging_mixin.py:120} INFO - [2023-01-27T00:08:13.351+0000] {dag.py:2585} INFO - Sync 2 DAGs
[2023-01-27T00:08:13.367+0000] {logging_mixin.py:120} INFO - [2023-01-27T00:08:13.367+0000] {dag.py:3340} INFO - Setting next_dagrun for example_external_task_marker_child to None, run_after=None
[2023-01-27T00:08:13.369+0000] {logging_mixin.py:120} INFO - [2023-01-27T00:08:13.369+0000] {dag.py:3340} INFO - Setting next_dagrun for example_external_task_marker_parent to None, run_after=None
[2023-01-27T00:08:13.382+0000] {processor.py:176} INFO - Processing /home/airflow/.local/lib/python3.7/site-packages/airflow/example_dags/example_external_task_marker_dag.py took 0.174 seconds
[2023-01-27T00:08:44.381+0000] {processor.py:154} INFO - Started process (PID=3064) to work on /home/airflow/.local/lib/python3.7/site-packages/airflow/example_dags/example_external_task_marker_dag.py
[2023-01-27T00:08:44.383+0000] {processor.py:756} INFO - Processing file /home/airflow/.local/lib/python3.7/site-packages/airflow/example_dags/example_external_task_marker_dag.py for tasks to queue
[2023-01-27T00:08:44.384+0000] {logging_mixin.py:120} INFO - [2023-01-27T00:08:44.384+0000] {dagbag.py:537} INFO - Filling up the DagBag from /home/airflow/.local/lib/python3.7/site-packages/airflow/example_dags/example_external_task_marker_dag.py
[2023-01-27T00:08:44.396+0000] {processor.py:766} INFO - DAG(s) dict_keys(['example_external_task_marker_parent', 'example_external_task_marker_child']) retrieved from /home/airflow/.local/lib/python3.7/site-packages/airflow/example_dags/example_external_task_marker_dag.py
[2023-01-27T00:08:44.528+0000] {logging_mixin.py:120} INFO - [2023-01-27T00:08:44.528+0000] {dag.py:2585} INFO - Sync 2 DAGs
[2023-01-27T00:08:44.544+0000] {logging_mixin.py:120} INFO - [2023-01-27T00:08:44.544+0000] {dag.py:3340} INFO - Setting next_dagrun for example_external_task_marker_child to None, run_after=None
[2023-01-27T00:08:44.546+0000] {logging_mixin.py:120} INFO - [2023-01-27T00:08:44.546+0000] {dag.py:3340} INFO - Setting next_dagrun for example_external_task_marker_parent to None, run_after=None
[2023-01-27T00:08:44.560+0000] {processor.py:176} INFO - Processing /home/airflow/.local/lib/python3.7/site-packages/airflow/example_dags/example_external_task_marker_dag.py took 0.184 seconds
[2023-01-27T00:09:14.723+0000] {processor.py:154} INFO - Started process (PID=3131) to work on /home/airflow/.local/lib/python3.7/site-packages/airflow/example_dags/example_external_task_marker_dag.py
[2023-01-27T00:09:14.725+0000] {processor.py:756} INFO - Processing file /home/airflow/.local/lib/python3.7/site-packages/airflow/example_dags/example_external_task_marker_dag.py for tasks to queue
[2023-01-27T00:09:14.726+0000] {logging_mixin.py:120} INFO - [2023-01-27T00:09:14.725+0000] {dagbag.py:537} INFO - Filling up the DagBag from /home/airflow/.local/lib/python3.7/site-packages/airflow/example_dags/example_external_task_marker_dag.py
[2023-01-27T00:09:14.736+0000] {processor.py:766} INFO - DAG(s) dict_keys(['example_external_task_marker_parent', 'example_external_task_marker_child']) retrieved from /home/airflow/.local/lib/python3.7/site-packages/airflow/example_dags/example_external_task_marker_dag.py
[2023-01-27T00:09:14.868+0000] {logging_mixin.py:120} INFO - [2023-01-27T00:09:14.868+0000] {dag.py:2585} INFO - Sync 2 DAGs
[2023-01-27T00:09:14.885+0000] {logging_mixin.py:120} INFO - [2023-01-27T00:09:14.884+0000] {dag.py:3340} INFO - Setting next_dagrun for example_external_task_marker_child to None, run_after=None
[2023-01-27T00:09:14.887+0000] {logging_mixin.py:120} INFO - [2023-01-27T00:09:14.887+0000] {dag.py:3340} INFO - Setting next_dagrun for example_external_task_marker_parent to None, run_after=None
[2023-01-27T00:09:14.897+0000] {processor.py:176} INFO - Processing /home/airflow/.local/lib/python3.7/site-packages/airflow/example_dags/example_external_task_marker_dag.py took 0.177 seconds
[2023-01-27T00:09:45.233+0000] {processor.py:154} INFO - Started process (PID=3200) to work on /home/airflow/.local/lib/python3.7/site-packages/airflow/example_dags/example_external_task_marker_dag.py
[2023-01-27T00:09:45.236+0000] {processor.py:756} INFO - Processing file /home/airflow/.local/lib/python3.7/site-packages/airflow/example_dags/example_external_task_marker_dag.py for tasks to queue
[2023-01-27T00:09:45.236+0000] {logging_mixin.py:120} INFO - [2023-01-27T00:09:45.236+0000] {dagbag.py:537} INFO - Filling up the DagBag from /home/airflow/.local/lib/python3.7/site-packages/airflow/example_dags/example_external_task_marker_dag.py
[2023-01-27T00:09:45.246+0000] {processor.py:766} INFO - DAG(s) dict_keys(['example_external_task_marker_parent', 'example_external_task_marker_child']) retrieved from /home/airflow/.local/lib/python3.7/site-packages/airflow/example_dags/example_external_task_marker_dag.py
[2023-01-27T00:09:45.388+0000] {logging_mixin.py:120} INFO - [2023-01-27T00:09:45.388+0000] {dag.py:2585} INFO - Sync 2 DAGs
[2023-01-27T00:09:45.405+0000] {logging_mixin.py:120} INFO - [2023-01-27T00:09:45.405+0000] {dag.py:3340} INFO - Setting next_dagrun for example_external_task_marker_child to None, run_after=None
[2023-01-27T00:09:45.407+0000] {logging_mixin.py:120} INFO - [2023-01-27T00:09:45.407+0000] {dag.py:3340} INFO - Setting next_dagrun for example_external_task_marker_parent to None, run_after=None
[2023-01-27T00:09:45.420+0000] {processor.py:176} INFO - Processing /home/airflow/.local/lib/python3.7/site-packages/airflow/example_dags/example_external_task_marker_dag.py took 0.189 seconds
[2023-01-27T00:10:15.449+0000] {processor.py:154} INFO - Started process (PID=3266) to work on /home/airflow/.local/lib/python3.7/site-packages/airflow/example_dags/example_external_task_marker_dag.py
[2023-01-27T00:10:15.451+0000] {processor.py:756} INFO - Processing file /home/airflow/.local/lib/python3.7/site-packages/airflow/example_dags/example_external_task_marker_dag.py for tasks to queue
[2023-01-27T00:10:15.452+0000] {logging_mixin.py:120} INFO - [2023-01-27T00:10:15.452+0000] {dagbag.py:537} INFO - Filling up the DagBag from /home/airflow/.local/lib/python3.7/site-packages/airflow/example_dags/example_external_task_marker_dag.py
[2023-01-27T00:10:15.461+0000] {processor.py:766} INFO - DAG(s) dict_keys(['example_external_task_marker_parent', 'example_external_task_marker_child']) retrieved from /home/airflow/.local/lib/python3.7/site-packages/airflow/example_dags/example_external_task_marker_dag.py
[2023-01-27T00:10:15.603+0000] {logging_mixin.py:120} INFO - [2023-01-27T00:10:15.602+0000] {dag.py:2585} INFO - Sync 2 DAGs
[2023-01-27T00:10:15.620+0000] {logging_mixin.py:120} INFO - [2023-01-27T00:10:15.620+0000] {dag.py:3340} INFO - Setting next_dagrun for example_external_task_marker_child to None, run_after=None
[2023-01-27T00:10:15.622+0000] {logging_mixin.py:120} INFO - [2023-01-27T00:10:15.622+0000] {dag.py:3340} INFO - Setting next_dagrun for example_external_task_marker_parent to None, run_after=None
[2023-01-27T00:10:15.636+0000] {processor.py:176} INFO - Processing /home/airflow/.local/lib/python3.7/site-packages/airflow/example_dags/example_external_task_marker_dag.py took 0.189 seconds
[2023-01-27T00:10:45.888+0000] {processor.py:154} INFO - Started process (PID=3327) to work on /home/airflow/.local/lib/python3.7/site-packages/airflow/example_dags/example_external_task_marker_dag.py
[2023-01-27T00:10:45.890+0000] {processor.py:756} INFO - Processing file /home/airflow/.local/lib/python3.7/site-packages/airflow/example_dags/example_external_task_marker_dag.py for tasks to queue
[2023-01-27T00:10:45.891+0000] {logging_mixin.py:120} INFO - [2023-01-27T00:10:45.891+0000] {dagbag.py:537} INFO - Filling up the DagBag from /home/airflow/.local/lib/python3.7/site-packages/airflow/example_dags/example_external_task_marker_dag.py
[2023-01-27T00:10:45.904+0000] {processor.py:766} INFO - DAG(s) dict_keys(['example_external_task_marker_child', 'example_external_task_marker_parent']) retrieved from /home/airflow/.local/lib/python3.7/site-packages/airflow/example_dags/example_external_task_marker_dag.py
[2023-01-27T00:10:46.035+0000] {logging_mixin.py:120} INFO - [2023-01-27T00:10:46.035+0000] {dag.py:2585} INFO - Sync 2 DAGs
[2023-01-27T00:10:46.050+0000] {logging_mixin.py:120} INFO - [2023-01-27T00:10:46.050+0000] {dag.py:3340} INFO - Setting next_dagrun for example_external_task_marker_child to None, run_after=None
[2023-01-27T00:10:46.052+0000] {logging_mixin.py:120} INFO - [2023-01-27T00:10:46.052+0000] {dag.py:3340} INFO - Setting next_dagrun for example_external_task_marker_parent to None, run_after=None
[2023-01-27T00:10:46.066+0000] {processor.py:176} INFO - Processing /home/airflow/.local/lib/python3.7/site-packages/airflow/example_dags/example_external_task_marker_dag.py took 0.183 seconds
[2023-01-27T00:11:16.223+0000] {processor.py:154} INFO - Started process (PID=3395) to work on /home/airflow/.local/lib/python3.7/site-packages/airflow/example_dags/example_external_task_marker_dag.py
[2023-01-27T00:11:16.225+0000] {processor.py:756} INFO - Processing file /home/airflow/.local/lib/python3.7/site-packages/airflow/example_dags/example_external_task_marker_dag.py for tasks to queue
[2023-01-27T00:11:16.226+0000] {logging_mixin.py:120} INFO - [2023-01-27T00:11:16.226+0000] {dagbag.py:537} INFO - Filling up the DagBag from /home/airflow/.local/lib/python3.7/site-packages/airflow/example_dags/example_external_task_marker_dag.py
[2023-01-27T00:11:16.237+0000] {processor.py:766} INFO - DAG(s) dict_keys(['example_external_task_marker_parent', 'example_external_task_marker_child']) retrieved from /home/airflow/.local/lib/python3.7/site-packages/airflow/example_dags/example_external_task_marker_dag.py
[2023-01-27T00:11:16.369+0000] {logging_mixin.py:120} INFO - [2023-01-27T00:11:16.368+0000] {dag.py:2585} INFO - Sync 2 DAGs
[2023-01-27T00:11:16.385+0000] {logging_mixin.py:120} INFO - [2023-01-27T00:11:16.384+0000] {dag.py:3340} INFO - Setting next_dagrun for example_external_task_marker_child to None, run_after=None
[2023-01-27T00:11:16.387+0000] {logging_mixin.py:120} INFO - [2023-01-27T00:11:16.387+0000] {dag.py:3340} INFO - Setting next_dagrun for example_external_task_marker_parent to None, run_after=None
[2023-01-27T00:11:16.400+0000] {processor.py:176} INFO - Processing /home/airflow/.local/lib/python3.7/site-packages/airflow/example_dags/example_external_task_marker_dag.py took 0.180 seconds
[2023-01-27T00:11:46.555+0000] {processor.py:154} INFO - Started process (PID=3463) to work on /home/airflow/.local/lib/python3.7/site-packages/airflow/example_dags/example_external_task_marker_dag.py
[2023-01-27T00:11:46.558+0000] {processor.py:756} INFO - Processing file /home/airflow/.local/lib/python3.7/site-packages/airflow/example_dags/example_external_task_marker_dag.py for tasks to queue
[2023-01-27T00:11:46.558+0000] {logging_mixin.py:120} INFO - [2023-01-27T00:11:46.558+0000] {dagbag.py:537} INFO - Filling up the DagBag from /home/airflow/.local/lib/python3.7/site-packages/airflow/example_dags/example_external_task_marker_dag.py
[2023-01-27T00:11:46.566+0000] {processor.py:766} INFO - DAG(s) dict_keys(['example_external_task_marker_child', 'example_external_task_marker_parent']) retrieved from /home/airflow/.local/lib/python3.7/site-packages/airflow/example_dags/example_external_task_marker_dag.py
[2023-01-27T00:11:46.694+0000] {logging_mixin.py:120} INFO - [2023-01-27T00:11:46.693+0000] {dag.py:2585} INFO - Sync 2 DAGs
[2023-01-27T00:11:46.710+0000] {logging_mixin.py:120} INFO - [2023-01-27T00:11:46.710+0000] {dag.py:3340} INFO - Setting next_dagrun for example_external_task_marker_child to None, run_after=None
[2023-01-27T00:11:46.712+0000] {logging_mixin.py:120} INFO - [2023-01-27T00:11:46.712+0000] {dag.py:3340} INFO - Setting next_dagrun for example_external_task_marker_parent to None, run_after=None
[2023-01-27T00:11:46.727+0000] {processor.py:176} INFO - Processing /home/airflow/.local/lib/python3.7/site-packages/airflow/example_dags/example_external_task_marker_dag.py took 0.173 seconds
[2023-01-27T00:12:16.822+0000] {processor.py:154} INFO - Started process (PID=3531) to work on /home/airflow/.local/lib/python3.7/site-packages/airflow/example_dags/example_external_task_marker_dag.py
[2023-01-27T00:12:16.824+0000] {processor.py:756} INFO - Processing file /home/airflow/.local/lib/python3.7/site-packages/airflow/example_dags/example_external_task_marker_dag.py for tasks to queue
[2023-01-27T00:12:16.825+0000] {logging_mixin.py:120} INFO - [2023-01-27T00:12:16.825+0000] {dagbag.py:537} INFO - Filling up the DagBag from /home/airflow/.local/lib/python3.7/site-packages/airflow/example_dags/example_external_task_marker_dag.py
[2023-01-27T00:12:16.837+0000] {processor.py:766} INFO - DAG(s) dict_keys(['example_external_task_marker_parent', 'example_external_task_marker_child']) retrieved from /home/airflow/.local/lib/python3.7/site-packages/airflow/example_dags/example_external_task_marker_dag.py
[2023-01-27T00:12:16.974+0000] {logging_mixin.py:120} INFO - [2023-01-27T00:12:16.974+0000] {dag.py:2585} INFO - Sync 2 DAGs
[2023-01-27T00:12:16.991+0000] {logging_mixin.py:120} INFO - [2023-01-27T00:12:16.991+0000] {dag.py:3340} INFO - Setting next_dagrun for example_external_task_marker_child to None, run_after=None
[2023-01-27T00:12:16.993+0000] {logging_mixin.py:120} INFO - [2023-01-27T00:12:16.993+0000] {dag.py:3340} INFO - Setting next_dagrun for example_external_task_marker_parent to None, run_after=None
[2023-01-27T00:12:17.007+0000] {processor.py:176} INFO - Processing /home/airflow/.local/lib/python3.7/site-packages/airflow/example_dags/example_external_task_marker_dag.py took 0.189 seconds
[2023-01-27T00:12:47.273+0000] {processor.py:154} INFO - Started process (PID=3590) to work on /home/airflow/.local/lib/python3.7/site-packages/airflow/example_dags/example_external_task_marker_dag.py
[2023-01-27T00:12:47.274+0000] {processor.py:756} INFO - Processing file /home/airflow/.local/lib/python3.7/site-packages/airflow/example_dags/example_external_task_marker_dag.py for tasks to queue
[2023-01-27T00:12:47.275+0000] {logging_mixin.py:120} INFO - [2023-01-27T00:12:47.275+0000] {dagbag.py:537} INFO - Filling up the DagBag from /home/airflow/.local/lib/python3.7/site-packages/airflow/example_dags/example_external_task_marker_dag.py
[2023-01-27T00:12:47.286+0000] {processor.py:766} INFO - DAG(s) dict_keys(['example_external_task_marker_child', 'example_external_task_marker_parent']) retrieved from /home/airflow/.local/lib/python3.7/site-packages/airflow/example_dags/example_external_task_marker_dag.py
[2023-01-27T00:12:47.423+0000] {logging_mixin.py:120} INFO - [2023-01-27T00:12:47.423+0000] {dag.py:2585} INFO - Sync 2 DAGs
[2023-01-27T00:12:47.440+0000] {logging_mixin.py:120} INFO - [2023-01-27T00:12:47.440+0000] {dag.py:3340} INFO - Setting next_dagrun for example_external_task_marker_child to None, run_after=None
[2023-01-27T00:12:47.442+0000] {logging_mixin.py:120} INFO - [2023-01-27T00:12:47.442+0000] {dag.py:3340} INFO - Setting next_dagrun for example_external_task_marker_parent to None, run_after=None
[2023-01-27T00:12:47.455+0000] {processor.py:176} INFO - Processing /home/airflow/.local/lib/python3.7/site-packages/airflow/example_dags/example_external_task_marker_dag.py took 0.186 seconds
[2023-01-27T00:13:17.518+0000] {processor.py:154} INFO - Started process (PID=3657) to work on /home/airflow/.local/lib/python3.7/site-packages/airflow/example_dags/example_external_task_marker_dag.py
[2023-01-27T00:13:17.520+0000] {processor.py:756} INFO - Processing file /home/airflow/.local/lib/python3.7/site-packages/airflow/example_dags/example_external_task_marker_dag.py for tasks to queue
[2023-01-27T00:13:17.521+0000] {logging_mixin.py:120} INFO - [2023-01-27T00:13:17.521+0000] {dagbag.py:537} INFO - Filling up the DagBag from /home/airflow/.local/lib/python3.7/site-packages/airflow/example_dags/example_external_task_marker_dag.py
[2023-01-27T00:13:17.532+0000] {processor.py:766} INFO - DAG(s) dict_keys(['example_external_task_marker_parent', 'example_external_task_marker_child']) retrieved from /home/airflow/.local/lib/python3.7/site-packages/airflow/example_dags/example_external_task_marker_dag.py
[2023-01-27T00:13:17.668+0000] {logging_mixin.py:120} INFO - [2023-01-27T00:13:17.668+0000] {dag.py:2585} INFO - Sync 2 DAGs
[2023-01-27T00:13:17.685+0000] {logging_mixin.py:120} INFO - [2023-01-27T00:13:17.685+0000] {dag.py:3340} INFO - Setting next_dagrun for example_external_task_marker_child to None, run_after=None
[2023-01-27T00:13:17.687+0000] {logging_mixin.py:120} INFO - [2023-01-27T00:13:17.687+0000] {dag.py:3340} INFO - Setting next_dagrun for example_external_task_marker_parent to None, run_after=None
[2023-01-27T00:13:17.701+0000] {processor.py:176} INFO - Processing /home/airflow/.local/lib/python3.7/site-packages/airflow/example_dags/example_external_task_marker_dag.py took 0.189 seconds
[2023-01-27T00:13:47.730+0000] {processor.py:154} INFO - Started process (PID=3725) to work on /home/airflow/.local/lib/python3.7/site-packages/airflow/example_dags/example_external_task_marker_dag.py
[2023-01-27T00:13:47.732+0000] {processor.py:756} INFO - Processing file /home/airflow/.local/lib/python3.7/site-packages/airflow/example_dags/example_external_task_marker_dag.py for tasks to queue
[2023-01-27T00:13:47.732+0000] {logging_mixin.py:120} INFO - [2023-01-27T00:13:47.732+0000] {dagbag.py:537} INFO - Filling up the DagBag from /home/airflow/.local/lib/python3.7/site-packages/airflow/example_dags/example_external_task_marker_dag.py
[2023-01-27T00:13:47.741+0000] {processor.py:766} INFO - DAG(s) dict_keys(['example_external_task_marker_child', 'example_external_task_marker_parent']) retrieved from /home/airflow/.local/lib/python3.7/site-packages/airflow/example_dags/example_external_task_marker_dag.py
[2023-01-27T00:13:47.877+0000] {logging_mixin.py:120} INFO - [2023-01-27T00:13:47.877+0000] {dag.py:2585} INFO - Sync 2 DAGs
[2023-01-27T00:13:47.896+0000] {logging_mixin.py:120} INFO - [2023-01-27T00:13:47.896+0000] {dag.py:3340} INFO - Setting next_dagrun for example_external_task_marker_child to None, run_after=None
[2023-01-27T00:13:47.900+0000] {logging_mixin.py:120} INFO - [2023-01-27T00:13:47.900+0000] {dag.py:3340} INFO - Setting next_dagrun for example_external_task_marker_parent to None, run_after=None
[2023-01-27T00:13:47.917+0000] {processor.py:176} INFO - Processing /home/airflow/.local/lib/python3.7/site-packages/airflow/example_dags/example_external_task_marker_dag.py took 0.189 seconds
[2023-01-27T00:14:17.953+0000] {processor.py:154} INFO - Started process (PID=3793) to work on /home/airflow/.local/lib/python3.7/site-packages/airflow/example_dags/example_external_task_marker_dag.py
[2023-01-27T00:14:17.954+0000] {processor.py:756} INFO - Processing file /home/airflow/.local/lib/python3.7/site-packages/airflow/example_dags/example_external_task_marker_dag.py for tasks to queue
[2023-01-27T00:14:17.955+0000] {logging_mixin.py:120} INFO - [2023-01-27T00:14:17.954+0000] {dagbag.py:537} INFO - Filling up the DagBag from /home/airflow/.local/lib/python3.7/site-packages/airflow/example_dags/example_external_task_marker_dag.py
[2023-01-27T00:14:17.967+0000] {processor.py:766} INFO - DAG(s) dict_keys(['example_external_task_marker_child', 'example_external_task_marker_parent']) retrieved from /home/airflow/.local/lib/python3.7/site-packages/airflow/example_dags/example_external_task_marker_dag.py
[2023-01-27T00:14:18.103+0000] {logging_mixin.py:120} INFO - [2023-01-27T00:14:18.103+0000] {dag.py:2585} INFO - Sync 2 DAGs
[2023-01-27T00:14:18.119+0000] {logging_mixin.py:120} INFO - [2023-01-27T00:14:18.119+0000] {dag.py:3340} INFO - Setting next_dagrun for example_external_task_marker_child to None, run_after=None
[2023-01-27T00:14:18.121+0000] {logging_mixin.py:120} INFO - [2023-01-27T00:14:18.121+0000] {dag.py:3340} INFO - Setting next_dagrun for example_external_task_marker_parent to None, run_after=None
[2023-01-27T00:14:18.131+0000] {processor.py:176} INFO - Processing /home/airflow/.local/lib/python3.7/site-packages/airflow/example_dags/example_external_task_marker_dag.py took 0.182 seconds
[2023-01-27T00:14:49.118+0000] {processor.py:154} INFO - Started process (PID=3860) to work on /home/airflow/.local/lib/python3.7/site-packages/airflow/example_dags/example_external_task_marker_dag.py
[2023-01-27T00:14:49.120+0000] {processor.py:756} INFO - Processing file /home/airflow/.local/lib/python3.7/site-packages/airflow/example_dags/example_external_task_marker_dag.py for tasks to queue
[2023-01-27T00:14:49.121+0000] {logging_mixin.py:120} INFO - [2023-01-27T00:14:49.121+0000] {dagbag.py:537} INFO - Filling up the DagBag from /home/airflow/.local/lib/python3.7/site-packages/airflow/example_dags/example_external_task_marker_dag.py
[2023-01-27T00:14:49.129+0000] {processor.py:766} INFO - DAG(s) dict_keys(['example_external_task_marker_child', 'example_external_task_marker_parent']) retrieved from /home/airflow/.local/lib/python3.7/site-packages/airflow/example_dags/example_external_task_marker_dag.py
[2023-01-27T00:14:49.274+0000] {logging_mixin.py:120} INFO - [2023-01-27T00:14:49.273+0000] {dag.py:2585} INFO - Sync 2 DAGs
[2023-01-27T00:14:49.291+0000] {logging_mixin.py:120} INFO - [2023-01-27T00:14:49.291+0000] {dag.py:3340} INFO - Setting next_dagrun for example_external_task_marker_child to None, run_after=None
[2023-01-27T00:14:49.293+0000] {logging_mixin.py:120} INFO - [2023-01-27T00:14:49.293+0000] {dag.py:3340} INFO - Setting next_dagrun for example_external_task_marker_parent to None, run_after=None
[2023-01-27T00:14:49.308+0000] {processor.py:176} INFO - Processing /home/airflow/.local/lib/python3.7/site-packages/airflow/example_dags/example_external_task_marker_dag.py took 0.192 seconds
[2023-01-27T00:15:19.647+0000] {processor.py:154} INFO - Started process (PID=3920) to work on /home/airflow/.local/lib/python3.7/site-packages/airflow/example_dags/example_external_task_marker_dag.py
[2023-01-27T00:15:19.648+0000] {processor.py:756} INFO - Processing file /home/airflow/.local/lib/python3.7/site-packages/airflow/example_dags/example_external_task_marker_dag.py for tasks to queue
[2023-01-27T00:15:19.648+0000] {logging_mixin.py:120} INFO - [2023-01-27T00:15:19.648+0000] {dagbag.py:537} INFO - Filling up the DagBag from /home/airflow/.local/lib/python3.7/site-packages/airflow/example_dags/example_external_task_marker_dag.py
[2023-01-27T00:15:19.661+0000] {processor.py:766} INFO - DAG(s) dict_keys(['example_external_task_marker_child', 'example_external_task_marker_parent']) retrieved from /home/airflow/.local/lib/python3.7/site-packages/airflow/example_dags/example_external_task_marker_dag.py
[2023-01-27T00:15:19.793+0000] {logging_mixin.py:120} INFO - [2023-01-27T00:15:19.793+0000] {dag.py:2585} INFO - Sync 2 DAGs
[2023-01-27T00:15:19.809+0000] {logging_mixin.py:120} INFO - [2023-01-27T00:15:19.809+0000] {dag.py:3340} INFO - Setting next_dagrun for example_external_task_marker_child to None, run_after=None
[2023-01-27T00:15:19.812+0000] {logging_mixin.py:120} INFO - [2023-01-27T00:15:19.812+0000] {dag.py:3340} INFO - Setting next_dagrun for example_external_task_marker_parent to None, run_after=None
[2023-01-27T00:15:19.825+0000] {processor.py:176} INFO - Processing /home/airflow/.local/lib/python3.7/site-packages/airflow/example_dags/example_external_task_marker_dag.py took 0.181 seconds
[2023-01-27T00:15:49.915+0000] {processor.py:154} INFO - Started process (PID=3988) to work on /home/airflow/.local/lib/python3.7/site-packages/airflow/example_dags/example_external_task_marker_dag.py
[2023-01-27T00:15:49.915+0000] {processor.py:756} INFO - Processing file /home/airflow/.local/lib/python3.7/site-packages/airflow/example_dags/example_external_task_marker_dag.py for tasks to queue
[2023-01-27T00:15:49.915+0000] {logging_mixin.py:120} INFO - [2023-01-27T00:15:49.915+0000] {dagbag.py:537} INFO - Filling up the DagBag from /home/airflow/.local/lib/python3.7/site-packages/airflow/example_dags/example_external_task_marker_dag.py
[2023-01-27T00:15:49.927+0000] {processor.py:766} INFO - DAG(s) dict_keys(['example_external_task_marker_child', 'example_external_task_marker_parent']) retrieved from /home/airflow/.local/lib/python3.7/site-packages/airflow/example_dags/example_external_task_marker_dag.py
[2023-01-27T00:15:50.114+0000] {logging_mixin.py:120} INFO - [2023-01-27T00:15:50.114+0000] {dag.py:2585} INFO - Sync 2 DAGs
[2023-01-27T00:15:50.139+0000] {logging_mixin.py:120} INFO - [2023-01-27T00:15:50.139+0000] {dag.py:3340} INFO - Setting next_dagrun for example_external_task_marker_child to None, run_after=None
[2023-01-27T00:15:50.142+0000] {logging_mixin.py:120} INFO - [2023-01-27T00:15:50.142+0000] {dag.py:3340} INFO - Setting next_dagrun for example_external_task_marker_parent to None, run_after=None
[2023-01-27T00:15:50.156+0000] {processor.py:176} INFO - Processing /home/airflow/.local/lib/python3.7/site-packages/airflow/example_dags/example_external_task_marker_dag.py took 0.244 seconds
[2023-01-27T00:16:20.647+0000] {processor.py:154} INFO - Started process (PID=4056) to work on /home/airflow/.local/lib/python3.7/site-packages/airflow/example_dags/example_external_task_marker_dag.py
[2023-01-27T00:16:20.650+0000] {processor.py:756} INFO - Processing file /home/airflow/.local/lib/python3.7/site-packages/airflow/example_dags/example_external_task_marker_dag.py for tasks to queue
[2023-01-27T00:16:20.652+0000] {logging_mixin.py:120} INFO - [2023-01-27T00:16:20.651+0000] {dagbag.py:537} INFO - Filling up the DagBag from /home/airflow/.local/lib/python3.7/site-packages/airflow/example_dags/example_external_task_marker_dag.py
[2023-01-27T00:16:20.665+0000] {processor.py:766} INFO - DAG(s) dict_keys(['example_external_task_marker_parent', 'example_external_task_marker_child']) retrieved from /home/airflow/.local/lib/python3.7/site-packages/airflow/example_dags/example_external_task_marker_dag.py
[2023-01-27T00:16:20.793+0000] {logging_mixin.py:120} INFO - [2023-01-27T00:16:20.792+0000] {dag.py:2585} INFO - Sync 2 DAGs
[2023-01-27T00:16:20.808+0000] {logging_mixin.py:120} INFO - [2023-01-27T00:16:20.808+0000] {dag.py:3340} INFO - Setting next_dagrun for example_external_task_marker_child to None, run_after=None
[2023-01-27T00:16:20.810+0000] {logging_mixin.py:120} INFO - [2023-01-27T00:16:20.810+0000] {dag.py:3340} INFO - Setting next_dagrun for example_external_task_marker_parent to None, run_after=None
[2023-01-27T00:16:20.824+0000] {processor.py:176} INFO - Processing /home/airflow/.local/lib/python3.7/site-packages/airflow/example_dags/example_external_task_marker_dag.py took 0.182 seconds
[2023-01-27T00:16:51.548+0000] {processor.py:154} INFO - Started process (PID=4123) to work on /home/airflow/.local/lib/python3.7/site-packages/airflow/example_dags/example_external_task_marker_dag.py
[2023-01-27T00:16:51.549+0000] {processor.py:756} INFO - Processing file /home/airflow/.local/lib/python3.7/site-packages/airflow/example_dags/example_external_task_marker_dag.py for tasks to queue
[2023-01-27T00:16:51.549+0000] {logging_mixin.py:120} INFO - [2023-01-27T00:16:51.549+0000] {dagbag.py:537} INFO - Filling up the DagBag from /home/airflow/.local/lib/python3.7/site-packages/airflow/example_dags/example_external_task_marker_dag.py
[2023-01-27T00:16:51.557+0000] {processor.py:766} INFO - DAG(s) dict_keys(['example_external_task_marker_parent', 'example_external_task_marker_child']) retrieved from /home/airflow/.local/lib/python3.7/site-packages/airflow/example_dags/example_external_task_marker_dag.py
[2023-01-27T00:16:51.572+0000] {logging_mixin.py:120} INFO - [2023-01-27T00:16:51.572+0000] {dag.py:2585} INFO - Sync 2 DAGs
[2023-01-27T00:16:51.590+0000] {logging_mixin.py:120} INFO - [2023-01-27T00:16:51.589+0000] {dag.py:3340} INFO - Setting next_dagrun for example_external_task_marker_child to None, run_after=None
[2023-01-27T00:16:51.592+0000] {logging_mixin.py:120} INFO - [2023-01-27T00:16:51.592+0000] {dag.py:3340} INFO - Setting next_dagrun for example_external_task_marker_parent to None, run_after=None
[2023-01-27T00:16:51.602+0000] {processor.py:176} INFO - Processing /home/airflow/.local/lib/python3.7/site-packages/airflow/example_dags/example_external_task_marker_dag.py took 0.056 seconds
[2023-01-27T00:17:22.181+0000] {processor.py:154} INFO - Started process (PID=4191) to work on /home/airflow/.local/lib/python3.7/site-packages/airflow/example_dags/example_external_task_marker_dag.py
[2023-01-27T00:17:22.182+0000] {processor.py:756} INFO - Processing file /home/airflow/.local/lib/python3.7/site-packages/airflow/example_dags/example_external_task_marker_dag.py for tasks to queue
[2023-01-27T00:17:22.182+0000] {logging_mixin.py:120} INFO - [2023-01-27T00:17:22.182+0000] {dagbag.py:537} INFO - Filling up the DagBag from /home/airflow/.local/lib/python3.7/site-packages/airflow/example_dags/example_external_task_marker_dag.py
[2023-01-27T00:17:22.190+0000] {processor.py:766} INFO - DAG(s) dict_keys(['example_external_task_marker_child', 'example_external_task_marker_parent']) retrieved from /home/airflow/.local/lib/python3.7/site-packages/airflow/example_dags/example_external_task_marker_dag.py
[2023-01-27T00:17:22.351+0000] {logging_mixin.py:120} INFO - [2023-01-27T00:17:22.351+0000] {dag.py:2585} INFO - Sync 2 DAGs
[2023-01-27T00:17:22.368+0000] {logging_mixin.py:120} INFO - [2023-01-27T00:17:22.368+0000] {dag.py:3340} INFO - Setting next_dagrun for example_external_task_marker_child to None, run_after=None
[2023-01-27T00:17:22.371+0000] {logging_mixin.py:120} INFO - [2023-01-27T00:17:22.371+0000] {dag.py:3340} INFO - Setting next_dagrun for example_external_task_marker_parent to None, run_after=None
[2023-01-27T00:17:22.386+0000] {processor.py:176} INFO - Processing /home/airflow/.local/lib/python3.7/site-packages/airflow/example_dags/example_external_task_marker_dag.py took 0.207 seconds
[2023-01-27T00:17:52.522+0000] {processor.py:154} INFO - Started process (PID=4251) to work on /home/airflow/.local/lib/python3.7/site-packages/airflow/example_dags/example_external_task_marker_dag.py
[2023-01-27T00:17:52.525+0000] {processor.py:756} INFO - Processing file /home/airflow/.local/lib/python3.7/site-packages/airflow/example_dags/example_external_task_marker_dag.py for tasks to queue
[2023-01-27T00:17:52.526+0000] {logging_mixin.py:120} INFO - [2023-01-27T00:17:52.525+0000] {dagbag.py:537} INFO - Filling up the DagBag from /home/airflow/.local/lib/python3.7/site-packages/airflow/example_dags/example_external_task_marker_dag.py
[2023-01-27T00:17:52.538+0000] {processor.py:766} INFO - DAG(s) dict_keys(['example_external_task_marker_child', 'example_external_task_marker_parent']) retrieved from /home/airflow/.local/lib/python3.7/site-packages/airflow/example_dags/example_external_task_marker_dag.py
[2023-01-27T00:17:52.670+0000] {logging_mixin.py:120} INFO - [2023-01-27T00:17:52.670+0000] {dag.py:2585} INFO - Sync 2 DAGs
[2023-01-27T00:17:52.687+0000] {logging_mixin.py:120} INFO - [2023-01-27T00:17:52.687+0000] {dag.py:3340} INFO - Setting next_dagrun for example_external_task_marker_child to None, run_after=None
[2023-01-27T00:17:52.689+0000] {logging_mixin.py:120} INFO - [2023-01-27T00:17:52.689+0000] {dag.py:3340} INFO - Setting next_dagrun for example_external_task_marker_parent to None, run_after=None
[2023-01-27T00:17:52.700+0000] {processor.py:176} INFO - Processing /home/airflow/.local/lib/python3.7/site-packages/airflow/example_dags/example_external_task_marker_dag.py took 0.181 seconds
[2023-01-27T00:18:22.790+0000] {processor.py:154} INFO - Started process (PID=4320) to work on /home/airflow/.local/lib/python3.7/site-packages/airflow/example_dags/example_external_task_marker_dag.py
[2023-01-27T00:18:22.792+0000] {processor.py:756} INFO - Processing file /home/airflow/.local/lib/python3.7/site-packages/airflow/example_dags/example_external_task_marker_dag.py for tasks to queue
[2023-01-27T00:18:22.792+0000] {logging_mixin.py:120} INFO - [2023-01-27T00:18:22.792+0000] {dagbag.py:537} INFO - Filling up the DagBag from /home/airflow/.local/lib/python3.7/site-packages/airflow/example_dags/example_external_task_marker_dag.py
[2023-01-27T00:18:22.801+0000] {processor.py:766} INFO - DAG(s) dict_keys(['example_external_task_marker_child', 'example_external_task_marker_parent']) retrieved from /home/airflow/.local/lib/python3.7/site-packages/airflow/example_dags/example_external_task_marker_dag.py
[2023-01-27T00:18:22.936+0000] {logging_mixin.py:120} INFO - [2023-01-27T00:18:22.936+0000] {dag.py:2585} INFO - Sync 2 DAGs
[2023-01-27T00:18:22.952+0000] {logging_mixin.py:120} INFO - [2023-01-27T00:18:22.952+0000] {dag.py:3340} INFO - Setting next_dagrun for example_external_task_marker_child to None, run_after=None
[2023-01-27T00:18:22.954+0000] {logging_mixin.py:120} INFO - [2023-01-27T00:18:22.954+0000] {dag.py:3340} INFO - Setting next_dagrun for example_external_task_marker_parent to None, run_after=None
[2023-01-27T00:18:22.966+0000] {processor.py:176} INFO - Processing /home/airflow/.local/lib/python3.7/site-packages/airflow/example_dags/example_external_task_marker_dag.py took 0.178 seconds
[2023-01-27T00:18:53.030+0000] {processor.py:154} INFO - Started process (PID=4388) to work on /home/airflow/.local/lib/python3.7/site-packages/airflow/example_dags/example_external_task_marker_dag.py
[2023-01-27T00:18:53.033+0000] {processor.py:756} INFO - Processing file /home/airflow/.local/lib/python3.7/site-packages/airflow/example_dags/example_external_task_marker_dag.py for tasks to queue
[2023-01-27T00:18:53.034+0000] {logging_mixin.py:120} INFO - [2023-01-27T00:18:53.033+0000] {dagbag.py:537} INFO - Filling up the DagBag from /home/airflow/.local/lib/python3.7/site-packages/airflow/example_dags/example_external_task_marker_dag.py
[2023-01-27T00:18:53.046+0000] {processor.py:766} INFO - DAG(s) dict_keys(['example_external_task_marker_parent', 'example_external_task_marker_child']) retrieved from /home/airflow/.local/lib/python3.7/site-packages/airflow/example_dags/example_external_task_marker_dag.py
[2023-01-27T00:18:53.177+0000] {logging_mixin.py:120} INFO - [2023-01-27T00:18:53.177+0000] {dag.py:2585} INFO - Sync 2 DAGs
[2023-01-27T00:18:53.193+0000] {logging_mixin.py:120} INFO - [2023-01-27T00:18:53.193+0000] {dag.py:3340} INFO - Setting next_dagrun for example_external_task_marker_child to None, run_after=None
[2023-01-27T00:18:53.196+0000] {logging_mixin.py:120} INFO - [2023-01-27T00:18:53.196+0000] {dag.py:3340} INFO - Setting next_dagrun for example_external_task_marker_parent to None, run_after=None
[2023-01-27T00:18:53.208+0000] {processor.py:176} INFO - Processing /home/airflow/.local/lib/python3.7/site-packages/airflow/example_dags/example_external_task_marker_dag.py took 0.183 seconds
[2023-01-27T00:19:24.199+0000] {processor.py:154} INFO - Started process (PID=4456) to work on /home/airflow/.local/lib/python3.7/site-packages/airflow/example_dags/example_external_task_marker_dag.py
[2023-01-27T00:19:24.202+0000] {processor.py:756} INFO - Processing file /home/airflow/.local/lib/python3.7/site-packages/airflow/example_dags/example_external_task_marker_dag.py for tasks to queue
[2023-01-27T00:19:24.202+0000] {logging_mixin.py:120} INFO - [2023-01-27T00:19:24.202+0000] {dagbag.py:537} INFO - Filling up the DagBag from /home/airflow/.local/lib/python3.7/site-packages/airflow/example_dags/example_external_task_marker_dag.py
[2023-01-27T00:19:24.214+0000] {processor.py:766} INFO - DAG(s) dict_keys(['example_external_task_marker_child', 'example_external_task_marker_parent']) retrieved from /home/airflow/.local/lib/python3.7/site-packages/airflow/example_dags/example_external_task_marker_dag.py
[2023-01-27T00:19:24.348+0000] {logging_mixin.py:120} INFO - [2023-01-27T00:19:24.348+0000] {dag.py:2585} INFO - Sync 2 DAGs
[2023-01-27T00:19:24.364+0000] {logging_mixin.py:120} INFO - [2023-01-27T00:19:24.364+0000] {dag.py:3340} INFO - Setting next_dagrun for example_external_task_marker_child to None, run_after=None
[2023-01-27T00:19:24.366+0000] {logging_mixin.py:120} INFO - [2023-01-27T00:19:24.366+0000] {dag.py:3340} INFO - Setting next_dagrun for example_external_task_marker_parent to None, run_after=None
[2023-01-27T00:19:24.379+0000] {processor.py:176} INFO - Processing /home/airflow/.local/lib/python3.7/site-packages/airflow/example_dags/example_external_task_marker_dag.py took 0.182 seconds
[2023-01-27T00:19:54.562+0000] {processor.py:154} INFO - Started process (PID=4515) to work on /home/airflow/.local/lib/python3.7/site-packages/airflow/example_dags/example_external_task_marker_dag.py
[2023-01-27T00:19:54.563+0000] {processor.py:756} INFO - Processing file /home/airflow/.local/lib/python3.7/site-packages/airflow/example_dags/example_external_task_marker_dag.py for tasks to queue
[2023-01-27T00:19:54.563+0000] {logging_mixin.py:120} INFO - [2023-01-27T00:19:54.563+0000] {dagbag.py:537} INFO - Filling up the DagBag from /home/airflow/.local/lib/python3.7/site-packages/airflow/example_dags/example_external_task_marker_dag.py
[2023-01-27T00:19:54.572+0000] {processor.py:766} INFO - DAG(s) dict_keys(['example_external_task_marker_child', 'example_external_task_marker_parent']) retrieved from /home/airflow/.local/lib/python3.7/site-packages/airflow/example_dags/example_external_task_marker_dag.py
[2023-01-27T00:19:54.728+0000] {logging_mixin.py:120} INFO - [2023-01-27T00:19:54.728+0000] {dag.py:2585} INFO - Sync 2 DAGs
[2023-01-27T00:19:54.743+0000] {logging_mixin.py:120} INFO - [2023-01-27T00:19:54.743+0000] {dag.py:3340} INFO - Setting next_dagrun for example_external_task_marker_child to None, run_after=None
[2023-01-27T00:19:54.745+0000] {logging_mixin.py:120} INFO - [2023-01-27T00:19:54.745+0000] {dag.py:3340} INFO - Setting next_dagrun for example_external_task_marker_parent to None, run_after=None
[2023-01-27T00:19:54.759+0000] {processor.py:176} INFO - Processing /home/airflow/.local/lib/python3.7/site-packages/airflow/example_dags/example_external_task_marker_dag.py took 0.199 seconds
[2023-01-27T00:20:24.868+0000] {processor.py:154} INFO - Started process (PID=4583) to work on /home/airflow/.local/lib/python3.7/site-packages/airflow/example_dags/example_external_task_marker_dag.py
[2023-01-27T00:20:24.869+0000] {processor.py:756} INFO - Processing file /home/airflow/.local/lib/python3.7/site-packages/airflow/example_dags/example_external_task_marker_dag.py for tasks to queue
[2023-01-27T00:20:24.869+0000] {logging_mixin.py:120} INFO - [2023-01-27T00:20:24.869+0000] {dagbag.py:537} INFO - Filling up the DagBag from /home/airflow/.local/lib/python3.7/site-packages/airflow/example_dags/example_external_task_marker_dag.py
[2023-01-27T00:20:24.877+0000] {processor.py:766} INFO - DAG(s) dict_keys(['example_external_task_marker_parent', 'example_external_task_marker_child']) retrieved from /home/airflow/.local/lib/python3.7/site-packages/airflow/example_dags/example_external_task_marker_dag.py
[2023-01-27T00:20:25.007+0000] {logging_mixin.py:120} INFO - [2023-01-27T00:20:25.007+0000] {dag.py:2585} INFO - Sync 2 DAGs
[2023-01-27T00:20:25.023+0000] {logging_mixin.py:120} INFO - [2023-01-27T00:20:25.023+0000] {dag.py:3340} INFO - Setting next_dagrun for example_external_task_marker_child to None, run_after=None
[2023-01-27T00:20:25.025+0000] {logging_mixin.py:120} INFO - [2023-01-27T00:20:25.025+0000] {dag.py:3340} INFO - Setting next_dagrun for example_external_task_marker_parent to None, run_after=None
[2023-01-27T00:20:25.037+0000] {processor.py:176} INFO - Processing /home/airflow/.local/lib/python3.7/site-packages/airflow/example_dags/example_external_task_marker_dag.py took 0.171 seconds
[2023-01-27T00:20:55.054+0000] {processor.py:154} INFO - Started process (PID=4651) to work on /home/airflow/.local/lib/python3.7/site-packages/airflow/example_dags/example_external_task_marker_dag.py
[2023-01-27T00:20:55.057+0000] {processor.py:756} INFO - Processing file /home/airflow/.local/lib/python3.7/site-packages/airflow/example_dags/example_external_task_marker_dag.py for tasks to queue
[2023-01-27T00:20:55.057+0000] {logging_mixin.py:120} INFO - [2023-01-27T00:20:55.057+0000] {dagbag.py:537} INFO - Filling up the DagBag from /home/airflow/.local/lib/python3.7/site-packages/airflow/example_dags/example_external_task_marker_dag.py
[2023-01-27T00:20:55.068+0000] {processor.py:766} INFO - DAG(s) dict_keys(['example_external_task_marker_child', 'example_external_task_marker_parent']) retrieved from /home/airflow/.local/lib/python3.7/site-packages/airflow/example_dags/example_external_task_marker_dag.py
[2023-01-27T00:20:55.196+0000] {logging_mixin.py:120} INFO - [2023-01-27T00:20:55.196+0000] {dag.py:2585} INFO - Sync 2 DAGs
[2023-01-27T00:20:55.211+0000] {logging_mixin.py:120} INFO - [2023-01-27T00:20:55.211+0000] {dag.py:3340} INFO - Setting next_dagrun for example_external_task_marker_child to None, run_after=None
[2023-01-27T00:20:55.213+0000] {logging_mixin.py:120} INFO - [2023-01-27T00:20:55.213+0000] {dag.py:3340} INFO - Setting next_dagrun for example_external_task_marker_parent to None, run_after=None
[2023-01-27T00:20:55.226+0000] {processor.py:176} INFO - Processing /home/airflow/.local/lib/python3.7/site-packages/airflow/example_dags/example_external_task_marker_dag.py took 0.173 seconds
