[2023-01-18T00:00:00.694+0000] {taskinstance.py:1165} INFO - Dependencies all met for <TaskInstance: example_bash_operator.runme_2 scheduled__2023-01-17T00:00:00+00:00 [queued]>
[2023-01-18T00:00:00.703+0000] {taskinstance.py:1165} INFO - Dependencies all met for <TaskInstance: example_bash_operator.runme_2 scheduled__2023-01-17T00:00:00+00:00 [queued]>
[2023-01-18T00:00:00.704+0000] {taskinstance.py:1362} INFO - 
--------------------------------------------------------------------------------
[2023-01-18T00:00:00.704+0000] {taskinstance.py:1363} INFO - Starting attempt 1 of 1
[2023-01-18T00:00:00.704+0000] {taskinstance.py:1364} INFO - 
--------------------------------------------------------------------------------
[2023-01-18T00:00:00.720+0000] {taskinstance.py:1383} INFO - Executing <Task(BashOperator): runme_2> on 2023-01-17 00:00:00+00:00
[2023-01-18T00:00:00.724+0000] {standard_task_runner.py:55} INFO - Started process 3828 to run task
[2023-01-18T00:00:00.727+0000] {standard_task_runner.py:82} INFO - Running: ['***', 'tasks', 'run', 'example_bash_operator', 'runme_2', 'scheduled__2023-01-17T00:00:00+00:00', '--job-id', '203', '--raw', '--subdir', '/home/***/.local/lib/python3.7/site-packages/***/example_dags/example_bash_operator.py', '--cfg-path', '/tmp/tmp3ybm4wr8']
[2023-01-18T00:00:00.727+0000] {standard_task_runner.py:83} INFO - Job 203: Subtask runme_2
[2023-01-18T00:00:00.778+0000] {task_command.py:376} INFO - Running <TaskInstance: example_bash_operator.runme_2 scheduled__2023-01-17T00:00:00+00:00 [running]> on host 274e1da73cdf
[2023-01-18T00:00:00.831+0000] {taskinstance.py:1592} INFO - Exporting the following env vars:
AIRFLOW_CTX_DAG_OWNER=***
AIRFLOW_CTX_DAG_ID=example_bash_operator
AIRFLOW_CTX_TASK_ID=runme_2
AIRFLOW_CTX_EXECUTION_DATE=2023-01-17T00:00:00+00:00
AIRFLOW_CTX_TRY_NUMBER=1
AIRFLOW_CTX_DAG_RUN_ID=scheduled__2023-01-17T00:00:00+00:00
[2023-01-18T00:00:00.832+0000] {subprocess.py:63} INFO - Tmp dir root location: 
 /tmp
[2023-01-18T00:00:00.832+0000] {subprocess.py:75} INFO - Running command: ['/bin/bash', '-c', 'echo "example_bash_operator__runme_2__20230117" && sleep 1']
[2023-01-18T00:00:00.840+0000] {subprocess.py:86} INFO - Output:
[2023-01-18T00:00:00.841+0000] {subprocess.py:93} INFO - example_bash_operator__runme_2__20230117
[2023-01-18T00:00:01.842+0000] {subprocess.py:97} INFO - Command exited with return code 0
[2023-01-18T00:00:01.879+0000] {taskinstance.py:1406} INFO - Marking task as SUCCESS. dag_id=example_bash_operator, task_id=runme_2, execution_date=20230117T000000, start_date=20230118T000000, end_date=20230118T000001
[2023-01-18T00:00:01.903+0000] {local_task_job.py:164} INFO - Task exited with return code 0
[2023-01-18T00:00:01.921+0000] {local_task_job.py:273} INFO - 1 downstream tasks scheduled from follow-on schedule check
