[2023-01-27T00:00:02.318+0000] {taskinstance.py:1165} INFO - Dependencies all met for <TaskInstance: consumer.read_dataset dataset_triggered__2023-01-27T00:00:01.171619+00:00 [queued]>
[2023-01-27T00:00:02.324+0000] {taskinstance.py:1165} INFO - Dependencies all met for <TaskInstance: consumer.read_dataset dataset_triggered__2023-01-27T00:00:01.171619+00:00 [queued]>
[2023-01-27T00:00:02.325+0000] {taskinstance.py:1362} INFO - 
--------------------------------------------------------------------------------
[2023-01-27T00:00:02.325+0000] {taskinstance.py:1363} INFO - Starting attempt 1 of 1
[2023-01-27T00:00:02.325+0000] {taskinstance.py:1364} INFO - 
--------------------------------------------------------------------------------
[2023-01-27T00:00:02.335+0000] {taskinstance.py:1383} INFO - Executing <Task(_PythonDecoratedOperator): read_dataset> on 2023-01-27 00:00:01.171619+00:00
[2023-01-27T00:00:02.340+0000] {standard_task_runner.py:55} INFO - Started process 775 to run task
[2023-01-27T00:00:02.342+0000] {standard_task_runner.py:82} INFO - Running: ['***', 'tasks', 'run', 'consumer', 'read_dataset', 'dataset_triggered__2023-01-27T00:00:01.171619+00:00', '--job-id', '331', '--raw', '--subdir', 'DAGS_FOLDER/consumer.py', '--cfg-path', '/tmp/tmp2jqkwxlt']
[2023-01-27T00:00:02.342+0000] {standard_task_runner.py:83} INFO - Job 331: Subtask read_dataset
[2023-01-27T00:00:02.380+0000] {task_command.py:376} INFO - Running <TaskInstance: consumer.read_dataset dataset_triggered__2023-01-27T00:00:01.171619+00:00 [running]> on host a353ca64b4e2
[2023-01-27T00:00:02.427+0000] {taskinstance.py:1592} INFO - Exporting the following env vars:
AIRFLOW_CTX_DAG_OWNER=***
AIRFLOW_CTX_DAG_ID=consumer
AIRFLOW_CTX_TASK_ID=read_dataset
AIRFLOW_CTX_EXECUTION_DATE=2023-01-27T00:00:01.171619+00:00
AIRFLOW_CTX_TRY_NUMBER=1
AIRFLOW_CTX_DAG_RUN_ID=dataset_triggered__2023-01-27T00:00:01.171619+00:00
[2023-01-27T00:00:02.428+0000] {logging_mixin.py:120} INFO - producer updateproducer updateproducer updateproducer updateproducer updateproducer updateproducer update
[2023-01-27T00:00:02.428+0000] {python.py:177} INFO - Done. Returned value was: None
[2023-01-27T00:00:02.435+0000] {taskinstance.py:1406} INFO - Marking task as SUCCESS. dag_id=consumer, task_id=read_dataset, execution_date=20230127T000001, start_date=20230127T000002, end_date=20230127T000002
[2023-01-27T00:00:02.473+0000] {local_task_job.py:164} INFO - Task exited with return code 0
[2023-01-27T00:00:02.491+0000] {local_task_job.py:273} INFO - 0 downstream tasks scheduled from follow-on schedule check
