[2023-01-31T10:36:24.698+0000] {taskinstance.py:1165} INFO - Dependencies all met for <TaskInstance: parallel_dag.extract_b scheduled__2023-01-28T00:00:00+00:00 [queued]>
[2023-01-31T10:36:24.714+0000] {taskinstance.py:1165} INFO - Dependencies all met for <TaskInstance: parallel_dag.extract_b scheduled__2023-01-28T00:00:00+00:00 [queued]>
[2023-01-31T10:36:24.715+0000] {taskinstance.py:1362} INFO - 
--------------------------------------------------------------------------------
[2023-01-31T10:36:24.715+0000] {taskinstance.py:1363} INFO - Starting attempt 1 of 1
[2023-01-31T10:36:24.715+0000] {taskinstance.py:1364} INFO - 
--------------------------------------------------------------------------------
[2023-01-31T10:36:24.745+0000] {taskinstance.py:1383} INFO - Executing <Task(BashOperator): extract_b> on 2023-01-28 00:00:00+00:00
[2023-01-31T10:36:24.753+0000] {standard_task_runner.py:55} INFO - Started process 78 to run task
[2023-01-31T10:36:24.757+0000] {standard_task_runner.py:82} INFO - Running: ['***', 'tasks', 'run', 'parallel_dag', 'extract_b', 'scheduled__2023-01-28T00:00:00+00:00', '--job-id', '390', '--raw', '--subdir', 'DAGS_FOLDER/parallel_dag.py', '--cfg-path', '/tmp/tmp3wkyqi8_']
[2023-01-31T10:36:24.758+0000] {standard_task_runner.py:83} INFO - Job 390: Subtask extract_b
[2023-01-31T10:36:24.971+0000] {task_command.py:376} INFO - Running <TaskInstance: parallel_dag.extract_b scheduled__2023-01-28T00:00:00+00:00 [running]> on host 35d887eb39bb
[2023-01-31T10:36:25.203+0000] {taskinstance.py:1592} INFO - Exporting the following env vars:
AIRFLOW_CTX_DAG_OWNER=***
AIRFLOW_CTX_DAG_ID=parallel_dag
AIRFLOW_CTX_TASK_ID=extract_b
AIRFLOW_CTX_EXECUTION_DATE=2023-01-28T00:00:00+00:00
AIRFLOW_CTX_TRY_NUMBER=1
AIRFLOW_CTX_DAG_RUN_ID=scheduled__2023-01-28T00:00:00+00:00
[2023-01-31T10:36:25.207+0000] {subprocess.py:63} INFO - Tmp dir root location: 
 /tmp
[2023-01-31T10:36:25.208+0000] {subprocess.py:75} INFO - Running command: ['/bin/bash', '-c', 'sleep 10']
[2023-01-31T10:36:25.221+0000] {subprocess.py:86} INFO - Output:
[2023-01-31T10:36:33.820+0000] {subprocess.py:97} INFO - Command exited with return code 0
[2023-01-31T10:36:33.860+0000] {taskinstance.py:1406} INFO - Marking task as SUCCESS. dag_id=parallel_dag, task_id=extract_b, execution_date=20230128T000000, start_date=20230131T103624, end_date=20230131T103633
[2023-01-31T10:36:34.789+0000] {local_task_job.py:164} INFO - Task exited with return code 0
[2023-01-31T10:36:34.813+0000] {local_task_job.py:273} INFO - 0 downstream tasks scheduled from follow-on schedule check
