[2023-01-13T08:48:12.266+0000] {taskinstance.py:1165} INFO - Dependencies all met for <TaskInstance: user_processing.extract_user scheduled__2023-01-12T00:00:00+00:00 [queued]>
[2023-01-13T08:48:12.289+0000] {taskinstance.py:1165} INFO - Dependencies all met for <TaskInstance: user_processing.extract_user scheduled__2023-01-12T00:00:00+00:00 [queued]>
[2023-01-13T08:48:12.289+0000] {taskinstance.py:1362} INFO - 
--------------------------------------------------------------------------------
[2023-01-13T08:48:12.289+0000] {taskinstance.py:1363} INFO - Starting attempt 1 of 1
[2023-01-13T08:48:12.290+0000] {taskinstance.py:1364} INFO - 
--------------------------------------------------------------------------------
[2023-01-13T08:48:12.349+0000] {taskinstance.py:1383} INFO - Executing <Task(SimpleHttpOperator): extract_user> on 2023-01-12 00:00:00+00:00
[2023-01-13T08:48:12.369+0000] {standard_task_runner.py:55} INFO - Started process 188 to run task
[2023-01-13T08:48:12.398+0000] {standard_task_runner.py:82} INFO - Running: ['***', 'tasks', 'run', 'user_processing', 'extract_user', 'scheduled__2023-01-12T00:00:00+00:00', '--job-id', '104', '--raw', '--subdir', 'DAGS_FOLDER/user_processing.py', '--cfg-path', '/tmp/tmpl40y44bx']
[2023-01-13T08:48:12.407+0000] {standard_task_runner.py:83} INFO - Job 104: Subtask extract_user
[2023-01-13T11:48:11.134+0000] {task_command.py:376} INFO - Running <TaskInstance: user_processing.extract_user scheduled__2023-01-12T00:00:00+00:00 [running]> on host 274e1da73cdf
[2023-01-13T11:48:11.514+0000] {taskinstance.py:1592} INFO - Exporting the following env vars:
AIRFLOW_CTX_DAG_OWNER=***
AIRFLOW_CTX_DAG_ID=user_processing
AIRFLOW_CTX_TASK_ID=extract_user
AIRFLOW_CTX_EXECUTION_DATE=2023-01-12T00:00:00+00:00
AIRFLOW_CTX_TRY_NUMBER=1
AIRFLOW_CTX_DAG_RUN_ID=scheduled__2023-01-12T00:00:00+00:00
[2023-01-13T11:48:11.515+0000] {http.py:121} INFO - Calling HTTP method
[2023-01-13T11:48:11.544+0000] {base.py:71} INFO - Using connection ID 'user_api' for task execution.
[2023-01-13T11:48:11.546+0000] {http.py:148} INFO - Sending 'GET' to url: https://randomuser.me/api/
[2023-01-13T11:48:12.040+0000] {http.py:125} INFO - {"results":[{"gender":"male","name":{"title":"Mr","first":"Florent","last":"Marie"},"location":{"street":{"number":9447,"name":"Avenue des Ternes"},"city":"Lille","state":"Loire-Atlantique","country":"France","postcode":87090,"coordinates":{"latitude":"-15.0832","longitude":"-164.7969"},"timezone":{"offset":"-1:00","description":"Azores, Cape Verde Islands"}},"email":"florent.marie@example.com","login":{"uuid":"496f069d-7ddc-400a-84c5-7320b35bf737","username":"silverfrog519","password":"darwin","salt":"C12XdaOH","md5":"f4653378be58a7aace6665713daca42d","sha1":"a064ced1a79c1935e25ba460eb6bc19f78231037","sha256":"09a54fed964c8aaef91f5797fdbb7fbc3de265c358d0dcd0ab2232581bd4ee7b"},"dob":{"date":"1955-05-15T18:18:20.042Z","age":67},"registered":{"date":"2004-11-19T01:37:47.166Z","age":18},"phone":"04-23-79-42-42","cell":"06-83-70-43-45","id":{"name":"INSEE","value":"1550417349672 74"},"picture":{"large":"https://randomuser.me/api/portraits/men/3.jpg","medium":"https://randomuser.me/api/portraits/med/men/3.jpg","thumbnail":"https://randomuser.me/api/portraits/thumb/men/3.jpg"},"nat":"FR"}],"info":{"seed":"9bf0ad6a11886409","results":1,"page":1,"version":"1.4"}}
[2023-01-13T11:48:12.152+0000] {taskinstance.py:1406} INFO - Marking task as SUCCESS. dag_id=user_processing, task_id=extract_user, execution_date=20230112T000000, start_date=20230113T084812, end_date=20230113T114812
[2023-01-13T11:48:12.232+0000] {local_task_job.py:164} INFO - Task exited with return code 0
[2023-01-13T11:48:12.333+0000] {local_task_job.py:273} INFO - 1 downstream tasks scheduled from follow-on schedule check
