[2023-01-26T20:22:01.780+0000] {processor.py:154} INFO - Started process (PID=84) to work on /home/airflow/.local/lib/python3.7/site-packages/airflow/example_dags/example_branch_labels.py
[2023-01-26T20:22:01.781+0000] {processor.py:756} INFO - Processing file /home/airflow/.local/lib/python3.7/site-packages/airflow/example_dags/example_branch_labels.py for tasks to queue
[2023-01-26T20:22:01.782+0000] {logging_mixin.py:120} INFO - [2023-01-26T20:22:01.782+0000] {dagbag.py:537} INFO - Filling up the DagBag from /home/airflow/.local/lib/python3.7/site-packages/airflow/example_dags/example_branch_labels.py
[2023-01-26T20:22:01.802+0000] {processor.py:766} INFO - DAG(s) dict_keys(['example_branch_labels']) retrieved from /home/airflow/.local/lib/python3.7/site-packages/airflow/example_dags/example_branch_labels.py
[2023-01-26T20:22:01.863+0000] {logging_mixin.py:120} INFO - [2023-01-26T20:22:01.863+0000] {dag.py:2585} INFO - Sync 1 DAGs
[2023-01-26T20:22:01.898+0000] {logging_mixin.py:120} INFO - [2023-01-26T20:22:01.898+0000] {dag.py:3340} INFO - Setting next_dagrun for example_branch_labels to 2023-01-25T00:00:00+00:00, run_after=2023-01-26T00:00:00+00:00
[2023-01-26T20:22:01.928+0000] {processor.py:176} INFO - Processing /home/airflow/.local/lib/python3.7/site-packages/airflow/example_dags/example_branch_labels.py took 0.151 seconds
[2023-01-26T23:22:14.647+0000] {processor.py:154} INFO - Started process (PID=151) to work on /home/airflow/.local/lib/python3.7/site-packages/airflow/example_dags/example_branch_labels.py
[2023-01-26T23:22:14.650+0000] {processor.py:756} INFO - Processing file /home/airflow/.local/lib/python3.7/site-packages/airflow/example_dags/example_branch_labels.py for tasks to queue
[2023-01-26T23:22:14.651+0000] {logging_mixin.py:120} INFO - [2023-01-26T23:22:14.650+0000] {dagbag.py:537} INFO - Filling up the DagBag from /home/airflow/.local/lib/python3.7/site-packages/airflow/example_dags/example_branch_labels.py
[2023-01-26T23:22:14.678+0000] {processor.py:766} INFO - DAG(s) dict_keys(['example_branch_labels']) retrieved from /home/airflow/.local/lib/python3.7/site-packages/airflow/example_dags/example_branch_labels.py
[2023-01-26T23:22:14.749+0000] {logging_mixin.py:120} INFO - [2023-01-26T23:22:14.749+0000] {dag.py:2585} INFO - Sync 1 DAGs
[2023-01-26T23:22:14.815+0000] {logging_mixin.py:120} INFO - [2023-01-26T23:22:14.815+0000] {dag.py:3340} INFO - Setting next_dagrun for example_branch_labels to 2023-01-25T00:00:00+00:00, run_after=2023-01-26T00:00:00+00:00
[2023-01-26T23:22:14.883+0000] {processor.py:176} INFO - Processing /home/airflow/.local/lib/python3.7/site-packages/airflow/example_dags/example_branch_labels.py took 0.241 seconds
[2023-01-26T23:22:45.262+0000] {processor.py:154} INFO - Started process (PID=210) to work on /home/airflow/.local/lib/python3.7/site-packages/airflow/example_dags/example_branch_labels.py
[2023-01-26T23:22:45.263+0000] {processor.py:756} INFO - Processing file /home/airflow/.local/lib/python3.7/site-packages/airflow/example_dags/example_branch_labels.py for tasks to queue
[2023-01-26T23:22:45.264+0000] {logging_mixin.py:120} INFO - [2023-01-26T23:22:45.264+0000] {dagbag.py:537} INFO - Filling up the DagBag from /home/airflow/.local/lib/python3.7/site-packages/airflow/example_dags/example_branch_labels.py
[2023-01-26T23:22:45.281+0000] {processor.py:766} INFO - DAG(s) dict_keys(['example_branch_labels']) retrieved from /home/airflow/.local/lib/python3.7/site-packages/airflow/example_dags/example_branch_labels.py
[2023-01-26T23:22:45.334+0000] {logging_mixin.py:120} INFO - [2023-01-26T23:22:45.334+0000] {dag.py:2585} INFO - Sync 1 DAGs
[2023-01-26T23:22:45.369+0000] {logging_mixin.py:120} INFO - [2023-01-26T23:22:45.369+0000] {dag.py:3340} INFO - Setting next_dagrun for example_branch_labels to 2023-01-25T00:00:00+00:00, run_after=2023-01-26T00:00:00+00:00
[2023-01-26T23:22:45.389+0000] {processor.py:176} INFO - Processing /home/airflow/.local/lib/python3.7/site-packages/airflow/example_dags/example_branch_labels.py took 0.130 seconds
[2023-01-26T23:23:15.555+0000] {processor.py:154} INFO - Started process (PID=278) to work on /home/airflow/.local/lib/python3.7/site-packages/airflow/example_dags/example_branch_labels.py
[2023-01-26T23:23:15.557+0000] {processor.py:756} INFO - Processing file /home/airflow/.local/lib/python3.7/site-packages/airflow/example_dags/example_branch_labels.py for tasks to queue
[2023-01-26T23:23:15.557+0000] {logging_mixin.py:120} INFO - [2023-01-26T23:23:15.557+0000] {dagbag.py:537} INFO - Filling up the DagBag from /home/airflow/.local/lib/python3.7/site-packages/airflow/example_dags/example_branch_labels.py
[2023-01-26T23:23:15.576+0000] {processor.py:766} INFO - DAG(s) dict_keys(['example_branch_labels']) retrieved from /home/airflow/.local/lib/python3.7/site-packages/airflow/example_dags/example_branch_labels.py
[2023-01-26T23:23:15.626+0000] {logging_mixin.py:120} INFO - [2023-01-26T23:23:15.626+0000] {dag.py:2585} INFO - Sync 1 DAGs
[2023-01-26T23:23:15.657+0000] {logging_mixin.py:120} INFO - [2023-01-26T23:23:15.657+0000] {dag.py:3340} INFO - Setting next_dagrun for example_branch_labels to 2023-01-25T00:00:00+00:00, run_after=2023-01-26T00:00:00+00:00
[2023-01-26T23:23:15.683+0000] {processor.py:176} INFO - Processing /home/airflow/.local/lib/python3.7/site-packages/airflow/example_dags/example_branch_labels.py took 0.130 seconds
[2023-01-26T23:23:46.134+0000] {processor.py:154} INFO - Started process (PID=335) to work on /home/airflow/.local/lib/python3.7/site-packages/airflow/example_dags/example_branch_labels.py
[2023-01-26T23:23:46.135+0000] {processor.py:756} INFO - Processing file /home/airflow/.local/lib/python3.7/site-packages/airflow/example_dags/example_branch_labels.py for tasks to queue
[2023-01-26T23:23:46.135+0000] {logging_mixin.py:120} INFO - [2023-01-26T23:23:46.135+0000] {dagbag.py:537} INFO - Filling up the DagBag from /home/airflow/.local/lib/python3.7/site-packages/airflow/example_dags/example_branch_labels.py
[2023-01-26T23:23:46.149+0000] {processor.py:766} INFO - DAG(s) dict_keys(['example_branch_labels']) retrieved from /home/airflow/.local/lib/python3.7/site-packages/airflow/example_dags/example_branch_labels.py
[2023-01-26T23:23:46.182+0000] {logging_mixin.py:120} INFO - [2023-01-26T23:23:46.182+0000] {dag.py:2585} INFO - Sync 1 DAGs
[2023-01-26T23:23:46.208+0000] {logging_mixin.py:120} INFO - [2023-01-26T23:23:46.208+0000] {dag.py:3340} INFO - Setting next_dagrun for example_branch_labels to 2023-01-25T00:00:00+00:00, run_after=2023-01-26T00:00:00+00:00
[2023-01-26T23:23:46.222+0000] {processor.py:176} INFO - Processing /home/airflow/.local/lib/python3.7/site-packages/airflow/example_dags/example_branch_labels.py took 0.090 seconds
[2023-01-26T23:24:16.722+0000] {processor.py:154} INFO - Started process (PID=402) to work on /home/airflow/.local/lib/python3.7/site-packages/airflow/example_dags/example_branch_labels.py
[2023-01-26T23:24:16.722+0000] {processor.py:756} INFO - Processing file /home/airflow/.local/lib/python3.7/site-packages/airflow/example_dags/example_branch_labels.py for tasks to queue
[2023-01-26T23:24:16.723+0000] {logging_mixin.py:120} INFO - [2023-01-26T23:24:16.723+0000] {dagbag.py:537} INFO - Filling up the DagBag from /home/airflow/.local/lib/python3.7/site-packages/airflow/example_dags/example_branch_labels.py
[2023-01-26T23:24:16.736+0000] {processor.py:766} INFO - DAG(s) dict_keys(['example_branch_labels']) retrieved from /home/airflow/.local/lib/python3.7/site-packages/airflow/example_dags/example_branch_labels.py
[2023-01-26T23:24:16.778+0000] {logging_mixin.py:120} INFO - [2023-01-26T23:24:16.778+0000] {dag.py:2585} INFO - Sync 1 DAGs
[2023-01-26T23:24:16.810+0000] {logging_mixin.py:120} INFO - [2023-01-26T23:24:16.809+0000] {dag.py:3340} INFO - Setting next_dagrun for example_branch_labels to 2023-01-25T00:00:00+00:00, run_after=2023-01-26T00:00:00+00:00
[2023-01-26T23:24:16.826+0000] {processor.py:176} INFO - Processing /home/airflow/.local/lib/python3.7/site-packages/airflow/example_dags/example_branch_labels.py took 0.107 seconds
[2023-01-26T23:24:47.529+0000] {processor.py:154} INFO - Started process (PID=470) to work on /home/airflow/.local/lib/python3.7/site-packages/airflow/example_dags/example_branch_labels.py
[2023-01-26T23:24:47.530+0000] {processor.py:756} INFO - Processing file /home/airflow/.local/lib/python3.7/site-packages/airflow/example_dags/example_branch_labels.py for tasks to queue
[2023-01-26T23:24:47.530+0000] {logging_mixin.py:120} INFO - [2023-01-26T23:24:47.530+0000] {dagbag.py:537} INFO - Filling up the DagBag from /home/airflow/.local/lib/python3.7/site-packages/airflow/example_dags/example_branch_labels.py
[2023-01-26T23:24:47.545+0000] {processor.py:766} INFO - DAG(s) dict_keys(['example_branch_labels']) retrieved from /home/airflow/.local/lib/python3.7/site-packages/airflow/example_dags/example_branch_labels.py
[2023-01-26T23:24:47.584+0000] {logging_mixin.py:120} INFO - [2023-01-26T23:24:47.583+0000] {dag.py:2585} INFO - Sync 1 DAGs
[2023-01-26T23:24:47.626+0000] {logging_mixin.py:120} INFO - [2023-01-26T23:24:47.626+0000] {dag.py:3340} INFO - Setting next_dagrun for example_branch_labels to 2023-01-25T00:00:00+00:00, run_after=2023-01-26T00:00:00+00:00
[2023-01-26T23:24:47.653+0000] {processor.py:176} INFO - Processing /home/airflow/.local/lib/python3.7/site-packages/airflow/example_dags/example_branch_labels.py took 0.127 seconds
[2023-01-26T23:25:18.016+0000] {processor.py:154} INFO - Started process (PID=537) to work on /home/airflow/.local/lib/python3.7/site-packages/airflow/example_dags/example_branch_labels.py
[2023-01-26T23:25:18.016+0000] {processor.py:756} INFO - Processing file /home/airflow/.local/lib/python3.7/site-packages/airflow/example_dags/example_branch_labels.py for tasks to queue
[2023-01-26T23:25:18.017+0000] {logging_mixin.py:120} INFO - [2023-01-26T23:25:18.017+0000] {dagbag.py:537} INFO - Filling up the DagBag from /home/airflow/.local/lib/python3.7/site-packages/airflow/example_dags/example_branch_labels.py
[2023-01-26T23:25:18.027+0000] {processor.py:766} INFO - DAG(s) dict_keys(['example_branch_labels']) retrieved from /home/airflow/.local/lib/python3.7/site-packages/airflow/example_dags/example_branch_labels.py
[2023-01-26T23:25:18.052+0000] {logging_mixin.py:120} INFO - [2023-01-26T23:25:18.052+0000] {dag.py:2585} INFO - Sync 1 DAGs
[2023-01-26T23:25:18.078+0000] {logging_mixin.py:120} INFO - [2023-01-26T23:25:18.078+0000] {dag.py:3340} INFO - Setting next_dagrun for example_branch_labels to 2023-01-25T00:00:00+00:00, run_after=2023-01-26T00:00:00+00:00
[2023-01-26T23:25:18.092+0000] {processor.py:176} INFO - Processing /home/airflow/.local/lib/python3.7/site-packages/airflow/example_dags/example_branch_labels.py took 0.078 seconds
[2023-01-26T23:25:48.145+0000] {processor.py:154} INFO - Started process (PID=595) to work on /home/airflow/.local/lib/python3.7/site-packages/airflow/example_dags/example_branch_labels.py
[2023-01-26T23:25:48.145+0000] {processor.py:756} INFO - Processing file /home/airflow/.local/lib/python3.7/site-packages/airflow/example_dags/example_branch_labels.py for tasks to queue
[2023-01-26T23:25:48.146+0000] {logging_mixin.py:120} INFO - [2023-01-26T23:25:48.146+0000] {dagbag.py:537} INFO - Filling up the DagBag from /home/airflow/.local/lib/python3.7/site-packages/airflow/example_dags/example_branch_labels.py
[2023-01-26T23:25:48.155+0000] {processor.py:766} INFO - DAG(s) dict_keys(['example_branch_labels']) retrieved from /home/airflow/.local/lib/python3.7/site-packages/airflow/example_dags/example_branch_labels.py
[2023-01-26T23:25:48.180+0000] {logging_mixin.py:120} INFO - [2023-01-26T23:25:48.180+0000] {dag.py:2585} INFO - Sync 1 DAGs
[2023-01-26T23:25:48.199+0000] {logging_mixin.py:120} INFO - [2023-01-26T23:25:48.199+0000] {dag.py:3340} INFO - Setting next_dagrun for example_branch_labels to 2023-01-25T00:00:00+00:00, run_after=2023-01-26T00:00:00+00:00
[2023-01-26T23:25:48.211+0000] {processor.py:176} INFO - Processing /home/airflow/.local/lib/python3.7/site-packages/airflow/example_dags/example_branch_labels.py took 0.068 seconds
[2023-01-26T23:26:18.381+0000] {processor.py:154} INFO - Started process (PID=663) to work on /home/airflow/.local/lib/python3.7/site-packages/airflow/example_dags/example_branch_labels.py
[2023-01-26T23:26:18.382+0000] {processor.py:756} INFO - Processing file /home/airflow/.local/lib/python3.7/site-packages/airflow/example_dags/example_branch_labels.py for tasks to queue
[2023-01-26T23:26:18.382+0000] {logging_mixin.py:120} INFO - [2023-01-26T23:26:18.382+0000] {dagbag.py:537} INFO - Filling up the DagBag from /home/airflow/.local/lib/python3.7/site-packages/airflow/example_dags/example_branch_labels.py
[2023-01-26T23:26:18.391+0000] {processor.py:766} INFO - DAG(s) dict_keys(['example_branch_labels']) retrieved from /home/airflow/.local/lib/python3.7/site-packages/airflow/example_dags/example_branch_labels.py
[2023-01-26T23:26:18.417+0000] {logging_mixin.py:120} INFO - [2023-01-26T23:26:18.417+0000] {dag.py:2585} INFO - Sync 1 DAGs
[2023-01-26T23:26:18.435+0000] {logging_mixin.py:120} INFO - [2023-01-26T23:26:18.435+0000] {dag.py:3340} INFO - Setting next_dagrun for example_branch_labels to 2023-01-25T00:00:00+00:00, run_after=2023-01-26T00:00:00+00:00
[2023-01-26T23:26:18.448+0000] {processor.py:176} INFO - Processing /home/airflow/.local/lib/python3.7/site-packages/airflow/example_dags/example_branch_labels.py took 0.069 seconds
[2023-01-26T23:26:48.610+0000] {processor.py:154} INFO - Started process (PID=730) to work on /home/airflow/.local/lib/python3.7/site-packages/airflow/example_dags/example_branch_labels.py
[2023-01-26T23:26:48.611+0000] {processor.py:756} INFO - Processing file /home/airflow/.local/lib/python3.7/site-packages/airflow/example_dags/example_branch_labels.py for tasks to queue
[2023-01-26T23:26:48.611+0000] {logging_mixin.py:120} INFO - [2023-01-26T23:26:48.611+0000] {dagbag.py:537} INFO - Filling up the DagBag from /home/airflow/.local/lib/python3.7/site-packages/airflow/example_dags/example_branch_labels.py
[2023-01-26T23:26:48.621+0000] {processor.py:766} INFO - DAG(s) dict_keys(['example_branch_labels']) retrieved from /home/airflow/.local/lib/python3.7/site-packages/airflow/example_dags/example_branch_labels.py
[2023-01-26T23:26:48.648+0000] {logging_mixin.py:120} INFO - [2023-01-26T23:26:48.648+0000] {dag.py:2585} INFO - Sync 1 DAGs
[2023-01-26T23:26:48.667+0000] {logging_mixin.py:120} INFO - [2023-01-26T23:26:48.667+0000] {dag.py:3340} INFO - Setting next_dagrun for example_branch_labels to 2023-01-25T00:00:00+00:00, run_after=2023-01-26T00:00:00+00:00
[2023-01-26T23:26:48.679+0000] {processor.py:176} INFO - Processing /home/airflow/.local/lib/python3.7/site-packages/airflow/example_dags/example_branch_labels.py took 0.071 seconds
[2023-01-26T23:27:19.882+0000] {processor.py:154} INFO - Started process (PID=797) to work on /home/airflow/.local/lib/python3.7/site-packages/airflow/example_dags/example_branch_labels.py
[2023-01-26T23:27:19.883+0000] {processor.py:756} INFO - Processing file /home/airflow/.local/lib/python3.7/site-packages/airflow/example_dags/example_branch_labels.py for tasks to queue
[2023-01-26T23:27:19.883+0000] {logging_mixin.py:120} INFO - [2023-01-26T23:27:19.883+0000] {dagbag.py:537} INFO - Filling up the DagBag from /home/airflow/.local/lib/python3.7/site-packages/airflow/example_dags/example_branch_labels.py
[2023-01-26T23:27:19.894+0000] {processor.py:766} INFO - DAG(s) dict_keys(['example_branch_labels']) retrieved from /home/airflow/.local/lib/python3.7/site-packages/airflow/example_dags/example_branch_labels.py
[2023-01-26T23:27:19.924+0000] {logging_mixin.py:120} INFO - [2023-01-26T23:27:19.924+0000] {dag.py:2585} INFO - Sync 1 DAGs
[2023-01-26T23:27:19.944+0000] {logging_mixin.py:120} INFO - [2023-01-26T23:27:19.944+0000] {dag.py:3340} INFO - Setting next_dagrun for example_branch_labels to 2023-01-25T00:00:00+00:00, run_after=2023-01-26T00:00:00+00:00
[2023-01-26T23:27:19.957+0000] {processor.py:176} INFO - Processing /home/airflow/.local/lib/python3.7/site-packages/airflow/example_dags/example_branch_labels.py took 0.077 seconds
[2023-01-26T23:27:51.033+0000] {processor.py:154} INFO - Started process (PID=864) to work on /home/airflow/.local/lib/python3.7/site-packages/airflow/example_dags/example_branch_labels.py
[2023-01-26T23:27:51.033+0000] {processor.py:756} INFO - Processing file /home/airflow/.local/lib/python3.7/site-packages/airflow/example_dags/example_branch_labels.py for tasks to queue
[2023-01-26T23:27:51.034+0000] {logging_mixin.py:120} INFO - [2023-01-26T23:27:51.034+0000] {dagbag.py:537} INFO - Filling up the DagBag from /home/airflow/.local/lib/python3.7/site-packages/airflow/example_dags/example_branch_labels.py
[2023-01-26T23:27:51.044+0000] {processor.py:766} INFO - DAG(s) dict_keys(['example_branch_labels']) retrieved from /home/airflow/.local/lib/python3.7/site-packages/airflow/example_dags/example_branch_labels.py
[2023-01-26T23:27:51.072+0000] {logging_mixin.py:120} INFO - [2023-01-26T23:27:51.072+0000] {dag.py:2585} INFO - Sync 1 DAGs
[2023-01-26T23:27:51.097+0000] {logging_mixin.py:120} INFO - [2023-01-26T23:27:51.097+0000] {dag.py:3340} INFO - Setting next_dagrun for example_branch_labels to 2023-01-25T00:00:00+00:00, run_after=2023-01-26T00:00:00+00:00
[2023-01-26T23:27:51.112+0000] {processor.py:176} INFO - Processing /home/airflow/.local/lib/python3.7/site-packages/airflow/example_dags/example_branch_labels.py took 0.081 seconds
[2023-01-26T23:28:21.285+0000] {processor.py:154} INFO - Started process (PID=923) to work on /home/airflow/.local/lib/python3.7/site-packages/airflow/example_dags/example_branch_labels.py
[2023-01-26T23:28:21.286+0000] {processor.py:756} INFO - Processing file /home/airflow/.local/lib/python3.7/site-packages/airflow/example_dags/example_branch_labels.py for tasks to queue
[2023-01-26T23:28:21.287+0000] {logging_mixin.py:120} INFO - [2023-01-26T23:28:21.287+0000] {dagbag.py:537} INFO - Filling up the DagBag from /home/airflow/.local/lib/python3.7/site-packages/airflow/example_dags/example_branch_labels.py
[2023-01-26T23:28:21.296+0000] {processor.py:766} INFO - DAG(s) dict_keys(['example_branch_labels']) retrieved from /home/airflow/.local/lib/python3.7/site-packages/airflow/example_dags/example_branch_labels.py
[2023-01-26T23:28:21.321+0000] {logging_mixin.py:120} INFO - [2023-01-26T23:28:21.320+0000] {dag.py:2585} INFO - Sync 1 DAGs
[2023-01-26T23:28:21.339+0000] {logging_mixin.py:120} INFO - [2023-01-26T23:28:21.339+0000] {dag.py:3340} INFO - Setting next_dagrun for example_branch_labels to 2023-01-25T00:00:00+00:00, run_after=2023-01-26T00:00:00+00:00
[2023-01-26T23:28:21.351+0000] {processor.py:176} INFO - Processing /home/airflow/.local/lib/python3.7/site-packages/airflow/example_dags/example_branch_labels.py took 0.068 seconds
[2023-01-26T23:28:51.683+0000] {processor.py:154} INFO - Started process (PID=990) to work on /home/airflow/.local/lib/python3.7/site-packages/airflow/example_dags/example_branch_labels.py
[2023-01-26T23:28:51.683+0000] {processor.py:756} INFO - Processing file /home/airflow/.local/lib/python3.7/site-packages/airflow/example_dags/example_branch_labels.py for tasks to queue
[2023-01-26T23:28:51.684+0000] {logging_mixin.py:120} INFO - [2023-01-26T23:28:51.684+0000] {dagbag.py:537} INFO - Filling up the DagBag from /home/airflow/.local/lib/python3.7/site-packages/airflow/example_dags/example_branch_labels.py
[2023-01-26T23:28:51.692+0000] {processor.py:766} INFO - DAG(s) dict_keys(['example_branch_labels']) retrieved from /home/airflow/.local/lib/python3.7/site-packages/airflow/example_dags/example_branch_labels.py
[2023-01-26T23:28:51.717+0000] {logging_mixin.py:120} INFO - [2023-01-26T23:28:51.717+0000] {dag.py:2585} INFO - Sync 1 DAGs
[2023-01-26T23:28:51.734+0000] {logging_mixin.py:120} INFO - [2023-01-26T23:28:51.734+0000] {dag.py:3340} INFO - Setting next_dagrun for example_branch_labels to 2023-01-25T00:00:00+00:00, run_after=2023-01-26T00:00:00+00:00
[2023-01-26T23:28:51.746+0000] {processor.py:176} INFO - Processing /home/airflow/.local/lib/python3.7/site-packages/airflow/example_dags/example_branch_labels.py took 0.065 seconds
[2023-01-26T23:29:22.056+0000] {processor.py:154} INFO - Started process (PID=1057) to work on /home/airflow/.local/lib/python3.7/site-packages/airflow/example_dags/example_branch_labels.py
[2023-01-26T23:29:22.057+0000] {processor.py:756} INFO - Processing file /home/airflow/.local/lib/python3.7/site-packages/airflow/example_dags/example_branch_labels.py for tasks to queue
[2023-01-26T23:29:22.057+0000] {logging_mixin.py:120} INFO - [2023-01-26T23:29:22.057+0000] {dagbag.py:537} INFO - Filling up the DagBag from /home/airflow/.local/lib/python3.7/site-packages/airflow/example_dags/example_branch_labels.py
[2023-01-26T23:29:22.066+0000] {processor.py:766} INFO - DAG(s) dict_keys(['example_branch_labels']) retrieved from /home/airflow/.local/lib/python3.7/site-packages/airflow/example_dags/example_branch_labels.py
[2023-01-26T23:29:22.091+0000] {logging_mixin.py:120} INFO - [2023-01-26T23:29:22.091+0000] {dag.py:2585} INFO - Sync 1 DAGs
[2023-01-26T23:29:22.111+0000] {logging_mixin.py:120} INFO - [2023-01-26T23:29:22.111+0000] {dag.py:3340} INFO - Setting next_dagrun for example_branch_labels to 2023-01-25T00:00:00+00:00, run_after=2023-01-26T00:00:00+00:00
[2023-01-26T23:29:22.126+0000] {processor.py:176} INFO - Processing /home/airflow/.local/lib/python3.7/site-packages/airflow/example_dags/example_branch_labels.py took 0.072 seconds
[2023-01-26T23:29:52.288+0000] {processor.py:154} INFO - Started process (PID=1123) to work on /home/airflow/.local/lib/python3.7/site-packages/airflow/example_dags/example_branch_labels.py
[2023-01-26T23:29:52.289+0000] {processor.py:756} INFO - Processing file /home/airflow/.local/lib/python3.7/site-packages/airflow/example_dags/example_branch_labels.py for tasks to queue
[2023-01-26T23:29:52.289+0000] {logging_mixin.py:120} INFO - [2023-01-26T23:29:52.289+0000] {dagbag.py:537} INFO - Filling up the DagBag from /home/airflow/.local/lib/python3.7/site-packages/airflow/example_dags/example_branch_labels.py
[2023-01-26T23:29:52.298+0000] {processor.py:766} INFO - DAG(s) dict_keys(['example_branch_labels']) retrieved from /home/airflow/.local/lib/python3.7/site-packages/airflow/example_dags/example_branch_labels.py
[2023-01-26T23:29:52.324+0000] {logging_mixin.py:120} INFO - [2023-01-26T23:29:52.324+0000] {dag.py:2585} INFO - Sync 1 DAGs
[2023-01-26T23:29:52.341+0000] {logging_mixin.py:120} INFO - [2023-01-26T23:29:52.341+0000] {dag.py:3340} INFO - Setting next_dagrun for example_branch_labels to 2023-01-25T00:00:00+00:00, run_after=2023-01-26T00:00:00+00:00
[2023-01-26T23:29:52.355+0000] {processor.py:176} INFO - Processing /home/airflow/.local/lib/python3.7/site-packages/airflow/example_dags/example_branch_labels.py took 0.068 seconds
[2023-01-26T23:30:22.555+0000] {processor.py:154} INFO - Started process (PID=1188) to work on /home/airflow/.local/lib/python3.7/site-packages/airflow/example_dags/example_branch_labels.py
[2023-01-26T23:30:22.556+0000] {processor.py:756} INFO - Processing file /home/airflow/.local/lib/python3.7/site-packages/airflow/example_dags/example_branch_labels.py for tasks to queue
[2023-01-26T23:30:22.557+0000] {logging_mixin.py:120} INFO - [2023-01-26T23:30:22.557+0000] {dagbag.py:537} INFO - Filling up the DagBag from /home/airflow/.local/lib/python3.7/site-packages/airflow/example_dags/example_branch_labels.py
[2023-01-26T23:30:22.566+0000] {processor.py:766} INFO - DAG(s) dict_keys(['example_branch_labels']) retrieved from /home/airflow/.local/lib/python3.7/site-packages/airflow/example_dags/example_branch_labels.py
[2023-01-26T23:30:22.596+0000] {logging_mixin.py:120} INFO - [2023-01-26T23:30:22.596+0000] {dag.py:2585} INFO - Sync 1 DAGs
[2023-01-26T23:30:22.620+0000] {logging_mixin.py:120} INFO - [2023-01-26T23:30:22.620+0000] {dag.py:3340} INFO - Setting next_dagrun for example_branch_labels to 2023-01-25T00:00:00+00:00, run_after=2023-01-26T00:00:00+00:00
[2023-01-26T23:30:22.637+0000] {processor.py:176} INFO - Processing /home/airflow/.local/lib/python3.7/site-packages/airflow/example_dags/example_branch_labels.py took 0.084 seconds
[2023-01-26T23:30:52.762+0000] {processor.py:154} INFO - Started process (PID=1246) to work on /home/airflow/.local/lib/python3.7/site-packages/airflow/example_dags/example_branch_labels.py
[2023-01-26T23:30:52.763+0000] {processor.py:756} INFO - Processing file /home/airflow/.local/lib/python3.7/site-packages/airflow/example_dags/example_branch_labels.py for tasks to queue
[2023-01-26T23:30:52.763+0000] {logging_mixin.py:120} INFO - [2023-01-26T23:30:52.763+0000] {dagbag.py:537} INFO - Filling up the DagBag from /home/airflow/.local/lib/python3.7/site-packages/airflow/example_dags/example_branch_labels.py
[2023-01-26T23:30:52.773+0000] {processor.py:766} INFO - DAG(s) dict_keys(['example_branch_labels']) retrieved from /home/airflow/.local/lib/python3.7/site-packages/airflow/example_dags/example_branch_labels.py
[2023-01-26T23:30:52.801+0000] {logging_mixin.py:120} INFO - [2023-01-26T23:30:52.800+0000] {dag.py:2585} INFO - Sync 1 DAGs
[2023-01-26T23:30:52.819+0000] {logging_mixin.py:120} INFO - [2023-01-26T23:30:52.819+0000] {dag.py:3340} INFO - Setting next_dagrun for example_branch_labels to 2023-01-25T00:00:00+00:00, run_after=2023-01-26T00:00:00+00:00
[2023-01-26T23:30:52.830+0000] {processor.py:176} INFO - Processing /home/airflow/.local/lib/python3.7/site-packages/airflow/example_dags/example_branch_labels.py took 0.070 seconds
[2023-01-26T23:31:23.032+0000] {processor.py:154} INFO - Started process (PID=1313) to work on /home/airflow/.local/lib/python3.7/site-packages/airflow/example_dags/example_branch_labels.py
[2023-01-26T23:31:23.033+0000] {processor.py:756} INFO - Processing file /home/airflow/.local/lib/python3.7/site-packages/airflow/example_dags/example_branch_labels.py for tasks to queue
[2023-01-26T23:31:23.033+0000] {logging_mixin.py:120} INFO - [2023-01-26T23:31:23.033+0000] {dagbag.py:537} INFO - Filling up the DagBag from /home/airflow/.local/lib/python3.7/site-packages/airflow/example_dags/example_branch_labels.py
[2023-01-26T23:31:23.042+0000] {processor.py:766} INFO - DAG(s) dict_keys(['example_branch_labels']) retrieved from /home/airflow/.local/lib/python3.7/site-packages/airflow/example_dags/example_branch_labels.py
[2023-01-26T23:31:23.068+0000] {logging_mixin.py:120} INFO - [2023-01-26T23:31:23.067+0000] {dag.py:2585} INFO - Sync 1 DAGs
[2023-01-26T23:31:23.085+0000] {logging_mixin.py:120} INFO - [2023-01-26T23:31:23.085+0000] {dag.py:3340} INFO - Setting next_dagrun for example_branch_labels to 2023-01-25T00:00:00+00:00, run_after=2023-01-26T00:00:00+00:00
[2023-01-26T23:31:23.097+0000] {processor.py:176} INFO - Processing /home/airflow/.local/lib/python3.7/site-packages/airflow/example_dags/example_branch_labels.py took 0.067 seconds
[2023-01-26T23:31:53.424+0000] {processor.py:154} INFO - Started process (PID=1381) to work on /home/airflow/.local/lib/python3.7/site-packages/airflow/example_dags/example_branch_labels.py
[2023-01-26T23:31:53.424+0000] {processor.py:756} INFO - Processing file /home/airflow/.local/lib/python3.7/site-packages/airflow/example_dags/example_branch_labels.py for tasks to queue
[2023-01-26T23:31:53.425+0000] {logging_mixin.py:120} INFO - [2023-01-26T23:31:53.425+0000] {dagbag.py:537} INFO - Filling up the DagBag from /home/airflow/.local/lib/python3.7/site-packages/airflow/example_dags/example_branch_labels.py
[2023-01-26T23:31:53.434+0000] {processor.py:766} INFO - DAG(s) dict_keys(['example_branch_labels']) retrieved from /home/airflow/.local/lib/python3.7/site-packages/airflow/example_dags/example_branch_labels.py
[2023-01-26T23:31:53.458+0000] {logging_mixin.py:120} INFO - [2023-01-26T23:31:53.458+0000] {dag.py:2585} INFO - Sync 1 DAGs
[2023-01-26T23:31:53.475+0000] {logging_mixin.py:120} INFO - [2023-01-26T23:31:53.475+0000] {dag.py:3340} INFO - Setting next_dagrun for example_branch_labels to 2023-01-25T00:00:00+00:00, run_after=2023-01-26T00:00:00+00:00
[2023-01-26T23:31:53.487+0000] {processor.py:176} INFO - Processing /home/airflow/.local/lib/python3.7/site-packages/airflow/example_dags/example_branch_labels.py took 0.065 seconds
[2023-01-26T23:32:23.771+0000] {processor.py:154} INFO - Started process (PID=1448) to work on /home/airflow/.local/lib/python3.7/site-packages/airflow/example_dags/example_branch_labels.py
[2023-01-26T23:32:23.772+0000] {processor.py:756} INFO - Processing file /home/airflow/.local/lib/python3.7/site-packages/airflow/example_dags/example_branch_labels.py for tasks to queue
[2023-01-26T23:32:23.773+0000] {logging_mixin.py:120} INFO - [2023-01-26T23:32:23.772+0000] {dagbag.py:537} INFO - Filling up the DagBag from /home/airflow/.local/lib/python3.7/site-packages/airflow/example_dags/example_branch_labels.py
[2023-01-26T23:32:23.782+0000] {processor.py:766} INFO - DAG(s) dict_keys(['example_branch_labels']) retrieved from /home/airflow/.local/lib/python3.7/site-packages/airflow/example_dags/example_branch_labels.py
[2023-01-26T23:32:23.808+0000] {logging_mixin.py:120} INFO - [2023-01-26T23:32:23.808+0000] {dag.py:2585} INFO - Sync 1 DAGs
[2023-01-26T23:32:23.826+0000] {logging_mixin.py:120} INFO - [2023-01-26T23:32:23.825+0000] {dag.py:3340} INFO - Setting next_dagrun for example_branch_labels to 2023-01-25T00:00:00+00:00, run_after=2023-01-26T00:00:00+00:00
[2023-01-26T23:32:23.838+0000] {processor.py:176} INFO - Processing /home/airflow/.local/lib/python3.7/site-packages/airflow/example_dags/example_branch_labels.py took 0.068 seconds
[2023-01-26T23:32:54.966+0000] {processor.py:154} INFO - Started process (PID=1506) to work on /home/airflow/.local/lib/python3.7/site-packages/airflow/example_dags/example_branch_labels.py
[2023-01-26T23:32:54.966+0000] {processor.py:756} INFO - Processing file /home/airflow/.local/lib/python3.7/site-packages/airflow/example_dags/example_branch_labels.py for tasks to queue
[2023-01-26T23:32:54.967+0000] {logging_mixin.py:120} INFO - [2023-01-26T23:32:54.967+0000] {dagbag.py:537} INFO - Filling up the DagBag from /home/airflow/.local/lib/python3.7/site-packages/airflow/example_dags/example_branch_labels.py
[2023-01-26T23:32:54.976+0000] {processor.py:766} INFO - DAG(s) dict_keys(['example_branch_labels']) retrieved from /home/airflow/.local/lib/python3.7/site-packages/airflow/example_dags/example_branch_labels.py
[2023-01-26T23:32:55.001+0000] {logging_mixin.py:120} INFO - [2023-01-26T23:32:55.001+0000] {dag.py:2585} INFO - Sync 1 DAGs
[2023-01-26T23:32:55.018+0000] {logging_mixin.py:120} INFO - [2023-01-26T23:32:55.018+0000] {dag.py:3340} INFO - Setting next_dagrun for example_branch_labels to 2023-01-25T00:00:00+00:00, run_after=2023-01-26T00:00:00+00:00
[2023-01-26T23:32:55.030+0000] {processor.py:176} INFO - Processing /home/airflow/.local/lib/python3.7/site-packages/airflow/example_dags/example_branch_labels.py took 0.066 seconds
[2023-01-26T23:33:25.213+0000] {processor.py:154} INFO - Started process (PID=1573) to work on /home/airflow/.local/lib/python3.7/site-packages/airflow/example_dags/example_branch_labels.py
[2023-01-26T23:33:25.214+0000] {processor.py:756} INFO - Processing file /home/airflow/.local/lib/python3.7/site-packages/airflow/example_dags/example_branch_labels.py for tasks to queue
[2023-01-26T23:33:25.215+0000] {logging_mixin.py:120} INFO - [2023-01-26T23:33:25.214+0000] {dagbag.py:537} INFO - Filling up the DagBag from /home/airflow/.local/lib/python3.7/site-packages/airflow/example_dags/example_branch_labels.py
[2023-01-26T23:33:25.224+0000] {processor.py:766} INFO - DAG(s) dict_keys(['example_branch_labels']) retrieved from /home/airflow/.local/lib/python3.7/site-packages/airflow/example_dags/example_branch_labels.py
[2023-01-26T23:33:25.248+0000] {logging_mixin.py:120} INFO - [2023-01-26T23:33:25.248+0000] {dag.py:2585} INFO - Sync 1 DAGs
[2023-01-26T23:33:25.265+0000] {logging_mixin.py:120} INFO - [2023-01-26T23:33:25.265+0000] {dag.py:3340} INFO - Setting next_dagrun for example_branch_labels to 2023-01-25T00:00:00+00:00, run_after=2023-01-26T00:00:00+00:00
[2023-01-26T23:33:25.278+0000] {processor.py:176} INFO - Processing /home/airflow/.local/lib/python3.7/site-packages/airflow/example_dags/example_branch_labels.py took 0.066 seconds
[2023-01-26T23:33:55.428+0000] {processor.py:154} INFO - Started process (PID=1640) to work on /home/airflow/.local/lib/python3.7/site-packages/airflow/example_dags/example_branch_labels.py
[2023-01-26T23:33:55.429+0000] {processor.py:756} INFO - Processing file /home/airflow/.local/lib/python3.7/site-packages/airflow/example_dags/example_branch_labels.py for tasks to queue
[2023-01-26T23:33:55.429+0000] {logging_mixin.py:120} INFO - [2023-01-26T23:33:55.429+0000] {dagbag.py:537} INFO - Filling up the DagBag from /home/airflow/.local/lib/python3.7/site-packages/airflow/example_dags/example_branch_labels.py
[2023-01-26T23:33:55.438+0000] {processor.py:766} INFO - DAG(s) dict_keys(['example_branch_labels']) retrieved from /home/airflow/.local/lib/python3.7/site-packages/airflow/example_dags/example_branch_labels.py
[2023-01-26T23:33:55.484+0000] {logging_mixin.py:120} INFO - [2023-01-26T23:33:55.484+0000] {dag.py:2585} INFO - Sync 1 DAGs
[2023-01-26T23:33:55.502+0000] {logging_mixin.py:120} INFO - [2023-01-26T23:33:55.502+0000] {dag.py:3340} INFO - Setting next_dagrun for example_branch_labels to 2023-01-25T00:00:00+00:00, run_after=2023-01-26T00:00:00+00:00
[2023-01-26T23:33:55.515+0000] {processor.py:176} INFO - Processing /home/airflow/.local/lib/python3.7/site-packages/airflow/example_dags/example_branch_labels.py took 0.089 seconds
[2023-01-26T23:34:25.753+0000] {processor.py:154} INFO - Started process (PID=1707) to work on /home/airflow/.local/lib/python3.7/site-packages/airflow/example_dags/example_branch_labels.py
[2023-01-26T23:34:25.754+0000] {processor.py:756} INFO - Processing file /home/airflow/.local/lib/python3.7/site-packages/airflow/example_dags/example_branch_labels.py for tasks to queue
[2023-01-26T23:34:25.754+0000] {logging_mixin.py:120} INFO - [2023-01-26T23:34:25.754+0000] {dagbag.py:537} INFO - Filling up the DagBag from /home/airflow/.local/lib/python3.7/site-packages/airflow/example_dags/example_branch_labels.py
[2023-01-26T23:34:25.764+0000] {processor.py:766} INFO - DAG(s) dict_keys(['example_branch_labels']) retrieved from /home/airflow/.local/lib/python3.7/site-packages/airflow/example_dags/example_branch_labels.py
[2023-01-26T23:34:25.791+0000] {logging_mixin.py:120} INFO - [2023-01-26T23:34:25.791+0000] {dag.py:2585} INFO - Sync 1 DAGs
[2023-01-26T23:34:25.808+0000] {logging_mixin.py:120} INFO - [2023-01-26T23:34:25.808+0000] {dag.py:3340} INFO - Setting next_dagrun for example_branch_labels to 2023-01-25T00:00:00+00:00, run_after=2023-01-26T00:00:00+00:00
[2023-01-26T23:34:25.820+0000] {processor.py:176} INFO - Processing /home/airflow/.local/lib/python3.7/site-packages/airflow/example_dags/example_branch_labels.py took 0.069 seconds
[2023-01-26T23:34:56.220+0000] {processor.py:154} INFO - Started process (PID=1775) to work on /home/airflow/.local/lib/python3.7/site-packages/airflow/example_dags/example_branch_labels.py
[2023-01-26T23:34:56.221+0000] {processor.py:756} INFO - Processing file /home/airflow/.local/lib/python3.7/site-packages/airflow/example_dags/example_branch_labels.py for tasks to queue
[2023-01-26T23:34:56.223+0000] {logging_mixin.py:120} INFO - [2023-01-26T23:34:56.222+0000] {dagbag.py:537} INFO - Filling up the DagBag from /home/airflow/.local/lib/python3.7/site-packages/airflow/example_dags/example_branch_labels.py
[2023-01-26T23:34:56.235+0000] {processor.py:766} INFO - DAG(s) dict_keys(['example_branch_labels']) retrieved from /home/airflow/.local/lib/python3.7/site-packages/airflow/example_dags/example_branch_labels.py
[2023-01-26T23:34:56.272+0000] {logging_mixin.py:120} INFO - [2023-01-26T23:34:56.272+0000] {dag.py:2585} INFO - Sync 1 DAGs
[2023-01-26T23:34:56.297+0000] {logging_mixin.py:120} INFO - [2023-01-26T23:34:56.297+0000] {dag.py:3340} INFO - Setting next_dagrun for example_branch_labels to 2023-01-25T00:00:00+00:00, run_after=2023-01-26T00:00:00+00:00
[2023-01-26T23:34:56.314+0000] {processor.py:176} INFO - Processing /home/airflow/.local/lib/python3.7/site-packages/airflow/example_dags/example_branch_labels.py took 0.096 seconds
[2023-01-26T23:35:27.361+0000] {processor.py:154} INFO - Started process (PID=1833) to work on /home/airflow/.local/lib/python3.7/site-packages/airflow/example_dags/example_branch_labels.py
[2023-01-26T23:35:27.362+0000] {processor.py:756} INFO - Processing file /home/airflow/.local/lib/python3.7/site-packages/airflow/example_dags/example_branch_labels.py for tasks to queue
[2023-01-26T23:35:27.362+0000] {logging_mixin.py:120} INFO - [2023-01-26T23:35:27.362+0000] {dagbag.py:537} INFO - Filling up the DagBag from /home/airflow/.local/lib/python3.7/site-packages/airflow/example_dags/example_branch_labels.py
[2023-01-26T23:35:27.371+0000] {processor.py:766} INFO - DAG(s) dict_keys(['example_branch_labels']) retrieved from /home/airflow/.local/lib/python3.7/site-packages/airflow/example_dags/example_branch_labels.py
[2023-01-26T23:35:27.395+0000] {logging_mixin.py:120} INFO - [2023-01-26T23:35:27.394+0000] {dag.py:2585} INFO - Sync 1 DAGs
[2023-01-26T23:35:27.412+0000] {logging_mixin.py:120} INFO - [2023-01-26T23:35:27.412+0000] {dag.py:3340} INFO - Setting next_dagrun for example_branch_labels to 2023-01-25T00:00:00+00:00, run_after=2023-01-26T00:00:00+00:00
[2023-01-26T23:35:27.424+0000] {processor.py:176} INFO - Processing /home/airflow/.local/lib/python3.7/site-packages/airflow/example_dags/example_branch_labels.py took 0.065 seconds
[2023-01-26T23:35:58.539+0000] {processor.py:154} INFO - Started process (PID=1899) to work on /home/airflow/.local/lib/python3.7/site-packages/airflow/example_dags/example_branch_labels.py
[2023-01-26T23:35:58.540+0000] {processor.py:756} INFO - Processing file /home/airflow/.local/lib/python3.7/site-packages/airflow/example_dags/example_branch_labels.py for tasks to queue
[2023-01-26T23:35:58.540+0000] {logging_mixin.py:120} INFO - [2023-01-26T23:35:58.540+0000] {dagbag.py:537} INFO - Filling up the DagBag from /home/airflow/.local/lib/python3.7/site-packages/airflow/example_dags/example_branch_labels.py
[2023-01-26T23:35:58.550+0000] {processor.py:766} INFO - DAG(s) dict_keys(['example_branch_labels']) retrieved from /home/airflow/.local/lib/python3.7/site-packages/airflow/example_dags/example_branch_labels.py
[2023-01-26T23:35:58.574+0000] {logging_mixin.py:120} INFO - [2023-01-26T23:35:58.574+0000] {dag.py:2585} INFO - Sync 1 DAGs
[2023-01-26T23:35:58.591+0000] {logging_mixin.py:120} INFO - [2023-01-26T23:35:58.591+0000] {dag.py:3340} INFO - Setting next_dagrun for example_branch_labels to 2023-01-25T00:00:00+00:00, run_after=2023-01-26T00:00:00+00:00
[2023-01-26T23:35:58.604+0000] {processor.py:176} INFO - Processing /home/airflow/.local/lib/python3.7/site-packages/airflow/example_dags/example_branch_labels.py took 0.066 seconds
[2023-01-26T23:36:29.612+0000] {processor.py:154} INFO - Started process (PID=1965) to work on /home/airflow/.local/lib/python3.7/site-packages/airflow/example_dags/example_branch_labels.py
[2023-01-26T23:36:29.613+0000] {processor.py:756} INFO - Processing file /home/airflow/.local/lib/python3.7/site-packages/airflow/example_dags/example_branch_labels.py for tasks to queue
[2023-01-26T23:36:29.613+0000] {logging_mixin.py:120} INFO - [2023-01-26T23:36:29.613+0000] {dagbag.py:537} INFO - Filling up the DagBag from /home/airflow/.local/lib/python3.7/site-packages/airflow/example_dags/example_branch_labels.py
[2023-01-26T23:36:29.622+0000] {processor.py:766} INFO - DAG(s) dict_keys(['example_branch_labels']) retrieved from /home/airflow/.local/lib/python3.7/site-packages/airflow/example_dags/example_branch_labels.py
[2023-01-26T23:36:29.649+0000] {logging_mixin.py:120} INFO - [2023-01-26T23:36:29.648+0000] {dag.py:2585} INFO - Sync 1 DAGs
[2023-01-26T23:36:29.668+0000] {logging_mixin.py:120} INFO - [2023-01-26T23:36:29.667+0000] {dag.py:3340} INFO - Setting next_dagrun for example_branch_labels to 2023-01-25T00:00:00+00:00, run_after=2023-01-26T00:00:00+00:00
[2023-01-26T23:36:29.680+0000] {processor.py:176} INFO - Processing /home/airflow/.local/lib/python3.7/site-packages/airflow/example_dags/example_branch_labels.py took 0.071 seconds
[2023-01-26T23:36:59.978+0000] {processor.py:154} INFO - Started process (PID=2032) to work on /home/airflow/.local/lib/python3.7/site-packages/airflow/example_dags/example_branch_labels.py
[2023-01-26T23:36:59.979+0000] {processor.py:756} INFO - Processing file /home/airflow/.local/lib/python3.7/site-packages/airflow/example_dags/example_branch_labels.py for tasks to queue
[2023-01-26T23:36:59.979+0000] {logging_mixin.py:120} INFO - [2023-01-26T23:36:59.979+0000] {dagbag.py:537} INFO - Filling up the DagBag from /home/airflow/.local/lib/python3.7/site-packages/airflow/example_dags/example_branch_labels.py
[2023-01-26T23:36:59.988+0000] {processor.py:766} INFO - DAG(s) dict_keys(['example_branch_labels']) retrieved from /home/airflow/.local/lib/python3.7/site-packages/airflow/example_dags/example_branch_labels.py
[2023-01-26T23:37:00.017+0000] {logging_mixin.py:120} INFO - [2023-01-26T23:37:00.017+0000] {dag.py:2585} INFO - Sync 1 DAGs
[2023-01-26T23:37:00.041+0000] {logging_mixin.py:120} INFO - [2023-01-26T23:37:00.041+0000] {dag.py:3340} INFO - Setting next_dagrun for example_branch_labels to 2023-01-25T00:00:00+00:00, run_after=2023-01-26T00:00:00+00:00
[2023-01-26T23:37:00.056+0000] {processor.py:176} INFO - Processing /home/airflow/.local/lib/python3.7/site-packages/airflow/example_dags/example_branch_labels.py took 0.080 seconds
[2023-01-26T23:37:30.211+0000] {processor.py:154} INFO - Started process (PID=2100) to work on /home/airflow/.local/lib/python3.7/site-packages/airflow/example_dags/example_branch_labels.py
[2023-01-26T23:37:30.212+0000] {processor.py:756} INFO - Processing file /home/airflow/.local/lib/python3.7/site-packages/airflow/example_dags/example_branch_labels.py for tasks to queue
[2023-01-26T23:37:30.212+0000] {logging_mixin.py:120} INFO - [2023-01-26T23:37:30.212+0000] {dagbag.py:537} INFO - Filling up the DagBag from /home/airflow/.local/lib/python3.7/site-packages/airflow/example_dags/example_branch_labels.py
[2023-01-26T23:37:30.223+0000] {processor.py:766} INFO - DAG(s) dict_keys(['example_branch_labels']) retrieved from /home/airflow/.local/lib/python3.7/site-packages/airflow/example_dags/example_branch_labels.py
[2023-01-26T23:37:30.266+0000] {logging_mixin.py:120} INFO - [2023-01-26T23:37:30.266+0000] {dag.py:2585} INFO - Sync 1 DAGs
[2023-01-26T23:37:30.294+0000] {logging_mixin.py:120} INFO - [2023-01-26T23:37:30.294+0000] {dag.py:3340} INFO - Setting next_dagrun for example_branch_labels to 2023-01-25T00:00:00+00:00, run_after=2023-01-26T00:00:00+00:00
[2023-01-26T23:37:30.312+0000] {processor.py:176} INFO - Processing /home/airflow/.local/lib/python3.7/site-packages/airflow/example_dags/example_branch_labels.py took 0.104 seconds
[2023-01-26T23:38:01.278+0000] {processor.py:154} INFO - Started process (PID=2159) to work on /home/airflow/.local/lib/python3.7/site-packages/airflow/example_dags/example_branch_labels.py
[2023-01-26T23:38:01.280+0000] {processor.py:756} INFO - Processing file /home/airflow/.local/lib/python3.7/site-packages/airflow/example_dags/example_branch_labels.py for tasks to queue
[2023-01-26T23:38:01.280+0000] {logging_mixin.py:120} INFO - [2023-01-26T23:38:01.280+0000] {dagbag.py:537} INFO - Filling up the DagBag from /home/airflow/.local/lib/python3.7/site-packages/airflow/example_dags/example_branch_labels.py
[2023-01-26T23:38:01.290+0000] {processor.py:766} INFO - DAG(s) dict_keys(['example_branch_labels']) retrieved from /home/airflow/.local/lib/python3.7/site-packages/airflow/example_dags/example_branch_labels.py
[2023-01-26T23:38:01.315+0000] {logging_mixin.py:120} INFO - [2023-01-26T23:38:01.315+0000] {dag.py:2585} INFO - Sync 1 DAGs
[2023-01-26T23:38:01.333+0000] {logging_mixin.py:120} INFO - [2023-01-26T23:38:01.333+0000] {dag.py:3340} INFO - Setting next_dagrun for example_branch_labels to 2023-01-25T00:00:00+00:00, run_after=2023-01-26T00:00:00+00:00
[2023-01-26T23:38:01.345+0000] {processor.py:176} INFO - Processing /home/airflow/.local/lib/python3.7/site-packages/airflow/example_dags/example_branch_labels.py took 0.069 seconds
[2023-01-26T23:38:31.635+0000] {processor.py:154} INFO - Started process (PID=2227) to work on /home/airflow/.local/lib/python3.7/site-packages/airflow/example_dags/example_branch_labels.py
[2023-01-26T23:38:31.636+0000] {processor.py:756} INFO - Processing file /home/airflow/.local/lib/python3.7/site-packages/airflow/example_dags/example_branch_labels.py for tasks to queue
[2023-01-26T23:38:31.636+0000] {logging_mixin.py:120} INFO - [2023-01-26T23:38:31.636+0000] {dagbag.py:537} INFO - Filling up the DagBag from /home/airflow/.local/lib/python3.7/site-packages/airflow/example_dags/example_branch_labels.py
[2023-01-26T23:38:31.645+0000] {processor.py:766} INFO - DAG(s) dict_keys(['example_branch_labels']) retrieved from /home/airflow/.local/lib/python3.7/site-packages/airflow/example_dags/example_branch_labels.py
[2023-01-26T23:38:31.671+0000] {logging_mixin.py:120} INFO - [2023-01-26T23:38:31.670+0000] {dag.py:2585} INFO - Sync 1 DAGs
[2023-01-26T23:38:31.689+0000] {logging_mixin.py:120} INFO - [2023-01-26T23:38:31.689+0000] {dag.py:3340} INFO - Setting next_dagrun for example_branch_labels to 2023-01-25T00:00:00+00:00, run_after=2023-01-26T00:00:00+00:00
[2023-01-26T23:38:31.701+0000] {processor.py:176} INFO - Processing /home/airflow/.local/lib/python3.7/site-packages/airflow/example_dags/example_branch_labels.py took 0.068 seconds
[2023-01-26T23:39:01.946+0000] {processor.py:154} INFO - Started process (PID=2295) to work on /home/airflow/.local/lib/python3.7/site-packages/airflow/example_dags/example_branch_labels.py
[2023-01-26T23:39:01.946+0000] {processor.py:756} INFO - Processing file /home/airflow/.local/lib/python3.7/site-packages/airflow/example_dags/example_branch_labels.py for tasks to queue
[2023-01-26T23:39:01.947+0000] {logging_mixin.py:120} INFO - [2023-01-26T23:39:01.947+0000] {dagbag.py:537} INFO - Filling up the DagBag from /home/airflow/.local/lib/python3.7/site-packages/airflow/example_dags/example_branch_labels.py
[2023-01-26T23:39:01.956+0000] {processor.py:766} INFO - DAG(s) dict_keys(['example_branch_labels']) retrieved from /home/airflow/.local/lib/python3.7/site-packages/airflow/example_dags/example_branch_labels.py
[2023-01-26T23:39:01.981+0000] {logging_mixin.py:120} INFO - [2023-01-26T23:39:01.981+0000] {dag.py:2585} INFO - Sync 1 DAGs
[2023-01-26T23:39:01.998+0000] {logging_mixin.py:120} INFO - [2023-01-26T23:39:01.998+0000] {dag.py:3340} INFO - Setting next_dagrun for example_branch_labels to 2023-01-25T00:00:00+00:00, run_after=2023-01-26T00:00:00+00:00
[2023-01-26T23:39:02.012+0000] {processor.py:176} INFO - Processing /home/airflow/.local/lib/python3.7/site-packages/airflow/example_dags/example_branch_labels.py took 0.068 seconds
[2023-01-26T23:39:32.364+0000] {processor.py:154} INFO - Started process (PID=2363) to work on /home/airflow/.local/lib/python3.7/site-packages/airflow/example_dags/example_branch_labels.py
[2023-01-26T23:39:32.364+0000] {processor.py:756} INFO - Processing file /home/airflow/.local/lib/python3.7/site-packages/airflow/example_dags/example_branch_labels.py for tasks to queue
[2023-01-26T23:39:32.365+0000] {logging_mixin.py:120} INFO - [2023-01-26T23:39:32.365+0000] {dagbag.py:537} INFO - Filling up the DagBag from /home/airflow/.local/lib/python3.7/site-packages/airflow/example_dags/example_branch_labels.py
[2023-01-26T23:39:32.375+0000] {processor.py:766} INFO - DAG(s) dict_keys(['example_branch_labels']) retrieved from /home/airflow/.local/lib/python3.7/site-packages/airflow/example_dags/example_branch_labels.py
[2023-01-26T23:39:32.401+0000] {logging_mixin.py:120} INFO - [2023-01-26T23:39:32.401+0000] {dag.py:2585} INFO - Sync 1 DAGs
[2023-01-26T23:39:32.418+0000] {logging_mixin.py:120} INFO - [2023-01-26T23:39:32.418+0000] {dag.py:3340} INFO - Setting next_dagrun for example_branch_labels to 2023-01-25T00:00:00+00:00, run_after=2023-01-26T00:00:00+00:00
[2023-01-26T23:39:32.430+0000] {processor.py:176} INFO - Processing /home/airflow/.local/lib/python3.7/site-packages/airflow/example_dags/example_branch_labels.py took 0.068 seconds
[2023-01-26T23:40:03.554+0000] {processor.py:154} INFO - Started process (PID=2431) to work on /home/airflow/.local/lib/python3.7/site-packages/airflow/example_dags/example_branch_labels.py
[2023-01-26T23:40:03.554+0000] {processor.py:756} INFO - Processing file /home/airflow/.local/lib/python3.7/site-packages/airflow/example_dags/example_branch_labels.py for tasks to queue
[2023-01-26T23:40:03.554+0000] {logging_mixin.py:120} INFO - [2023-01-26T23:40:03.554+0000] {dagbag.py:537} INFO - Filling up the DagBag from /home/airflow/.local/lib/python3.7/site-packages/airflow/example_dags/example_branch_labels.py
[2023-01-26T23:40:03.564+0000] {processor.py:766} INFO - DAG(s) dict_keys(['example_branch_labels']) retrieved from /home/airflow/.local/lib/python3.7/site-packages/airflow/example_dags/example_branch_labels.py
[2023-01-26T23:40:03.589+0000] {logging_mixin.py:120} INFO - [2023-01-26T23:40:03.589+0000] {dag.py:2585} INFO - Sync 1 DAGs
[2023-01-26T23:40:03.608+0000] {logging_mixin.py:120} INFO - [2023-01-26T23:40:03.607+0000] {dag.py:3340} INFO - Setting next_dagrun for example_branch_labels to 2023-01-25T00:00:00+00:00, run_after=2023-01-26T00:00:00+00:00
[2023-01-26T23:40:03.620+0000] {processor.py:176} INFO - Processing /home/airflow/.local/lib/python3.7/site-packages/airflow/example_dags/example_branch_labels.py took 0.068 seconds
[2023-01-26T23:40:34.706+0000] {processor.py:154} INFO - Started process (PID=2499) to work on /home/airflow/.local/lib/python3.7/site-packages/airflow/example_dags/example_branch_labels.py
[2023-01-26T23:40:34.707+0000] {processor.py:756} INFO - Processing file /home/airflow/.local/lib/python3.7/site-packages/airflow/example_dags/example_branch_labels.py for tasks to queue
[2023-01-26T23:40:34.707+0000] {logging_mixin.py:120} INFO - [2023-01-26T23:40:34.707+0000] {dagbag.py:537} INFO - Filling up the DagBag from /home/airflow/.local/lib/python3.7/site-packages/airflow/example_dags/example_branch_labels.py
[2023-01-26T23:40:34.718+0000] {processor.py:766} INFO - DAG(s) dict_keys(['example_branch_labels']) retrieved from /home/airflow/.local/lib/python3.7/site-packages/airflow/example_dags/example_branch_labels.py
[2023-01-26T23:40:34.747+0000] {logging_mixin.py:120} INFO - [2023-01-26T23:40:34.747+0000] {dag.py:2585} INFO - Sync 1 DAGs
[2023-01-26T23:40:34.764+0000] {logging_mixin.py:120} INFO - [2023-01-26T23:40:34.764+0000] {dag.py:3340} INFO - Setting next_dagrun for example_branch_labels to 2023-01-25T00:00:00+00:00, run_after=2023-01-26T00:00:00+00:00
[2023-01-26T23:40:34.776+0000] {processor.py:176} INFO - Processing /home/airflow/.local/lib/python3.7/site-packages/airflow/example_dags/example_branch_labels.py took 0.071 seconds
[2023-01-26T23:41:05.965+0000] {processor.py:154} INFO - Started process (PID=2558) to work on /home/airflow/.local/lib/python3.7/site-packages/airflow/example_dags/example_branch_labels.py
[2023-01-26T23:41:05.965+0000] {processor.py:756} INFO - Processing file /home/airflow/.local/lib/python3.7/site-packages/airflow/example_dags/example_branch_labels.py for tasks to queue
[2023-01-26T23:41:05.966+0000] {logging_mixin.py:120} INFO - [2023-01-26T23:41:05.966+0000] {dagbag.py:537} INFO - Filling up the DagBag from /home/airflow/.local/lib/python3.7/site-packages/airflow/example_dags/example_branch_labels.py
[2023-01-26T23:41:05.975+0000] {processor.py:766} INFO - DAG(s) dict_keys(['example_branch_labels']) retrieved from /home/airflow/.local/lib/python3.7/site-packages/airflow/example_dags/example_branch_labels.py
[2023-01-26T23:41:06.004+0000] {logging_mixin.py:120} INFO - [2023-01-26T23:41:06.004+0000] {dag.py:2585} INFO - Sync 1 DAGs
[2023-01-26T23:41:06.028+0000] {logging_mixin.py:120} INFO - [2023-01-26T23:41:06.028+0000] {dag.py:3340} INFO - Setting next_dagrun for example_branch_labels to 2023-01-25T00:00:00+00:00, run_after=2023-01-26T00:00:00+00:00
[2023-01-26T23:41:06.047+0000] {processor.py:176} INFO - Processing /home/airflow/.local/lib/python3.7/site-packages/airflow/example_dags/example_branch_labels.py took 0.084 seconds
[2023-01-26T23:41:36.761+0000] {processor.py:154} INFO - Started process (PID=2626) to work on /home/airflow/.local/lib/python3.7/site-packages/airflow/example_dags/example_branch_labels.py
[2023-01-26T23:41:36.762+0000] {processor.py:756} INFO - Processing file /home/airflow/.local/lib/python3.7/site-packages/airflow/example_dags/example_branch_labels.py for tasks to queue
[2023-01-26T23:41:36.762+0000] {logging_mixin.py:120} INFO - [2023-01-26T23:41:36.762+0000] {dagbag.py:537} INFO - Filling up the DagBag from /home/airflow/.local/lib/python3.7/site-packages/airflow/example_dags/example_branch_labels.py
[2023-01-26T23:41:36.771+0000] {processor.py:766} INFO - DAG(s) dict_keys(['example_branch_labels']) retrieved from /home/airflow/.local/lib/python3.7/site-packages/airflow/example_dags/example_branch_labels.py
[2023-01-26T23:41:36.785+0000] {logging_mixin.py:120} INFO - [2023-01-26T23:41:36.785+0000] {dag.py:2585} INFO - Sync 1 DAGs
[2023-01-26T23:41:36.802+0000] {logging_mixin.py:120} INFO - [2023-01-26T23:41:36.802+0000] {dag.py:3340} INFO - Setting next_dagrun for example_branch_labels to 2023-01-25T00:00:00+00:00, run_after=2023-01-26T00:00:00+00:00
[2023-01-26T23:41:36.814+0000] {processor.py:176} INFO - Processing /home/airflow/.local/lib/python3.7/site-packages/airflow/example_dags/example_branch_labels.py took 0.055 seconds
[2023-01-26T23:42:07.102+0000] {processor.py:154} INFO - Started process (PID=2694) to work on /home/airflow/.local/lib/python3.7/site-packages/airflow/example_dags/example_branch_labels.py
[2023-01-26T23:42:07.103+0000] {processor.py:756} INFO - Processing file /home/airflow/.local/lib/python3.7/site-packages/airflow/example_dags/example_branch_labels.py for tasks to queue
[2023-01-26T23:42:07.104+0000] {logging_mixin.py:120} INFO - [2023-01-26T23:42:07.104+0000] {dagbag.py:537} INFO - Filling up the DagBag from /home/airflow/.local/lib/python3.7/site-packages/airflow/example_dags/example_branch_labels.py
[2023-01-26T23:42:07.113+0000] {processor.py:766} INFO - DAG(s) dict_keys(['example_branch_labels']) retrieved from /home/airflow/.local/lib/python3.7/site-packages/airflow/example_dags/example_branch_labels.py
[2023-01-26T23:42:07.138+0000] {logging_mixin.py:120} INFO - [2023-01-26T23:42:07.138+0000] {dag.py:2585} INFO - Sync 1 DAGs
[2023-01-26T23:42:07.155+0000] {logging_mixin.py:120} INFO - [2023-01-26T23:42:07.154+0000] {dag.py:3340} INFO - Setting next_dagrun for example_branch_labels to 2023-01-25T00:00:00+00:00, run_after=2023-01-26T00:00:00+00:00
[2023-01-26T23:42:07.166+0000] {processor.py:176} INFO - Processing /home/airflow/.local/lib/python3.7/site-packages/airflow/example_dags/example_branch_labels.py took 0.066 seconds
[2023-01-26T23:42:37.356+0000] {processor.py:154} INFO - Started process (PID=2762) to work on /home/airflow/.local/lib/python3.7/site-packages/airflow/example_dags/example_branch_labels.py
[2023-01-26T23:42:37.356+0000] {processor.py:756} INFO - Processing file /home/airflow/.local/lib/python3.7/site-packages/airflow/example_dags/example_branch_labels.py for tasks to queue
[2023-01-26T23:42:37.357+0000] {logging_mixin.py:120} INFO - [2023-01-26T23:42:37.357+0000] {dagbag.py:537} INFO - Filling up the DagBag from /home/airflow/.local/lib/python3.7/site-packages/airflow/example_dags/example_branch_labels.py
[2023-01-26T23:42:37.365+0000] {processor.py:766} INFO - DAG(s) dict_keys(['example_branch_labels']) retrieved from /home/airflow/.local/lib/python3.7/site-packages/airflow/example_dags/example_branch_labels.py
[2023-01-26T23:42:37.389+0000] {logging_mixin.py:120} INFO - [2023-01-26T23:42:37.389+0000] {dag.py:2585} INFO - Sync 1 DAGs
[2023-01-26T23:42:37.405+0000] {logging_mixin.py:120} INFO - [2023-01-26T23:42:37.405+0000] {dag.py:3340} INFO - Setting next_dagrun for example_branch_labels to 2023-01-25T00:00:00+00:00, run_after=2023-01-26T00:00:00+00:00
[2023-01-26T23:42:37.416+0000] {processor.py:176} INFO - Processing /home/airflow/.local/lib/python3.7/site-packages/airflow/example_dags/example_branch_labels.py took 0.061 seconds
[2023-01-26T23:43:07.725+0000] {processor.py:154} INFO - Started process (PID=2829) to work on /home/airflow/.local/lib/python3.7/site-packages/airflow/example_dags/example_branch_labels.py
[2023-01-26T23:43:07.726+0000] {processor.py:756} INFO - Processing file /home/airflow/.local/lib/python3.7/site-packages/airflow/example_dags/example_branch_labels.py for tasks to queue
[2023-01-26T23:43:07.726+0000] {logging_mixin.py:120} INFO - [2023-01-26T23:43:07.726+0000] {dagbag.py:537} INFO - Filling up the DagBag from /home/airflow/.local/lib/python3.7/site-packages/airflow/example_dags/example_branch_labels.py
[2023-01-26T23:43:07.736+0000] {processor.py:766} INFO - DAG(s) dict_keys(['example_branch_labels']) retrieved from /home/airflow/.local/lib/python3.7/site-packages/airflow/example_dags/example_branch_labels.py
[2023-01-26T23:43:07.762+0000] {logging_mixin.py:120} INFO - [2023-01-26T23:43:07.762+0000] {dag.py:2585} INFO - Sync 1 DAGs
[2023-01-26T23:43:07.781+0000] {logging_mixin.py:120} INFO - [2023-01-26T23:43:07.781+0000] {dag.py:3340} INFO - Setting next_dagrun for example_branch_labels to 2023-01-25T00:00:00+00:00, run_after=2023-01-26T00:00:00+00:00
[2023-01-26T23:43:07.795+0000] {processor.py:176} INFO - Processing /home/airflow/.local/lib/python3.7/site-packages/airflow/example_dags/example_branch_labels.py took 0.072 seconds
[2023-01-26T23:43:37.936+0000] {processor.py:154} INFO - Started process (PID=2888) to work on /home/airflow/.local/lib/python3.7/site-packages/airflow/example_dags/example_branch_labels.py
[2023-01-26T23:43:37.937+0000] {processor.py:756} INFO - Processing file /home/airflow/.local/lib/python3.7/site-packages/airflow/example_dags/example_branch_labels.py for tasks to queue
[2023-01-26T23:43:37.937+0000] {logging_mixin.py:120} INFO - [2023-01-26T23:43:37.937+0000] {dagbag.py:537} INFO - Filling up the DagBag from /home/airflow/.local/lib/python3.7/site-packages/airflow/example_dags/example_branch_labels.py
[2023-01-26T23:43:37.950+0000] {processor.py:766} INFO - DAG(s) dict_keys(['example_branch_labels']) retrieved from /home/airflow/.local/lib/python3.7/site-packages/airflow/example_dags/example_branch_labels.py
[2023-01-26T23:43:37.981+0000] {logging_mixin.py:120} INFO - [2023-01-26T23:43:37.981+0000] {dag.py:2585} INFO - Sync 1 DAGs
[2023-01-26T23:43:37.999+0000] {logging_mixin.py:120} INFO - [2023-01-26T23:43:37.998+0000] {dag.py:3340} INFO - Setting next_dagrun for example_branch_labels to 2023-01-25T00:00:00+00:00, run_after=2023-01-26T00:00:00+00:00
[2023-01-26T23:43:38.010+0000] {processor.py:176} INFO - Processing /home/airflow/.local/lib/python3.7/site-packages/airflow/example_dags/example_branch_labels.py took 0.077 seconds
[2023-01-26T23:44:09.066+0000] {processor.py:154} INFO - Started process (PID=2956) to work on /home/airflow/.local/lib/python3.7/site-packages/airflow/example_dags/example_branch_labels.py
[2023-01-26T23:44:09.067+0000] {processor.py:756} INFO - Processing file /home/airflow/.local/lib/python3.7/site-packages/airflow/example_dags/example_branch_labels.py for tasks to queue
[2023-01-26T23:44:09.067+0000] {logging_mixin.py:120} INFO - [2023-01-26T23:44:09.067+0000] {dagbag.py:537} INFO - Filling up the DagBag from /home/airflow/.local/lib/python3.7/site-packages/airflow/example_dags/example_branch_labels.py
[2023-01-26T23:44:09.076+0000] {processor.py:766} INFO - DAG(s) dict_keys(['example_branch_labels']) retrieved from /home/airflow/.local/lib/python3.7/site-packages/airflow/example_dags/example_branch_labels.py
[2023-01-26T23:44:09.101+0000] {logging_mixin.py:120} INFO - [2023-01-26T23:44:09.100+0000] {dag.py:2585} INFO - Sync 1 DAGs
[2023-01-26T23:44:09.116+0000] {logging_mixin.py:120} INFO - [2023-01-26T23:44:09.116+0000] {dag.py:3340} INFO - Setting next_dagrun for example_branch_labels to 2023-01-25T00:00:00+00:00, run_after=2023-01-26T00:00:00+00:00
[2023-01-26T23:44:09.128+0000] {processor.py:176} INFO - Processing /home/airflow/.local/lib/python3.7/site-packages/airflow/example_dags/example_branch_labels.py took 0.064 seconds
[2023-01-26T23:45:55.504+0000] {processor.py:154} INFO - Started process (PID=67) to work on /home/airflow/.local/lib/python3.7/site-packages/airflow/example_dags/example_branch_labels.py
[2023-01-26T23:45:55.505+0000] {processor.py:756} INFO - Processing file /home/airflow/.local/lib/python3.7/site-packages/airflow/example_dags/example_branch_labels.py for tasks to queue
[2023-01-26T23:45:55.506+0000] {logging_mixin.py:120} INFO - [2023-01-26T23:45:55.506+0000] {dagbag.py:537} INFO - Filling up the DagBag from /home/airflow/.local/lib/python3.7/site-packages/airflow/example_dags/example_branch_labels.py
[2023-01-26T23:45:55.532+0000] {processor.py:766} INFO - DAG(s) dict_keys(['example_branch_labels']) retrieved from /home/airflow/.local/lib/python3.7/site-packages/airflow/example_dags/example_branch_labels.py
[2023-01-26T23:45:55.567+0000] {logging_mixin.py:120} INFO - [2023-01-26T23:45:55.567+0000] {dag.py:2585} INFO - Sync 1 DAGs
[2023-01-26T23:45:55.612+0000] {logging_mixin.py:120} INFO - [2023-01-26T23:45:55.612+0000] {dag.py:3340} INFO - Setting next_dagrun for example_branch_labels to 2023-01-25T00:00:00+00:00, run_after=2023-01-26T00:00:00+00:00
[2023-01-26T23:45:55.639+0000] {processor.py:176} INFO - Processing /home/airflow/.local/lib/python3.7/site-packages/airflow/example_dags/example_branch_labels.py took 0.140 seconds
[2023-01-26T23:46:26.290+0000] {processor.py:154} INFO - Started process (PID=135) to work on /home/airflow/.local/lib/python3.7/site-packages/airflow/example_dags/example_branch_labels.py
[2023-01-26T23:46:26.291+0000] {processor.py:756} INFO - Processing file /home/airflow/.local/lib/python3.7/site-packages/airflow/example_dags/example_branch_labels.py for tasks to queue
[2023-01-26T23:46:26.291+0000] {logging_mixin.py:120} INFO - [2023-01-26T23:46:26.291+0000] {dagbag.py:537} INFO - Filling up the DagBag from /home/airflow/.local/lib/python3.7/site-packages/airflow/example_dags/example_branch_labels.py
[2023-01-26T23:46:26.300+0000] {processor.py:766} INFO - DAG(s) dict_keys(['example_branch_labels']) retrieved from /home/airflow/.local/lib/python3.7/site-packages/airflow/example_dags/example_branch_labels.py
[2023-01-26T23:46:26.325+0000] {logging_mixin.py:120} INFO - [2023-01-26T23:46:26.325+0000] {dag.py:2585} INFO - Sync 1 DAGs
[2023-01-26T23:46:26.343+0000] {logging_mixin.py:120} INFO - [2023-01-26T23:46:26.342+0000] {dag.py:3340} INFO - Setting next_dagrun for example_branch_labels to 2023-01-25T00:00:00+00:00, run_after=2023-01-26T00:00:00+00:00
[2023-01-26T23:46:26.354+0000] {processor.py:176} INFO - Processing /home/airflow/.local/lib/python3.7/site-packages/airflow/example_dags/example_branch_labels.py took 0.066 seconds
[2023-01-26T23:46:56.818+0000] {processor.py:154} INFO - Started process (PID=204) to work on /home/airflow/.local/lib/python3.7/site-packages/airflow/example_dags/example_branch_labels.py
[2023-01-26T23:46:56.818+0000] {processor.py:756} INFO - Processing file /home/airflow/.local/lib/python3.7/site-packages/airflow/example_dags/example_branch_labels.py for tasks to queue
[2023-01-26T23:46:56.818+0000] {logging_mixin.py:120} INFO - [2023-01-26T23:46:56.818+0000] {dagbag.py:537} INFO - Filling up the DagBag from /home/airflow/.local/lib/python3.7/site-packages/airflow/example_dags/example_branch_labels.py
[2023-01-26T23:46:56.827+0000] {processor.py:766} INFO - DAG(s) dict_keys(['example_branch_labels']) retrieved from /home/airflow/.local/lib/python3.7/site-packages/airflow/example_dags/example_branch_labels.py
[2023-01-26T23:46:56.852+0000] {logging_mixin.py:120} INFO - [2023-01-26T23:46:56.852+0000] {dag.py:2585} INFO - Sync 1 DAGs
[2023-01-26T23:46:56.868+0000] {logging_mixin.py:120} INFO - [2023-01-26T23:46:56.868+0000] {dag.py:3340} INFO - Setting next_dagrun for example_branch_labels to 2023-01-25T00:00:00+00:00, run_after=2023-01-26T00:00:00+00:00
[2023-01-26T23:46:56.879+0000] {processor.py:176} INFO - Processing /home/airflow/.local/lib/python3.7/site-packages/airflow/example_dags/example_branch_labels.py took 0.063 seconds
[2023-01-26T23:47:27.202+0000] {processor.py:154} INFO - Started process (PID=272) to work on /home/airflow/.local/lib/python3.7/site-packages/airflow/example_dags/example_branch_labels.py
[2023-01-26T23:47:27.202+0000] {processor.py:756} INFO - Processing file /home/airflow/.local/lib/python3.7/site-packages/airflow/example_dags/example_branch_labels.py for tasks to queue
[2023-01-26T23:47:27.203+0000] {logging_mixin.py:120} INFO - [2023-01-26T23:47:27.202+0000] {dagbag.py:537} INFO - Filling up the DagBag from /home/airflow/.local/lib/python3.7/site-packages/airflow/example_dags/example_branch_labels.py
[2023-01-26T23:47:27.212+0000] {processor.py:766} INFO - DAG(s) dict_keys(['example_branch_labels']) retrieved from /home/airflow/.local/lib/python3.7/site-packages/airflow/example_dags/example_branch_labels.py
[2023-01-26T23:47:27.238+0000] {logging_mixin.py:120} INFO - [2023-01-26T23:47:27.238+0000] {dag.py:2585} INFO - Sync 1 DAGs
[2023-01-26T23:47:27.255+0000] {logging_mixin.py:120} INFO - [2023-01-26T23:47:27.255+0000] {dag.py:3340} INFO - Setting next_dagrun for example_branch_labels to 2023-01-25T00:00:00+00:00, run_after=2023-01-26T00:00:00+00:00
[2023-01-26T23:47:27.268+0000] {processor.py:176} INFO - Processing /home/airflow/.local/lib/python3.7/site-packages/airflow/example_dags/example_branch_labels.py took 0.068 seconds
[2023-01-26T23:47:57.519+0000] {processor.py:154} INFO - Started process (PID=331) to work on /home/airflow/.local/lib/python3.7/site-packages/airflow/example_dags/example_branch_labels.py
[2023-01-26T23:47:57.520+0000] {processor.py:756} INFO - Processing file /home/airflow/.local/lib/python3.7/site-packages/airflow/example_dags/example_branch_labels.py for tasks to queue
[2023-01-26T23:47:57.520+0000] {logging_mixin.py:120} INFO - [2023-01-26T23:47:57.520+0000] {dagbag.py:537} INFO - Filling up the DagBag from /home/airflow/.local/lib/python3.7/site-packages/airflow/example_dags/example_branch_labels.py
[2023-01-26T23:47:57.529+0000] {processor.py:766} INFO - DAG(s) dict_keys(['example_branch_labels']) retrieved from /home/airflow/.local/lib/python3.7/site-packages/airflow/example_dags/example_branch_labels.py
[2023-01-26T23:47:57.554+0000] {logging_mixin.py:120} INFO - [2023-01-26T23:47:57.554+0000] {dag.py:2585} INFO - Sync 1 DAGs
[2023-01-26T23:47:57.573+0000] {logging_mixin.py:120} INFO - [2023-01-26T23:47:57.573+0000] {dag.py:3340} INFO - Setting next_dagrun for example_branch_labels to 2023-01-25T00:00:00+00:00, run_after=2023-01-26T00:00:00+00:00
[2023-01-26T23:47:57.585+0000] {processor.py:176} INFO - Processing /home/airflow/.local/lib/python3.7/site-packages/airflow/example_dags/example_branch_labels.py took 0.068 seconds
[2023-01-26T23:48:27.720+0000] {processor.py:154} INFO - Started process (PID=399) to work on /home/airflow/.local/lib/python3.7/site-packages/airflow/example_dags/example_branch_labels.py
[2023-01-26T23:48:27.721+0000] {processor.py:756} INFO - Processing file /home/airflow/.local/lib/python3.7/site-packages/airflow/example_dags/example_branch_labels.py for tasks to queue
[2023-01-26T23:48:27.721+0000] {logging_mixin.py:120} INFO - [2023-01-26T23:48:27.721+0000] {dagbag.py:537} INFO - Filling up the DagBag from /home/airflow/.local/lib/python3.7/site-packages/airflow/example_dags/example_branch_labels.py
[2023-01-26T23:48:27.730+0000] {processor.py:766} INFO - DAG(s) dict_keys(['example_branch_labels']) retrieved from /home/airflow/.local/lib/python3.7/site-packages/airflow/example_dags/example_branch_labels.py
[2023-01-26T23:48:27.757+0000] {logging_mixin.py:120} INFO - [2023-01-26T23:48:27.757+0000] {dag.py:2585} INFO - Sync 1 DAGs
[2023-01-26T23:48:27.774+0000] {logging_mixin.py:120} INFO - [2023-01-26T23:48:27.774+0000] {dag.py:3340} INFO - Setting next_dagrun for example_branch_labels to 2023-01-25T00:00:00+00:00, run_after=2023-01-26T00:00:00+00:00
[2023-01-26T23:48:27.787+0000] {processor.py:176} INFO - Processing /home/airflow/.local/lib/python3.7/site-packages/airflow/example_dags/example_branch_labels.py took 0.068 seconds
[2023-01-26T23:48:58.088+0000] {processor.py:154} INFO - Started process (PID=468) to work on /home/airflow/.local/lib/python3.7/site-packages/airflow/example_dags/example_branch_labels.py
[2023-01-26T23:48:58.089+0000] {processor.py:756} INFO - Processing file /home/airflow/.local/lib/python3.7/site-packages/airflow/example_dags/example_branch_labels.py for tasks to queue
[2023-01-26T23:48:58.090+0000] {logging_mixin.py:120} INFO - [2023-01-26T23:48:58.090+0000] {dagbag.py:537} INFO - Filling up the DagBag from /home/airflow/.local/lib/python3.7/site-packages/airflow/example_dags/example_branch_labels.py
[2023-01-26T23:48:58.099+0000] {processor.py:766} INFO - DAG(s) dict_keys(['example_branch_labels']) retrieved from /home/airflow/.local/lib/python3.7/site-packages/airflow/example_dags/example_branch_labels.py
[2023-01-26T23:48:58.124+0000] {logging_mixin.py:120} INFO - [2023-01-26T23:48:58.124+0000] {dag.py:2585} INFO - Sync 1 DAGs
[2023-01-26T23:48:58.140+0000] {logging_mixin.py:120} INFO - [2023-01-26T23:48:58.140+0000] {dag.py:3340} INFO - Setting next_dagrun for example_branch_labels to 2023-01-25T00:00:00+00:00, run_after=2023-01-26T00:00:00+00:00
[2023-01-26T23:48:58.152+0000] {processor.py:176} INFO - Processing /home/airflow/.local/lib/python3.7/site-packages/airflow/example_dags/example_branch_labels.py took 0.065 seconds
[2023-01-26T23:49:28.480+0000] {processor.py:154} INFO - Started process (PID=535) to work on /home/airflow/.local/lib/python3.7/site-packages/airflow/example_dags/example_branch_labels.py
[2023-01-26T23:49:28.481+0000] {processor.py:756} INFO - Processing file /home/airflow/.local/lib/python3.7/site-packages/airflow/example_dags/example_branch_labels.py for tasks to queue
[2023-01-26T23:49:28.481+0000] {logging_mixin.py:120} INFO - [2023-01-26T23:49:28.481+0000] {dagbag.py:537} INFO - Filling up the DagBag from /home/airflow/.local/lib/python3.7/site-packages/airflow/example_dags/example_branch_labels.py
[2023-01-26T23:49:28.490+0000] {processor.py:766} INFO - DAG(s) dict_keys(['example_branch_labels']) retrieved from /home/airflow/.local/lib/python3.7/site-packages/airflow/example_dags/example_branch_labels.py
[2023-01-26T23:49:28.514+0000] {logging_mixin.py:120} INFO - [2023-01-26T23:49:28.514+0000] {dag.py:2585} INFO - Sync 1 DAGs
[2023-01-26T23:49:28.531+0000] {logging_mixin.py:120} INFO - [2023-01-26T23:49:28.531+0000] {dag.py:3340} INFO - Setting next_dagrun for example_branch_labels to 2023-01-25T00:00:00+00:00, run_after=2023-01-26T00:00:00+00:00
[2023-01-26T23:49:28.543+0000] {processor.py:176} INFO - Processing /home/airflow/.local/lib/python3.7/site-packages/airflow/example_dags/example_branch_labels.py took 0.065 seconds
[2023-01-26T23:49:58.868+0000] {processor.py:154} INFO - Started process (PID=593) to work on /home/airflow/.local/lib/python3.7/site-packages/airflow/example_dags/example_branch_labels.py
[2023-01-26T23:49:58.869+0000] {processor.py:756} INFO - Processing file /home/airflow/.local/lib/python3.7/site-packages/airflow/example_dags/example_branch_labels.py for tasks to queue
[2023-01-26T23:49:58.870+0000] {logging_mixin.py:120} INFO - [2023-01-26T23:49:58.870+0000] {dagbag.py:537} INFO - Filling up the DagBag from /home/airflow/.local/lib/python3.7/site-packages/airflow/example_dags/example_branch_labels.py
[2023-01-26T23:49:58.878+0000] {processor.py:766} INFO - DAG(s) dict_keys(['example_branch_labels']) retrieved from /home/airflow/.local/lib/python3.7/site-packages/airflow/example_dags/example_branch_labels.py
[2023-01-26T23:49:58.904+0000] {logging_mixin.py:120} INFO - [2023-01-26T23:49:58.904+0000] {dag.py:2585} INFO - Sync 1 DAGs
[2023-01-26T23:49:58.922+0000] {logging_mixin.py:120} INFO - [2023-01-26T23:49:58.921+0000] {dag.py:3340} INFO - Setting next_dagrun for example_branch_labels to 2023-01-25T00:00:00+00:00, run_after=2023-01-26T00:00:00+00:00
[2023-01-26T23:49:58.933+0000] {processor.py:176} INFO - Processing /home/airflow/.local/lib/python3.7/site-packages/airflow/example_dags/example_branch_labels.py took 0.067 seconds
[2023-01-26T23:50:30.067+0000] {processor.py:154} INFO - Started process (PID=661) to work on /home/airflow/.local/lib/python3.7/site-packages/airflow/example_dags/example_branch_labels.py
[2023-01-26T23:50:30.069+0000] {processor.py:756} INFO - Processing file /home/airflow/.local/lib/python3.7/site-packages/airflow/example_dags/example_branch_labels.py for tasks to queue
[2023-01-26T23:50:30.069+0000] {logging_mixin.py:120} INFO - [2023-01-26T23:50:30.069+0000] {dagbag.py:537} INFO - Filling up the DagBag from /home/airflow/.local/lib/python3.7/site-packages/airflow/example_dags/example_branch_labels.py
[2023-01-26T23:50:30.080+0000] {processor.py:766} INFO - DAG(s) dict_keys(['example_branch_labels']) retrieved from /home/airflow/.local/lib/python3.7/site-packages/airflow/example_dags/example_branch_labels.py
[2023-01-26T23:50:30.109+0000] {logging_mixin.py:120} INFO - [2023-01-26T23:50:30.109+0000] {dag.py:2585} INFO - Sync 1 DAGs
[2023-01-26T23:50:30.127+0000] {logging_mixin.py:120} INFO - [2023-01-26T23:50:30.127+0000] {dag.py:3340} INFO - Setting next_dagrun for example_branch_labels to 2023-01-25T00:00:00+00:00, run_after=2023-01-26T00:00:00+00:00
[2023-01-26T23:50:30.141+0000] {processor.py:176} INFO - Processing /home/airflow/.local/lib/python3.7/site-packages/airflow/example_dags/example_branch_labels.py took 0.076 seconds
[2023-01-26T23:51:00.541+0000] {processor.py:154} INFO - Started process (PID=729) to work on /home/airflow/.local/lib/python3.7/site-packages/airflow/example_dags/example_branch_labels.py
[2023-01-26T23:51:00.543+0000] {processor.py:756} INFO - Processing file /home/airflow/.local/lib/python3.7/site-packages/airflow/example_dags/example_branch_labels.py for tasks to queue
[2023-01-26T23:51:00.543+0000] {logging_mixin.py:120} INFO - [2023-01-26T23:51:00.543+0000] {dagbag.py:537} INFO - Filling up the DagBag from /home/airflow/.local/lib/python3.7/site-packages/airflow/example_dags/example_branch_labels.py
[2023-01-26T23:51:00.552+0000] {processor.py:766} INFO - DAG(s) dict_keys(['example_branch_labels']) retrieved from /home/airflow/.local/lib/python3.7/site-packages/airflow/example_dags/example_branch_labels.py
[2023-01-26T23:51:00.577+0000] {logging_mixin.py:120} INFO - [2023-01-26T23:51:00.577+0000] {dag.py:2585} INFO - Sync 1 DAGs
[2023-01-26T23:51:00.596+0000] {logging_mixin.py:120} INFO - [2023-01-26T23:51:00.596+0000] {dag.py:3340} INFO - Setting next_dagrun for example_branch_labels to 2023-01-25T00:00:00+00:00, run_after=2023-01-26T00:00:00+00:00
[2023-01-26T23:51:00.609+0000] {processor.py:176} INFO - Processing /home/airflow/.local/lib/python3.7/site-packages/airflow/example_dags/example_branch_labels.py took 0.069 seconds
[2023-01-26T23:51:30.898+0000] {processor.py:154} INFO - Started process (PID=798) to work on /home/airflow/.local/lib/python3.7/site-packages/airflow/example_dags/example_branch_labels.py
[2023-01-26T23:51:30.899+0000] {processor.py:756} INFO - Processing file /home/airflow/.local/lib/python3.7/site-packages/airflow/example_dags/example_branch_labels.py for tasks to queue
[2023-01-26T23:51:30.899+0000] {logging_mixin.py:120} INFO - [2023-01-26T23:51:30.899+0000] {dagbag.py:537} INFO - Filling up the DagBag from /home/airflow/.local/lib/python3.7/site-packages/airflow/example_dags/example_branch_labels.py
[2023-01-26T23:51:30.909+0000] {processor.py:766} INFO - DAG(s) dict_keys(['example_branch_labels']) retrieved from /home/airflow/.local/lib/python3.7/site-packages/airflow/example_dags/example_branch_labels.py
[2023-01-26T23:51:30.941+0000] {logging_mixin.py:120} INFO - [2023-01-26T23:51:30.940+0000] {dag.py:2585} INFO - Sync 1 DAGs
[2023-01-26T23:51:30.961+0000] {logging_mixin.py:120} INFO - [2023-01-26T23:51:30.961+0000] {dag.py:3340} INFO - Setting next_dagrun for example_branch_labels to 2023-01-25T00:00:00+00:00, run_after=2023-01-26T00:00:00+00:00
[2023-01-26T23:51:30.976+0000] {processor.py:176} INFO - Processing /home/airflow/.local/lib/python3.7/site-packages/airflow/example_dags/example_branch_labels.py took 0.080 seconds
[2023-01-26T23:52:01.295+0000] {processor.py:154} INFO - Started process (PID=866) to work on /home/airflow/.local/lib/python3.7/site-packages/airflow/example_dags/example_branch_labels.py
[2023-01-26T23:52:01.295+0000] {processor.py:756} INFO - Processing file /home/airflow/.local/lib/python3.7/site-packages/airflow/example_dags/example_branch_labels.py for tasks to queue
[2023-01-26T23:52:01.296+0000] {logging_mixin.py:120} INFO - [2023-01-26T23:52:01.296+0000] {dagbag.py:537} INFO - Filling up the DagBag from /home/airflow/.local/lib/python3.7/site-packages/airflow/example_dags/example_branch_labels.py
[2023-01-26T23:52:01.305+0000] {processor.py:766} INFO - DAG(s) dict_keys(['example_branch_labels']) retrieved from /home/airflow/.local/lib/python3.7/site-packages/airflow/example_dags/example_branch_labels.py
[2023-01-26T23:52:01.330+0000] {logging_mixin.py:120} INFO - [2023-01-26T23:52:01.330+0000] {dag.py:2585} INFO - Sync 1 DAGs
[2023-01-26T23:52:01.349+0000] {logging_mixin.py:120} INFO - [2023-01-26T23:52:01.349+0000] {dag.py:3340} INFO - Setting next_dagrun for example_branch_labels to 2023-01-25T00:00:00+00:00, run_after=2023-01-26T00:00:00+00:00
[2023-01-26T23:52:01.362+0000] {processor.py:176} INFO - Processing /home/airflow/.local/lib/python3.7/site-packages/airflow/example_dags/example_branch_labels.py took 0.069 seconds
[2023-01-26T23:52:31.632+0000] {processor.py:154} INFO - Started process (PID=925) to work on /home/airflow/.local/lib/python3.7/site-packages/airflow/example_dags/example_branch_labels.py
[2023-01-26T23:52:31.633+0000] {processor.py:756} INFO - Processing file /home/airflow/.local/lib/python3.7/site-packages/airflow/example_dags/example_branch_labels.py for tasks to queue
[2023-01-26T23:52:31.633+0000] {logging_mixin.py:120} INFO - [2023-01-26T23:52:31.633+0000] {dagbag.py:537} INFO - Filling up the DagBag from /home/airflow/.local/lib/python3.7/site-packages/airflow/example_dags/example_branch_labels.py
[2023-01-26T23:52:31.642+0000] {processor.py:766} INFO - DAG(s) dict_keys(['example_branch_labels']) retrieved from /home/airflow/.local/lib/python3.7/site-packages/airflow/example_dags/example_branch_labels.py
[2023-01-26T23:52:31.669+0000] {logging_mixin.py:120} INFO - [2023-01-26T23:52:31.668+0000] {dag.py:2585} INFO - Sync 1 DAGs
[2023-01-26T23:52:31.686+0000] {logging_mixin.py:120} INFO - [2023-01-26T23:52:31.685+0000] {dag.py:3340} INFO - Setting next_dagrun for example_branch_labels to 2023-01-25T00:00:00+00:00, run_after=2023-01-26T00:00:00+00:00
[2023-01-26T23:52:31.698+0000] {processor.py:176} INFO - Processing /home/airflow/.local/lib/python3.7/site-packages/airflow/example_dags/example_branch_labels.py took 0.068 seconds
[2023-01-26T23:53:01.859+0000] {processor.py:154} INFO - Started process (PID=993) to work on /home/airflow/.local/lib/python3.7/site-packages/airflow/example_dags/example_branch_labels.py
[2023-01-26T23:53:01.860+0000] {processor.py:756} INFO - Processing file /home/airflow/.local/lib/python3.7/site-packages/airflow/example_dags/example_branch_labels.py for tasks to queue
[2023-01-26T23:53:01.861+0000] {logging_mixin.py:120} INFO - [2023-01-26T23:53:01.861+0000] {dagbag.py:537} INFO - Filling up the DagBag from /home/airflow/.local/lib/python3.7/site-packages/airflow/example_dags/example_branch_labels.py
[2023-01-26T23:53:01.870+0000] {processor.py:766} INFO - DAG(s) dict_keys(['example_branch_labels']) retrieved from /home/airflow/.local/lib/python3.7/site-packages/airflow/example_dags/example_branch_labels.py
[2023-01-26T23:53:01.895+0000] {logging_mixin.py:120} INFO - [2023-01-26T23:53:01.895+0000] {dag.py:2585} INFO - Sync 1 DAGs
[2023-01-26T23:53:01.912+0000] {logging_mixin.py:120} INFO - [2023-01-26T23:53:01.912+0000] {dag.py:3340} INFO - Setting next_dagrun for example_branch_labels to 2023-01-25T00:00:00+00:00, run_after=2023-01-26T00:00:00+00:00
[2023-01-26T23:53:01.924+0000] {processor.py:176} INFO - Processing /home/airflow/.local/lib/python3.7/site-packages/airflow/example_dags/example_branch_labels.py took 0.067 seconds
[2023-01-26T23:53:32.258+0000] {processor.py:154} INFO - Started process (PID=1061) to work on /home/airflow/.local/lib/python3.7/site-packages/airflow/example_dags/example_branch_labels.py
[2023-01-26T23:53:32.259+0000] {processor.py:756} INFO - Processing file /home/airflow/.local/lib/python3.7/site-packages/airflow/example_dags/example_branch_labels.py for tasks to queue
[2023-01-26T23:53:32.260+0000] {logging_mixin.py:120} INFO - [2023-01-26T23:53:32.259+0000] {dagbag.py:537} INFO - Filling up the DagBag from /home/airflow/.local/lib/python3.7/site-packages/airflow/example_dags/example_branch_labels.py
[2023-01-26T23:53:32.269+0000] {processor.py:766} INFO - DAG(s) dict_keys(['example_branch_labels']) retrieved from /home/airflow/.local/lib/python3.7/site-packages/airflow/example_dags/example_branch_labels.py
[2023-01-26T23:53:32.297+0000] {logging_mixin.py:120} INFO - [2023-01-26T23:53:32.297+0000] {dag.py:2585} INFO - Sync 1 DAGs
[2023-01-26T23:53:32.316+0000] {logging_mixin.py:120} INFO - [2023-01-26T23:53:32.316+0000] {dag.py:3340} INFO - Setting next_dagrun for example_branch_labels to 2023-01-25T00:00:00+00:00, run_after=2023-01-26T00:00:00+00:00
[2023-01-26T23:53:32.330+0000] {processor.py:176} INFO - Processing /home/airflow/.local/lib/python3.7/site-packages/airflow/example_dags/example_branch_labels.py took 0.074 seconds
[2023-01-26T23:54:02.429+0000] {processor.py:154} INFO - Started process (PID=1127) to work on /home/airflow/.local/lib/python3.7/site-packages/airflow/example_dags/example_branch_labels.py
[2023-01-26T23:54:02.430+0000] {processor.py:756} INFO - Processing file /home/airflow/.local/lib/python3.7/site-packages/airflow/example_dags/example_branch_labels.py for tasks to queue
[2023-01-26T23:54:02.430+0000] {logging_mixin.py:120} INFO - [2023-01-26T23:54:02.430+0000] {dagbag.py:537} INFO - Filling up the DagBag from /home/airflow/.local/lib/python3.7/site-packages/airflow/example_dags/example_branch_labels.py
[2023-01-26T23:54:02.439+0000] {processor.py:766} INFO - DAG(s) dict_keys(['example_branch_labels']) retrieved from /home/airflow/.local/lib/python3.7/site-packages/airflow/example_dags/example_branch_labels.py
[2023-01-26T23:54:02.466+0000] {logging_mixin.py:120} INFO - [2023-01-26T23:54:02.466+0000] {dag.py:2585} INFO - Sync 1 DAGs
[2023-01-26T23:54:02.485+0000] {logging_mixin.py:120} INFO - [2023-01-26T23:54:02.484+0000] {dag.py:3340} INFO - Setting next_dagrun for example_branch_labels to 2023-01-25T00:00:00+00:00, run_after=2023-01-26T00:00:00+00:00
[2023-01-26T23:54:02.497+0000] {processor.py:176} INFO - Processing /home/airflow/.local/lib/python3.7/site-packages/airflow/example_dags/example_branch_labels.py took 0.070 seconds
[2023-01-26T23:54:32.811+0000] {processor.py:154} INFO - Started process (PID=1186) to work on /home/airflow/.local/lib/python3.7/site-packages/airflow/example_dags/example_branch_labels.py
[2023-01-26T23:54:32.812+0000] {processor.py:756} INFO - Processing file /home/airflow/.local/lib/python3.7/site-packages/airflow/example_dags/example_branch_labels.py for tasks to queue
[2023-01-26T23:54:32.813+0000] {logging_mixin.py:120} INFO - [2023-01-26T23:54:32.813+0000] {dagbag.py:537} INFO - Filling up the DagBag from /home/airflow/.local/lib/python3.7/site-packages/airflow/example_dags/example_branch_labels.py
[2023-01-26T23:54:32.823+0000] {processor.py:766} INFO - DAG(s) dict_keys(['example_branch_labels']) retrieved from /home/airflow/.local/lib/python3.7/site-packages/airflow/example_dags/example_branch_labels.py
[2023-01-26T23:54:32.851+0000] {logging_mixin.py:120} INFO - [2023-01-26T23:54:32.851+0000] {dag.py:2585} INFO - Sync 1 DAGs
[2023-01-26T23:54:32.869+0000] {logging_mixin.py:120} INFO - [2023-01-26T23:54:32.869+0000] {dag.py:3340} INFO - Setting next_dagrun for example_branch_labels to 2023-01-25T00:00:00+00:00, run_after=2023-01-26T00:00:00+00:00
[2023-01-26T23:54:32.882+0000] {processor.py:176} INFO - Processing /home/airflow/.local/lib/python3.7/site-packages/airflow/example_dags/example_branch_labels.py took 0.073 seconds
[2023-01-26T23:55:03.145+0000] {processor.py:154} INFO - Started process (PID=1254) to work on /home/airflow/.local/lib/python3.7/site-packages/airflow/example_dags/example_branch_labels.py
[2023-01-26T23:55:03.145+0000] {processor.py:756} INFO - Processing file /home/airflow/.local/lib/python3.7/site-packages/airflow/example_dags/example_branch_labels.py for tasks to queue
[2023-01-26T23:55:03.146+0000] {logging_mixin.py:120} INFO - [2023-01-26T23:55:03.146+0000] {dagbag.py:537} INFO - Filling up the DagBag from /home/airflow/.local/lib/python3.7/site-packages/airflow/example_dags/example_branch_labels.py
[2023-01-26T23:55:03.156+0000] {processor.py:766} INFO - DAG(s) dict_keys(['example_branch_labels']) retrieved from /home/airflow/.local/lib/python3.7/site-packages/airflow/example_dags/example_branch_labels.py
[2023-01-26T23:55:03.183+0000] {logging_mixin.py:120} INFO - [2023-01-26T23:55:03.183+0000] {dag.py:2585} INFO - Sync 1 DAGs
[2023-01-26T23:55:03.201+0000] {logging_mixin.py:120} INFO - [2023-01-26T23:55:03.201+0000] {dag.py:3340} INFO - Setting next_dagrun for example_branch_labels to 2023-01-25T00:00:00+00:00, run_after=2023-01-26T00:00:00+00:00
[2023-01-26T23:55:03.214+0000] {processor.py:176} INFO - Processing /home/airflow/.local/lib/python3.7/site-packages/airflow/example_dags/example_branch_labels.py took 0.071 seconds
[2023-01-26T23:55:33.516+0000] {processor.py:154} INFO - Started process (PID=1322) to work on /home/airflow/.local/lib/python3.7/site-packages/airflow/example_dags/example_branch_labels.py
[2023-01-26T23:55:33.517+0000] {processor.py:756} INFO - Processing file /home/airflow/.local/lib/python3.7/site-packages/airflow/example_dags/example_branch_labels.py for tasks to queue
[2023-01-26T23:55:33.518+0000] {logging_mixin.py:120} INFO - [2023-01-26T23:55:33.518+0000] {dagbag.py:537} INFO - Filling up the DagBag from /home/airflow/.local/lib/python3.7/site-packages/airflow/example_dags/example_branch_labels.py
[2023-01-26T23:55:33.527+0000] {processor.py:766} INFO - DAG(s) dict_keys(['example_branch_labels']) retrieved from /home/airflow/.local/lib/python3.7/site-packages/airflow/example_dags/example_branch_labels.py
[2023-01-26T23:55:33.553+0000] {logging_mixin.py:120} INFO - [2023-01-26T23:55:33.553+0000] {dag.py:2585} INFO - Sync 1 DAGs
[2023-01-26T23:55:33.572+0000] {logging_mixin.py:120} INFO - [2023-01-26T23:55:33.572+0000] {dag.py:3340} INFO - Setting next_dagrun for example_branch_labels to 2023-01-25T00:00:00+00:00, run_after=2023-01-26T00:00:00+00:00
[2023-01-26T23:55:33.584+0000] {processor.py:176} INFO - Processing /home/airflow/.local/lib/python3.7/site-packages/airflow/example_dags/example_branch_labels.py took 0.070 seconds
[2023-01-26T23:56:03.846+0000] {processor.py:154} INFO - Started process (PID=1390) to work on /home/airflow/.local/lib/python3.7/site-packages/airflow/example_dags/example_branch_labels.py
[2023-01-26T23:56:03.847+0000] {processor.py:756} INFO - Processing file /home/airflow/.local/lib/python3.7/site-packages/airflow/example_dags/example_branch_labels.py for tasks to queue
[2023-01-26T23:56:03.847+0000] {logging_mixin.py:120} INFO - [2023-01-26T23:56:03.847+0000] {dagbag.py:537} INFO - Filling up the DagBag from /home/airflow/.local/lib/python3.7/site-packages/airflow/example_dags/example_branch_labels.py
[2023-01-26T23:56:03.856+0000] {processor.py:766} INFO - DAG(s) dict_keys(['example_branch_labels']) retrieved from /home/airflow/.local/lib/python3.7/site-packages/airflow/example_dags/example_branch_labels.py
[2023-01-26T23:56:03.881+0000] {logging_mixin.py:120} INFO - [2023-01-26T23:56:03.881+0000] {dag.py:2585} INFO - Sync 1 DAGs
[2023-01-26T23:56:03.900+0000] {logging_mixin.py:120} INFO - [2023-01-26T23:56:03.900+0000] {dag.py:3340} INFO - Setting next_dagrun for example_branch_labels to 2023-01-25T00:00:00+00:00, run_after=2023-01-26T00:00:00+00:00
[2023-01-26T23:56:03.912+0000] {processor.py:176} INFO - Processing /home/airflow/.local/lib/python3.7/site-packages/airflow/example_dags/example_branch_labels.py took 0.068 seconds
[2023-01-26T23:56:34.154+0000] {processor.py:154} INFO - Started process (PID=1456) to work on /home/airflow/.local/lib/python3.7/site-packages/airflow/example_dags/example_branch_labels.py
[2023-01-26T23:56:34.155+0000] {processor.py:756} INFO - Processing file /home/airflow/.local/lib/python3.7/site-packages/airflow/example_dags/example_branch_labels.py for tasks to queue
[2023-01-26T23:56:34.155+0000] {logging_mixin.py:120} INFO - [2023-01-26T23:56:34.155+0000] {dagbag.py:537} INFO - Filling up the DagBag from /home/airflow/.local/lib/python3.7/site-packages/airflow/example_dags/example_branch_labels.py
[2023-01-26T23:56:34.164+0000] {processor.py:766} INFO - DAG(s) dict_keys(['example_branch_labels']) retrieved from /home/airflow/.local/lib/python3.7/site-packages/airflow/example_dags/example_branch_labels.py
[2023-01-26T23:56:34.191+0000] {logging_mixin.py:120} INFO - [2023-01-26T23:56:34.191+0000] {dag.py:2585} INFO - Sync 1 DAGs
[2023-01-26T23:56:34.210+0000] {logging_mixin.py:120} INFO - [2023-01-26T23:56:34.210+0000] {dag.py:3340} INFO - Setting next_dagrun for example_branch_labels to 2023-01-25T00:00:00+00:00, run_after=2023-01-26T00:00:00+00:00
[2023-01-26T23:56:34.224+0000] {processor.py:176} INFO - Processing /home/airflow/.local/lib/python3.7/site-packages/airflow/example_dags/example_branch_labels.py took 0.072 seconds
[2023-01-26T23:57:04.429+0000] {processor.py:154} INFO - Started process (PID=1518) to work on /home/airflow/.local/lib/python3.7/site-packages/airflow/example_dags/example_branch_labels.py
[2023-01-26T23:57:04.430+0000] {processor.py:756} INFO - Processing file /home/airflow/.local/lib/python3.7/site-packages/airflow/example_dags/example_branch_labels.py for tasks to queue
[2023-01-26T23:57:04.430+0000] {logging_mixin.py:120} INFO - [2023-01-26T23:57:04.430+0000] {dagbag.py:537} INFO - Filling up the DagBag from /home/airflow/.local/lib/python3.7/site-packages/airflow/example_dags/example_branch_labels.py
[2023-01-26T23:57:04.440+0000] {processor.py:766} INFO - DAG(s) dict_keys(['example_branch_labels']) retrieved from /home/airflow/.local/lib/python3.7/site-packages/airflow/example_dags/example_branch_labels.py
[2023-01-26T23:57:04.467+0000] {logging_mixin.py:120} INFO - [2023-01-26T23:57:04.467+0000] {dag.py:2585} INFO - Sync 1 DAGs
[2023-01-26T23:57:04.489+0000] {logging_mixin.py:120} INFO - [2023-01-26T23:57:04.489+0000] {dag.py:3340} INFO - Setting next_dagrun for example_branch_labels to 2023-01-25T00:00:00+00:00, run_after=2023-01-26T00:00:00+00:00
[2023-01-26T23:57:04.509+0000] {processor.py:176} INFO - Processing /home/airflow/.local/lib/python3.7/site-packages/airflow/example_dags/example_branch_labels.py took 0.082 seconds
[2023-01-26T23:57:34.599+0000] {processor.py:154} INFO - Started process (PID=1586) to work on /home/airflow/.local/lib/python3.7/site-packages/airflow/example_dags/example_branch_labels.py
[2023-01-26T23:57:34.601+0000] {processor.py:756} INFO - Processing file /home/airflow/.local/lib/python3.7/site-packages/airflow/example_dags/example_branch_labels.py for tasks to queue
[2023-01-26T23:57:34.601+0000] {logging_mixin.py:120} INFO - [2023-01-26T23:57:34.601+0000] {dagbag.py:537} INFO - Filling up the DagBag from /home/airflow/.local/lib/python3.7/site-packages/airflow/example_dags/example_branch_labels.py
[2023-01-26T23:57:34.610+0000] {processor.py:766} INFO - DAG(s) dict_keys(['example_branch_labels']) retrieved from /home/airflow/.local/lib/python3.7/site-packages/airflow/example_dags/example_branch_labels.py
[2023-01-26T23:57:34.638+0000] {logging_mixin.py:120} INFO - [2023-01-26T23:57:34.638+0000] {dag.py:2585} INFO - Sync 1 DAGs
[2023-01-26T23:57:34.657+0000] {logging_mixin.py:120} INFO - [2023-01-26T23:57:34.657+0000] {dag.py:3340} INFO - Setting next_dagrun for example_branch_labels to 2023-01-25T00:00:00+00:00, run_after=2023-01-26T00:00:00+00:00
[2023-01-26T23:57:34.670+0000] {processor.py:176} INFO - Processing /home/airflow/.local/lib/python3.7/site-packages/airflow/example_dags/example_branch_labels.py took 0.073 seconds
[2023-01-26T23:58:04.931+0000] {processor.py:154} INFO - Started process (PID=1655) to work on /home/airflow/.local/lib/python3.7/site-packages/airflow/example_dags/example_branch_labels.py
[2023-01-26T23:58:04.932+0000] {processor.py:756} INFO - Processing file /home/airflow/.local/lib/python3.7/site-packages/airflow/example_dags/example_branch_labels.py for tasks to queue
[2023-01-26T23:58:04.932+0000] {logging_mixin.py:120} INFO - [2023-01-26T23:58:04.932+0000] {dagbag.py:537} INFO - Filling up the DagBag from /home/airflow/.local/lib/python3.7/site-packages/airflow/example_dags/example_branch_labels.py
[2023-01-26T23:58:04.941+0000] {processor.py:766} INFO - DAG(s) dict_keys(['example_branch_labels']) retrieved from /home/airflow/.local/lib/python3.7/site-packages/airflow/example_dags/example_branch_labels.py
[2023-01-26T23:58:04.968+0000] {logging_mixin.py:120} INFO - [2023-01-26T23:58:04.968+0000] {dag.py:2585} INFO - Sync 1 DAGs
[2023-01-26T23:58:04.987+0000] {logging_mixin.py:120} INFO - [2023-01-26T23:58:04.986+0000] {dag.py:3340} INFO - Setting next_dagrun for example_branch_labels to 2023-01-25T00:00:00+00:00, run_after=2023-01-26T00:00:00+00:00
[2023-01-26T23:58:04.999+0000] {processor.py:176} INFO - Processing /home/airflow/.local/lib/python3.7/site-packages/airflow/example_dags/example_branch_labels.py took 0.069 seconds
[2023-01-26T23:58:36.108+0000] {processor.py:154} INFO - Started process (PID=1723) to work on /home/airflow/.local/lib/python3.7/site-packages/airflow/example_dags/example_branch_labels.py
[2023-01-26T23:58:36.109+0000] {processor.py:756} INFO - Processing file /home/airflow/.local/lib/python3.7/site-packages/airflow/example_dags/example_branch_labels.py for tasks to queue
[2023-01-26T23:58:36.109+0000] {logging_mixin.py:120} INFO - [2023-01-26T23:58:36.109+0000] {dagbag.py:537} INFO - Filling up the DagBag from /home/airflow/.local/lib/python3.7/site-packages/airflow/example_dags/example_branch_labels.py
[2023-01-26T23:58:36.118+0000] {processor.py:766} INFO - DAG(s) dict_keys(['example_branch_labels']) retrieved from /home/airflow/.local/lib/python3.7/site-packages/airflow/example_dags/example_branch_labels.py
[2023-01-26T23:58:36.143+0000] {logging_mixin.py:120} INFO - [2023-01-26T23:58:36.143+0000] {dag.py:2585} INFO - Sync 1 DAGs
[2023-01-26T23:58:36.161+0000] {logging_mixin.py:120} INFO - [2023-01-26T23:58:36.161+0000] {dag.py:3340} INFO - Setting next_dagrun for example_branch_labels to 2023-01-25T00:00:00+00:00, run_after=2023-01-26T00:00:00+00:00
[2023-01-26T23:58:36.173+0000] {processor.py:176} INFO - Processing /home/airflow/.local/lib/python3.7/site-packages/airflow/example_dags/example_branch_labels.py took 0.067 seconds
[2023-01-26T23:59:06.353+0000] {processor.py:154} INFO - Started process (PID=1783) to work on /home/airflow/.local/lib/python3.7/site-packages/airflow/example_dags/example_branch_labels.py
[2023-01-26T23:59:06.354+0000] {processor.py:756} INFO - Processing file /home/airflow/.local/lib/python3.7/site-packages/airflow/example_dags/example_branch_labels.py for tasks to queue
[2023-01-26T23:59:06.354+0000] {logging_mixin.py:120} INFO - [2023-01-26T23:59:06.354+0000] {dagbag.py:537} INFO - Filling up the DagBag from /home/airflow/.local/lib/python3.7/site-packages/airflow/example_dags/example_branch_labels.py
[2023-01-26T23:59:06.366+0000] {processor.py:766} INFO - DAG(s) dict_keys(['example_branch_labels']) retrieved from /home/airflow/.local/lib/python3.7/site-packages/airflow/example_dags/example_branch_labels.py
[2023-01-26T23:59:06.392+0000] {logging_mixin.py:120} INFO - [2023-01-26T23:59:06.392+0000] {dag.py:2585} INFO - Sync 1 DAGs
[2023-01-26T23:59:06.412+0000] {logging_mixin.py:120} INFO - [2023-01-26T23:59:06.411+0000] {dag.py:3340} INFO - Setting next_dagrun for example_branch_labels to 2023-01-25T00:00:00+00:00, run_after=2023-01-26T00:00:00+00:00
[2023-01-26T23:59:06.424+0000] {processor.py:176} INFO - Processing /home/airflow/.local/lib/python3.7/site-packages/airflow/example_dags/example_branch_labels.py took 0.073 seconds
[2023-01-26T23:59:36.685+0000] {processor.py:154} INFO - Started process (PID=1851) to work on /home/airflow/.local/lib/python3.7/site-packages/airflow/example_dags/example_branch_labels.py
[2023-01-26T23:59:36.686+0000] {processor.py:756} INFO - Processing file /home/airflow/.local/lib/python3.7/site-packages/airflow/example_dags/example_branch_labels.py for tasks to queue
[2023-01-26T23:59:36.686+0000] {logging_mixin.py:120} INFO - [2023-01-26T23:59:36.686+0000] {dagbag.py:537} INFO - Filling up the DagBag from /home/airflow/.local/lib/python3.7/site-packages/airflow/example_dags/example_branch_labels.py
[2023-01-26T23:59:36.699+0000] {processor.py:766} INFO - DAG(s) dict_keys(['example_branch_labels']) retrieved from /home/airflow/.local/lib/python3.7/site-packages/airflow/example_dags/example_branch_labels.py
[2023-01-26T23:59:36.733+0000] {logging_mixin.py:120} INFO - [2023-01-26T23:59:36.733+0000] {dag.py:2585} INFO - Sync 1 DAGs
[2023-01-26T23:59:36.758+0000] {logging_mixin.py:120} INFO - [2023-01-26T23:59:36.758+0000] {dag.py:3340} INFO - Setting next_dagrun for example_branch_labels to 2023-01-25T00:00:00+00:00, run_after=2023-01-26T00:00:00+00:00
[2023-01-26T23:59:36.780+0000] {processor.py:176} INFO - Processing /home/airflow/.local/lib/python3.7/site-packages/airflow/example_dags/example_branch_labels.py took 0.096 seconds
