[2023-01-26T20:22:00.047+0000] {processor.py:154} INFO - Started process (PID=67) to work on /home/airflow/.local/lib/python3.7/site-packages/airflow/example_dags/example_xcom.py
[2023-01-26T20:22:00.048+0000] {processor.py:756} INFO - Processing file /home/airflow/.local/lib/python3.7/site-packages/airflow/example_dags/example_xcom.py for tasks to queue
[2023-01-26T20:22:00.049+0000] {logging_mixin.py:120} INFO - [2023-01-26T20:22:00.049+0000] {dagbag.py:537} INFO - Filling up the DagBag from /home/airflow/.local/lib/python3.7/site-packages/airflow/example_dags/example_xcom.py
[2023-01-26T20:22:00.077+0000] {processor.py:766} INFO - DAG(s) dict_keys(['example_xcom']) retrieved from /home/airflow/.local/lib/python3.7/site-packages/airflow/example_dags/example_xcom.py
[2023-01-26T20:22:00.121+0000] {logging_mixin.py:120} INFO - [2023-01-26T20:22:00.121+0000] {dag.py:2585} INFO - Sync 1 DAGs
[2023-01-26T20:22:00.152+0000] {logging_mixin.py:120} INFO - [2023-01-26T20:22:00.152+0000] {dag.py:3340} INFO - Setting next_dagrun for example_xcom to 2021-01-01T00:00:00+00:00, run_after=2021-01-01T00:00:00+00:00
[2023-01-26T20:22:00.174+0000] {processor.py:176} INFO - Processing /home/airflow/.local/lib/python3.7/site-packages/airflow/example_dags/example_xcom.py took 0.129 seconds
[2023-01-26T23:22:11.746+0000] {processor.py:154} INFO - Started process (PID=123) to work on /home/airflow/.local/lib/python3.7/site-packages/airflow/example_dags/example_xcom.py
[2023-01-26T23:22:11.747+0000] {processor.py:756} INFO - Processing file /home/airflow/.local/lib/python3.7/site-packages/airflow/example_dags/example_xcom.py for tasks to queue
[2023-01-26T23:22:11.747+0000] {logging_mixin.py:120} INFO - [2023-01-26T23:22:11.747+0000] {dagbag.py:537} INFO - Filling up the DagBag from /home/airflow/.local/lib/python3.7/site-packages/airflow/example_dags/example_xcom.py
[2023-01-26T23:22:11.793+0000] {processor.py:766} INFO - DAG(s) dict_keys(['example_xcom']) retrieved from /home/airflow/.local/lib/python3.7/site-packages/airflow/example_dags/example_xcom.py
[2023-01-26T23:22:11.866+0000] {logging_mixin.py:120} INFO - [2023-01-26T23:22:11.866+0000] {dag.py:2585} INFO - Sync 1 DAGs
[2023-01-26T23:22:11.907+0000] {logging_mixin.py:120} INFO - [2023-01-26T23:22:11.907+0000] {dag.py:3340} INFO - Setting next_dagrun for example_xcom to 2021-01-01T00:00:00+00:00, run_after=2021-01-01T00:00:00+00:00
[2023-01-26T23:22:11.934+0000] {processor.py:176} INFO - Processing /home/airflow/.local/lib/python3.7/site-packages/airflow/example_dags/example_xcom.py took 0.192 seconds
[2023-01-26T23:22:42.728+0000] {processor.py:154} INFO - Started process (PID=193) to work on /home/airflow/.local/lib/python3.7/site-packages/airflow/example_dags/example_xcom.py
[2023-01-26T23:22:42.729+0000] {processor.py:756} INFO - Processing file /home/airflow/.local/lib/python3.7/site-packages/airflow/example_dags/example_xcom.py for tasks to queue
[2023-01-26T23:22:42.736+0000] {logging_mixin.py:120} INFO - [2023-01-26T23:22:42.736+0000] {dagbag.py:537} INFO - Filling up the DagBag from /home/airflow/.local/lib/python3.7/site-packages/airflow/example_dags/example_xcom.py
[2023-01-26T23:22:42.799+0000] {processor.py:766} INFO - DAG(s) dict_keys(['example_xcom']) retrieved from /home/airflow/.local/lib/python3.7/site-packages/airflow/example_dags/example_xcom.py
[2023-01-26T23:22:42.869+0000] {logging_mixin.py:120} INFO - [2023-01-26T23:22:42.868+0000] {dag.py:2585} INFO - Sync 1 DAGs
[2023-01-26T23:22:42.918+0000] {logging_mixin.py:120} INFO - [2023-01-26T23:22:42.917+0000] {dag.py:3340} INFO - Setting next_dagrun for example_xcom to 2021-01-01T00:00:00+00:00, run_after=2021-01-01T00:00:00+00:00
[2023-01-26T23:22:42.950+0000] {processor.py:176} INFO - Processing /home/airflow/.local/lib/python3.7/site-packages/airflow/example_dags/example_xcom.py took 0.229 seconds
[2023-01-26T23:23:13.211+0000] {processor.py:154} INFO - Started process (PID=259) to work on /home/airflow/.local/lib/python3.7/site-packages/airflow/example_dags/example_xcom.py
[2023-01-26T23:23:13.212+0000] {processor.py:756} INFO - Processing file /home/airflow/.local/lib/python3.7/site-packages/airflow/example_dags/example_xcom.py for tasks to queue
[2023-01-26T23:23:13.213+0000] {logging_mixin.py:120} INFO - [2023-01-26T23:23:13.213+0000] {dagbag.py:537} INFO - Filling up the DagBag from /home/airflow/.local/lib/python3.7/site-packages/airflow/example_dags/example_xcom.py
[2023-01-26T23:23:13.247+0000] {processor.py:766} INFO - DAG(s) dict_keys(['example_xcom']) retrieved from /home/airflow/.local/lib/python3.7/site-packages/airflow/example_dags/example_xcom.py
[2023-01-26T23:23:13.302+0000] {logging_mixin.py:120} INFO - [2023-01-26T23:23:13.302+0000] {dag.py:2585} INFO - Sync 1 DAGs
[2023-01-26T23:23:13.337+0000] {logging_mixin.py:120} INFO - [2023-01-26T23:23:13.337+0000] {dag.py:3340} INFO - Setting next_dagrun for example_xcom to 2021-01-01T00:00:00+00:00, run_after=2021-01-01T00:00:00+00:00
[2023-01-26T23:23:13.364+0000] {processor.py:176} INFO - Processing /home/airflow/.local/lib/python3.7/site-packages/airflow/example_dags/example_xcom.py took 0.156 seconds
[2023-01-26T23:23:44.062+0000] {processor.py:154} INFO - Started process (PID=318) to work on /home/airflow/.local/lib/python3.7/site-packages/airflow/example_dags/example_xcom.py
[2023-01-26T23:23:44.063+0000] {processor.py:756} INFO - Processing file /home/airflow/.local/lib/python3.7/site-packages/airflow/example_dags/example_xcom.py for tasks to queue
[2023-01-26T23:23:44.064+0000] {logging_mixin.py:120} INFO - [2023-01-26T23:23:44.064+0000] {dagbag.py:537} INFO - Filling up the DagBag from /home/airflow/.local/lib/python3.7/site-packages/airflow/example_dags/example_xcom.py
[2023-01-26T23:23:44.078+0000] {processor.py:766} INFO - DAG(s) dict_keys(['example_xcom']) retrieved from /home/airflow/.local/lib/python3.7/site-packages/airflow/example_dags/example_xcom.py
[2023-01-26T23:23:44.102+0000] {logging_mixin.py:120} INFO - [2023-01-26T23:23:44.102+0000] {dag.py:2585} INFO - Sync 1 DAGs
[2023-01-26T23:23:44.119+0000] {logging_mixin.py:120} INFO - [2023-01-26T23:23:44.119+0000] {dag.py:3340} INFO - Setting next_dagrun for example_xcom to 2021-01-01T00:00:00+00:00, run_after=2021-01-01T00:00:00+00:00
[2023-01-26T23:23:44.131+0000] {processor.py:176} INFO - Processing /home/airflow/.local/lib/python3.7/site-packages/airflow/example_dags/example_xcom.py took 0.071 seconds
[2023-01-26T23:24:14.395+0000] {processor.py:154} INFO - Started process (PID=385) to work on /home/airflow/.local/lib/python3.7/site-packages/airflow/example_dags/example_xcom.py
[2023-01-26T23:24:14.396+0000] {processor.py:756} INFO - Processing file /home/airflow/.local/lib/python3.7/site-packages/airflow/example_dags/example_xcom.py for tasks to queue
[2023-01-26T23:24:14.396+0000] {logging_mixin.py:120} INFO - [2023-01-26T23:24:14.396+0000] {dagbag.py:537} INFO - Filling up the DagBag from /home/airflow/.local/lib/python3.7/site-packages/airflow/example_dags/example_xcom.py
[2023-01-26T23:24:14.421+0000] {processor.py:766} INFO - DAG(s) dict_keys(['example_xcom']) retrieved from /home/airflow/.local/lib/python3.7/site-packages/airflow/example_dags/example_xcom.py
[2023-01-26T23:24:14.473+0000] {logging_mixin.py:120} INFO - [2023-01-26T23:24:14.473+0000] {dag.py:2585} INFO - Sync 1 DAGs
[2023-01-26T23:24:14.502+0000] {logging_mixin.py:120} INFO - [2023-01-26T23:24:14.501+0000] {dag.py:3340} INFO - Setting next_dagrun for example_xcom to 2021-01-01T00:00:00+00:00, run_after=2021-01-01T00:00:00+00:00
[2023-01-26T23:24:14.523+0000] {processor.py:176} INFO - Processing /home/airflow/.local/lib/python3.7/site-packages/airflow/example_dags/example_xcom.py took 0.132 seconds
[2023-01-26T23:24:45.401+0000] {processor.py:154} INFO - Started process (PID=453) to work on /home/airflow/.local/lib/python3.7/site-packages/airflow/example_dags/example_xcom.py
[2023-01-26T23:24:45.403+0000] {processor.py:756} INFO - Processing file /home/airflow/.local/lib/python3.7/site-packages/airflow/example_dags/example_xcom.py for tasks to queue
[2023-01-26T23:24:45.403+0000] {logging_mixin.py:120} INFO - [2023-01-26T23:24:45.403+0000] {dagbag.py:537} INFO - Filling up the DagBag from /home/airflow/.local/lib/python3.7/site-packages/airflow/example_dags/example_xcom.py
[2023-01-26T23:24:45.431+0000] {processor.py:766} INFO - DAG(s) dict_keys(['example_xcom']) retrieved from /home/airflow/.local/lib/python3.7/site-packages/airflow/example_dags/example_xcom.py
[2023-01-26T23:24:45.477+0000] {logging_mixin.py:120} INFO - [2023-01-26T23:24:45.476+0000] {dag.py:2585} INFO - Sync 1 DAGs
[2023-01-26T23:24:45.507+0000] {logging_mixin.py:120} INFO - [2023-01-26T23:24:45.507+0000] {dag.py:3340} INFO - Setting next_dagrun for example_xcom to 2021-01-01T00:00:00+00:00, run_after=2021-01-01T00:00:00+00:00
[2023-01-26T23:24:45.528+0000] {processor.py:176} INFO - Processing /home/airflow/.local/lib/python3.7/site-packages/airflow/example_dags/example_xcom.py took 0.130 seconds
[2023-01-26T23:25:16.064+0000] {processor.py:154} INFO - Started process (PID=511) to work on /home/airflow/.local/lib/python3.7/site-packages/airflow/example_dags/example_xcom.py
[2023-01-26T23:25:16.064+0000] {processor.py:756} INFO - Processing file /home/airflow/.local/lib/python3.7/site-packages/airflow/example_dags/example_xcom.py for tasks to queue
[2023-01-26T23:25:16.065+0000] {logging_mixin.py:120} INFO - [2023-01-26T23:25:16.065+0000] {dagbag.py:537} INFO - Filling up the DagBag from /home/airflow/.local/lib/python3.7/site-packages/airflow/example_dags/example_xcom.py
[2023-01-26T23:25:16.079+0000] {processor.py:766} INFO - DAG(s) dict_keys(['example_xcom']) retrieved from /home/airflow/.local/lib/python3.7/site-packages/airflow/example_dags/example_xcom.py
[2023-01-26T23:25:16.108+0000] {logging_mixin.py:120} INFO - [2023-01-26T23:25:16.108+0000] {dag.py:2585} INFO - Sync 1 DAGs
[2023-01-26T23:25:16.131+0000] {logging_mixin.py:120} INFO - [2023-01-26T23:25:16.131+0000] {dag.py:3340} INFO - Setting next_dagrun for example_xcom to 2021-01-01T00:00:00+00:00, run_after=2021-01-01T00:00:00+00:00
[2023-01-26T23:25:16.148+0000] {processor.py:176} INFO - Processing /home/airflow/.local/lib/python3.7/site-packages/airflow/example_dags/example_xcom.py took 0.086 seconds
[2023-01-26T23:25:46.199+0000] {processor.py:154} INFO - Started process (PID=578) to work on /home/airflow/.local/lib/python3.7/site-packages/airflow/example_dags/example_xcom.py
[2023-01-26T23:25:46.200+0000] {processor.py:756} INFO - Processing file /home/airflow/.local/lib/python3.7/site-packages/airflow/example_dags/example_xcom.py for tasks to queue
[2023-01-26T23:25:46.200+0000] {logging_mixin.py:120} INFO - [2023-01-26T23:25:46.200+0000] {dagbag.py:537} INFO - Filling up the DagBag from /home/airflow/.local/lib/python3.7/site-packages/airflow/example_dags/example_xcom.py
[2023-01-26T23:25:46.214+0000] {processor.py:766} INFO - DAG(s) dict_keys(['example_xcom']) retrieved from /home/airflow/.local/lib/python3.7/site-packages/airflow/example_dags/example_xcom.py
[2023-01-26T23:25:46.239+0000] {logging_mixin.py:120} INFO - [2023-01-26T23:25:46.239+0000] {dag.py:2585} INFO - Sync 1 DAGs
[2023-01-26T23:25:46.257+0000] {logging_mixin.py:120} INFO - [2023-01-26T23:25:46.256+0000] {dag.py:3340} INFO - Setting next_dagrun for example_xcom to 2021-01-01T00:00:00+00:00, run_after=2021-01-01T00:00:00+00:00
[2023-01-26T23:25:46.269+0000] {processor.py:176} INFO - Processing /home/airflow/.local/lib/python3.7/site-packages/airflow/example_dags/example_xcom.py took 0.072 seconds
[2023-01-26T23:26:16.310+0000] {processor.py:154} INFO - Started process (PID=644) to work on /home/airflow/.local/lib/python3.7/site-packages/airflow/example_dags/example_xcom.py
[2023-01-26T23:26:16.311+0000] {processor.py:756} INFO - Processing file /home/airflow/.local/lib/python3.7/site-packages/airflow/example_dags/example_xcom.py for tasks to queue
[2023-01-26T23:26:16.312+0000] {logging_mixin.py:120} INFO - [2023-01-26T23:26:16.312+0000] {dagbag.py:537} INFO - Filling up the DagBag from /home/airflow/.local/lib/python3.7/site-packages/airflow/example_dags/example_xcom.py
[2023-01-26T23:26:16.326+0000] {processor.py:766} INFO - DAG(s) dict_keys(['example_xcom']) retrieved from /home/airflow/.local/lib/python3.7/site-packages/airflow/example_dags/example_xcom.py
[2023-01-26T23:26:16.353+0000] {logging_mixin.py:120} INFO - [2023-01-26T23:26:16.353+0000] {dag.py:2585} INFO - Sync 1 DAGs
[2023-01-26T23:26:16.369+0000] {logging_mixin.py:120} INFO - [2023-01-26T23:26:16.369+0000] {dag.py:3340} INFO - Setting next_dagrun for example_xcom to 2021-01-01T00:00:00+00:00, run_after=2021-01-01T00:00:00+00:00
[2023-01-26T23:26:16.381+0000] {processor.py:176} INFO - Processing /home/airflow/.local/lib/python3.7/site-packages/airflow/example_dags/example_xcom.py took 0.073 seconds
[2023-01-26T23:26:46.500+0000] {processor.py:154} INFO - Started process (PID=711) to work on /home/airflow/.local/lib/python3.7/site-packages/airflow/example_dags/example_xcom.py
[2023-01-26T23:26:46.501+0000] {processor.py:756} INFO - Processing file /home/airflow/.local/lib/python3.7/site-packages/airflow/example_dags/example_xcom.py for tasks to queue
[2023-01-26T23:26:46.501+0000] {logging_mixin.py:120} INFO - [2023-01-26T23:26:46.501+0000] {dagbag.py:537} INFO - Filling up the DagBag from /home/airflow/.local/lib/python3.7/site-packages/airflow/example_dags/example_xcom.py
[2023-01-26T23:26:46.516+0000] {processor.py:766} INFO - DAG(s) dict_keys(['example_xcom']) retrieved from /home/airflow/.local/lib/python3.7/site-packages/airflow/example_dags/example_xcom.py
[2023-01-26T23:26:46.542+0000] {logging_mixin.py:120} INFO - [2023-01-26T23:26:46.542+0000] {dag.py:2585} INFO - Sync 1 DAGs
[2023-01-26T23:26:46.558+0000] {logging_mixin.py:120} INFO - [2023-01-26T23:26:46.558+0000] {dag.py:3340} INFO - Setting next_dagrun for example_xcom to 2021-01-01T00:00:00+00:00, run_after=2021-01-01T00:00:00+00:00
[2023-01-26T23:26:46.571+0000] {processor.py:176} INFO - Processing /home/airflow/.local/lib/python3.7/site-packages/airflow/example_dags/example_xcom.py took 0.072 seconds
[2023-01-26T23:27:16.769+0000] {processor.py:154} INFO - Started process (PID=769) to work on /home/airflow/.local/lib/python3.7/site-packages/airflow/example_dags/example_xcom.py
[2023-01-26T23:27:16.770+0000] {processor.py:756} INFO - Processing file /home/airflow/.local/lib/python3.7/site-packages/airflow/example_dags/example_xcom.py for tasks to queue
[2023-01-26T23:27:16.770+0000] {logging_mixin.py:120} INFO - [2023-01-26T23:27:16.770+0000] {dagbag.py:537} INFO - Filling up the DagBag from /home/airflow/.local/lib/python3.7/site-packages/airflow/example_dags/example_xcom.py
[2023-01-26T23:27:16.785+0000] {processor.py:766} INFO - DAG(s) dict_keys(['example_xcom']) retrieved from /home/airflow/.local/lib/python3.7/site-packages/airflow/example_dags/example_xcom.py
[2023-01-26T23:27:16.812+0000] {logging_mixin.py:120} INFO - [2023-01-26T23:27:16.812+0000] {dag.py:2585} INFO - Sync 1 DAGs
[2023-01-26T23:27:16.828+0000] {logging_mixin.py:120} INFO - [2023-01-26T23:27:16.828+0000] {dag.py:3340} INFO - Setting next_dagrun for example_xcom to 2021-01-01T00:00:00+00:00, run_after=2021-01-01T00:00:00+00:00
[2023-01-26T23:27:16.842+0000] {processor.py:176} INFO - Processing /home/airflow/.local/lib/python3.7/site-packages/airflow/example_dags/example_xcom.py took 0.075 seconds
[2023-01-26T23:27:46.940+0000] {processor.py:154} INFO - Started process (PID=836) to work on /home/airflow/.local/lib/python3.7/site-packages/airflow/example_dags/example_xcom.py
[2023-01-26T23:27:46.941+0000] {processor.py:756} INFO - Processing file /home/airflow/.local/lib/python3.7/site-packages/airflow/example_dags/example_xcom.py for tasks to queue
[2023-01-26T23:27:46.941+0000] {logging_mixin.py:120} INFO - [2023-01-26T23:27:46.941+0000] {dagbag.py:537} INFO - Filling up the DagBag from /home/airflow/.local/lib/python3.7/site-packages/airflow/example_dags/example_xcom.py
[2023-01-26T23:27:46.956+0000] {processor.py:766} INFO - DAG(s) dict_keys(['example_xcom']) retrieved from /home/airflow/.local/lib/python3.7/site-packages/airflow/example_dags/example_xcom.py
[2023-01-26T23:27:46.982+0000] {logging_mixin.py:120} INFO - [2023-01-26T23:27:46.981+0000] {dag.py:2585} INFO - Sync 1 DAGs
[2023-01-26T23:27:47.000+0000] {logging_mixin.py:120} INFO - [2023-01-26T23:27:46.999+0000] {dag.py:3340} INFO - Setting next_dagrun for example_xcom to 2021-01-01T00:00:00+00:00, run_after=2021-01-01T00:00:00+00:00
[2023-01-26T23:27:47.011+0000] {processor.py:176} INFO - Processing /home/airflow/.local/lib/python3.7/site-packages/airflow/example_dags/example_xcom.py took 0.073 seconds
[2023-01-26T23:28:17.137+0000] {processor.py:154} INFO - Started process (PID=904) to work on /home/airflow/.local/lib/python3.7/site-packages/airflow/example_dags/example_xcom.py
[2023-01-26T23:28:17.137+0000] {processor.py:756} INFO - Processing file /home/airflow/.local/lib/python3.7/site-packages/airflow/example_dags/example_xcom.py for tasks to queue
[2023-01-26T23:28:17.138+0000] {logging_mixin.py:120} INFO - [2023-01-26T23:28:17.138+0000] {dagbag.py:537} INFO - Filling up the DagBag from /home/airflow/.local/lib/python3.7/site-packages/airflow/example_dags/example_xcom.py
[2023-01-26T23:28:17.156+0000] {processor.py:766} INFO - DAG(s) dict_keys(['example_xcom']) retrieved from /home/airflow/.local/lib/python3.7/site-packages/airflow/example_dags/example_xcom.py
[2023-01-26T23:28:17.186+0000] {logging_mixin.py:120} INFO - [2023-01-26T23:28:17.185+0000] {dag.py:2585} INFO - Sync 1 DAGs
[2023-01-26T23:28:17.206+0000] {logging_mixin.py:120} INFO - [2023-01-26T23:28:17.205+0000] {dag.py:3340} INFO - Setting next_dagrun for example_xcom to 2021-01-01T00:00:00+00:00, run_after=2021-01-01T00:00:00+00:00
[2023-01-26T23:28:17.219+0000] {processor.py:176} INFO - Processing /home/airflow/.local/lib/python3.7/site-packages/airflow/example_dags/example_xcom.py took 0.084 seconds
[2023-01-26T23:28:47.450+0000] {processor.py:154} INFO - Started process (PID=971) to work on /home/airflow/.local/lib/python3.7/site-packages/airflow/example_dags/example_xcom.py
[2023-01-26T23:28:47.451+0000] {processor.py:756} INFO - Processing file /home/airflow/.local/lib/python3.7/site-packages/airflow/example_dags/example_xcom.py for tasks to queue
[2023-01-26T23:28:47.451+0000] {logging_mixin.py:120} INFO - [2023-01-26T23:28:47.451+0000] {dagbag.py:537} INFO - Filling up the DagBag from /home/airflow/.local/lib/python3.7/site-packages/airflow/example_dags/example_xcom.py
[2023-01-26T23:28:47.467+0000] {processor.py:766} INFO - DAG(s) dict_keys(['example_xcom']) retrieved from /home/airflow/.local/lib/python3.7/site-packages/airflow/example_dags/example_xcom.py
[2023-01-26T23:28:47.502+0000] {logging_mixin.py:120} INFO - [2023-01-26T23:28:47.502+0000] {dag.py:2585} INFO - Sync 1 DAGs
[2023-01-26T23:28:47.518+0000] {logging_mixin.py:120} INFO - [2023-01-26T23:28:47.518+0000] {dag.py:3340} INFO - Setting next_dagrun for example_xcom to 2021-01-01T00:00:00+00:00, run_after=2021-01-01T00:00:00+00:00
[2023-01-26T23:28:47.530+0000] {processor.py:176} INFO - Processing /home/airflow/.local/lib/python3.7/site-packages/airflow/example_dags/example_xcom.py took 0.082 seconds
[2023-01-26T23:29:17.967+0000] {processor.py:154} INFO - Started process (PID=1038) to work on /home/airflow/.local/lib/python3.7/site-packages/airflow/example_dags/example_xcom.py
[2023-01-26T23:29:17.968+0000] {processor.py:756} INFO - Processing file /home/airflow/.local/lib/python3.7/site-packages/airflow/example_dags/example_xcom.py for tasks to queue
[2023-01-26T23:29:17.969+0000] {logging_mixin.py:120} INFO - [2023-01-26T23:29:17.969+0000] {dagbag.py:537} INFO - Filling up the DagBag from /home/airflow/.local/lib/python3.7/site-packages/airflow/example_dags/example_xcom.py
[2023-01-26T23:29:17.985+0000] {processor.py:766} INFO - DAG(s) dict_keys(['example_xcom']) retrieved from /home/airflow/.local/lib/python3.7/site-packages/airflow/example_dags/example_xcom.py
[2023-01-26T23:29:18.011+0000] {logging_mixin.py:120} INFO - [2023-01-26T23:29:18.011+0000] {dag.py:2585} INFO - Sync 1 DAGs
[2023-01-26T23:29:18.028+0000] {logging_mixin.py:120} INFO - [2023-01-26T23:29:18.028+0000] {dag.py:3340} INFO - Setting next_dagrun for example_xcom to 2021-01-01T00:00:00+00:00, run_after=2021-01-01T00:00:00+00:00
[2023-01-26T23:29:18.041+0000] {processor.py:176} INFO - Processing /home/airflow/.local/lib/python3.7/site-packages/airflow/example_dags/example_xcom.py took 0.076 seconds
[2023-01-26T23:29:48.240+0000] {processor.py:154} INFO - Started process (PID=1095) to work on /home/airflow/.local/lib/python3.7/site-packages/airflow/example_dags/example_xcom.py
[2023-01-26T23:29:48.242+0000] {processor.py:756} INFO - Processing file /home/airflow/.local/lib/python3.7/site-packages/airflow/example_dags/example_xcom.py for tasks to queue
[2023-01-26T23:29:48.242+0000] {logging_mixin.py:120} INFO - [2023-01-26T23:29:48.242+0000] {dagbag.py:537} INFO - Filling up the DagBag from /home/airflow/.local/lib/python3.7/site-packages/airflow/example_dags/example_xcom.py
[2023-01-26T23:29:48.256+0000] {processor.py:766} INFO - DAG(s) dict_keys(['example_xcom']) retrieved from /home/airflow/.local/lib/python3.7/site-packages/airflow/example_dags/example_xcom.py
[2023-01-26T23:29:48.281+0000] {logging_mixin.py:120} INFO - [2023-01-26T23:29:48.281+0000] {dag.py:2585} INFO - Sync 1 DAGs
[2023-01-26T23:29:48.298+0000] {logging_mixin.py:120} INFO - [2023-01-26T23:29:48.298+0000] {dag.py:3340} INFO - Setting next_dagrun for example_xcom to 2021-01-01T00:00:00+00:00, run_after=2021-01-01T00:00:00+00:00
[2023-01-26T23:29:48.310+0000] {processor.py:176} INFO - Processing /home/airflow/.local/lib/python3.7/site-packages/airflow/example_dags/example_xcom.py took 0.072 seconds
[2023-01-26T23:30:18.460+0000] {processor.py:154} INFO - Started process (PID=1162) to work on /home/airflow/.local/lib/python3.7/site-packages/airflow/example_dags/example_xcom.py
[2023-01-26T23:30:18.461+0000] {processor.py:756} INFO - Processing file /home/airflow/.local/lib/python3.7/site-packages/airflow/example_dags/example_xcom.py for tasks to queue
[2023-01-26T23:30:18.462+0000] {logging_mixin.py:120} INFO - [2023-01-26T23:30:18.462+0000] {dagbag.py:537} INFO - Filling up the DagBag from /home/airflow/.local/lib/python3.7/site-packages/airflow/example_dags/example_xcom.py
[2023-01-26T23:30:18.477+0000] {processor.py:766} INFO - DAG(s) dict_keys(['example_xcom']) retrieved from /home/airflow/.local/lib/python3.7/site-packages/airflow/example_dags/example_xcom.py
[2023-01-26T23:30:18.504+0000] {logging_mixin.py:120} INFO - [2023-01-26T23:30:18.504+0000] {dag.py:2585} INFO - Sync 1 DAGs
[2023-01-26T23:30:18.520+0000] {logging_mixin.py:120} INFO - [2023-01-26T23:30:18.520+0000] {dag.py:3340} INFO - Setting next_dagrun for example_xcom to 2021-01-01T00:00:00+00:00, run_after=2021-01-01T00:00:00+00:00
[2023-01-26T23:30:18.533+0000] {processor.py:176} INFO - Processing /home/airflow/.local/lib/python3.7/site-packages/airflow/example_dags/example_xcom.py took 0.075 seconds
[2023-01-26T23:30:48.695+0000] {processor.py:154} INFO - Started process (PID=1229) to work on /home/airflow/.local/lib/python3.7/site-packages/airflow/example_dags/example_xcom.py
[2023-01-26T23:30:48.696+0000] {processor.py:756} INFO - Processing file /home/airflow/.local/lib/python3.7/site-packages/airflow/example_dags/example_xcom.py for tasks to queue
[2023-01-26T23:30:48.696+0000] {logging_mixin.py:120} INFO - [2023-01-26T23:30:48.696+0000] {dagbag.py:537} INFO - Filling up the DagBag from /home/airflow/.local/lib/python3.7/site-packages/airflow/example_dags/example_xcom.py
[2023-01-26T23:30:48.711+0000] {processor.py:766} INFO - DAG(s) dict_keys(['example_xcom']) retrieved from /home/airflow/.local/lib/python3.7/site-packages/airflow/example_dags/example_xcom.py
[2023-01-26T23:30:48.737+0000] {logging_mixin.py:120} INFO - [2023-01-26T23:30:48.737+0000] {dag.py:2585} INFO - Sync 1 DAGs
[2023-01-26T23:30:48.754+0000] {logging_mixin.py:120} INFO - [2023-01-26T23:30:48.753+0000] {dag.py:3340} INFO - Setting next_dagrun for example_xcom to 2021-01-01T00:00:00+00:00, run_after=2021-01-01T00:00:00+00:00
[2023-01-26T23:30:48.766+0000] {processor.py:176} INFO - Processing /home/airflow/.local/lib/python3.7/site-packages/airflow/example_dags/example_xcom.py took 0.073 seconds
[2023-01-26T23:31:19.095+0000] {processor.py:154} INFO - Started process (PID=1296) to work on /home/airflow/.local/lib/python3.7/site-packages/airflow/example_dags/example_xcom.py
[2023-01-26T23:31:19.096+0000] {processor.py:756} INFO - Processing file /home/airflow/.local/lib/python3.7/site-packages/airflow/example_dags/example_xcom.py for tasks to queue
[2023-01-26T23:31:19.096+0000] {logging_mixin.py:120} INFO - [2023-01-26T23:31:19.096+0000] {dagbag.py:537} INFO - Filling up the DagBag from /home/airflow/.local/lib/python3.7/site-packages/airflow/example_dags/example_xcom.py
[2023-01-26T23:31:19.111+0000] {processor.py:766} INFO - DAG(s) dict_keys(['example_xcom']) retrieved from /home/airflow/.local/lib/python3.7/site-packages/airflow/example_dags/example_xcom.py
[2023-01-26T23:31:19.137+0000] {logging_mixin.py:120} INFO - [2023-01-26T23:31:19.137+0000] {dag.py:2585} INFO - Sync 1 DAGs
[2023-01-26T23:31:19.154+0000] {logging_mixin.py:120} INFO - [2023-01-26T23:31:19.154+0000] {dag.py:3340} INFO - Setting next_dagrun for example_xcom to 2021-01-01T00:00:00+00:00, run_after=2021-01-01T00:00:00+00:00
[2023-01-26T23:31:19.168+0000] {processor.py:176} INFO - Processing /home/airflow/.local/lib/python3.7/site-packages/airflow/example_dags/example_xcom.py took 0.075 seconds
[2023-01-26T23:31:49.526+0000] {processor.py:154} INFO - Started process (PID=1355) to work on /home/airflow/.local/lib/python3.7/site-packages/airflow/example_dags/example_xcom.py
[2023-01-26T23:31:49.527+0000] {processor.py:756} INFO - Processing file /home/airflow/.local/lib/python3.7/site-packages/airflow/example_dags/example_xcom.py for tasks to queue
[2023-01-26T23:31:49.528+0000] {logging_mixin.py:120} INFO - [2023-01-26T23:31:49.528+0000] {dagbag.py:537} INFO - Filling up the DagBag from /home/airflow/.local/lib/python3.7/site-packages/airflow/example_dags/example_xcom.py
[2023-01-26T23:31:49.542+0000] {processor.py:766} INFO - DAG(s) dict_keys(['example_xcom']) retrieved from /home/airflow/.local/lib/python3.7/site-packages/airflow/example_dags/example_xcom.py
[2023-01-26T23:31:49.567+0000] {logging_mixin.py:120} INFO - [2023-01-26T23:31:49.567+0000] {dag.py:2585} INFO - Sync 1 DAGs
[2023-01-26T23:31:49.584+0000] {logging_mixin.py:120} INFO - [2023-01-26T23:31:49.584+0000] {dag.py:3340} INFO - Setting next_dagrun for example_xcom to 2021-01-01T00:00:00+00:00, run_after=2021-01-01T00:00:00+00:00
[2023-01-26T23:31:49.596+0000] {processor.py:176} INFO - Processing /home/airflow/.local/lib/python3.7/site-packages/airflow/example_dags/example_xcom.py took 0.072 seconds
[2023-01-26T23:32:19.913+0000] {processor.py:154} INFO - Started process (PID=1422) to work on /home/airflow/.local/lib/python3.7/site-packages/airflow/example_dags/example_xcom.py
[2023-01-26T23:32:19.914+0000] {processor.py:756} INFO - Processing file /home/airflow/.local/lib/python3.7/site-packages/airflow/example_dags/example_xcom.py for tasks to queue
[2023-01-26T23:32:19.914+0000] {logging_mixin.py:120} INFO - [2023-01-26T23:32:19.914+0000] {dagbag.py:537} INFO - Filling up the DagBag from /home/airflow/.local/lib/python3.7/site-packages/airflow/example_dags/example_xcom.py
[2023-01-26T23:32:19.929+0000] {processor.py:766} INFO - DAG(s) dict_keys(['example_xcom']) retrieved from /home/airflow/.local/lib/python3.7/site-packages/airflow/example_dags/example_xcom.py
[2023-01-26T23:32:19.955+0000] {logging_mixin.py:120} INFO - [2023-01-26T23:32:19.955+0000] {dag.py:2585} INFO - Sync 1 DAGs
[2023-01-26T23:32:19.971+0000] {logging_mixin.py:120} INFO - [2023-01-26T23:32:19.971+0000] {dag.py:3340} INFO - Setting next_dagrun for example_xcom to 2021-01-01T00:00:00+00:00, run_after=2021-01-01T00:00:00+00:00
[2023-01-26T23:32:19.983+0000] {processor.py:176} INFO - Processing /home/airflow/.local/lib/python3.7/site-packages/airflow/example_dags/example_xcom.py took 0.072 seconds
[2023-01-26T23:32:50.052+0000] {processor.py:154} INFO - Started process (PID=1489) to work on /home/airflow/.local/lib/python3.7/site-packages/airflow/example_dags/example_xcom.py
[2023-01-26T23:32:50.053+0000] {processor.py:756} INFO - Processing file /home/airflow/.local/lib/python3.7/site-packages/airflow/example_dags/example_xcom.py for tasks to queue
[2023-01-26T23:32:50.053+0000] {logging_mixin.py:120} INFO - [2023-01-26T23:32:50.053+0000] {dagbag.py:537} INFO - Filling up the DagBag from /home/airflow/.local/lib/python3.7/site-packages/airflow/example_dags/example_xcom.py
[2023-01-26T23:32:50.068+0000] {processor.py:766} INFO - DAG(s) dict_keys(['example_xcom']) retrieved from /home/airflow/.local/lib/python3.7/site-packages/airflow/example_dags/example_xcom.py
[2023-01-26T23:32:50.093+0000] {logging_mixin.py:120} INFO - [2023-01-26T23:32:50.093+0000] {dag.py:2585} INFO - Sync 1 DAGs
[2023-01-26T23:32:50.111+0000] {logging_mixin.py:120} INFO - [2023-01-26T23:32:50.111+0000] {dag.py:3340} INFO - Setting next_dagrun for example_xcom to 2021-01-01T00:00:00+00:00, run_after=2021-01-01T00:00:00+00:00
[2023-01-26T23:32:50.124+0000] {processor.py:176} INFO - Processing /home/airflow/.local/lib/python3.7/site-packages/airflow/example_dags/example_xcom.py took 0.073 seconds
[2023-01-26T23:33:20.389+0000] {processor.py:154} INFO - Started process (PID=1556) to work on /home/airflow/.local/lib/python3.7/site-packages/airflow/example_dags/example_xcom.py
[2023-01-26T23:33:20.390+0000] {processor.py:756} INFO - Processing file /home/airflow/.local/lib/python3.7/site-packages/airflow/example_dags/example_xcom.py for tasks to queue
[2023-01-26T23:33:20.390+0000] {logging_mixin.py:120} INFO - [2023-01-26T23:33:20.390+0000] {dagbag.py:537} INFO - Filling up the DagBag from /home/airflow/.local/lib/python3.7/site-packages/airflow/example_dags/example_xcom.py
[2023-01-26T23:33:20.406+0000] {processor.py:766} INFO - DAG(s) dict_keys(['example_xcom']) retrieved from /home/airflow/.local/lib/python3.7/site-packages/airflow/example_dags/example_xcom.py
[2023-01-26T23:33:20.431+0000] {logging_mixin.py:120} INFO - [2023-01-26T23:33:20.431+0000] {dag.py:2585} INFO - Sync 1 DAGs
[2023-01-26T23:33:20.448+0000] {logging_mixin.py:120} INFO - [2023-01-26T23:33:20.448+0000] {dag.py:3340} INFO - Setting next_dagrun for example_xcom to 2021-01-01T00:00:00+00:00, run_after=2021-01-01T00:00:00+00:00
[2023-01-26T23:33:20.459+0000] {processor.py:176} INFO - Processing /home/airflow/.local/lib/python3.7/site-packages/airflow/example_dags/example_xcom.py took 0.072 seconds
[2023-01-26T23:33:50.588+0000] {processor.py:154} INFO - Started process (PID=1623) to work on /home/airflow/.local/lib/python3.7/site-packages/airflow/example_dags/example_xcom.py
[2023-01-26T23:33:50.589+0000] {processor.py:756} INFO - Processing file /home/airflow/.local/lib/python3.7/site-packages/airflow/example_dags/example_xcom.py for tasks to queue
[2023-01-26T23:33:50.590+0000] {logging_mixin.py:120} INFO - [2023-01-26T23:33:50.589+0000] {dagbag.py:537} INFO - Filling up the DagBag from /home/airflow/.local/lib/python3.7/site-packages/airflow/example_dags/example_xcom.py
[2023-01-26T23:33:50.604+0000] {processor.py:766} INFO - DAG(s) dict_keys(['example_xcom']) retrieved from /home/airflow/.local/lib/python3.7/site-packages/airflow/example_dags/example_xcom.py
[2023-01-26T23:33:50.631+0000] {logging_mixin.py:120} INFO - [2023-01-26T23:33:50.631+0000] {dag.py:2585} INFO - Sync 1 DAGs
[2023-01-26T23:33:50.648+0000] {logging_mixin.py:120} INFO - [2023-01-26T23:33:50.647+0000] {dag.py:3340} INFO - Setting next_dagrun for example_xcom to 2021-01-01T00:00:00+00:00, run_after=2021-01-01T00:00:00+00:00
[2023-01-26T23:33:50.660+0000] {processor.py:176} INFO - Processing /home/airflow/.local/lib/python3.7/site-packages/airflow/example_dags/example_xcom.py took 0.074 seconds
[2023-01-26T23:34:20.831+0000] {processor.py:154} INFO - Started process (PID=1681) to work on /home/airflow/.local/lib/python3.7/site-packages/airflow/example_dags/example_xcom.py
[2023-01-26T23:34:20.832+0000] {processor.py:756} INFO - Processing file /home/airflow/.local/lib/python3.7/site-packages/airflow/example_dags/example_xcom.py for tasks to queue
[2023-01-26T23:34:20.832+0000] {logging_mixin.py:120} INFO - [2023-01-26T23:34:20.832+0000] {dagbag.py:537} INFO - Filling up the DagBag from /home/airflow/.local/lib/python3.7/site-packages/airflow/example_dags/example_xcom.py
[2023-01-26T23:34:20.846+0000] {processor.py:766} INFO - DAG(s) dict_keys(['example_xcom']) retrieved from /home/airflow/.local/lib/python3.7/site-packages/airflow/example_dags/example_xcom.py
[2023-01-26T23:34:20.873+0000] {logging_mixin.py:120} INFO - [2023-01-26T23:34:20.872+0000] {dag.py:2585} INFO - Sync 1 DAGs
[2023-01-26T23:34:20.897+0000] {logging_mixin.py:120} INFO - [2023-01-26T23:34:20.897+0000] {dag.py:3340} INFO - Setting next_dagrun for example_xcom to 2021-01-01T00:00:00+00:00, run_after=2021-01-01T00:00:00+00:00
[2023-01-26T23:34:20.915+0000] {processor.py:176} INFO - Processing /home/airflow/.local/lib/python3.7/site-packages/airflow/example_dags/example_xcom.py took 0.087 seconds
[2023-01-26T23:34:51.180+0000] {processor.py:154} INFO - Started process (PID=1748) to work on /home/airflow/.local/lib/python3.7/site-packages/airflow/example_dags/example_xcom.py
[2023-01-26T23:34:51.181+0000] {processor.py:756} INFO - Processing file /home/airflow/.local/lib/python3.7/site-packages/airflow/example_dags/example_xcom.py for tasks to queue
[2023-01-26T23:34:51.182+0000] {logging_mixin.py:120} INFO - [2023-01-26T23:34:51.182+0000] {dagbag.py:537} INFO - Filling up the DagBag from /home/airflow/.local/lib/python3.7/site-packages/airflow/example_dags/example_xcom.py
[2023-01-26T23:34:51.197+0000] {processor.py:766} INFO - DAG(s) dict_keys(['example_xcom']) retrieved from /home/airflow/.local/lib/python3.7/site-packages/airflow/example_dags/example_xcom.py
[2023-01-26T23:34:51.223+0000] {logging_mixin.py:120} INFO - [2023-01-26T23:34:51.223+0000] {dag.py:2585} INFO - Sync 1 DAGs
[2023-01-26T23:34:51.243+0000] {logging_mixin.py:120} INFO - [2023-01-26T23:34:51.243+0000] {dag.py:3340} INFO - Setting next_dagrun for example_xcom to 2021-01-01T00:00:00+00:00, run_after=2021-01-01T00:00:00+00:00
[2023-01-26T23:34:51.258+0000] {processor.py:176} INFO - Processing /home/airflow/.local/lib/python3.7/site-packages/airflow/example_dags/example_xcom.py took 0.080 seconds
[2023-01-26T23:35:21.327+0000] {processor.py:154} INFO - Started process (PID=1816) to work on /home/airflow/.local/lib/python3.7/site-packages/airflow/example_dags/example_xcom.py
[2023-01-26T23:35:21.328+0000] {processor.py:756} INFO - Processing file /home/airflow/.local/lib/python3.7/site-packages/airflow/example_dags/example_xcom.py for tasks to queue
[2023-01-26T23:35:21.328+0000] {logging_mixin.py:120} INFO - [2023-01-26T23:35:21.328+0000] {dagbag.py:537} INFO - Filling up the DagBag from /home/airflow/.local/lib/python3.7/site-packages/airflow/example_dags/example_xcom.py
[2023-01-26T23:35:21.342+0000] {processor.py:766} INFO - DAG(s) dict_keys(['example_xcom']) retrieved from /home/airflow/.local/lib/python3.7/site-packages/airflow/example_dags/example_xcom.py
[2023-01-26T23:35:21.370+0000] {logging_mixin.py:120} INFO - [2023-01-26T23:35:21.369+0000] {dag.py:2585} INFO - Sync 1 DAGs
[2023-01-26T23:35:21.387+0000] {logging_mixin.py:120} INFO - [2023-01-26T23:35:21.386+0000] {dag.py:3340} INFO - Setting next_dagrun for example_xcom to 2021-01-01T00:00:00+00:00, run_after=2021-01-01T00:00:00+00:00
[2023-01-26T23:35:21.400+0000] {processor.py:176} INFO - Processing /home/airflow/.local/lib/python3.7/site-packages/airflow/example_dags/example_xcom.py took 0.074 seconds
[2023-01-26T23:35:51.529+0000] {processor.py:154} INFO - Started process (PID=1882) to work on /home/airflow/.local/lib/python3.7/site-packages/airflow/example_dags/example_xcom.py
[2023-01-26T23:35:51.530+0000] {processor.py:756} INFO - Processing file /home/airflow/.local/lib/python3.7/site-packages/airflow/example_dags/example_xcom.py for tasks to queue
[2023-01-26T23:35:51.530+0000] {logging_mixin.py:120} INFO - [2023-01-26T23:35:51.530+0000] {dagbag.py:537} INFO - Filling up the DagBag from /home/airflow/.local/lib/python3.7/site-packages/airflow/example_dags/example_xcom.py
[2023-01-26T23:35:51.544+0000] {processor.py:766} INFO - DAG(s) dict_keys(['example_xcom']) retrieved from /home/airflow/.local/lib/python3.7/site-packages/airflow/example_dags/example_xcom.py
[2023-01-26T23:35:51.569+0000] {logging_mixin.py:120} INFO - [2023-01-26T23:35:51.569+0000] {dag.py:2585} INFO - Sync 1 DAGs
[2023-01-26T23:35:51.584+0000] {logging_mixin.py:120} INFO - [2023-01-26T23:35:51.584+0000] {dag.py:3340} INFO - Setting next_dagrun for example_xcom to 2021-01-01T00:00:00+00:00, run_after=2021-01-01T00:00:00+00:00
[2023-01-26T23:35:51.596+0000] {processor.py:176} INFO - Processing /home/airflow/.local/lib/python3.7/site-packages/airflow/example_dags/example_xcom.py took 0.068 seconds
[2023-01-26T23:36:21.725+0000] {processor.py:154} INFO - Started process (PID=1939) to work on /home/airflow/.local/lib/python3.7/site-packages/airflow/example_dags/example_xcom.py
[2023-01-26T23:36:21.726+0000] {processor.py:756} INFO - Processing file /home/airflow/.local/lib/python3.7/site-packages/airflow/example_dags/example_xcom.py for tasks to queue
[2023-01-26T23:36:21.727+0000] {logging_mixin.py:120} INFO - [2023-01-26T23:36:21.727+0000] {dagbag.py:537} INFO - Filling up the DagBag from /home/airflow/.local/lib/python3.7/site-packages/airflow/example_dags/example_xcom.py
[2023-01-26T23:36:21.749+0000] {processor.py:766} INFO - DAG(s) dict_keys(['example_xcom']) retrieved from /home/airflow/.local/lib/python3.7/site-packages/airflow/example_dags/example_xcom.py
[2023-01-26T23:36:21.783+0000] {logging_mixin.py:120} INFO - [2023-01-26T23:36:21.783+0000] {dag.py:2585} INFO - Sync 1 DAGs
[2023-01-26T23:36:21.806+0000] {logging_mixin.py:120} INFO - [2023-01-26T23:36:21.806+0000] {dag.py:3340} INFO - Setting next_dagrun for example_xcom to 2021-01-01T00:00:00+00:00, run_after=2021-01-01T00:00:00+00:00
[2023-01-26T23:36:21.822+0000] {processor.py:176} INFO - Processing /home/airflow/.local/lib/python3.7/site-packages/airflow/example_dags/example_xcom.py took 0.099 seconds
[2023-01-26T23:36:52.060+0000] {processor.py:154} INFO - Started process (PID=2006) to work on /home/airflow/.local/lib/python3.7/site-packages/airflow/example_dags/example_xcom.py
[2023-01-26T23:36:52.061+0000] {processor.py:756} INFO - Processing file /home/airflow/.local/lib/python3.7/site-packages/airflow/example_dags/example_xcom.py for tasks to queue
[2023-01-26T23:36:52.062+0000] {logging_mixin.py:120} INFO - [2023-01-26T23:36:52.061+0000] {dagbag.py:537} INFO - Filling up the DagBag from /home/airflow/.local/lib/python3.7/site-packages/airflow/example_dags/example_xcom.py
[2023-01-26T23:36:52.078+0000] {processor.py:766} INFO - DAG(s) dict_keys(['example_xcom']) retrieved from /home/airflow/.local/lib/python3.7/site-packages/airflow/example_dags/example_xcom.py
[2023-01-26T23:36:52.109+0000] {logging_mixin.py:120} INFO - [2023-01-26T23:36:52.109+0000] {dag.py:2585} INFO - Sync 1 DAGs
[2023-01-26T23:36:52.130+0000] {logging_mixin.py:120} INFO - [2023-01-26T23:36:52.130+0000] {dag.py:3340} INFO - Setting next_dagrun for example_xcom to 2021-01-01T00:00:00+00:00, run_after=2021-01-01T00:00:00+00:00
[2023-01-26T23:36:52.144+0000] {processor.py:176} INFO - Processing /home/airflow/.local/lib/python3.7/site-packages/airflow/example_dags/example_xcom.py took 0.086 seconds
[2023-01-26T23:37:22.243+0000] {processor.py:154} INFO - Started process (PID=2074) to work on /home/airflow/.local/lib/python3.7/site-packages/airflow/example_dags/example_xcom.py
[2023-01-26T23:37:22.244+0000] {processor.py:756} INFO - Processing file /home/airflow/.local/lib/python3.7/site-packages/airflow/example_dags/example_xcom.py for tasks to queue
[2023-01-26T23:37:22.245+0000] {logging_mixin.py:120} INFO - [2023-01-26T23:37:22.245+0000] {dagbag.py:537} INFO - Filling up the DagBag from /home/airflow/.local/lib/python3.7/site-packages/airflow/example_dags/example_xcom.py
[2023-01-26T23:37:22.258+0000] {processor.py:766} INFO - DAG(s) dict_keys(['example_xcom']) retrieved from /home/airflow/.local/lib/python3.7/site-packages/airflow/example_dags/example_xcom.py
[2023-01-26T23:37:22.283+0000] {logging_mixin.py:120} INFO - [2023-01-26T23:37:22.283+0000] {dag.py:2585} INFO - Sync 1 DAGs
[2023-01-26T23:37:22.299+0000] {logging_mixin.py:120} INFO - [2023-01-26T23:37:22.299+0000] {dag.py:3340} INFO - Setting next_dagrun for example_xcom to 2021-01-01T00:00:00+00:00, run_after=2021-01-01T00:00:00+00:00
[2023-01-26T23:37:22.311+0000] {processor.py:176} INFO - Processing /home/airflow/.local/lib/python3.7/site-packages/airflow/example_dags/example_xcom.py took 0.069 seconds
[2023-01-26T23:37:52.388+0000] {processor.py:154} INFO - Started process (PID=2142) to work on /home/airflow/.local/lib/python3.7/site-packages/airflow/example_dags/example_xcom.py
[2023-01-26T23:37:52.389+0000] {processor.py:756} INFO - Processing file /home/airflow/.local/lib/python3.7/site-packages/airflow/example_dags/example_xcom.py for tasks to queue
[2023-01-26T23:37:52.389+0000] {logging_mixin.py:120} INFO - [2023-01-26T23:37:52.389+0000] {dagbag.py:537} INFO - Filling up the DagBag from /home/airflow/.local/lib/python3.7/site-packages/airflow/example_dags/example_xcom.py
[2023-01-26T23:37:52.405+0000] {processor.py:766} INFO - DAG(s) dict_keys(['example_xcom']) retrieved from /home/airflow/.local/lib/python3.7/site-packages/airflow/example_dags/example_xcom.py
[2023-01-26T23:37:52.430+0000] {logging_mixin.py:120} INFO - [2023-01-26T23:37:52.430+0000] {dag.py:2585} INFO - Sync 1 DAGs
[2023-01-26T23:37:52.447+0000] {logging_mixin.py:120} INFO - [2023-01-26T23:37:52.447+0000] {dag.py:3340} INFO - Setting next_dagrun for example_xcom to 2021-01-01T00:00:00+00:00, run_after=2021-01-01T00:00:00+00:00
[2023-01-26T23:37:52.460+0000] {processor.py:176} INFO - Processing /home/airflow/.local/lib/python3.7/site-packages/airflow/example_dags/example_xcom.py took 0.073 seconds
[2023-01-26T23:38:22.796+0000] {processor.py:154} INFO - Started process (PID=2201) to work on /home/airflow/.local/lib/python3.7/site-packages/airflow/example_dags/example_xcom.py
[2023-01-26T23:38:22.797+0000] {processor.py:756} INFO - Processing file /home/airflow/.local/lib/python3.7/site-packages/airflow/example_dags/example_xcom.py for tasks to queue
[2023-01-26T23:38:22.797+0000] {logging_mixin.py:120} INFO - [2023-01-26T23:38:22.797+0000] {dagbag.py:537} INFO - Filling up the DagBag from /home/airflow/.local/lib/python3.7/site-packages/airflow/example_dags/example_xcom.py
[2023-01-26T23:38:22.812+0000] {processor.py:766} INFO - DAG(s) dict_keys(['example_xcom']) retrieved from /home/airflow/.local/lib/python3.7/site-packages/airflow/example_dags/example_xcom.py
[2023-01-26T23:38:22.839+0000] {logging_mixin.py:120} INFO - [2023-01-26T23:38:22.839+0000] {dag.py:2585} INFO - Sync 1 DAGs
[2023-01-26T23:38:22.856+0000] {logging_mixin.py:120} INFO - [2023-01-26T23:38:22.855+0000] {dag.py:3340} INFO - Setting next_dagrun for example_xcom to 2021-01-01T00:00:00+00:00, run_after=2021-01-01T00:00:00+00:00
[2023-01-26T23:38:22.868+0000] {processor.py:176} INFO - Processing /home/airflow/.local/lib/python3.7/site-packages/airflow/example_dags/example_xcom.py took 0.074 seconds
[2023-01-26T23:38:53.091+0000] {processor.py:154} INFO - Started process (PID=2269) to work on /home/airflow/.local/lib/python3.7/site-packages/airflow/example_dags/example_xcom.py
[2023-01-26T23:38:53.092+0000] {processor.py:756} INFO - Processing file /home/airflow/.local/lib/python3.7/site-packages/airflow/example_dags/example_xcom.py for tasks to queue
[2023-01-26T23:38:53.093+0000] {logging_mixin.py:120} INFO - [2023-01-26T23:38:53.093+0000] {dagbag.py:537} INFO - Filling up the DagBag from /home/airflow/.local/lib/python3.7/site-packages/airflow/example_dags/example_xcom.py
[2023-01-26T23:38:53.107+0000] {processor.py:766} INFO - DAG(s) dict_keys(['example_xcom']) retrieved from /home/airflow/.local/lib/python3.7/site-packages/airflow/example_dags/example_xcom.py
[2023-01-26T23:38:53.134+0000] {logging_mixin.py:120} INFO - [2023-01-26T23:38:53.134+0000] {dag.py:2585} INFO - Sync 1 DAGs
[2023-01-26T23:38:53.151+0000] {logging_mixin.py:120} INFO - [2023-01-26T23:38:53.151+0000] {dag.py:3340} INFO - Setting next_dagrun for example_xcom to 2021-01-01T00:00:00+00:00, run_after=2021-01-01T00:00:00+00:00
[2023-01-26T23:38:53.164+0000] {processor.py:176} INFO - Processing /home/airflow/.local/lib/python3.7/site-packages/airflow/example_dags/example_xcom.py took 0.075 seconds
[2023-01-26T23:39:23.446+0000] {processor.py:154} INFO - Started process (PID=2337) to work on /home/airflow/.local/lib/python3.7/site-packages/airflow/example_dags/example_xcom.py
[2023-01-26T23:39:23.447+0000] {processor.py:756} INFO - Processing file /home/airflow/.local/lib/python3.7/site-packages/airflow/example_dags/example_xcom.py for tasks to queue
[2023-01-26T23:39:23.447+0000] {logging_mixin.py:120} INFO - [2023-01-26T23:39:23.447+0000] {dagbag.py:537} INFO - Filling up the DagBag from /home/airflow/.local/lib/python3.7/site-packages/airflow/example_dags/example_xcom.py
[2023-01-26T23:39:23.462+0000] {processor.py:766} INFO - DAG(s) dict_keys(['example_xcom']) retrieved from /home/airflow/.local/lib/python3.7/site-packages/airflow/example_dags/example_xcom.py
[2023-01-26T23:39:23.487+0000] {logging_mixin.py:120} INFO - [2023-01-26T23:39:23.487+0000] {dag.py:2585} INFO - Sync 1 DAGs
[2023-01-26T23:39:23.504+0000] {logging_mixin.py:120} INFO - [2023-01-26T23:39:23.504+0000] {dag.py:3340} INFO - Setting next_dagrun for example_xcom to 2021-01-01T00:00:00+00:00, run_after=2021-01-01T00:00:00+00:00
[2023-01-26T23:39:23.517+0000] {processor.py:176} INFO - Processing /home/airflow/.local/lib/python3.7/site-packages/airflow/example_dags/example_xcom.py took 0.073 seconds
[2023-01-26T23:39:53.617+0000] {processor.py:154} INFO - Started process (PID=2405) to work on /home/airflow/.local/lib/python3.7/site-packages/airflow/example_dags/example_xcom.py
[2023-01-26T23:39:53.618+0000] {processor.py:756} INFO - Processing file /home/airflow/.local/lib/python3.7/site-packages/airflow/example_dags/example_xcom.py for tasks to queue
[2023-01-26T23:39:53.618+0000] {logging_mixin.py:120} INFO - [2023-01-26T23:39:53.618+0000] {dagbag.py:537} INFO - Filling up the DagBag from /home/airflow/.local/lib/python3.7/site-packages/airflow/example_dags/example_xcom.py
[2023-01-26T23:39:53.635+0000] {processor.py:766} INFO - DAG(s) dict_keys(['example_xcom']) retrieved from /home/airflow/.local/lib/python3.7/site-packages/airflow/example_dags/example_xcom.py
[2023-01-26T23:39:53.667+0000] {logging_mixin.py:120} INFO - [2023-01-26T23:39:53.667+0000] {dag.py:2585} INFO - Sync 1 DAGs
[2023-01-26T23:39:53.683+0000] {logging_mixin.py:120} INFO - [2023-01-26T23:39:53.683+0000] {dag.py:3340} INFO - Setting next_dagrun for example_xcom to 2021-01-01T00:00:00+00:00, run_after=2021-01-01T00:00:00+00:00
[2023-01-26T23:39:53.703+0000] {processor.py:176} INFO - Processing /home/airflow/.local/lib/python3.7/site-packages/airflow/example_dags/example_xcom.py took 0.087 seconds
[2023-01-26T23:40:23.791+0000] {processor.py:154} INFO - Started process (PID=2473) to work on /home/airflow/.local/lib/python3.7/site-packages/airflow/example_dags/example_xcom.py
[2023-01-26T23:40:23.792+0000] {processor.py:756} INFO - Processing file /home/airflow/.local/lib/python3.7/site-packages/airflow/example_dags/example_xcom.py for tasks to queue
[2023-01-26T23:40:23.792+0000] {logging_mixin.py:120} INFO - [2023-01-26T23:40:23.792+0000] {dagbag.py:537} INFO - Filling up the DagBag from /home/airflow/.local/lib/python3.7/site-packages/airflow/example_dags/example_xcom.py
[2023-01-26T23:40:23.807+0000] {processor.py:766} INFO - DAG(s) dict_keys(['example_xcom']) retrieved from /home/airflow/.local/lib/python3.7/site-packages/airflow/example_dags/example_xcom.py
[2023-01-26T23:40:23.836+0000] {logging_mixin.py:120} INFO - [2023-01-26T23:40:23.835+0000] {dag.py:2585} INFO - Sync 1 DAGs
[2023-01-26T23:40:23.854+0000] {logging_mixin.py:120} INFO - [2023-01-26T23:40:23.854+0000] {dag.py:3340} INFO - Setting next_dagrun for example_xcom to 2021-01-01T00:00:00+00:00, run_after=2021-01-01T00:00:00+00:00
[2023-01-26T23:40:23.868+0000] {processor.py:176} INFO - Processing /home/airflow/.local/lib/python3.7/site-packages/airflow/example_dags/example_xcom.py took 0.079 seconds
[2023-01-26T23:40:53.980+0000] {processor.py:154} INFO - Started process (PID=2532) to work on /home/airflow/.local/lib/python3.7/site-packages/airflow/example_dags/example_xcom.py
[2023-01-26T23:40:53.980+0000] {processor.py:756} INFO - Processing file /home/airflow/.local/lib/python3.7/site-packages/airflow/example_dags/example_xcom.py for tasks to queue
[2023-01-26T23:40:53.981+0000] {logging_mixin.py:120} INFO - [2023-01-26T23:40:53.980+0000] {dagbag.py:537} INFO - Filling up the DagBag from /home/airflow/.local/lib/python3.7/site-packages/airflow/example_dags/example_xcom.py
[2023-01-26T23:40:53.995+0000] {processor.py:766} INFO - DAG(s) dict_keys(['example_xcom']) retrieved from /home/airflow/.local/lib/python3.7/site-packages/airflow/example_dags/example_xcom.py
[2023-01-26T23:40:54.023+0000] {logging_mixin.py:120} INFO - [2023-01-26T23:40:54.023+0000] {dag.py:2585} INFO - Sync 1 DAGs
[2023-01-26T23:40:54.041+0000] {logging_mixin.py:120} INFO - [2023-01-26T23:40:54.041+0000] {dag.py:3340} INFO - Setting next_dagrun for example_xcom to 2021-01-01T00:00:00+00:00, run_after=2021-01-01T00:00:00+00:00
[2023-01-26T23:40:54.055+0000] {processor.py:176} INFO - Processing /home/airflow/.local/lib/python3.7/site-packages/airflow/example_dags/example_xcom.py took 0.077 seconds
[2023-01-26T23:41:24.088+0000] {processor.py:154} INFO - Started process (PID=2600) to work on /home/airflow/.local/lib/python3.7/site-packages/airflow/example_dags/example_xcom.py
[2023-01-26T23:41:24.089+0000] {processor.py:756} INFO - Processing file /home/airflow/.local/lib/python3.7/site-packages/airflow/example_dags/example_xcom.py for tasks to queue
[2023-01-26T23:41:24.090+0000] {logging_mixin.py:120} INFO - [2023-01-26T23:41:24.090+0000] {dagbag.py:537} INFO - Filling up the DagBag from /home/airflow/.local/lib/python3.7/site-packages/airflow/example_dags/example_xcom.py
[2023-01-26T23:41:24.104+0000] {processor.py:766} INFO - DAG(s) dict_keys(['example_xcom']) retrieved from /home/airflow/.local/lib/python3.7/site-packages/airflow/example_dags/example_xcom.py
[2023-01-26T23:41:24.129+0000] {logging_mixin.py:120} INFO - [2023-01-26T23:41:24.128+0000] {dag.py:2585} INFO - Sync 1 DAGs
[2023-01-26T23:41:24.146+0000] {logging_mixin.py:120} INFO - [2023-01-26T23:41:24.146+0000] {dag.py:3340} INFO - Setting next_dagrun for example_xcom to 2021-01-01T00:00:00+00:00, run_after=2021-01-01T00:00:00+00:00
[2023-01-26T23:41:24.158+0000] {processor.py:176} INFO - Processing /home/airflow/.local/lib/python3.7/site-packages/airflow/example_dags/example_xcom.py took 0.072 seconds
[2023-01-26T23:41:54.211+0000] {processor.py:154} INFO - Started process (PID=2668) to work on /home/airflow/.local/lib/python3.7/site-packages/airflow/example_dags/example_xcom.py
[2023-01-26T23:41:54.212+0000] {processor.py:756} INFO - Processing file /home/airflow/.local/lib/python3.7/site-packages/airflow/example_dags/example_xcom.py for tasks to queue
[2023-01-26T23:41:54.213+0000] {logging_mixin.py:120} INFO - [2023-01-26T23:41:54.213+0000] {dagbag.py:537} INFO - Filling up the DagBag from /home/airflow/.local/lib/python3.7/site-packages/airflow/example_dags/example_xcom.py
[2023-01-26T23:41:54.228+0000] {processor.py:766} INFO - DAG(s) dict_keys(['example_xcom']) retrieved from /home/airflow/.local/lib/python3.7/site-packages/airflow/example_dags/example_xcom.py
[2023-01-26T23:41:54.243+0000] {logging_mixin.py:120} INFO - [2023-01-26T23:41:54.243+0000] {dag.py:2585} INFO - Sync 1 DAGs
[2023-01-26T23:41:54.260+0000] {logging_mixin.py:120} INFO - [2023-01-26T23:41:54.260+0000] {dag.py:3340} INFO - Setting next_dagrun for example_xcom to 2021-01-01T00:00:00+00:00, run_after=2021-01-01T00:00:00+00:00
[2023-01-26T23:41:54.273+0000] {processor.py:176} INFO - Processing /home/airflow/.local/lib/python3.7/site-packages/airflow/example_dags/example_xcom.py took 0.063 seconds
[2023-01-26T23:42:24.449+0000] {processor.py:154} INFO - Started process (PID=2736) to work on /home/airflow/.local/lib/python3.7/site-packages/airflow/example_dags/example_xcom.py
[2023-01-26T23:42:24.449+0000] {processor.py:756} INFO - Processing file /home/airflow/.local/lib/python3.7/site-packages/airflow/example_dags/example_xcom.py for tasks to queue
[2023-01-26T23:42:24.449+0000] {logging_mixin.py:120} INFO - [2023-01-26T23:42:24.449+0000] {dagbag.py:537} INFO - Filling up the DagBag from /home/airflow/.local/lib/python3.7/site-packages/airflow/example_dags/example_xcom.py
[2023-01-26T23:42:24.464+0000] {processor.py:766} INFO - DAG(s) dict_keys(['example_xcom']) retrieved from /home/airflow/.local/lib/python3.7/site-packages/airflow/example_dags/example_xcom.py
[2023-01-26T23:42:24.489+0000] {logging_mixin.py:120} INFO - [2023-01-26T23:42:24.489+0000] {dag.py:2585} INFO - Sync 1 DAGs
[2023-01-26T23:42:24.505+0000] {logging_mixin.py:120} INFO - [2023-01-26T23:42:24.504+0000] {dag.py:3340} INFO - Setting next_dagrun for example_xcom to 2021-01-01T00:00:00+00:00, run_after=2021-01-01T00:00:00+00:00
[2023-01-26T23:42:24.517+0000] {processor.py:176} INFO - Processing /home/airflow/.local/lib/python3.7/site-packages/airflow/example_dags/example_xcom.py took 0.070 seconds
[2023-01-26T23:42:54.819+0000] {processor.py:154} INFO - Started process (PID=2795) to work on /home/airflow/.local/lib/python3.7/site-packages/airflow/example_dags/example_xcom.py
[2023-01-26T23:42:54.820+0000] {processor.py:756} INFO - Processing file /home/airflow/.local/lib/python3.7/site-packages/airflow/example_dags/example_xcom.py for tasks to queue
[2023-01-26T23:42:54.820+0000] {logging_mixin.py:120} INFO - [2023-01-26T23:42:54.820+0000] {dagbag.py:537} INFO - Filling up the DagBag from /home/airflow/.local/lib/python3.7/site-packages/airflow/example_dags/example_xcom.py
[2023-01-26T23:42:54.834+0000] {processor.py:766} INFO - DAG(s) dict_keys(['example_xcom']) retrieved from /home/airflow/.local/lib/python3.7/site-packages/airflow/example_dags/example_xcom.py
[2023-01-26T23:42:54.863+0000] {logging_mixin.py:120} INFO - [2023-01-26T23:42:54.863+0000] {dag.py:2585} INFO - Sync 1 DAGs
[2023-01-26T23:42:54.880+0000] {logging_mixin.py:120} INFO - [2023-01-26T23:42:54.880+0000] {dag.py:3340} INFO - Setting next_dagrun for example_xcom to 2021-01-01T00:00:00+00:00, run_after=2021-01-01T00:00:00+00:00
[2023-01-26T23:42:54.892+0000] {processor.py:176} INFO - Processing /home/airflow/.local/lib/python3.7/site-packages/airflow/example_dags/example_xcom.py took 0.075 seconds
[2023-01-26T23:43:25.922+0000] {processor.py:154} INFO - Started process (PID=2862) to work on /home/airflow/.local/lib/python3.7/site-packages/airflow/example_dags/example_xcom.py
[2023-01-26T23:43:25.923+0000] {processor.py:756} INFO - Processing file /home/airflow/.local/lib/python3.7/site-packages/airflow/example_dags/example_xcom.py for tasks to queue
[2023-01-26T23:43:25.923+0000] {logging_mixin.py:120} INFO - [2023-01-26T23:43:25.923+0000] {dagbag.py:537} INFO - Filling up the DagBag from /home/airflow/.local/lib/python3.7/site-packages/airflow/example_dags/example_xcom.py
[2023-01-26T23:43:25.937+0000] {processor.py:766} INFO - DAG(s) dict_keys(['example_xcom']) retrieved from /home/airflow/.local/lib/python3.7/site-packages/airflow/example_dags/example_xcom.py
[2023-01-26T23:43:25.967+0000] {logging_mixin.py:120} INFO - [2023-01-26T23:43:25.967+0000] {dag.py:2585} INFO - Sync 1 DAGs
[2023-01-26T23:43:25.986+0000] {logging_mixin.py:120} INFO - [2023-01-26T23:43:25.986+0000] {dag.py:3340} INFO - Setting next_dagrun for example_xcom to 2021-01-01T00:00:00+00:00, run_after=2021-01-01T00:00:00+00:00
[2023-01-26T23:43:26.002+0000] {processor.py:176} INFO - Processing /home/airflow/.local/lib/python3.7/site-packages/airflow/example_dags/example_xcom.py took 0.081 seconds
[2023-01-26T23:43:56.066+0000] {processor.py:154} INFO - Started process (PID=2930) to work on /home/airflow/.local/lib/python3.7/site-packages/airflow/example_dags/example_xcom.py
[2023-01-26T23:43:56.067+0000] {processor.py:756} INFO - Processing file /home/airflow/.local/lib/python3.7/site-packages/airflow/example_dags/example_xcom.py for tasks to queue
[2023-01-26T23:43:56.067+0000] {logging_mixin.py:120} INFO - [2023-01-26T23:43:56.067+0000] {dagbag.py:537} INFO - Filling up the DagBag from /home/airflow/.local/lib/python3.7/site-packages/airflow/example_dags/example_xcom.py
[2023-01-26T23:43:56.083+0000] {processor.py:766} INFO - DAG(s) dict_keys(['example_xcom']) retrieved from /home/airflow/.local/lib/python3.7/site-packages/airflow/example_dags/example_xcom.py
[2023-01-26T23:43:56.109+0000] {logging_mixin.py:120} INFO - [2023-01-26T23:43:56.109+0000] {dag.py:2585} INFO - Sync 1 DAGs
[2023-01-26T23:43:56.124+0000] {logging_mixin.py:120} INFO - [2023-01-26T23:43:56.124+0000] {dag.py:3340} INFO - Setting next_dagrun for example_xcom to 2021-01-01T00:00:00+00:00, run_after=2021-01-01T00:00:00+00:00
[2023-01-26T23:43:56.136+0000] {processor.py:176} INFO - Processing /home/airflow/.local/lib/python3.7/site-packages/airflow/example_dags/example_xcom.py took 0.072 seconds
[2023-01-26T23:44:26.199+0000] {processor.py:154} INFO - Started process (PID=2998) to work on /home/airflow/.local/lib/python3.7/site-packages/airflow/example_dags/example_xcom.py
[2023-01-26T23:44:26.199+0000] {processor.py:756} INFO - Processing file /home/airflow/.local/lib/python3.7/site-packages/airflow/example_dags/example_xcom.py for tasks to queue
[2023-01-26T23:44:26.200+0000] {logging_mixin.py:120} INFO - [2023-01-26T23:44:26.200+0000] {dagbag.py:537} INFO - Filling up the DagBag from /home/airflow/.local/lib/python3.7/site-packages/airflow/example_dags/example_xcom.py
[2023-01-26T23:44:26.214+0000] {processor.py:766} INFO - DAG(s) dict_keys(['example_xcom']) retrieved from /home/airflow/.local/lib/python3.7/site-packages/airflow/example_dags/example_xcom.py
[2023-01-26T23:44:26.242+0000] {logging_mixin.py:120} INFO - [2023-01-26T23:44:26.242+0000] {dag.py:2585} INFO - Sync 1 DAGs
[2023-01-26T23:44:26.259+0000] {logging_mixin.py:120} INFO - [2023-01-26T23:44:26.259+0000] {dag.py:3340} INFO - Setting next_dagrun for example_xcom to 2021-01-01T00:00:00+00:00, run_after=2021-01-01T00:00:00+00:00
[2023-01-26T23:44:26.272+0000] {processor.py:176} INFO - Processing /home/airflow/.local/lib/python3.7/site-packages/airflow/example_dags/example_xcom.py took 0.075 seconds
[2023-01-26T23:45:53.723+0000] {processor.py:154} INFO - Started process (PID=50) to work on /home/airflow/.local/lib/python3.7/site-packages/airflow/example_dags/example_xcom.py
[2023-01-26T23:45:53.724+0000] {processor.py:756} INFO - Processing file /home/airflow/.local/lib/python3.7/site-packages/airflow/example_dags/example_xcom.py for tasks to queue
[2023-01-26T23:45:53.725+0000] {logging_mixin.py:120} INFO - [2023-01-26T23:45:53.724+0000] {dagbag.py:537} INFO - Filling up the DagBag from /home/airflow/.local/lib/python3.7/site-packages/airflow/example_dags/example_xcom.py
[2023-01-26T23:45:53.765+0000] {processor.py:766} INFO - DAG(s) dict_keys(['example_xcom']) retrieved from /home/airflow/.local/lib/python3.7/site-packages/airflow/example_dags/example_xcom.py
[2023-01-26T23:45:53.803+0000] {logging_mixin.py:120} INFO - [2023-01-26T23:45:53.802+0000] {dag.py:2585} INFO - Sync 1 DAGs
[2023-01-26T23:45:53.847+0000] {logging_mixin.py:120} INFO - [2023-01-26T23:45:53.847+0000] {dag.py:3340} INFO - Setting next_dagrun for example_xcom to 2021-01-01T00:00:00+00:00, run_after=2021-01-01T00:00:00+00:00
[2023-01-26T23:45:53.898+0000] {processor.py:176} INFO - Processing /home/airflow/.local/lib/python3.7/site-packages/airflow/example_dags/example_xcom.py took 0.179 seconds
[2023-01-26T23:46:24.220+0000] {processor.py:154} INFO - Started process (PID=118) to work on /home/airflow/.local/lib/python3.7/site-packages/airflow/example_dags/example_xcom.py
[2023-01-26T23:46:24.220+0000] {processor.py:756} INFO - Processing file /home/airflow/.local/lib/python3.7/site-packages/airflow/example_dags/example_xcom.py for tasks to queue
[2023-01-26T23:46:24.220+0000] {logging_mixin.py:120} INFO - [2023-01-26T23:46:24.220+0000] {dagbag.py:537} INFO - Filling up the DagBag from /home/airflow/.local/lib/python3.7/site-packages/airflow/example_dags/example_xcom.py
[2023-01-26T23:46:24.235+0000] {processor.py:766} INFO - DAG(s) dict_keys(['example_xcom']) retrieved from /home/airflow/.local/lib/python3.7/site-packages/airflow/example_dags/example_xcom.py
[2023-01-26T23:46:24.262+0000] {logging_mixin.py:120} INFO - [2023-01-26T23:46:24.262+0000] {dag.py:2585} INFO - Sync 1 DAGs
[2023-01-26T23:46:24.279+0000] {logging_mixin.py:120} INFO - [2023-01-26T23:46:24.278+0000] {dag.py:3340} INFO - Setting next_dagrun for example_xcom to 2021-01-01T00:00:00+00:00, run_after=2021-01-01T00:00:00+00:00
[2023-01-26T23:46:24.291+0000] {processor.py:176} INFO - Processing /home/airflow/.local/lib/python3.7/site-packages/airflow/example_dags/example_xcom.py took 0.074 seconds
[2023-01-26T23:46:54.913+0000] {processor.py:154} INFO - Started process (PID=187) to work on /home/airflow/.local/lib/python3.7/site-packages/airflow/example_dags/example_xcom.py
[2023-01-26T23:46:54.914+0000] {processor.py:756} INFO - Processing file /home/airflow/.local/lib/python3.7/site-packages/airflow/example_dags/example_xcom.py for tasks to queue
[2023-01-26T23:46:54.914+0000] {logging_mixin.py:120} INFO - [2023-01-26T23:46:54.914+0000] {dagbag.py:537} INFO - Filling up the DagBag from /home/airflow/.local/lib/python3.7/site-packages/airflow/example_dags/example_xcom.py
[2023-01-26T23:46:54.936+0000] {processor.py:766} INFO - DAG(s) dict_keys(['example_xcom']) retrieved from /home/airflow/.local/lib/python3.7/site-packages/airflow/example_dags/example_xcom.py
[2023-01-26T23:46:54.973+0000] {logging_mixin.py:120} INFO - [2023-01-26T23:46:54.973+0000] {dag.py:2585} INFO - Sync 1 DAGs
[2023-01-26T23:46:54.989+0000] {logging_mixin.py:120} INFO - [2023-01-26T23:46:54.989+0000] {dag.py:3340} INFO - Setting next_dagrun for example_xcom to 2021-01-01T00:00:00+00:00, run_after=2021-01-01T00:00:00+00:00
[2023-01-26T23:46:55.005+0000] {processor.py:176} INFO - Processing /home/airflow/.local/lib/python3.7/site-packages/airflow/example_dags/example_xcom.py took 0.095 seconds
[2023-01-26T23:47:25.079+0000] {processor.py:154} INFO - Started process (PID=246) to work on /home/airflow/.local/lib/python3.7/site-packages/airflow/example_dags/example_xcom.py
[2023-01-26T23:47:25.080+0000] {processor.py:756} INFO - Processing file /home/airflow/.local/lib/python3.7/site-packages/airflow/example_dags/example_xcom.py for tasks to queue
[2023-01-26T23:47:25.080+0000] {logging_mixin.py:120} INFO - [2023-01-26T23:47:25.080+0000] {dagbag.py:537} INFO - Filling up the DagBag from /home/airflow/.local/lib/python3.7/site-packages/airflow/example_dags/example_xcom.py
[2023-01-26T23:47:25.095+0000] {processor.py:766} INFO - DAG(s) dict_keys(['example_xcom']) retrieved from /home/airflow/.local/lib/python3.7/site-packages/airflow/example_dags/example_xcom.py
[2023-01-26T23:47:25.121+0000] {logging_mixin.py:120} INFO - [2023-01-26T23:47:25.121+0000] {dag.py:2585} INFO - Sync 1 DAGs
[2023-01-26T23:47:25.139+0000] {logging_mixin.py:120} INFO - [2023-01-26T23:47:25.139+0000] {dag.py:3340} INFO - Setting next_dagrun for example_xcom to 2021-01-01T00:00:00+00:00, run_after=2021-01-01T00:00:00+00:00
[2023-01-26T23:47:25.153+0000] {processor.py:176} INFO - Processing /home/airflow/.local/lib/python3.7/site-packages/airflow/example_dags/example_xcom.py took 0.076 seconds
[2023-01-26T23:47:55.605+0000] {processor.py:154} INFO - Started process (PID=314) to work on /home/airflow/.local/lib/python3.7/site-packages/airflow/example_dags/example_xcom.py
[2023-01-26T23:47:55.605+0000] {processor.py:756} INFO - Processing file /home/airflow/.local/lib/python3.7/site-packages/airflow/example_dags/example_xcom.py for tasks to queue
[2023-01-26T23:47:55.605+0000] {logging_mixin.py:120} INFO - [2023-01-26T23:47:55.605+0000] {dagbag.py:537} INFO - Filling up the DagBag from /home/airflow/.local/lib/python3.7/site-packages/airflow/example_dags/example_xcom.py
[2023-01-26T23:47:55.620+0000] {processor.py:766} INFO - DAG(s) dict_keys(['example_xcom']) retrieved from /home/airflow/.local/lib/python3.7/site-packages/airflow/example_dags/example_xcom.py
[2023-01-26T23:47:55.647+0000] {logging_mixin.py:120} INFO - [2023-01-26T23:47:55.646+0000] {dag.py:2585} INFO - Sync 1 DAGs
[2023-01-26T23:47:55.664+0000] {logging_mixin.py:120} INFO - [2023-01-26T23:47:55.664+0000] {dag.py:3340} INFO - Setting next_dagrun for example_xcom to 2021-01-01T00:00:00+00:00, run_after=2021-01-01T00:00:00+00:00
[2023-01-26T23:47:55.675+0000] {processor.py:176} INFO - Processing /home/airflow/.local/lib/python3.7/site-packages/airflow/example_dags/example_xcom.py took 0.073 seconds
[2023-01-26T23:48:25.725+0000] {processor.py:154} INFO - Started process (PID=380) to work on /home/airflow/.local/lib/python3.7/site-packages/airflow/example_dags/example_xcom.py
[2023-01-26T23:48:25.726+0000] {processor.py:756} INFO - Processing file /home/airflow/.local/lib/python3.7/site-packages/airflow/example_dags/example_xcom.py for tasks to queue
[2023-01-26T23:48:25.726+0000] {logging_mixin.py:120} INFO - [2023-01-26T23:48:25.726+0000] {dagbag.py:537} INFO - Filling up the DagBag from /home/airflow/.local/lib/python3.7/site-packages/airflow/example_dags/example_xcom.py
[2023-01-26T23:48:25.740+0000] {processor.py:766} INFO - DAG(s) dict_keys(['example_xcom']) retrieved from /home/airflow/.local/lib/python3.7/site-packages/airflow/example_dags/example_xcom.py
[2023-01-26T23:48:25.766+0000] {logging_mixin.py:120} INFO - [2023-01-26T23:48:25.766+0000] {dag.py:2585} INFO - Sync 1 DAGs
[2023-01-26T23:48:25.781+0000] {logging_mixin.py:120} INFO - [2023-01-26T23:48:25.781+0000] {dag.py:3340} INFO - Setting next_dagrun for example_xcom to 2021-01-01T00:00:00+00:00, run_after=2021-01-01T00:00:00+00:00
[2023-01-26T23:48:25.794+0000] {processor.py:176} INFO - Processing /home/airflow/.local/lib/python3.7/site-packages/airflow/example_dags/example_xcom.py took 0.071 seconds
[2023-01-26T23:48:55.886+0000] {processor.py:154} INFO - Started process (PID=449) to work on /home/airflow/.local/lib/python3.7/site-packages/airflow/example_dags/example_xcom.py
[2023-01-26T23:48:55.887+0000] {processor.py:756} INFO - Processing file /home/airflow/.local/lib/python3.7/site-packages/airflow/example_dags/example_xcom.py for tasks to queue
[2023-01-26T23:48:55.887+0000] {logging_mixin.py:120} INFO - [2023-01-26T23:48:55.887+0000] {dagbag.py:537} INFO - Filling up the DagBag from /home/airflow/.local/lib/python3.7/site-packages/airflow/example_dags/example_xcom.py
[2023-01-26T23:48:55.901+0000] {processor.py:766} INFO - DAG(s) dict_keys(['example_xcom']) retrieved from /home/airflow/.local/lib/python3.7/site-packages/airflow/example_dags/example_xcom.py
[2023-01-26T23:48:55.927+0000] {logging_mixin.py:120} INFO - [2023-01-26T23:48:55.927+0000] {dag.py:2585} INFO - Sync 1 DAGs
[2023-01-26T23:48:55.943+0000] {logging_mixin.py:120} INFO - [2023-01-26T23:48:55.943+0000] {dag.py:3340} INFO - Setting next_dagrun for example_xcom to 2021-01-01T00:00:00+00:00, run_after=2021-01-01T00:00:00+00:00
[2023-01-26T23:48:55.955+0000] {processor.py:176} INFO - Processing /home/airflow/.local/lib/python3.7/site-packages/airflow/example_dags/example_xcom.py took 0.071 seconds
[2023-01-26T23:49:26.240+0000] {processor.py:154} INFO - Started process (PID=507) to work on /home/airflow/.local/lib/python3.7/site-packages/airflow/example_dags/example_xcom.py
[2023-01-26T23:49:26.241+0000] {processor.py:756} INFO - Processing file /home/airflow/.local/lib/python3.7/site-packages/airflow/example_dags/example_xcom.py for tasks to queue
[2023-01-26T23:49:26.241+0000] {logging_mixin.py:120} INFO - [2023-01-26T23:49:26.241+0000] {dagbag.py:537} INFO - Filling up the DagBag from /home/airflow/.local/lib/python3.7/site-packages/airflow/example_dags/example_xcom.py
[2023-01-26T23:49:26.255+0000] {processor.py:766} INFO - DAG(s) dict_keys(['example_xcom']) retrieved from /home/airflow/.local/lib/python3.7/site-packages/airflow/example_dags/example_xcom.py
[2023-01-26T23:49:26.280+0000] {logging_mixin.py:120} INFO - [2023-01-26T23:49:26.280+0000] {dag.py:2585} INFO - Sync 1 DAGs
[2023-01-26T23:49:26.297+0000] {logging_mixin.py:120} INFO - [2023-01-26T23:49:26.297+0000] {dag.py:3340} INFO - Setting next_dagrun for example_xcom to 2021-01-01T00:00:00+00:00, run_after=2021-01-01T00:00:00+00:00
[2023-01-26T23:49:26.310+0000] {processor.py:176} INFO - Processing /home/airflow/.local/lib/python3.7/site-packages/airflow/example_dags/example_xcom.py took 0.071 seconds
[2023-01-26T23:49:56.647+0000] {processor.py:154} INFO - Started process (PID=574) to work on /home/airflow/.local/lib/python3.7/site-packages/airflow/example_dags/example_xcom.py
[2023-01-26T23:49:56.648+0000] {processor.py:756} INFO - Processing file /home/airflow/.local/lib/python3.7/site-packages/airflow/example_dags/example_xcom.py for tasks to queue
[2023-01-26T23:49:56.649+0000] {logging_mixin.py:120} INFO - [2023-01-26T23:49:56.649+0000] {dagbag.py:537} INFO - Filling up the DagBag from /home/airflow/.local/lib/python3.7/site-packages/airflow/example_dags/example_xcom.py
[2023-01-26T23:49:56.662+0000] {processor.py:766} INFO - DAG(s) dict_keys(['example_xcom']) retrieved from /home/airflow/.local/lib/python3.7/site-packages/airflow/example_dags/example_xcom.py
[2023-01-26T23:49:56.687+0000] {logging_mixin.py:120} INFO - [2023-01-26T23:49:56.687+0000] {dag.py:2585} INFO - Sync 1 DAGs
[2023-01-26T23:49:56.704+0000] {logging_mixin.py:120} INFO - [2023-01-26T23:49:56.704+0000] {dag.py:3340} INFO - Setting next_dagrun for example_xcom to 2021-01-01T00:00:00+00:00, run_after=2021-01-01T00:00:00+00:00
[2023-01-26T23:49:56.715+0000] {processor.py:176} INFO - Processing /home/airflow/.local/lib/python3.7/site-packages/airflow/example_dags/example_xcom.py took 0.070 seconds
[2023-01-26T23:50:26.970+0000] {processor.py:154} INFO - Started process (PID=642) to work on /home/airflow/.local/lib/python3.7/site-packages/airflow/example_dags/example_xcom.py
[2023-01-26T23:50:26.971+0000] {processor.py:756} INFO - Processing file /home/airflow/.local/lib/python3.7/site-packages/airflow/example_dags/example_xcom.py for tasks to queue
[2023-01-26T23:50:26.972+0000] {logging_mixin.py:120} INFO - [2023-01-26T23:50:26.972+0000] {dagbag.py:537} INFO - Filling up the DagBag from /home/airflow/.local/lib/python3.7/site-packages/airflow/example_dags/example_xcom.py
[2023-01-26T23:50:26.986+0000] {processor.py:766} INFO - DAG(s) dict_keys(['example_xcom']) retrieved from /home/airflow/.local/lib/python3.7/site-packages/airflow/example_dags/example_xcom.py
[2023-01-26T23:50:27.011+0000] {logging_mixin.py:120} INFO - [2023-01-26T23:50:27.011+0000] {dag.py:2585} INFO - Sync 1 DAGs
[2023-01-26T23:50:27.030+0000] {logging_mixin.py:120} INFO - [2023-01-26T23:50:27.030+0000] {dag.py:3340} INFO - Setting next_dagrun for example_xcom to 2021-01-01T00:00:00+00:00, run_after=2021-01-01T00:00:00+00:00
[2023-01-26T23:50:27.043+0000] {processor.py:176} INFO - Processing /home/airflow/.local/lib/python3.7/site-packages/airflow/example_dags/example_xcom.py took 0.075 seconds
[2023-01-26T23:50:57.330+0000] {processor.py:154} INFO - Started process (PID=710) to work on /home/airflow/.local/lib/python3.7/site-packages/airflow/example_dags/example_xcom.py
[2023-01-26T23:50:57.331+0000] {processor.py:756} INFO - Processing file /home/airflow/.local/lib/python3.7/site-packages/airflow/example_dags/example_xcom.py for tasks to queue
[2023-01-26T23:50:57.332+0000] {logging_mixin.py:120} INFO - [2023-01-26T23:50:57.332+0000] {dagbag.py:537} INFO - Filling up the DagBag from /home/airflow/.local/lib/python3.7/site-packages/airflow/example_dags/example_xcom.py
[2023-01-26T23:50:57.346+0000] {processor.py:766} INFO - DAG(s) dict_keys(['example_xcom']) retrieved from /home/airflow/.local/lib/python3.7/site-packages/airflow/example_dags/example_xcom.py
[2023-01-26T23:50:57.373+0000] {logging_mixin.py:120} INFO - [2023-01-26T23:50:57.373+0000] {dag.py:2585} INFO - Sync 1 DAGs
[2023-01-26T23:50:57.391+0000] {logging_mixin.py:120} INFO - [2023-01-26T23:50:57.390+0000] {dag.py:3340} INFO - Setting next_dagrun for example_xcom to 2021-01-01T00:00:00+00:00, run_after=2021-01-01T00:00:00+00:00
[2023-01-26T23:50:57.406+0000] {processor.py:176} INFO - Processing /home/airflow/.local/lib/python3.7/site-packages/airflow/example_dags/example_xcom.py took 0.077 seconds
[2023-01-26T23:51:27.774+0000] {processor.py:154} INFO - Started process (PID=779) to work on /home/airflow/.local/lib/python3.7/site-packages/airflow/example_dags/example_xcom.py
[2023-01-26T23:51:27.775+0000] {processor.py:756} INFO - Processing file /home/airflow/.local/lib/python3.7/site-packages/airflow/example_dags/example_xcom.py for tasks to queue
[2023-01-26T23:51:27.776+0000] {logging_mixin.py:120} INFO - [2023-01-26T23:51:27.776+0000] {dagbag.py:537} INFO - Filling up the DagBag from /home/airflow/.local/lib/python3.7/site-packages/airflow/example_dags/example_xcom.py
[2023-01-26T23:51:27.790+0000] {processor.py:766} INFO - DAG(s) dict_keys(['example_xcom']) retrieved from /home/airflow/.local/lib/python3.7/site-packages/airflow/example_dags/example_xcom.py
[2023-01-26T23:51:27.816+0000] {logging_mixin.py:120} INFO - [2023-01-26T23:51:27.816+0000] {dag.py:2585} INFO - Sync 1 DAGs
[2023-01-26T23:51:27.835+0000] {logging_mixin.py:120} INFO - [2023-01-26T23:51:27.835+0000] {dag.py:3340} INFO - Setting next_dagrun for example_xcom to 2021-01-01T00:00:00+00:00, run_after=2021-01-01T00:00:00+00:00
[2023-01-26T23:51:27.850+0000] {processor.py:176} INFO - Processing /home/airflow/.local/lib/python3.7/site-packages/airflow/example_dags/example_xcom.py took 0.078 seconds
[2023-01-26T23:51:58.075+0000] {processor.py:154} INFO - Started process (PID=838) to work on /home/airflow/.local/lib/python3.7/site-packages/airflow/example_dags/example_xcom.py
[2023-01-26T23:51:58.076+0000] {processor.py:756} INFO - Processing file /home/airflow/.local/lib/python3.7/site-packages/airflow/example_dags/example_xcom.py for tasks to queue
[2023-01-26T23:51:58.077+0000] {logging_mixin.py:120} INFO - [2023-01-26T23:51:58.076+0000] {dagbag.py:537} INFO - Filling up the DagBag from /home/airflow/.local/lib/python3.7/site-packages/airflow/example_dags/example_xcom.py
[2023-01-26T23:51:58.091+0000] {processor.py:766} INFO - DAG(s) dict_keys(['example_xcom']) retrieved from /home/airflow/.local/lib/python3.7/site-packages/airflow/example_dags/example_xcom.py
[2023-01-26T23:51:58.117+0000] {logging_mixin.py:120} INFO - [2023-01-26T23:51:58.117+0000] {dag.py:2585} INFO - Sync 1 DAGs
[2023-01-26T23:51:58.134+0000] {logging_mixin.py:120} INFO - [2023-01-26T23:51:58.134+0000] {dag.py:3340} INFO - Setting next_dagrun for example_xcom to 2021-01-01T00:00:00+00:00, run_after=2021-01-01T00:00:00+00:00
[2023-01-26T23:51:58.148+0000] {processor.py:176} INFO - Processing /home/airflow/.local/lib/python3.7/site-packages/airflow/example_dags/example_xcom.py took 0.075 seconds
[2023-01-26T23:52:28.590+0000] {processor.py:154} INFO - Started process (PID=906) to work on /home/airflow/.local/lib/python3.7/site-packages/airflow/example_dags/example_xcom.py
[2023-01-26T23:52:28.591+0000] {processor.py:756} INFO - Processing file /home/airflow/.local/lib/python3.7/site-packages/airflow/example_dags/example_xcom.py for tasks to queue
[2023-01-26T23:52:28.591+0000] {logging_mixin.py:120} INFO - [2023-01-26T23:52:28.591+0000] {dagbag.py:537} INFO - Filling up the DagBag from /home/airflow/.local/lib/python3.7/site-packages/airflow/example_dags/example_xcom.py
[2023-01-26T23:52:28.606+0000] {processor.py:766} INFO - DAG(s) dict_keys(['example_xcom']) retrieved from /home/airflow/.local/lib/python3.7/site-packages/airflow/example_dags/example_xcom.py
[2023-01-26T23:52:28.633+0000] {logging_mixin.py:120} INFO - [2023-01-26T23:52:28.633+0000] {dag.py:2585} INFO - Sync 1 DAGs
[2023-01-26T23:52:28.650+0000] {logging_mixin.py:120} INFO - [2023-01-26T23:52:28.650+0000] {dag.py:3340} INFO - Setting next_dagrun for example_xcom to 2021-01-01T00:00:00+00:00, run_after=2021-01-01T00:00:00+00:00
[2023-01-26T23:52:28.663+0000] {processor.py:176} INFO - Processing /home/airflow/.local/lib/python3.7/site-packages/airflow/example_dags/example_xcom.py took 0.075 seconds
[2023-01-26T23:52:58.861+0000] {processor.py:154} INFO - Started process (PID=974) to work on /home/airflow/.local/lib/python3.7/site-packages/airflow/example_dags/example_xcom.py
[2023-01-26T23:52:58.861+0000] {processor.py:756} INFO - Processing file /home/airflow/.local/lib/python3.7/site-packages/airflow/example_dags/example_xcom.py for tasks to queue
[2023-01-26T23:52:58.862+0000] {logging_mixin.py:120} INFO - [2023-01-26T23:52:58.862+0000] {dagbag.py:537} INFO - Filling up the DagBag from /home/airflow/.local/lib/python3.7/site-packages/airflow/example_dags/example_xcom.py
[2023-01-26T23:52:58.877+0000] {processor.py:766} INFO - DAG(s) dict_keys(['example_xcom']) retrieved from /home/airflow/.local/lib/python3.7/site-packages/airflow/example_dags/example_xcom.py
[2023-01-26T23:52:58.906+0000] {logging_mixin.py:120} INFO - [2023-01-26T23:52:58.906+0000] {dag.py:2585} INFO - Sync 1 DAGs
[2023-01-26T23:52:58.924+0000] {logging_mixin.py:120} INFO - [2023-01-26T23:52:58.923+0000] {dag.py:3340} INFO - Setting next_dagrun for example_xcom to 2021-01-01T00:00:00+00:00, run_after=2021-01-01T00:00:00+00:00
[2023-01-26T23:52:58.938+0000] {processor.py:176} INFO - Processing /home/airflow/.local/lib/python3.7/site-packages/airflow/example_dags/example_xcom.py took 0.079 seconds
[2023-01-26T23:53:29.254+0000] {processor.py:154} INFO - Started process (PID=1042) to work on /home/airflow/.local/lib/python3.7/site-packages/airflow/example_dags/example_xcom.py
[2023-01-26T23:53:29.255+0000] {processor.py:756} INFO - Processing file /home/airflow/.local/lib/python3.7/site-packages/airflow/example_dags/example_xcom.py for tasks to queue
[2023-01-26T23:53:29.255+0000] {logging_mixin.py:120} INFO - [2023-01-26T23:53:29.255+0000] {dagbag.py:537} INFO - Filling up the DagBag from /home/airflow/.local/lib/python3.7/site-packages/airflow/example_dags/example_xcom.py
[2023-01-26T23:53:29.270+0000] {processor.py:766} INFO - DAG(s) dict_keys(['example_xcom']) retrieved from /home/airflow/.local/lib/python3.7/site-packages/airflow/example_dags/example_xcom.py
[2023-01-26T23:53:29.296+0000] {logging_mixin.py:120} INFO - [2023-01-26T23:53:29.296+0000] {dag.py:2585} INFO - Sync 1 DAGs
[2023-01-26T23:53:29.314+0000] {logging_mixin.py:120} INFO - [2023-01-26T23:53:29.314+0000] {dag.py:3340} INFO - Setting next_dagrun for example_xcom to 2021-01-01T00:00:00+00:00, run_after=2021-01-01T00:00:00+00:00
[2023-01-26T23:53:29.328+0000] {processor.py:176} INFO - Processing /home/airflow/.local/lib/python3.7/site-packages/airflow/example_dags/example_xcom.py took 0.076 seconds
[2023-01-26T23:53:59.534+0000] {processor.py:154} INFO - Started process (PID=1101) to work on /home/airflow/.local/lib/python3.7/site-packages/airflow/example_dags/example_xcom.py
[2023-01-26T23:53:59.535+0000] {processor.py:756} INFO - Processing file /home/airflow/.local/lib/python3.7/site-packages/airflow/example_dags/example_xcom.py for tasks to queue
[2023-01-26T23:53:59.535+0000] {logging_mixin.py:120} INFO - [2023-01-26T23:53:59.535+0000] {dagbag.py:537} INFO - Filling up the DagBag from /home/airflow/.local/lib/python3.7/site-packages/airflow/example_dags/example_xcom.py
[2023-01-26T23:53:59.550+0000] {processor.py:766} INFO - DAG(s) dict_keys(['example_xcom']) retrieved from /home/airflow/.local/lib/python3.7/site-packages/airflow/example_dags/example_xcom.py
[2023-01-26T23:53:59.581+0000] {logging_mixin.py:120} INFO - [2023-01-26T23:53:59.581+0000] {dag.py:2585} INFO - Sync 1 DAGs
[2023-01-26T23:53:59.603+0000] {logging_mixin.py:120} INFO - [2023-01-26T23:53:59.603+0000] {dag.py:3340} INFO - Setting next_dagrun for example_xcom to 2021-01-01T00:00:00+00:00, run_after=2021-01-01T00:00:00+00:00
[2023-01-26T23:53:59.616+0000] {processor.py:176} INFO - Processing /home/airflow/.local/lib/python3.7/site-packages/airflow/example_dags/example_xcom.py took 0.085 seconds
[2023-01-26T23:54:29.902+0000] {processor.py:154} INFO - Started process (PID=1169) to work on /home/airflow/.local/lib/python3.7/site-packages/airflow/example_dags/example_xcom.py
[2023-01-26T23:54:29.903+0000] {processor.py:756} INFO - Processing file /home/airflow/.local/lib/python3.7/site-packages/airflow/example_dags/example_xcom.py for tasks to queue
[2023-01-26T23:54:29.903+0000] {logging_mixin.py:120} INFO - [2023-01-26T23:54:29.903+0000] {dagbag.py:537} INFO - Filling up the DagBag from /home/airflow/.local/lib/python3.7/site-packages/airflow/example_dags/example_xcom.py
[2023-01-26T23:54:29.917+0000] {processor.py:766} INFO - DAG(s) dict_keys(['example_xcom']) retrieved from /home/airflow/.local/lib/python3.7/site-packages/airflow/example_dags/example_xcom.py
[2023-01-26T23:54:29.944+0000] {logging_mixin.py:120} INFO - [2023-01-26T23:54:29.944+0000] {dag.py:2585} INFO - Sync 1 DAGs
[2023-01-26T23:54:29.962+0000] {logging_mixin.py:120} INFO - [2023-01-26T23:54:29.962+0000] {dag.py:3340} INFO - Setting next_dagrun for example_xcom to 2021-01-01T00:00:00+00:00, run_after=2021-01-01T00:00:00+00:00
[2023-01-26T23:54:29.975+0000] {processor.py:176} INFO - Processing /home/airflow/.local/lib/python3.7/site-packages/airflow/example_dags/example_xcom.py took 0.074 seconds
[2023-01-26T23:55:00.203+0000] {processor.py:154} INFO - Started process (PID=1237) to work on /home/airflow/.local/lib/python3.7/site-packages/airflow/example_dags/example_xcom.py
[2023-01-26T23:55:00.204+0000] {processor.py:756} INFO - Processing file /home/airflow/.local/lib/python3.7/site-packages/airflow/example_dags/example_xcom.py for tasks to queue
[2023-01-26T23:55:00.204+0000] {logging_mixin.py:120} INFO - [2023-01-26T23:55:00.204+0000] {dagbag.py:537} INFO - Filling up the DagBag from /home/airflow/.local/lib/python3.7/site-packages/airflow/example_dags/example_xcom.py
[2023-01-26T23:55:00.219+0000] {processor.py:766} INFO - DAG(s) dict_keys(['example_xcom']) retrieved from /home/airflow/.local/lib/python3.7/site-packages/airflow/example_dags/example_xcom.py
[2023-01-26T23:55:00.245+0000] {logging_mixin.py:120} INFO - [2023-01-26T23:55:00.245+0000] {dag.py:2585} INFO - Sync 1 DAGs
[2023-01-26T23:55:00.265+0000] {logging_mixin.py:120} INFO - [2023-01-26T23:55:00.265+0000] {dag.py:3340} INFO - Setting next_dagrun for example_xcom to 2021-01-01T00:00:00+00:00, run_after=2021-01-01T00:00:00+00:00
[2023-01-26T23:55:00.279+0000] {processor.py:176} INFO - Processing /home/airflow/.local/lib/python3.7/site-packages/airflow/example_dags/example_xcom.py took 0.078 seconds
[2023-01-26T23:55:30.663+0000] {processor.py:154} INFO - Started process (PID=1305) to work on /home/airflow/.local/lib/python3.7/site-packages/airflow/example_dags/example_xcom.py
[2023-01-26T23:55:30.664+0000] {processor.py:756} INFO - Processing file /home/airflow/.local/lib/python3.7/site-packages/airflow/example_dags/example_xcom.py for tasks to queue
[2023-01-26T23:55:30.664+0000] {logging_mixin.py:120} INFO - [2023-01-26T23:55:30.664+0000] {dagbag.py:537} INFO - Filling up the DagBag from /home/airflow/.local/lib/python3.7/site-packages/airflow/example_dags/example_xcom.py
[2023-01-26T23:55:30.680+0000] {processor.py:766} INFO - DAG(s) dict_keys(['example_xcom']) retrieved from /home/airflow/.local/lib/python3.7/site-packages/airflow/example_dags/example_xcom.py
[2023-01-26T23:55:30.705+0000] {logging_mixin.py:120} INFO - [2023-01-26T23:55:30.705+0000] {dag.py:2585} INFO - Sync 1 DAGs
[2023-01-26T23:55:30.722+0000] {logging_mixin.py:120} INFO - [2023-01-26T23:55:30.722+0000] {dag.py:3340} INFO - Setting next_dagrun for example_xcom to 2021-01-01T00:00:00+00:00, run_after=2021-01-01T00:00:00+00:00
[2023-01-26T23:55:30.735+0000] {processor.py:176} INFO - Processing /home/airflow/.local/lib/python3.7/site-packages/airflow/example_dags/example_xcom.py took 0.074 seconds
[2023-01-26T23:56:00.937+0000] {processor.py:154} INFO - Started process (PID=1364) to work on /home/airflow/.local/lib/python3.7/site-packages/airflow/example_dags/example_xcom.py
[2023-01-26T23:56:00.937+0000] {processor.py:756} INFO - Processing file /home/airflow/.local/lib/python3.7/site-packages/airflow/example_dags/example_xcom.py for tasks to queue
[2023-01-26T23:56:00.938+0000] {logging_mixin.py:120} INFO - [2023-01-26T23:56:00.938+0000] {dagbag.py:537} INFO - Filling up the DagBag from /home/airflow/.local/lib/python3.7/site-packages/airflow/example_dags/example_xcom.py
[2023-01-26T23:56:00.952+0000] {processor.py:766} INFO - DAG(s) dict_keys(['example_xcom']) retrieved from /home/airflow/.local/lib/python3.7/site-packages/airflow/example_dags/example_xcom.py
[2023-01-26T23:56:01.019+0000] {logging_mixin.py:120} INFO - [2023-01-26T23:56:01.019+0000] {dag.py:2585} INFO - Sync 1 DAGs
[2023-01-26T23:56:01.038+0000] {logging_mixin.py:120} INFO - [2023-01-26T23:56:01.037+0000] {dag.py:3340} INFO - Setting next_dagrun for example_xcom to 2021-01-01T00:00:00+00:00, run_after=2021-01-01T00:00:00+00:00
[2023-01-26T23:56:01.051+0000] {processor.py:176} INFO - Processing /home/airflow/.local/lib/python3.7/site-packages/airflow/example_dags/example_xcom.py took 0.117 seconds
[2023-01-26T23:56:31.167+0000] {processor.py:154} INFO - Started process (PID=1432) to work on /home/airflow/.local/lib/python3.7/site-packages/airflow/example_dags/example_xcom.py
[2023-01-26T23:56:31.168+0000] {processor.py:756} INFO - Processing file /home/airflow/.local/lib/python3.7/site-packages/airflow/example_dags/example_xcom.py for tasks to queue
[2023-01-26T23:56:31.168+0000] {logging_mixin.py:120} INFO - [2023-01-26T23:56:31.168+0000] {dagbag.py:537} INFO - Filling up the DagBag from /home/airflow/.local/lib/python3.7/site-packages/airflow/example_dags/example_xcom.py
[2023-01-26T23:56:31.182+0000] {processor.py:766} INFO - DAG(s) dict_keys(['example_xcom']) retrieved from /home/airflow/.local/lib/python3.7/site-packages/airflow/example_dags/example_xcom.py
[2023-01-26T23:56:31.207+0000] {logging_mixin.py:120} INFO - [2023-01-26T23:56:31.207+0000] {dag.py:2585} INFO - Sync 1 DAGs
[2023-01-26T23:56:31.225+0000] {logging_mixin.py:120} INFO - [2023-01-26T23:56:31.225+0000] {dag.py:3340} INFO - Setting next_dagrun for example_xcom to 2021-01-01T00:00:00+00:00, run_after=2021-01-01T00:00:00+00:00
[2023-01-26T23:56:31.237+0000] {processor.py:176} INFO - Processing /home/airflow/.local/lib/python3.7/site-packages/airflow/example_dags/example_xcom.py took 0.071 seconds
[2023-01-26T23:57:01.545+0000] {processor.py:154} INFO - Started process (PID=1501) to work on /home/airflow/.local/lib/python3.7/site-packages/airflow/example_dags/example_xcom.py
[2023-01-26T23:57:01.546+0000] {processor.py:756} INFO - Processing file /home/airflow/.local/lib/python3.7/site-packages/airflow/example_dags/example_xcom.py for tasks to queue
[2023-01-26T23:57:01.546+0000] {logging_mixin.py:120} INFO - [2023-01-26T23:57:01.546+0000] {dagbag.py:537} INFO - Filling up the DagBag from /home/airflow/.local/lib/python3.7/site-packages/airflow/example_dags/example_xcom.py
[2023-01-26T23:57:01.561+0000] {processor.py:766} INFO - DAG(s) dict_keys(['example_xcom']) retrieved from /home/airflow/.local/lib/python3.7/site-packages/airflow/example_dags/example_xcom.py
[2023-01-26T23:57:01.586+0000] {logging_mixin.py:120} INFO - [2023-01-26T23:57:01.586+0000] {dag.py:2585} INFO - Sync 1 DAGs
[2023-01-26T23:57:01.603+0000] {logging_mixin.py:120} INFO - [2023-01-26T23:57:01.603+0000] {dag.py:3340} INFO - Setting next_dagrun for example_xcom to 2021-01-01T00:00:00+00:00, run_after=2021-01-01T00:00:00+00:00
[2023-01-26T23:57:01.614+0000] {processor.py:176} INFO - Processing /home/airflow/.local/lib/python3.7/site-packages/airflow/example_dags/example_xcom.py took 0.071 seconds
[2023-01-26T23:57:31.696+0000] {processor.py:154} INFO - Started process (PID=1569) to work on /home/airflow/.local/lib/python3.7/site-packages/airflow/example_dags/example_xcom.py
[2023-01-26T23:57:31.697+0000] {processor.py:756} INFO - Processing file /home/airflow/.local/lib/python3.7/site-packages/airflow/example_dags/example_xcom.py for tasks to queue
[2023-01-26T23:57:31.697+0000] {logging_mixin.py:120} INFO - [2023-01-26T23:57:31.697+0000] {dagbag.py:537} INFO - Filling up the DagBag from /home/airflow/.local/lib/python3.7/site-packages/airflow/example_dags/example_xcom.py
[2023-01-26T23:57:31.711+0000] {processor.py:766} INFO - DAG(s) dict_keys(['example_xcom']) retrieved from /home/airflow/.local/lib/python3.7/site-packages/airflow/example_dags/example_xcom.py
[2023-01-26T23:57:31.740+0000] {logging_mixin.py:120} INFO - [2023-01-26T23:57:31.740+0000] {dag.py:2585} INFO - Sync 1 DAGs
[2023-01-26T23:57:31.759+0000] {logging_mixin.py:120} INFO - [2023-01-26T23:57:31.759+0000] {dag.py:3340} INFO - Setting next_dagrun for example_xcom to 2021-01-01T00:00:00+00:00, run_after=2021-01-01T00:00:00+00:00
[2023-01-26T23:57:31.771+0000] {processor.py:176} INFO - Processing /home/airflow/.local/lib/python3.7/site-packages/airflow/example_dags/example_xcom.py took 0.077 seconds
[2023-01-26T23:58:01.976+0000] {processor.py:154} INFO - Started process (PID=1638) to work on /home/airflow/.local/lib/python3.7/site-packages/airflow/example_dags/example_xcom.py
[2023-01-26T23:58:01.977+0000] {processor.py:756} INFO - Processing file /home/airflow/.local/lib/python3.7/site-packages/airflow/example_dags/example_xcom.py for tasks to queue
[2023-01-26T23:58:01.977+0000] {logging_mixin.py:120} INFO - [2023-01-26T23:58:01.977+0000] {dagbag.py:537} INFO - Filling up the DagBag from /home/airflow/.local/lib/python3.7/site-packages/airflow/example_dags/example_xcom.py
[2023-01-26T23:58:01.992+0000] {processor.py:766} INFO - DAG(s) dict_keys(['example_xcom']) retrieved from /home/airflow/.local/lib/python3.7/site-packages/airflow/example_dags/example_xcom.py
[2023-01-26T23:58:02.025+0000] {logging_mixin.py:120} INFO - [2023-01-26T23:58:02.025+0000] {dag.py:2585} INFO - Sync 1 DAGs
[2023-01-26T23:58:02.050+0000] {logging_mixin.py:120} INFO - [2023-01-26T23:58:02.050+0000] {dag.py:3340} INFO - Setting next_dagrun for example_xcom to 2021-01-01T00:00:00+00:00, run_after=2021-01-01T00:00:00+00:00
[2023-01-26T23:58:02.066+0000] {processor.py:176} INFO - Processing /home/airflow/.local/lib/python3.7/site-packages/airflow/example_dags/example_xcom.py took 0.092 seconds
[2023-01-26T23:58:32.159+0000] {processor.py:154} INFO - Started process (PID=1697) to work on /home/airflow/.local/lib/python3.7/site-packages/airflow/example_dags/example_xcom.py
[2023-01-26T23:58:32.160+0000] {processor.py:756} INFO - Processing file /home/airflow/.local/lib/python3.7/site-packages/airflow/example_dags/example_xcom.py for tasks to queue
[2023-01-26T23:58:32.160+0000] {logging_mixin.py:120} INFO - [2023-01-26T23:58:32.160+0000] {dagbag.py:537} INFO - Filling up the DagBag from /home/airflow/.local/lib/python3.7/site-packages/airflow/example_dags/example_xcom.py
[2023-01-26T23:58:32.177+0000] {processor.py:766} INFO - DAG(s) dict_keys(['example_xcom']) retrieved from /home/airflow/.local/lib/python3.7/site-packages/airflow/example_dags/example_xcom.py
[2023-01-26T23:58:32.206+0000] {logging_mixin.py:120} INFO - [2023-01-26T23:58:32.206+0000] {dag.py:2585} INFO - Sync 1 DAGs
[2023-01-26T23:58:32.223+0000] {logging_mixin.py:120} INFO - [2023-01-26T23:58:32.223+0000] {dag.py:3340} INFO - Setting next_dagrun for example_xcom to 2021-01-01T00:00:00+00:00, run_after=2021-01-01T00:00:00+00:00
[2023-01-26T23:58:32.235+0000] {processor.py:176} INFO - Processing /home/airflow/.local/lib/python3.7/site-packages/airflow/example_dags/example_xcom.py took 0.078 seconds
[2023-01-26T23:59:02.399+0000] {processor.py:154} INFO - Started process (PID=1766) to work on /home/airflow/.local/lib/python3.7/site-packages/airflow/example_dags/example_xcom.py
[2023-01-26T23:59:02.400+0000] {processor.py:756} INFO - Processing file /home/airflow/.local/lib/python3.7/site-packages/airflow/example_dags/example_xcom.py for tasks to queue
[2023-01-26T23:59:02.400+0000] {logging_mixin.py:120} INFO - [2023-01-26T23:59:02.400+0000] {dagbag.py:537} INFO - Filling up the DagBag from /home/airflow/.local/lib/python3.7/site-packages/airflow/example_dags/example_xcom.py
[2023-01-26T23:59:02.415+0000] {processor.py:766} INFO - DAG(s) dict_keys(['example_xcom']) retrieved from /home/airflow/.local/lib/python3.7/site-packages/airflow/example_dags/example_xcom.py
[2023-01-26T23:59:02.444+0000] {logging_mixin.py:120} INFO - [2023-01-26T23:59:02.444+0000] {dag.py:2585} INFO - Sync 1 DAGs
[2023-01-26T23:59:02.462+0000] {logging_mixin.py:120} INFO - [2023-01-26T23:59:02.461+0000] {dag.py:3340} INFO - Setting next_dagrun for example_xcom to 2021-01-01T00:00:00+00:00, run_after=2021-01-01T00:00:00+00:00
[2023-01-26T23:59:02.475+0000] {processor.py:176} INFO - Processing /home/airflow/.local/lib/python3.7/site-packages/airflow/example_dags/example_xcom.py took 0.077 seconds
[2023-01-26T23:59:32.700+0000] {processor.py:154} INFO - Started process (PID=1834) to work on /home/airflow/.local/lib/python3.7/site-packages/airflow/example_dags/example_xcom.py
[2023-01-26T23:59:32.700+0000] {processor.py:756} INFO - Processing file /home/airflow/.local/lib/python3.7/site-packages/airflow/example_dags/example_xcom.py for tasks to queue
[2023-01-26T23:59:32.701+0000] {logging_mixin.py:120} INFO - [2023-01-26T23:59:32.701+0000] {dagbag.py:537} INFO - Filling up the DagBag from /home/airflow/.local/lib/python3.7/site-packages/airflow/example_dags/example_xcom.py
[2023-01-26T23:59:32.714+0000] {processor.py:766} INFO - DAG(s) dict_keys(['example_xcom']) retrieved from /home/airflow/.local/lib/python3.7/site-packages/airflow/example_dags/example_xcom.py
[2023-01-26T23:59:32.740+0000] {logging_mixin.py:120} INFO - [2023-01-26T23:59:32.740+0000] {dag.py:2585} INFO - Sync 1 DAGs
[2023-01-26T23:59:32.757+0000] {logging_mixin.py:120} INFO - [2023-01-26T23:59:32.757+0000] {dag.py:3340} INFO - Setting next_dagrun for example_xcom to 2021-01-01T00:00:00+00:00, run_after=2021-01-01T00:00:00+00:00
[2023-01-26T23:59:32.769+0000] {processor.py:176} INFO - Processing /home/airflow/.local/lib/python3.7/site-packages/airflow/example_dags/example_xcom.py took 0.071 seconds
