[2023-01-26T20:21:59.147+0000] {processor.py:154} INFO - Started process (PID=50) to work on /home/airflow/.local/lib/python3.7/site-packages/airflow/example_dags/example_skip_dag.py
[2023-01-26T20:21:59.148+0000] {processor.py:756} INFO - Processing file /home/airflow/.local/lib/python3.7/site-packages/airflow/example_dags/example_skip_dag.py for tasks to queue
[2023-01-26T20:21:59.149+0000] {logging_mixin.py:120} INFO - [2023-01-26T20:21:59.149+0000] {dagbag.py:537} INFO - Filling up the DagBag from /home/airflow/.local/lib/python3.7/site-packages/airflow/example_dags/example_skip_dag.py
[2023-01-26T20:21:59.172+0000] {processor.py:766} INFO - DAG(s) dict_keys(['example_skip_dag']) retrieved from /home/airflow/.local/lib/python3.7/site-packages/airflow/example_dags/example_skip_dag.py
[2023-01-26T20:21:59.230+0000] {logging_mixin.py:120} INFO - [2023-01-26T20:21:59.230+0000] {dag.py:2585} INFO - Sync 1 DAGs
[2023-01-26T20:21:59.270+0000] {logging_mixin.py:120} INFO - [2023-01-26T20:21:59.270+0000] {dag.py:3340} INFO - Setting next_dagrun for example_skip_dag to 2023-01-25T20:21:59.270002+00:00, run_after=2023-01-26T20:21:59.270002+00:00
[2023-01-26T20:21:59.295+0000] {processor.py:176} INFO - Processing /home/airflow/.local/lib/python3.7/site-packages/airflow/example_dags/example_skip_dag.py took 0.153 seconds
[2023-01-26T23:22:10.743+0000] {processor.py:154} INFO - Started process (PID=115) to work on /home/airflow/.local/lib/python3.7/site-packages/airflow/example_dags/example_skip_dag.py
[2023-01-26T23:22:10.744+0000] {processor.py:756} INFO - Processing file /home/airflow/.local/lib/python3.7/site-packages/airflow/example_dags/example_skip_dag.py for tasks to queue
[2023-01-26T23:22:10.744+0000] {logging_mixin.py:120} INFO - [2023-01-26T23:22:10.744+0000] {dagbag.py:537} INFO - Filling up the DagBag from /home/airflow/.local/lib/python3.7/site-packages/airflow/example_dags/example_skip_dag.py
[2023-01-26T23:22:10.755+0000] {processor.py:766} INFO - DAG(s) dict_keys(['example_skip_dag']) retrieved from /home/airflow/.local/lib/python3.7/site-packages/airflow/example_dags/example_skip_dag.py
[2023-01-26T23:22:10.791+0000] {logging_mixin.py:120} INFO - [2023-01-26T23:22:10.790+0000] {dag.py:2585} INFO - Sync 1 DAGs
[2023-01-26T23:22:10.829+0000] {logging_mixin.py:120} INFO - [2023-01-26T23:22:10.829+0000] {dag.py:3340} INFO - Setting next_dagrun for example_skip_dag to 2023-01-25T23:22:10.828738+00:00, run_after=2023-01-26T23:22:10.828738+00:00
[2023-01-26T23:22:10.852+0000] {processor.py:176} INFO - Processing /home/airflow/.local/lib/python3.7/site-packages/airflow/example_dags/example_skip_dag.py took 0.111 seconds
[2023-01-26T23:22:40.999+0000] {processor.py:154} INFO - Started process (PID=183) to work on /home/airflow/.local/lib/python3.7/site-packages/airflow/example_dags/example_skip_dag.py
[2023-01-26T23:22:41.000+0000] {processor.py:756} INFO - Processing file /home/airflow/.local/lib/python3.7/site-packages/airflow/example_dags/example_skip_dag.py for tasks to queue
[2023-01-26T23:22:41.001+0000] {logging_mixin.py:120} INFO - [2023-01-26T23:22:41.001+0000] {dagbag.py:537} INFO - Filling up the DagBag from /home/airflow/.local/lib/python3.7/site-packages/airflow/example_dags/example_skip_dag.py
[2023-01-26T23:22:41.025+0000] {processor.py:766} INFO - DAG(s) dict_keys(['example_skip_dag']) retrieved from /home/airflow/.local/lib/python3.7/site-packages/airflow/example_dags/example_skip_dag.py
[2023-01-26T23:22:41.090+0000] {logging_mixin.py:120} INFO - [2023-01-26T23:22:41.090+0000] {dag.py:2585} INFO - Sync 1 DAGs
[2023-01-26T23:22:41.152+0000] {logging_mixin.py:120} INFO - [2023-01-26T23:22:41.152+0000] {dag.py:3340} INFO - Setting next_dagrun for example_skip_dag to 2023-01-25T23:22:41.151736+00:00, run_after=2023-01-26T23:22:41.151736+00:00
[2023-01-26T23:22:41.202+0000] {processor.py:176} INFO - Processing /home/airflow/.local/lib/python3.7/site-packages/airflow/example_dags/example_skip_dag.py took 0.207 seconds
[2023-01-26T23:23:11.272+0000] {processor.py:154} INFO - Started process (PID=242) to work on /home/airflow/.local/lib/python3.7/site-packages/airflow/example_dags/example_skip_dag.py
[2023-01-26T23:23:11.273+0000] {processor.py:756} INFO - Processing file /home/airflow/.local/lib/python3.7/site-packages/airflow/example_dags/example_skip_dag.py for tasks to queue
[2023-01-26T23:23:11.274+0000] {logging_mixin.py:120} INFO - [2023-01-26T23:23:11.274+0000] {dagbag.py:537} INFO - Filling up the DagBag from /home/airflow/.local/lib/python3.7/site-packages/airflow/example_dags/example_skip_dag.py
[2023-01-26T23:23:11.287+0000] {processor.py:766} INFO - DAG(s) dict_keys(['example_skip_dag']) retrieved from /home/airflow/.local/lib/python3.7/site-packages/airflow/example_dags/example_skip_dag.py
[2023-01-26T23:23:11.329+0000] {logging_mixin.py:120} INFO - [2023-01-26T23:23:11.329+0000] {dag.py:2585} INFO - Sync 1 DAGs
[2023-01-26T23:23:11.366+0000] {logging_mixin.py:120} INFO - [2023-01-26T23:23:11.365+0000] {dag.py:3340} INFO - Setting next_dagrun for example_skip_dag to 2023-01-25T23:23:11.365318+00:00, run_after=2023-01-26T23:23:11.365318+00:00
[2023-01-26T23:23:11.387+0000] {processor.py:176} INFO - Processing /home/airflow/.local/lib/python3.7/site-packages/airflow/example_dags/example_skip_dag.py took 0.117 seconds
[2023-01-26T23:23:41.405+0000] {processor.py:154} INFO - Started process (PID=308) to work on /home/airflow/.local/lib/python3.7/site-packages/airflow/example_dags/example_skip_dag.py
[2023-01-26T23:23:41.406+0000] {processor.py:756} INFO - Processing file /home/airflow/.local/lib/python3.7/site-packages/airflow/example_dags/example_skip_dag.py for tasks to queue
[2023-01-26T23:23:41.406+0000] {logging_mixin.py:120} INFO - [2023-01-26T23:23:41.406+0000] {dagbag.py:537} INFO - Filling up the DagBag from /home/airflow/.local/lib/python3.7/site-packages/airflow/example_dags/example_skip_dag.py
[2023-01-26T23:23:41.415+0000] {processor.py:766} INFO - DAG(s) dict_keys(['example_skip_dag']) retrieved from /home/airflow/.local/lib/python3.7/site-packages/airflow/example_dags/example_skip_dag.py
[2023-01-26T23:23:41.439+0000] {logging_mixin.py:120} INFO - [2023-01-26T23:23:41.439+0000] {dag.py:2585} INFO - Sync 1 DAGs
[2023-01-26T23:23:41.454+0000] {logging_mixin.py:120} INFO - [2023-01-26T23:23:41.453+0000] {dag.py:3340} INFO - Setting next_dagrun for example_skip_dag to 2023-01-25T23:23:41.453779+00:00, run_after=2023-01-26T23:23:41.453779+00:00
[2023-01-26T23:23:41.467+0000] {processor.py:176} INFO - Processing /home/airflow/.local/lib/python3.7/site-packages/airflow/example_dags/example_skip_dag.py took 0.064 seconds
[2023-01-26T23:24:11.856+0000] {processor.py:154} INFO - Started process (PID=375) to work on /home/airflow/.local/lib/python3.7/site-packages/airflow/example_dags/example_skip_dag.py
[2023-01-26T23:24:11.857+0000] {processor.py:756} INFO - Processing file /home/airflow/.local/lib/python3.7/site-packages/airflow/example_dags/example_skip_dag.py for tasks to queue
[2023-01-26T23:24:11.858+0000] {logging_mixin.py:120} INFO - [2023-01-26T23:24:11.858+0000] {dagbag.py:537} INFO - Filling up the DagBag from /home/airflow/.local/lib/python3.7/site-packages/airflow/example_dags/example_skip_dag.py
[2023-01-26T23:24:11.877+0000] {processor.py:766} INFO - DAG(s) dict_keys(['example_skip_dag']) retrieved from /home/airflow/.local/lib/python3.7/site-packages/airflow/example_dags/example_skip_dag.py
[2023-01-26T23:24:11.921+0000] {logging_mixin.py:120} INFO - [2023-01-26T23:24:11.921+0000] {dag.py:2585} INFO - Sync 1 DAGs
[2023-01-26T23:24:11.949+0000] {logging_mixin.py:120} INFO - [2023-01-26T23:24:11.949+0000] {dag.py:3340} INFO - Setting next_dagrun for example_skip_dag to 2023-01-25T23:24:11.949408+00:00, run_after=2023-01-26T23:24:11.949408+00:00
[2023-01-26T23:24:11.970+0000] {processor.py:176} INFO - Processing /home/airflow/.local/lib/python3.7/site-packages/airflow/example_dags/example_skip_dag.py took 0.117 seconds
[2023-01-26T23:24:42.621+0000] {processor.py:154} INFO - Started process (PID=434) to work on /home/airflow/.local/lib/python3.7/site-packages/airflow/example_dags/example_skip_dag.py
[2023-01-26T23:24:42.622+0000] {processor.py:756} INFO - Processing file /home/airflow/.local/lib/python3.7/site-packages/airflow/example_dags/example_skip_dag.py for tasks to queue
[2023-01-26T23:24:42.622+0000] {logging_mixin.py:120} INFO - [2023-01-26T23:24:42.622+0000] {dagbag.py:537} INFO - Filling up the DagBag from /home/airflow/.local/lib/python3.7/site-packages/airflow/example_dags/example_skip_dag.py
[2023-01-26T23:24:42.633+0000] {processor.py:766} INFO - DAG(s) dict_keys(['example_skip_dag']) retrieved from /home/airflow/.local/lib/python3.7/site-packages/airflow/example_dags/example_skip_dag.py
[2023-01-26T23:24:42.669+0000] {logging_mixin.py:120} INFO - [2023-01-26T23:24:42.669+0000] {dag.py:2585} INFO - Sync 1 DAGs
[2023-01-26T23:24:42.692+0000] {logging_mixin.py:120} INFO - [2023-01-26T23:24:42.692+0000] {dag.py:3340} INFO - Setting next_dagrun for example_skip_dag to 2023-01-25T23:24:42.692487+00:00, run_after=2023-01-26T23:24:42.692487+00:00
[2023-01-26T23:24:42.707+0000] {processor.py:176} INFO - Processing /home/airflow/.local/lib/python3.7/site-packages/airflow/example_dags/example_skip_dag.py took 0.089 seconds
[2023-01-26T23:25:13.389+0000] {processor.py:154} INFO - Started process (PID=501) to work on /home/airflow/.local/lib/python3.7/site-packages/airflow/example_dags/example_skip_dag.py
[2023-01-26T23:25:13.390+0000] {processor.py:756} INFO - Processing file /home/airflow/.local/lib/python3.7/site-packages/airflow/example_dags/example_skip_dag.py for tasks to queue
[2023-01-26T23:25:13.391+0000] {logging_mixin.py:120} INFO - [2023-01-26T23:25:13.391+0000] {dagbag.py:537} INFO - Filling up the DagBag from /home/airflow/.local/lib/python3.7/site-packages/airflow/example_dags/example_skip_dag.py
[2023-01-26T23:25:13.400+0000] {processor.py:766} INFO - DAG(s) dict_keys(['example_skip_dag']) retrieved from /home/airflow/.local/lib/python3.7/site-packages/airflow/example_dags/example_skip_dag.py
[2023-01-26T23:25:13.428+0000] {logging_mixin.py:120} INFO - [2023-01-26T23:25:13.428+0000] {dag.py:2585} INFO - Sync 1 DAGs
[2023-01-26T23:25:13.446+0000] {logging_mixin.py:120} INFO - [2023-01-26T23:25:13.446+0000] {dag.py:3340} INFO - Setting next_dagrun for example_skip_dag to 2023-01-25T23:25:13.446347+00:00, run_after=2023-01-26T23:25:13.446347+00:00
[2023-01-26T23:25:13.459+0000] {processor.py:176} INFO - Processing /home/airflow/.local/lib/python3.7/site-packages/airflow/example_dags/example_skip_dag.py took 0.072 seconds
[2023-01-26T23:25:43.727+0000] {processor.py:154} INFO - Started process (PID=568) to work on /home/airflow/.local/lib/python3.7/site-packages/airflow/example_dags/example_skip_dag.py
[2023-01-26T23:25:43.728+0000] {processor.py:756} INFO - Processing file /home/airflow/.local/lib/python3.7/site-packages/airflow/example_dags/example_skip_dag.py for tasks to queue
[2023-01-26T23:25:43.729+0000] {logging_mixin.py:120} INFO - [2023-01-26T23:25:43.729+0000] {dagbag.py:537} INFO - Filling up the DagBag from /home/airflow/.local/lib/python3.7/site-packages/airflow/example_dags/example_skip_dag.py
[2023-01-26T23:25:43.739+0000] {processor.py:766} INFO - DAG(s) dict_keys(['example_skip_dag']) retrieved from /home/airflow/.local/lib/python3.7/site-packages/airflow/example_dags/example_skip_dag.py
[2023-01-26T23:25:43.765+0000] {logging_mixin.py:120} INFO - [2023-01-26T23:25:43.765+0000] {dag.py:2585} INFO - Sync 1 DAGs
[2023-01-26T23:25:43.781+0000] {logging_mixin.py:120} INFO - [2023-01-26T23:25:43.781+0000] {dag.py:3340} INFO - Setting next_dagrun for example_skip_dag to 2023-01-25T23:25:43.780919+00:00, run_after=2023-01-26T23:25:43.780919+00:00
[2023-01-26T23:25:43.794+0000] {processor.py:176} INFO - Processing /home/airflow/.local/lib/python3.7/site-packages/airflow/example_dags/example_skip_dag.py took 0.068 seconds
[2023-01-26T23:26:13.885+0000] {processor.py:154} INFO - Started process (PID=636) to work on /home/airflow/.local/lib/python3.7/site-packages/airflow/example_dags/example_skip_dag.py
[2023-01-26T23:26:13.886+0000] {processor.py:756} INFO - Processing file /home/airflow/.local/lib/python3.7/site-packages/airflow/example_dags/example_skip_dag.py for tasks to queue
[2023-01-26T23:26:13.886+0000] {logging_mixin.py:120} INFO - [2023-01-26T23:26:13.886+0000] {dagbag.py:537} INFO - Filling up the DagBag from /home/airflow/.local/lib/python3.7/site-packages/airflow/example_dags/example_skip_dag.py
[2023-01-26T23:26:13.894+0000] {processor.py:766} INFO - DAG(s) dict_keys(['example_skip_dag']) retrieved from /home/airflow/.local/lib/python3.7/site-packages/airflow/example_dags/example_skip_dag.py
[2023-01-26T23:26:13.920+0000] {logging_mixin.py:120} INFO - [2023-01-26T23:26:13.920+0000] {dag.py:2585} INFO - Sync 1 DAGs
[2023-01-26T23:26:13.936+0000] {logging_mixin.py:120} INFO - [2023-01-26T23:26:13.936+0000] {dag.py:3340} INFO - Setting next_dagrun for example_skip_dag to 2023-01-25T23:26:13.936639+00:00, run_after=2023-01-26T23:26:13.936639+00:00
[2023-01-26T23:26:13.949+0000] {processor.py:176} INFO - Processing /home/airflow/.local/lib/python3.7/site-packages/airflow/example_dags/example_skip_dag.py took 0.066 seconds
[2023-01-26T23:26:44.125+0000] {processor.py:154} INFO - Started process (PID=694) to work on /home/airflow/.local/lib/python3.7/site-packages/airflow/example_dags/example_skip_dag.py
[2023-01-26T23:26:44.126+0000] {processor.py:756} INFO - Processing file /home/airflow/.local/lib/python3.7/site-packages/airflow/example_dags/example_skip_dag.py for tasks to queue
[2023-01-26T23:26:44.126+0000] {logging_mixin.py:120} INFO - [2023-01-26T23:26:44.126+0000] {dagbag.py:537} INFO - Filling up the DagBag from /home/airflow/.local/lib/python3.7/site-packages/airflow/example_dags/example_skip_dag.py
[2023-01-26T23:26:44.137+0000] {processor.py:766} INFO - DAG(s) dict_keys(['example_skip_dag']) retrieved from /home/airflow/.local/lib/python3.7/site-packages/airflow/example_dags/example_skip_dag.py
[2023-01-26T23:26:44.180+0000] {logging_mixin.py:120} INFO - [2023-01-26T23:26:44.179+0000] {dag.py:2585} INFO - Sync 1 DAGs
[2023-01-26T23:26:44.195+0000] {logging_mixin.py:120} INFO - [2023-01-26T23:26:44.195+0000] {dag.py:3340} INFO - Setting next_dagrun for example_skip_dag to 2023-01-25T23:26:44.195444+00:00, run_after=2023-01-26T23:26:44.195444+00:00
[2023-01-26T23:26:44.207+0000] {processor.py:176} INFO - Processing /home/airflow/.local/lib/python3.7/site-packages/airflow/example_dags/example_skip_dag.py took 0.084 seconds
[2023-01-26T23:27:14.410+0000] {processor.py:154} INFO - Started process (PID=761) to work on /home/airflow/.local/lib/python3.7/site-packages/airflow/example_dags/example_skip_dag.py
[2023-01-26T23:27:14.410+0000] {processor.py:756} INFO - Processing file /home/airflow/.local/lib/python3.7/site-packages/airflow/example_dags/example_skip_dag.py for tasks to queue
[2023-01-26T23:27:14.410+0000] {logging_mixin.py:120} INFO - [2023-01-26T23:27:14.410+0000] {dagbag.py:537} INFO - Filling up the DagBag from /home/airflow/.local/lib/python3.7/site-packages/airflow/example_dags/example_skip_dag.py
[2023-01-26T23:27:14.419+0000] {processor.py:766} INFO - DAG(s) dict_keys(['example_skip_dag']) retrieved from /home/airflow/.local/lib/python3.7/site-packages/airflow/example_dags/example_skip_dag.py
[2023-01-26T23:27:14.444+0000] {logging_mixin.py:120} INFO - [2023-01-26T23:27:14.443+0000] {dag.py:2585} INFO - Sync 1 DAGs
[2023-01-26T23:27:14.460+0000] {logging_mixin.py:120} INFO - [2023-01-26T23:27:14.459+0000] {dag.py:3340} INFO - Setting next_dagrun for example_skip_dag to 2023-01-25T23:27:14.459814+00:00, run_after=2023-01-26T23:27:14.459814+00:00
[2023-01-26T23:27:14.472+0000] {processor.py:176} INFO - Processing /home/airflow/.local/lib/python3.7/site-packages/airflow/example_dags/example_skip_dag.py took 0.064 seconds
[2023-01-26T23:27:44.588+0000] {processor.py:154} INFO - Started process (PID=828) to work on /home/airflow/.local/lib/python3.7/site-packages/airflow/example_dags/example_skip_dag.py
[2023-01-26T23:27:44.589+0000] {processor.py:756} INFO - Processing file /home/airflow/.local/lib/python3.7/site-packages/airflow/example_dags/example_skip_dag.py for tasks to queue
[2023-01-26T23:27:44.589+0000] {logging_mixin.py:120} INFO - [2023-01-26T23:27:44.589+0000] {dagbag.py:537} INFO - Filling up the DagBag from /home/airflow/.local/lib/python3.7/site-packages/airflow/example_dags/example_skip_dag.py
[2023-01-26T23:27:44.598+0000] {processor.py:766} INFO - DAG(s) dict_keys(['example_skip_dag']) retrieved from /home/airflow/.local/lib/python3.7/site-packages/airflow/example_dags/example_skip_dag.py
[2023-01-26T23:27:44.623+0000] {logging_mixin.py:120} INFO - [2023-01-26T23:27:44.623+0000] {dag.py:2585} INFO - Sync 1 DAGs
[2023-01-26T23:27:44.641+0000] {logging_mixin.py:120} INFO - [2023-01-26T23:27:44.641+0000] {dag.py:3340} INFO - Setting next_dagrun for example_skip_dag to 2023-01-25T23:27:44.640880+00:00, run_after=2023-01-26T23:27:44.640880+00:00
[2023-01-26T23:27:44.654+0000] {processor.py:176} INFO - Processing /home/airflow/.local/lib/python3.7/site-packages/airflow/example_dags/example_skip_dag.py took 0.068 seconds
[2023-01-26T23:28:14.724+0000] {processor.py:154} INFO - Started process (PID=896) to work on /home/airflow/.local/lib/python3.7/site-packages/airflow/example_dags/example_skip_dag.py
[2023-01-26T23:28:14.725+0000] {processor.py:756} INFO - Processing file /home/airflow/.local/lib/python3.7/site-packages/airflow/example_dags/example_skip_dag.py for tasks to queue
[2023-01-26T23:28:14.725+0000] {logging_mixin.py:120} INFO - [2023-01-26T23:28:14.725+0000] {dagbag.py:537} INFO - Filling up the DagBag from /home/airflow/.local/lib/python3.7/site-packages/airflow/example_dags/example_skip_dag.py
[2023-01-26T23:28:14.734+0000] {processor.py:766} INFO - DAG(s) dict_keys(['example_skip_dag']) retrieved from /home/airflow/.local/lib/python3.7/site-packages/airflow/example_dags/example_skip_dag.py
[2023-01-26T23:28:14.759+0000] {logging_mixin.py:120} INFO - [2023-01-26T23:28:14.759+0000] {dag.py:2585} INFO - Sync 1 DAGs
[2023-01-26T23:28:14.776+0000] {logging_mixin.py:120} INFO - [2023-01-26T23:28:14.776+0000] {dag.py:3340} INFO - Setting next_dagrun for example_skip_dag to 2023-01-25T23:28:14.776377+00:00, run_after=2023-01-26T23:28:14.776377+00:00
[2023-01-26T23:28:14.789+0000] {processor.py:176} INFO - Processing /home/airflow/.local/lib/python3.7/site-packages/airflow/example_dags/example_skip_dag.py took 0.067 seconds
[2023-01-26T23:28:45.077+0000] {processor.py:154} INFO - Started process (PID=963) to work on /home/airflow/.local/lib/python3.7/site-packages/airflow/example_dags/example_skip_dag.py
[2023-01-26T23:28:45.078+0000] {processor.py:756} INFO - Processing file /home/airflow/.local/lib/python3.7/site-packages/airflow/example_dags/example_skip_dag.py for tasks to queue
[2023-01-26T23:28:45.079+0000] {logging_mixin.py:120} INFO - [2023-01-26T23:28:45.079+0000] {dagbag.py:537} INFO - Filling up the DagBag from /home/airflow/.local/lib/python3.7/site-packages/airflow/example_dags/example_skip_dag.py
[2023-01-26T23:28:45.089+0000] {processor.py:766} INFO - DAG(s) dict_keys(['example_skip_dag']) retrieved from /home/airflow/.local/lib/python3.7/site-packages/airflow/example_dags/example_skip_dag.py
[2023-01-26T23:28:45.114+0000] {logging_mixin.py:120} INFO - [2023-01-26T23:28:45.114+0000] {dag.py:2585} INFO - Sync 1 DAGs
[2023-01-26T23:28:45.130+0000] {logging_mixin.py:120} INFO - [2023-01-26T23:28:45.130+0000] {dag.py:3340} INFO - Setting next_dagrun for example_skip_dag to 2023-01-25T23:28:45.130386+00:00, run_after=2023-01-26T23:28:45.130386+00:00
[2023-01-26T23:28:45.144+0000] {processor.py:176} INFO - Processing /home/airflow/.local/lib/python3.7/site-packages/airflow/example_dags/example_skip_dag.py took 0.068 seconds
[2023-01-26T23:29:15.561+0000] {processor.py:154} INFO - Started process (PID=1021) to work on /home/airflow/.local/lib/python3.7/site-packages/airflow/example_dags/example_skip_dag.py
[2023-01-26T23:29:15.562+0000] {processor.py:756} INFO - Processing file /home/airflow/.local/lib/python3.7/site-packages/airflow/example_dags/example_skip_dag.py for tasks to queue
[2023-01-26T23:29:15.562+0000] {logging_mixin.py:120} INFO - [2023-01-26T23:29:15.562+0000] {dagbag.py:537} INFO - Filling up the DagBag from /home/airflow/.local/lib/python3.7/site-packages/airflow/example_dags/example_skip_dag.py
[2023-01-26T23:29:15.571+0000] {processor.py:766} INFO - DAG(s) dict_keys(['example_skip_dag']) retrieved from /home/airflow/.local/lib/python3.7/site-packages/airflow/example_dags/example_skip_dag.py
[2023-01-26T23:29:15.596+0000] {logging_mixin.py:120} INFO - [2023-01-26T23:29:15.596+0000] {dag.py:2585} INFO - Sync 1 DAGs
[2023-01-26T23:29:15.612+0000] {logging_mixin.py:120} INFO - [2023-01-26T23:29:15.612+0000] {dag.py:3340} INFO - Setting next_dagrun for example_skip_dag to 2023-01-25T23:29:15.612095+00:00, run_after=2023-01-26T23:29:15.612095+00:00
[2023-01-26T23:29:15.625+0000] {processor.py:176} INFO - Processing /home/airflow/.local/lib/python3.7/site-packages/airflow/example_dags/example_skip_dag.py took 0.066 seconds
[2023-01-26T23:29:45.879+0000] {processor.py:154} INFO - Started process (PID=1087) to work on /home/airflow/.local/lib/python3.7/site-packages/airflow/example_dags/example_skip_dag.py
[2023-01-26T23:29:45.880+0000] {processor.py:756} INFO - Processing file /home/airflow/.local/lib/python3.7/site-packages/airflow/example_dags/example_skip_dag.py for tasks to queue
[2023-01-26T23:29:45.880+0000] {logging_mixin.py:120} INFO - [2023-01-26T23:29:45.880+0000] {dagbag.py:537} INFO - Filling up the DagBag from /home/airflow/.local/lib/python3.7/site-packages/airflow/example_dags/example_skip_dag.py
[2023-01-26T23:29:45.889+0000] {processor.py:766} INFO - DAG(s) dict_keys(['example_skip_dag']) retrieved from /home/airflow/.local/lib/python3.7/site-packages/airflow/example_dags/example_skip_dag.py
[2023-01-26T23:29:45.915+0000] {logging_mixin.py:120} INFO - [2023-01-26T23:29:45.915+0000] {dag.py:2585} INFO - Sync 1 DAGs
[2023-01-26T23:29:45.932+0000] {logging_mixin.py:120} INFO - [2023-01-26T23:29:45.932+0000] {dag.py:3340} INFO - Setting next_dagrun for example_skip_dag to 2023-01-25T23:29:45.932586+00:00, run_after=2023-01-26T23:29:45.932586+00:00
[2023-01-26T23:29:45.946+0000] {processor.py:176} INFO - Processing /home/airflow/.local/lib/python3.7/site-packages/airflow/example_dags/example_skip_dag.py took 0.069 seconds
[2023-01-26T23:30:16.104+0000] {processor.py:154} INFO - Started process (PID=1154) to work on /home/airflow/.local/lib/python3.7/site-packages/airflow/example_dags/example_skip_dag.py
[2023-01-26T23:30:16.105+0000] {processor.py:756} INFO - Processing file /home/airflow/.local/lib/python3.7/site-packages/airflow/example_dags/example_skip_dag.py for tasks to queue
[2023-01-26T23:30:16.105+0000] {logging_mixin.py:120} INFO - [2023-01-26T23:30:16.105+0000] {dagbag.py:537} INFO - Filling up the DagBag from /home/airflow/.local/lib/python3.7/site-packages/airflow/example_dags/example_skip_dag.py
[2023-01-26T23:30:16.114+0000] {processor.py:766} INFO - DAG(s) dict_keys(['example_skip_dag']) retrieved from /home/airflow/.local/lib/python3.7/site-packages/airflow/example_dags/example_skip_dag.py
[2023-01-26T23:30:16.138+0000] {logging_mixin.py:120} INFO - [2023-01-26T23:30:16.138+0000] {dag.py:2585} INFO - Sync 1 DAGs
[2023-01-26T23:30:16.156+0000] {logging_mixin.py:120} INFO - [2023-01-26T23:30:16.155+0000] {dag.py:3340} INFO - Setting next_dagrun for example_skip_dag to 2023-01-25T23:30:16.155731+00:00, run_after=2023-01-26T23:30:16.155731+00:00
[2023-01-26T23:30:16.167+0000] {processor.py:176} INFO - Processing /home/airflow/.local/lib/python3.7/site-packages/airflow/example_dags/example_skip_dag.py took 0.065 seconds
[2023-01-26T23:30:46.333+0000] {processor.py:154} INFO - Started process (PID=1221) to work on /home/airflow/.local/lib/python3.7/site-packages/airflow/example_dags/example_skip_dag.py
[2023-01-26T23:30:46.334+0000] {processor.py:756} INFO - Processing file /home/airflow/.local/lib/python3.7/site-packages/airflow/example_dags/example_skip_dag.py for tasks to queue
[2023-01-26T23:30:46.334+0000] {logging_mixin.py:120} INFO - [2023-01-26T23:30:46.334+0000] {dagbag.py:537} INFO - Filling up the DagBag from /home/airflow/.local/lib/python3.7/site-packages/airflow/example_dags/example_skip_dag.py
[2023-01-26T23:30:46.343+0000] {processor.py:766} INFO - DAG(s) dict_keys(['example_skip_dag']) retrieved from /home/airflow/.local/lib/python3.7/site-packages/airflow/example_dags/example_skip_dag.py
[2023-01-26T23:30:46.367+0000] {logging_mixin.py:120} INFO - [2023-01-26T23:30:46.367+0000] {dag.py:2585} INFO - Sync 1 DAGs
[2023-01-26T23:30:46.383+0000] {logging_mixin.py:120} INFO - [2023-01-26T23:30:46.383+0000] {dag.py:3340} INFO - Setting next_dagrun for example_skip_dag to 2023-01-25T23:30:46.383191+00:00, run_after=2023-01-26T23:30:46.383191+00:00
[2023-01-26T23:30:46.395+0000] {processor.py:176} INFO - Processing /home/airflow/.local/lib/python3.7/site-packages/airflow/example_dags/example_skip_dag.py took 0.064 seconds
[2023-01-26T23:31:16.724+0000] {processor.py:154} INFO - Started process (PID=1279) to work on /home/airflow/.local/lib/python3.7/site-packages/airflow/example_dags/example_skip_dag.py
[2023-01-26T23:31:16.725+0000] {processor.py:756} INFO - Processing file /home/airflow/.local/lib/python3.7/site-packages/airflow/example_dags/example_skip_dag.py for tasks to queue
[2023-01-26T23:31:16.726+0000] {logging_mixin.py:120} INFO - [2023-01-26T23:31:16.725+0000] {dagbag.py:537} INFO - Filling up the DagBag from /home/airflow/.local/lib/python3.7/site-packages/airflow/example_dags/example_skip_dag.py
[2023-01-26T23:31:16.734+0000] {processor.py:766} INFO - DAG(s) dict_keys(['example_skip_dag']) retrieved from /home/airflow/.local/lib/python3.7/site-packages/airflow/example_dags/example_skip_dag.py
[2023-01-26T23:31:16.759+0000] {logging_mixin.py:120} INFO - [2023-01-26T23:31:16.759+0000] {dag.py:2585} INFO - Sync 1 DAGs
[2023-01-26T23:31:16.776+0000] {logging_mixin.py:120} INFO - [2023-01-26T23:31:16.776+0000] {dag.py:3340} INFO - Setting next_dagrun for example_skip_dag to 2023-01-25T23:31:16.776026+00:00, run_after=2023-01-26T23:31:16.776026+00:00
[2023-01-26T23:31:16.792+0000] {processor.py:176} INFO - Processing /home/airflow/.local/lib/python3.7/site-packages/airflow/example_dags/example_skip_dag.py took 0.069 seconds
[2023-01-26T23:31:47.176+0000] {processor.py:154} INFO - Started process (PID=1347) to work on /home/airflow/.local/lib/python3.7/site-packages/airflow/example_dags/example_skip_dag.py
[2023-01-26T23:31:47.177+0000] {processor.py:756} INFO - Processing file /home/airflow/.local/lib/python3.7/site-packages/airflow/example_dags/example_skip_dag.py for tasks to queue
[2023-01-26T23:31:47.177+0000] {logging_mixin.py:120} INFO - [2023-01-26T23:31:47.177+0000] {dagbag.py:537} INFO - Filling up the DagBag from /home/airflow/.local/lib/python3.7/site-packages/airflow/example_dags/example_skip_dag.py
[2023-01-26T23:31:47.186+0000] {processor.py:766} INFO - DAG(s) dict_keys(['example_skip_dag']) retrieved from /home/airflow/.local/lib/python3.7/site-packages/airflow/example_dags/example_skip_dag.py
[2023-01-26T23:31:47.211+0000] {logging_mixin.py:120} INFO - [2023-01-26T23:31:47.210+0000] {dag.py:2585} INFO - Sync 1 DAGs
[2023-01-26T23:31:47.231+0000] {logging_mixin.py:120} INFO - [2023-01-26T23:31:47.230+0000] {dag.py:3340} INFO - Setting next_dagrun for example_skip_dag to 2023-01-25T23:31:47.230795+00:00, run_after=2023-01-26T23:31:47.230795+00:00
[2023-01-26T23:31:47.243+0000] {processor.py:176} INFO - Processing /home/airflow/.local/lib/python3.7/site-packages/airflow/example_dags/example_skip_dag.py took 0.069 seconds
[2023-01-26T23:32:17.570+0000] {processor.py:154} INFO - Started process (PID=1414) to work on /home/airflow/.local/lib/python3.7/site-packages/airflow/example_dags/example_skip_dag.py
[2023-01-26T23:32:17.571+0000] {processor.py:756} INFO - Processing file /home/airflow/.local/lib/python3.7/site-packages/airflow/example_dags/example_skip_dag.py for tasks to queue
[2023-01-26T23:32:17.572+0000] {logging_mixin.py:120} INFO - [2023-01-26T23:32:17.572+0000] {dagbag.py:537} INFO - Filling up the DagBag from /home/airflow/.local/lib/python3.7/site-packages/airflow/example_dags/example_skip_dag.py
[2023-01-26T23:32:17.581+0000] {processor.py:766} INFO - DAG(s) dict_keys(['example_skip_dag']) retrieved from /home/airflow/.local/lib/python3.7/site-packages/airflow/example_dags/example_skip_dag.py
[2023-01-26T23:32:17.605+0000] {logging_mixin.py:120} INFO - [2023-01-26T23:32:17.605+0000] {dag.py:2585} INFO - Sync 1 DAGs
[2023-01-26T23:32:17.621+0000] {logging_mixin.py:120} INFO - [2023-01-26T23:32:17.621+0000] {dag.py:3340} INFO - Setting next_dagrun for example_skip_dag to 2023-01-25T23:32:17.621528+00:00, run_after=2023-01-26T23:32:17.621528+00:00
[2023-01-26T23:32:17.634+0000] {processor.py:176} INFO - Processing /home/airflow/.local/lib/python3.7/site-packages/airflow/example_dags/example_skip_dag.py took 0.066 seconds
[2023-01-26T23:32:47.688+0000] {processor.py:154} INFO - Started process (PID=1481) to work on /home/airflow/.local/lib/python3.7/site-packages/airflow/example_dags/example_skip_dag.py
[2023-01-26T23:32:47.689+0000] {processor.py:756} INFO - Processing file /home/airflow/.local/lib/python3.7/site-packages/airflow/example_dags/example_skip_dag.py for tasks to queue
[2023-01-26T23:32:47.689+0000] {logging_mixin.py:120} INFO - [2023-01-26T23:32:47.689+0000] {dagbag.py:537} INFO - Filling up the DagBag from /home/airflow/.local/lib/python3.7/site-packages/airflow/example_dags/example_skip_dag.py
[2023-01-26T23:32:47.698+0000] {processor.py:766} INFO - DAG(s) dict_keys(['example_skip_dag']) retrieved from /home/airflow/.local/lib/python3.7/site-packages/airflow/example_dags/example_skip_dag.py
[2023-01-26T23:32:47.722+0000] {logging_mixin.py:120} INFO - [2023-01-26T23:32:47.722+0000] {dag.py:2585} INFO - Sync 1 DAGs
[2023-01-26T23:32:47.738+0000] {logging_mixin.py:120} INFO - [2023-01-26T23:32:47.737+0000] {dag.py:3340} INFO - Setting next_dagrun for example_skip_dag to 2023-01-25T23:32:47.737774+00:00, run_after=2023-01-26T23:32:47.737774+00:00
[2023-01-26T23:32:47.750+0000] {processor.py:176} INFO - Processing /home/airflow/.local/lib/python3.7/site-packages/airflow/example_dags/example_skip_dag.py took 0.064 seconds
[2023-01-26T23:33:18.004+0000] {processor.py:154} INFO - Started process (PID=1548) to work on /home/airflow/.local/lib/python3.7/site-packages/airflow/example_dags/example_skip_dag.py
[2023-01-26T23:33:18.005+0000] {processor.py:756} INFO - Processing file /home/airflow/.local/lib/python3.7/site-packages/airflow/example_dags/example_skip_dag.py for tasks to queue
[2023-01-26T23:33:18.005+0000] {logging_mixin.py:120} INFO - [2023-01-26T23:33:18.005+0000] {dagbag.py:537} INFO - Filling up the DagBag from /home/airflow/.local/lib/python3.7/site-packages/airflow/example_dags/example_skip_dag.py
[2023-01-26T23:33:18.015+0000] {processor.py:766} INFO - DAG(s) dict_keys(['example_skip_dag']) retrieved from /home/airflow/.local/lib/python3.7/site-packages/airflow/example_dags/example_skip_dag.py
[2023-01-26T23:33:18.047+0000] {logging_mixin.py:120} INFO - [2023-01-26T23:33:18.046+0000] {dag.py:2585} INFO - Sync 1 DAGs
[2023-01-26T23:33:18.069+0000] {logging_mixin.py:120} INFO - [2023-01-26T23:33:18.069+0000] {dag.py:3340} INFO - Setting next_dagrun for example_skip_dag to 2023-01-25T23:33:18.069218+00:00, run_after=2023-01-26T23:33:18.069218+00:00
[2023-01-26T23:33:18.087+0000] {processor.py:176} INFO - Processing /home/airflow/.local/lib/python3.7/site-packages/airflow/example_dags/example_skip_dag.py took 0.084 seconds
[2023-01-26T23:33:48.246+0000] {processor.py:154} INFO - Started process (PID=1606) to work on /home/airflow/.local/lib/python3.7/site-packages/airflow/example_dags/example_skip_dag.py
[2023-01-26T23:33:48.247+0000] {processor.py:756} INFO - Processing file /home/airflow/.local/lib/python3.7/site-packages/airflow/example_dags/example_skip_dag.py for tasks to queue
[2023-01-26T23:33:48.247+0000] {logging_mixin.py:120} INFO - [2023-01-26T23:33:48.247+0000] {dagbag.py:537} INFO - Filling up the DagBag from /home/airflow/.local/lib/python3.7/site-packages/airflow/example_dags/example_skip_dag.py
[2023-01-26T23:33:48.256+0000] {processor.py:766} INFO - DAG(s) dict_keys(['example_skip_dag']) retrieved from /home/airflow/.local/lib/python3.7/site-packages/airflow/example_dags/example_skip_dag.py
[2023-01-26T23:33:48.280+0000] {logging_mixin.py:120} INFO - [2023-01-26T23:33:48.280+0000] {dag.py:2585} INFO - Sync 1 DAGs
[2023-01-26T23:33:48.296+0000] {logging_mixin.py:120} INFO - [2023-01-26T23:33:48.296+0000] {dag.py:3340} INFO - Setting next_dagrun for example_skip_dag to 2023-01-25T23:33:48.296698+00:00, run_after=2023-01-26T23:33:48.296698+00:00
[2023-01-26T23:33:48.308+0000] {processor.py:176} INFO - Processing /home/airflow/.local/lib/python3.7/site-packages/airflow/example_dags/example_skip_dag.py took 0.064 seconds
[2023-01-26T23:34:18.491+0000] {processor.py:154} INFO - Started process (PID=1673) to work on /home/airflow/.local/lib/python3.7/site-packages/airflow/example_dags/example_skip_dag.py
[2023-01-26T23:34:18.492+0000] {processor.py:756} INFO - Processing file /home/airflow/.local/lib/python3.7/site-packages/airflow/example_dags/example_skip_dag.py for tasks to queue
[2023-01-26T23:34:18.492+0000] {logging_mixin.py:120} INFO - [2023-01-26T23:34:18.492+0000] {dagbag.py:537} INFO - Filling up the DagBag from /home/airflow/.local/lib/python3.7/site-packages/airflow/example_dags/example_skip_dag.py
[2023-01-26T23:34:18.500+0000] {processor.py:766} INFO - DAG(s) dict_keys(['example_skip_dag']) retrieved from /home/airflow/.local/lib/python3.7/site-packages/airflow/example_dags/example_skip_dag.py
[2023-01-26T23:34:18.525+0000] {logging_mixin.py:120} INFO - [2023-01-26T23:34:18.525+0000] {dag.py:2585} INFO - Sync 1 DAGs
[2023-01-26T23:34:18.539+0000] {logging_mixin.py:120} INFO - [2023-01-26T23:34:18.539+0000] {dag.py:3340} INFO - Setting next_dagrun for example_skip_dag to 2023-01-25T23:34:18.539494+00:00, run_after=2023-01-26T23:34:18.539494+00:00
[2023-01-26T23:34:18.551+0000] {processor.py:176} INFO - Processing /home/airflow/.local/lib/python3.7/site-packages/airflow/example_dags/example_skip_dag.py took 0.062 seconds
[2023-01-26T23:34:48.767+0000] {processor.py:154} INFO - Started process (PID=1740) to work on /home/airflow/.local/lib/python3.7/site-packages/airflow/example_dags/example_skip_dag.py
[2023-01-26T23:34:48.768+0000] {processor.py:756} INFO - Processing file /home/airflow/.local/lib/python3.7/site-packages/airflow/example_dags/example_skip_dag.py for tasks to queue
[2023-01-26T23:34:48.768+0000] {logging_mixin.py:120} INFO - [2023-01-26T23:34:48.768+0000] {dagbag.py:537} INFO - Filling up the DagBag from /home/airflow/.local/lib/python3.7/site-packages/airflow/example_dags/example_skip_dag.py
[2023-01-26T23:34:48.778+0000] {processor.py:766} INFO - DAG(s) dict_keys(['example_skip_dag']) retrieved from /home/airflow/.local/lib/python3.7/site-packages/airflow/example_dags/example_skip_dag.py
[2023-01-26T23:34:48.807+0000] {logging_mixin.py:120} INFO - [2023-01-26T23:34:48.807+0000] {dag.py:2585} INFO - Sync 1 DAGs
[2023-01-26T23:34:48.829+0000] {logging_mixin.py:120} INFO - [2023-01-26T23:34:48.829+0000] {dag.py:3340} INFO - Setting next_dagrun for example_skip_dag to 2023-01-25T23:34:48.829382+00:00, run_after=2023-01-26T23:34:48.829382+00:00
[2023-01-26T23:34:48.852+0000] {processor.py:176} INFO - Processing /home/airflow/.local/lib/python3.7/site-packages/airflow/example_dags/example_skip_dag.py took 0.087 seconds
[2023-01-26T23:35:18.959+0000] {processor.py:154} INFO - Started process (PID=1808) to work on /home/airflow/.local/lib/python3.7/site-packages/airflow/example_dags/example_skip_dag.py
[2023-01-26T23:35:18.959+0000] {processor.py:756} INFO - Processing file /home/airflow/.local/lib/python3.7/site-packages/airflow/example_dags/example_skip_dag.py for tasks to queue
[2023-01-26T23:35:18.959+0000] {logging_mixin.py:120} INFO - [2023-01-26T23:35:18.959+0000] {dagbag.py:537} INFO - Filling up the DagBag from /home/airflow/.local/lib/python3.7/site-packages/airflow/example_dags/example_skip_dag.py
[2023-01-26T23:35:18.968+0000] {processor.py:766} INFO - DAG(s) dict_keys(['example_skip_dag']) retrieved from /home/airflow/.local/lib/python3.7/site-packages/airflow/example_dags/example_skip_dag.py
[2023-01-26T23:35:18.993+0000] {logging_mixin.py:120} INFO - [2023-01-26T23:35:18.993+0000] {dag.py:2585} INFO - Sync 1 DAGs
[2023-01-26T23:35:19.010+0000] {logging_mixin.py:120} INFO - [2023-01-26T23:35:19.010+0000] {dag.py:3340} INFO - Setting next_dagrun for example_skip_dag to 2023-01-25T23:35:19.009981+00:00, run_after=2023-01-26T23:35:19.009981+00:00
[2023-01-26T23:35:19.023+0000] {processor.py:176} INFO - Processing /home/airflow/.local/lib/python3.7/site-packages/airflow/example_dags/example_skip_dag.py took 0.067 seconds
[2023-01-26T23:35:49.146+0000] {processor.py:154} INFO - Started process (PID=1865) to work on /home/airflow/.local/lib/python3.7/site-packages/airflow/example_dags/example_skip_dag.py
[2023-01-26T23:35:49.147+0000] {processor.py:756} INFO - Processing file /home/airflow/.local/lib/python3.7/site-packages/airflow/example_dags/example_skip_dag.py for tasks to queue
[2023-01-26T23:35:49.147+0000] {logging_mixin.py:120} INFO - [2023-01-26T23:35:49.147+0000] {dagbag.py:537} INFO - Filling up the DagBag from /home/airflow/.local/lib/python3.7/site-packages/airflow/example_dags/example_skip_dag.py
[2023-01-26T23:35:49.157+0000] {processor.py:766} INFO - DAG(s) dict_keys(['example_skip_dag']) retrieved from /home/airflow/.local/lib/python3.7/site-packages/airflow/example_dags/example_skip_dag.py
[2023-01-26T23:35:49.183+0000] {logging_mixin.py:120} INFO - [2023-01-26T23:35:49.182+0000] {dag.py:2585} INFO - Sync 1 DAGs
[2023-01-26T23:35:49.202+0000] {logging_mixin.py:120} INFO - [2023-01-26T23:35:49.202+0000] {dag.py:3340} INFO - Setting next_dagrun for example_skip_dag to 2023-01-25T23:35:49.202603+00:00, run_after=2023-01-26T23:35:49.202603+00:00
[2023-01-26T23:35:49.217+0000] {processor.py:176} INFO - Processing /home/airflow/.local/lib/python3.7/site-packages/airflow/example_dags/example_skip_dag.py took 0.073 seconds
[2023-01-26T23:36:19.328+0000] {processor.py:154} INFO - Started process (PID=1931) to work on /home/airflow/.local/lib/python3.7/site-packages/airflow/example_dags/example_skip_dag.py
[2023-01-26T23:36:19.329+0000] {processor.py:756} INFO - Processing file /home/airflow/.local/lib/python3.7/site-packages/airflow/example_dags/example_skip_dag.py for tasks to queue
[2023-01-26T23:36:19.330+0000] {logging_mixin.py:120} INFO - [2023-01-26T23:36:19.330+0000] {dagbag.py:537} INFO - Filling up the DagBag from /home/airflow/.local/lib/python3.7/site-packages/airflow/example_dags/example_skip_dag.py
[2023-01-26T23:36:19.338+0000] {processor.py:766} INFO - DAG(s) dict_keys(['example_skip_dag']) retrieved from /home/airflow/.local/lib/python3.7/site-packages/airflow/example_dags/example_skip_dag.py
[2023-01-26T23:36:19.363+0000] {logging_mixin.py:120} INFO - [2023-01-26T23:36:19.363+0000] {dag.py:2585} INFO - Sync 1 DAGs
[2023-01-26T23:36:19.378+0000] {logging_mixin.py:120} INFO - [2023-01-26T23:36:19.378+0000] {dag.py:3340} INFO - Setting next_dagrun for example_skip_dag to 2023-01-25T23:36:19.378201+00:00, run_after=2023-01-26T23:36:19.378201+00:00
[2023-01-26T23:36:19.390+0000] {processor.py:176} INFO - Processing /home/airflow/.local/lib/python3.7/site-packages/airflow/example_dags/example_skip_dag.py took 0.063 seconds
[2023-01-26T23:36:49.682+0000] {processor.py:154} INFO - Started process (PID=1998) to work on /home/airflow/.local/lib/python3.7/site-packages/airflow/example_dags/example_skip_dag.py
[2023-01-26T23:36:49.683+0000] {processor.py:756} INFO - Processing file /home/airflow/.local/lib/python3.7/site-packages/airflow/example_dags/example_skip_dag.py for tasks to queue
[2023-01-26T23:36:49.684+0000] {logging_mixin.py:120} INFO - [2023-01-26T23:36:49.684+0000] {dagbag.py:537} INFO - Filling up the DagBag from /home/airflow/.local/lib/python3.7/site-packages/airflow/example_dags/example_skip_dag.py
[2023-01-26T23:36:49.694+0000] {processor.py:766} INFO - DAG(s) dict_keys(['example_skip_dag']) retrieved from /home/airflow/.local/lib/python3.7/site-packages/airflow/example_dags/example_skip_dag.py
[2023-01-26T23:36:49.722+0000] {logging_mixin.py:120} INFO - [2023-01-26T23:36:49.722+0000] {dag.py:2585} INFO - Sync 1 DAGs
[2023-01-26T23:36:49.742+0000] {logging_mixin.py:120} INFO - [2023-01-26T23:36:49.742+0000] {dag.py:3340} INFO - Setting next_dagrun for example_skip_dag to 2023-01-25T23:36:49.742567+00:00, run_after=2023-01-26T23:36:49.742567+00:00
[2023-01-26T23:36:49.757+0000] {processor.py:176} INFO - Processing /home/airflow/.local/lib/python3.7/site-packages/airflow/example_dags/example_skip_dag.py took 0.076 seconds
[2023-01-26T23:37:19.895+0000] {processor.py:154} INFO - Started process (PID=2066) to work on /home/airflow/.local/lib/python3.7/site-packages/airflow/example_dags/example_skip_dag.py
[2023-01-26T23:37:19.896+0000] {processor.py:756} INFO - Processing file /home/airflow/.local/lib/python3.7/site-packages/airflow/example_dags/example_skip_dag.py for tasks to queue
[2023-01-26T23:37:19.896+0000] {logging_mixin.py:120} INFO - [2023-01-26T23:37:19.896+0000] {dagbag.py:537} INFO - Filling up the DagBag from /home/airflow/.local/lib/python3.7/site-packages/airflow/example_dags/example_skip_dag.py
[2023-01-26T23:37:19.904+0000] {processor.py:766} INFO - DAG(s) dict_keys(['example_skip_dag']) retrieved from /home/airflow/.local/lib/python3.7/site-packages/airflow/example_dags/example_skip_dag.py
[2023-01-26T23:37:19.928+0000] {logging_mixin.py:120} INFO - [2023-01-26T23:37:19.928+0000] {dag.py:2585} INFO - Sync 1 DAGs
[2023-01-26T23:37:19.943+0000] {logging_mixin.py:120} INFO - [2023-01-26T23:37:19.943+0000] {dag.py:3340} INFO - Setting next_dagrun for example_skip_dag to 2023-01-25T23:37:19.943730+00:00, run_after=2023-01-26T23:37:19.943730+00:00
[2023-01-26T23:37:19.956+0000] {processor.py:176} INFO - Processing /home/airflow/.local/lib/python3.7/site-packages/airflow/example_dags/example_skip_dag.py took 0.064 seconds
[2023-01-26T23:37:50.051+0000] {processor.py:154} INFO - Started process (PID=2125) to work on /home/airflow/.local/lib/python3.7/site-packages/airflow/example_dags/example_skip_dag.py
[2023-01-26T23:37:50.052+0000] {processor.py:756} INFO - Processing file /home/airflow/.local/lib/python3.7/site-packages/airflow/example_dags/example_skip_dag.py for tasks to queue
[2023-01-26T23:37:50.052+0000] {logging_mixin.py:120} INFO - [2023-01-26T23:37:50.052+0000] {dagbag.py:537} INFO - Filling up the DagBag from /home/airflow/.local/lib/python3.7/site-packages/airflow/example_dags/example_skip_dag.py
[2023-01-26T23:37:50.061+0000] {processor.py:766} INFO - DAG(s) dict_keys(['example_skip_dag']) retrieved from /home/airflow/.local/lib/python3.7/site-packages/airflow/example_dags/example_skip_dag.py
[2023-01-26T23:37:50.086+0000] {logging_mixin.py:120} INFO - [2023-01-26T23:37:50.086+0000] {dag.py:2585} INFO - Sync 1 DAGs
[2023-01-26T23:37:50.103+0000] {logging_mixin.py:120} INFO - [2023-01-26T23:37:50.103+0000] {dag.py:3340} INFO - Setting next_dagrun for example_skip_dag to 2023-01-25T23:37:50.103670+00:00, run_after=2023-01-26T23:37:50.103670+00:00
[2023-01-26T23:37:50.115+0000] {processor.py:176} INFO - Processing /home/airflow/.local/lib/python3.7/site-packages/airflow/example_dags/example_skip_dag.py took 0.066 seconds
[2023-01-26T23:38:20.389+0000] {processor.py:154} INFO - Started process (PID=2193) to work on /home/airflow/.local/lib/python3.7/site-packages/airflow/example_dags/example_skip_dag.py
[2023-01-26T23:38:20.390+0000] {processor.py:756} INFO - Processing file /home/airflow/.local/lib/python3.7/site-packages/airflow/example_dags/example_skip_dag.py for tasks to queue
[2023-01-26T23:38:20.390+0000] {logging_mixin.py:120} INFO - [2023-01-26T23:38:20.390+0000] {dagbag.py:537} INFO - Filling up the DagBag from /home/airflow/.local/lib/python3.7/site-packages/airflow/example_dags/example_skip_dag.py
[2023-01-26T23:38:20.399+0000] {processor.py:766} INFO - DAG(s) dict_keys(['example_skip_dag']) retrieved from /home/airflow/.local/lib/python3.7/site-packages/airflow/example_dags/example_skip_dag.py
[2023-01-26T23:38:20.423+0000] {logging_mixin.py:120} INFO - [2023-01-26T23:38:20.423+0000] {dag.py:2585} INFO - Sync 1 DAGs
[2023-01-26T23:38:20.439+0000] {logging_mixin.py:120} INFO - [2023-01-26T23:38:20.439+0000] {dag.py:3340} INFO - Setting next_dagrun for example_skip_dag to 2023-01-25T23:38:20.438910+00:00, run_after=2023-01-26T23:38:20.438910+00:00
[2023-01-26T23:38:20.451+0000] {processor.py:176} INFO - Processing /home/airflow/.local/lib/python3.7/site-packages/airflow/example_dags/example_skip_dag.py took 0.063 seconds
[2023-01-26T23:38:50.718+0000] {processor.py:154} INFO - Started process (PID=2261) to work on /home/airflow/.local/lib/python3.7/site-packages/airflow/example_dags/example_skip_dag.py
[2023-01-26T23:38:50.719+0000] {processor.py:756} INFO - Processing file /home/airflow/.local/lib/python3.7/site-packages/airflow/example_dags/example_skip_dag.py for tasks to queue
[2023-01-26T23:38:50.719+0000] {logging_mixin.py:120} INFO - [2023-01-26T23:38:50.719+0000] {dagbag.py:537} INFO - Filling up the DagBag from /home/airflow/.local/lib/python3.7/site-packages/airflow/example_dags/example_skip_dag.py
[2023-01-26T23:38:50.728+0000] {processor.py:766} INFO - DAG(s) dict_keys(['example_skip_dag']) retrieved from /home/airflow/.local/lib/python3.7/site-packages/airflow/example_dags/example_skip_dag.py
[2023-01-26T23:38:50.753+0000] {logging_mixin.py:120} INFO - [2023-01-26T23:38:50.753+0000] {dag.py:2585} INFO - Sync 1 DAGs
[2023-01-26T23:38:50.769+0000] {logging_mixin.py:120} INFO - [2023-01-26T23:38:50.768+0000] {dag.py:3340} INFO - Setting next_dagrun for example_skip_dag to 2023-01-25T23:38:50.768815+00:00, run_after=2023-01-26T23:38:50.768815+00:00
[2023-01-26T23:38:50.780+0000] {processor.py:176} INFO - Processing /home/airflow/.local/lib/python3.7/site-packages/airflow/example_dags/example_skip_dag.py took 0.064 seconds
[2023-01-26T23:39:21.073+0000] {processor.py:154} INFO - Started process (PID=2329) to work on /home/airflow/.local/lib/python3.7/site-packages/airflow/example_dags/example_skip_dag.py
[2023-01-26T23:39:21.074+0000] {processor.py:756} INFO - Processing file /home/airflow/.local/lib/python3.7/site-packages/airflow/example_dags/example_skip_dag.py for tasks to queue
[2023-01-26T23:39:21.074+0000] {logging_mixin.py:120} INFO - [2023-01-26T23:39:21.074+0000] {dagbag.py:537} INFO - Filling up the DagBag from /home/airflow/.local/lib/python3.7/site-packages/airflow/example_dags/example_skip_dag.py
[2023-01-26T23:39:21.083+0000] {processor.py:766} INFO - DAG(s) dict_keys(['example_skip_dag']) retrieved from /home/airflow/.local/lib/python3.7/site-packages/airflow/example_dags/example_skip_dag.py
[2023-01-26T23:39:21.108+0000] {logging_mixin.py:120} INFO - [2023-01-26T23:39:21.108+0000] {dag.py:2585} INFO - Sync 1 DAGs
[2023-01-26T23:39:21.125+0000] {logging_mixin.py:120} INFO - [2023-01-26T23:39:21.125+0000] {dag.py:3340} INFO - Setting next_dagrun for example_skip_dag to 2023-01-25T23:39:21.124995+00:00, run_after=2023-01-26T23:39:21.124995+00:00
[2023-01-26T23:39:21.138+0000] {processor.py:176} INFO - Processing /home/airflow/.local/lib/python3.7/site-packages/airflow/example_dags/example_skip_dag.py took 0.067 seconds
[2023-01-26T23:39:51.169+0000] {processor.py:154} INFO - Started process (PID=2397) to work on /home/airflow/.local/lib/python3.7/site-packages/airflow/example_dags/example_skip_dag.py
[2023-01-26T23:39:51.170+0000] {processor.py:756} INFO - Processing file /home/airflow/.local/lib/python3.7/site-packages/airflow/example_dags/example_skip_dag.py for tasks to queue
[2023-01-26T23:39:51.170+0000] {logging_mixin.py:120} INFO - [2023-01-26T23:39:51.170+0000] {dagbag.py:537} INFO - Filling up the DagBag from /home/airflow/.local/lib/python3.7/site-packages/airflow/example_dags/example_skip_dag.py
[2023-01-26T23:39:51.179+0000] {processor.py:766} INFO - DAG(s) dict_keys(['example_skip_dag']) retrieved from /home/airflow/.local/lib/python3.7/site-packages/airflow/example_dags/example_skip_dag.py
[2023-01-26T23:39:51.204+0000] {logging_mixin.py:120} INFO - [2023-01-26T23:39:51.204+0000] {dag.py:2585} INFO - Sync 1 DAGs
[2023-01-26T23:39:51.223+0000] {logging_mixin.py:120} INFO - [2023-01-26T23:39:51.222+0000] {dag.py:3340} INFO - Setting next_dagrun for example_skip_dag to 2023-01-25T23:39:51.222836+00:00, run_after=2023-01-26T23:39:51.222836+00:00
[2023-01-26T23:39:51.237+0000] {processor.py:176} INFO - Processing /home/airflow/.local/lib/python3.7/site-packages/airflow/example_dags/example_skip_dag.py took 0.070 seconds
[2023-01-26T23:40:21.329+0000] {processor.py:154} INFO - Started process (PID=2456) to work on /home/airflow/.local/lib/python3.7/site-packages/airflow/example_dags/example_skip_dag.py
[2023-01-26T23:40:21.331+0000] {processor.py:756} INFO - Processing file /home/airflow/.local/lib/python3.7/site-packages/airflow/example_dags/example_skip_dag.py for tasks to queue
[2023-01-26T23:40:21.332+0000] {logging_mixin.py:120} INFO - [2023-01-26T23:40:21.332+0000] {dagbag.py:537} INFO - Filling up the DagBag from /home/airflow/.local/lib/python3.7/site-packages/airflow/example_dags/example_skip_dag.py
[2023-01-26T23:40:21.341+0000] {processor.py:766} INFO - DAG(s) dict_keys(['example_skip_dag']) retrieved from /home/airflow/.local/lib/python3.7/site-packages/airflow/example_dags/example_skip_dag.py
[2023-01-26T23:40:21.367+0000] {logging_mixin.py:120} INFO - [2023-01-26T23:40:21.367+0000] {dag.py:2585} INFO - Sync 1 DAGs
[2023-01-26T23:40:21.383+0000] {logging_mixin.py:120} INFO - [2023-01-26T23:40:21.383+0000] {dag.py:3340} INFO - Setting next_dagrun for example_skip_dag to 2023-01-25T23:40:21.383131+00:00, run_after=2023-01-26T23:40:21.383131+00:00
[2023-01-26T23:40:21.395+0000] {processor.py:176} INFO - Processing /home/airflow/.local/lib/python3.7/site-packages/airflow/example_dags/example_skip_dag.py took 0.067 seconds
[2023-01-26T23:40:51.433+0000] {processor.py:154} INFO - Started process (PID=2524) to work on /home/airflow/.local/lib/python3.7/site-packages/airflow/example_dags/example_skip_dag.py
[2023-01-26T23:40:51.434+0000] {processor.py:756} INFO - Processing file /home/airflow/.local/lib/python3.7/site-packages/airflow/example_dags/example_skip_dag.py for tasks to queue
[2023-01-26T23:40:51.434+0000] {logging_mixin.py:120} INFO - [2023-01-26T23:40:51.434+0000] {dagbag.py:537} INFO - Filling up the DagBag from /home/airflow/.local/lib/python3.7/site-packages/airflow/example_dags/example_skip_dag.py
[2023-01-26T23:40:51.442+0000] {processor.py:766} INFO - DAG(s) dict_keys(['example_skip_dag']) retrieved from /home/airflow/.local/lib/python3.7/site-packages/airflow/example_dags/example_skip_dag.py
[2023-01-26T23:40:51.467+0000] {logging_mixin.py:120} INFO - [2023-01-26T23:40:51.466+0000] {dag.py:2585} INFO - Sync 1 DAGs
[2023-01-26T23:40:51.481+0000] {logging_mixin.py:120} INFO - [2023-01-26T23:40:51.481+0000] {dag.py:3340} INFO - Setting next_dagrun for example_skip_dag to 2023-01-25T23:40:51.481563+00:00, run_after=2023-01-26T23:40:51.481563+00:00
[2023-01-26T23:40:51.493+0000] {processor.py:176} INFO - Processing /home/airflow/.local/lib/python3.7/site-packages/airflow/example_dags/example_skip_dag.py took 0.061 seconds
[2023-01-26T23:41:21.739+0000] {processor.py:154} INFO - Started process (PID=2592) to work on /home/airflow/.local/lib/python3.7/site-packages/airflow/example_dags/example_skip_dag.py
[2023-01-26T23:41:21.740+0000] {processor.py:756} INFO - Processing file /home/airflow/.local/lib/python3.7/site-packages/airflow/example_dags/example_skip_dag.py for tasks to queue
[2023-01-26T23:41:21.740+0000] {logging_mixin.py:120} INFO - [2023-01-26T23:41:21.740+0000] {dagbag.py:537} INFO - Filling up the DagBag from /home/airflow/.local/lib/python3.7/site-packages/airflow/example_dags/example_skip_dag.py
[2023-01-26T23:41:21.748+0000] {processor.py:766} INFO - DAG(s) dict_keys(['example_skip_dag']) retrieved from /home/airflow/.local/lib/python3.7/site-packages/airflow/example_dags/example_skip_dag.py
[2023-01-26T23:41:21.772+0000] {logging_mixin.py:120} INFO - [2023-01-26T23:41:21.772+0000] {dag.py:2585} INFO - Sync 1 DAGs
[2023-01-26T23:41:21.788+0000] {logging_mixin.py:120} INFO - [2023-01-26T23:41:21.788+0000] {dag.py:3340} INFO - Setting next_dagrun for example_skip_dag to 2023-01-25T23:41:21.787914+00:00, run_after=2023-01-26T23:41:21.787914+00:00
[2023-01-26T23:41:21.800+0000] {processor.py:176} INFO - Processing /home/airflow/.local/lib/python3.7/site-packages/airflow/example_dags/example_skip_dag.py took 0.063 seconds
[2023-01-26T23:41:51.927+0000] {processor.py:154} INFO - Started process (PID=2660) to work on /home/airflow/.local/lib/python3.7/site-packages/airflow/example_dags/example_skip_dag.py
[2023-01-26T23:41:51.928+0000] {processor.py:756} INFO - Processing file /home/airflow/.local/lib/python3.7/site-packages/airflow/example_dags/example_skip_dag.py for tasks to queue
[2023-01-26T23:41:51.928+0000] {logging_mixin.py:120} INFO - [2023-01-26T23:41:51.928+0000] {dagbag.py:537} INFO - Filling up the DagBag from /home/airflow/.local/lib/python3.7/site-packages/airflow/example_dags/example_skip_dag.py
[2023-01-26T23:41:51.941+0000] {processor.py:766} INFO - DAG(s) dict_keys(['example_skip_dag']) retrieved from /home/airflow/.local/lib/python3.7/site-packages/airflow/example_dags/example_skip_dag.py
[2023-01-26T23:41:51.961+0000] {logging_mixin.py:120} INFO - [2023-01-26T23:41:51.961+0000] {dag.py:2585} INFO - Sync 1 DAGs
[2023-01-26T23:41:51.983+0000] {logging_mixin.py:120} INFO - [2023-01-26T23:41:51.983+0000] {dag.py:3340} INFO - Setting next_dagrun for example_skip_dag to 2023-01-25T23:41:51.983441+00:00, run_after=2023-01-26T23:41:51.983441+00:00
[2023-01-26T23:41:51.998+0000] {processor.py:176} INFO - Processing /home/airflow/.local/lib/python3.7/site-packages/airflow/example_dags/example_skip_dag.py took 0.072 seconds
[2023-01-26T23:42:22.090+0000] {processor.py:154} INFO - Started process (PID=2719) to work on /home/airflow/.local/lib/python3.7/site-packages/airflow/example_dags/example_skip_dag.py
[2023-01-26T23:42:22.090+0000] {processor.py:756} INFO - Processing file /home/airflow/.local/lib/python3.7/site-packages/airflow/example_dags/example_skip_dag.py for tasks to queue
[2023-01-26T23:42:22.090+0000] {logging_mixin.py:120} INFO - [2023-01-26T23:42:22.090+0000] {dagbag.py:537} INFO - Filling up the DagBag from /home/airflow/.local/lib/python3.7/site-packages/airflow/example_dags/example_skip_dag.py
[2023-01-26T23:42:22.099+0000] {processor.py:766} INFO - DAG(s) dict_keys(['example_skip_dag']) retrieved from /home/airflow/.local/lib/python3.7/site-packages/airflow/example_dags/example_skip_dag.py
[2023-01-26T23:42:22.135+0000] {logging_mixin.py:120} INFO - [2023-01-26T23:42:22.135+0000] {dag.py:2585} INFO - Sync 1 DAGs
[2023-01-26T23:42:22.156+0000] {logging_mixin.py:120} INFO - [2023-01-26T23:42:22.156+0000] {dag.py:3340} INFO - Setting next_dagrun for example_skip_dag to 2023-01-25T23:42:22.155961+00:00, run_after=2023-01-26T23:42:22.155961+00:00
[2023-01-26T23:42:22.169+0000] {processor.py:176} INFO - Processing /home/airflow/.local/lib/python3.7/site-packages/airflow/example_dags/example_skip_dag.py took 0.081 seconds
[2023-01-26T23:42:52.426+0000] {processor.py:154} INFO - Started process (PID=2787) to work on /home/airflow/.local/lib/python3.7/site-packages/airflow/example_dags/example_skip_dag.py
[2023-01-26T23:42:52.427+0000] {processor.py:756} INFO - Processing file /home/airflow/.local/lib/python3.7/site-packages/airflow/example_dags/example_skip_dag.py for tasks to queue
[2023-01-26T23:42:52.427+0000] {logging_mixin.py:120} INFO - [2023-01-26T23:42:52.427+0000] {dagbag.py:537} INFO - Filling up the DagBag from /home/airflow/.local/lib/python3.7/site-packages/airflow/example_dags/example_skip_dag.py
[2023-01-26T23:42:52.436+0000] {processor.py:766} INFO - DAG(s) dict_keys(['example_skip_dag']) retrieved from /home/airflow/.local/lib/python3.7/site-packages/airflow/example_dags/example_skip_dag.py
[2023-01-26T23:42:52.460+0000] {logging_mixin.py:120} INFO - [2023-01-26T23:42:52.460+0000] {dag.py:2585} INFO - Sync 1 DAGs
[2023-01-26T23:42:52.476+0000] {logging_mixin.py:120} INFO - [2023-01-26T23:42:52.476+0000] {dag.py:3340} INFO - Setting next_dagrun for example_skip_dag to 2023-01-25T23:42:52.475873+00:00, run_after=2023-01-26T23:42:52.475873+00:00
[2023-01-26T23:42:52.490+0000] {processor.py:176} INFO - Processing /home/airflow/.local/lib/python3.7/site-packages/airflow/example_dags/example_skip_dag.py took 0.066 seconds
[2023-01-26T23:43:22.548+0000] {processor.py:154} INFO - Started process (PID=2854) to work on /home/airflow/.local/lib/python3.7/site-packages/airflow/example_dags/example_skip_dag.py
[2023-01-26T23:43:22.549+0000] {processor.py:756} INFO - Processing file /home/airflow/.local/lib/python3.7/site-packages/airflow/example_dags/example_skip_dag.py for tasks to queue
[2023-01-26T23:43:22.549+0000] {logging_mixin.py:120} INFO - [2023-01-26T23:43:22.549+0000] {dagbag.py:537} INFO - Filling up the DagBag from /home/airflow/.local/lib/python3.7/site-packages/airflow/example_dags/example_skip_dag.py
[2023-01-26T23:43:22.557+0000] {processor.py:766} INFO - DAG(s) dict_keys(['example_skip_dag']) retrieved from /home/airflow/.local/lib/python3.7/site-packages/airflow/example_dags/example_skip_dag.py
[2023-01-26T23:43:22.582+0000] {logging_mixin.py:120} INFO - [2023-01-26T23:43:22.582+0000] {dag.py:2585} INFO - Sync 1 DAGs
[2023-01-26T23:43:22.597+0000] {logging_mixin.py:120} INFO - [2023-01-26T23:43:22.597+0000] {dag.py:3340} INFO - Setting next_dagrun for example_skip_dag to 2023-01-25T23:43:22.597625+00:00, run_after=2023-01-26T23:43:22.597625+00:00
[2023-01-26T23:43:22.609+0000] {processor.py:176} INFO - Processing /home/airflow/.local/lib/python3.7/site-packages/airflow/example_dags/example_skip_dag.py took 0.063 seconds
[2023-01-26T23:43:52.679+0000] {processor.py:154} INFO - Started process (PID=2922) to work on /home/airflow/.local/lib/python3.7/site-packages/airflow/example_dags/example_skip_dag.py
[2023-01-26T23:43:52.681+0000] {processor.py:756} INFO - Processing file /home/airflow/.local/lib/python3.7/site-packages/airflow/example_dags/example_skip_dag.py for tasks to queue
[2023-01-26T23:43:52.681+0000] {logging_mixin.py:120} INFO - [2023-01-26T23:43:52.681+0000] {dagbag.py:537} INFO - Filling up the DagBag from /home/airflow/.local/lib/python3.7/site-packages/airflow/example_dags/example_skip_dag.py
[2023-01-26T23:43:52.690+0000] {processor.py:766} INFO - DAG(s) dict_keys(['example_skip_dag']) retrieved from /home/airflow/.local/lib/python3.7/site-packages/airflow/example_dags/example_skip_dag.py
[2023-01-26T23:43:52.715+0000] {logging_mixin.py:120} INFO - [2023-01-26T23:43:52.715+0000] {dag.py:2585} INFO - Sync 1 DAGs
[2023-01-26T23:43:52.731+0000] {logging_mixin.py:120} INFO - [2023-01-26T23:43:52.731+0000] {dag.py:3340} INFO - Setting next_dagrun for example_skip_dag to 2023-01-25T23:43:52.730889+00:00, run_after=2023-01-26T23:43:52.730889+00:00
[2023-01-26T23:43:52.743+0000] {processor.py:176} INFO - Processing /home/airflow/.local/lib/python3.7/site-packages/airflow/example_dags/example_skip_dag.py took 0.065 seconds
[2023-01-26T23:44:22.849+0000] {processor.py:154} INFO - Started process (PID=2981) to work on /home/airflow/.local/lib/python3.7/site-packages/airflow/example_dags/example_skip_dag.py
[2023-01-26T23:44:22.849+0000] {processor.py:756} INFO - Processing file /home/airflow/.local/lib/python3.7/site-packages/airflow/example_dags/example_skip_dag.py for tasks to queue
[2023-01-26T23:44:22.849+0000] {logging_mixin.py:120} INFO - [2023-01-26T23:44:22.849+0000] {dagbag.py:537} INFO - Filling up the DagBag from /home/airflow/.local/lib/python3.7/site-packages/airflow/example_dags/example_skip_dag.py
[2023-01-26T23:44:22.857+0000] {processor.py:766} INFO - DAG(s) dict_keys(['example_skip_dag']) retrieved from /home/airflow/.local/lib/python3.7/site-packages/airflow/example_dags/example_skip_dag.py
[2023-01-26T23:44:22.881+0000] {logging_mixin.py:120} INFO - [2023-01-26T23:44:22.881+0000] {dag.py:2585} INFO - Sync 1 DAGs
[2023-01-26T23:44:22.896+0000] {logging_mixin.py:120} INFO - [2023-01-26T23:44:22.896+0000] {dag.py:3340} INFO - Setting next_dagrun for example_skip_dag to 2023-01-25T23:44:22.896419+00:00, run_after=2023-01-26T23:44:22.896419+00:00
[2023-01-26T23:44:22.907+0000] {processor.py:176} INFO - Processing /home/airflow/.local/lib/python3.7/site-packages/airflow/example_dags/example_skip_dag.py took 0.061 seconds
[2023-01-26T23:45:53.025+0000] {processor.py:154} INFO - Started process (PID=42) to work on /home/airflow/.local/lib/python3.7/site-packages/airflow/example_dags/example_skip_dag.py
[2023-01-26T23:45:53.026+0000] {processor.py:756} INFO - Processing file /home/airflow/.local/lib/python3.7/site-packages/airflow/example_dags/example_skip_dag.py for tasks to queue
[2023-01-26T23:45:53.027+0000] {logging_mixin.py:120} INFO - [2023-01-26T23:45:53.026+0000] {dagbag.py:537} INFO - Filling up the DagBag from /home/airflow/.local/lib/python3.7/site-packages/airflow/example_dags/example_skip_dag.py
[2023-01-26T23:45:53.040+0000] {processor.py:766} INFO - DAG(s) dict_keys(['example_skip_dag']) retrieved from /home/airflow/.local/lib/python3.7/site-packages/airflow/example_dags/example_skip_dag.py
[2023-01-26T23:45:53.063+0000] {logging_mixin.py:120} INFO - [2023-01-26T23:45:53.062+0000] {dag.py:2585} INFO - Sync 1 DAGs
[2023-01-26T23:45:53.093+0000] {logging_mixin.py:120} INFO - [2023-01-26T23:45:53.093+0000] {dag.py:3340} INFO - Setting next_dagrun for example_skip_dag to 2023-01-25T23:45:53.093166+00:00, run_after=2023-01-26T23:45:53.093166+00:00
[2023-01-26T23:45:53.114+0000] {processor.py:176} INFO - Processing /home/airflow/.local/lib/python3.7/site-packages/airflow/example_dags/example_skip_dag.py took 0.091 seconds
[2023-01-26T23:46:23.704+0000] {processor.py:154} INFO - Started process (PID=110) to work on /home/airflow/.local/lib/python3.7/site-packages/airflow/example_dags/example_skip_dag.py
[2023-01-26T23:46:23.705+0000] {processor.py:756} INFO - Processing file /home/airflow/.local/lib/python3.7/site-packages/airflow/example_dags/example_skip_dag.py for tasks to queue
[2023-01-26T23:46:23.705+0000] {logging_mixin.py:120} INFO - [2023-01-26T23:46:23.705+0000] {dagbag.py:537} INFO - Filling up the DagBag from /home/airflow/.local/lib/python3.7/site-packages/airflow/example_dags/example_skip_dag.py
[2023-01-26T23:46:23.717+0000] {processor.py:766} INFO - DAG(s) dict_keys(['example_skip_dag']) retrieved from /home/airflow/.local/lib/python3.7/site-packages/airflow/example_dags/example_skip_dag.py
[2023-01-26T23:46:23.745+0000] {logging_mixin.py:120} INFO - [2023-01-26T23:46:23.745+0000] {dag.py:2585} INFO - Sync 1 DAGs
[2023-01-26T23:46:23.765+0000] {logging_mixin.py:120} INFO - [2023-01-26T23:46:23.764+0000] {dag.py:3340} INFO - Setting next_dagrun for example_skip_dag to 2023-01-25T23:46:23.764687+00:00, run_after=2023-01-26T23:46:23.764687+00:00
[2023-01-26T23:46:23.781+0000] {processor.py:176} INFO - Processing /home/airflow/.local/lib/python3.7/site-packages/airflow/example_dags/example_skip_dag.py took 0.078 seconds
[2023-01-26T23:46:54.093+0000] {processor.py:154} INFO - Started process (PID=177) to work on /home/airflow/.local/lib/python3.7/site-packages/airflow/example_dags/example_skip_dag.py
[2023-01-26T23:46:54.093+0000] {processor.py:756} INFO - Processing file /home/airflow/.local/lib/python3.7/site-packages/airflow/example_dags/example_skip_dag.py for tasks to queue
[2023-01-26T23:46:54.094+0000] {logging_mixin.py:120} INFO - [2023-01-26T23:46:54.094+0000] {dagbag.py:537} INFO - Filling up the DagBag from /home/airflow/.local/lib/python3.7/site-packages/airflow/example_dags/example_skip_dag.py
[2023-01-26T23:46:54.103+0000] {processor.py:766} INFO - DAG(s) dict_keys(['example_skip_dag']) retrieved from /home/airflow/.local/lib/python3.7/site-packages/airflow/example_dags/example_skip_dag.py
[2023-01-26T23:46:54.131+0000] {logging_mixin.py:120} INFO - [2023-01-26T23:46:54.131+0000] {dag.py:2585} INFO - Sync 1 DAGs
[2023-01-26T23:46:54.149+0000] {logging_mixin.py:120} INFO - [2023-01-26T23:46:54.149+0000] {dag.py:3340} INFO - Setting next_dagrun for example_skip_dag to 2023-01-25T23:46:54.149657+00:00, run_after=2023-01-26T23:46:54.149657+00:00
[2023-01-26T23:46:54.162+0000] {processor.py:176} INFO - Processing /home/airflow/.local/lib/python3.7/site-packages/airflow/example_dags/example_skip_dag.py took 0.071 seconds
[2023-01-26T23:47:24.568+0000] {processor.py:154} INFO - Started process (PID=236) to work on /home/airflow/.local/lib/python3.7/site-packages/airflow/example_dags/example_skip_dag.py
[2023-01-26T23:47:24.568+0000] {processor.py:756} INFO - Processing file /home/airflow/.local/lib/python3.7/site-packages/airflow/example_dags/example_skip_dag.py for tasks to queue
[2023-01-26T23:47:24.569+0000] {logging_mixin.py:120} INFO - [2023-01-26T23:47:24.568+0000] {dagbag.py:537} INFO - Filling up the DagBag from /home/airflow/.local/lib/python3.7/site-packages/airflow/example_dags/example_skip_dag.py
[2023-01-26T23:47:24.577+0000] {processor.py:766} INFO - DAG(s) dict_keys(['example_skip_dag']) retrieved from /home/airflow/.local/lib/python3.7/site-packages/airflow/example_dags/example_skip_dag.py
[2023-01-26T23:47:24.603+0000] {logging_mixin.py:120} INFO - [2023-01-26T23:47:24.603+0000] {dag.py:2585} INFO - Sync 1 DAGs
[2023-01-26T23:47:24.621+0000] {logging_mixin.py:120} INFO - [2023-01-26T23:47:24.621+0000] {dag.py:3340} INFO - Setting next_dagrun for example_skip_dag to 2023-01-25T23:47:24.621481+00:00, run_after=2023-01-26T23:47:24.621481+00:00
[2023-01-26T23:47:24.634+0000] {processor.py:176} INFO - Processing /home/airflow/.local/lib/python3.7/site-packages/airflow/example_dags/example_skip_dag.py took 0.068 seconds
[2023-01-26T23:47:55.052+0000] {processor.py:154} INFO - Started process (PID=304) to work on /home/airflow/.local/lib/python3.7/site-packages/airflow/example_dags/example_skip_dag.py
[2023-01-26T23:47:55.052+0000] {processor.py:756} INFO - Processing file /home/airflow/.local/lib/python3.7/site-packages/airflow/example_dags/example_skip_dag.py for tasks to queue
[2023-01-26T23:47:55.053+0000] {logging_mixin.py:120} INFO - [2023-01-26T23:47:55.053+0000] {dagbag.py:537} INFO - Filling up the DagBag from /home/airflow/.local/lib/python3.7/site-packages/airflow/example_dags/example_skip_dag.py
[2023-01-26T23:47:55.062+0000] {processor.py:766} INFO - DAG(s) dict_keys(['example_skip_dag']) retrieved from /home/airflow/.local/lib/python3.7/site-packages/airflow/example_dags/example_skip_dag.py
[2023-01-26T23:47:55.087+0000] {logging_mixin.py:120} INFO - [2023-01-26T23:47:55.087+0000] {dag.py:2585} INFO - Sync 1 DAGs
[2023-01-26T23:47:55.104+0000] {logging_mixin.py:120} INFO - [2023-01-26T23:47:55.104+0000] {dag.py:3340} INFO - Setting next_dagrun for example_skip_dag to 2023-01-25T23:47:55.104676+00:00, run_after=2023-01-26T23:47:55.104676+00:00
[2023-01-26T23:47:55.118+0000] {processor.py:176} INFO - Processing /home/airflow/.local/lib/python3.7/site-packages/airflow/example_dags/example_skip_dag.py took 0.068 seconds
[2023-01-26T23:48:25.244+0000] {processor.py:154} INFO - Started process (PID=372) to work on /home/airflow/.local/lib/python3.7/site-packages/airflow/example_dags/example_skip_dag.py
[2023-01-26T23:48:25.245+0000] {processor.py:756} INFO - Processing file /home/airflow/.local/lib/python3.7/site-packages/airflow/example_dags/example_skip_dag.py for tasks to queue
[2023-01-26T23:48:25.245+0000] {logging_mixin.py:120} INFO - [2023-01-26T23:48:25.245+0000] {dagbag.py:537} INFO - Filling up the DagBag from /home/airflow/.local/lib/python3.7/site-packages/airflow/example_dags/example_skip_dag.py
[2023-01-26T23:48:25.254+0000] {processor.py:766} INFO - DAG(s) dict_keys(['example_skip_dag']) retrieved from /home/airflow/.local/lib/python3.7/site-packages/airflow/example_dags/example_skip_dag.py
[2023-01-26T23:48:25.283+0000] {logging_mixin.py:120} INFO - [2023-01-26T23:48:25.283+0000] {dag.py:2585} INFO - Sync 1 DAGs
[2023-01-26T23:48:25.300+0000] {logging_mixin.py:120} INFO - [2023-01-26T23:48:25.300+0000] {dag.py:3340} INFO - Setting next_dagrun for example_skip_dag to 2023-01-25T23:48:25.299887+00:00, run_after=2023-01-26T23:48:25.299887+00:00
[2023-01-26T23:48:25.312+0000] {processor.py:176} INFO - Processing /home/airflow/.local/lib/python3.7/site-packages/airflow/example_dags/example_skip_dag.py took 0.070 seconds
[2023-01-26T23:48:55.474+0000] {processor.py:154} INFO - Started process (PID=441) to work on /home/airflow/.local/lib/python3.7/site-packages/airflow/example_dags/example_skip_dag.py
[2023-01-26T23:48:55.475+0000] {processor.py:756} INFO - Processing file /home/airflow/.local/lib/python3.7/site-packages/airflow/example_dags/example_skip_dag.py for tasks to queue
[2023-01-26T23:48:55.475+0000] {logging_mixin.py:120} INFO - [2023-01-26T23:48:55.475+0000] {dagbag.py:537} INFO - Filling up the DagBag from /home/airflow/.local/lib/python3.7/site-packages/airflow/example_dags/example_skip_dag.py
[2023-01-26T23:48:55.483+0000] {processor.py:766} INFO - DAG(s) dict_keys(['example_skip_dag']) retrieved from /home/airflow/.local/lib/python3.7/site-packages/airflow/example_dags/example_skip_dag.py
[2023-01-26T23:48:55.507+0000] {logging_mixin.py:120} INFO - [2023-01-26T23:48:55.507+0000] {dag.py:2585} INFO - Sync 1 DAGs
[2023-01-26T23:48:55.522+0000] {logging_mixin.py:120} INFO - [2023-01-26T23:48:55.522+0000] {dag.py:3340} INFO - Setting next_dagrun for example_skip_dag to 2023-01-25T23:48:55.522496+00:00, run_after=2023-01-26T23:48:55.522496+00:00
[2023-01-26T23:48:55.534+0000] {processor.py:176} INFO - Processing /home/airflow/.local/lib/python3.7/site-packages/airflow/example_dags/example_skip_dag.py took 0.062 seconds
[2023-01-26T23:49:25.831+0000] {processor.py:154} INFO - Started process (PID=499) to work on /home/airflow/.local/lib/python3.7/site-packages/airflow/example_dags/example_skip_dag.py
[2023-01-26T23:49:25.832+0000] {processor.py:756} INFO - Processing file /home/airflow/.local/lib/python3.7/site-packages/airflow/example_dags/example_skip_dag.py for tasks to queue
[2023-01-26T23:49:25.832+0000] {logging_mixin.py:120} INFO - [2023-01-26T23:49:25.832+0000] {dagbag.py:537} INFO - Filling up the DagBag from /home/airflow/.local/lib/python3.7/site-packages/airflow/example_dags/example_skip_dag.py
[2023-01-26T23:49:25.840+0000] {processor.py:766} INFO - DAG(s) dict_keys(['example_skip_dag']) retrieved from /home/airflow/.local/lib/python3.7/site-packages/airflow/example_dags/example_skip_dag.py
[2023-01-26T23:49:25.864+0000] {logging_mixin.py:120} INFO - [2023-01-26T23:49:25.864+0000] {dag.py:2585} INFO - Sync 1 DAGs
[2023-01-26T23:49:25.879+0000] {logging_mixin.py:120} INFO - [2023-01-26T23:49:25.879+0000] {dag.py:3340} INFO - Setting next_dagrun for example_skip_dag to 2023-01-25T23:49:25.879719+00:00, run_after=2023-01-26T23:49:25.879719+00:00
[2023-01-26T23:49:25.893+0000] {processor.py:176} INFO - Processing /home/airflow/.local/lib/python3.7/site-packages/airflow/example_dags/example_skip_dag.py took 0.063 seconds
[2023-01-26T23:49:56.322+0000] {processor.py:154} INFO - Started process (PID=566) to work on /home/airflow/.local/lib/python3.7/site-packages/airflow/example_dags/example_skip_dag.py
[2023-01-26T23:49:56.324+0000] {processor.py:756} INFO - Processing file /home/airflow/.local/lib/python3.7/site-packages/airflow/example_dags/example_skip_dag.py for tasks to queue
[2023-01-26T23:49:56.324+0000] {logging_mixin.py:120} INFO - [2023-01-26T23:49:56.324+0000] {dagbag.py:537} INFO - Filling up the DagBag from /home/airflow/.local/lib/python3.7/site-packages/airflow/example_dags/example_skip_dag.py
[2023-01-26T23:49:56.332+0000] {processor.py:766} INFO - DAG(s) dict_keys(['example_skip_dag']) retrieved from /home/airflow/.local/lib/python3.7/site-packages/airflow/example_dags/example_skip_dag.py
[2023-01-26T23:49:56.356+0000] {logging_mixin.py:120} INFO - [2023-01-26T23:49:56.356+0000] {dag.py:2585} INFO - Sync 1 DAGs
[2023-01-26T23:49:56.372+0000] {logging_mixin.py:120} INFO - [2023-01-26T23:49:56.372+0000] {dag.py:3340} INFO - Setting next_dagrun for example_skip_dag to 2023-01-25T23:49:56.372131+00:00, run_after=2023-01-26T23:49:56.372131+00:00
[2023-01-26T23:49:56.386+0000] {processor.py:176} INFO - Processing /home/airflow/.local/lib/python3.7/site-packages/airflow/example_dags/example_skip_dag.py took 0.066 seconds
[2023-01-26T23:50:26.601+0000] {processor.py:154} INFO - Started process (PID=634) to work on /home/airflow/.local/lib/python3.7/site-packages/airflow/example_dags/example_skip_dag.py
[2023-01-26T23:50:26.602+0000] {processor.py:756} INFO - Processing file /home/airflow/.local/lib/python3.7/site-packages/airflow/example_dags/example_skip_dag.py for tasks to queue
[2023-01-26T23:50:26.602+0000] {logging_mixin.py:120} INFO - [2023-01-26T23:50:26.602+0000] {dagbag.py:537} INFO - Filling up the DagBag from /home/airflow/.local/lib/python3.7/site-packages/airflow/example_dags/example_skip_dag.py
[2023-01-26T23:50:26.610+0000] {processor.py:766} INFO - DAG(s) dict_keys(['example_skip_dag']) retrieved from /home/airflow/.local/lib/python3.7/site-packages/airflow/example_dags/example_skip_dag.py
[2023-01-26T23:50:26.635+0000] {logging_mixin.py:120} INFO - [2023-01-26T23:50:26.635+0000] {dag.py:2585} INFO - Sync 1 DAGs
[2023-01-26T23:50:26.653+0000] {logging_mixin.py:120} INFO - [2023-01-26T23:50:26.652+0000] {dag.py:3340} INFO - Setting next_dagrun for example_skip_dag to 2023-01-25T23:50:26.652752+00:00, run_after=2023-01-26T23:50:26.652752+00:00
[2023-01-26T23:50:26.665+0000] {processor.py:176} INFO - Processing /home/airflow/.local/lib/python3.7/site-packages/airflow/example_dags/example_skip_dag.py took 0.066 seconds
[2023-01-26T23:50:56.880+0000] {processor.py:154} INFO - Started process (PID=702) to work on /home/airflow/.local/lib/python3.7/site-packages/airflow/example_dags/example_skip_dag.py
[2023-01-26T23:50:56.880+0000] {processor.py:756} INFO - Processing file /home/airflow/.local/lib/python3.7/site-packages/airflow/example_dags/example_skip_dag.py for tasks to queue
[2023-01-26T23:50:56.881+0000] {logging_mixin.py:120} INFO - [2023-01-26T23:50:56.880+0000] {dagbag.py:537} INFO - Filling up the DagBag from /home/airflow/.local/lib/python3.7/site-packages/airflow/example_dags/example_skip_dag.py
[2023-01-26T23:50:56.889+0000] {processor.py:766} INFO - DAG(s) dict_keys(['example_skip_dag']) retrieved from /home/airflow/.local/lib/python3.7/site-packages/airflow/example_dags/example_skip_dag.py
[2023-01-26T23:50:56.915+0000] {logging_mixin.py:120} INFO - [2023-01-26T23:50:56.915+0000] {dag.py:2585} INFO - Sync 1 DAGs
[2023-01-26T23:50:56.931+0000] {logging_mixin.py:120} INFO - [2023-01-26T23:50:56.931+0000] {dag.py:3340} INFO - Setting next_dagrun for example_skip_dag to 2023-01-25T23:50:56.931450+00:00, run_after=2023-01-26T23:50:56.931450+00:00
[2023-01-26T23:50:56.944+0000] {processor.py:176} INFO - Processing /home/airflow/.local/lib/python3.7/site-packages/airflow/example_dags/example_skip_dag.py took 0.066 seconds
[2023-01-26T23:51:27.299+0000] {processor.py:154} INFO - Started process (PID=769) to work on /home/airflow/.local/lib/python3.7/site-packages/airflow/example_dags/example_skip_dag.py
[2023-01-26T23:51:27.300+0000] {processor.py:756} INFO - Processing file /home/airflow/.local/lib/python3.7/site-packages/airflow/example_dags/example_skip_dag.py for tasks to queue
[2023-01-26T23:51:27.300+0000] {logging_mixin.py:120} INFO - [2023-01-26T23:51:27.300+0000] {dagbag.py:537} INFO - Filling up the DagBag from /home/airflow/.local/lib/python3.7/site-packages/airflow/example_dags/example_skip_dag.py
[2023-01-26T23:51:27.309+0000] {processor.py:766} INFO - DAG(s) dict_keys(['example_skip_dag']) retrieved from /home/airflow/.local/lib/python3.7/site-packages/airflow/example_dags/example_skip_dag.py
[2023-01-26T23:51:27.335+0000] {logging_mixin.py:120} INFO - [2023-01-26T23:51:27.335+0000] {dag.py:2585} INFO - Sync 1 DAGs
[2023-01-26T23:51:27.351+0000] {logging_mixin.py:120} INFO - [2023-01-26T23:51:27.351+0000] {dag.py:3340} INFO - Setting next_dagrun for example_skip_dag to 2023-01-25T23:51:27.351361+00:00, run_after=2023-01-26T23:51:27.351361+00:00
[2023-01-26T23:51:27.364+0000] {processor.py:176} INFO - Processing /home/airflow/.local/lib/python3.7/site-packages/airflow/example_dags/example_skip_dag.py took 0.066 seconds
[2023-01-26T23:51:57.629+0000] {processor.py:154} INFO - Started process (PID=830) to work on /home/airflow/.local/lib/python3.7/site-packages/airflow/example_dags/example_skip_dag.py
[2023-01-26T23:51:57.630+0000] {processor.py:756} INFO - Processing file /home/airflow/.local/lib/python3.7/site-packages/airflow/example_dags/example_skip_dag.py for tasks to queue
[2023-01-26T23:51:57.630+0000] {logging_mixin.py:120} INFO - [2023-01-26T23:51:57.630+0000] {dagbag.py:537} INFO - Filling up the DagBag from /home/airflow/.local/lib/python3.7/site-packages/airflow/example_dags/example_skip_dag.py
[2023-01-26T23:51:57.638+0000] {processor.py:766} INFO - DAG(s) dict_keys(['example_skip_dag']) retrieved from /home/airflow/.local/lib/python3.7/site-packages/airflow/example_dags/example_skip_dag.py
[2023-01-26T23:51:57.665+0000] {logging_mixin.py:120} INFO - [2023-01-26T23:51:57.665+0000] {dag.py:2585} INFO - Sync 1 DAGs
[2023-01-26T23:51:57.683+0000] {logging_mixin.py:120} INFO - [2023-01-26T23:51:57.683+0000] {dag.py:3340} INFO - Setting next_dagrun for example_skip_dag to 2023-01-25T23:51:57.683501+00:00, run_after=2023-01-26T23:51:57.683501+00:00
[2023-01-26T23:51:57.696+0000] {processor.py:176} INFO - Processing /home/airflow/.local/lib/python3.7/site-packages/airflow/example_dags/example_skip_dag.py took 0.069 seconds
[2023-01-26T23:52:28.167+0000] {processor.py:154} INFO - Started process (PID=898) to work on /home/airflow/.local/lib/python3.7/site-packages/airflow/example_dags/example_skip_dag.py
[2023-01-26T23:52:28.167+0000] {processor.py:756} INFO - Processing file /home/airflow/.local/lib/python3.7/site-packages/airflow/example_dags/example_skip_dag.py for tasks to queue
[2023-01-26T23:52:28.168+0000] {logging_mixin.py:120} INFO - [2023-01-26T23:52:28.168+0000] {dagbag.py:537} INFO - Filling up the DagBag from /home/airflow/.local/lib/python3.7/site-packages/airflow/example_dags/example_skip_dag.py
[2023-01-26T23:52:28.176+0000] {processor.py:766} INFO - DAG(s) dict_keys(['example_skip_dag']) retrieved from /home/airflow/.local/lib/python3.7/site-packages/airflow/example_dags/example_skip_dag.py
[2023-01-26T23:52:28.201+0000] {logging_mixin.py:120} INFO - [2023-01-26T23:52:28.201+0000] {dag.py:2585} INFO - Sync 1 DAGs
[2023-01-26T23:52:28.217+0000] {logging_mixin.py:120} INFO - [2023-01-26T23:52:28.217+0000] {dag.py:3340} INFO - Setting next_dagrun for example_skip_dag to 2023-01-25T23:52:28.217507+00:00, run_after=2023-01-26T23:52:28.217507+00:00
[2023-01-26T23:52:28.231+0000] {processor.py:176} INFO - Processing /home/airflow/.local/lib/python3.7/site-packages/airflow/example_dags/example_skip_dag.py took 0.066 seconds
[2023-01-26T23:52:58.375+0000] {processor.py:154} INFO - Started process (PID=966) to work on /home/airflow/.local/lib/python3.7/site-packages/airflow/example_dags/example_skip_dag.py
[2023-01-26T23:52:58.376+0000] {processor.py:756} INFO - Processing file /home/airflow/.local/lib/python3.7/site-packages/airflow/example_dags/example_skip_dag.py for tasks to queue
[2023-01-26T23:52:58.376+0000] {logging_mixin.py:120} INFO - [2023-01-26T23:52:58.376+0000] {dagbag.py:537} INFO - Filling up the DagBag from /home/airflow/.local/lib/python3.7/site-packages/airflow/example_dags/example_skip_dag.py
[2023-01-26T23:52:58.385+0000] {processor.py:766} INFO - DAG(s) dict_keys(['example_skip_dag']) retrieved from /home/airflow/.local/lib/python3.7/site-packages/airflow/example_dags/example_skip_dag.py
[2023-01-26T23:52:58.410+0000] {logging_mixin.py:120} INFO - [2023-01-26T23:52:58.410+0000] {dag.py:2585} INFO - Sync 1 DAGs
[2023-01-26T23:52:58.426+0000] {logging_mixin.py:120} INFO - [2023-01-26T23:52:58.426+0000] {dag.py:3340} INFO - Setting next_dagrun for example_skip_dag to 2023-01-25T23:52:58.426541+00:00, run_after=2023-01-26T23:52:58.426541+00:00
[2023-01-26T23:52:58.439+0000] {processor.py:176} INFO - Processing /home/airflow/.local/lib/python3.7/site-packages/airflow/example_dags/example_skip_dag.py took 0.066 seconds
[2023-01-26T23:53:28.831+0000] {processor.py:154} INFO - Started process (PID=1034) to work on /home/airflow/.local/lib/python3.7/site-packages/airflow/example_dags/example_skip_dag.py
[2023-01-26T23:53:28.831+0000] {processor.py:756} INFO - Processing file /home/airflow/.local/lib/python3.7/site-packages/airflow/example_dags/example_skip_dag.py for tasks to queue
[2023-01-26T23:53:28.832+0000] {logging_mixin.py:120} INFO - [2023-01-26T23:53:28.832+0000] {dagbag.py:537} INFO - Filling up the DagBag from /home/airflow/.local/lib/python3.7/site-packages/airflow/example_dags/example_skip_dag.py
[2023-01-26T23:53:28.841+0000] {processor.py:766} INFO - DAG(s) dict_keys(['example_skip_dag']) retrieved from /home/airflow/.local/lib/python3.7/site-packages/airflow/example_dags/example_skip_dag.py
[2023-01-26T23:53:28.865+0000] {logging_mixin.py:120} INFO - [2023-01-26T23:53:28.865+0000] {dag.py:2585} INFO - Sync 1 DAGs
[2023-01-26T23:53:28.882+0000] {logging_mixin.py:120} INFO - [2023-01-26T23:53:28.882+0000] {dag.py:3340} INFO - Setting next_dagrun for example_skip_dag to 2023-01-25T23:53:28.881926+00:00, run_after=2023-01-26T23:53:28.881926+00:00
[2023-01-26T23:53:28.896+0000] {processor.py:176} INFO - Processing /home/airflow/.local/lib/python3.7/site-packages/airflow/example_dags/example_skip_dag.py took 0.067 seconds
[2023-01-26T23:53:59.163+0000] {processor.py:154} INFO - Started process (PID=1093) to work on /home/airflow/.local/lib/python3.7/site-packages/airflow/example_dags/example_skip_dag.py
[2023-01-26T23:53:59.164+0000] {processor.py:756} INFO - Processing file /home/airflow/.local/lib/python3.7/site-packages/airflow/example_dags/example_skip_dag.py for tasks to queue
[2023-01-26T23:53:59.164+0000] {logging_mixin.py:120} INFO - [2023-01-26T23:53:59.164+0000] {dagbag.py:537} INFO - Filling up the DagBag from /home/airflow/.local/lib/python3.7/site-packages/airflow/example_dags/example_skip_dag.py
[2023-01-26T23:53:59.173+0000] {processor.py:766} INFO - DAG(s) dict_keys(['example_skip_dag']) retrieved from /home/airflow/.local/lib/python3.7/site-packages/airflow/example_dags/example_skip_dag.py
[2023-01-26T23:53:59.199+0000] {logging_mixin.py:120} INFO - [2023-01-26T23:53:59.199+0000] {dag.py:2585} INFO - Sync 1 DAGs
[2023-01-26T23:53:59.217+0000] {logging_mixin.py:120} INFO - [2023-01-26T23:53:59.216+0000] {dag.py:3340} INFO - Setting next_dagrun for example_skip_dag to 2023-01-25T23:53:59.216761+00:00, run_after=2023-01-26T23:53:59.216761+00:00
[2023-01-26T23:53:59.231+0000] {processor.py:176} INFO - Processing /home/airflow/.local/lib/python3.7/site-packages/airflow/example_dags/example_skip_dag.py took 0.069 seconds
[2023-01-26T23:54:29.558+0000] {processor.py:154} INFO - Started process (PID=1161) to work on /home/airflow/.local/lib/python3.7/site-packages/airflow/example_dags/example_skip_dag.py
[2023-01-26T23:54:29.559+0000] {processor.py:756} INFO - Processing file /home/airflow/.local/lib/python3.7/site-packages/airflow/example_dags/example_skip_dag.py for tasks to queue
[2023-01-26T23:54:29.560+0000] {logging_mixin.py:120} INFO - [2023-01-26T23:54:29.560+0000] {dagbag.py:537} INFO - Filling up the DagBag from /home/airflow/.local/lib/python3.7/site-packages/airflow/example_dags/example_skip_dag.py
[2023-01-26T23:54:29.569+0000] {processor.py:766} INFO - DAG(s) dict_keys(['example_skip_dag']) retrieved from /home/airflow/.local/lib/python3.7/site-packages/airflow/example_dags/example_skip_dag.py
[2023-01-26T23:54:29.599+0000] {logging_mixin.py:120} INFO - [2023-01-26T23:54:29.599+0000] {dag.py:2585} INFO - Sync 1 DAGs
[2023-01-26T23:54:29.616+0000] {logging_mixin.py:120} INFO - [2023-01-26T23:54:29.616+0000] {dag.py:3340} INFO - Setting next_dagrun for example_skip_dag to 2023-01-25T23:54:29.616230+00:00, run_after=2023-01-26T23:54:29.616230+00:00
[2023-01-26T23:54:29.630+0000] {processor.py:176} INFO - Processing /home/airflow/.local/lib/python3.7/site-packages/airflow/example_dags/example_skip_dag.py took 0.073 seconds
[2023-01-26T23:54:59.812+0000] {processor.py:154} INFO - Started process (PID=1229) to work on /home/airflow/.local/lib/python3.7/site-packages/airflow/example_dags/example_skip_dag.py
[2023-01-26T23:54:59.813+0000] {processor.py:756} INFO - Processing file /home/airflow/.local/lib/python3.7/site-packages/airflow/example_dags/example_skip_dag.py for tasks to queue
[2023-01-26T23:54:59.814+0000] {logging_mixin.py:120} INFO - [2023-01-26T23:54:59.814+0000] {dagbag.py:537} INFO - Filling up the DagBag from /home/airflow/.local/lib/python3.7/site-packages/airflow/example_dags/example_skip_dag.py
[2023-01-26T23:54:59.826+0000] {processor.py:766} INFO - DAG(s) dict_keys(['example_skip_dag']) retrieved from /home/airflow/.local/lib/python3.7/site-packages/airflow/example_dags/example_skip_dag.py
[2023-01-26T23:54:59.856+0000] {logging_mixin.py:120} INFO - [2023-01-26T23:54:59.856+0000] {dag.py:2585} INFO - Sync 1 DAGs
[2023-01-26T23:54:59.873+0000] {logging_mixin.py:120} INFO - [2023-01-26T23:54:59.873+0000] {dag.py:3340} INFO - Setting next_dagrun for example_skip_dag to 2023-01-25T23:54:59.873036+00:00, run_after=2023-01-26T23:54:59.873036+00:00
[2023-01-26T23:54:59.886+0000] {processor.py:176} INFO - Processing /home/airflow/.local/lib/python3.7/site-packages/airflow/example_dags/example_skip_dag.py took 0.077 seconds
[2023-01-26T23:55:30.126+0000] {processor.py:154} INFO - Started process (PID=1297) to work on /home/airflow/.local/lib/python3.7/site-packages/airflow/example_dags/example_skip_dag.py
[2023-01-26T23:55:30.126+0000] {processor.py:756} INFO - Processing file /home/airflow/.local/lib/python3.7/site-packages/airflow/example_dags/example_skip_dag.py for tasks to queue
[2023-01-26T23:55:30.127+0000] {logging_mixin.py:120} INFO - [2023-01-26T23:55:30.126+0000] {dagbag.py:537} INFO - Filling up the DagBag from /home/airflow/.local/lib/python3.7/site-packages/airflow/example_dags/example_skip_dag.py
[2023-01-26T23:55:30.135+0000] {processor.py:766} INFO - DAG(s) dict_keys(['example_skip_dag']) retrieved from /home/airflow/.local/lib/python3.7/site-packages/airflow/example_dags/example_skip_dag.py
[2023-01-26T23:55:30.160+0000] {logging_mixin.py:120} INFO - [2023-01-26T23:55:30.160+0000] {dag.py:2585} INFO - Sync 1 DAGs
[2023-01-26T23:55:30.176+0000] {logging_mixin.py:120} INFO - [2023-01-26T23:55:30.176+0000] {dag.py:3340} INFO - Setting next_dagrun for example_skip_dag to 2023-01-25T23:55:30.176176+00:00, run_after=2023-01-26T23:55:30.176176+00:00
[2023-01-26T23:55:30.190+0000] {processor.py:176} INFO - Processing /home/airflow/.local/lib/python3.7/site-packages/airflow/example_dags/example_skip_dag.py took 0.066 seconds
[2023-01-26T23:56:00.576+0000] {processor.py:154} INFO - Started process (PID=1356) to work on /home/airflow/.local/lib/python3.7/site-packages/airflow/example_dags/example_skip_dag.py
[2023-01-26T23:56:00.577+0000] {processor.py:756} INFO - Processing file /home/airflow/.local/lib/python3.7/site-packages/airflow/example_dags/example_skip_dag.py for tasks to queue
[2023-01-26T23:56:00.578+0000] {logging_mixin.py:120} INFO - [2023-01-26T23:56:00.578+0000] {dagbag.py:537} INFO - Filling up the DagBag from /home/airflow/.local/lib/python3.7/site-packages/airflow/example_dags/example_skip_dag.py
[2023-01-26T23:56:00.587+0000] {processor.py:766} INFO - DAG(s) dict_keys(['example_skip_dag']) retrieved from /home/airflow/.local/lib/python3.7/site-packages/airflow/example_dags/example_skip_dag.py
[2023-01-26T23:56:00.615+0000] {logging_mixin.py:120} INFO - [2023-01-26T23:56:00.615+0000] {dag.py:2585} INFO - Sync 1 DAGs
[2023-01-26T23:56:00.636+0000] {logging_mixin.py:120} INFO - [2023-01-26T23:56:00.636+0000] {dag.py:3340} INFO - Setting next_dagrun for example_skip_dag to 2023-01-25T23:56:00.636292+00:00, run_after=2023-01-26T23:56:00.636292+00:00
[2023-01-26T23:56:00.649+0000] {processor.py:176} INFO - Processing /home/airflow/.local/lib/python3.7/site-packages/airflow/example_dags/example_skip_dag.py took 0.074 seconds
[2023-01-26T23:56:30.701+0000] {processor.py:154} INFO - Started process (PID=1424) to work on /home/airflow/.local/lib/python3.7/site-packages/airflow/example_dags/example_skip_dag.py
[2023-01-26T23:56:30.701+0000] {processor.py:756} INFO - Processing file /home/airflow/.local/lib/python3.7/site-packages/airflow/example_dags/example_skip_dag.py for tasks to queue
[2023-01-26T23:56:30.702+0000] {logging_mixin.py:120} INFO - [2023-01-26T23:56:30.702+0000] {dagbag.py:537} INFO - Filling up the DagBag from /home/airflow/.local/lib/python3.7/site-packages/airflow/example_dags/example_skip_dag.py
[2023-01-26T23:56:30.711+0000] {processor.py:766} INFO - DAG(s) dict_keys(['example_skip_dag']) retrieved from /home/airflow/.local/lib/python3.7/site-packages/airflow/example_dags/example_skip_dag.py
[2023-01-26T23:56:30.741+0000] {logging_mixin.py:120} INFO - [2023-01-26T23:56:30.741+0000] {dag.py:2585} INFO - Sync 1 DAGs
[2023-01-26T23:56:30.763+0000] {logging_mixin.py:120} INFO - [2023-01-26T23:56:30.763+0000] {dag.py:3340} INFO - Setting next_dagrun for example_skip_dag to 2023-01-25T23:56:30.763170+00:00, run_after=2023-01-26T23:56:30.763170+00:00
[2023-01-26T23:56:30.779+0000] {processor.py:176} INFO - Processing /home/airflow/.local/lib/python3.7/site-packages/airflow/example_dags/example_skip_dag.py took 0.080 seconds
[2023-01-26T23:57:01.010+0000] {processor.py:154} INFO - Started process (PID=1493) to work on /home/airflow/.local/lib/python3.7/site-packages/airflow/example_dags/example_skip_dag.py
[2023-01-26T23:57:01.011+0000] {processor.py:756} INFO - Processing file /home/airflow/.local/lib/python3.7/site-packages/airflow/example_dags/example_skip_dag.py for tasks to queue
[2023-01-26T23:57:01.011+0000] {logging_mixin.py:120} INFO - [2023-01-26T23:57:01.011+0000] {dagbag.py:537} INFO - Filling up the DagBag from /home/airflow/.local/lib/python3.7/site-packages/airflow/example_dags/example_skip_dag.py
[2023-01-26T23:57:01.020+0000] {processor.py:766} INFO - DAG(s) dict_keys(['example_skip_dag']) retrieved from /home/airflow/.local/lib/python3.7/site-packages/airflow/example_dags/example_skip_dag.py
[2023-01-26T23:57:01.045+0000] {logging_mixin.py:120} INFO - [2023-01-26T23:57:01.045+0000] {dag.py:2585} INFO - Sync 1 DAGs
[2023-01-26T23:57:01.062+0000] {logging_mixin.py:120} INFO - [2023-01-26T23:57:01.062+0000] {dag.py:3340} INFO - Setting next_dagrun for example_skip_dag to 2023-01-25T23:57:01.061876+00:00, run_after=2023-01-26T23:57:01.061876+00:00
[2023-01-26T23:57:01.075+0000] {processor.py:176} INFO - Processing /home/airflow/.local/lib/python3.7/site-packages/airflow/example_dags/example_skip_dag.py took 0.067 seconds
[2023-01-26T23:57:31.231+0000] {processor.py:154} INFO - Started process (PID=1561) to work on /home/airflow/.local/lib/python3.7/site-packages/airflow/example_dags/example_skip_dag.py
[2023-01-26T23:57:31.232+0000] {processor.py:756} INFO - Processing file /home/airflow/.local/lib/python3.7/site-packages/airflow/example_dags/example_skip_dag.py for tasks to queue
[2023-01-26T23:57:31.232+0000] {logging_mixin.py:120} INFO - [2023-01-26T23:57:31.232+0000] {dagbag.py:537} INFO - Filling up the DagBag from /home/airflow/.local/lib/python3.7/site-packages/airflow/example_dags/example_skip_dag.py
[2023-01-26T23:57:31.241+0000] {processor.py:766} INFO - DAG(s) dict_keys(['example_skip_dag']) retrieved from /home/airflow/.local/lib/python3.7/site-packages/airflow/example_dags/example_skip_dag.py
[2023-01-26T23:57:31.266+0000] {logging_mixin.py:120} INFO - [2023-01-26T23:57:31.266+0000] {dag.py:2585} INFO - Sync 1 DAGs
[2023-01-26T23:57:31.284+0000] {logging_mixin.py:120} INFO - [2023-01-26T23:57:31.284+0000] {dag.py:3340} INFO - Setting next_dagrun for example_skip_dag to 2023-01-25T23:57:31.283903+00:00, run_after=2023-01-26T23:57:31.283903+00:00
[2023-01-26T23:57:31.297+0000] {processor.py:176} INFO - Processing /home/airflow/.local/lib/python3.7/site-packages/airflow/example_dags/example_skip_dag.py took 0.068 seconds
[2023-01-26T23:58:01.396+0000] {processor.py:154} INFO - Started process (PID=1620) to work on /home/airflow/.local/lib/python3.7/site-packages/airflow/example_dags/example_skip_dag.py
[2023-01-26T23:58:01.396+0000] {processor.py:756} INFO - Processing file /home/airflow/.local/lib/python3.7/site-packages/airflow/example_dags/example_skip_dag.py for tasks to queue
[2023-01-26T23:58:01.397+0000] {logging_mixin.py:120} INFO - [2023-01-26T23:58:01.396+0000] {dagbag.py:537} INFO - Filling up the DagBag from /home/airflow/.local/lib/python3.7/site-packages/airflow/example_dags/example_skip_dag.py
[2023-01-26T23:58:01.405+0000] {processor.py:766} INFO - DAG(s) dict_keys(['example_skip_dag']) retrieved from /home/airflow/.local/lib/python3.7/site-packages/airflow/example_dags/example_skip_dag.py
[2023-01-26T23:58:01.431+0000] {logging_mixin.py:120} INFO - [2023-01-26T23:58:01.431+0000] {dag.py:2585} INFO - Sync 1 DAGs
[2023-01-26T23:58:01.448+0000] {logging_mixin.py:120} INFO - [2023-01-26T23:58:01.448+0000] {dag.py:3340} INFO - Setting next_dagrun for example_skip_dag to 2023-01-25T23:58:01.448393+00:00, run_after=2023-01-26T23:58:01.448393+00:00
[2023-01-26T23:58:01.462+0000] {processor.py:176} INFO - Processing /home/airflow/.local/lib/python3.7/site-packages/airflow/example_dags/example_skip_dag.py took 0.068 seconds
[2023-01-26T23:58:31.707+0000] {processor.py:154} INFO - Started process (PID=1689) to work on /home/airflow/.local/lib/python3.7/site-packages/airflow/example_dags/example_skip_dag.py
[2023-01-26T23:58:31.708+0000] {processor.py:756} INFO - Processing file /home/airflow/.local/lib/python3.7/site-packages/airflow/example_dags/example_skip_dag.py for tasks to queue
[2023-01-26T23:58:31.709+0000] {logging_mixin.py:120} INFO - [2023-01-26T23:58:31.709+0000] {dagbag.py:537} INFO - Filling up the DagBag from /home/airflow/.local/lib/python3.7/site-packages/airflow/example_dags/example_skip_dag.py
[2023-01-26T23:58:31.717+0000] {processor.py:766} INFO - DAG(s) dict_keys(['example_skip_dag']) retrieved from /home/airflow/.local/lib/python3.7/site-packages/airflow/example_dags/example_skip_dag.py
[2023-01-26T23:58:31.743+0000] {logging_mixin.py:120} INFO - [2023-01-26T23:58:31.742+0000] {dag.py:2585} INFO - Sync 1 DAGs
[2023-01-26T23:58:31.758+0000] {logging_mixin.py:120} INFO - [2023-01-26T23:58:31.758+0000] {dag.py:3340} INFO - Setting next_dagrun for example_skip_dag to 2023-01-25T23:58:31.758247+00:00, run_after=2023-01-26T23:58:31.758247+00:00
[2023-01-26T23:58:31.770+0000] {processor.py:176} INFO - Processing /home/airflow/.local/lib/python3.7/site-packages/airflow/example_dags/example_skip_dag.py took 0.064 seconds
[2023-01-26T23:59:01.944+0000] {processor.py:154} INFO - Started process (PID=1758) to work on /home/airflow/.local/lib/python3.7/site-packages/airflow/example_dags/example_skip_dag.py
[2023-01-26T23:59:01.945+0000] {processor.py:756} INFO - Processing file /home/airflow/.local/lib/python3.7/site-packages/airflow/example_dags/example_skip_dag.py for tasks to queue
[2023-01-26T23:59:01.945+0000] {logging_mixin.py:120} INFO - [2023-01-26T23:59:01.945+0000] {dagbag.py:537} INFO - Filling up the DagBag from /home/airflow/.local/lib/python3.7/site-packages/airflow/example_dags/example_skip_dag.py
[2023-01-26T23:59:01.954+0000] {processor.py:766} INFO - DAG(s) dict_keys(['example_skip_dag']) retrieved from /home/airflow/.local/lib/python3.7/site-packages/airflow/example_dags/example_skip_dag.py
[2023-01-26T23:59:01.978+0000] {logging_mixin.py:120} INFO - [2023-01-26T23:59:01.978+0000] {dag.py:2585} INFO - Sync 1 DAGs
[2023-01-26T23:59:01.995+0000] {logging_mixin.py:120} INFO - [2023-01-26T23:59:01.995+0000] {dag.py:3340} INFO - Setting next_dagrun for example_skip_dag to 2023-01-25T23:59:01.995066+00:00, run_after=2023-01-26T23:59:01.995066+00:00
[2023-01-26T23:59:02.008+0000] {processor.py:176} INFO - Processing /home/airflow/.local/lib/python3.7/site-packages/airflow/example_dags/example_skip_dag.py took 0.065 seconds
[2023-01-26T23:59:32.224+0000] {processor.py:154} INFO - Started process (PID=1826) to work on /home/airflow/.local/lib/python3.7/site-packages/airflow/example_dags/example_skip_dag.py
[2023-01-26T23:59:32.225+0000] {processor.py:756} INFO - Processing file /home/airflow/.local/lib/python3.7/site-packages/airflow/example_dags/example_skip_dag.py for tasks to queue
[2023-01-26T23:59:32.225+0000] {logging_mixin.py:120} INFO - [2023-01-26T23:59:32.225+0000] {dagbag.py:537} INFO - Filling up the DagBag from /home/airflow/.local/lib/python3.7/site-packages/airflow/example_dags/example_skip_dag.py
[2023-01-26T23:59:32.233+0000] {processor.py:766} INFO - DAG(s) dict_keys(['example_skip_dag']) retrieved from /home/airflow/.local/lib/python3.7/site-packages/airflow/example_dags/example_skip_dag.py
[2023-01-26T23:59:32.257+0000] {logging_mixin.py:120} INFO - [2023-01-26T23:59:32.257+0000] {dag.py:2585} INFO - Sync 1 DAGs
[2023-01-26T23:59:32.273+0000] {logging_mixin.py:120} INFO - [2023-01-26T23:59:32.273+0000] {dag.py:3340} INFO - Setting next_dagrun for example_skip_dag to 2023-01-25T23:59:32.273203+00:00, run_after=2023-01-26T23:59:32.273203+00:00
[2023-01-26T23:59:32.285+0000] {processor.py:176} INFO - Processing /home/airflow/.local/lib/python3.7/site-packages/airflow/example_dags/example_skip_dag.py took 0.063 seconds
