[2023-01-26T20:22:01.350+0000] {processor.py:154} INFO - Started process (PID=79) to work on /home/airflow/.local/lib/python3.7/site-packages/airflow/example_dags/example_task_group.py
[2023-01-26T20:22:01.351+0000] {processor.py:756} INFO - Processing file /home/airflow/.local/lib/python3.7/site-packages/airflow/example_dags/example_task_group.py for tasks to queue
[2023-01-26T20:22:01.352+0000] {logging_mixin.py:120} INFO - [2023-01-26T20:22:01.352+0000] {dagbag.py:537} INFO - Filling up the DagBag from /home/airflow/.local/lib/python3.7/site-packages/airflow/example_dags/example_task_group.py
[2023-01-26T20:22:01.380+0000] {processor.py:766} INFO - DAG(s) dict_keys(['example_task_group']) retrieved from /home/airflow/.local/lib/python3.7/site-packages/airflow/example_dags/example_task_group.py
[2023-01-26T20:22:01.429+0000] {logging_mixin.py:120} INFO - [2023-01-26T20:22:01.429+0000] {dag.py:2585} INFO - Sync 1 DAGs
[2023-01-26T20:22:01.458+0000] {logging_mixin.py:120} INFO - [2023-01-26T20:22:01.457+0000] {dag.py:3340} INFO - Setting next_dagrun for example_task_group to 2023-01-25T20:22:01.457638+00:00, run_after=2023-01-26T20:22:01.457638+00:00
[2023-01-26T20:22:01.486+0000] {processor.py:176} INFO - Processing /home/airflow/.local/lib/python3.7/site-packages/airflow/example_dags/example_task_group.py took 0.140 seconds
[2023-01-26T23:22:13.832+0000] {processor.py:154} INFO - Started process (PID=139) to work on /home/airflow/.local/lib/python3.7/site-packages/airflow/example_dags/example_task_group.py
[2023-01-26T23:22:13.833+0000] {processor.py:756} INFO - Processing file /home/airflow/.local/lib/python3.7/site-packages/airflow/example_dags/example_task_group.py for tasks to queue
[2023-01-26T23:22:13.834+0000] {logging_mixin.py:120} INFO - [2023-01-26T23:22:13.833+0000] {dagbag.py:537} INFO - Filling up the DagBag from /home/airflow/.local/lib/python3.7/site-packages/airflow/example_dags/example_task_group.py
[2023-01-26T23:22:13.873+0000] {processor.py:766} INFO - DAG(s) dict_keys(['example_task_group']) retrieved from /home/airflow/.local/lib/python3.7/site-packages/airflow/example_dags/example_task_group.py
[2023-01-26T23:22:13.981+0000] {logging_mixin.py:120} INFO - [2023-01-26T23:22:13.981+0000] {dag.py:2585} INFO - Sync 1 DAGs
[2023-01-26T23:22:14.043+0000] {logging_mixin.py:120} INFO - [2023-01-26T23:22:14.043+0000] {dag.py:3340} INFO - Setting next_dagrun for example_task_group to 2023-01-25T23:22:14.042914+00:00, run_after=2023-01-26T23:22:14.042914+00:00
[2023-01-26T23:22:14.083+0000] {processor.py:176} INFO - Processing /home/airflow/.local/lib/python3.7/site-packages/airflow/example_dags/example_task_group.py took 0.257 seconds
[2023-01-26T23:22:44.879+0000] {processor.py:154} INFO - Started process (PID=205) to work on /home/airflow/.local/lib/python3.7/site-packages/airflow/example_dags/example_task_group.py
[2023-01-26T23:22:44.880+0000] {processor.py:756} INFO - Processing file /home/airflow/.local/lib/python3.7/site-packages/airflow/example_dags/example_task_group.py for tasks to queue
[2023-01-26T23:22:44.881+0000] {logging_mixin.py:120} INFO - [2023-01-26T23:22:44.881+0000] {dagbag.py:537} INFO - Filling up the DagBag from /home/airflow/.local/lib/python3.7/site-packages/airflow/example_dags/example_task_group.py
[2023-01-26T23:22:44.905+0000] {processor.py:766} INFO - DAG(s) dict_keys(['example_task_group']) retrieved from /home/airflow/.local/lib/python3.7/site-packages/airflow/example_dags/example_task_group.py
[2023-01-26T23:22:44.964+0000] {logging_mixin.py:120} INFO - [2023-01-26T23:22:44.964+0000] {dag.py:2585} INFO - Sync 1 DAGs
[2023-01-26T23:22:45.005+0000] {logging_mixin.py:120} INFO - [2023-01-26T23:22:45.004+0000] {dag.py:3340} INFO - Setting next_dagrun for example_task_group to 2023-01-25T23:22:45.004387+00:00, run_after=2023-01-26T23:22:45.004387+00:00
[2023-01-26T23:22:45.029+0000] {processor.py:176} INFO - Processing /home/airflow/.local/lib/python3.7/site-packages/airflow/example_dags/example_task_group.py took 0.153 seconds
[2023-01-26T23:23:15.169+0000] {processor.py:154} INFO - Started process (PID=273) to work on /home/airflow/.local/lib/python3.7/site-packages/airflow/example_dags/example_task_group.py
[2023-01-26T23:23:15.171+0000] {processor.py:756} INFO - Processing file /home/airflow/.local/lib/python3.7/site-packages/airflow/example_dags/example_task_group.py for tasks to queue
[2023-01-26T23:23:15.171+0000] {logging_mixin.py:120} INFO - [2023-01-26T23:23:15.171+0000] {dagbag.py:537} INFO - Filling up the DagBag from /home/airflow/.local/lib/python3.7/site-packages/airflow/example_dags/example_task_group.py
[2023-01-26T23:23:15.188+0000] {processor.py:766} INFO - DAG(s) dict_keys(['example_task_group']) retrieved from /home/airflow/.local/lib/python3.7/site-packages/airflow/example_dags/example_task_group.py
[2023-01-26T23:23:15.243+0000] {logging_mixin.py:120} INFO - [2023-01-26T23:23:15.243+0000] {dag.py:2585} INFO - Sync 1 DAGs
[2023-01-26T23:23:15.274+0000] {logging_mixin.py:120} INFO - [2023-01-26T23:23:15.274+0000] {dag.py:3340} INFO - Setting next_dagrun for example_task_group to 2023-01-25T23:23:15.273765+00:00, run_after=2023-01-26T23:23:15.273765+00:00
[2023-01-26T23:23:15.293+0000] {processor.py:176} INFO - Processing /home/airflow/.local/lib/python3.7/site-packages/airflow/example_dags/example_task_group.py took 0.127 seconds
[2023-01-26T23:23:45.719+0000] {processor.py:154} INFO - Started process (PID=330) to work on /home/airflow/.local/lib/python3.7/site-packages/airflow/example_dags/example_task_group.py
[2023-01-26T23:23:45.719+0000] {processor.py:756} INFO - Processing file /home/airflow/.local/lib/python3.7/site-packages/airflow/example_dags/example_task_group.py for tasks to queue
[2023-01-26T23:23:45.720+0000] {logging_mixin.py:120} INFO - [2023-01-26T23:23:45.720+0000] {dagbag.py:537} INFO - Filling up the DagBag from /home/airflow/.local/lib/python3.7/site-packages/airflow/example_dags/example_task_group.py
[2023-01-26T23:23:45.733+0000] {processor.py:766} INFO - DAG(s) dict_keys(['example_task_group']) retrieved from /home/airflow/.local/lib/python3.7/site-packages/airflow/example_dags/example_task_group.py
[2023-01-26T23:23:45.764+0000] {logging_mixin.py:120} INFO - [2023-01-26T23:23:45.764+0000] {dag.py:2585} INFO - Sync 1 DAGs
[2023-01-26T23:23:45.781+0000] {logging_mixin.py:120} INFO - [2023-01-26T23:23:45.781+0000] {dag.py:3340} INFO - Setting next_dagrun for example_task_group to 2023-01-25T23:23:45.781210+00:00, run_after=2023-01-26T23:23:45.781210+00:00
[2023-01-26T23:23:45.796+0000] {processor.py:176} INFO - Processing /home/airflow/.local/lib/python3.7/site-packages/airflow/example_dags/example_task_group.py took 0.080 seconds
[2023-01-26T23:24:16.490+0000] {processor.py:154} INFO - Started process (PID=397) to work on /home/airflow/.local/lib/python3.7/site-packages/airflow/example_dags/example_task_group.py
[2023-01-26T23:24:16.491+0000] {processor.py:756} INFO - Processing file /home/airflow/.local/lib/python3.7/site-packages/airflow/example_dags/example_task_group.py for tasks to queue
[2023-01-26T23:24:16.492+0000] {logging_mixin.py:120} INFO - [2023-01-26T23:24:16.492+0000] {dagbag.py:537} INFO - Filling up the DagBag from /home/airflow/.local/lib/python3.7/site-packages/airflow/example_dags/example_task_group.py
[2023-01-26T23:24:16.506+0000] {processor.py:766} INFO - DAG(s) dict_keys(['example_task_group']) retrieved from /home/airflow/.local/lib/python3.7/site-packages/airflow/example_dags/example_task_group.py
[2023-01-26T23:24:16.540+0000] {logging_mixin.py:120} INFO - [2023-01-26T23:24:16.540+0000] {dag.py:2585} INFO - Sync 1 DAGs
[2023-01-26T23:24:16.564+0000] {logging_mixin.py:120} INFO - [2023-01-26T23:24:16.564+0000] {dag.py:3340} INFO - Setting next_dagrun for example_task_group to 2023-01-25T23:24:16.564103+00:00, run_after=2023-01-26T23:24:16.564103+00:00
[2023-01-26T23:24:16.581+0000] {processor.py:176} INFO - Processing /home/airflow/.local/lib/python3.7/site-packages/airflow/example_dags/example_task_group.py took 0.093 seconds
[2023-01-26T23:24:47.204+0000] {processor.py:154} INFO - Started process (PID=465) to work on /home/airflow/.local/lib/python3.7/site-packages/airflow/example_dags/example_task_group.py
[2023-01-26T23:24:47.205+0000] {processor.py:756} INFO - Processing file /home/airflow/.local/lib/python3.7/site-packages/airflow/example_dags/example_task_group.py for tasks to queue
[2023-01-26T23:24:47.206+0000] {logging_mixin.py:120} INFO - [2023-01-26T23:24:47.206+0000] {dagbag.py:537} INFO - Filling up the DagBag from /home/airflow/.local/lib/python3.7/site-packages/airflow/example_dags/example_task_group.py
[2023-01-26T23:24:47.222+0000] {processor.py:766} INFO - DAG(s) dict_keys(['example_task_group']) retrieved from /home/airflow/.local/lib/python3.7/site-packages/airflow/example_dags/example_task_group.py
[2023-01-26T23:24:47.259+0000] {logging_mixin.py:120} INFO - [2023-01-26T23:24:47.258+0000] {dag.py:2585} INFO - Sync 1 DAGs
[2023-01-26T23:24:47.285+0000] {logging_mixin.py:120} INFO - [2023-01-26T23:24:47.284+0000] {dag.py:3340} INFO - Setting next_dagrun for example_task_group to 2023-01-25T23:24:47.284783+00:00, run_after=2023-01-26T23:24:47.284783+00:00
[2023-01-26T23:24:47.304+0000] {processor.py:176} INFO - Processing /home/airflow/.local/lib/python3.7/site-packages/airflow/example_dags/example_task_group.py took 0.102 seconds
[2023-01-26T23:25:17.764+0000] {processor.py:154} INFO - Started process (PID=532) to work on /home/airflow/.local/lib/python3.7/site-packages/airflow/example_dags/example_task_group.py
[2023-01-26T23:25:17.764+0000] {processor.py:756} INFO - Processing file /home/airflow/.local/lib/python3.7/site-packages/airflow/example_dags/example_task_group.py for tasks to queue
[2023-01-26T23:25:17.765+0000] {logging_mixin.py:120} INFO - [2023-01-26T23:25:17.764+0000] {dagbag.py:537} INFO - Filling up the DagBag from /home/airflow/.local/lib/python3.7/site-packages/airflow/example_dags/example_task_group.py
[2023-01-26T23:25:17.779+0000] {processor.py:766} INFO - DAG(s) dict_keys(['example_task_group']) retrieved from /home/airflow/.local/lib/python3.7/site-packages/airflow/example_dags/example_task_group.py
[2023-01-26T23:25:17.808+0000] {logging_mixin.py:120} INFO - [2023-01-26T23:25:17.808+0000] {dag.py:2585} INFO - Sync 1 DAGs
[2023-01-26T23:25:17.827+0000] {logging_mixin.py:120} INFO - [2023-01-26T23:25:17.827+0000] {dag.py:3340} INFO - Setting next_dagrun for example_task_group to 2023-01-25T23:25:17.827009+00:00, run_after=2023-01-26T23:25:17.827009+00:00
[2023-01-26T23:25:17.840+0000] {processor.py:176} INFO - Processing /home/airflow/.local/lib/python3.7/site-packages/airflow/example_dags/example_task_group.py took 0.078 seconds
[2023-01-26T23:25:47.920+0000] {processor.py:154} INFO - Started process (PID=590) to work on /home/airflow/.local/lib/python3.7/site-packages/airflow/example_dags/example_task_group.py
[2023-01-26T23:25:47.921+0000] {processor.py:756} INFO - Processing file /home/airflow/.local/lib/python3.7/site-packages/airflow/example_dags/example_task_group.py for tasks to queue
[2023-01-26T23:25:47.921+0000] {logging_mixin.py:120} INFO - [2023-01-26T23:25:47.921+0000] {dagbag.py:537} INFO - Filling up the DagBag from /home/airflow/.local/lib/python3.7/site-packages/airflow/example_dags/example_task_group.py
[2023-01-26T23:25:47.931+0000] {processor.py:766} INFO - DAG(s) dict_keys(['example_task_group']) retrieved from /home/airflow/.local/lib/python3.7/site-packages/airflow/example_dags/example_task_group.py
[2023-01-26T23:25:47.959+0000] {logging_mixin.py:120} INFO - [2023-01-26T23:25:47.959+0000] {dag.py:2585} INFO - Sync 1 DAGs
[2023-01-26T23:25:47.980+0000] {logging_mixin.py:120} INFO - [2023-01-26T23:25:47.980+0000] {dag.py:3340} INFO - Setting next_dagrun for example_task_group to 2023-01-25T23:25:47.980621+00:00, run_after=2023-01-26T23:25:47.980621+00:00
[2023-01-26T23:25:47.992+0000] {processor.py:176} INFO - Processing /home/airflow/.local/lib/python3.7/site-packages/airflow/example_dags/example_task_group.py took 0.074 seconds
[2023-01-26T23:26:18.173+0000] {processor.py:154} INFO - Started process (PID=658) to work on /home/airflow/.local/lib/python3.7/site-packages/airflow/example_dags/example_task_group.py
[2023-01-26T23:26:18.174+0000] {processor.py:756} INFO - Processing file /home/airflow/.local/lib/python3.7/site-packages/airflow/example_dags/example_task_group.py for tasks to queue
[2023-01-26T23:26:18.175+0000] {logging_mixin.py:120} INFO - [2023-01-26T23:26:18.174+0000] {dagbag.py:537} INFO - Filling up the DagBag from /home/airflow/.local/lib/python3.7/site-packages/airflow/example_dags/example_task_group.py
[2023-01-26T23:26:18.186+0000] {processor.py:766} INFO - DAG(s) dict_keys(['example_task_group']) retrieved from /home/airflow/.local/lib/python3.7/site-packages/airflow/example_dags/example_task_group.py
[2023-01-26T23:26:18.212+0000] {logging_mixin.py:120} INFO - [2023-01-26T23:26:18.212+0000] {dag.py:2585} INFO - Sync 1 DAGs
[2023-01-26T23:26:18.229+0000] {logging_mixin.py:120} INFO - [2023-01-26T23:26:18.229+0000] {dag.py:3340} INFO - Setting next_dagrun for example_task_group to 2023-01-25T23:26:18.229223+00:00, run_after=2023-01-26T23:26:18.229223+00:00
[2023-01-26T23:26:18.242+0000] {processor.py:176} INFO - Processing /home/airflow/.local/lib/python3.7/site-packages/airflow/example_dags/example_task_group.py took 0.071 seconds
[2023-01-26T23:26:48.423+0000] {processor.py:154} INFO - Started process (PID=725) to work on /home/airflow/.local/lib/python3.7/site-packages/airflow/example_dags/example_task_group.py
[2023-01-26T23:26:48.423+0000] {processor.py:756} INFO - Processing file /home/airflow/.local/lib/python3.7/site-packages/airflow/example_dags/example_task_group.py for tasks to queue
[2023-01-26T23:26:48.424+0000] {logging_mixin.py:120} INFO - [2023-01-26T23:26:48.423+0000] {dagbag.py:537} INFO - Filling up the DagBag from /home/airflow/.local/lib/python3.7/site-packages/airflow/example_dags/example_task_group.py
[2023-01-26T23:26:48.434+0000] {processor.py:766} INFO - DAG(s) dict_keys(['example_task_group']) retrieved from /home/airflow/.local/lib/python3.7/site-packages/airflow/example_dags/example_task_group.py
[2023-01-26T23:26:48.458+0000] {logging_mixin.py:120} INFO - [2023-01-26T23:26:48.458+0000] {dag.py:2585} INFO - Sync 1 DAGs
[2023-01-26T23:26:48.475+0000] {logging_mixin.py:120} INFO - [2023-01-26T23:26:48.475+0000] {dag.py:3340} INFO - Setting next_dagrun for example_task_group to 2023-01-25T23:26:48.475139+00:00, run_after=2023-01-26T23:26:48.475139+00:00
[2023-01-26T23:26:48.487+0000] {processor.py:176} INFO - Processing /home/airflow/.local/lib/python3.7/site-packages/airflow/example_dags/example_task_group.py took 0.066 seconds
[2023-01-26T23:27:19.657+0000] {processor.py:154} INFO - Started process (PID=792) to work on /home/airflow/.local/lib/python3.7/site-packages/airflow/example_dags/example_task_group.py
[2023-01-26T23:27:19.658+0000] {processor.py:756} INFO - Processing file /home/airflow/.local/lib/python3.7/site-packages/airflow/example_dags/example_task_group.py for tasks to queue
[2023-01-26T23:27:19.658+0000] {logging_mixin.py:120} INFO - [2023-01-26T23:27:19.658+0000] {dagbag.py:537} INFO - Filling up the DagBag from /home/airflow/.local/lib/python3.7/site-packages/airflow/example_dags/example_task_group.py
[2023-01-26T23:27:19.668+0000] {processor.py:766} INFO - DAG(s) dict_keys(['example_task_group']) retrieved from /home/airflow/.local/lib/python3.7/site-packages/airflow/example_dags/example_task_group.py
[2023-01-26T23:27:19.693+0000] {logging_mixin.py:120} INFO - [2023-01-26T23:27:19.692+0000] {dag.py:2585} INFO - Sync 1 DAGs
[2023-01-26T23:27:19.708+0000] {logging_mixin.py:120} INFO - [2023-01-26T23:27:19.708+0000] {dag.py:3340} INFO - Setting next_dagrun for example_task_group to 2023-01-25T23:27:19.708730+00:00, run_after=2023-01-26T23:27:19.708730+00:00
[2023-01-26T23:27:19.721+0000] {processor.py:176} INFO - Processing /home/airflow/.local/lib/python3.7/site-packages/airflow/example_dags/example_task_group.py took 0.066 seconds
[2023-01-26T23:27:50.792+0000] {processor.py:154} INFO - Started process (PID=859) to work on /home/airflow/.local/lib/python3.7/site-packages/airflow/example_dags/example_task_group.py
[2023-01-26T23:27:50.792+0000] {processor.py:756} INFO - Processing file /home/airflow/.local/lib/python3.7/site-packages/airflow/example_dags/example_task_group.py for tasks to queue
[2023-01-26T23:27:50.793+0000] {logging_mixin.py:120} INFO - [2023-01-26T23:27:50.793+0000] {dagbag.py:537} INFO - Filling up the DagBag from /home/airflow/.local/lib/python3.7/site-packages/airflow/example_dags/example_task_group.py
[2023-01-26T23:27:50.803+0000] {processor.py:766} INFO - DAG(s) dict_keys(['example_task_group']) retrieved from /home/airflow/.local/lib/python3.7/site-packages/airflow/example_dags/example_task_group.py
[2023-01-26T23:27:50.828+0000] {logging_mixin.py:120} INFO - [2023-01-26T23:27:50.828+0000] {dag.py:2585} INFO - Sync 1 DAGs
[2023-01-26T23:27:50.844+0000] {logging_mixin.py:120} INFO - [2023-01-26T23:27:50.844+0000] {dag.py:3340} INFO - Setting next_dagrun for example_task_group to 2023-01-25T23:27:50.844522+00:00, run_after=2023-01-26T23:27:50.844522+00:00
[2023-01-26T23:27:50.856+0000] {processor.py:176} INFO - Processing /home/airflow/.local/lib/python3.7/site-packages/airflow/example_dags/example_task_group.py took 0.066 seconds
[2023-01-26T23:28:21.078+0000] {processor.py:154} INFO - Started process (PID=918) to work on /home/airflow/.local/lib/python3.7/site-packages/airflow/example_dags/example_task_group.py
[2023-01-26T23:28:21.079+0000] {processor.py:756} INFO - Processing file /home/airflow/.local/lib/python3.7/site-packages/airflow/example_dags/example_task_group.py for tasks to queue
[2023-01-26T23:28:21.079+0000] {logging_mixin.py:120} INFO - [2023-01-26T23:28:21.079+0000] {dagbag.py:537} INFO - Filling up the DagBag from /home/airflow/.local/lib/python3.7/site-packages/airflow/example_dags/example_task_group.py
[2023-01-26T23:28:21.089+0000] {processor.py:766} INFO - DAG(s) dict_keys(['example_task_group']) retrieved from /home/airflow/.local/lib/python3.7/site-packages/airflow/example_dags/example_task_group.py
[2023-01-26T23:28:21.116+0000] {logging_mixin.py:120} INFO - [2023-01-26T23:28:21.116+0000] {dag.py:2585} INFO - Sync 1 DAGs
[2023-01-26T23:28:21.132+0000] {logging_mixin.py:120} INFO - [2023-01-26T23:28:21.132+0000] {dag.py:3340} INFO - Setting next_dagrun for example_task_group to 2023-01-25T23:28:21.132441+00:00, run_after=2023-01-26T23:28:21.132441+00:00
[2023-01-26T23:28:21.146+0000] {processor.py:176} INFO - Processing /home/airflow/.local/lib/python3.7/site-packages/airflow/example_dags/example_task_group.py took 0.070 seconds
[2023-01-26T23:28:51.444+0000] {processor.py:154} INFO - Started process (PID=985) to work on /home/airflow/.local/lib/python3.7/site-packages/airflow/example_dags/example_task_group.py
[2023-01-26T23:28:51.444+0000] {processor.py:756} INFO - Processing file /home/airflow/.local/lib/python3.7/site-packages/airflow/example_dags/example_task_group.py for tasks to queue
[2023-01-26T23:28:51.445+0000] {logging_mixin.py:120} INFO - [2023-01-26T23:28:51.444+0000] {dagbag.py:537} INFO - Filling up the DagBag from /home/airflow/.local/lib/python3.7/site-packages/airflow/example_dags/example_task_group.py
[2023-01-26T23:28:51.454+0000] {processor.py:766} INFO - DAG(s) dict_keys(['example_task_group']) retrieved from /home/airflow/.local/lib/python3.7/site-packages/airflow/example_dags/example_task_group.py
[2023-01-26T23:28:51.480+0000] {logging_mixin.py:120} INFO - [2023-01-26T23:28:51.480+0000] {dag.py:2585} INFO - Sync 1 DAGs
[2023-01-26T23:28:51.497+0000] {logging_mixin.py:120} INFO - [2023-01-26T23:28:51.497+0000] {dag.py:3340} INFO - Setting next_dagrun for example_task_group to 2023-01-25T23:28:51.497180+00:00, run_after=2023-01-26T23:28:51.497180+00:00
[2023-01-26T23:28:51.509+0000] {processor.py:176} INFO - Processing /home/airflow/.local/lib/python3.7/site-packages/airflow/example_dags/example_task_group.py took 0.068 seconds
[2023-01-26T23:29:21.805+0000] {processor.py:154} INFO - Started process (PID=1052) to work on /home/airflow/.local/lib/python3.7/site-packages/airflow/example_dags/example_task_group.py
[2023-01-26T23:29:21.806+0000] {processor.py:756} INFO - Processing file /home/airflow/.local/lib/python3.7/site-packages/airflow/example_dags/example_task_group.py for tasks to queue
[2023-01-26T23:29:21.806+0000] {logging_mixin.py:120} INFO - [2023-01-26T23:29:21.806+0000] {dagbag.py:537} INFO - Filling up the DagBag from /home/airflow/.local/lib/python3.7/site-packages/airflow/example_dags/example_task_group.py
[2023-01-26T23:29:21.816+0000] {processor.py:766} INFO - DAG(s) dict_keys(['example_task_group']) retrieved from /home/airflow/.local/lib/python3.7/site-packages/airflow/example_dags/example_task_group.py
[2023-01-26T23:29:21.842+0000] {logging_mixin.py:120} INFO - [2023-01-26T23:29:21.842+0000] {dag.py:2585} INFO - Sync 1 DAGs
[2023-01-26T23:29:21.858+0000] {logging_mixin.py:120} INFO - [2023-01-26T23:29:21.858+0000] {dag.py:3340} INFO - Setting next_dagrun for example_task_group to 2023-01-25T23:29:21.858367+00:00, run_after=2023-01-26T23:29:21.858367+00:00
[2023-01-26T23:29:21.872+0000] {processor.py:176} INFO - Processing /home/airflow/.local/lib/python3.7/site-packages/airflow/example_dags/example_task_group.py took 0.069 seconds
[2023-01-26T23:29:51.990+0000] {processor.py:154} INFO - Started process (PID=1118) to work on /home/airflow/.local/lib/python3.7/site-packages/airflow/example_dags/example_task_group.py
[2023-01-26T23:29:51.991+0000] {processor.py:756} INFO - Processing file /home/airflow/.local/lib/python3.7/site-packages/airflow/example_dags/example_task_group.py for tasks to queue
[2023-01-26T23:29:51.992+0000] {logging_mixin.py:120} INFO - [2023-01-26T23:29:51.992+0000] {dagbag.py:537} INFO - Filling up the DagBag from /home/airflow/.local/lib/python3.7/site-packages/airflow/example_dags/example_task_group.py
[2023-01-26T23:29:52.001+0000] {processor.py:766} INFO - DAG(s) dict_keys(['example_task_group']) retrieved from /home/airflow/.local/lib/python3.7/site-packages/airflow/example_dags/example_task_group.py
[2023-01-26T23:29:52.026+0000] {logging_mixin.py:120} INFO - [2023-01-26T23:29:52.026+0000] {dag.py:2585} INFO - Sync 1 DAGs
[2023-01-26T23:29:52.046+0000] {logging_mixin.py:120} INFO - [2023-01-26T23:29:52.046+0000] {dag.py:3340} INFO - Setting next_dagrun for example_task_group to 2023-01-25T23:29:52.046680+00:00, run_after=2023-01-26T23:29:52.046680+00:00
[2023-01-26T23:29:52.059+0000] {processor.py:176} INFO - Processing /home/airflow/.local/lib/python3.7/site-packages/airflow/example_dags/example_task_group.py took 0.071 seconds
[2023-01-26T23:30:22.118+0000] {processor.py:154} INFO - Started process (PID=1174) to work on /home/airflow/.local/lib/python3.7/site-packages/airflow/example_dags/example_task_group.py
[2023-01-26T23:30:22.118+0000] {processor.py:756} INFO - Processing file /home/airflow/.local/lib/python3.7/site-packages/airflow/example_dags/example_task_group.py for tasks to queue
[2023-01-26T23:30:22.119+0000] {logging_mixin.py:120} INFO - [2023-01-26T23:30:22.119+0000] {dagbag.py:537} INFO - Filling up the DagBag from /home/airflow/.local/lib/python3.7/site-packages/airflow/example_dags/example_task_group.py
[2023-01-26T23:30:22.130+0000] {processor.py:766} INFO - DAG(s) dict_keys(['example_task_group']) retrieved from /home/airflow/.local/lib/python3.7/site-packages/airflow/example_dags/example_task_group.py
[2023-01-26T23:30:22.157+0000] {logging_mixin.py:120} INFO - [2023-01-26T23:30:22.156+0000] {dag.py:2585} INFO - Sync 1 DAGs
[2023-01-26T23:30:22.173+0000] {logging_mixin.py:120} INFO - [2023-01-26T23:30:22.173+0000] {dag.py:3340} INFO - Setting next_dagrun for example_task_group to 2023-01-25T23:30:22.172861+00:00, run_after=2023-01-26T23:30:22.172861+00:00
[2023-01-26T23:30:22.185+0000] {processor.py:176} INFO - Processing /home/airflow/.local/lib/python3.7/site-packages/airflow/example_dags/example_task_group.py took 0.069 seconds
[2023-01-26T23:30:52.430+0000] {processor.py:154} INFO - Started process (PID=1241) to work on /home/airflow/.local/lib/python3.7/site-packages/airflow/example_dags/example_task_group.py
[2023-01-26T23:30:52.430+0000] {processor.py:756} INFO - Processing file /home/airflow/.local/lib/python3.7/site-packages/airflow/example_dags/example_task_group.py for tasks to queue
[2023-01-26T23:30:52.431+0000] {logging_mixin.py:120} INFO - [2023-01-26T23:30:52.430+0000] {dagbag.py:537} INFO - Filling up the DagBag from /home/airflow/.local/lib/python3.7/site-packages/airflow/example_dags/example_task_group.py
[2023-01-26T23:30:52.441+0000] {processor.py:766} INFO - DAG(s) dict_keys(['example_task_group']) retrieved from /home/airflow/.local/lib/python3.7/site-packages/airflow/example_dags/example_task_group.py
[2023-01-26T23:30:52.470+0000] {logging_mixin.py:120} INFO - [2023-01-26T23:30:52.470+0000] {dag.py:2585} INFO - Sync 1 DAGs
[2023-01-26T23:30:52.486+0000] {logging_mixin.py:120} INFO - [2023-01-26T23:30:52.485+0000] {dag.py:3340} INFO - Setting next_dagrun for example_task_group to 2023-01-25T23:30:52.485749+00:00, run_after=2023-01-26T23:30:52.485749+00:00
[2023-01-26T23:30:52.498+0000] {processor.py:176} INFO - Processing /home/airflow/.local/lib/python3.7/site-packages/airflow/example_dags/example_task_group.py took 0.070 seconds
[2023-01-26T23:31:22.758+0000] {processor.py:154} INFO - Started process (PID=1308) to work on /home/airflow/.local/lib/python3.7/site-packages/airflow/example_dags/example_task_group.py
[2023-01-26T23:31:22.758+0000] {processor.py:756} INFO - Processing file /home/airflow/.local/lib/python3.7/site-packages/airflow/example_dags/example_task_group.py for tasks to queue
[2023-01-26T23:31:22.758+0000] {logging_mixin.py:120} INFO - [2023-01-26T23:31:22.758+0000] {dagbag.py:537} INFO - Filling up the DagBag from /home/airflow/.local/lib/python3.7/site-packages/airflow/example_dags/example_task_group.py
[2023-01-26T23:31:22.772+0000] {processor.py:766} INFO - DAG(s) dict_keys(['example_task_group']) retrieved from /home/airflow/.local/lib/python3.7/site-packages/airflow/example_dags/example_task_group.py
[2023-01-26T23:31:22.801+0000] {logging_mixin.py:120} INFO - [2023-01-26T23:31:22.800+0000] {dag.py:2585} INFO - Sync 1 DAGs
[2023-01-26T23:31:22.820+0000] {logging_mixin.py:120} INFO - [2023-01-26T23:31:22.820+0000] {dag.py:3340} INFO - Setting next_dagrun for example_task_group to 2023-01-25T23:31:22.820269+00:00, run_after=2023-01-26T23:31:22.820269+00:00
[2023-01-26T23:31:22.837+0000] {processor.py:176} INFO - Processing /home/airflow/.local/lib/python3.7/site-packages/airflow/example_dags/example_task_group.py took 0.082 seconds
[2023-01-26T23:31:53.165+0000] {processor.py:154} INFO - Started process (PID=1376) to work on /home/airflow/.local/lib/python3.7/site-packages/airflow/example_dags/example_task_group.py
[2023-01-26T23:31:53.166+0000] {processor.py:756} INFO - Processing file /home/airflow/.local/lib/python3.7/site-packages/airflow/example_dags/example_task_group.py for tasks to queue
[2023-01-26T23:31:53.167+0000] {logging_mixin.py:120} INFO - [2023-01-26T23:31:53.167+0000] {dagbag.py:537} INFO - Filling up the DagBag from /home/airflow/.local/lib/python3.7/site-packages/airflow/example_dags/example_task_group.py
[2023-01-26T23:31:53.176+0000] {processor.py:766} INFO - DAG(s) dict_keys(['example_task_group']) retrieved from /home/airflow/.local/lib/python3.7/site-packages/airflow/example_dags/example_task_group.py
[2023-01-26T23:31:53.201+0000] {logging_mixin.py:120} INFO - [2023-01-26T23:31:53.201+0000] {dag.py:2585} INFO - Sync 1 DAGs
[2023-01-26T23:31:53.217+0000] {logging_mixin.py:120} INFO - [2023-01-26T23:31:53.217+0000] {dag.py:3340} INFO - Setting next_dagrun for example_task_group to 2023-01-25T23:31:53.217551+00:00, run_after=2023-01-26T23:31:53.217551+00:00
[2023-01-26T23:31:53.229+0000] {processor.py:176} INFO - Processing /home/airflow/.local/lib/python3.7/site-packages/airflow/example_dags/example_task_group.py took 0.065 seconds
[2023-01-26T23:32:23.555+0000] {processor.py:154} INFO - Started process (PID=1443) to work on /home/airflow/.local/lib/python3.7/site-packages/airflow/example_dags/example_task_group.py
[2023-01-26T23:32:23.556+0000] {processor.py:756} INFO - Processing file /home/airflow/.local/lib/python3.7/site-packages/airflow/example_dags/example_task_group.py for tasks to queue
[2023-01-26T23:32:23.557+0000] {logging_mixin.py:120} INFO - [2023-01-26T23:32:23.557+0000] {dagbag.py:537} INFO - Filling up the DagBag from /home/airflow/.local/lib/python3.7/site-packages/airflow/example_dags/example_task_group.py
[2023-01-26T23:32:23.567+0000] {processor.py:766} INFO - DAG(s) dict_keys(['example_task_group']) retrieved from /home/airflow/.local/lib/python3.7/site-packages/airflow/example_dags/example_task_group.py
[2023-01-26T23:32:23.594+0000] {logging_mixin.py:120} INFO - [2023-01-26T23:32:23.594+0000] {dag.py:2585} INFO - Sync 1 DAGs
[2023-01-26T23:32:23.610+0000] {logging_mixin.py:120} INFO - [2023-01-26T23:32:23.610+0000] {dag.py:3340} INFO - Setting next_dagrun for example_task_group to 2023-01-25T23:32:23.610538+00:00, run_after=2023-01-26T23:32:23.610538+00:00
[2023-01-26T23:32:23.623+0000] {processor.py:176} INFO - Processing /home/airflow/.local/lib/python3.7/site-packages/airflow/example_dags/example_task_group.py took 0.070 seconds
[2023-01-26T23:32:54.741+0000] {processor.py:154} INFO - Started process (PID=1501) to work on /home/airflow/.local/lib/python3.7/site-packages/airflow/example_dags/example_task_group.py
[2023-01-26T23:32:54.741+0000] {processor.py:756} INFO - Processing file /home/airflow/.local/lib/python3.7/site-packages/airflow/example_dags/example_task_group.py for tasks to queue
[2023-01-26T23:32:54.742+0000] {logging_mixin.py:120} INFO - [2023-01-26T23:32:54.742+0000] {dagbag.py:537} INFO - Filling up the DagBag from /home/airflow/.local/lib/python3.7/site-packages/airflow/example_dags/example_task_group.py
[2023-01-26T23:32:54.754+0000] {processor.py:766} INFO - DAG(s) dict_keys(['example_task_group']) retrieved from /home/airflow/.local/lib/python3.7/site-packages/airflow/example_dags/example_task_group.py
[2023-01-26T23:32:54.788+0000] {logging_mixin.py:120} INFO - [2023-01-26T23:32:54.787+0000] {dag.py:2585} INFO - Sync 1 DAGs
[2023-01-26T23:32:54.807+0000] {logging_mixin.py:120} INFO - [2023-01-26T23:32:54.807+0000] {dag.py:3340} INFO - Setting next_dagrun for example_task_group to 2023-01-25T23:32:54.807168+00:00, run_after=2023-01-26T23:32:54.807168+00:00
[2023-01-26T23:32:54.820+0000] {processor.py:176} INFO - Processing /home/airflow/.local/lib/python3.7/site-packages/airflow/example_dags/example_task_group.py took 0.081 seconds
[2023-01-26T23:33:25.037+0000] {processor.py:154} INFO - Started process (PID=1568) to work on /home/airflow/.local/lib/python3.7/site-packages/airflow/example_dags/example_task_group.py
[2023-01-26T23:33:25.038+0000] {processor.py:756} INFO - Processing file /home/airflow/.local/lib/python3.7/site-packages/airflow/example_dags/example_task_group.py for tasks to queue
[2023-01-26T23:33:25.038+0000] {logging_mixin.py:120} INFO - [2023-01-26T23:33:25.038+0000] {dagbag.py:537} INFO - Filling up the DagBag from /home/airflow/.local/lib/python3.7/site-packages/airflow/example_dags/example_task_group.py
[2023-01-26T23:33:25.048+0000] {processor.py:766} INFO - DAG(s) dict_keys(['example_task_group']) retrieved from /home/airflow/.local/lib/python3.7/site-packages/airflow/example_dags/example_task_group.py
[2023-01-26T23:33:25.072+0000] {logging_mixin.py:120} INFO - [2023-01-26T23:33:25.072+0000] {dag.py:2585} INFO - Sync 1 DAGs
[2023-01-26T23:33:25.089+0000] {logging_mixin.py:120} INFO - [2023-01-26T23:33:25.089+0000] {dag.py:3340} INFO - Setting next_dagrun for example_task_group to 2023-01-25T23:33:25.089307+00:00, run_after=2023-01-26T23:33:25.089307+00:00
[2023-01-26T23:33:25.101+0000] {processor.py:176} INFO - Processing /home/airflow/.local/lib/python3.7/site-packages/airflow/example_dags/example_task_group.py took 0.065 seconds
[2023-01-26T23:33:55.253+0000] {processor.py:154} INFO - Started process (PID=1635) to work on /home/airflow/.local/lib/python3.7/site-packages/airflow/example_dags/example_task_group.py
[2023-01-26T23:33:55.254+0000] {processor.py:756} INFO - Processing file /home/airflow/.local/lib/python3.7/site-packages/airflow/example_dags/example_task_group.py for tasks to queue
[2023-01-26T23:33:55.254+0000] {logging_mixin.py:120} INFO - [2023-01-26T23:33:55.254+0000] {dagbag.py:537} INFO - Filling up the DagBag from /home/airflow/.local/lib/python3.7/site-packages/airflow/example_dags/example_task_group.py
[2023-01-26T23:33:55.265+0000] {processor.py:766} INFO - DAG(s) dict_keys(['example_task_group']) retrieved from /home/airflow/.local/lib/python3.7/site-packages/airflow/example_dags/example_task_group.py
[2023-01-26T23:33:55.289+0000] {logging_mixin.py:120} INFO - [2023-01-26T23:33:55.289+0000] {dag.py:2585} INFO - Sync 1 DAGs
[2023-01-26T23:33:55.307+0000] {logging_mixin.py:120} INFO - [2023-01-26T23:33:55.306+0000] {dag.py:3340} INFO - Setting next_dagrun for example_task_group to 2023-01-25T23:33:55.306840+00:00, run_after=2023-01-26T23:33:55.306840+00:00
[2023-01-26T23:33:55.319+0000] {processor.py:176} INFO - Processing /home/airflow/.local/lib/python3.7/site-packages/airflow/example_dags/example_task_group.py took 0.068 seconds
[2023-01-26T23:34:25.491+0000] {processor.py:154} INFO - Started process (PID=1702) to work on /home/airflow/.local/lib/python3.7/site-packages/airflow/example_dags/example_task_group.py
[2023-01-26T23:34:25.492+0000] {processor.py:756} INFO - Processing file /home/airflow/.local/lib/python3.7/site-packages/airflow/example_dags/example_task_group.py for tasks to queue
[2023-01-26T23:34:25.492+0000] {logging_mixin.py:120} INFO - [2023-01-26T23:34:25.492+0000] {dagbag.py:537} INFO - Filling up the DagBag from /home/airflow/.local/lib/python3.7/site-packages/airflow/example_dags/example_task_group.py
[2023-01-26T23:34:25.502+0000] {processor.py:766} INFO - DAG(s) dict_keys(['example_task_group']) retrieved from /home/airflow/.local/lib/python3.7/site-packages/airflow/example_dags/example_task_group.py
[2023-01-26T23:34:25.531+0000] {logging_mixin.py:120} INFO - [2023-01-26T23:34:25.531+0000] {dag.py:2585} INFO - Sync 1 DAGs
[2023-01-26T23:34:25.551+0000] {logging_mixin.py:120} INFO - [2023-01-26T23:34:25.551+0000] {dag.py:3340} INFO - Setting next_dagrun for example_task_group to 2023-01-25T23:34:25.551509+00:00, run_after=2023-01-26T23:34:25.551509+00:00
[2023-01-26T23:34:25.564+0000] {processor.py:176} INFO - Processing /home/airflow/.local/lib/python3.7/site-packages/airflow/example_dags/example_task_group.py took 0.075 seconds
[2023-01-26T23:34:55.946+0000] {processor.py:154} INFO - Started process (PID=1770) to work on /home/airflow/.local/lib/python3.7/site-packages/airflow/example_dags/example_task_group.py
[2023-01-26T23:34:55.947+0000] {processor.py:756} INFO - Processing file /home/airflow/.local/lib/python3.7/site-packages/airflow/example_dags/example_task_group.py for tasks to queue
[2023-01-26T23:34:55.947+0000] {logging_mixin.py:120} INFO - [2023-01-26T23:34:55.947+0000] {dagbag.py:537} INFO - Filling up the DagBag from /home/airflow/.local/lib/python3.7/site-packages/airflow/example_dags/example_task_group.py
[2023-01-26T23:34:55.961+0000] {processor.py:766} INFO - DAG(s) dict_keys(['example_task_group']) retrieved from /home/airflow/.local/lib/python3.7/site-packages/airflow/example_dags/example_task_group.py
[2023-01-26T23:34:55.993+0000] {logging_mixin.py:120} INFO - [2023-01-26T23:34:55.993+0000] {dag.py:2585} INFO - Sync 1 DAGs
[2023-01-26T23:34:56.014+0000] {logging_mixin.py:120} INFO - [2023-01-26T23:34:56.014+0000] {dag.py:3340} INFO - Setting next_dagrun for example_task_group to 2023-01-25T23:34:56.014374+00:00, run_after=2023-01-26T23:34:56.014374+00:00
[2023-01-26T23:34:56.032+0000] {processor.py:176} INFO - Processing /home/airflow/.local/lib/python3.7/site-packages/airflow/example_dags/example_task_group.py took 0.087 seconds
[2023-01-26T23:35:27.067+0000] {processor.py:154} INFO - Started process (PID=1828) to work on /home/airflow/.local/lib/python3.7/site-packages/airflow/example_dags/example_task_group.py
[2023-01-26T23:35:27.067+0000] {processor.py:756} INFO - Processing file /home/airflow/.local/lib/python3.7/site-packages/airflow/example_dags/example_task_group.py for tasks to queue
[2023-01-26T23:35:27.068+0000] {logging_mixin.py:120} INFO - [2023-01-26T23:35:27.068+0000] {dagbag.py:537} INFO - Filling up the DagBag from /home/airflow/.local/lib/python3.7/site-packages/airflow/example_dags/example_task_group.py
[2023-01-26T23:35:27.079+0000] {processor.py:766} INFO - DAG(s) dict_keys(['example_task_group']) retrieved from /home/airflow/.local/lib/python3.7/site-packages/airflow/example_dags/example_task_group.py
[2023-01-26T23:35:27.105+0000] {logging_mixin.py:120} INFO - [2023-01-26T23:35:27.104+0000] {dag.py:2585} INFO - Sync 1 DAGs
[2023-01-26T23:35:27.121+0000] {logging_mixin.py:120} INFO - [2023-01-26T23:35:27.121+0000] {dag.py:3340} INFO - Setting next_dagrun for example_task_group to 2023-01-25T23:35:27.121733+00:00, run_after=2023-01-26T23:35:27.121733+00:00
[2023-01-26T23:35:27.135+0000] {processor.py:176} INFO - Processing /home/airflow/.local/lib/python3.7/site-packages/airflow/example_dags/example_task_group.py took 0.069 seconds
[2023-01-26T23:35:58.300+0000] {processor.py:154} INFO - Started process (PID=1894) to work on /home/airflow/.local/lib/python3.7/site-packages/airflow/example_dags/example_task_group.py
[2023-01-26T23:35:58.301+0000] {processor.py:756} INFO - Processing file /home/airflow/.local/lib/python3.7/site-packages/airflow/example_dags/example_task_group.py for tasks to queue
[2023-01-26T23:35:58.302+0000] {logging_mixin.py:120} INFO - [2023-01-26T23:35:58.302+0000] {dagbag.py:537} INFO - Filling up the DagBag from /home/airflow/.local/lib/python3.7/site-packages/airflow/example_dags/example_task_group.py
[2023-01-26T23:35:58.311+0000] {processor.py:766} INFO - DAG(s) dict_keys(['example_task_group']) retrieved from /home/airflow/.local/lib/python3.7/site-packages/airflow/example_dags/example_task_group.py
[2023-01-26T23:35:58.336+0000] {logging_mixin.py:120} INFO - [2023-01-26T23:35:58.336+0000] {dag.py:2585} INFO - Sync 1 DAGs
[2023-01-26T23:35:58.351+0000] {logging_mixin.py:120} INFO - [2023-01-26T23:35:58.351+0000] {dag.py:3340} INFO - Setting next_dagrun for example_task_group to 2023-01-25T23:35:58.351547+00:00, run_after=2023-01-26T23:35:58.351547+00:00
[2023-01-26T23:35:58.363+0000] {processor.py:176} INFO - Processing /home/airflow/.local/lib/python3.7/site-packages/airflow/example_dags/example_task_group.py took 0.065 seconds
[2023-01-26T23:36:29.355+0000] {processor.py:154} INFO - Started process (PID=1960) to work on /home/airflow/.local/lib/python3.7/site-packages/airflow/example_dags/example_task_group.py
[2023-01-26T23:36:29.356+0000] {processor.py:756} INFO - Processing file /home/airflow/.local/lib/python3.7/site-packages/airflow/example_dags/example_task_group.py for tasks to queue
[2023-01-26T23:36:29.356+0000] {logging_mixin.py:120} INFO - [2023-01-26T23:36:29.356+0000] {dagbag.py:537} INFO - Filling up the DagBag from /home/airflow/.local/lib/python3.7/site-packages/airflow/example_dags/example_task_group.py
[2023-01-26T23:36:29.366+0000] {processor.py:766} INFO - DAG(s) dict_keys(['example_task_group']) retrieved from /home/airflow/.local/lib/python3.7/site-packages/airflow/example_dags/example_task_group.py
[2023-01-26T23:36:29.391+0000] {logging_mixin.py:120} INFO - [2023-01-26T23:36:29.391+0000] {dag.py:2585} INFO - Sync 1 DAGs
[2023-01-26T23:36:29.407+0000] {logging_mixin.py:120} INFO - [2023-01-26T23:36:29.407+0000] {dag.py:3340} INFO - Setting next_dagrun for example_task_group to 2023-01-25T23:36:29.407616+00:00, run_after=2023-01-26T23:36:29.407616+00:00
[2023-01-26T23:36:29.420+0000] {processor.py:176} INFO - Processing /home/airflow/.local/lib/python3.7/site-packages/airflow/example_dags/example_task_group.py took 0.067 seconds
[2023-01-26T23:36:59.703+0000] {processor.py:154} INFO - Started process (PID=2027) to work on /home/airflow/.local/lib/python3.7/site-packages/airflow/example_dags/example_task_group.py
[2023-01-26T23:36:59.704+0000] {processor.py:756} INFO - Processing file /home/airflow/.local/lib/python3.7/site-packages/airflow/example_dags/example_task_group.py for tasks to queue
[2023-01-26T23:36:59.705+0000] {logging_mixin.py:120} INFO - [2023-01-26T23:36:59.705+0000] {dagbag.py:537} INFO - Filling up the DagBag from /home/airflow/.local/lib/python3.7/site-packages/airflow/example_dags/example_task_group.py
[2023-01-26T23:36:59.715+0000] {processor.py:766} INFO - DAG(s) dict_keys(['example_task_group']) retrieved from /home/airflow/.local/lib/python3.7/site-packages/airflow/example_dags/example_task_group.py
[2023-01-26T23:36:59.741+0000] {logging_mixin.py:120} INFO - [2023-01-26T23:36:59.741+0000] {dag.py:2585} INFO - Sync 1 DAGs
[2023-01-26T23:36:59.757+0000] {logging_mixin.py:120} INFO - [2023-01-26T23:36:59.757+0000] {dag.py:3340} INFO - Setting next_dagrun for example_task_group to 2023-01-25T23:36:59.757606+00:00, run_after=2023-01-26T23:36:59.757606+00:00
[2023-01-26T23:36:59.771+0000] {processor.py:176} INFO - Processing /home/airflow/.local/lib/python3.7/site-packages/airflow/example_dags/example_task_group.py took 0.069 seconds
[2023-01-26T23:37:29.946+0000] {processor.py:154} INFO - Started process (PID=2095) to work on /home/airflow/.local/lib/python3.7/site-packages/airflow/example_dags/example_task_group.py
[2023-01-26T23:37:29.947+0000] {processor.py:756} INFO - Processing file /home/airflow/.local/lib/python3.7/site-packages/airflow/example_dags/example_task_group.py for tasks to queue
[2023-01-26T23:37:29.947+0000] {logging_mixin.py:120} INFO - [2023-01-26T23:37:29.947+0000] {dagbag.py:537} INFO - Filling up the DagBag from /home/airflow/.local/lib/python3.7/site-packages/airflow/example_dags/example_task_group.py
[2023-01-26T23:37:29.958+0000] {processor.py:766} INFO - DAG(s) dict_keys(['example_task_group']) retrieved from /home/airflow/.local/lib/python3.7/site-packages/airflow/example_dags/example_task_group.py
[2023-01-26T23:37:29.982+0000] {logging_mixin.py:120} INFO - [2023-01-26T23:37:29.982+0000] {dag.py:2585} INFO - Sync 1 DAGs
[2023-01-26T23:37:30.000+0000] {logging_mixin.py:120} INFO - [2023-01-26T23:37:30.000+0000] {dag.py:3340} INFO - Setting next_dagrun for example_task_group to 2023-01-25T23:37:30.000046+00:00, run_after=2023-01-26T23:37:30.000046+00:00
[2023-01-26T23:37:30.013+0000] {processor.py:176} INFO - Processing /home/airflow/.local/lib/python3.7/site-packages/airflow/example_dags/example_task_group.py took 0.069 seconds
[2023-01-26T23:38:01.081+0000] {processor.py:154} INFO - Started process (PID=2154) to work on /home/airflow/.local/lib/python3.7/site-packages/airflow/example_dags/example_task_group.py
[2023-01-26T23:38:01.081+0000] {processor.py:756} INFO - Processing file /home/airflow/.local/lib/python3.7/site-packages/airflow/example_dags/example_task_group.py for tasks to queue
[2023-01-26T23:38:01.082+0000] {logging_mixin.py:120} INFO - [2023-01-26T23:38:01.082+0000] {dagbag.py:537} INFO - Filling up the DagBag from /home/airflow/.local/lib/python3.7/site-packages/airflow/example_dags/example_task_group.py
[2023-01-26T23:38:01.092+0000] {processor.py:766} INFO - DAG(s) dict_keys(['example_task_group']) retrieved from /home/airflow/.local/lib/python3.7/site-packages/airflow/example_dags/example_task_group.py
[2023-01-26T23:38:01.116+0000] {logging_mixin.py:120} INFO - [2023-01-26T23:38:01.116+0000] {dag.py:2585} INFO - Sync 1 DAGs
[2023-01-26T23:38:01.133+0000] {logging_mixin.py:120} INFO - [2023-01-26T23:38:01.133+0000] {dag.py:3340} INFO - Setting next_dagrun for example_task_group to 2023-01-25T23:38:01.133419+00:00, run_after=2023-01-26T23:38:01.133419+00:00
[2023-01-26T23:38:01.145+0000] {processor.py:176} INFO - Processing /home/airflow/.local/lib/python3.7/site-packages/airflow/example_dags/example_task_group.py took 0.066 seconds
[2023-01-26T23:38:31.457+0000] {processor.py:154} INFO - Started process (PID=2222) to work on /home/airflow/.local/lib/python3.7/site-packages/airflow/example_dags/example_task_group.py
[2023-01-26T23:38:31.458+0000] {processor.py:756} INFO - Processing file /home/airflow/.local/lib/python3.7/site-packages/airflow/example_dags/example_task_group.py for tasks to queue
[2023-01-26T23:38:31.458+0000] {logging_mixin.py:120} INFO - [2023-01-26T23:38:31.458+0000] {dagbag.py:537} INFO - Filling up the DagBag from /home/airflow/.local/lib/python3.7/site-packages/airflow/example_dags/example_task_group.py
[2023-01-26T23:38:31.469+0000] {processor.py:766} INFO - DAG(s) dict_keys(['example_task_group']) retrieved from /home/airflow/.local/lib/python3.7/site-packages/airflow/example_dags/example_task_group.py
[2023-01-26T23:38:31.495+0000] {logging_mixin.py:120} INFO - [2023-01-26T23:38:31.494+0000] {dag.py:2585} INFO - Sync 1 DAGs
[2023-01-26T23:38:31.512+0000] {logging_mixin.py:120} INFO - [2023-01-26T23:38:31.512+0000] {dag.py:3340} INFO - Setting next_dagrun for example_task_group to 2023-01-25T23:38:31.511869+00:00, run_after=2023-01-26T23:38:31.511869+00:00
[2023-01-26T23:38:31.524+0000] {processor.py:176} INFO - Processing /home/airflow/.local/lib/python3.7/site-packages/airflow/example_dags/example_task_group.py took 0.068 seconds
[2023-01-26T23:39:01.776+0000] {processor.py:154} INFO - Started process (PID=2290) to work on /home/airflow/.local/lib/python3.7/site-packages/airflow/example_dags/example_task_group.py
[2023-01-26T23:39:01.777+0000] {processor.py:756} INFO - Processing file /home/airflow/.local/lib/python3.7/site-packages/airflow/example_dags/example_task_group.py for tasks to queue
[2023-01-26T23:39:01.778+0000] {logging_mixin.py:120} INFO - [2023-01-26T23:39:01.778+0000] {dagbag.py:537} INFO - Filling up the DagBag from /home/airflow/.local/lib/python3.7/site-packages/airflow/example_dags/example_task_group.py
[2023-01-26T23:39:01.788+0000] {processor.py:766} INFO - DAG(s) dict_keys(['example_task_group']) retrieved from /home/airflow/.local/lib/python3.7/site-packages/airflow/example_dags/example_task_group.py
[2023-01-26T23:39:01.813+0000] {logging_mixin.py:120} INFO - [2023-01-26T23:39:01.812+0000] {dag.py:2585} INFO - Sync 1 DAGs
[2023-01-26T23:39:01.828+0000] {logging_mixin.py:120} INFO - [2023-01-26T23:39:01.828+0000] {dag.py:3340} INFO - Setting next_dagrun for example_task_group to 2023-01-25T23:39:01.828715+00:00, run_after=2023-01-26T23:39:01.828715+00:00
[2023-01-26T23:39:01.841+0000] {processor.py:176} INFO - Processing /home/airflow/.local/lib/python3.7/site-packages/airflow/example_dags/example_task_group.py took 0.067 seconds
[2023-01-26T23:39:32.187+0000] {processor.py:154} INFO - Started process (PID=2358) to work on /home/airflow/.local/lib/python3.7/site-packages/airflow/example_dags/example_task_group.py
[2023-01-26T23:39:32.188+0000] {processor.py:756} INFO - Processing file /home/airflow/.local/lib/python3.7/site-packages/airflow/example_dags/example_task_group.py for tasks to queue
[2023-01-26T23:39:32.188+0000] {logging_mixin.py:120} INFO - [2023-01-26T23:39:32.188+0000] {dagbag.py:537} INFO - Filling up the DagBag from /home/airflow/.local/lib/python3.7/site-packages/airflow/example_dags/example_task_group.py
[2023-01-26T23:39:32.198+0000] {processor.py:766} INFO - DAG(s) dict_keys(['example_task_group']) retrieved from /home/airflow/.local/lib/python3.7/site-packages/airflow/example_dags/example_task_group.py
[2023-01-26T23:39:32.223+0000] {logging_mixin.py:120} INFO - [2023-01-26T23:39:32.222+0000] {dag.py:2585} INFO - Sync 1 DAGs
[2023-01-26T23:39:32.239+0000] {logging_mixin.py:120} INFO - [2023-01-26T23:39:32.239+0000] {dag.py:3340} INFO - Setting next_dagrun for example_task_group to 2023-01-25T23:39:32.239646+00:00, run_after=2023-01-26T23:39:32.239646+00:00
[2023-01-26T23:39:32.253+0000] {processor.py:176} INFO - Processing /home/airflow/.local/lib/python3.7/site-packages/airflow/example_dags/example_task_group.py took 0.068 seconds
[2023-01-26T23:40:03.319+0000] {processor.py:154} INFO - Started process (PID=2426) to work on /home/airflow/.local/lib/python3.7/site-packages/airflow/example_dags/example_task_group.py
[2023-01-26T23:40:03.319+0000] {processor.py:756} INFO - Processing file /home/airflow/.local/lib/python3.7/site-packages/airflow/example_dags/example_task_group.py for tasks to queue
[2023-01-26T23:40:03.320+0000] {logging_mixin.py:120} INFO - [2023-01-26T23:40:03.319+0000] {dagbag.py:537} INFO - Filling up the DagBag from /home/airflow/.local/lib/python3.7/site-packages/airflow/example_dags/example_task_group.py
[2023-01-26T23:40:03.329+0000] {processor.py:766} INFO - DAG(s) dict_keys(['example_task_group']) retrieved from /home/airflow/.local/lib/python3.7/site-packages/airflow/example_dags/example_task_group.py
[2023-01-26T23:40:03.354+0000] {logging_mixin.py:120} INFO - [2023-01-26T23:40:03.354+0000] {dag.py:2585} INFO - Sync 1 DAGs
[2023-01-26T23:40:03.369+0000] {logging_mixin.py:120} INFO - [2023-01-26T23:40:03.369+0000] {dag.py:3340} INFO - Setting next_dagrun for example_task_group to 2023-01-25T23:40:03.369232+00:00, run_after=2023-01-26T23:40:03.369232+00:00
[2023-01-26T23:40:03.381+0000] {processor.py:176} INFO - Processing /home/airflow/.local/lib/python3.7/site-packages/airflow/example_dags/example_task_group.py took 0.064 seconds
[2023-01-26T23:40:34.482+0000] {processor.py:154} INFO - Started process (PID=2494) to work on /home/airflow/.local/lib/python3.7/site-packages/airflow/example_dags/example_task_group.py
[2023-01-26T23:40:34.483+0000] {processor.py:756} INFO - Processing file /home/airflow/.local/lib/python3.7/site-packages/airflow/example_dags/example_task_group.py for tasks to queue
[2023-01-26T23:40:34.483+0000] {logging_mixin.py:120} INFO - [2023-01-26T23:40:34.483+0000] {dagbag.py:537} INFO - Filling up the DagBag from /home/airflow/.local/lib/python3.7/site-packages/airflow/example_dags/example_task_group.py
[2023-01-26T23:40:34.493+0000] {processor.py:766} INFO - DAG(s) dict_keys(['example_task_group']) retrieved from /home/airflow/.local/lib/python3.7/site-packages/airflow/example_dags/example_task_group.py
[2023-01-26T23:40:34.521+0000] {logging_mixin.py:120} INFO - [2023-01-26T23:40:34.520+0000] {dag.py:2585} INFO - Sync 1 DAGs
[2023-01-26T23:40:34.537+0000] {logging_mixin.py:120} INFO - [2023-01-26T23:40:34.537+0000] {dag.py:3340} INFO - Setting next_dagrun for example_task_group to 2023-01-25T23:40:34.537069+00:00, run_after=2023-01-26T23:40:34.537069+00:00
[2023-01-26T23:40:34.549+0000] {processor.py:176} INFO - Processing /home/airflow/.local/lib/python3.7/site-packages/airflow/example_dags/example_task_group.py took 0.069 seconds
[2023-01-26T23:41:05.651+0000] {processor.py:154} INFO - Started process (PID=2553) to work on /home/airflow/.local/lib/python3.7/site-packages/airflow/example_dags/example_task_group.py
[2023-01-26T23:41:05.651+0000] {processor.py:756} INFO - Processing file /home/airflow/.local/lib/python3.7/site-packages/airflow/example_dags/example_task_group.py for tasks to queue
[2023-01-26T23:41:05.652+0000] {logging_mixin.py:120} INFO - [2023-01-26T23:41:05.651+0000] {dagbag.py:537} INFO - Filling up the DagBag from /home/airflow/.local/lib/python3.7/site-packages/airflow/example_dags/example_task_group.py
[2023-01-26T23:41:05.665+0000] {processor.py:766} INFO - DAG(s) dict_keys(['example_task_group']) retrieved from /home/airflow/.local/lib/python3.7/site-packages/airflow/example_dags/example_task_group.py
[2023-01-26T23:41:05.703+0000] {logging_mixin.py:120} INFO - [2023-01-26T23:41:05.703+0000] {dag.py:2585} INFO - Sync 1 DAGs
[2023-01-26T23:41:05.736+0000] {logging_mixin.py:120} INFO - [2023-01-26T23:41:05.736+0000] {dag.py:3340} INFO - Setting next_dagrun for example_task_group to 2023-01-25T23:41:05.736488+00:00, run_after=2023-01-26T23:41:05.736488+00:00
[2023-01-26T23:41:05.755+0000] {processor.py:176} INFO - Processing /home/airflow/.local/lib/python3.7/site-packages/airflow/example_dags/example_task_group.py took 0.106 seconds
[2023-01-26T23:41:36.613+0000] {processor.py:154} INFO - Started process (PID=2621) to work on /home/airflow/.local/lib/python3.7/site-packages/airflow/example_dags/example_task_group.py
[2023-01-26T23:41:36.614+0000] {processor.py:756} INFO - Processing file /home/airflow/.local/lib/python3.7/site-packages/airflow/example_dags/example_task_group.py for tasks to queue
[2023-01-26T23:41:36.614+0000] {logging_mixin.py:120} INFO - [2023-01-26T23:41:36.614+0000] {dagbag.py:537} INFO - Filling up the DagBag from /home/airflow/.local/lib/python3.7/site-packages/airflow/example_dags/example_task_group.py
[2023-01-26T23:41:36.624+0000] {processor.py:766} INFO - DAG(s) dict_keys(['example_task_group']) retrieved from /home/airflow/.local/lib/python3.7/site-packages/airflow/example_dags/example_task_group.py
[2023-01-26T23:41:36.639+0000] {logging_mixin.py:120} INFO - [2023-01-26T23:41:36.639+0000] {dag.py:2585} INFO - Sync 1 DAGs
[2023-01-26T23:41:36.657+0000] {logging_mixin.py:120} INFO - [2023-01-26T23:41:36.657+0000] {dag.py:3340} INFO - Setting next_dagrun for example_task_group to 2023-01-25T23:41:36.656998+00:00, run_after=2023-01-26T23:41:36.656998+00:00
[2023-01-26T23:41:36.669+0000] {processor.py:176} INFO - Processing /home/airflow/.local/lib/python3.7/site-packages/airflow/example_dags/example_task_group.py took 0.058 seconds
[2023-01-26T23:42:06.877+0000] {processor.py:154} INFO - Started process (PID=2689) to work on /home/airflow/.local/lib/python3.7/site-packages/airflow/example_dags/example_task_group.py
[2023-01-26T23:42:06.878+0000] {processor.py:756} INFO - Processing file /home/airflow/.local/lib/python3.7/site-packages/airflow/example_dags/example_task_group.py for tasks to queue
[2023-01-26T23:42:06.878+0000] {logging_mixin.py:120} INFO - [2023-01-26T23:42:06.878+0000] {dagbag.py:537} INFO - Filling up the DagBag from /home/airflow/.local/lib/python3.7/site-packages/airflow/example_dags/example_task_group.py
[2023-01-26T23:42:06.888+0000] {processor.py:766} INFO - DAG(s) dict_keys(['example_task_group']) retrieved from /home/airflow/.local/lib/python3.7/site-packages/airflow/example_dags/example_task_group.py
[2023-01-26T23:42:06.912+0000] {logging_mixin.py:120} INFO - [2023-01-26T23:42:06.912+0000] {dag.py:2585} INFO - Sync 1 DAGs
[2023-01-26T23:42:06.930+0000] {logging_mixin.py:120} INFO - [2023-01-26T23:42:06.930+0000] {dag.py:3340} INFO - Setting next_dagrun for example_task_group to 2023-01-25T23:42:06.930381+00:00, run_after=2023-01-26T23:42:06.930381+00:00
[2023-01-26T23:42:06.943+0000] {processor.py:176} INFO - Processing /home/airflow/.local/lib/python3.7/site-packages/airflow/example_dags/example_task_group.py took 0.067 seconds
[2023-01-26T23:42:37.124+0000] {processor.py:154} INFO - Started process (PID=2757) to work on /home/airflow/.local/lib/python3.7/site-packages/airflow/example_dags/example_task_group.py
[2023-01-26T23:42:37.125+0000] {processor.py:756} INFO - Processing file /home/airflow/.local/lib/python3.7/site-packages/airflow/example_dags/example_task_group.py for tasks to queue
[2023-01-26T23:42:37.126+0000] {logging_mixin.py:120} INFO - [2023-01-26T23:42:37.126+0000] {dagbag.py:537} INFO - Filling up the DagBag from /home/airflow/.local/lib/python3.7/site-packages/airflow/example_dags/example_task_group.py
[2023-01-26T23:42:37.136+0000] {processor.py:766} INFO - DAG(s) dict_keys(['example_task_group']) retrieved from /home/airflow/.local/lib/python3.7/site-packages/airflow/example_dags/example_task_group.py
[2023-01-26T23:42:37.160+0000] {logging_mixin.py:120} INFO - [2023-01-26T23:42:37.160+0000] {dag.py:2585} INFO - Sync 1 DAGs
[2023-01-26T23:42:37.176+0000] {logging_mixin.py:120} INFO - [2023-01-26T23:42:37.176+0000] {dag.py:3340} INFO - Setting next_dagrun for example_task_group to 2023-01-25T23:42:37.176290+00:00, run_after=2023-01-26T23:42:37.176290+00:00
[2023-01-26T23:42:37.188+0000] {processor.py:176} INFO - Processing /home/airflow/.local/lib/python3.7/site-packages/airflow/example_dags/example_task_group.py took 0.065 seconds
[2023-01-26T23:43:07.485+0000] {processor.py:154} INFO - Started process (PID=2824) to work on /home/airflow/.local/lib/python3.7/site-packages/airflow/example_dags/example_task_group.py
[2023-01-26T23:43:07.486+0000] {processor.py:756} INFO - Processing file /home/airflow/.local/lib/python3.7/site-packages/airflow/example_dags/example_task_group.py for tasks to queue
[2023-01-26T23:43:07.487+0000] {logging_mixin.py:120} INFO - [2023-01-26T23:43:07.487+0000] {dagbag.py:537} INFO - Filling up the DagBag from /home/airflow/.local/lib/python3.7/site-packages/airflow/example_dags/example_task_group.py
[2023-01-26T23:43:07.501+0000] {processor.py:766} INFO - DAG(s) dict_keys(['example_task_group']) retrieved from /home/airflow/.local/lib/python3.7/site-packages/airflow/example_dags/example_task_group.py
[2023-01-26T23:43:07.533+0000] {logging_mixin.py:120} INFO - [2023-01-26T23:43:07.532+0000] {dag.py:2585} INFO - Sync 1 DAGs
[2023-01-26T23:43:07.555+0000] {logging_mixin.py:120} INFO - [2023-01-26T23:43:07.555+0000] {dag.py:3340} INFO - Setting next_dagrun for example_task_group to 2023-01-25T23:43:07.555276+00:00, run_after=2023-01-26T23:43:07.555276+00:00
[2023-01-26T23:43:07.573+0000] {processor.py:176} INFO - Processing /home/airflow/.local/lib/python3.7/site-packages/airflow/example_dags/example_task_group.py took 0.090 seconds
[2023-01-26T23:43:37.706+0000] {processor.py:154} INFO - Started process (PID=2883) to work on /home/airflow/.local/lib/python3.7/site-packages/airflow/example_dags/example_task_group.py
[2023-01-26T23:43:37.707+0000] {processor.py:756} INFO - Processing file /home/airflow/.local/lib/python3.7/site-packages/airflow/example_dags/example_task_group.py for tasks to queue
[2023-01-26T23:43:37.707+0000] {logging_mixin.py:120} INFO - [2023-01-26T23:43:37.707+0000] {dagbag.py:537} INFO - Filling up the DagBag from /home/airflow/.local/lib/python3.7/site-packages/airflow/example_dags/example_task_group.py
[2023-01-26T23:43:37.717+0000] {processor.py:766} INFO - DAG(s) dict_keys(['example_task_group']) retrieved from /home/airflow/.local/lib/python3.7/site-packages/airflow/example_dags/example_task_group.py
[2023-01-26T23:43:37.743+0000] {logging_mixin.py:120} INFO - [2023-01-26T23:43:37.743+0000] {dag.py:2585} INFO - Sync 1 DAGs
[2023-01-26T23:43:37.759+0000] {logging_mixin.py:120} INFO - [2023-01-26T23:43:37.758+0000] {dag.py:3340} INFO - Setting next_dagrun for example_task_group to 2023-01-25T23:43:37.758855+00:00, run_after=2023-01-26T23:43:37.758855+00:00
[2023-01-26T23:43:37.772+0000] {processor.py:176} INFO - Processing /home/airflow/.local/lib/python3.7/site-packages/airflow/example_dags/example_task_group.py took 0.067 seconds
[2023-01-26T23:44:08.818+0000] {processor.py:154} INFO - Started process (PID=2951) to work on /home/airflow/.local/lib/python3.7/site-packages/airflow/example_dags/example_task_group.py
[2023-01-26T23:44:08.818+0000] {processor.py:756} INFO - Processing file /home/airflow/.local/lib/python3.7/site-packages/airflow/example_dags/example_task_group.py for tasks to queue
[2023-01-26T23:44:08.819+0000] {logging_mixin.py:120} INFO - [2023-01-26T23:44:08.819+0000] {dagbag.py:537} INFO - Filling up the DagBag from /home/airflow/.local/lib/python3.7/site-packages/airflow/example_dags/example_task_group.py
[2023-01-26T23:44:08.828+0000] {processor.py:766} INFO - DAG(s) dict_keys(['example_task_group']) retrieved from /home/airflow/.local/lib/python3.7/site-packages/airflow/example_dags/example_task_group.py
[2023-01-26T23:44:08.857+0000] {logging_mixin.py:120} INFO - [2023-01-26T23:44:08.857+0000] {dag.py:2585} INFO - Sync 1 DAGs
[2023-01-26T23:44:08.875+0000] {logging_mixin.py:120} INFO - [2023-01-26T23:44:08.875+0000] {dag.py:3340} INFO - Setting next_dagrun for example_task_group to 2023-01-25T23:44:08.875264+00:00, run_after=2023-01-26T23:44:08.875264+00:00
[2023-01-26T23:44:08.888+0000] {processor.py:176} INFO - Processing /home/airflow/.local/lib/python3.7/site-packages/airflow/example_dags/example_task_group.py took 0.072 seconds
[2023-01-26T23:45:55.086+0000] {processor.py:154} INFO - Started process (PID=62) to work on /home/airflow/.local/lib/python3.7/site-packages/airflow/example_dags/example_task_group.py
[2023-01-26T23:45:55.088+0000] {processor.py:756} INFO - Processing file /home/airflow/.local/lib/python3.7/site-packages/airflow/example_dags/example_task_group.py for tasks to queue
[2023-01-26T23:45:55.088+0000] {logging_mixin.py:120} INFO - [2023-01-26T23:45:55.088+0000] {dagbag.py:537} INFO - Filling up the DagBag from /home/airflow/.local/lib/python3.7/site-packages/airflow/example_dags/example_task_group.py
[2023-01-26T23:45:55.110+0000] {processor.py:766} INFO - DAG(s) dict_keys(['example_task_group']) retrieved from /home/airflow/.local/lib/python3.7/site-packages/airflow/example_dags/example_task_group.py
[2023-01-26T23:45:55.144+0000] {logging_mixin.py:120} INFO - [2023-01-26T23:45:55.143+0000] {dag.py:2585} INFO - Sync 1 DAGs
[2023-01-26T23:45:55.187+0000] {logging_mixin.py:120} INFO - [2023-01-26T23:45:55.187+0000] {dag.py:3340} INFO - Setting next_dagrun for example_task_group to 2023-01-25T23:45:55.186875+00:00, run_after=2023-01-26T23:45:55.186875+00:00
[2023-01-26T23:45:55.214+0000] {processor.py:176} INFO - Processing /home/airflow/.local/lib/python3.7/site-packages/airflow/example_dags/example_task_group.py took 0.132 seconds
[2023-01-26T23:46:26.045+0000] {processor.py:154} INFO - Started process (PID=130) to work on /home/airflow/.local/lib/python3.7/site-packages/airflow/example_dags/example_task_group.py
[2023-01-26T23:46:26.046+0000] {processor.py:756} INFO - Processing file /home/airflow/.local/lib/python3.7/site-packages/airflow/example_dags/example_task_group.py for tasks to queue
[2023-01-26T23:46:26.046+0000] {logging_mixin.py:120} INFO - [2023-01-26T23:46:26.046+0000] {dagbag.py:537} INFO - Filling up the DagBag from /home/airflow/.local/lib/python3.7/site-packages/airflow/example_dags/example_task_group.py
[2023-01-26T23:46:26.057+0000] {processor.py:766} INFO - DAG(s) dict_keys(['example_task_group']) retrieved from /home/airflow/.local/lib/python3.7/site-packages/airflow/example_dags/example_task_group.py
[2023-01-26T23:46:26.082+0000] {logging_mixin.py:120} INFO - [2023-01-26T23:46:26.082+0000] {dag.py:2585} INFO - Sync 1 DAGs
[2023-01-26T23:46:26.099+0000] {logging_mixin.py:120} INFO - [2023-01-26T23:46:26.099+0000] {dag.py:3340} INFO - Setting next_dagrun for example_task_group to 2023-01-25T23:46:26.098940+00:00, run_after=2023-01-26T23:46:26.098940+00:00
[2023-01-26T23:46:26.112+0000] {processor.py:176} INFO - Processing /home/airflow/.local/lib/python3.7/site-packages/airflow/example_dags/example_task_group.py took 0.068 seconds
[2023-01-26T23:46:56.643+0000] {processor.py:154} INFO - Started process (PID=199) to work on /home/airflow/.local/lib/python3.7/site-packages/airflow/example_dags/example_task_group.py
[2023-01-26T23:46:56.644+0000] {processor.py:756} INFO - Processing file /home/airflow/.local/lib/python3.7/site-packages/airflow/example_dags/example_task_group.py for tasks to queue
[2023-01-26T23:46:56.644+0000] {logging_mixin.py:120} INFO - [2023-01-26T23:46:56.644+0000] {dagbag.py:537} INFO - Filling up the DagBag from /home/airflow/.local/lib/python3.7/site-packages/airflow/example_dags/example_task_group.py
[2023-01-26T23:46:56.654+0000] {processor.py:766} INFO - DAG(s) dict_keys(['example_task_group']) retrieved from /home/airflow/.local/lib/python3.7/site-packages/airflow/example_dags/example_task_group.py
[2023-01-26T23:46:56.679+0000] {logging_mixin.py:120} INFO - [2023-01-26T23:46:56.679+0000] {dag.py:2585} INFO - Sync 1 DAGs
[2023-01-26T23:46:56.695+0000] {logging_mixin.py:120} INFO - [2023-01-26T23:46:56.694+0000] {dag.py:3340} INFO - Setting next_dagrun for example_task_group to 2023-01-25T23:46:56.694774+00:00, run_after=2023-01-26T23:46:56.694774+00:00
[2023-01-26T23:46:56.708+0000] {processor.py:176} INFO - Processing /home/airflow/.local/lib/python3.7/site-packages/airflow/example_dags/example_task_group.py took 0.067 seconds
[2023-01-26T23:47:26.924+0000] {processor.py:154} INFO - Started process (PID=267) to work on /home/airflow/.local/lib/python3.7/site-packages/airflow/example_dags/example_task_group.py
[2023-01-26T23:47:26.925+0000] {processor.py:756} INFO - Processing file /home/airflow/.local/lib/python3.7/site-packages/airflow/example_dags/example_task_group.py for tasks to queue
[2023-01-26T23:47:26.925+0000] {logging_mixin.py:120} INFO - [2023-01-26T23:47:26.925+0000] {dagbag.py:537} INFO - Filling up the DagBag from /home/airflow/.local/lib/python3.7/site-packages/airflow/example_dags/example_task_group.py
[2023-01-26T23:47:26.936+0000] {processor.py:766} INFO - DAG(s) dict_keys(['example_task_group']) retrieved from /home/airflow/.local/lib/python3.7/site-packages/airflow/example_dags/example_task_group.py
[2023-01-26T23:47:26.961+0000] {logging_mixin.py:120} INFO - [2023-01-26T23:47:26.961+0000] {dag.py:2585} INFO - Sync 1 DAGs
[2023-01-26T23:47:26.978+0000] {logging_mixin.py:120} INFO - [2023-01-26T23:47:26.978+0000] {dag.py:3340} INFO - Setting next_dagrun for example_task_group to 2023-01-25T23:47:26.978095+00:00, run_after=2023-01-26T23:47:26.978095+00:00
[2023-01-26T23:47:26.992+0000] {processor.py:176} INFO - Processing /home/airflow/.local/lib/python3.7/site-packages/airflow/example_dags/example_task_group.py took 0.070 seconds
[2023-01-26T23:47:57.296+0000] {processor.py:154} INFO - Started process (PID=326) to work on /home/airflow/.local/lib/python3.7/site-packages/airflow/example_dags/example_task_group.py
[2023-01-26T23:47:57.297+0000] {processor.py:756} INFO - Processing file /home/airflow/.local/lib/python3.7/site-packages/airflow/example_dags/example_task_group.py for tasks to queue
[2023-01-26T23:47:57.297+0000] {logging_mixin.py:120} INFO - [2023-01-26T23:47:57.297+0000] {dagbag.py:537} INFO - Filling up the DagBag from /home/airflow/.local/lib/python3.7/site-packages/airflow/example_dags/example_task_group.py
[2023-01-26T23:47:57.307+0000] {processor.py:766} INFO - DAG(s) dict_keys(['example_task_group']) retrieved from /home/airflow/.local/lib/python3.7/site-packages/airflow/example_dags/example_task_group.py
[2023-01-26T23:47:57.336+0000] {logging_mixin.py:120} INFO - [2023-01-26T23:47:57.335+0000] {dag.py:2585} INFO - Sync 1 DAGs
[2023-01-26T23:47:57.355+0000] {logging_mixin.py:120} INFO - [2023-01-26T23:47:57.354+0000] {dag.py:3340} INFO - Setting next_dagrun for example_task_group to 2023-01-25T23:47:57.354770+00:00, run_after=2023-01-26T23:47:57.354770+00:00
[2023-01-26T23:47:57.366+0000] {processor.py:176} INFO - Processing /home/airflow/.local/lib/python3.7/site-packages/airflow/example_dags/example_task_group.py took 0.072 seconds
[2023-01-26T23:48:27.493+0000] {processor.py:154} INFO - Started process (PID=394) to work on /home/airflow/.local/lib/python3.7/site-packages/airflow/example_dags/example_task_group.py
[2023-01-26T23:48:27.494+0000] {processor.py:756} INFO - Processing file /home/airflow/.local/lib/python3.7/site-packages/airflow/example_dags/example_task_group.py for tasks to queue
[2023-01-26T23:48:27.494+0000] {logging_mixin.py:120} INFO - [2023-01-26T23:48:27.494+0000] {dagbag.py:537} INFO - Filling up the DagBag from /home/airflow/.local/lib/python3.7/site-packages/airflow/example_dags/example_task_group.py
[2023-01-26T23:48:27.504+0000] {processor.py:766} INFO - DAG(s) dict_keys(['example_task_group']) retrieved from /home/airflow/.local/lib/python3.7/site-packages/airflow/example_dags/example_task_group.py
[2023-01-26T23:48:27.530+0000] {logging_mixin.py:120} INFO - [2023-01-26T23:48:27.530+0000] {dag.py:2585} INFO - Sync 1 DAGs
[2023-01-26T23:48:27.548+0000] {logging_mixin.py:120} INFO - [2023-01-26T23:48:27.548+0000] {dag.py:3340} INFO - Setting next_dagrun for example_task_group to 2023-01-25T23:48:27.548463+00:00, run_after=2023-01-26T23:48:27.548463+00:00
[2023-01-26T23:48:27.561+0000] {processor.py:176} INFO - Processing /home/airflow/.local/lib/python3.7/site-packages/airflow/example_dags/example_task_group.py took 0.070 seconds
[2023-01-26T23:48:57.869+0000] {processor.py:154} INFO - Started process (PID=463) to work on /home/airflow/.local/lib/python3.7/site-packages/airflow/example_dags/example_task_group.py
[2023-01-26T23:48:57.870+0000] {processor.py:756} INFO - Processing file /home/airflow/.local/lib/python3.7/site-packages/airflow/example_dags/example_task_group.py for tasks to queue
[2023-01-26T23:48:57.870+0000] {logging_mixin.py:120} INFO - [2023-01-26T23:48:57.870+0000] {dagbag.py:537} INFO - Filling up the DagBag from /home/airflow/.local/lib/python3.7/site-packages/airflow/example_dags/example_task_group.py
[2023-01-26T23:48:57.879+0000] {processor.py:766} INFO - DAG(s) dict_keys(['example_task_group']) retrieved from /home/airflow/.local/lib/python3.7/site-packages/airflow/example_dags/example_task_group.py
[2023-01-26T23:48:57.904+0000] {logging_mixin.py:120} INFO - [2023-01-26T23:48:57.904+0000] {dag.py:2585} INFO - Sync 1 DAGs
[2023-01-26T23:48:57.921+0000] {logging_mixin.py:120} INFO - [2023-01-26T23:48:57.921+0000] {dag.py:3340} INFO - Setting next_dagrun for example_task_group to 2023-01-25T23:48:57.921680+00:00, run_after=2023-01-26T23:48:57.921680+00:00
[2023-01-26T23:48:57.934+0000] {processor.py:176} INFO - Processing /home/airflow/.local/lib/python3.7/site-packages/airflow/example_dags/example_task_group.py took 0.067 seconds
[2023-01-26T23:49:28.275+0000] {processor.py:154} INFO - Started process (PID=530) to work on /home/airflow/.local/lib/python3.7/site-packages/airflow/example_dags/example_task_group.py
[2023-01-26T23:49:28.275+0000] {processor.py:756} INFO - Processing file /home/airflow/.local/lib/python3.7/site-packages/airflow/example_dags/example_task_group.py for tasks to queue
[2023-01-26T23:49:28.276+0000] {logging_mixin.py:120} INFO - [2023-01-26T23:49:28.276+0000] {dagbag.py:537} INFO - Filling up the DagBag from /home/airflow/.local/lib/python3.7/site-packages/airflow/example_dags/example_task_group.py
[2023-01-26T23:49:28.285+0000] {processor.py:766} INFO - DAG(s) dict_keys(['example_task_group']) retrieved from /home/airflow/.local/lib/python3.7/site-packages/airflow/example_dags/example_task_group.py
[2023-01-26T23:49:28.310+0000] {logging_mixin.py:120} INFO - [2023-01-26T23:49:28.310+0000] {dag.py:2585} INFO - Sync 1 DAGs
[2023-01-26T23:49:28.326+0000] {logging_mixin.py:120} INFO - [2023-01-26T23:49:28.326+0000] {dag.py:3340} INFO - Setting next_dagrun for example_task_group to 2023-01-25T23:49:28.326027+00:00, run_after=2023-01-26T23:49:28.326027+00:00
[2023-01-26T23:49:28.339+0000] {processor.py:176} INFO - Processing /home/airflow/.local/lib/python3.7/site-packages/airflow/example_dags/example_task_group.py took 0.066 seconds
[2023-01-26T23:49:58.639+0000] {processor.py:154} INFO - Started process (PID=588) to work on /home/airflow/.local/lib/python3.7/site-packages/airflow/example_dags/example_task_group.py
[2023-01-26T23:49:58.641+0000] {processor.py:756} INFO - Processing file /home/airflow/.local/lib/python3.7/site-packages/airflow/example_dags/example_task_group.py for tasks to queue
[2023-01-26T23:49:58.641+0000] {logging_mixin.py:120} INFO - [2023-01-26T23:49:58.641+0000] {dagbag.py:537} INFO - Filling up the DagBag from /home/airflow/.local/lib/python3.7/site-packages/airflow/example_dags/example_task_group.py
[2023-01-26T23:49:58.650+0000] {processor.py:766} INFO - DAG(s) dict_keys(['example_task_group']) retrieved from /home/airflow/.local/lib/python3.7/site-packages/airflow/example_dags/example_task_group.py
[2023-01-26T23:49:58.676+0000] {logging_mixin.py:120} INFO - [2023-01-26T23:49:58.675+0000] {dag.py:2585} INFO - Sync 1 DAGs
[2023-01-26T23:49:58.694+0000] {logging_mixin.py:120} INFO - [2023-01-26T23:49:58.694+0000] {dag.py:3340} INFO - Setting next_dagrun for example_task_group to 2023-01-25T23:49:58.694102+00:00, run_after=2023-01-26T23:49:58.694102+00:00
[2023-01-26T23:49:58.705+0000] {processor.py:176} INFO - Processing /home/airflow/.local/lib/python3.7/site-packages/airflow/example_dags/example_task_group.py took 0.067 seconds
[2023-01-26T23:50:29.836+0000] {processor.py:154} INFO - Started process (PID=656) to work on /home/airflow/.local/lib/python3.7/site-packages/airflow/example_dags/example_task_group.py
[2023-01-26T23:50:29.837+0000] {processor.py:756} INFO - Processing file /home/airflow/.local/lib/python3.7/site-packages/airflow/example_dags/example_task_group.py for tasks to queue
[2023-01-26T23:50:29.838+0000] {logging_mixin.py:120} INFO - [2023-01-26T23:50:29.838+0000] {dagbag.py:537} INFO - Filling up the DagBag from /home/airflow/.local/lib/python3.7/site-packages/airflow/example_dags/example_task_group.py
[2023-01-26T23:50:29.848+0000] {processor.py:766} INFO - DAG(s) dict_keys(['example_task_group']) retrieved from /home/airflow/.local/lib/python3.7/site-packages/airflow/example_dags/example_task_group.py
[2023-01-26T23:50:29.876+0000] {logging_mixin.py:120} INFO - [2023-01-26T23:50:29.876+0000] {dag.py:2585} INFO - Sync 1 DAGs
[2023-01-26T23:50:29.894+0000] {logging_mixin.py:120} INFO - [2023-01-26T23:50:29.894+0000] {dag.py:3340} INFO - Setting next_dagrun for example_task_group to 2023-01-25T23:50:29.894315+00:00, run_after=2023-01-26T23:50:29.894315+00:00
[2023-01-26T23:50:29.908+0000] {processor.py:176} INFO - Processing /home/airflow/.local/lib/python3.7/site-packages/airflow/example_dags/example_task_group.py took 0.073 seconds
[2023-01-26T23:51:00.330+0000] {processor.py:154} INFO - Started process (PID=724) to work on /home/airflow/.local/lib/python3.7/site-packages/airflow/example_dags/example_task_group.py
[2023-01-26T23:51:00.331+0000] {processor.py:756} INFO - Processing file /home/airflow/.local/lib/python3.7/site-packages/airflow/example_dags/example_task_group.py for tasks to queue
[2023-01-26T23:51:00.331+0000] {logging_mixin.py:120} INFO - [2023-01-26T23:51:00.331+0000] {dagbag.py:537} INFO - Filling up the DagBag from /home/airflow/.local/lib/python3.7/site-packages/airflow/example_dags/example_task_group.py
[2023-01-26T23:51:00.340+0000] {processor.py:766} INFO - DAG(s) dict_keys(['example_task_group']) retrieved from /home/airflow/.local/lib/python3.7/site-packages/airflow/example_dags/example_task_group.py
[2023-01-26T23:51:00.367+0000] {logging_mixin.py:120} INFO - [2023-01-26T23:51:00.367+0000] {dag.py:2585} INFO - Sync 1 DAGs
[2023-01-26T23:51:00.384+0000] {logging_mixin.py:120} INFO - [2023-01-26T23:51:00.384+0000] {dag.py:3340} INFO - Setting next_dagrun for example_task_group to 2023-01-25T23:51:00.384434+00:00, run_after=2023-01-26T23:51:00.384434+00:00
[2023-01-26T23:51:00.397+0000] {processor.py:176} INFO - Processing /home/airflow/.local/lib/python3.7/site-packages/airflow/example_dags/example_task_group.py took 0.069 seconds
[2023-01-26T23:51:30.672+0000] {processor.py:154} INFO - Started process (PID=793) to work on /home/airflow/.local/lib/python3.7/site-packages/airflow/example_dags/example_task_group.py
[2023-01-26T23:51:30.673+0000] {processor.py:756} INFO - Processing file /home/airflow/.local/lib/python3.7/site-packages/airflow/example_dags/example_task_group.py for tasks to queue
[2023-01-26T23:51:30.674+0000] {logging_mixin.py:120} INFO - [2023-01-26T23:51:30.674+0000] {dagbag.py:537} INFO - Filling up the DagBag from /home/airflow/.local/lib/python3.7/site-packages/airflow/example_dags/example_task_group.py
[2023-01-26T23:51:30.687+0000] {processor.py:766} INFO - DAG(s) dict_keys(['example_task_group']) retrieved from /home/airflow/.local/lib/python3.7/site-packages/airflow/example_dags/example_task_group.py
[2023-01-26T23:51:30.715+0000] {logging_mixin.py:120} INFO - [2023-01-26T23:51:30.715+0000] {dag.py:2585} INFO - Sync 1 DAGs
[2023-01-26T23:51:30.731+0000] {logging_mixin.py:120} INFO - [2023-01-26T23:51:30.731+0000] {dag.py:3340} INFO - Setting next_dagrun for example_task_group to 2023-01-25T23:51:30.731384+00:00, run_after=2023-01-26T23:51:30.731384+00:00
[2023-01-26T23:51:30.746+0000] {processor.py:176} INFO - Processing /home/airflow/.local/lib/python3.7/site-packages/airflow/example_dags/example_task_group.py took 0.075 seconds
[2023-01-26T23:52:01.035+0000] {processor.py:154} INFO - Started process (PID=861) to work on /home/airflow/.local/lib/python3.7/site-packages/airflow/example_dags/example_task_group.py
[2023-01-26T23:52:01.036+0000] {processor.py:756} INFO - Processing file /home/airflow/.local/lib/python3.7/site-packages/airflow/example_dags/example_task_group.py for tasks to queue
[2023-01-26T23:52:01.036+0000] {logging_mixin.py:120} INFO - [2023-01-26T23:52:01.036+0000] {dagbag.py:537} INFO - Filling up the DagBag from /home/airflow/.local/lib/python3.7/site-packages/airflow/example_dags/example_task_group.py
[2023-01-26T23:52:01.046+0000] {processor.py:766} INFO - DAG(s) dict_keys(['example_task_group']) retrieved from /home/airflow/.local/lib/python3.7/site-packages/airflow/example_dags/example_task_group.py
[2023-01-26T23:52:01.073+0000] {logging_mixin.py:120} INFO - [2023-01-26T23:52:01.073+0000] {dag.py:2585} INFO - Sync 1 DAGs
[2023-01-26T23:52:01.091+0000] {logging_mixin.py:120} INFO - [2023-01-26T23:52:01.091+0000] {dag.py:3340} INFO - Setting next_dagrun for example_task_group to 2023-01-25T23:52:01.091699+00:00, run_after=2023-01-26T23:52:01.091699+00:00
[2023-01-26T23:52:01.104+0000] {processor.py:176} INFO - Processing /home/airflow/.local/lib/python3.7/site-packages/airflow/example_dags/example_task_group.py took 0.071 seconds
[2023-01-26T23:52:31.273+0000] {processor.py:154} INFO - Started process (PID=919) to work on /home/airflow/.local/lib/python3.7/site-packages/airflow/example_dags/example_task_group.py
[2023-01-26T23:52:31.274+0000] {processor.py:756} INFO - Processing file /home/airflow/.local/lib/python3.7/site-packages/airflow/example_dags/example_task_group.py for tasks to queue
[2023-01-26T23:52:31.274+0000] {logging_mixin.py:120} INFO - [2023-01-26T23:52:31.274+0000] {dagbag.py:537} INFO - Filling up the DagBag from /home/airflow/.local/lib/python3.7/site-packages/airflow/example_dags/example_task_group.py
[2023-01-26T23:52:31.284+0000] {processor.py:766} INFO - DAG(s) dict_keys(['example_task_group']) retrieved from /home/airflow/.local/lib/python3.7/site-packages/airflow/example_dags/example_task_group.py
[2023-01-26T23:52:31.314+0000] {logging_mixin.py:120} INFO - [2023-01-26T23:52:31.314+0000] {dag.py:2585} INFO - Sync 1 DAGs
[2023-01-26T23:52:31.335+0000] {logging_mixin.py:120} INFO - [2023-01-26T23:52:31.335+0000] {dag.py:3340} INFO - Setting next_dagrun for example_task_group to 2023-01-25T23:52:31.335291+00:00, run_after=2023-01-26T23:52:31.335291+00:00
[2023-01-26T23:52:31.348+0000] {processor.py:176} INFO - Processing /home/airflow/.local/lib/python3.7/site-packages/airflow/example_dags/example_task_group.py took 0.077 seconds
[2023-01-26T23:53:01.508+0000] {processor.py:154} INFO - Started process (PID=986) to work on /home/airflow/.local/lib/python3.7/site-packages/airflow/example_dags/example_task_group.py
[2023-01-26T23:53:01.510+0000] {processor.py:756} INFO - Processing file /home/airflow/.local/lib/python3.7/site-packages/airflow/example_dags/example_task_group.py for tasks to queue
[2023-01-26T23:53:01.510+0000] {logging_mixin.py:120} INFO - [2023-01-26T23:53:01.510+0000] {dagbag.py:537} INFO - Filling up the DagBag from /home/airflow/.local/lib/python3.7/site-packages/airflow/example_dags/example_task_group.py
[2023-01-26T23:53:01.520+0000] {processor.py:766} INFO - DAG(s) dict_keys(['example_task_group']) retrieved from /home/airflow/.local/lib/python3.7/site-packages/airflow/example_dags/example_task_group.py
[2023-01-26T23:53:01.551+0000] {logging_mixin.py:120} INFO - [2023-01-26T23:53:01.550+0000] {dag.py:2585} INFO - Sync 1 DAGs
[2023-01-26T23:53:01.569+0000] {logging_mixin.py:120} INFO - [2023-01-26T23:53:01.569+0000] {dag.py:3340} INFO - Setting next_dagrun for example_task_group to 2023-01-25T23:53:01.569013+00:00, run_after=2023-01-26T23:53:01.569013+00:00
[2023-01-26T23:53:01.581+0000] {processor.py:176} INFO - Processing /home/airflow/.local/lib/python3.7/site-packages/airflow/example_dags/example_task_group.py took 0.074 seconds
[2023-01-26T23:53:31.899+0000] {processor.py:154} INFO - Started process (PID=1054) to work on /home/airflow/.local/lib/python3.7/site-packages/airflow/example_dags/example_task_group.py
[2023-01-26T23:53:31.900+0000] {processor.py:756} INFO - Processing file /home/airflow/.local/lib/python3.7/site-packages/airflow/example_dags/example_task_group.py for tasks to queue
[2023-01-26T23:53:31.900+0000] {logging_mixin.py:120} INFO - [2023-01-26T23:53:31.900+0000] {dagbag.py:537} INFO - Filling up the DagBag from /home/airflow/.local/lib/python3.7/site-packages/airflow/example_dags/example_task_group.py
[2023-01-26T23:53:31.911+0000] {processor.py:766} INFO - DAG(s) dict_keys(['example_task_group']) retrieved from /home/airflow/.local/lib/python3.7/site-packages/airflow/example_dags/example_task_group.py
[2023-01-26T23:53:31.937+0000] {logging_mixin.py:120} INFO - [2023-01-26T23:53:31.937+0000] {dag.py:2585} INFO - Sync 1 DAGs
[2023-01-26T23:53:31.954+0000] {logging_mixin.py:120} INFO - [2023-01-26T23:53:31.954+0000] {dag.py:3340} INFO - Setting next_dagrun for example_task_group to 2023-01-25T23:53:31.954437+00:00, run_after=2023-01-26T23:53:31.954437+00:00
[2023-01-26T23:53:31.968+0000] {processor.py:176} INFO - Processing /home/airflow/.local/lib/python3.7/site-packages/airflow/example_dags/example_task_group.py took 0.071 seconds
[2023-01-26T23:54:02.193+0000] {processor.py:154} INFO - Started process (PID=1122) to work on /home/airflow/.local/lib/python3.7/site-packages/airflow/example_dags/example_task_group.py
[2023-01-26T23:54:02.194+0000] {processor.py:756} INFO - Processing file /home/airflow/.local/lib/python3.7/site-packages/airflow/example_dags/example_task_group.py for tasks to queue
[2023-01-26T23:54:02.195+0000] {logging_mixin.py:120} INFO - [2023-01-26T23:54:02.195+0000] {dagbag.py:537} INFO - Filling up the DagBag from /home/airflow/.local/lib/python3.7/site-packages/airflow/example_dags/example_task_group.py
[2023-01-26T23:54:02.205+0000] {processor.py:766} INFO - DAG(s) dict_keys(['example_task_group']) retrieved from /home/airflow/.local/lib/python3.7/site-packages/airflow/example_dags/example_task_group.py
[2023-01-26T23:54:02.233+0000] {logging_mixin.py:120} INFO - [2023-01-26T23:54:02.233+0000] {dag.py:2585} INFO - Sync 1 DAGs
[2023-01-26T23:54:02.255+0000] {logging_mixin.py:120} INFO - [2023-01-26T23:54:02.255+0000] {dag.py:3340} INFO - Setting next_dagrun for example_task_group to 2023-01-25T23:54:02.254978+00:00, run_after=2023-01-26T23:54:02.254978+00:00
[2023-01-26T23:54:02.267+0000] {processor.py:176} INFO - Processing /home/airflow/.local/lib/python3.7/site-packages/airflow/example_dags/example_task_group.py took 0.076 seconds
[2023-01-26T23:54:32.592+0000] {processor.py:154} INFO - Started process (PID=1181) to work on /home/airflow/.local/lib/python3.7/site-packages/airflow/example_dags/example_task_group.py
[2023-01-26T23:54:32.593+0000] {processor.py:756} INFO - Processing file /home/airflow/.local/lib/python3.7/site-packages/airflow/example_dags/example_task_group.py for tasks to queue
[2023-01-26T23:54:32.593+0000] {logging_mixin.py:120} INFO - [2023-01-26T23:54:32.593+0000] {dagbag.py:537} INFO - Filling up the DagBag from /home/airflow/.local/lib/python3.7/site-packages/airflow/example_dags/example_task_group.py
[2023-01-26T23:54:32.603+0000] {processor.py:766} INFO - DAG(s) dict_keys(['example_task_group']) retrieved from /home/airflow/.local/lib/python3.7/site-packages/airflow/example_dags/example_task_group.py
[2023-01-26T23:54:32.630+0000] {logging_mixin.py:120} INFO - [2023-01-26T23:54:32.630+0000] {dag.py:2585} INFO - Sync 1 DAGs
[2023-01-26T23:54:32.647+0000] {logging_mixin.py:120} INFO - [2023-01-26T23:54:32.647+0000] {dag.py:3340} INFO - Setting next_dagrun for example_task_group to 2023-01-25T23:54:32.647198+00:00, run_after=2023-01-26T23:54:32.647198+00:00
[2023-01-26T23:54:32.660+0000] {processor.py:176} INFO - Processing /home/airflow/.local/lib/python3.7/site-packages/airflow/example_dags/example_task_group.py took 0.070 seconds
[2023-01-26T23:55:02.913+0000] {processor.py:154} INFO - Started process (PID=1249) to work on /home/airflow/.local/lib/python3.7/site-packages/airflow/example_dags/example_task_group.py
[2023-01-26T23:55:02.914+0000] {processor.py:756} INFO - Processing file /home/airflow/.local/lib/python3.7/site-packages/airflow/example_dags/example_task_group.py for tasks to queue
[2023-01-26T23:55:02.914+0000] {logging_mixin.py:120} INFO - [2023-01-26T23:55:02.914+0000] {dagbag.py:537} INFO - Filling up the DagBag from /home/airflow/.local/lib/python3.7/site-packages/airflow/example_dags/example_task_group.py
[2023-01-26T23:55:02.925+0000] {processor.py:766} INFO - DAG(s) dict_keys(['example_task_group']) retrieved from /home/airflow/.local/lib/python3.7/site-packages/airflow/example_dags/example_task_group.py
[2023-01-26T23:55:02.951+0000] {logging_mixin.py:120} INFO - [2023-01-26T23:55:02.951+0000] {dag.py:2585} INFO - Sync 1 DAGs
[2023-01-26T23:55:02.968+0000] {logging_mixin.py:120} INFO - [2023-01-26T23:55:02.968+0000] {dag.py:3340} INFO - Setting next_dagrun for example_task_group to 2023-01-25T23:55:02.968603+00:00, run_after=2023-01-26T23:55:02.968603+00:00
[2023-01-26T23:55:02.982+0000] {processor.py:176} INFO - Processing /home/airflow/.local/lib/python3.7/site-packages/airflow/example_dags/example_task_group.py took 0.071 seconds
[2023-01-26T23:55:33.294+0000] {processor.py:154} INFO - Started process (PID=1317) to work on /home/airflow/.local/lib/python3.7/site-packages/airflow/example_dags/example_task_group.py
[2023-01-26T23:55:33.295+0000] {processor.py:756} INFO - Processing file /home/airflow/.local/lib/python3.7/site-packages/airflow/example_dags/example_task_group.py for tasks to queue
[2023-01-26T23:55:33.296+0000] {logging_mixin.py:120} INFO - [2023-01-26T23:55:33.296+0000] {dagbag.py:537} INFO - Filling up the DagBag from /home/airflow/.local/lib/python3.7/site-packages/airflow/example_dags/example_task_group.py
[2023-01-26T23:55:33.305+0000] {processor.py:766} INFO - DAG(s) dict_keys(['example_task_group']) retrieved from /home/airflow/.local/lib/python3.7/site-packages/airflow/example_dags/example_task_group.py
[2023-01-26T23:55:33.332+0000] {logging_mixin.py:120} INFO - [2023-01-26T23:55:33.332+0000] {dag.py:2585} INFO - Sync 1 DAGs
[2023-01-26T23:55:33.349+0000] {logging_mixin.py:120} INFO - [2023-01-26T23:55:33.349+0000] {dag.py:3340} INFO - Setting next_dagrun for example_task_group to 2023-01-25T23:55:33.349551+00:00, run_after=2023-01-26T23:55:33.349551+00:00
[2023-01-26T23:55:33.363+0000] {processor.py:176} INFO - Processing /home/airflow/.local/lib/python3.7/site-packages/airflow/example_dags/example_task_group.py took 0.070 seconds
[2023-01-26T23:56:03.616+0000] {processor.py:154} INFO - Started process (PID=1385) to work on /home/airflow/.local/lib/python3.7/site-packages/airflow/example_dags/example_task_group.py
[2023-01-26T23:56:03.617+0000] {processor.py:756} INFO - Processing file /home/airflow/.local/lib/python3.7/site-packages/airflow/example_dags/example_task_group.py for tasks to queue
[2023-01-26T23:56:03.617+0000] {logging_mixin.py:120} INFO - [2023-01-26T23:56:03.617+0000] {dagbag.py:537} INFO - Filling up the DagBag from /home/airflow/.local/lib/python3.7/site-packages/airflow/example_dags/example_task_group.py
[2023-01-26T23:56:03.629+0000] {processor.py:766} INFO - DAG(s) dict_keys(['example_task_group']) retrieved from /home/airflow/.local/lib/python3.7/site-packages/airflow/example_dags/example_task_group.py
[2023-01-26T23:56:03.662+0000] {logging_mixin.py:120} INFO - [2023-01-26T23:56:03.662+0000] {dag.py:2585} INFO - Sync 1 DAGs
[2023-01-26T23:56:03.680+0000] {logging_mixin.py:120} INFO - [2023-01-26T23:56:03.680+0000] {dag.py:3340} INFO - Setting next_dagrun for example_task_group to 2023-01-25T23:56:03.680594+00:00, run_after=2023-01-26T23:56:03.680594+00:00
[2023-01-26T23:56:03.693+0000] {processor.py:176} INFO - Processing /home/airflow/.local/lib/python3.7/site-packages/airflow/example_dags/example_task_group.py took 0.079 seconds
[2023-01-26T23:56:33.852+0000] {processor.py:154} INFO - Started process (PID=1444) to work on /home/airflow/.local/lib/python3.7/site-packages/airflow/example_dags/example_task_group.py
[2023-01-26T23:56:33.853+0000] {processor.py:756} INFO - Processing file /home/airflow/.local/lib/python3.7/site-packages/airflow/example_dags/example_task_group.py for tasks to queue
[2023-01-26T23:56:33.854+0000] {logging_mixin.py:120} INFO - [2023-01-26T23:56:33.853+0000] {dagbag.py:537} INFO - Filling up the DagBag from /home/airflow/.local/lib/python3.7/site-packages/airflow/example_dags/example_task_group.py
[2023-01-26T23:56:33.867+0000] {processor.py:766} INFO - DAG(s) dict_keys(['example_task_group']) retrieved from /home/airflow/.local/lib/python3.7/site-packages/airflow/example_dags/example_task_group.py
[2023-01-26T23:56:33.901+0000] {logging_mixin.py:120} INFO - [2023-01-26T23:56:33.901+0000] {dag.py:2585} INFO - Sync 1 DAGs
[2023-01-26T23:56:33.918+0000] {logging_mixin.py:120} INFO - [2023-01-26T23:56:33.918+0000] {dag.py:3340} INFO - Setting next_dagrun for example_task_group to 2023-01-25T23:56:33.918112+00:00, run_after=2023-01-26T23:56:33.918112+00:00
[2023-01-26T23:56:33.936+0000] {processor.py:176} INFO - Processing /home/airflow/.local/lib/python3.7/site-packages/airflow/example_dags/example_task_group.py took 0.086 seconds
[2023-01-26T23:57:04.167+0000] {processor.py:154} INFO - Started process (PID=1513) to work on /home/airflow/.local/lib/python3.7/site-packages/airflow/example_dags/example_task_group.py
[2023-01-26T23:57:04.168+0000] {processor.py:756} INFO - Processing file /home/airflow/.local/lib/python3.7/site-packages/airflow/example_dags/example_task_group.py for tasks to queue
[2023-01-26T23:57:04.168+0000] {logging_mixin.py:120} INFO - [2023-01-26T23:57:04.168+0000] {dagbag.py:537} INFO - Filling up the DagBag from /home/airflow/.local/lib/python3.7/site-packages/airflow/example_dags/example_task_group.py
[2023-01-26T23:57:04.180+0000] {processor.py:766} INFO - DAG(s) dict_keys(['example_task_group']) retrieved from /home/airflow/.local/lib/python3.7/site-packages/airflow/example_dags/example_task_group.py
[2023-01-26T23:57:04.236+0000] {logging_mixin.py:120} INFO - [2023-01-26T23:57:04.236+0000] {dag.py:2585} INFO - Sync 1 DAGs
[2023-01-26T23:57:04.259+0000] {logging_mixin.py:120} INFO - [2023-01-26T23:57:04.259+0000] {dag.py:3340} INFO - Setting next_dagrun for example_task_group to 2023-01-25T23:57:04.258966+00:00, run_after=2023-01-26T23:57:04.258966+00:00
[2023-01-26T23:57:04.274+0000] {processor.py:176} INFO - Processing /home/airflow/.local/lib/python3.7/site-packages/airflow/example_dags/example_task_group.py took 0.108 seconds
[2023-01-26T23:57:34.363+0000] {processor.py:154} INFO - Started process (PID=1581) to work on /home/airflow/.local/lib/python3.7/site-packages/airflow/example_dags/example_task_group.py
[2023-01-26T23:57:34.364+0000] {processor.py:756} INFO - Processing file /home/airflow/.local/lib/python3.7/site-packages/airflow/example_dags/example_task_group.py for tasks to queue
[2023-01-26T23:57:34.364+0000] {logging_mixin.py:120} INFO - [2023-01-26T23:57:34.364+0000] {dagbag.py:537} INFO - Filling up the DagBag from /home/airflow/.local/lib/python3.7/site-packages/airflow/example_dags/example_task_group.py
[2023-01-26T23:57:34.375+0000] {processor.py:766} INFO - DAG(s) dict_keys(['example_task_group']) retrieved from /home/airflow/.local/lib/python3.7/site-packages/airflow/example_dags/example_task_group.py
[2023-01-26T23:57:34.401+0000] {logging_mixin.py:120} INFO - [2023-01-26T23:57:34.400+0000] {dag.py:2585} INFO - Sync 1 DAGs
[2023-01-26T23:57:34.419+0000] {logging_mixin.py:120} INFO - [2023-01-26T23:57:34.419+0000] {dag.py:3340} INFO - Setting next_dagrun for example_task_group to 2023-01-25T23:57:34.419573+00:00, run_after=2023-01-26T23:57:34.419573+00:00
[2023-01-26T23:57:34.432+0000] {processor.py:176} INFO - Processing /home/airflow/.local/lib/python3.7/site-packages/airflow/example_dags/example_task_group.py took 0.071 seconds
[2023-01-26T23:58:04.675+0000] {processor.py:154} INFO - Started process (PID=1650) to work on /home/airflow/.local/lib/python3.7/site-packages/airflow/example_dags/example_task_group.py
[2023-01-26T23:58:04.676+0000] {processor.py:756} INFO - Processing file /home/airflow/.local/lib/python3.7/site-packages/airflow/example_dags/example_task_group.py for tasks to queue
[2023-01-26T23:58:04.676+0000] {logging_mixin.py:120} INFO - [2023-01-26T23:58:04.676+0000] {dagbag.py:537} INFO - Filling up the DagBag from /home/airflow/.local/lib/python3.7/site-packages/airflow/example_dags/example_task_group.py
[2023-01-26T23:58:04.689+0000] {processor.py:766} INFO - DAG(s) dict_keys(['example_task_group']) retrieved from /home/airflow/.local/lib/python3.7/site-packages/airflow/example_dags/example_task_group.py
[2023-01-26T23:58:04.724+0000] {logging_mixin.py:120} INFO - [2023-01-26T23:58:04.724+0000] {dag.py:2585} INFO - Sync 1 DAGs
[2023-01-26T23:58:04.743+0000] {logging_mixin.py:120} INFO - [2023-01-26T23:58:04.743+0000] {dag.py:3340} INFO - Setting next_dagrun for example_task_group to 2023-01-25T23:58:04.743081+00:00, run_after=2023-01-26T23:58:04.743081+00:00
[2023-01-26T23:58:04.755+0000] {processor.py:176} INFO - Processing /home/airflow/.local/lib/python3.7/site-packages/airflow/example_dags/example_task_group.py took 0.083 seconds
[2023-01-26T23:58:35.893+0000] {processor.py:154} INFO - Started process (PID=1718) to work on /home/airflow/.local/lib/python3.7/site-packages/airflow/example_dags/example_task_group.py
[2023-01-26T23:58:35.894+0000] {processor.py:756} INFO - Processing file /home/airflow/.local/lib/python3.7/site-packages/airflow/example_dags/example_task_group.py for tasks to queue
[2023-01-26T23:58:35.895+0000] {logging_mixin.py:120} INFO - [2023-01-26T23:58:35.895+0000] {dagbag.py:537} INFO - Filling up the DagBag from /home/airflow/.local/lib/python3.7/site-packages/airflow/example_dags/example_task_group.py
[2023-01-26T23:58:35.906+0000] {processor.py:766} INFO - DAG(s) dict_keys(['example_task_group']) retrieved from /home/airflow/.local/lib/python3.7/site-packages/airflow/example_dags/example_task_group.py
[2023-01-26T23:58:35.935+0000] {logging_mixin.py:120} INFO - [2023-01-26T23:58:35.935+0000] {dag.py:2585} INFO - Sync 1 DAGs
[2023-01-26T23:58:35.951+0000] {logging_mixin.py:120} INFO - [2023-01-26T23:58:35.951+0000] {dag.py:3340} INFO - Setting next_dagrun for example_task_group to 2023-01-25T23:58:35.951491+00:00, run_after=2023-01-26T23:58:35.951491+00:00
[2023-01-26T23:58:35.964+0000] {processor.py:176} INFO - Processing /home/airflow/.local/lib/python3.7/site-packages/airflow/example_dags/example_task_group.py took 0.073 seconds
[2023-01-26T23:59:06.100+0000] {processor.py:154} INFO - Started process (PID=1778) to work on /home/airflow/.local/lib/python3.7/site-packages/airflow/example_dags/example_task_group.py
[2023-01-26T23:59:06.102+0000] {processor.py:756} INFO - Processing file /home/airflow/.local/lib/python3.7/site-packages/airflow/example_dags/example_task_group.py for tasks to queue
[2023-01-26T23:59:06.102+0000] {logging_mixin.py:120} INFO - [2023-01-26T23:59:06.102+0000] {dagbag.py:537} INFO - Filling up the DagBag from /home/airflow/.local/lib/python3.7/site-packages/airflow/example_dags/example_task_group.py
[2023-01-26T23:59:06.112+0000] {processor.py:766} INFO - DAG(s) dict_keys(['example_task_group']) retrieved from /home/airflow/.local/lib/python3.7/site-packages/airflow/example_dags/example_task_group.py
[2023-01-26T23:59:06.138+0000] {logging_mixin.py:120} INFO - [2023-01-26T23:59:06.138+0000] {dag.py:2585} INFO - Sync 1 DAGs
[2023-01-26T23:59:06.158+0000] {logging_mixin.py:120} INFO - [2023-01-26T23:59:06.158+0000] {dag.py:3340} INFO - Setting next_dagrun for example_task_group to 2023-01-25T23:59:06.158501+00:00, run_after=2023-01-26T23:59:06.158501+00:00
[2023-01-26T23:59:06.174+0000] {processor.py:176} INFO - Processing /home/airflow/.local/lib/python3.7/site-packages/airflow/example_dags/example_task_group.py took 0.076 seconds
[2023-01-26T23:59:36.443+0000] {processor.py:154} INFO - Started process (PID=1846) to work on /home/airflow/.local/lib/python3.7/site-packages/airflow/example_dags/example_task_group.py
[2023-01-26T23:59:36.443+0000] {processor.py:756} INFO - Processing file /home/airflow/.local/lib/python3.7/site-packages/airflow/example_dags/example_task_group.py for tasks to queue
[2023-01-26T23:59:36.444+0000] {logging_mixin.py:120} INFO - [2023-01-26T23:59:36.444+0000] {dagbag.py:537} INFO - Filling up the DagBag from /home/airflow/.local/lib/python3.7/site-packages/airflow/example_dags/example_task_group.py
[2023-01-26T23:59:36.455+0000] {processor.py:766} INFO - DAG(s) dict_keys(['example_task_group']) retrieved from /home/airflow/.local/lib/python3.7/site-packages/airflow/example_dags/example_task_group.py
[2023-01-26T23:59:36.481+0000] {logging_mixin.py:120} INFO - [2023-01-26T23:59:36.481+0000] {dag.py:2585} INFO - Sync 1 DAGs
[2023-01-26T23:59:36.499+0000] {logging_mixin.py:120} INFO - [2023-01-26T23:59:36.499+0000] {dag.py:3340} INFO - Setting next_dagrun for example_task_group to 2023-01-25T23:59:36.499023+00:00, run_after=2023-01-26T23:59:36.499023+00:00
[2023-01-26T23:59:36.521+0000] {processor.py:176} INFO - Processing /home/airflow/.local/lib/python3.7/site-packages/airflow/example_dags/example_task_group.py took 0.080 seconds
