[2023-01-26T20:22:00.925+0000] {processor.py:154} INFO - Started process (PID=75) to work on /home/airflow/.local/lib/python3.7/site-packages/airflow/example_dags/example_bash_operator.py
[2023-01-26T20:22:00.926+0000] {processor.py:756} INFO - Processing file /home/airflow/.local/lib/python3.7/site-packages/airflow/example_dags/example_bash_operator.py for tasks to queue
[2023-01-26T20:22:00.927+0000] {logging_mixin.py:120} INFO - [2023-01-26T20:22:00.927+0000] {dagbag.py:537} INFO - Filling up the DagBag from /home/airflow/.local/lib/python3.7/site-packages/airflow/example_dags/example_bash_operator.py
[2023-01-26T20:22:00.957+0000] {processor.py:766} INFO - DAG(s) dict_keys(['example_bash_operator']) retrieved from /home/airflow/.local/lib/python3.7/site-packages/airflow/example_dags/example_bash_operator.py
[2023-01-26T20:22:01.018+0000] {logging_mixin.py:120} INFO - [2023-01-26T20:22:01.018+0000] {dag.py:2585} INFO - Sync 1 DAGs
[2023-01-26T20:22:01.068+0000] {logging_mixin.py:120} INFO - [2023-01-26T20:22:01.067+0000] {dag.py:3340} INFO - Setting next_dagrun for example_bash_operator to 2023-01-26T00:00:00+00:00, run_after=2023-01-27T00:00:00+00:00
[2023-01-26T20:22:01.100+0000] {processor.py:176} INFO - Processing /home/airflow/.local/lib/python3.7/site-packages/airflow/example_dags/example_bash_operator.py took 0.177 seconds
[2023-01-26T23:22:13.344+0000] {processor.py:154} INFO - Started process (PID=135) to work on /home/airflow/.local/lib/python3.7/site-packages/airflow/example_dags/example_bash_operator.py
[2023-01-26T23:22:13.345+0000] {processor.py:756} INFO - Processing file /home/airflow/.local/lib/python3.7/site-packages/airflow/example_dags/example_bash_operator.py for tasks to queue
[2023-01-26T23:22:13.346+0000] {logging_mixin.py:120} INFO - [2023-01-26T23:22:13.346+0000] {dagbag.py:537} INFO - Filling up the DagBag from /home/airflow/.local/lib/python3.7/site-packages/airflow/example_dags/example_bash_operator.py
[2023-01-26T23:22:13.390+0000] {processor.py:766} INFO - DAG(s) dict_keys(['example_bash_operator']) retrieved from /home/airflow/.local/lib/python3.7/site-packages/airflow/example_dags/example_bash_operator.py
[2023-01-26T23:22:13.482+0000] {logging_mixin.py:120} INFO - [2023-01-26T23:22:13.482+0000] {dag.py:2585} INFO - Sync 1 DAGs
[2023-01-26T23:22:13.531+0000] {logging_mixin.py:120} INFO - [2023-01-26T23:22:13.531+0000] {dag.py:3340} INFO - Setting next_dagrun for example_bash_operator to 2023-01-26T00:00:00+00:00, run_after=2023-01-27T00:00:00+00:00
[2023-01-26T23:22:13.562+0000] {processor.py:176} INFO - Processing /home/airflow/.local/lib/python3.7/site-packages/airflow/example_dags/example_bash_operator.py took 0.224 seconds
[2023-01-26T23:22:44.425+0000] {processor.py:154} INFO - Started process (PID=201) to work on /home/airflow/.local/lib/python3.7/site-packages/airflow/example_dags/example_bash_operator.py
[2023-01-26T23:22:44.427+0000] {processor.py:756} INFO - Processing file /home/airflow/.local/lib/python3.7/site-packages/airflow/example_dags/example_bash_operator.py for tasks to queue
[2023-01-26T23:22:44.428+0000] {logging_mixin.py:120} INFO - [2023-01-26T23:22:44.428+0000] {dagbag.py:537} INFO - Filling up the DagBag from /home/airflow/.local/lib/python3.7/site-packages/airflow/example_dags/example_bash_operator.py
[2023-01-26T23:22:44.470+0000] {processor.py:766} INFO - DAG(s) dict_keys(['example_bash_operator']) retrieved from /home/airflow/.local/lib/python3.7/site-packages/airflow/example_dags/example_bash_operator.py
[2023-01-26T23:22:44.572+0000] {logging_mixin.py:120} INFO - [2023-01-26T23:22:44.572+0000] {dag.py:2585} INFO - Sync 1 DAGs
[2023-01-26T23:22:44.617+0000] {logging_mixin.py:120} INFO - [2023-01-26T23:22:44.617+0000] {dag.py:3340} INFO - Setting next_dagrun for example_bash_operator to 2023-01-26T00:00:00+00:00, run_after=2023-01-27T00:00:00+00:00
[2023-01-26T23:22:44.645+0000] {processor.py:176} INFO - Processing /home/airflow/.local/lib/python3.7/site-packages/airflow/example_dags/example_bash_operator.py took 0.226 seconds
[2023-01-26T23:23:14.879+0000] {processor.py:154} INFO - Started process (PID=269) to work on /home/airflow/.local/lib/python3.7/site-packages/airflow/example_dags/example_bash_operator.py
[2023-01-26T23:23:14.880+0000] {processor.py:756} INFO - Processing file /home/airflow/.local/lib/python3.7/site-packages/airflow/example_dags/example_bash_operator.py for tasks to queue
[2023-01-26T23:23:14.880+0000] {logging_mixin.py:120} INFO - [2023-01-26T23:23:14.880+0000] {dagbag.py:537} INFO - Filling up the DagBag from /home/airflow/.local/lib/python3.7/site-packages/airflow/example_dags/example_bash_operator.py
[2023-01-26T23:23:14.901+0000] {processor.py:766} INFO - DAG(s) dict_keys(['example_bash_operator']) retrieved from /home/airflow/.local/lib/python3.7/site-packages/airflow/example_dags/example_bash_operator.py
[2023-01-26T23:23:14.946+0000] {logging_mixin.py:120} INFO - [2023-01-26T23:23:14.945+0000] {dag.py:2585} INFO - Sync 1 DAGs
[2023-01-26T23:23:14.974+0000] {logging_mixin.py:120} INFO - [2023-01-26T23:23:14.974+0000] {dag.py:3340} INFO - Setting next_dagrun for example_bash_operator to 2023-01-26T00:00:00+00:00, run_after=2023-01-27T00:00:00+00:00
[2023-01-26T23:23:14.996+0000] {processor.py:176} INFO - Processing /home/airflow/.local/lib/python3.7/site-packages/airflow/example_dags/example_bash_operator.py took 0.120 seconds
[2023-01-26T23:23:45.537+0000] {processor.py:154} INFO - Started process (PID=326) to work on /home/airflow/.local/lib/python3.7/site-packages/airflow/example_dags/example_bash_operator.py
[2023-01-26T23:23:45.537+0000] {processor.py:756} INFO - Processing file /home/airflow/.local/lib/python3.7/site-packages/airflow/example_dags/example_bash_operator.py for tasks to queue
[2023-01-26T23:23:45.538+0000] {logging_mixin.py:120} INFO - [2023-01-26T23:23:45.537+0000] {dagbag.py:537} INFO - Filling up the DagBag from /home/airflow/.local/lib/python3.7/site-packages/airflow/example_dags/example_bash_operator.py
[2023-01-26T23:23:45.552+0000] {processor.py:766} INFO - DAG(s) dict_keys(['example_bash_operator']) retrieved from /home/airflow/.local/lib/python3.7/site-packages/airflow/example_dags/example_bash_operator.py
[2023-01-26T23:23:45.584+0000] {logging_mixin.py:120} INFO - [2023-01-26T23:23:45.583+0000] {dag.py:2585} INFO - Sync 1 DAGs
[2023-01-26T23:23:45.603+0000] {logging_mixin.py:120} INFO - [2023-01-26T23:23:45.603+0000] {dag.py:3340} INFO - Setting next_dagrun for example_bash_operator to 2023-01-26T00:00:00+00:00, run_after=2023-01-27T00:00:00+00:00
[2023-01-26T23:23:45.617+0000] {processor.py:176} INFO - Processing /home/airflow/.local/lib/python3.7/site-packages/airflow/example_dags/example_bash_operator.py took 0.082 seconds
[2023-01-26T23:24:16.250+0000] {processor.py:154} INFO - Started process (PID=393) to work on /home/airflow/.local/lib/python3.7/site-packages/airflow/example_dags/example_bash_operator.py
[2023-01-26T23:24:16.252+0000] {processor.py:756} INFO - Processing file /home/airflow/.local/lib/python3.7/site-packages/airflow/example_dags/example_bash_operator.py for tasks to queue
[2023-01-26T23:24:16.252+0000] {logging_mixin.py:120} INFO - [2023-01-26T23:24:16.252+0000] {dagbag.py:537} INFO - Filling up the DagBag from /home/airflow/.local/lib/python3.7/site-packages/airflow/example_dags/example_bash_operator.py
[2023-01-26T23:24:16.271+0000] {processor.py:766} INFO - DAG(s) dict_keys(['example_bash_operator']) retrieved from /home/airflow/.local/lib/python3.7/site-packages/airflow/example_dags/example_bash_operator.py
[2023-01-26T23:24:16.315+0000] {logging_mixin.py:120} INFO - [2023-01-26T23:24:16.315+0000] {dag.py:2585} INFO - Sync 1 DAGs
[2023-01-26T23:24:16.339+0000] {logging_mixin.py:120} INFO - [2023-01-26T23:24:16.339+0000] {dag.py:3340} INFO - Setting next_dagrun for example_bash_operator to 2023-01-26T00:00:00+00:00, run_after=2023-01-27T00:00:00+00:00
[2023-01-26T23:24:16.356+0000] {processor.py:176} INFO - Processing /home/airflow/.local/lib/python3.7/site-packages/airflow/example_dags/example_bash_operator.py took 0.107 seconds
[2023-01-26T23:24:46.945+0000] {processor.py:154} INFO - Started process (PID=461) to work on /home/airflow/.local/lib/python3.7/site-packages/airflow/example_dags/example_bash_operator.py
[2023-01-26T23:24:46.946+0000] {processor.py:756} INFO - Processing file /home/airflow/.local/lib/python3.7/site-packages/airflow/example_dags/example_bash_operator.py for tasks to queue
[2023-01-26T23:24:46.947+0000] {logging_mixin.py:120} INFO - [2023-01-26T23:24:46.947+0000] {dagbag.py:537} INFO - Filling up the DagBag from /home/airflow/.local/lib/python3.7/site-packages/airflow/example_dags/example_bash_operator.py
[2023-01-26T23:24:46.967+0000] {processor.py:766} INFO - DAG(s) dict_keys(['example_bash_operator']) retrieved from /home/airflow/.local/lib/python3.7/site-packages/airflow/example_dags/example_bash_operator.py
[2023-01-26T23:24:47.017+0000] {logging_mixin.py:120} INFO - [2023-01-26T23:24:47.017+0000] {dag.py:2585} INFO - Sync 1 DAGs
[2023-01-26T23:24:47.041+0000] {logging_mixin.py:120} INFO - [2023-01-26T23:24:47.041+0000] {dag.py:3340} INFO - Setting next_dagrun for example_bash_operator to 2023-01-26T00:00:00+00:00, run_after=2023-01-27T00:00:00+00:00
[2023-01-26T23:24:47.058+0000] {processor.py:176} INFO - Processing /home/airflow/.local/lib/python3.7/site-packages/airflow/example_dags/example_bash_operator.py took 0.115 seconds
[2023-01-26T23:25:17.545+0000] {processor.py:154} INFO - Started process (PID=528) to work on /home/airflow/.local/lib/python3.7/site-packages/airflow/example_dags/example_bash_operator.py
[2023-01-26T23:25:17.546+0000] {processor.py:756} INFO - Processing file /home/airflow/.local/lib/python3.7/site-packages/airflow/example_dags/example_bash_operator.py for tasks to queue
[2023-01-26T23:25:17.547+0000] {logging_mixin.py:120} INFO - [2023-01-26T23:25:17.546+0000] {dagbag.py:537} INFO - Filling up the DagBag from /home/airflow/.local/lib/python3.7/site-packages/airflow/example_dags/example_bash_operator.py
[2023-01-26T23:25:17.564+0000] {processor.py:766} INFO - DAG(s) dict_keys(['example_bash_operator']) retrieved from /home/airflow/.local/lib/python3.7/site-packages/airflow/example_dags/example_bash_operator.py
[2023-01-26T23:25:17.610+0000] {logging_mixin.py:120} INFO - [2023-01-26T23:25:17.610+0000] {dag.py:2585} INFO - Sync 1 DAGs
[2023-01-26T23:25:17.642+0000] {logging_mixin.py:120} INFO - [2023-01-26T23:25:17.642+0000] {dag.py:3340} INFO - Setting next_dagrun for example_bash_operator to 2023-01-26T00:00:00+00:00, run_after=2023-01-27T00:00:00+00:00
[2023-01-26T23:25:17.659+0000] {processor.py:176} INFO - Processing /home/airflow/.local/lib/python3.7/site-packages/airflow/example_dags/example_bash_operator.py took 0.116 seconds
[2023-01-26T23:25:47.744+0000] {processor.py:154} INFO - Started process (PID=586) to work on /home/airflow/.local/lib/python3.7/site-packages/airflow/example_dags/example_bash_operator.py
[2023-01-26T23:25:47.745+0000] {processor.py:756} INFO - Processing file /home/airflow/.local/lib/python3.7/site-packages/airflow/example_dags/example_bash_operator.py for tasks to queue
[2023-01-26T23:25:47.745+0000] {logging_mixin.py:120} INFO - [2023-01-26T23:25:47.745+0000] {dagbag.py:537} INFO - Filling up the DagBag from /home/airflow/.local/lib/python3.7/site-packages/airflow/example_dags/example_bash_operator.py
[2023-01-26T23:25:47.759+0000] {processor.py:766} INFO - DAG(s) dict_keys(['example_bash_operator']) retrieved from /home/airflow/.local/lib/python3.7/site-packages/airflow/example_dags/example_bash_operator.py
[2023-01-26T23:25:47.789+0000] {logging_mixin.py:120} INFO - [2023-01-26T23:25:47.789+0000] {dag.py:2585} INFO - Sync 1 DAGs
[2023-01-26T23:25:47.808+0000] {logging_mixin.py:120} INFO - [2023-01-26T23:25:47.808+0000] {dag.py:3340} INFO - Setting next_dagrun for example_bash_operator to 2023-01-26T00:00:00+00:00, run_after=2023-01-27T00:00:00+00:00
[2023-01-26T23:25:47.820+0000] {processor.py:176} INFO - Processing /home/airflow/.local/lib/python3.7/site-packages/airflow/example_dags/example_bash_operator.py took 0.078 seconds
[2023-01-26T23:26:17.995+0000] {processor.py:154} INFO - Started process (PID=654) to work on /home/airflow/.local/lib/python3.7/site-packages/airflow/example_dags/example_bash_operator.py
[2023-01-26T23:26:17.996+0000] {processor.py:756} INFO - Processing file /home/airflow/.local/lib/python3.7/site-packages/airflow/example_dags/example_bash_operator.py for tasks to queue
[2023-01-26T23:26:17.997+0000] {logging_mixin.py:120} INFO - [2023-01-26T23:26:17.997+0000] {dagbag.py:537} INFO - Filling up the DagBag from /home/airflow/.local/lib/python3.7/site-packages/airflow/example_dags/example_bash_operator.py
[2023-01-26T23:26:18.010+0000] {processor.py:766} INFO - DAG(s) dict_keys(['example_bash_operator']) retrieved from /home/airflow/.local/lib/python3.7/site-packages/airflow/example_dags/example_bash_operator.py
[2023-01-26T23:26:18.043+0000] {logging_mixin.py:120} INFO - [2023-01-26T23:26:18.042+0000] {dag.py:2585} INFO - Sync 1 DAGs
[2023-01-26T23:26:18.060+0000] {logging_mixin.py:120} INFO - [2023-01-26T23:26:18.060+0000] {dag.py:3340} INFO - Setting next_dagrun for example_bash_operator to 2023-01-26T00:00:00+00:00, run_after=2023-01-27T00:00:00+00:00
[2023-01-26T23:26:18.073+0000] {processor.py:176} INFO - Processing /home/airflow/.local/lib/python3.7/site-packages/airflow/example_dags/example_bash_operator.py took 0.080 seconds
[2023-01-26T23:26:48.250+0000] {processor.py:154} INFO - Started process (PID=721) to work on /home/airflow/.local/lib/python3.7/site-packages/airflow/example_dags/example_bash_operator.py
[2023-01-26T23:26:48.251+0000] {processor.py:756} INFO - Processing file /home/airflow/.local/lib/python3.7/site-packages/airflow/example_dags/example_bash_operator.py for tasks to queue
[2023-01-26T23:26:48.251+0000] {logging_mixin.py:120} INFO - [2023-01-26T23:26:48.251+0000] {dagbag.py:537} INFO - Filling up the DagBag from /home/airflow/.local/lib/python3.7/site-packages/airflow/example_dags/example_bash_operator.py
[2023-01-26T23:26:48.265+0000] {processor.py:766} INFO - DAG(s) dict_keys(['example_bash_operator']) retrieved from /home/airflow/.local/lib/python3.7/site-packages/airflow/example_dags/example_bash_operator.py
[2023-01-26T23:26:48.295+0000] {logging_mixin.py:120} INFO - [2023-01-26T23:26:48.295+0000] {dag.py:2585} INFO - Sync 1 DAGs
[2023-01-26T23:26:48.312+0000] {logging_mixin.py:120} INFO - [2023-01-26T23:26:48.312+0000] {dag.py:3340} INFO - Setting next_dagrun for example_bash_operator to 2023-01-26T00:00:00+00:00, run_after=2023-01-27T00:00:00+00:00
[2023-01-26T23:26:48.325+0000] {processor.py:176} INFO - Processing /home/airflow/.local/lib/python3.7/site-packages/airflow/example_dags/example_bash_operator.py took 0.077 seconds
[2023-01-26T23:27:19.479+0000] {processor.py:154} INFO - Started process (PID=788) to work on /home/airflow/.local/lib/python3.7/site-packages/airflow/example_dags/example_bash_operator.py
[2023-01-26T23:27:19.479+0000] {processor.py:756} INFO - Processing file /home/airflow/.local/lib/python3.7/site-packages/airflow/example_dags/example_bash_operator.py for tasks to queue
[2023-01-26T23:27:19.479+0000] {logging_mixin.py:120} INFO - [2023-01-26T23:27:19.479+0000] {dagbag.py:537} INFO - Filling up the DagBag from /home/airflow/.local/lib/python3.7/site-packages/airflow/example_dags/example_bash_operator.py
[2023-01-26T23:27:19.493+0000] {processor.py:766} INFO - DAG(s) dict_keys(['example_bash_operator']) retrieved from /home/airflow/.local/lib/python3.7/site-packages/airflow/example_dags/example_bash_operator.py
[2023-01-26T23:27:19.522+0000] {logging_mixin.py:120} INFO - [2023-01-26T23:27:19.522+0000] {dag.py:2585} INFO - Sync 1 DAGs
[2023-01-26T23:27:19.541+0000] {logging_mixin.py:120} INFO - [2023-01-26T23:27:19.541+0000] {dag.py:3340} INFO - Setting next_dagrun for example_bash_operator to 2023-01-26T00:00:00+00:00, run_after=2023-01-27T00:00:00+00:00
[2023-01-26T23:27:19.555+0000] {processor.py:176} INFO - Processing /home/airflow/.local/lib/python3.7/site-packages/airflow/example_dags/example_bash_operator.py took 0.079 seconds
[2023-01-26T23:27:50.615+0000] {processor.py:154} INFO - Started process (PID=855) to work on /home/airflow/.local/lib/python3.7/site-packages/airflow/example_dags/example_bash_operator.py
[2023-01-26T23:27:50.615+0000] {processor.py:756} INFO - Processing file /home/airflow/.local/lib/python3.7/site-packages/airflow/example_dags/example_bash_operator.py for tasks to queue
[2023-01-26T23:27:50.616+0000] {logging_mixin.py:120} INFO - [2023-01-26T23:27:50.615+0000] {dagbag.py:537} INFO - Filling up the DagBag from /home/airflow/.local/lib/python3.7/site-packages/airflow/example_dags/example_bash_operator.py
[2023-01-26T23:27:50.629+0000] {processor.py:766} INFO - DAG(s) dict_keys(['example_bash_operator']) retrieved from /home/airflow/.local/lib/python3.7/site-packages/airflow/example_dags/example_bash_operator.py
[2023-01-26T23:27:50.660+0000] {logging_mixin.py:120} INFO - [2023-01-26T23:27:50.660+0000] {dag.py:2585} INFO - Sync 1 DAGs
[2023-01-26T23:27:50.680+0000] {logging_mixin.py:120} INFO - [2023-01-26T23:27:50.680+0000] {dag.py:3340} INFO - Setting next_dagrun for example_bash_operator to 2023-01-26T00:00:00+00:00, run_after=2023-01-27T00:00:00+00:00
[2023-01-26T23:27:50.695+0000] {processor.py:176} INFO - Processing /home/airflow/.local/lib/python3.7/site-packages/airflow/example_dags/example_bash_operator.py took 0.082 seconds
[2023-01-26T23:28:20.900+0000] {processor.py:154} INFO - Started process (PID=914) to work on /home/airflow/.local/lib/python3.7/site-packages/airflow/example_dags/example_bash_operator.py
[2023-01-26T23:28:20.901+0000] {processor.py:756} INFO - Processing file /home/airflow/.local/lib/python3.7/site-packages/airflow/example_dags/example_bash_operator.py for tasks to queue
[2023-01-26T23:28:20.902+0000] {logging_mixin.py:120} INFO - [2023-01-26T23:28:20.902+0000] {dagbag.py:537} INFO - Filling up the DagBag from /home/airflow/.local/lib/python3.7/site-packages/airflow/example_dags/example_bash_operator.py
[2023-01-26T23:28:20.918+0000] {processor.py:766} INFO - DAG(s) dict_keys(['example_bash_operator']) retrieved from /home/airflow/.local/lib/python3.7/site-packages/airflow/example_dags/example_bash_operator.py
[2023-01-26T23:28:20.949+0000] {logging_mixin.py:120} INFO - [2023-01-26T23:28:20.948+0000] {dag.py:2585} INFO - Sync 1 DAGs
[2023-01-26T23:28:20.966+0000] {logging_mixin.py:120} INFO - [2023-01-26T23:28:20.966+0000] {dag.py:3340} INFO - Setting next_dagrun for example_bash_operator to 2023-01-26T00:00:00+00:00, run_after=2023-01-27T00:00:00+00:00
[2023-01-26T23:28:20.978+0000] {processor.py:176} INFO - Processing /home/airflow/.local/lib/python3.7/site-packages/airflow/example_dags/example_bash_operator.py took 0.080 seconds
[2023-01-26T23:28:51.174+0000] {processor.py:154} INFO - Started process (PID=981) to work on /home/airflow/.local/lib/python3.7/site-packages/airflow/example_dags/example_bash_operator.py
[2023-01-26T23:28:51.175+0000] {processor.py:756} INFO - Processing file /home/airflow/.local/lib/python3.7/site-packages/airflow/example_dags/example_bash_operator.py for tasks to queue
[2023-01-26T23:28:51.175+0000] {logging_mixin.py:120} INFO - [2023-01-26T23:28:51.175+0000] {dagbag.py:537} INFO - Filling up the DagBag from /home/airflow/.local/lib/python3.7/site-packages/airflow/example_dags/example_bash_operator.py
[2023-01-26T23:28:51.189+0000] {processor.py:766} INFO - DAG(s) dict_keys(['example_bash_operator']) retrieved from /home/airflow/.local/lib/python3.7/site-packages/airflow/example_dags/example_bash_operator.py
[2023-01-26T23:28:51.220+0000] {logging_mixin.py:120} INFO - [2023-01-26T23:28:51.220+0000] {dag.py:2585} INFO - Sync 1 DAGs
[2023-01-26T23:28:51.238+0000] {logging_mixin.py:120} INFO - [2023-01-26T23:28:51.237+0000] {dag.py:3340} INFO - Setting next_dagrun for example_bash_operator to 2023-01-26T00:00:00+00:00, run_after=2023-01-27T00:00:00+00:00
[2023-01-26T23:28:51.250+0000] {processor.py:176} INFO - Processing /home/airflow/.local/lib/python3.7/site-packages/airflow/example_dags/example_bash_operator.py took 0.078 seconds
[2023-01-26T23:29:21.536+0000] {processor.py:154} INFO - Started process (PID=1048) to work on /home/airflow/.local/lib/python3.7/site-packages/airflow/example_dags/example_bash_operator.py
[2023-01-26T23:29:21.537+0000] {processor.py:756} INFO - Processing file /home/airflow/.local/lib/python3.7/site-packages/airflow/example_dags/example_bash_operator.py for tasks to queue
[2023-01-26T23:29:21.538+0000] {logging_mixin.py:120} INFO - [2023-01-26T23:29:21.538+0000] {dagbag.py:537} INFO - Filling up the DagBag from /home/airflow/.local/lib/python3.7/site-packages/airflow/example_dags/example_bash_operator.py
[2023-01-26T23:29:21.552+0000] {processor.py:766} INFO - DAG(s) dict_keys(['example_bash_operator']) retrieved from /home/airflow/.local/lib/python3.7/site-packages/airflow/example_dags/example_bash_operator.py
[2023-01-26T23:29:21.586+0000] {logging_mixin.py:120} INFO - [2023-01-26T23:29:21.586+0000] {dag.py:2585} INFO - Sync 1 DAGs
[2023-01-26T23:29:21.604+0000] {logging_mixin.py:120} INFO - [2023-01-26T23:29:21.604+0000] {dag.py:3340} INFO - Setting next_dagrun for example_bash_operator to 2023-01-26T00:00:00+00:00, run_after=2023-01-27T00:00:00+00:00
[2023-01-26T23:29:21.619+0000] {processor.py:176} INFO - Processing /home/airflow/.local/lib/python3.7/site-packages/airflow/example_dags/example_bash_operator.py took 0.084 seconds
[2023-01-26T23:29:51.709+0000] {processor.py:154} INFO - Started process (PID=1112) to work on /home/airflow/.local/lib/python3.7/site-packages/airflow/example_dags/example_bash_operator.py
[2023-01-26T23:29:51.709+0000] {processor.py:756} INFO - Processing file /home/airflow/.local/lib/python3.7/site-packages/airflow/example_dags/example_bash_operator.py for tasks to queue
[2023-01-26T23:29:51.710+0000] {logging_mixin.py:120} INFO - [2023-01-26T23:29:51.710+0000] {dagbag.py:537} INFO - Filling up the DagBag from /home/airflow/.local/lib/python3.7/site-packages/airflow/example_dags/example_bash_operator.py
[2023-01-26T23:29:51.723+0000] {processor.py:766} INFO - DAG(s) dict_keys(['example_bash_operator']) retrieved from /home/airflow/.local/lib/python3.7/site-packages/airflow/example_dags/example_bash_operator.py
[2023-01-26T23:29:51.753+0000] {logging_mixin.py:120} INFO - [2023-01-26T23:29:51.752+0000] {dag.py:2585} INFO - Sync 1 DAGs
[2023-01-26T23:29:51.771+0000] {logging_mixin.py:120} INFO - [2023-01-26T23:29:51.771+0000] {dag.py:3340} INFO - Setting next_dagrun for example_bash_operator to 2023-01-26T00:00:00+00:00, run_after=2023-01-27T00:00:00+00:00
[2023-01-26T23:29:51.784+0000] {processor.py:176} INFO - Processing /home/airflow/.local/lib/python3.7/site-packages/airflow/example_dags/example_bash_operator.py took 0.077 seconds
[2023-01-26T23:30:21.928+0000] {processor.py:154} INFO - Started process (PID=1170) to work on /home/airflow/.local/lib/python3.7/site-packages/airflow/example_dags/example_bash_operator.py
[2023-01-26T23:30:21.929+0000] {processor.py:756} INFO - Processing file /home/airflow/.local/lib/python3.7/site-packages/airflow/example_dags/example_bash_operator.py for tasks to queue
[2023-01-26T23:30:21.930+0000] {logging_mixin.py:120} INFO - [2023-01-26T23:30:21.930+0000] {dagbag.py:537} INFO - Filling up the DagBag from /home/airflow/.local/lib/python3.7/site-packages/airflow/example_dags/example_bash_operator.py
[2023-01-26T23:30:21.945+0000] {processor.py:766} INFO - DAG(s) dict_keys(['example_bash_operator']) retrieved from /home/airflow/.local/lib/python3.7/site-packages/airflow/example_dags/example_bash_operator.py
[2023-01-26T23:30:21.980+0000] {logging_mixin.py:120} INFO - [2023-01-26T23:30:21.980+0000] {dag.py:2585} INFO - Sync 1 DAGs
[2023-01-26T23:30:21.999+0000] {logging_mixin.py:120} INFO - [2023-01-26T23:30:21.999+0000] {dag.py:3340} INFO - Setting next_dagrun for example_bash_operator to 2023-01-26T00:00:00+00:00, run_after=2023-01-27T00:00:00+00:00
[2023-01-26T23:30:22.012+0000] {processor.py:176} INFO - Processing /home/airflow/.local/lib/python3.7/site-packages/airflow/example_dags/example_bash_operator.py took 0.086 seconds
[2023-01-26T23:30:52.233+0000] {processor.py:154} INFO - Started process (PID=1237) to work on /home/airflow/.local/lib/python3.7/site-packages/airflow/example_dags/example_bash_operator.py
[2023-01-26T23:30:52.234+0000] {processor.py:756} INFO - Processing file /home/airflow/.local/lib/python3.7/site-packages/airflow/example_dags/example_bash_operator.py for tasks to queue
[2023-01-26T23:30:52.235+0000] {logging_mixin.py:120} INFO - [2023-01-26T23:30:52.235+0000] {dagbag.py:537} INFO - Filling up the DagBag from /home/airflow/.local/lib/python3.7/site-packages/airflow/example_dags/example_bash_operator.py
[2023-01-26T23:30:52.248+0000] {processor.py:766} INFO - DAG(s) dict_keys(['example_bash_operator']) retrieved from /home/airflow/.local/lib/python3.7/site-packages/airflow/example_dags/example_bash_operator.py
[2023-01-26T23:30:52.279+0000] {logging_mixin.py:120} INFO - [2023-01-26T23:30:52.279+0000] {dag.py:2585} INFO - Sync 1 DAGs
[2023-01-26T23:30:52.297+0000] {logging_mixin.py:120} INFO - [2023-01-26T23:30:52.297+0000] {dag.py:3340} INFO - Setting next_dagrun for example_bash_operator to 2023-01-26T00:00:00+00:00, run_after=2023-01-27T00:00:00+00:00
[2023-01-26T23:30:52.310+0000] {processor.py:176} INFO - Processing /home/airflow/.local/lib/python3.7/site-packages/airflow/example_dags/example_bash_operator.py took 0.079 seconds
[2023-01-26T23:31:22.583+0000] {processor.py:154} INFO - Started process (PID=1304) to work on /home/airflow/.local/lib/python3.7/site-packages/airflow/example_dags/example_bash_operator.py
[2023-01-26T23:31:22.584+0000] {processor.py:756} INFO - Processing file /home/airflow/.local/lib/python3.7/site-packages/airflow/example_dags/example_bash_operator.py for tasks to queue
[2023-01-26T23:31:22.584+0000] {logging_mixin.py:120} INFO - [2023-01-26T23:31:22.584+0000] {dagbag.py:537} INFO - Filling up the DagBag from /home/airflow/.local/lib/python3.7/site-packages/airflow/example_dags/example_bash_operator.py
[2023-01-26T23:31:22.598+0000] {processor.py:766} INFO - DAG(s) dict_keys(['example_bash_operator']) retrieved from /home/airflow/.local/lib/python3.7/site-packages/airflow/example_dags/example_bash_operator.py
[2023-01-26T23:31:22.627+0000] {logging_mixin.py:120} INFO - [2023-01-26T23:31:22.627+0000] {dag.py:2585} INFO - Sync 1 DAGs
[2023-01-26T23:31:22.645+0000] {logging_mixin.py:120} INFO - [2023-01-26T23:31:22.645+0000] {dag.py:3340} INFO - Setting next_dagrun for example_bash_operator to 2023-01-26T00:00:00+00:00, run_after=2023-01-27T00:00:00+00:00
[2023-01-26T23:31:22.659+0000] {processor.py:176} INFO - Processing /home/airflow/.local/lib/python3.7/site-packages/airflow/example_dags/example_bash_operator.py took 0.077 seconds
[2023-01-26T23:31:52.983+0000] {processor.py:154} INFO - Started process (PID=1372) to work on /home/airflow/.local/lib/python3.7/site-packages/airflow/example_dags/example_bash_operator.py
[2023-01-26T23:31:52.984+0000] {processor.py:756} INFO - Processing file /home/airflow/.local/lib/python3.7/site-packages/airflow/example_dags/example_bash_operator.py for tasks to queue
[2023-01-26T23:31:52.985+0000] {logging_mixin.py:120} INFO - [2023-01-26T23:31:52.985+0000] {dagbag.py:537} INFO - Filling up the DagBag from /home/airflow/.local/lib/python3.7/site-packages/airflow/example_dags/example_bash_operator.py
[2023-01-26T23:31:52.999+0000] {processor.py:766} INFO - DAG(s) dict_keys(['example_bash_operator']) retrieved from /home/airflow/.local/lib/python3.7/site-packages/airflow/example_dags/example_bash_operator.py
[2023-01-26T23:31:53.029+0000] {logging_mixin.py:120} INFO - [2023-01-26T23:31:53.029+0000] {dag.py:2585} INFO - Sync 1 DAGs
[2023-01-26T23:31:53.048+0000] {logging_mixin.py:120} INFO - [2023-01-26T23:31:53.048+0000] {dag.py:3340} INFO - Setting next_dagrun for example_bash_operator to 2023-01-26T00:00:00+00:00, run_after=2023-01-27T00:00:00+00:00
[2023-01-26T23:31:53.061+0000] {processor.py:176} INFO - Processing /home/airflow/.local/lib/python3.7/site-packages/airflow/example_dags/example_bash_operator.py took 0.079 seconds
[2023-01-26T23:32:23.365+0000] {processor.py:154} INFO - Started process (PID=1439) to work on /home/airflow/.local/lib/python3.7/site-packages/airflow/example_dags/example_bash_operator.py
[2023-01-26T23:32:23.366+0000] {processor.py:756} INFO - Processing file /home/airflow/.local/lib/python3.7/site-packages/airflow/example_dags/example_bash_operator.py for tasks to queue
[2023-01-26T23:32:23.367+0000] {logging_mixin.py:120} INFO - [2023-01-26T23:32:23.367+0000] {dagbag.py:537} INFO - Filling up the DagBag from /home/airflow/.local/lib/python3.7/site-packages/airflow/example_dags/example_bash_operator.py
[2023-01-26T23:32:23.380+0000] {processor.py:766} INFO - DAG(s) dict_keys(['example_bash_operator']) retrieved from /home/airflow/.local/lib/python3.7/site-packages/airflow/example_dags/example_bash_operator.py
[2023-01-26T23:32:23.412+0000] {logging_mixin.py:120} INFO - [2023-01-26T23:32:23.412+0000] {dag.py:2585} INFO - Sync 1 DAGs
[2023-01-26T23:32:23.434+0000] {logging_mixin.py:120} INFO - [2023-01-26T23:32:23.434+0000] {dag.py:3340} INFO - Setting next_dagrun for example_bash_operator to 2023-01-26T00:00:00+00:00, run_after=2023-01-27T00:00:00+00:00
[2023-01-26T23:32:23.453+0000] {processor.py:176} INFO - Processing /home/airflow/.local/lib/python3.7/site-packages/airflow/example_dags/example_bash_operator.py took 0.089 seconds
[2023-01-26T23:32:54.555+0000] {processor.py:154} INFO - Started process (PID=1497) to work on /home/airflow/.local/lib/python3.7/site-packages/airflow/example_dags/example_bash_operator.py
[2023-01-26T23:32:54.556+0000] {processor.py:756} INFO - Processing file /home/airflow/.local/lib/python3.7/site-packages/airflow/example_dags/example_bash_operator.py for tasks to queue
[2023-01-26T23:32:54.556+0000] {logging_mixin.py:120} INFO - [2023-01-26T23:32:54.556+0000] {dagbag.py:537} INFO - Filling up the DagBag from /home/airflow/.local/lib/python3.7/site-packages/airflow/example_dags/example_bash_operator.py
[2023-01-26T23:32:54.570+0000] {processor.py:766} INFO - DAG(s) dict_keys(['example_bash_operator']) retrieved from /home/airflow/.local/lib/python3.7/site-packages/airflow/example_dags/example_bash_operator.py
[2023-01-26T23:32:54.601+0000] {logging_mixin.py:120} INFO - [2023-01-26T23:32:54.601+0000] {dag.py:2585} INFO - Sync 1 DAGs
[2023-01-26T23:32:54.619+0000] {logging_mixin.py:120} INFO - [2023-01-26T23:32:54.619+0000] {dag.py:3340} INFO - Setting next_dagrun for example_bash_operator to 2023-01-26T00:00:00+00:00, run_after=2023-01-27T00:00:00+00:00
[2023-01-26T23:32:54.634+0000] {processor.py:176} INFO - Processing /home/airflow/.local/lib/python3.7/site-packages/airflow/example_dags/example_bash_operator.py took 0.081 seconds
[2023-01-26T23:33:24.847+0000] {processor.py:154} INFO - Started process (PID=1564) to work on /home/airflow/.local/lib/python3.7/site-packages/airflow/example_dags/example_bash_operator.py
[2023-01-26T23:33:24.848+0000] {processor.py:756} INFO - Processing file /home/airflow/.local/lib/python3.7/site-packages/airflow/example_dags/example_bash_operator.py for tasks to queue
[2023-01-26T23:33:24.848+0000] {logging_mixin.py:120} INFO - [2023-01-26T23:33:24.848+0000] {dagbag.py:537} INFO - Filling up the DagBag from /home/airflow/.local/lib/python3.7/site-packages/airflow/example_dags/example_bash_operator.py
[2023-01-26T23:33:24.864+0000] {processor.py:766} INFO - DAG(s) dict_keys(['example_bash_operator']) retrieved from /home/airflow/.local/lib/python3.7/site-packages/airflow/example_dags/example_bash_operator.py
[2023-01-26T23:33:24.921+0000] {logging_mixin.py:120} INFO - [2023-01-26T23:33:24.920+0000] {dag.py:2585} INFO - Sync 1 DAGs
[2023-01-26T23:33:24.942+0000] {logging_mixin.py:120} INFO - [2023-01-26T23:33:24.941+0000] {dag.py:3340} INFO - Setting next_dagrun for example_bash_operator to 2023-01-26T00:00:00+00:00, run_after=2023-01-27T00:00:00+00:00
[2023-01-26T23:33:24.953+0000] {processor.py:176} INFO - Processing /home/airflow/.local/lib/python3.7/site-packages/airflow/example_dags/example_bash_operator.py took 0.108 seconds
[2023-01-26T23:33:55.068+0000] {processor.py:154} INFO - Started process (PID=1631) to work on /home/airflow/.local/lib/python3.7/site-packages/airflow/example_dags/example_bash_operator.py
[2023-01-26T23:33:55.068+0000] {processor.py:756} INFO - Processing file /home/airflow/.local/lib/python3.7/site-packages/airflow/example_dags/example_bash_operator.py for tasks to queue
[2023-01-26T23:33:55.069+0000] {logging_mixin.py:120} INFO - [2023-01-26T23:33:55.069+0000] {dagbag.py:537} INFO - Filling up the DagBag from /home/airflow/.local/lib/python3.7/site-packages/airflow/example_dags/example_bash_operator.py
[2023-01-26T23:33:55.082+0000] {processor.py:766} INFO - DAG(s) dict_keys(['example_bash_operator']) retrieved from /home/airflow/.local/lib/python3.7/site-packages/airflow/example_dags/example_bash_operator.py
[2023-01-26T23:33:55.113+0000] {logging_mixin.py:120} INFO - [2023-01-26T23:33:55.112+0000] {dag.py:2585} INFO - Sync 1 DAGs
[2023-01-26T23:33:55.138+0000] {logging_mixin.py:120} INFO - [2023-01-26T23:33:55.137+0000] {dag.py:3340} INFO - Setting next_dagrun for example_bash_operator to 2023-01-26T00:00:00+00:00, run_after=2023-01-27T00:00:00+00:00
[2023-01-26T23:33:55.152+0000] {processor.py:176} INFO - Processing /home/airflow/.local/lib/python3.7/site-packages/airflow/example_dags/example_bash_operator.py took 0.087 seconds
[2023-01-26T23:34:25.313+0000] {processor.py:154} INFO - Started process (PID=1698) to work on /home/airflow/.local/lib/python3.7/site-packages/airflow/example_dags/example_bash_operator.py
[2023-01-26T23:34:25.313+0000] {processor.py:756} INFO - Processing file /home/airflow/.local/lib/python3.7/site-packages/airflow/example_dags/example_bash_operator.py for tasks to queue
[2023-01-26T23:34:25.314+0000] {logging_mixin.py:120} INFO - [2023-01-26T23:34:25.314+0000] {dagbag.py:537} INFO - Filling up the DagBag from /home/airflow/.local/lib/python3.7/site-packages/airflow/example_dags/example_bash_operator.py
[2023-01-26T23:34:25.327+0000] {processor.py:766} INFO - DAG(s) dict_keys(['example_bash_operator']) retrieved from /home/airflow/.local/lib/python3.7/site-packages/airflow/example_dags/example_bash_operator.py
[2023-01-26T23:34:25.356+0000] {logging_mixin.py:120} INFO - [2023-01-26T23:34:25.356+0000] {dag.py:2585} INFO - Sync 1 DAGs
[2023-01-26T23:34:25.373+0000] {logging_mixin.py:120} INFO - [2023-01-26T23:34:25.373+0000] {dag.py:3340} INFO - Setting next_dagrun for example_bash_operator to 2023-01-26T00:00:00+00:00, run_after=2023-01-27T00:00:00+00:00
[2023-01-26T23:34:25.386+0000] {processor.py:176} INFO - Processing /home/airflow/.local/lib/python3.7/site-packages/airflow/example_dags/example_bash_operator.py took 0.075 seconds
[2023-01-26T23:34:55.695+0000] {processor.py:154} INFO - Started process (PID=1756) to work on /home/airflow/.local/lib/python3.7/site-packages/airflow/example_dags/example_bash_operator.py
[2023-01-26T23:34:55.696+0000] {processor.py:756} INFO - Processing file /home/airflow/.local/lib/python3.7/site-packages/airflow/example_dags/example_bash_operator.py for tasks to queue
[2023-01-26T23:34:55.696+0000] {logging_mixin.py:120} INFO - [2023-01-26T23:34:55.696+0000] {dagbag.py:537} INFO - Filling up the DagBag from /home/airflow/.local/lib/python3.7/site-packages/airflow/example_dags/example_bash_operator.py
[2023-01-26T23:34:55.717+0000] {processor.py:766} INFO - DAG(s) dict_keys(['example_bash_operator']) retrieved from /home/airflow/.local/lib/python3.7/site-packages/airflow/example_dags/example_bash_operator.py
[2023-01-26T23:34:55.764+0000] {logging_mixin.py:120} INFO - [2023-01-26T23:34:55.764+0000] {dag.py:2585} INFO - Sync 1 DAGs
[2023-01-26T23:34:55.790+0000] {logging_mixin.py:120} INFO - [2023-01-26T23:34:55.790+0000] {dag.py:3340} INFO - Setting next_dagrun for example_bash_operator to 2023-01-26T00:00:00+00:00, run_after=2023-01-27T00:00:00+00:00
[2023-01-26T23:34:55.811+0000] {processor.py:176} INFO - Processing /home/airflow/.local/lib/python3.7/site-packages/airflow/example_dags/example_bash_operator.py took 0.118 seconds
[2023-01-26T23:35:26.823+0000] {processor.py:154} INFO - Started process (PID=1824) to work on /home/airflow/.local/lib/python3.7/site-packages/airflow/example_dags/example_bash_operator.py
[2023-01-26T23:35:26.823+0000] {processor.py:756} INFO - Processing file /home/airflow/.local/lib/python3.7/site-packages/airflow/example_dags/example_bash_operator.py for tasks to queue
[2023-01-26T23:35:26.824+0000] {logging_mixin.py:120} INFO - [2023-01-26T23:35:26.823+0000] {dagbag.py:537} INFO - Filling up the DagBag from /home/airflow/.local/lib/python3.7/site-packages/airflow/example_dags/example_bash_operator.py
[2023-01-26T23:35:26.838+0000] {processor.py:766} INFO - DAG(s) dict_keys(['example_bash_operator']) retrieved from /home/airflow/.local/lib/python3.7/site-packages/airflow/example_dags/example_bash_operator.py
[2023-01-26T23:35:26.872+0000] {logging_mixin.py:120} INFO - [2023-01-26T23:35:26.872+0000] {dag.py:2585} INFO - Sync 1 DAGs
[2023-01-26T23:35:26.893+0000] {logging_mixin.py:120} INFO - [2023-01-26T23:35:26.893+0000] {dag.py:3340} INFO - Setting next_dagrun for example_bash_operator to 2023-01-26T00:00:00+00:00, run_after=2023-01-27T00:00:00+00:00
[2023-01-26T23:35:26.908+0000] {processor.py:176} INFO - Processing /home/airflow/.local/lib/python3.7/site-packages/airflow/example_dags/example_bash_operator.py took 0.087 seconds
[2023-01-26T23:35:58.037+0000] {processor.py:154} INFO - Started process (PID=1890) to work on /home/airflow/.local/lib/python3.7/site-packages/airflow/example_dags/example_bash_operator.py
[2023-01-26T23:35:58.038+0000] {processor.py:756} INFO - Processing file /home/airflow/.local/lib/python3.7/site-packages/airflow/example_dags/example_bash_operator.py for tasks to queue
[2023-01-26T23:35:58.039+0000] {logging_mixin.py:120} INFO - [2023-01-26T23:35:58.039+0000] {dagbag.py:537} INFO - Filling up the DagBag from /home/airflow/.local/lib/python3.7/site-packages/airflow/example_dags/example_bash_operator.py
[2023-01-26T23:35:58.054+0000] {processor.py:766} INFO - DAG(s) dict_keys(['example_bash_operator']) retrieved from /home/airflow/.local/lib/python3.7/site-packages/airflow/example_dags/example_bash_operator.py
[2023-01-26T23:35:58.088+0000] {logging_mixin.py:120} INFO - [2023-01-26T23:35:58.087+0000] {dag.py:2585} INFO - Sync 1 DAGs
[2023-01-26T23:35:58.106+0000] {logging_mixin.py:120} INFO - [2023-01-26T23:35:58.105+0000] {dag.py:3340} INFO - Setting next_dagrun for example_bash_operator to 2023-01-26T00:00:00+00:00, run_after=2023-01-27T00:00:00+00:00
[2023-01-26T23:35:58.119+0000] {processor.py:176} INFO - Processing /home/airflow/.local/lib/python3.7/site-packages/airflow/example_dags/example_bash_operator.py took 0.085 seconds
[2023-01-26T23:36:29.169+0000] {processor.py:154} INFO - Started process (PID=1956) to work on /home/airflow/.local/lib/python3.7/site-packages/airflow/example_dags/example_bash_operator.py
[2023-01-26T23:36:29.170+0000] {processor.py:756} INFO - Processing file /home/airflow/.local/lib/python3.7/site-packages/airflow/example_dags/example_bash_operator.py for tasks to queue
[2023-01-26T23:36:29.171+0000] {logging_mixin.py:120} INFO - [2023-01-26T23:36:29.170+0000] {dagbag.py:537} INFO - Filling up the DagBag from /home/airflow/.local/lib/python3.7/site-packages/airflow/example_dags/example_bash_operator.py
[2023-01-26T23:36:29.187+0000] {processor.py:766} INFO - DAG(s) dict_keys(['example_bash_operator']) retrieved from /home/airflow/.local/lib/python3.7/site-packages/airflow/example_dags/example_bash_operator.py
[2023-01-26T23:36:29.223+0000] {logging_mixin.py:120} INFO - [2023-01-26T23:36:29.223+0000] {dag.py:2585} INFO - Sync 1 DAGs
[2023-01-26T23:36:29.243+0000] {logging_mixin.py:120} INFO - [2023-01-26T23:36:29.243+0000] {dag.py:3340} INFO - Setting next_dagrun for example_bash_operator to 2023-01-26T00:00:00+00:00, run_after=2023-01-27T00:00:00+00:00
[2023-01-26T23:36:29.257+0000] {processor.py:176} INFO - Processing /home/airflow/.local/lib/python3.7/site-packages/airflow/example_dags/example_bash_operator.py took 0.089 seconds
[2023-01-26T23:36:59.506+0000] {processor.py:154} INFO - Started process (PID=2023) to work on /home/airflow/.local/lib/python3.7/site-packages/airflow/example_dags/example_bash_operator.py
[2023-01-26T23:36:59.507+0000] {processor.py:756} INFO - Processing file /home/airflow/.local/lib/python3.7/site-packages/airflow/example_dags/example_bash_operator.py for tasks to queue
[2023-01-26T23:36:59.508+0000] {logging_mixin.py:120} INFO - [2023-01-26T23:36:59.508+0000] {dagbag.py:537} INFO - Filling up the DagBag from /home/airflow/.local/lib/python3.7/site-packages/airflow/example_dags/example_bash_operator.py
[2023-01-26T23:36:59.524+0000] {processor.py:766} INFO - DAG(s) dict_keys(['example_bash_operator']) retrieved from /home/airflow/.local/lib/python3.7/site-packages/airflow/example_dags/example_bash_operator.py
[2023-01-26T23:36:59.556+0000] {logging_mixin.py:120} INFO - [2023-01-26T23:36:59.556+0000] {dag.py:2585} INFO - Sync 1 DAGs
[2023-01-26T23:36:59.573+0000] {logging_mixin.py:120} INFO - [2023-01-26T23:36:59.573+0000] {dag.py:3340} INFO - Setting next_dagrun for example_bash_operator to 2023-01-26T00:00:00+00:00, run_after=2023-01-27T00:00:00+00:00
[2023-01-26T23:36:59.588+0000] {processor.py:176} INFO - Processing /home/airflow/.local/lib/python3.7/site-packages/airflow/example_dags/example_bash_operator.py took 0.084 seconds
[2023-01-26T23:37:29.747+0000] {processor.py:154} INFO - Started process (PID=2091) to work on /home/airflow/.local/lib/python3.7/site-packages/airflow/example_dags/example_bash_operator.py
[2023-01-26T23:37:29.748+0000] {processor.py:756} INFO - Processing file /home/airflow/.local/lib/python3.7/site-packages/airflow/example_dags/example_bash_operator.py for tasks to queue
[2023-01-26T23:37:29.749+0000] {logging_mixin.py:120} INFO - [2023-01-26T23:37:29.748+0000] {dagbag.py:537} INFO - Filling up the DagBag from /home/airflow/.local/lib/python3.7/site-packages/airflow/example_dags/example_bash_operator.py
[2023-01-26T23:37:29.764+0000] {processor.py:766} INFO - DAG(s) dict_keys(['example_bash_operator']) retrieved from /home/airflow/.local/lib/python3.7/site-packages/airflow/example_dags/example_bash_operator.py
[2023-01-26T23:37:29.803+0000] {logging_mixin.py:120} INFO - [2023-01-26T23:37:29.803+0000] {dag.py:2585} INFO - Sync 1 DAGs
[2023-01-26T23:37:29.828+0000] {logging_mixin.py:120} INFO - [2023-01-26T23:37:29.828+0000] {dag.py:3340} INFO - Setting next_dagrun for example_bash_operator to 2023-01-26T00:00:00+00:00, run_after=2023-01-27T00:00:00+00:00
[2023-01-26T23:37:29.841+0000] {processor.py:176} INFO - Processing /home/airflow/.local/lib/python3.7/site-packages/airflow/example_dags/example_bash_operator.py took 0.096 seconds
[2023-01-26T23:38:00.892+0000] {processor.py:154} INFO - Started process (PID=2150) to work on /home/airflow/.local/lib/python3.7/site-packages/airflow/example_dags/example_bash_operator.py
[2023-01-26T23:38:00.893+0000] {processor.py:756} INFO - Processing file /home/airflow/.local/lib/python3.7/site-packages/airflow/example_dags/example_bash_operator.py for tasks to queue
[2023-01-26T23:38:00.894+0000] {logging_mixin.py:120} INFO - [2023-01-26T23:38:00.894+0000] {dagbag.py:537} INFO - Filling up the DagBag from /home/airflow/.local/lib/python3.7/site-packages/airflow/example_dags/example_bash_operator.py
[2023-01-26T23:38:00.910+0000] {processor.py:766} INFO - DAG(s) dict_keys(['example_bash_operator']) retrieved from /home/airflow/.local/lib/python3.7/site-packages/airflow/example_dags/example_bash_operator.py
[2023-01-26T23:38:00.941+0000] {logging_mixin.py:120} INFO - [2023-01-26T23:38:00.941+0000] {dag.py:2585} INFO - Sync 1 DAGs
[2023-01-26T23:38:00.958+0000] {logging_mixin.py:120} INFO - [2023-01-26T23:38:00.958+0000] {dag.py:3340} INFO - Setting next_dagrun for example_bash_operator to 2023-01-26T00:00:00+00:00, run_after=2023-01-27T00:00:00+00:00
[2023-01-26T23:38:00.971+0000] {processor.py:176} INFO - Processing /home/airflow/.local/lib/python3.7/site-packages/airflow/example_dags/example_bash_operator.py took 0.081 seconds
[2023-01-26T23:38:31.284+0000] {processor.py:154} INFO - Started process (PID=2218) to work on /home/airflow/.local/lib/python3.7/site-packages/airflow/example_dags/example_bash_operator.py
[2023-01-26T23:38:31.285+0000] {processor.py:756} INFO - Processing file /home/airflow/.local/lib/python3.7/site-packages/airflow/example_dags/example_bash_operator.py for tasks to queue
[2023-01-26T23:38:31.285+0000] {logging_mixin.py:120} INFO - [2023-01-26T23:38:31.285+0000] {dagbag.py:537} INFO - Filling up the DagBag from /home/airflow/.local/lib/python3.7/site-packages/airflow/example_dags/example_bash_operator.py
[2023-01-26T23:38:31.299+0000] {processor.py:766} INFO - DAG(s) dict_keys(['example_bash_operator']) retrieved from /home/airflow/.local/lib/python3.7/site-packages/airflow/example_dags/example_bash_operator.py
[2023-01-26T23:38:31.328+0000] {logging_mixin.py:120} INFO - [2023-01-26T23:38:31.328+0000] {dag.py:2585} INFO - Sync 1 DAGs
[2023-01-26T23:38:31.345+0000] {logging_mixin.py:120} INFO - [2023-01-26T23:38:31.345+0000] {dag.py:3340} INFO - Setting next_dagrun for example_bash_operator to 2023-01-26T00:00:00+00:00, run_after=2023-01-27T00:00:00+00:00
[2023-01-26T23:38:31.358+0000] {processor.py:176} INFO - Processing /home/airflow/.local/lib/python3.7/site-packages/airflow/example_dags/example_bash_operator.py took 0.076 seconds
[2023-01-26T23:39:01.595+0000] {processor.py:154} INFO - Started process (PID=2286) to work on /home/airflow/.local/lib/python3.7/site-packages/airflow/example_dags/example_bash_operator.py
[2023-01-26T23:39:01.596+0000] {processor.py:756} INFO - Processing file /home/airflow/.local/lib/python3.7/site-packages/airflow/example_dags/example_bash_operator.py for tasks to queue
[2023-01-26T23:39:01.596+0000] {logging_mixin.py:120} INFO - [2023-01-26T23:39:01.596+0000] {dagbag.py:537} INFO - Filling up the DagBag from /home/airflow/.local/lib/python3.7/site-packages/airflow/example_dags/example_bash_operator.py
[2023-01-26T23:39:01.611+0000] {processor.py:766} INFO - DAG(s) dict_keys(['example_bash_operator']) retrieved from /home/airflow/.local/lib/python3.7/site-packages/airflow/example_dags/example_bash_operator.py
[2023-01-26T23:39:01.642+0000] {logging_mixin.py:120} INFO - [2023-01-26T23:39:01.642+0000] {dag.py:2585} INFO - Sync 1 DAGs
[2023-01-26T23:39:01.664+0000] {logging_mixin.py:120} INFO - [2023-01-26T23:39:01.664+0000] {dag.py:3340} INFO - Setting next_dagrun for example_bash_operator to 2023-01-26T00:00:00+00:00, run_after=2023-01-27T00:00:00+00:00
[2023-01-26T23:39:01.678+0000] {processor.py:176} INFO - Processing /home/airflow/.local/lib/python3.7/site-packages/airflow/example_dags/example_bash_operator.py took 0.084 seconds
[2023-01-26T23:39:31.980+0000] {processor.py:154} INFO - Started process (PID=2354) to work on /home/airflow/.local/lib/python3.7/site-packages/airflow/example_dags/example_bash_operator.py
[2023-01-26T23:39:31.981+0000] {processor.py:756} INFO - Processing file /home/airflow/.local/lib/python3.7/site-packages/airflow/example_dags/example_bash_operator.py for tasks to queue
[2023-01-26T23:39:31.982+0000] {logging_mixin.py:120} INFO - [2023-01-26T23:39:31.982+0000] {dagbag.py:537} INFO - Filling up the DagBag from /home/airflow/.local/lib/python3.7/site-packages/airflow/example_dags/example_bash_operator.py
[2023-01-26T23:39:31.998+0000] {processor.py:766} INFO - DAG(s) dict_keys(['example_bash_operator']) retrieved from /home/airflow/.local/lib/python3.7/site-packages/airflow/example_dags/example_bash_operator.py
[2023-01-26T23:39:32.049+0000] {logging_mixin.py:120} INFO - [2023-01-26T23:39:32.049+0000] {dag.py:2585} INFO - Sync 1 DAGs
[2023-01-26T23:39:32.070+0000] {logging_mixin.py:120} INFO - [2023-01-26T23:39:32.070+0000] {dag.py:3340} INFO - Setting next_dagrun for example_bash_operator to 2023-01-26T00:00:00+00:00, run_after=2023-01-27T00:00:00+00:00
[2023-01-26T23:39:32.084+0000] {processor.py:176} INFO - Processing /home/airflow/.local/lib/python3.7/site-packages/airflow/example_dags/example_bash_operator.py took 0.105 seconds
[2023-01-26T23:40:03.142+0000] {processor.py:154} INFO - Started process (PID=2422) to work on /home/airflow/.local/lib/python3.7/site-packages/airflow/example_dags/example_bash_operator.py
[2023-01-26T23:40:03.143+0000] {processor.py:756} INFO - Processing file /home/airflow/.local/lib/python3.7/site-packages/airflow/example_dags/example_bash_operator.py for tasks to queue
[2023-01-26T23:40:03.144+0000] {logging_mixin.py:120} INFO - [2023-01-26T23:40:03.144+0000] {dagbag.py:537} INFO - Filling up the DagBag from /home/airflow/.local/lib/python3.7/site-packages/airflow/example_dags/example_bash_operator.py
[2023-01-26T23:40:03.158+0000] {processor.py:766} INFO - DAG(s) dict_keys(['example_bash_operator']) retrieved from /home/airflow/.local/lib/python3.7/site-packages/airflow/example_dags/example_bash_operator.py
[2023-01-26T23:40:03.187+0000] {logging_mixin.py:120} INFO - [2023-01-26T23:40:03.187+0000] {dag.py:2585} INFO - Sync 1 DAGs
[2023-01-26T23:40:03.205+0000] {logging_mixin.py:120} INFO - [2023-01-26T23:40:03.205+0000] {dag.py:3340} INFO - Setting next_dagrun for example_bash_operator to 2023-01-26T00:00:00+00:00, run_after=2023-01-27T00:00:00+00:00
[2023-01-26T23:40:03.218+0000] {processor.py:176} INFO - Processing /home/airflow/.local/lib/python3.7/site-packages/airflow/example_dags/example_bash_operator.py took 0.078 seconds
[2023-01-26T23:40:34.305+0000] {processor.py:154} INFO - Started process (PID=2488) to work on /home/airflow/.local/lib/python3.7/site-packages/airflow/example_dags/example_bash_operator.py
[2023-01-26T23:40:34.306+0000] {processor.py:756} INFO - Processing file /home/airflow/.local/lib/python3.7/site-packages/airflow/example_dags/example_bash_operator.py for tasks to queue
[2023-01-26T23:40:34.306+0000] {logging_mixin.py:120} INFO - [2023-01-26T23:40:34.306+0000] {dagbag.py:537} INFO - Filling up the DagBag from /home/airflow/.local/lib/python3.7/site-packages/airflow/example_dags/example_bash_operator.py
[2023-01-26T23:40:34.321+0000] {processor.py:766} INFO - DAG(s) dict_keys(['example_bash_operator']) retrieved from /home/airflow/.local/lib/python3.7/site-packages/airflow/example_dags/example_bash_operator.py
[2023-01-26T23:40:34.351+0000] {logging_mixin.py:120} INFO - [2023-01-26T23:40:34.351+0000] {dag.py:2585} INFO - Sync 1 DAGs
[2023-01-26T23:40:34.368+0000] {logging_mixin.py:120} INFO - [2023-01-26T23:40:34.368+0000] {dag.py:3340} INFO - Setting next_dagrun for example_bash_operator to 2023-01-26T00:00:00+00:00, run_after=2023-01-27T00:00:00+00:00
[2023-01-26T23:40:34.380+0000] {processor.py:176} INFO - Processing /home/airflow/.local/lib/python3.7/site-packages/airflow/example_dags/example_bash_operator.py took 0.076 seconds
[2023-01-26T23:41:05.466+0000] {processor.py:154} INFO - Started process (PID=2549) to work on /home/airflow/.local/lib/python3.7/site-packages/airflow/example_dags/example_bash_operator.py
[2023-01-26T23:41:05.467+0000] {processor.py:756} INFO - Processing file /home/airflow/.local/lib/python3.7/site-packages/airflow/example_dags/example_bash_operator.py for tasks to queue
[2023-01-26T23:41:05.468+0000] {logging_mixin.py:120} INFO - [2023-01-26T23:41:05.468+0000] {dagbag.py:537} INFO - Filling up the DagBag from /home/airflow/.local/lib/python3.7/site-packages/airflow/example_dags/example_bash_operator.py
[2023-01-26T23:41:05.482+0000] {processor.py:766} INFO - DAG(s) dict_keys(['example_bash_operator']) retrieved from /home/airflow/.local/lib/python3.7/site-packages/airflow/example_dags/example_bash_operator.py
[2023-01-26T23:41:05.512+0000] {logging_mixin.py:120} INFO - [2023-01-26T23:41:05.512+0000] {dag.py:2585} INFO - Sync 1 DAGs
[2023-01-26T23:41:05.531+0000] {logging_mixin.py:120} INFO - [2023-01-26T23:41:05.530+0000] {dag.py:3340} INFO - Setting next_dagrun for example_bash_operator to 2023-01-26T00:00:00+00:00, run_after=2023-01-27T00:00:00+00:00
[2023-01-26T23:41:05.543+0000] {processor.py:176} INFO - Processing /home/airflow/.local/lib/python3.7/site-packages/airflow/example_dags/example_bash_operator.py took 0.078 seconds
[2023-01-26T23:41:36.463+0000] {processor.py:154} INFO - Started process (PID=2617) to work on /home/airflow/.local/lib/python3.7/site-packages/airflow/example_dags/example_bash_operator.py
[2023-01-26T23:41:36.464+0000] {processor.py:756} INFO - Processing file /home/airflow/.local/lib/python3.7/site-packages/airflow/example_dags/example_bash_operator.py for tasks to queue
[2023-01-26T23:41:36.464+0000] {logging_mixin.py:120} INFO - [2023-01-26T23:41:36.464+0000] {dagbag.py:537} INFO - Filling up the DagBag from /home/airflow/.local/lib/python3.7/site-packages/airflow/example_dags/example_bash_operator.py
[2023-01-26T23:41:36.478+0000] {processor.py:766} INFO - DAG(s) dict_keys(['example_bash_operator']) retrieved from /home/airflow/.local/lib/python3.7/site-packages/airflow/example_dags/example_bash_operator.py
[2023-01-26T23:41:36.493+0000] {logging_mixin.py:120} INFO - [2023-01-26T23:41:36.492+0000] {dag.py:2585} INFO - Sync 1 DAGs
[2023-01-26T23:41:36.511+0000] {logging_mixin.py:120} INFO - [2023-01-26T23:41:36.511+0000] {dag.py:3340} INFO - Setting next_dagrun for example_bash_operator to 2023-01-26T00:00:00+00:00, run_after=2023-01-27T00:00:00+00:00
[2023-01-26T23:41:36.524+0000] {processor.py:176} INFO - Processing /home/airflow/.local/lib/python3.7/site-packages/airflow/example_dags/example_bash_operator.py took 0.062 seconds
[2023-01-26T23:42:06.696+0000] {processor.py:154} INFO - Started process (PID=2685) to work on /home/airflow/.local/lib/python3.7/site-packages/airflow/example_dags/example_bash_operator.py
[2023-01-26T23:42:06.697+0000] {processor.py:756} INFO - Processing file /home/airflow/.local/lib/python3.7/site-packages/airflow/example_dags/example_bash_operator.py for tasks to queue
[2023-01-26T23:42:06.697+0000] {logging_mixin.py:120} INFO - [2023-01-26T23:42:06.697+0000] {dagbag.py:537} INFO - Filling up the DagBag from /home/airflow/.local/lib/python3.7/site-packages/airflow/example_dags/example_bash_operator.py
[2023-01-26T23:42:06.711+0000] {processor.py:766} INFO - DAG(s) dict_keys(['example_bash_operator']) retrieved from /home/airflow/.local/lib/python3.7/site-packages/airflow/example_dags/example_bash_operator.py
[2023-01-26T23:42:06.742+0000] {logging_mixin.py:120} INFO - [2023-01-26T23:42:06.742+0000] {dag.py:2585} INFO - Sync 1 DAGs
[2023-01-26T23:42:06.760+0000] {logging_mixin.py:120} INFO - [2023-01-26T23:42:06.759+0000] {dag.py:3340} INFO - Setting next_dagrun for example_bash_operator to 2023-01-26T00:00:00+00:00, run_after=2023-01-27T00:00:00+00:00
[2023-01-26T23:42:06.772+0000] {processor.py:176} INFO - Processing /home/airflow/.local/lib/python3.7/site-packages/airflow/example_dags/example_bash_operator.py took 0.077 seconds
[2023-01-26T23:42:36.954+0000] {processor.py:154} INFO - Started process (PID=2753) to work on /home/airflow/.local/lib/python3.7/site-packages/airflow/example_dags/example_bash_operator.py
[2023-01-26T23:42:36.955+0000] {processor.py:756} INFO - Processing file /home/airflow/.local/lib/python3.7/site-packages/airflow/example_dags/example_bash_operator.py for tasks to queue
[2023-01-26T23:42:36.955+0000] {logging_mixin.py:120} INFO - [2023-01-26T23:42:36.955+0000] {dagbag.py:537} INFO - Filling up the DagBag from /home/airflow/.local/lib/python3.7/site-packages/airflow/example_dags/example_bash_operator.py
[2023-01-26T23:42:36.969+0000] {processor.py:766} INFO - DAG(s) dict_keys(['example_bash_operator']) retrieved from /home/airflow/.local/lib/python3.7/site-packages/airflow/example_dags/example_bash_operator.py
[2023-01-26T23:42:36.998+0000] {logging_mixin.py:120} INFO - [2023-01-26T23:42:36.998+0000] {dag.py:2585} INFO - Sync 1 DAGs
[2023-01-26T23:42:37.015+0000] {logging_mixin.py:120} INFO - [2023-01-26T23:42:37.015+0000] {dag.py:3340} INFO - Setting next_dagrun for example_bash_operator to 2023-01-26T00:00:00+00:00, run_after=2023-01-27T00:00:00+00:00
[2023-01-26T23:42:37.029+0000] {processor.py:176} INFO - Processing /home/airflow/.local/lib/python3.7/site-packages/airflow/example_dags/example_bash_operator.py took 0.076 seconds
[2023-01-26T23:43:07.301+0000] {processor.py:154} INFO - Started process (PID=2820) to work on /home/airflow/.local/lib/python3.7/site-packages/airflow/example_dags/example_bash_operator.py
[2023-01-26T23:43:07.301+0000] {processor.py:756} INFO - Processing file /home/airflow/.local/lib/python3.7/site-packages/airflow/example_dags/example_bash_operator.py for tasks to queue
[2023-01-26T23:43:07.302+0000] {logging_mixin.py:120} INFO - [2023-01-26T23:43:07.302+0000] {dagbag.py:537} INFO - Filling up the DagBag from /home/airflow/.local/lib/python3.7/site-packages/airflow/example_dags/example_bash_operator.py
[2023-01-26T23:43:07.316+0000] {processor.py:766} INFO - DAG(s) dict_keys(['example_bash_operator']) retrieved from /home/airflow/.local/lib/python3.7/site-packages/airflow/example_dags/example_bash_operator.py
[2023-01-26T23:43:07.350+0000] {logging_mixin.py:120} INFO - [2023-01-26T23:43:07.350+0000] {dag.py:2585} INFO - Sync 1 DAGs
[2023-01-26T23:43:07.369+0000] {logging_mixin.py:120} INFO - [2023-01-26T23:43:07.368+0000] {dag.py:3340} INFO - Setting next_dagrun for example_bash_operator to 2023-01-26T00:00:00+00:00, run_after=2023-01-27T00:00:00+00:00
[2023-01-26T23:43:07.381+0000] {processor.py:176} INFO - Processing /home/airflow/.local/lib/python3.7/site-packages/airflow/example_dags/example_bash_operator.py took 0.082 seconds
[2023-01-26T23:43:37.531+0000] {processor.py:154} INFO - Started process (PID=2879) to work on /home/airflow/.local/lib/python3.7/site-packages/airflow/example_dags/example_bash_operator.py
[2023-01-26T23:43:37.532+0000] {processor.py:756} INFO - Processing file /home/airflow/.local/lib/python3.7/site-packages/airflow/example_dags/example_bash_operator.py for tasks to queue
[2023-01-26T23:43:37.532+0000] {logging_mixin.py:120} INFO - [2023-01-26T23:43:37.532+0000] {dagbag.py:537} INFO - Filling up the DagBag from /home/airflow/.local/lib/python3.7/site-packages/airflow/example_dags/example_bash_operator.py
[2023-01-26T23:43:37.546+0000] {processor.py:766} INFO - DAG(s) dict_keys(['example_bash_operator']) retrieved from /home/airflow/.local/lib/python3.7/site-packages/airflow/example_dags/example_bash_operator.py
[2023-01-26T23:43:37.581+0000] {logging_mixin.py:120} INFO - [2023-01-26T23:43:37.580+0000] {dag.py:2585} INFO - Sync 1 DAGs
[2023-01-26T23:43:37.604+0000] {logging_mixin.py:120} INFO - [2023-01-26T23:43:37.604+0000] {dag.py:3340} INFO - Setting next_dagrun for example_bash_operator to 2023-01-26T00:00:00+00:00, run_after=2023-01-27T00:00:00+00:00
[2023-01-26T23:43:37.621+0000] {processor.py:176} INFO - Processing /home/airflow/.local/lib/python3.7/site-packages/airflow/example_dags/example_bash_operator.py took 0.091 seconds
[2023-01-26T23:44:08.649+0000] {processor.py:154} INFO - Started process (PID=2947) to work on /home/airflow/.local/lib/python3.7/site-packages/airflow/example_dags/example_bash_operator.py
[2023-01-26T23:44:08.649+0000] {processor.py:756} INFO - Processing file /home/airflow/.local/lib/python3.7/site-packages/airflow/example_dags/example_bash_operator.py for tasks to queue
[2023-01-26T23:44:08.650+0000] {logging_mixin.py:120} INFO - [2023-01-26T23:44:08.650+0000] {dagbag.py:537} INFO - Filling up the DagBag from /home/airflow/.local/lib/python3.7/site-packages/airflow/example_dags/example_bash_operator.py
[2023-01-26T23:44:08.664+0000] {processor.py:766} INFO - DAG(s) dict_keys(['example_bash_operator']) retrieved from /home/airflow/.local/lib/python3.7/site-packages/airflow/example_dags/example_bash_operator.py
[2023-01-26T23:44:08.695+0000] {logging_mixin.py:120} INFO - [2023-01-26T23:44:08.695+0000] {dag.py:2585} INFO - Sync 1 DAGs
[2023-01-26T23:44:08.711+0000] {logging_mixin.py:120} INFO - [2023-01-26T23:44:08.711+0000] {dag.py:3340} INFO - Setting next_dagrun for example_bash_operator to 2023-01-26T00:00:00+00:00, run_after=2023-01-27T00:00:00+00:00
[2023-01-26T23:44:08.724+0000] {processor.py:176} INFO - Processing /home/airflow/.local/lib/python3.7/site-packages/airflow/example_dags/example_bash_operator.py took 0.076 seconds
[2023-01-26T23:45:54.663+0000] {processor.py:154} INFO - Started process (PID=58) to work on /home/airflow/.local/lib/python3.7/site-packages/airflow/example_dags/example_bash_operator.py
[2023-01-26T23:45:54.665+0000] {processor.py:756} INFO - Processing file /home/airflow/.local/lib/python3.7/site-packages/airflow/example_dags/example_bash_operator.py for tasks to queue
[2023-01-26T23:45:54.666+0000] {logging_mixin.py:120} INFO - [2023-01-26T23:45:54.666+0000] {dagbag.py:537} INFO - Filling up the DagBag from /home/airflow/.local/lib/python3.7/site-packages/airflow/example_dags/example_bash_operator.py
[2023-01-26T23:45:54.707+0000] {processor.py:766} INFO - DAG(s) dict_keys(['example_bash_operator']) retrieved from /home/airflow/.local/lib/python3.7/site-packages/airflow/example_dags/example_bash_operator.py
[2023-01-26T23:45:54.749+0000] {logging_mixin.py:120} INFO - [2023-01-26T23:45:54.749+0000] {dag.py:2585} INFO - Sync 1 DAGs
[2023-01-26T23:45:54.802+0000] {logging_mixin.py:120} INFO - [2023-01-26T23:45:54.802+0000] {dag.py:3340} INFO - Setting next_dagrun for example_bash_operator to 2023-01-26T00:00:00+00:00, run_after=2023-01-27T00:00:00+00:00
[2023-01-26T23:45:54.838+0000] {processor.py:176} INFO - Processing /home/airflow/.local/lib/python3.7/site-packages/airflow/example_dags/example_bash_operator.py took 0.178 seconds
[2023-01-26T23:46:25.868+0000] {processor.py:154} INFO - Started process (PID=126) to work on /home/airflow/.local/lib/python3.7/site-packages/airflow/example_dags/example_bash_operator.py
[2023-01-26T23:46:25.868+0000] {processor.py:756} INFO - Processing file /home/airflow/.local/lib/python3.7/site-packages/airflow/example_dags/example_bash_operator.py for tasks to queue
[2023-01-26T23:46:25.869+0000] {logging_mixin.py:120} INFO - [2023-01-26T23:46:25.869+0000] {dagbag.py:537} INFO - Filling up the DagBag from /home/airflow/.local/lib/python3.7/site-packages/airflow/example_dags/example_bash_operator.py
[2023-01-26T23:46:25.883+0000] {processor.py:766} INFO - DAG(s) dict_keys(['example_bash_operator']) retrieved from /home/airflow/.local/lib/python3.7/site-packages/airflow/example_dags/example_bash_operator.py
[2023-01-26T23:46:25.914+0000] {logging_mixin.py:120} INFO - [2023-01-26T23:46:25.914+0000] {dag.py:2585} INFO - Sync 1 DAGs
[2023-01-26T23:46:25.930+0000] {logging_mixin.py:120} INFO - [2023-01-26T23:46:25.930+0000] {dag.py:3340} INFO - Setting next_dagrun for example_bash_operator to 2023-01-26T00:00:00+00:00, run_after=2023-01-27T00:00:00+00:00
[2023-01-26T23:46:25.942+0000] {processor.py:176} INFO - Processing /home/airflow/.local/lib/python3.7/site-packages/airflow/example_dags/example_bash_operator.py took 0.078 seconds
[2023-01-26T23:46:56.466+0000] {processor.py:154} INFO - Started process (PID=195) to work on /home/airflow/.local/lib/python3.7/site-packages/airflow/example_dags/example_bash_operator.py
[2023-01-26T23:46:56.469+0000] {processor.py:756} INFO - Processing file /home/airflow/.local/lib/python3.7/site-packages/airflow/example_dags/example_bash_operator.py for tasks to queue
[2023-01-26T23:46:56.469+0000] {logging_mixin.py:120} INFO - [2023-01-26T23:46:56.469+0000] {dagbag.py:537} INFO - Filling up the DagBag from /home/airflow/.local/lib/python3.7/site-packages/airflow/example_dags/example_bash_operator.py
[2023-01-26T23:46:56.486+0000] {processor.py:766} INFO - DAG(s) dict_keys(['example_bash_operator']) retrieved from /home/airflow/.local/lib/python3.7/site-packages/airflow/example_dags/example_bash_operator.py
[2023-01-26T23:46:56.518+0000] {logging_mixin.py:120} INFO - [2023-01-26T23:46:56.518+0000] {dag.py:2585} INFO - Sync 1 DAGs
[2023-01-26T23:46:56.536+0000] {logging_mixin.py:120} INFO - [2023-01-26T23:46:56.536+0000] {dag.py:3340} INFO - Setting next_dagrun for example_bash_operator to 2023-01-26T00:00:00+00:00, run_after=2023-01-27T00:00:00+00:00
[2023-01-26T23:46:56.551+0000] {processor.py:176} INFO - Processing /home/airflow/.local/lib/python3.7/site-packages/airflow/example_dags/example_bash_operator.py took 0.088 seconds
[2023-01-26T23:47:26.695+0000] {processor.py:154} INFO - Started process (PID=254) to work on /home/airflow/.local/lib/python3.7/site-packages/airflow/example_dags/example_bash_operator.py
[2023-01-26T23:47:26.699+0000] {processor.py:756} INFO - Processing file /home/airflow/.local/lib/python3.7/site-packages/airflow/example_dags/example_bash_operator.py for tasks to queue
[2023-01-26T23:47:26.699+0000] {logging_mixin.py:120} INFO - [2023-01-26T23:47:26.699+0000] {dagbag.py:537} INFO - Filling up the DagBag from /home/airflow/.local/lib/python3.7/site-packages/airflow/example_dags/example_bash_operator.py
[2023-01-26T23:47:26.718+0000] {processor.py:766} INFO - DAG(s) dict_keys(['example_bash_operator']) retrieved from /home/airflow/.local/lib/python3.7/site-packages/airflow/example_dags/example_bash_operator.py
[2023-01-26T23:47:26.760+0000] {logging_mixin.py:120} INFO - [2023-01-26T23:47:26.760+0000] {dag.py:2585} INFO - Sync 1 DAGs
[2023-01-26T23:47:26.785+0000] {logging_mixin.py:120} INFO - [2023-01-26T23:47:26.785+0000] {dag.py:3340} INFO - Setting next_dagrun for example_bash_operator to 2023-01-26T00:00:00+00:00, run_after=2023-01-27T00:00:00+00:00
[2023-01-26T23:47:26.804+0000] {processor.py:176} INFO - Processing /home/airflow/.local/lib/python3.7/site-packages/airflow/example_dags/example_bash_operator.py took 0.112 seconds
[2023-01-26T23:47:57.109+0000] {processor.py:154} INFO - Started process (PID=322) to work on /home/airflow/.local/lib/python3.7/site-packages/airflow/example_dags/example_bash_operator.py
[2023-01-26T23:47:57.110+0000] {processor.py:756} INFO - Processing file /home/airflow/.local/lib/python3.7/site-packages/airflow/example_dags/example_bash_operator.py for tasks to queue
[2023-01-26T23:47:57.111+0000] {logging_mixin.py:120} INFO - [2023-01-26T23:47:57.111+0000] {dagbag.py:537} INFO - Filling up the DagBag from /home/airflow/.local/lib/python3.7/site-packages/airflow/example_dags/example_bash_operator.py
[2023-01-26T23:47:57.124+0000] {processor.py:766} INFO - DAG(s) dict_keys(['example_bash_operator']) retrieved from /home/airflow/.local/lib/python3.7/site-packages/airflow/example_dags/example_bash_operator.py
[2023-01-26T23:47:57.155+0000] {logging_mixin.py:120} INFO - [2023-01-26T23:47:57.155+0000] {dag.py:2585} INFO - Sync 1 DAGs
[2023-01-26T23:47:57.175+0000] {logging_mixin.py:120} INFO - [2023-01-26T23:47:57.175+0000] {dag.py:3340} INFO - Setting next_dagrun for example_bash_operator to 2023-01-26T00:00:00+00:00, run_after=2023-01-27T00:00:00+00:00
[2023-01-26T23:47:57.188+0000] {processor.py:176} INFO - Processing /home/airflow/.local/lib/python3.7/site-packages/airflow/example_dags/example_bash_operator.py took 0.082 seconds
[2023-01-26T23:48:27.310+0000] {processor.py:154} INFO - Started process (PID=390) to work on /home/airflow/.local/lib/python3.7/site-packages/airflow/example_dags/example_bash_operator.py
[2023-01-26T23:48:27.311+0000] {processor.py:756} INFO - Processing file /home/airflow/.local/lib/python3.7/site-packages/airflow/example_dags/example_bash_operator.py for tasks to queue
[2023-01-26T23:48:27.311+0000] {logging_mixin.py:120} INFO - [2023-01-26T23:48:27.311+0000] {dagbag.py:537} INFO - Filling up the DagBag from /home/airflow/.local/lib/python3.7/site-packages/airflow/example_dags/example_bash_operator.py
[2023-01-26T23:48:27.324+0000] {processor.py:766} INFO - DAG(s) dict_keys(['example_bash_operator']) retrieved from /home/airflow/.local/lib/python3.7/site-packages/airflow/example_dags/example_bash_operator.py
[2023-01-26T23:48:27.356+0000] {logging_mixin.py:120} INFO - [2023-01-26T23:48:27.355+0000] {dag.py:2585} INFO - Sync 1 DAGs
[2023-01-26T23:48:27.374+0000] {logging_mixin.py:120} INFO - [2023-01-26T23:48:27.374+0000] {dag.py:3340} INFO - Setting next_dagrun for example_bash_operator to 2023-01-26T00:00:00+00:00, run_after=2023-01-27T00:00:00+00:00
[2023-01-26T23:48:27.386+0000] {processor.py:176} INFO - Processing /home/airflow/.local/lib/python3.7/site-packages/airflow/example_dags/example_bash_operator.py took 0.078 seconds
[2023-01-26T23:48:57.679+0000] {processor.py:154} INFO - Started process (PID=459) to work on /home/airflow/.local/lib/python3.7/site-packages/airflow/example_dags/example_bash_operator.py
[2023-01-26T23:48:57.680+0000] {processor.py:756} INFO - Processing file /home/airflow/.local/lib/python3.7/site-packages/airflow/example_dags/example_bash_operator.py for tasks to queue
[2023-01-26T23:48:57.680+0000] {logging_mixin.py:120} INFO - [2023-01-26T23:48:57.680+0000] {dagbag.py:537} INFO - Filling up the DagBag from /home/airflow/.local/lib/python3.7/site-packages/airflow/example_dags/example_bash_operator.py
[2023-01-26T23:48:57.698+0000] {processor.py:766} INFO - DAG(s) dict_keys(['example_bash_operator']) retrieved from /home/airflow/.local/lib/python3.7/site-packages/airflow/example_dags/example_bash_operator.py
[2023-01-26T23:48:57.736+0000] {logging_mixin.py:120} INFO - [2023-01-26T23:48:57.736+0000] {dag.py:2585} INFO - Sync 1 DAGs
[2023-01-26T23:48:57.755+0000] {logging_mixin.py:120} INFO - [2023-01-26T23:48:57.755+0000] {dag.py:3340} INFO - Setting next_dagrun for example_bash_operator to 2023-01-26T00:00:00+00:00, run_after=2023-01-27T00:00:00+00:00
[2023-01-26T23:48:57.766+0000] {processor.py:176} INFO - Processing /home/airflow/.local/lib/python3.7/site-packages/airflow/example_dags/example_bash_operator.py took 0.090 seconds
[2023-01-26T23:49:28.091+0000] {processor.py:154} INFO - Started process (PID=526) to work on /home/airflow/.local/lib/python3.7/site-packages/airflow/example_dags/example_bash_operator.py
[2023-01-26T23:49:28.092+0000] {processor.py:756} INFO - Processing file /home/airflow/.local/lib/python3.7/site-packages/airflow/example_dags/example_bash_operator.py for tasks to queue
[2023-01-26T23:49:28.093+0000] {logging_mixin.py:120} INFO - [2023-01-26T23:49:28.093+0000] {dagbag.py:537} INFO - Filling up the DagBag from /home/airflow/.local/lib/python3.7/site-packages/airflow/example_dags/example_bash_operator.py
[2023-01-26T23:49:28.106+0000] {processor.py:766} INFO - DAG(s) dict_keys(['example_bash_operator']) retrieved from /home/airflow/.local/lib/python3.7/site-packages/airflow/example_dags/example_bash_operator.py
[2023-01-26T23:49:28.136+0000] {logging_mixin.py:120} INFO - [2023-01-26T23:49:28.136+0000] {dag.py:2585} INFO - Sync 1 DAGs
[2023-01-26T23:49:28.155+0000] {logging_mixin.py:120} INFO - [2023-01-26T23:49:28.154+0000] {dag.py:3340} INFO - Setting next_dagrun for example_bash_operator to 2023-01-26T00:00:00+00:00, run_after=2023-01-27T00:00:00+00:00
[2023-01-26T23:49:28.168+0000] {processor.py:176} INFO - Processing /home/airflow/.local/lib/python3.7/site-packages/airflow/example_dags/example_bash_operator.py took 0.079 seconds
[2023-01-26T23:49:58.465+0000] {processor.py:154} INFO - Started process (PID=584) to work on /home/airflow/.local/lib/python3.7/site-packages/airflow/example_dags/example_bash_operator.py
[2023-01-26T23:49:58.466+0000] {processor.py:756} INFO - Processing file /home/airflow/.local/lib/python3.7/site-packages/airflow/example_dags/example_bash_operator.py for tasks to queue
[2023-01-26T23:49:58.466+0000] {logging_mixin.py:120} INFO - [2023-01-26T23:49:58.466+0000] {dagbag.py:537} INFO - Filling up the DagBag from /home/airflow/.local/lib/python3.7/site-packages/airflow/example_dags/example_bash_operator.py
[2023-01-26T23:49:58.479+0000] {processor.py:766} INFO - DAG(s) dict_keys(['example_bash_operator']) retrieved from /home/airflow/.local/lib/python3.7/site-packages/airflow/example_dags/example_bash_operator.py
[2023-01-26T23:49:58.509+0000] {logging_mixin.py:120} INFO - [2023-01-26T23:49:58.508+0000] {dag.py:2585} INFO - Sync 1 DAGs
[2023-01-26T23:49:58.527+0000] {logging_mixin.py:120} INFO - [2023-01-26T23:49:58.527+0000] {dag.py:3340} INFO - Setting next_dagrun for example_bash_operator to 2023-01-26T00:00:00+00:00, run_after=2023-01-27T00:00:00+00:00
[2023-01-26T23:49:58.538+0000] {processor.py:176} INFO - Processing /home/airflow/.local/lib/python3.7/site-packages/airflow/example_dags/example_bash_operator.py took 0.076 seconds
[2023-01-26T23:50:29.649+0000] {processor.py:154} INFO - Started process (PID=652) to work on /home/airflow/.local/lib/python3.7/site-packages/airflow/example_dags/example_bash_operator.py
[2023-01-26T23:50:29.649+0000] {processor.py:756} INFO - Processing file /home/airflow/.local/lib/python3.7/site-packages/airflow/example_dags/example_bash_operator.py for tasks to queue
[2023-01-26T23:50:29.649+0000] {logging_mixin.py:120} INFO - [2023-01-26T23:50:29.649+0000] {dagbag.py:537} INFO - Filling up the DagBag from /home/airflow/.local/lib/python3.7/site-packages/airflow/example_dags/example_bash_operator.py
[2023-01-26T23:50:29.663+0000] {processor.py:766} INFO - DAG(s) dict_keys(['example_bash_operator']) retrieved from /home/airflow/.local/lib/python3.7/site-packages/airflow/example_dags/example_bash_operator.py
[2023-01-26T23:50:29.695+0000] {logging_mixin.py:120} INFO - [2023-01-26T23:50:29.695+0000] {dag.py:2585} INFO - Sync 1 DAGs
[2023-01-26T23:50:29.713+0000] {logging_mixin.py:120} INFO - [2023-01-26T23:50:29.713+0000] {dag.py:3340} INFO - Setting next_dagrun for example_bash_operator to 2023-01-26T00:00:00+00:00, run_after=2023-01-27T00:00:00+00:00
[2023-01-26T23:50:29.727+0000] {processor.py:176} INFO - Processing /home/airflow/.local/lib/python3.7/site-packages/airflow/example_dags/example_bash_operator.py took 0.080 seconds
[2023-01-26T23:51:00.140+0000] {processor.py:154} INFO - Started process (PID=720) to work on /home/airflow/.local/lib/python3.7/site-packages/airflow/example_dags/example_bash_operator.py
[2023-01-26T23:51:00.141+0000] {processor.py:756} INFO - Processing file /home/airflow/.local/lib/python3.7/site-packages/airflow/example_dags/example_bash_operator.py for tasks to queue
[2023-01-26T23:51:00.141+0000] {logging_mixin.py:120} INFO - [2023-01-26T23:51:00.141+0000] {dagbag.py:537} INFO - Filling up the DagBag from /home/airflow/.local/lib/python3.7/site-packages/airflow/example_dags/example_bash_operator.py
[2023-01-26T23:51:00.156+0000] {processor.py:766} INFO - DAG(s) dict_keys(['example_bash_operator']) retrieved from /home/airflow/.local/lib/python3.7/site-packages/airflow/example_dags/example_bash_operator.py
[2023-01-26T23:51:00.188+0000] {logging_mixin.py:120} INFO - [2023-01-26T23:51:00.188+0000] {dag.py:2585} INFO - Sync 1 DAGs
[2023-01-26T23:51:00.206+0000] {logging_mixin.py:120} INFO - [2023-01-26T23:51:00.206+0000] {dag.py:3340} INFO - Setting next_dagrun for example_bash_operator to 2023-01-26T00:00:00+00:00, run_after=2023-01-27T00:00:00+00:00
[2023-01-26T23:51:00.219+0000] {processor.py:176} INFO - Processing /home/airflow/.local/lib/python3.7/site-packages/airflow/example_dags/example_bash_operator.py took 0.081 seconds
[2023-01-26T23:51:30.443+0000] {processor.py:154} INFO - Started process (PID=789) to work on /home/airflow/.local/lib/python3.7/site-packages/airflow/example_dags/example_bash_operator.py
[2023-01-26T23:51:30.445+0000] {processor.py:756} INFO - Processing file /home/airflow/.local/lib/python3.7/site-packages/airflow/example_dags/example_bash_operator.py for tasks to queue
[2023-01-26T23:51:30.445+0000] {logging_mixin.py:120} INFO - [2023-01-26T23:51:30.445+0000] {dagbag.py:537} INFO - Filling up the DagBag from /home/airflow/.local/lib/python3.7/site-packages/airflow/example_dags/example_bash_operator.py
[2023-01-26T23:51:30.459+0000] {processor.py:766} INFO - DAG(s) dict_keys(['example_bash_operator']) retrieved from /home/airflow/.local/lib/python3.7/site-packages/airflow/example_dags/example_bash_operator.py
[2023-01-26T23:51:30.489+0000] {logging_mixin.py:120} INFO - [2023-01-26T23:51:30.489+0000] {dag.py:2585} INFO - Sync 1 DAGs
[2023-01-26T23:51:30.507+0000] {logging_mixin.py:120} INFO - [2023-01-26T23:51:30.507+0000] {dag.py:3340} INFO - Setting next_dagrun for example_bash_operator to 2023-01-26T00:00:00+00:00, run_after=2023-01-27T00:00:00+00:00
[2023-01-26T23:51:30.520+0000] {processor.py:176} INFO - Processing /home/airflow/.local/lib/python3.7/site-packages/airflow/example_dags/example_bash_operator.py took 0.078 seconds
[2023-01-26T23:52:00.632+0000] {processor.py:154} INFO - Started process (PID=856) to work on /home/airflow/.local/lib/python3.7/site-packages/airflow/example_dags/example_bash_operator.py
[2023-01-26T23:52:00.633+0000] {processor.py:756} INFO - Processing file /home/airflow/.local/lib/python3.7/site-packages/airflow/example_dags/example_bash_operator.py for tasks to queue
[2023-01-26T23:52:00.633+0000] {logging_mixin.py:120} INFO - [2023-01-26T23:52:00.633+0000] {dagbag.py:537} INFO - Filling up the DagBag from /home/airflow/.local/lib/python3.7/site-packages/airflow/example_dags/example_bash_operator.py
[2023-01-26T23:52:00.648+0000] {processor.py:766} INFO - DAG(s) dict_keys(['example_bash_operator']) retrieved from /home/airflow/.local/lib/python3.7/site-packages/airflow/example_dags/example_bash_operator.py
[2023-01-26T23:52:00.679+0000] {logging_mixin.py:120} INFO - [2023-01-26T23:52:00.679+0000] {dag.py:2585} INFO - Sync 1 DAGs
[2023-01-26T23:52:00.704+0000] {logging_mixin.py:120} INFO - [2023-01-26T23:52:00.703+0000] {dag.py:3340} INFO - Setting next_dagrun for example_bash_operator to 2023-01-26T00:00:00+00:00, run_after=2023-01-27T00:00:00+00:00
[2023-01-26T23:52:00.721+0000] {processor.py:176} INFO - Processing /home/airflow/.local/lib/python3.7/site-packages/airflow/example_dags/example_bash_operator.py took 0.091 seconds
[2023-01-26T23:52:31.036+0000] {processor.py:154} INFO - Started process (PID=914) to work on /home/airflow/.local/lib/python3.7/site-packages/airflow/example_dags/example_bash_operator.py
[2023-01-26T23:52:31.038+0000] {processor.py:756} INFO - Processing file /home/airflow/.local/lib/python3.7/site-packages/airflow/example_dags/example_bash_operator.py for tasks to queue
[2023-01-26T23:52:31.038+0000] {logging_mixin.py:120} INFO - [2023-01-26T23:52:31.038+0000] {dagbag.py:537} INFO - Filling up the DagBag from /home/airflow/.local/lib/python3.7/site-packages/airflow/example_dags/example_bash_operator.py
[2023-01-26T23:52:31.051+0000] {processor.py:766} INFO - DAG(s) dict_keys(['example_bash_operator']) retrieved from /home/airflow/.local/lib/python3.7/site-packages/airflow/example_dags/example_bash_operator.py
[2023-01-26T23:52:31.082+0000] {logging_mixin.py:120} INFO - [2023-01-26T23:52:31.082+0000] {dag.py:2585} INFO - Sync 1 DAGs
[2023-01-26T23:52:31.100+0000] {logging_mixin.py:120} INFO - [2023-01-26T23:52:31.100+0000] {dag.py:3340} INFO - Setting next_dagrun for example_bash_operator to 2023-01-26T00:00:00+00:00, run_after=2023-01-27T00:00:00+00:00
[2023-01-26T23:52:31.112+0000] {processor.py:176} INFO - Processing /home/airflow/.local/lib/python3.7/site-packages/airflow/example_dags/example_bash_operator.py took 0.078 seconds
[2023-01-26T23:53:01.312+0000] {processor.py:154} INFO - Started process (PID=982) to work on /home/airflow/.local/lib/python3.7/site-packages/airflow/example_dags/example_bash_operator.py
[2023-01-26T23:53:01.313+0000] {processor.py:756} INFO - Processing file /home/airflow/.local/lib/python3.7/site-packages/airflow/example_dags/example_bash_operator.py for tasks to queue
[2023-01-26T23:53:01.313+0000] {logging_mixin.py:120} INFO - [2023-01-26T23:53:01.313+0000] {dagbag.py:537} INFO - Filling up the DagBag from /home/airflow/.local/lib/python3.7/site-packages/airflow/example_dags/example_bash_operator.py
[2023-01-26T23:53:01.334+0000] {processor.py:766} INFO - DAG(s) dict_keys(['example_bash_operator']) retrieved from /home/airflow/.local/lib/python3.7/site-packages/airflow/example_dags/example_bash_operator.py
[2023-01-26T23:53:01.370+0000] {logging_mixin.py:120} INFO - [2023-01-26T23:53:01.370+0000] {dag.py:2585} INFO - Sync 1 DAGs
[2023-01-26T23:53:01.389+0000] {logging_mixin.py:120} INFO - [2023-01-26T23:53:01.389+0000] {dag.py:3340} INFO - Setting next_dagrun for example_bash_operator to 2023-01-26T00:00:00+00:00, run_after=2023-01-27T00:00:00+00:00
[2023-01-26T23:53:01.402+0000] {processor.py:176} INFO - Processing /home/airflow/.local/lib/python3.7/site-packages/airflow/example_dags/example_bash_operator.py took 0.092 seconds
[2023-01-26T23:53:31.708+0000] {processor.py:154} INFO - Started process (PID=1050) to work on /home/airflow/.local/lib/python3.7/site-packages/airflow/example_dags/example_bash_operator.py
[2023-01-26T23:53:31.709+0000] {processor.py:756} INFO - Processing file /home/airflow/.local/lib/python3.7/site-packages/airflow/example_dags/example_bash_operator.py for tasks to queue
[2023-01-26T23:53:31.710+0000] {logging_mixin.py:120} INFO - [2023-01-26T23:53:31.710+0000] {dagbag.py:537} INFO - Filling up the DagBag from /home/airflow/.local/lib/python3.7/site-packages/airflow/example_dags/example_bash_operator.py
[2023-01-26T23:53:31.723+0000] {processor.py:766} INFO - DAG(s) dict_keys(['example_bash_operator']) retrieved from /home/airflow/.local/lib/python3.7/site-packages/airflow/example_dags/example_bash_operator.py
[2023-01-26T23:53:31.754+0000] {logging_mixin.py:120} INFO - [2023-01-26T23:53:31.754+0000] {dag.py:2585} INFO - Sync 1 DAGs
[2023-01-26T23:53:31.776+0000] {logging_mixin.py:120} INFO - [2023-01-26T23:53:31.775+0000] {dag.py:3340} INFO - Setting next_dagrun for example_bash_operator to 2023-01-26T00:00:00+00:00, run_after=2023-01-27T00:00:00+00:00
[2023-01-26T23:53:31.788+0000] {processor.py:176} INFO - Processing /home/airflow/.local/lib/python3.7/site-packages/airflow/example_dags/example_bash_operator.py took 0.081 seconds
[2023-01-26T23:54:02.007+0000] {processor.py:154} INFO - Started process (PID=1118) to work on /home/airflow/.local/lib/python3.7/site-packages/airflow/example_dags/example_bash_operator.py
[2023-01-26T23:54:02.008+0000] {processor.py:756} INFO - Processing file /home/airflow/.local/lib/python3.7/site-packages/airflow/example_dags/example_bash_operator.py for tasks to queue
[2023-01-26T23:54:02.009+0000] {logging_mixin.py:120} INFO - [2023-01-26T23:54:02.009+0000] {dagbag.py:537} INFO - Filling up the DagBag from /home/airflow/.local/lib/python3.7/site-packages/airflow/example_dags/example_bash_operator.py
[2023-01-26T23:54:02.022+0000] {processor.py:766} INFO - DAG(s) dict_keys(['example_bash_operator']) retrieved from /home/airflow/.local/lib/python3.7/site-packages/airflow/example_dags/example_bash_operator.py
[2023-01-26T23:54:02.053+0000] {logging_mixin.py:120} INFO - [2023-01-26T23:54:02.053+0000] {dag.py:2585} INFO - Sync 1 DAGs
[2023-01-26T23:54:02.072+0000] {logging_mixin.py:120} INFO - [2023-01-26T23:54:02.072+0000] {dag.py:3340} INFO - Setting next_dagrun for example_bash_operator to 2023-01-26T00:00:00+00:00, run_after=2023-01-27T00:00:00+00:00
[2023-01-26T23:54:02.084+0000] {processor.py:176} INFO - Processing /home/airflow/.local/lib/python3.7/site-packages/airflow/example_dags/example_bash_operator.py took 0.078 seconds
[2023-01-26T23:54:32.408+0000] {processor.py:154} INFO - Started process (PID=1177) to work on /home/airflow/.local/lib/python3.7/site-packages/airflow/example_dags/example_bash_operator.py
[2023-01-26T23:54:32.409+0000] {processor.py:756} INFO - Processing file /home/airflow/.local/lib/python3.7/site-packages/airflow/example_dags/example_bash_operator.py for tasks to queue
[2023-01-26T23:54:32.409+0000] {logging_mixin.py:120} INFO - [2023-01-26T23:54:32.409+0000] {dagbag.py:537} INFO - Filling up the DagBag from /home/airflow/.local/lib/python3.7/site-packages/airflow/example_dags/example_bash_operator.py
[2023-01-26T23:54:32.423+0000] {processor.py:766} INFO - DAG(s) dict_keys(['example_bash_operator']) retrieved from /home/airflow/.local/lib/python3.7/site-packages/airflow/example_dags/example_bash_operator.py
[2023-01-26T23:54:32.453+0000] {logging_mixin.py:120} INFO - [2023-01-26T23:54:32.453+0000] {dag.py:2585} INFO - Sync 1 DAGs
[2023-01-26T23:54:32.472+0000] {logging_mixin.py:120} INFO - [2023-01-26T23:54:32.472+0000] {dag.py:3340} INFO - Setting next_dagrun for example_bash_operator to 2023-01-26T00:00:00+00:00, run_after=2023-01-27T00:00:00+00:00
[2023-01-26T23:54:32.486+0000] {processor.py:176} INFO - Processing /home/airflow/.local/lib/python3.7/site-packages/airflow/example_dags/example_bash_operator.py took 0.080 seconds
[2023-01-26T23:55:02.706+0000] {processor.py:154} INFO - Started process (PID=1245) to work on /home/airflow/.local/lib/python3.7/site-packages/airflow/example_dags/example_bash_operator.py
[2023-01-26T23:55:02.707+0000] {processor.py:756} INFO - Processing file /home/airflow/.local/lib/python3.7/site-packages/airflow/example_dags/example_bash_operator.py for tasks to queue
[2023-01-26T23:55:02.708+0000] {logging_mixin.py:120} INFO - [2023-01-26T23:55:02.708+0000] {dagbag.py:537} INFO - Filling up the DagBag from /home/airflow/.local/lib/python3.7/site-packages/airflow/example_dags/example_bash_operator.py
[2023-01-26T23:55:02.731+0000] {processor.py:766} INFO - DAG(s) dict_keys(['example_bash_operator']) retrieved from /home/airflow/.local/lib/python3.7/site-packages/airflow/example_dags/example_bash_operator.py
[2023-01-26T23:55:02.767+0000] {logging_mixin.py:120} INFO - [2023-01-26T23:55:02.767+0000] {dag.py:2585} INFO - Sync 1 DAGs
[2023-01-26T23:55:02.789+0000] {logging_mixin.py:120} INFO - [2023-01-26T23:55:02.789+0000] {dag.py:3340} INFO - Setting next_dagrun for example_bash_operator to 2023-01-26T00:00:00+00:00, run_after=2023-01-27T00:00:00+00:00
[2023-01-26T23:55:02.803+0000] {processor.py:176} INFO - Processing /home/airflow/.local/lib/python3.7/site-packages/airflow/example_dags/example_bash_operator.py took 0.099 seconds
[2023-01-26T23:55:33.086+0000] {processor.py:154} INFO - Started process (PID=1313) to work on /home/airflow/.local/lib/python3.7/site-packages/airflow/example_dags/example_bash_operator.py
[2023-01-26T23:55:33.087+0000] {processor.py:756} INFO - Processing file /home/airflow/.local/lib/python3.7/site-packages/airflow/example_dags/example_bash_operator.py for tasks to queue
[2023-01-26T23:55:33.087+0000] {logging_mixin.py:120} INFO - [2023-01-26T23:55:33.087+0000] {dagbag.py:537} INFO - Filling up the DagBag from /home/airflow/.local/lib/python3.7/site-packages/airflow/example_dags/example_bash_operator.py
[2023-01-26T23:55:33.102+0000] {processor.py:766} INFO - DAG(s) dict_keys(['example_bash_operator']) retrieved from /home/airflow/.local/lib/python3.7/site-packages/airflow/example_dags/example_bash_operator.py
[2023-01-26T23:55:33.151+0000] {logging_mixin.py:120} INFO - [2023-01-26T23:55:33.151+0000] {dag.py:2585} INFO - Sync 1 DAGs
[2023-01-26T23:55:33.173+0000] {logging_mixin.py:120} INFO - [2023-01-26T23:55:33.173+0000] {dag.py:3340} INFO - Setting next_dagrun for example_bash_operator to 2023-01-26T00:00:00+00:00, run_after=2023-01-27T00:00:00+00:00
[2023-01-26T23:55:33.186+0000] {processor.py:176} INFO - Processing /home/airflow/.local/lib/python3.7/site-packages/airflow/example_dags/example_bash_operator.py took 0.102 seconds
[2023-01-26T23:56:03.424+0000] {processor.py:154} INFO - Started process (PID=1381) to work on /home/airflow/.local/lib/python3.7/site-packages/airflow/example_dags/example_bash_operator.py
[2023-01-26T23:56:03.425+0000] {processor.py:756} INFO - Processing file /home/airflow/.local/lib/python3.7/site-packages/airflow/example_dags/example_bash_operator.py for tasks to queue
[2023-01-26T23:56:03.425+0000] {logging_mixin.py:120} INFO - [2023-01-26T23:56:03.425+0000] {dagbag.py:537} INFO - Filling up the DagBag from /home/airflow/.local/lib/python3.7/site-packages/airflow/example_dags/example_bash_operator.py
[2023-01-26T23:56:03.439+0000] {processor.py:766} INFO - DAG(s) dict_keys(['example_bash_operator']) retrieved from /home/airflow/.local/lib/python3.7/site-packages/airflow/example_dags/example_bash_operator.py
[2023-01-26T23:56:03.471+0000] {logging_mixin.py:120} INFO - [2023-01-26T23:56:03.470+0000] {dag.py:2585} INFO - Sync 1 DAGs
[2023-01-26T23:56:03.491+0000] {logging_mixin.py:120} INFO - [2023-01-26T23:56:03.490+0000] {dag.py:3340} INFO - Setting next_dagrun for example_bash_operator to 2023-01-26T00:00:00+00:00, run_after=2023-01-27T00:00:00+00:00
[2023-01-26T23:56:03.503+0000] {processor.py:176} INFO - Processing /home/airflow/.local/lib/python3.7/site-packages/airflow/example_dags/example_bash_operator.py took 0.081 seconds
[2023-01-26T23:56:33.666+0000] {processor.py:154} INFO - Started process (PID=1440) to work on /home/airflow/.local/lib/python3.7/site-packages/airflow/example_dags/example_bash_operator.py
[2023-01-26T23:56:33.667+0000] {processor.py:756} INFO - Processing file /home/airflow/.local/lib/python3.7/site-packages/airflow/example_dags/example_bash_operator.py for tasks to queue
[2023-01-26T23:56:33.668+0000] {logging_mixin.py:120} INFO - [2023-01-26T23:56:33.668+0000] {dagbag.py:537} INFO - Filling up the DagBag from /home/airflow/.local/lib/python3.7/site-packages/airflow/example_dags/example_bash_operator.py
[2023-01-26T23:56:33.681+0000] {processor.py:766} INFO - DAG(s) dict_keys(['example_bash_operator']) retrieved from /home/airflow/.local/lib/python3.7/site-packages/airflow/example_dags/example_bash_operator.py
[2023-01-26T23:56:33.711+0000] {logging_mixin.py:120} INFO - [2023-01-26T23:56:33.711+0000] {dag.py:2585} INFO - Sync 1 DAGs
[2023-01-26T23:56:33.731+0000] {logging_mixin.py:120} INFO - [2023-01-26T23:56:33.731+0000] {dag.py:3340} INFO - Setting next_dagrun for example_bash_operator to 2023-01-26T00:00:00+00:00, run_after=2023-01-27T00:00:00+00:00
[2023-01-26T23:56:33.744+0000] {processor.py:176} INFO - Processing /home/airflow/.local/lib/python3.7/site-packages/airflow/example_dags/example_bash_operator.py took 0.080 seconds
[2023-01-26T23:57:03.957+0000] {processor.py:154} INFO - Started process (PID=1509) to work on /home/airflow/.local/lib/python3.7/site-packages/airflow/example_dags/example_bash_operator.py
[2023-01-26T23:57:03.958+0000] {processor.py:756} INFO - Processing file /home/airflow/.local/lib/python3.7/site-packages/airflow/example_dags/example_bash_operator.py for tasks to queue
[2023-01-26T23:57:03.959+0000] {logging_mixin.py:120} INFO - [2023-01-26T23:57:03.959+0000] {dagbag.py:537} INFO - Filling up the DagBag from /home/airflow/.local/lib/python3.7/site-packages/airflow/example_dags/example_bash_operator.py
[2023-01-26T23:57:03.974+0000] {processor.py:766} INFO - DAG(s) dict_keys(['example_bash_operator']) retrieved from /home/airflow/.local/lib/python3.7/site-packages/airflow/example_dags/example_bash_operator.py
[2023-01-26T23:57:04.012+0000] {logging_mixin.py:120} INFO - [2023-01-26T23:57:04.012+0000] {dag.py:2585} INFO - Sync 1 DAGs
[2023-01-26T23:57:04.043+0000] {logging_mixin.py:120} INFO - [2023-01-26T23:57:04.042+0000] {dag.py:3340} INFO - Setting next_dagrun for example_bash_operator to 2023-01-26T00:00:00+00:00, run_after=2023-01-27T00:00:00+00:00
[2023-01-26T23:57:04.057+0000] {processor.py:176} INFO - Processing /home/airflow/.local/lib/python3.7/site-packages/airflow/example_dags/example_bash_operator.py took 0.102 seconds
[2023-01-26T23:57:34.180+0000] {processor.py:154} INFO - Started process (PID=1577) to work on /home/airflow/.local/lib/python3.7/site-packages/airflow/example_dags/example_bash_operator.py
[2023-01-26T23:57:34.180+0000] {processor.py:756} INFO - Processing file /home/airflow/.local/lib/python3.7/site-packages/airflow/example_dags/example_bash_operator.py for tasks to queue
[2023-01-26T23:57:34.181+0000] {logging_mixin.py:120} INFO - [2023-01-26T23:57:34.181+0000] {dagbag.py:537} INFO - Filling up the DagBag from /home/airflow/.local/lib/python3.7/site-packages/airflow/example_dags/example_bash_operator.py
[2023-01-26T23:57:34.194+0000] {processor.py:766} INFO - DAG(s) dict_keys(['example_bash_operator']) retrieved from /home/airflow/.local/lib/python3.7/site-packages/airflow/example_dags/example_bash_operator.py
[2023-01-26T23:57:34.225+0000] {logging_mixin.py:120} INFO - [2023-01-26T23:57:34.225+0000] {dag.py:2585} INFO - Sync 1 DAGs
[2023-01-26T23:57:34.244+0000] {logging_mixin.py:120} INFO - [2023-01-26T23:57:34.244+0000] {dag.py:3340} INFO - Setting next_dagrun for example_bash_operator to 2023-01-26T00:00:00+00:00, run_after=2023-01-27T00:00:00+00:00
[2023-01-26T23:57:34.257+0000] {processor.py:176} INFO - Processing /home/airflow/.local/lib/python3.7/site-packages/airflow/example_dags/example_bash_operator.py took 0.079 seconds
[2023-01-26T23:58:04.479+0000] {processor.py:154} INFO - Started process (PID=1646) to work on /home/airflow/.local/lib/python3.7/site-packages/airflow/example_dags/example_bash_operator.py
[2023-01-26T23:58:04.479+0000] {processor.py:756} INFO - Processing file /home/airflow/.local/lib/python3.7/site-packages/airflow/example_dags/example_bash_operator.py for tasks to queue
[2023-01-26T23:58:04.480+0000] {logging_mixin.py:120} INFO - [2023-01-26T23:58:04.480+0000] {dagbag.py:537} INFO - Filling up the DagBag from /home/airflow/.local/lib/python3.7/site-packages/airflow/example_dags/example_bash_operator.py
[2023-01-26T23:58:04.494+0000] {processor.py:766} INFO - DAG(s) dict_keys(['example_bash_operator']) retrieved from /home/airflow/.local/lib/python3.7/site-packages/airflow/example_dags/example_bash_operator.py
[2023-01-26T23:58:04.525+0000] {logging_mixin.py:120} INFO - [2023-01-26T23:58:04.524+0000] {dag.py:2585} INFO - Sync 1 DAGs
[2023-01-26T23:58:04.544+0000] {logging_mixin.py:120} INFO - [2023-01-26T23:58:04.544+0000] {dag.py:3340} INFO - Setting next_dagrun for example_bash_operator to 2023-01-26T00:00:00+00:00, run_after=2023-01-27T00:00:00+00:00
[2023-01-26T23:58:04.561+0000] {processor.py:176} INFO - Processing /home/airflow/.local/lib/python3.7/site-packages/airflow/example_dags/example_bash_operator.py took 0.084 seconds
[2023-01-26T23:58:35.683+0000] {processor.py:154} INFO - Started process (PID=1714) to work on /home/airflow/.local/lib/python3.7/site-packages/airflow/example_dags/example_bash_operator.py
[2023-01-26T23:58:35.684+0000] {processor.py:756} INFO - Processing file /home/airflow/.local/lib/python3.7/site-packages/airflow/example_dags/example_bash_operator.py for tasks to queue
[2023-01-26T23:58:35.684+0000] {logging_mixin.py:120} INFO - [2023-01-26T23:58:35.684+0000] {dagbag.py:537} INFO - Filling up the DagBag from /home/airflow/.local/lib/python3.7/site-packages/airflow/example_dags/example_bash_operator.py
[2023-01-26T23:58:35.697+0000] {processor.py:766} INFO - DAG(s) dict_keys(['example_bash_operator']) retrieved from /home/airflow/.local/lib/python3.7/site-packages/airflow/example_dags/example_bash_operator.py
[2023-01-26T23:58:35.727+0000] {logging_mixin.py:120} INFO - [2023-01-26T23:58:35.727+0000] {dag.py:2585} INFO - Sync 1 DAGs
[2023-01-26T23:58:35.745+0000] {logging_mixin.py:120} INFO - [2023-01-26T23:58:35.745+0000] {dag.py:3340} INFO - Setting next_dagrun for example_bash_operator to 2023-01-26T00:00:00+00:00, run_after=2023-01-27T00:00:00+00:00
[2023-01-26T23:58:35.758+0000] {processor.py:176} INFO - Processing /home/airflow/.local/lib/python3.7/site-packages/airflow/example_dags/example_bash_operator.py took 0.077 seconds
[2023-01-26T23:59:05.900+0000] {processor.py:154} INFO - Started process (PID=1774) to work on /home/airflow/.local/lib/python3.7/site-packages/airflow/example_dags/example_bash_operator.py
[2023-01-26T23:59:05.900+0000] {processor.py:756} INFO - Processing file /home/airflow/.local/lib/python3.7/site-packages/airflow/example_dags/example_bash_operator.py for tasks to queue
[2023-01-26T23:59:05.901+0000] {logging_mixin.py:120} INFO - [2023-01-26T23:59:05.900+0000] {dagbag.py:537} INFO - Filling up the DagBag from /home/airflow/.local/lib/python3.7/site-packages/airflow/example_dags/example_bash_operator.py
[2023-01-26T23:59:05.918+0000] {processor.py:766} INFO - DAG(s) dict_keys(['example_bash_operator']) retrieved from /home/airflow/.local/lib/python3.7/site-packages/airflow/example_dags/example_bash_operator.py
[2023-01-26T23:59:05.953+0000] {logging_mixin.py:120} INFO - [2023-01-26T23:59:05.953+0000] {dag.py:2585} INFO - Sync 1 DAGs
[2023-01-26T23:59:05.974+0000] {logging_mixin.py:120} INFO - [2023-01-26T23:59:05.974+0000] {dag.py:3340} INFO - Setting next_dagrun for example_bash_operator to 2023-01-26T00:00:00+00:00, run_after=2023-01-27T00:00:00+00:00
[2023-01-26T23:59:05.988+0000] {processor.py:176} INFO - Processing /home/airflow/.local/lib/python3.7/site-packages/airflow/example_dags/example_bash_operator.py took 0.090 seconds
[2023-01-26T23:59:36.261+0000] {processor.py:154} INFO - Started process (PID=1842) to work on /home/airflow/.local/lib/python3.7/site-packages/airflow/example_dags/example_bash_operator.py
[2023-01-26T23:59:36.262+0000] {processor.py:756} INFO - Processing file /home/airflow/.local/lib/python3.7/site-packages/airflow/example_dags/example_bash_operator.py for tasks to queue
[2023-01-26T23:59:36.262+0000] {logging_mixin.py:120} INFO - [2023-01-26T23:59:36.262+0000] {dagbag.py:537} INFO - Filling up the DagBag from /home/airflow/.local/lib/python3.7/site-packages/airflow/example_dags/example_bash_operator.py
[2023-01-26T23:59:36.276+0000] {processor.py:766} INFO - DAG(s) dict_keys(['example_bash_operator']) retrieved from /home/airflow/.local/lib/python3.7/site-packages/airflow/example_dags/example_bash_operator.py
[2023-01-26T23:59:36.312+0000] {logging_mixin.py:120} INFO - [2023-01-26T23:59:36.312+0000] {dag.py:2585} INFO - Sync 1 DAGs
[2023-01-26T23:59:36.336+0000] {logging_mixin.py:120} INFO - [2023-01-26T23:59:36.335+0000] {dag.py:3340} INFO - Setting next_dagrun for example_bash_operator to 2023-01-26T00:00:00+00:00, run_after=2023-01-27T00:00:00+00:00
[2023-01-26T23:59:36.348+0000] {processor.py:176} INFO - Processing /home/airflow/.local/lib/python3.7/site-packages/airflow/example_dags/example_bash_operator.py took 0.091 seconds
