[2023-01-26T20:22:01.428+0000] {processor.py:154} INFO - Started process (PID=80) to work on /home/airflow/.local/lib/python3.7/site-packages/airflow/example_dags/tutorial_dag.py
[2023-01-26T20:22:01.428+0000] {processor.py:756} INFO - Processing file /home/airflow/.local/lib/python3.7/site-packages/airflow/example_dags/tutorial_dag.py for tasks to queue
[2023-01-26T20:22:01.429+0000] {logging_mixin.py:120} INFO - [2023-01-26T20:22:01.429+0000] {dagbag.py:537} INFO - Filling up the DagBag from /home/airflow/.local/lib/python3.7/site-packages/airflow/example_dags/tutorial_dag.py
[2023-01-26T20:22:01.448+0000] {processor.py:766} INFO - DAG(s) dict_keys(['tutorial_dag']) retrieved from /home/airflow/.local/lib/python3.7/site-packages/airflow/example_dags/tutorial_dag.py
[2023-01-26T20:22:01.505+0000] {logging_mixin.py:120} INFO - [2023-01-26T20:22:01.504+0000] {dag.py:2585} INFO - Sync 1 DAGs
[2023-01-26T20:22:01.550+0000] {logging_mixin.py:120} INFO - [2023-01-26T20:22:01.549+0000] {dag.py:3340} INFO - Setting next_dagrun for tutorial_dag to None, run_after=None
[2023-01-26T20:22:01.582+0000] {processor.py:176} INFO - Processing /home/airflow/.local/lib/python3.7/site-packages/airflow/example_dags/tutorial_dag.py took 0.157 seconds
[2023-01-26T23:22:14.120+0000] {processor.py:154} INFO - Started process (PID=140) to work on /home/airflow/.local/lib/python3.7/site-packages/airflow/example_dags/tutorial_dag.py
[2023-01-26T23:22:14.121+0000] {processor.py:756} INFO - Processing file /home/airflow/.local/lib/python3.7/site-packages/airflow/example_dags/tutorial_dag.py for tasks to queue
[2023-01-26T23:22:14.122+0000] {logging_mixin.py:120} INFO - [2023-01-26T23:22:14.122+0000] {dagbag.py:537} INFO - Filling up the DagBag from /home/airflow/.local/lib/python3.7/site-packages/airflow/example_dags/tutorial_dag.py
[2023-01-26T23:22:14.141+0000] {processor.py:766} INFO - DAG(s) dict_keys(['tutorial_dag']) retrieved from /home/airflow/.local/lib/python3.7/site-packages/airflow/example_dags/tutorial_dag.py
[2023-01-26T23:22:14.206+0000] {logging_mixin.py:120} INFO - [2023-01-26T23:22:14.206+0000] {dag.py:2585} INFO - Sync 1 DAGs
[2023-01-26T23:22:14.254+0000] {logging_mixin.py:120} INFO - [2023-01-26T23:22:14.253+0000] {dag.py:3340} INFO - Setting next_dagrun for tutorial_dag to None, run_after=None
[2023-01-26T23:22:14.286+0000] {processor.py:176} INFO - Processing /home/airflow/.local/lib/python3.7/site-packages/airflow/example_dags/tutorial_dag.py took 0.170 seconds
[2023-01-26T23:22:44.933+0000] {processor.py:154} INFO - Started process (PID=206) to work on /home/airflow/.local/lib/python3.7/site-packages/airflow/example_dags/tutorial_dag.py
[2023-01-26T23:22:44.934+0000] {processor.py:756} INFO - Processing file /home/airflow/.local/lib/python3.7/site-packages/airflow/example_dags/tutorial_dag.py for tasks to queue
[2023-01-26T23:22:44.934+0000] {logging_mixin.py:120} INFO - [2023-01-26T23:22:44.934+0000] {dagbag.py:537} INFO - Filling up the DagBag from /home/airflow/.local/lib/python3.7/site-packages/airflow/example_dags/tutorial_dag.py
[2023-01-26T23:22:44.956+0000] {processor.py:766} INFO - DAG(s) dict_keys(['tutorial_dag']) retrieved from /home/airflow/.local/lib/python3.7/site-packages/airflow/example_dags/tutorial_dag.py
[2023-01-26T23:22:45.010+0000] {logging_mixin.py:120} INFO - [2023-01-26T23:22:45.010+0000] {dag.py:2585} INFO - Sync 1 DAGs
[2023-01-26T23:22:45.038+0000] {logging_mixin.py:120} INFO - [2023-01-26T23:22:45.038+0000] {dag.py:3340} INFO - Setting next_dagrun for tutorial_dag to None, run_after=None
[2023-01-26T23:22:45.066+0000] {processor.py:176} INFO - Processing /home/airflow/.local/lib/python3.7/site-packages/airflow/example_dags/tutorial_dag.py took 0.137 seconds
[2023-01-26T23:23:15.284+0000] {processor.py:154} INFO - Started process (PID=274) to work on /home/airflow/.local/lib/python3.7/site-packages/airflow/example_dags/tutorial_dag.py
[2023-01-26T23:23:15.285+0000] {processor.py:756} INFO - Processing file /home/airflow/.local/lib/python3.7/site-packages/airflow/example_dags/tutorial_dag.py for tasks to queue
[2023-01-26T23:23:15.286+0000] {logging_mixin.py:120} INFO - [2023-01-26T23:23:15.286+0000] {dagbag.py:537} INFO - Filling up the DagBag from /home/airflow/.local/lib/python3.7/site-packages/airflow/example_dags/tutorial_dag.py
[2023-01-26T23:23:15.299+0000] {processor.py:766} INFO - DAG(s) dict_keys(['tutorial_dag']) retrieved from /home/airflow/.local/lib/python3.7/site-packages/airflow/example_dags/tutorial_dag.py
[2023-01-26T23:23:15.342+0000] {logging_mixin.py:120} INFO - [2023-01-26T23:23:15.342+0000] {dag.py:2585} INFO - Sync 1 DAGs
[2023-01-26T23:23:15.371+0000] {logging_mixin.py:120} INFO - [2023-01-26T23:23:15.371+0000] {dag.py:3340} INFO - Setting next_dagrun for tutorial_dag to None, run_after=None
[2023-01-26T23:23:15.389+0000] {processor.py:176} INFO - Processing /home/airflow/.local/lib/python3.7/site-packages/airflow/example_dags/tutorial_dag.py took 0.107 seconds
[2023-01-26T23:23:45.810+0000] {processor.py:154} INFO - Started process (PID=331) to work on /home/airflow/.local/lib/python3.7/site-packages/airflow/example_dags/tutorial_dag.py
[2023-01-26T23:23:45.811+0000] {processor.py:756} INFO - Processing file /home/airflow/.local/lib/python3.7/site-packages/airflow/example_dags/tutorial_dag.py for tasks to queue
[2023-01-26T23:23:45.811+0000] {logging_mixin.py:120} INFO - [2023-01-26T23:23:45.811+0000] {dagbag.py:537} INFO - Filling up the DagBag from /home/airflow/.local/lib/python3.7/site-packages/airflow/example_dags/tutorial_dag.py
[2023-01-26T23:23:45.824+0000] {processor.py:766} INFO - DAG(s) dict_keys(['tutorial_dag']) retrieved from /home/airflow/.local/lib/python3.7/site-packages/airflow/example_dags/tutorial_dag.py
[2023-01-26T23:23:45.876+0000] {logging_mixin.py:120} INFO - [2023-01-26T23:23:45.876+0000] {dag.py:2585} INFO - Sync 1 DAGs
[2023-01-26T23:23:45.898+0000] {logging_mixin.py:120} INFO - [2023-01-26T23:23:45.898+0000] {dag.py:3340} INFO - Setting next_dagrun for tutorial_dag to None, run_after=None
[2023-01-26T23:23:45.913+0000] {processor.py:176} INFO - Processing /home/airflow/.local/lib/python3.7/site-packages/airflow/example_dags/tutorial_dag.py took 0.105 seconds
[2023-01-26T23:24:16.500+0000] {processor.py:154} INFO - Started process (PID=398) to work on /home/airflow/.local/lib/python3.7/site-packages/airflow/example_dags/tutorial_dag.py
[2023-01-26T23:24:16.501+0000] {processor.py:756} INFO - Processing file /home/airflow/.local/lib/python3.7/site-packages/airflow/example_dags/tutorial_dag.py for tasks to queue
[2023-01-26T23:24:16.501+0000] {logging_mixin.py:120} INFO - [2023-01-26T23:24:16.501+0000] {dagbag.py:537} INFO - Filling up the DagBag from /home/airflow/.local/lib/python3.7/site-packages/airflow/example_dags/tutorial_dag.py
[2023-01-26T23:24:16.512+0000] {processor.py:766} INFO - DAG(s) dict_keys(['tutorial_dag']) retrieved from /home/airflow/.local/lib/python3.7/site-packages/airflow/example_dags/tutorial_dag.py
[2023-01-26T23:24:16.548+0000] {logging_mixin.py:120} INFO - [2023-01-26T23:24:16.548+0000] {dag.py:2585} INFO - Sync 1 DAGs
[2023-01-26T23:24:16.572+0000] {logging_mixin.py:120} INFO - [2023-01-26T23:24:16.572+0000] {dag.py:3340} INFO - Setting next_dagrun for tutorial_dag to None, run_after=None
[2023-01-26T23:24:16.588+0000] {processor.py:176} INFO - Processing /home/airflow/.local/lib/python3.7/site-packages/airflow/example_dags/tutorial_dag.py took 0.091 seconds
[2023-01-26T23:24:47.270+0000] {processor.py:154} INFO - Started process (PID=466) to work on /home/airflow/.local/lib/python3.7/site-packages/airflow/example_dags/tutorial_dag.py
[2023-01-26T23:24:47.271+0000] {processor.py:756} INFO - Processing file /home/airflow/.local/lib/python3.7/site-packages/airflow/example_dags/tutorial_dag.py for tasks to queue
[2023-01-26T23:24:47.271+0000] {logging_mixin.py:120} INFO - [2023-01-26T23:24:47.271+0000] {dagbag.py:537} INFO - Filling up the DagBag from /home/airflow/.local/lib/python3.7/site-packages/airflow/example_dags/tutorial_dag.py
[2023-01-26T23:24:47.290+0000] {processor.py:766} INFO - DAG(s) dict_keys(['tutorial_dag']) retrieved from /home/airflow/.local/lib/python3.7/site-packages/airflow/example_dags/tutorial_dag.py
[2023-01-26T23:24:47.335+0000] {logging_mixin.py:120} INFO - [2023-01-26T23:24:47.335+0000] {dag.py:2585} INFO - Sync 1 DAGs
[2023-01-26T23:24:47.359+0000] {logging_mixin.py:120} INFO - [2023-01-26T23:24:47.359+0000] {dag.py:3340} INFO - Setting next_dagrun for tutorial_dag to None, run_after=None
[2023-01-26T23:24:47.377+0000] {processor.py:176} INFO - Processing /home/airflow/.local/lib/python3.7/site-packages/airflow/example_dags/tutorial_dag.py took 0.110 seconds
[2023-01-26T23:25:17.771+0000] {processor.py:154} INFO - Started process (PID=533) to work on /home/airflow/.local/lib/python3.7/site-packages/airflow/example_dags/tutorial_dag.py
[2023-01-26T23:25:17.771+0000] {processor.py:756} INFO - Processing file /home/airflow/.local/lib/python3.7/site-packages/airflow/example_dags/tutorial_dag.py for tasks to queue
[2023-01-26T23:25:17.772+0000] {logging_mixin.py:120} INFO - [2023-01-26T23:25:17.771+0000] {dagbag.py:537} INFO - Filling up the DagBag from /home/airflow/.local/lib/python3.7/site-packages/airflow/example_dags/tutorial_dag.py
[2023-01-26T23:25:17.780+0000] {processor.py:766} INFO - DAG(s) dict_keys(['tutorial_dag']) retrieved from /home/airflow/.local/lib/python3.7/site-packages/airflow/example_dags/tutorial_dag.py
[2023-01-26T23:25:17.806+0000] {logging_mixin.py:120} INFO - [2023-01-26T23:25:17.805+0000] {dag.py:2585} INFO - Sync 1 DAGs
[2023-01-26T23:25:17.824+0000] {logging_mixin.py:120} INFO - [2023-01-26T23:25:17.824+0000] {dag.py:3340} INFO - Setting next_dagrun for tutorial_dag to None, run_after=None
[2023-01-26T23:25:17.836+0000] {processor.py:176} INFO - Processing /home/airflow/.local/lib/python3.7/site-packages/airflow/example_dags/tutorial_dag.py took 0.067 seconds
[2023-01-26T23:25:47.982+0000] {processor.py:154} INFO - Started process (PID=591) to work on /home/airflow/.local/lib/python3.7/site-packages/airflow/example_dags/tutorial_dag.py
[2023-01-26T23:25:47.983+0000] {processor.py:756} INFO - Processing file /home/airflow/.local/lib/python3.7/site-packages/airflow/example_dags/tutorial_dag.py for tasks to queue
[2023-01-26T23:25:47.984+0000] {logging_mixin.py:120} INFO - [2023-01-26T23:25:47.984+0000] {dagbag.py:537} INFO - Filling up the DagBag from /home/airflow/.local/lib/python3.7/site-packages/airflow/example_dags/tutorial_dag.py
[2023-01-26T23:25:47.992+0000] {processor.py:766} INFO - DAG(s) dict_keys(['tutorial_dag']) retrieved from /home/airflow/.local/lib/python3.7/site-packages/airflow/example_dags/tutorial_dag.py
[2023-01-26T23:25:48.017+0000] {logging_mixin.py:120} INFO - [2023-01-26T23:25:48.017+0000] {dag.py:2585} INFO - Sync 1 DAGs
[2023-01-26T23:25:48.035+0000] {logging_mixin.py:120} INFO - [2023-01-26T23:25:48.035+0000] {dag.py:3340} INFO - Setting next_dagrun for tutorial_dag to None, run_after=None
[2023-01-26T23:25:48.047+0000] {processor.py:176} INFO - Processing /home/airflow/.local/lib/python3.7/site-packages/airflow/example_dags/tutorial_dag.py took 0.067 seconds
[2023-01-26T23:26:18.216+0000] {processor.py:154} INFO - Started process (PID=659) to work on /home/airflow/.local/lib/python3.7/site-packages/airflow/example_dags/tutorial_dag.py
[2023-01-26T23:26:18.217+0000] {processor.py:756} INFO - Processing file /home/airflow/.local/lib/python3.7/site-packages/airflow/example_dags/tutorial_dag.py for tasks to queue
[2023-01-26T23:26:18.217+0000] {logging_mixin.py:120} INFO - [2023-01-26T23:26:18.217+0000] {dagbag.py:537} INFO - Filling up the DagBag from /home/airflow/.local/lib/python3.7/site-packages/airflow/example_dags/tutorial_dag.py
[2023-01-26T23:26:18.225+0000] {processor.py:766} INFO - DAG(s) dict_keys(['tutorial_dag']) retrieved from /home/airflow/.local/lib/python3.7/site-packages/airflow/example_dags/tutorial_dag.py
[2023-01-26T23:26:18.251+0000] {logging_mixin.py:120} INFO - [2023-01-26T23:26:18.251+0000] {dag.py:2585} INFO - Sync 1 DAGs
[2023-01-26T23:26:18.269+0000] {logging_mixin.py:120} INFO - [2023-01-26T23:26:18.269+0000] {dag.py:3340} INFO - Setting next_dagrun for tutorial_dag to None, run_after=None
[2023-01-26T23:26:18.281+0000] {processor.py:176} INFO - Processing /home/airflow/.local/lib/python3.7/site-packages/airflow/example_dags/tutorial_dag.py took 0.068 seconds
[2023-01-26T23:26:48.440+0000] {processor.py:154} INFO - Started process (PID=726) to work on /home/airflow/.local/lib/python3.7/site-packages/airflow/example_dags/tutorial_dag.py
[2023-01-26T23:26:48.441+0000] {processor.py:756} INFO - Processing file /home/airflow/.local/lib/python3.7/site-packages/airflow/example_dags/tutorial_dag.py for tasks to queue
[2023-01-26T23:26:48.441+0000] {logging_mixin.py:120} INFO - [2023-01-26T23:26:48.441+0000] {dagbag.py:537} INFO - Filling up the DagBag from /home/airflow/.local/lib/python3.7/site-packages/airflow/example_dags/tutorial_dag.py
[2023-01-26T23:26:48.449+0000] {processor.py:766} INFO - DAG(s) dict_keys(['tutorial_dag']) retrieved from /home/airflow/.local/lib/python3.7/site-packages/airflow/example_dags/tutorial_dag.py
[2023-01-26T23:26:48.475+0000] {logging_mixin.py:120} INFO - [2023-01-26T23:26:48.474+0000] {dag.py:2585} INFO - Sync 1 DAGs
[2023-01-26T23:26:48.491+0000] {logging_mixin.py:120} INFO - [2023-01-26T23:26:48.491+0000] {dag.py:3340} INFO - Setting next_dagrun for tutorial_dag to None, run_after=None
[2023-01-26T23:26:48.504+0000] {processor.py:176} INFO - Processing /home/airflow/.local/lib/python3.7/site-packages/airflow/example_dags/tutorial_dag.py took 0.066 seconds
[2023-01-26T23:27:19.721+0000] {processor.py:154} INFO - Started process (PID=793) to work on /home/airflow/.local/lib/python3.7/site-packages/airflow/example_dags/tutorial_dag.py
[2023-01-26T23:27:19.722+0000] {processor.py:756} INFO - Processing file /home/airflow/.local/lib/python3.7/site-packages/airflow/example_dags/tutorial_dag.py for tasks to queue
[2023-01-26T23:27:19.722+0000] {logging_mixin.py:120} INFO - [2023-01-26T23:27:19.722+0000] {dagbag.py:537} INFO - Filling up the DagBag from /home/airflow/.local/lib/python3.7/site-packages/airflow/example_dags/tutorial_dag.py
[2023-01-26T23:27:19.730+0000] {processor.py:766} INFO - DAG(s) dict_keys(['tutorial_dag']) retrieved from /home/airflow/.local/lib/python3.7/site-packages/airflow/example_dags/tutorial_dag.py
[2023-01-26T23:27:19.756+0000] {logging_mixin.py:120} INFO - [2023-01-26T23:27:19.755+0000] {dag.py:2585} INFO - Sync 1 DAGs
[2023-01-26T23:27:19.772+0000] {logging_mixin.py:120} INFO - [2023-01-26T23:27:19.772+0000] {dag.py:3340} INFO - Setting next_dagrun for tutorial_dag to None, run_after=None
[2023-01-26T23:27:19.784+0000] {processor.py:176} INFO - Processing /home/airflow/.local/lib/python3.7/site-packages/airflow/example_dags/tutorial_dag.py took 0.065 seconds
[2023-01-26T23:27:50.869+0000] {processor.py:154} INFO - Started process (PID=860) to work on /home/airflow/.local/lib/python3.7/site-packages/airflow/example_dags/tutorial_dag.py
[2023-01-26T23:27:50.870+0000] {processor.py:756} INFO - Processing file /home/airflow/.local/lib/python3.7/site-packages/airflow/example_dags/tutorial_dag.py for tasks to queue
[2023-01-26T23:27:50.870+0000] {logging_mixin.py:120} INFO - [2023-01-26T23:27:50.870+0000] {dagbag.py:537} INFO - Filling up the DagBag from /home/airflow/.local/lib/python3.7/site-packages/airflow/example_dags/tutorial_dag.py
[2023-01-26T23:27:50.878+0000] {processor.py:766} INFO - DAG(s) dict_keys(['tutorial_dag']) retrieved from /home/airflow/.local/lib/python3.7/site-packages/airflow/example_dags/tutorial_dag.py
[2023-01-26T23:27:50.903+0000] {logging_mixin.py:120} INFO - [2023-01-26T23:27:50.903+0000] {dag.py:2585} INFO - Sync 1 DAGs
[2023-01-26T23:27:50.920+0000] {logging_mixin.py:120} INFO - [2023-01-26T23:27:50.920+0000] {dag.py:3340} INFO - Setting next_dagrun for tutorial_dag to None, run_after=None
[2023-01-26T23:27:50.933+0000] {processor.py:176} INFO - Processing /home/airflow/.local/lib/python3.7/site-packages/airflow/example_dags/tutorial_dag.py took 0.066 seconds
[2023-01-26T23:28:21.100+0000] {processor.py:154} INFO - Started process (PID=919) to work on /home/airflow/.local/lib/python3.7/site-packages/airflow/example_dags/tutorial_dag.py
[2023-01-26T23:28:21.102+0000] {processor.py:756} INFO - Processing file /home/airflow/.local/lib/python3.7/site-packages/airflow/example_dags/tutorial_dag.py for tasks to queue
[2023-01-26T23:28:21.102+0000] {logging_mixin.py:120} INFO - [2023-01-26T23:28:21.102+0000] {dagbag.py:537} INFO - Filling up the DagBag from /home/airflow/.local/lib/python3.7/site-packages/airflow/example_dags/tutorial_dag.py
[2023-01-26T23:28:21.111+0000] {processor.py:766} INFO - DAG(s) dict_keys(['tutorial_dag']) retrieved from /home/airflow/.local/lib/python3.7/site-packages/airflow/example_dags/tutorial_dag.py
[2023-01-26T23:28:21.151+0000] {logging_mixin.py:120} INFO - [2023-01-26T23:28:21.151+0000] {dag.py:2585} INFO - Sync 1 DAGs
[2023-01-26T23:28:21.168+0000] {logging_mixin.py:120} INFO - [2023-01-26T23:28:21.167+0000] {dag.py:3340} INFO - Setting next_dagrun for tutorial_dag to None, run_after=None
[2023-01-26T23:28:21.183+0000] {processor.py:176} INFO - Processing /home/airflow/.local/lib/python3.7/site-packages/airflow/example_dags/tutorial_dag.py took 0.085 seconds
[2023-01-26T23:28:51.523+0000] {processor.py:154} INFO - Started process (PID=986) to work on /home/airflow/.local/lib/python3.7/site-packages/airflow/example_dags/tutorial_dag.py
[2023-01-26T23:28:51.524+0000] {processor.py:756} INFO - Processing file /home/airflow/.local/lib/python3.7/site-packages/airflow/example_dags/tutorial_dag.py for tasks to queue
[2023-01-26T23:28:51.524+0000] {logging_mixin.py:120} INFO - [2023-01-26T23:28:51.524+0000] {dagbag.py:537} INFO - Filling up the DagBag from /home/airflow/.local/lib/python3.7/site-packages/airflow/example_dags/tutorial_dag.py
[2023-01-26T23:28:51.531+0000] {processor.py:766} INFO - DAG(s) dict_keys(['tutorial_dag']) retrieved from /home/airflow/.local/lib/python3.7/site-packages/airflow/example_dags/tutorial_dag.py
[2023-01-26T23:28:51.557+0000] {logging_mixin.py:120} INFO - [2023-01-26T23:28:51.556+0000] {dag.py:2585} INFO - Sync 1 DAGs
[2023-01-26T23:28:51.572+0000] {logging_mixin.py:120} INFO - [2023-01-26T23:28:51.572+0000] {dag.py:3340} INFO - Setting next_dagrun for tutorial_dag to None, run_after=None
[2023-01-26T23:28:51.584+0000] {processor.py:176} INFO - Processing /home/airflow/.local/lib/python3.7/site-packages/airflow/example_dags/tutorial_dag.py took 0.063 seconds
[2023-01-26T23:29:21.878+0000] {processor.py:154} INFO - Started process (PID=1053) to work on /home/airflow/.local/lib/python3.7/site-packages/airflow/example_dags/tutorial_dag.py
[2023-01-26T23:29:21.879+0000] {processor.py:756} INFO - Processing file /home/airflow/.local/lib/python3.7/site-packages/airflow/example_dags/tutorial_dag.py for tasks to queue
[2023-01-26T23:29:21.879+0000] {logging_mixin.py:120} INFO - [2023-01-26T23:29:21.879+0000] {dagbag.py:537} INFO - Filling up the DagBag from /home/airflow/.local/lib/python3.7/site-packages/airflow/example_dags/tutorial_dag.py
[2023-01-26T23:29:21.888+0000] {processor.py:766} INFO - DAG(s) dict_keys(['tutorial_dag']) retrieved from /home/airflow/.local/lib/python3.7/site-packages/airflow/example_dags/tutorial_dag.py
[2023-01-26T23:29:21.917+0000] {logging_mixin.py:120} INFO - [2023-01-26T23:29:21.917+0000] {dag.py:2585} INFO - Sync 1 DAGs
[2023-01-26T23:29:21.940+0000] {logging_mixin.py:120} INFO - [2023-01-26T23:29:21.940+0000] {dag.py:3340} INFO - Setting next_dagrun for tutorial_dag to None, run_after=None
[2023-01-26T23:29:21.954+0000] {processor.py:176} INFO - Processing /home/airflow/.local/lib/python3.7/site-packages/airflow/example_dags/tutorial_dag.py took 0.078 seconds
[2023-01-26T23:29:52.073+0000] {processor.py:154} INFO - Started process (PID=1119) to work on /home/airflow/.local/lib/python3.7/site-packages/airflow/example_dags/tutorial_dag.py
[2023-01-26T23:29:52.074+0000] {processor.py:756} INFO - Processing file /home/airflow/.local/lib/python3.7/site-packages/airflow/example_dags/tutorial_dag.py for tasks to queue
[2023-01-26T23:29:52.074+0000] {logging_mixin.py:120} INFO - [2023-01-26T23:29:52.074+0000] {dagbag.py:537} INFO - Filling up the DagBag from /home/airflow/.local/lib/python3.7/site-packages/airflow/example_dags/tutorial_dag.py
[2023-01-26T23:29:52.082+0000] {processor.py:766} INFO - DAG(s) dict_keys(['tutorial_dag']) retrieved from /home/airflow/.local/lib/python3.7/site-packages/airflow/example_dags/tutorial_dag.py
[2023-01-26T23:29:52.106+0000] {logging_mixin.py:120} INFO - [2023-01-26T23:29:52.106+0000] {dag.py:2585} INFO - Sync 1 DAGs
[2023-01-26T23:29:52.124+0000] {logging_mixin.py:120} INFO - [2023-01-26T23:29:52.124+0000] {dag.py:3340} INFO - Setting next_dagrun for tutorial_dag to None, run_after=None
[2023-01-26T23:29:52.138+0000] {processor.py:176} INFO - Processing /home/airflow/.local/lib/python3.7/site-packages/airflow/example_dags/tutorial_dag.py took 0.066 seconds
[2023-01-26T23:30:22.198+0000] {processor.py:154} INFO - Started process (PID=1175) to work on /home/airflow/.local/lib/python3.7/site-packages/airflow/example_dags/tutorial_dag.py
[2023-01-26T23:30:22.199+0000] {processor.py:756} INFO - Processing file /home/airflow/.local/lib/python3.7/site-packages/airflow/example_dags/tutorial_dag.py for tasks to queue
[2023-01-26T23:30:22.200+0000] {logging_mixin.py:120} INFO - [2023-01-26T23:30:22.199+0000] {dagbag.py:537} INFO - Filling up the DagBag from /home/airflow/.local/lib/python3.7/site-packages/airflow/example_dags/tutorial_dag.py
[2023-01-26T23:30:22.208+0000] {processor.py:766} INFO - DAG(s) dict_keys(['tutorial_dag']) retrieved from /home/airflow/.local/lib/python3.7/site-packages/airflow/example_dags/tutorial_dag.py
[2023-01-26T23:30:22.233+0000] {logging_mixin.py:120} INFO - [2023-01-26T23:30:22.233+0000] {dag.py:2585} INFO - Sync 1 DAGs
[2023-01-26T23:30:22.249+0000] {logging_mixin.py:120} INFO - [2023-01-26T23:30:22.249+0000] {dag.py:3340} INFO - Setting next_dagrun for tutorial_dag to None, run_after=None
[2023-01-26T23:30:22.261+0000] {processor.py:176} INFO - Processing /home/airflow/.local/lib/python3.7/site-packages/airflow/example_dags/tutorial_dag.py took 0.064 seconds
[2023-01-26T23:30:52.510+0000] {processor.py:154} INFO - Started process (PID=1242) to work on /home/airflow/.local/lib/python3.7/site-packages/airflow/example_dags/tutorial_dag.py
[2023-01-26T23:30:52.511+0000] {processor.py:756} INFO - Processing file /home/airflow/.local/lib/python3.7/site-packages/airflow/example_dags/tutorial_dag.py for tasks to queue
[2023-01-26T23:30:52.511+0000] {logging_mixin.py:120} INFO - [2023-01-26T23:30:52.511+0000] {dagbag.py:537} INFO - Filling up the DagBag from /home/airflow/.local/lib/python3.7/site-packages/airflow/example_dags/tutorial_dag.py
[2023-01-26T23:30:52.522+0000] {processor.py:766} INFO - DAG(s) dict_keys(['tutorial_dag']) retrieved from /home/airflow/.local/lib/python3.7/site-packages/airflow/example_dags/tutorial_dag.py
[2023-01-26T23:30:52.548+0000] {logging_mixin.py:120} INFO - [2023-01-26T23:30:52.548+0000] {dag.py:2585} INFO - Sync 1 DAGs
[2023-01-26T23:30:52.564+0000] {logging_mixin.py:120} INFO - [2023-01-26T23:30:52.564+0000] {dag.py:3340} INFO - Setting next_dagrun for tutorial_dag to None, run_after=None
[2023-01-26T23:30:52.576+0000] {processor.py:176} INFO - Processing /home/airflow/.local/lib/python3.7/site-packages/airflow/example_dags/tutorial_dag.py took 0.068 seconds
[2023-01-26T23:31:22.773+0000] {processor.py:154} INFO - Started process (PID=1309) to work on /home/airflow/.local/lib/python3.7/site-packages/airflow/example_dags/tutorial_dag.py
[2023-01-26T23:31:22.773+0000] {processor.py:756} INFO - Processing file /home/airflow/.local/lib/python3.7/site-packages/airflow/example_dags/tutorial_dag.py for tasks to queue
[2023-01-26T23:31:22.774+0000] {logging_mixin.py:120} INFO - [2023-01-26T23:31:22.774+0000] {dagbag.py:537} INFO - Filling up the DagBag from /home/airflow/.local/lib/python3.7/site-packages/airflow/example_dags/tutorial_dag.py
[2023-01-26T23:31:22.782+0000] {processor.py:766} INFO - DAG(s) dict_keys(['tutorial_dag']) retrieved from /home/airflow/.local/lib/python3.7/site-packages/airflow/example_dags/tutorial_dag.py
[2023-01-26T23:31:22.808+0000] {logging_mixin.py:120} INFO - [2023-01-26T23:31:22.808+0000] {dag.py:2585} INFO - Sync 1 DAGs
[2023-01-26T23:31:22.825+0000] {logging_mixin.py:120} INFO - [2023-01-26T23:31:22.825+0000] {dag.py:3340} INFO - Setting next_dagrun for tutorial_dag to None, run_after=None
[2023-01-26T23:31:22.840+0000] {processor.py:176} INFO - Processing /home/airflow/.local/lib/python3.7/site-packages/airflow/example_dags/tutorial_dag.py took 0.069 seconds
[2023-01-26T23:31:53.240+0000] {processor.py:154} INFO - Started process (PID=1377) to work on /home/airflow/.local/lib/python3.7/site-packages/airflow/example_dags/tutorial_dag.py
[2023-01-26T23:31:53.241+0000] {processor.py:756} INFO - Processing file /home/airflow/.local/lib/python3.7/site-packages/airflow/example_dags/tutorial_dag.py for tasks to queue
[2023-01-26T23:31:53.242+0000] {logging_mixin.py:120} INFO - [2023-01-26T23:31:53.242+0000] {dagbag.py:537} INFO - Filling up the DagBag from /home/airflow/.local/lib/python3.7/site-packages/airflow/example_dags/tutorial_dag.py
[2023-01-26T23:31:53.250+0000] {processor.py:766} INFO - DAG(s) dict_keys(['tutorial_dag']) retrieved from /home/airflow/.local/lib/python3.7/site-packages/airflow/example_dags/tutorial_dag.py
[2023-01-26T23:31:53.278+0000] {logging_mixin.py:120} INFO - [2023-01-26T23:31:53.278+0000] {dag.py:2585} INFO - Sync 1 DAGs
[2023-01-26T23:31:53.301+0000] {logging_mixin.py:120} INFO - [2023-01-26T23:31:53.301+0000] {dag.py:3340} INFO - Setting next_dagrun for tutorial_dag to None, run_after=None
[2023-01-26T23:31:53.315+0000] {processor.py:176} INFO - Processing /home/airflow/.local/lib/python3.7/site-packages/airflow/example_dags/tutorial_dag.py took 0.076 seconds
[2023-01-26T23:32:23.577+0000] {processor.py:154} INFO - Started process (PID=1444) to work on /home/airflow/.local/lib/python3.7/site-packages/airflow/example_dags/tutorial_dag.py
[2023-01-26T23:32:23.578+0000] {processor.py:756} INFO - Processing file /home/airflow/.local/lib/python3.7/site-packages/airflow/example_dags/tutorial_dag.py for tasks to queue
[2023-01-26T23:32:23.578+0000] {logging_mixin.py:120} INFO - [2023-01-26T23:32:23.578+0000] {dagbag.py:537} INFO - Filling up the DagBag from /home/airflow/.local/lib/python3.7/site-packages/airflow/example_dags/tutorial_dag.py
[2023-01-26T23:32:23.586+0000] {processor.py:766} INFO - DAG(s) dict_keys(['tutorial_dag']) retrieved from /home/airflow/.local/lib/python3.7/site-packages/airflow/example_dags/tutorial_dag.py
[2023-01-26T23:32:23.612+0000] {logging_mixin.py:120} INFO - [2023-01-26T23:32:23.611+0000] {dag.py:2585} INFO - Sync 1 DAGs
[2023-01-26T23:32:23.628+0000] {logging_mixin.py:120} INFO - [2023-01-26T23:32:23.628+0000] {dag.py:3340} INFO - Setting next_dagrun for tutorial_dag to None, run_after=None
[2023-01-26T23:32:23.640+0000] {processor.py:176} INFO - Processing /home/airflow/.local/lib/python3.7/site-packages/airflow/example_dags/tutorial_dag.py took 0.065 seconds
[2023-01-26T23:32:54.784+0000] {processor.py:154} INFO - Started process (PID=1502) to work on /home/airflow/.local/lib/python3.7/site-packages/airflow/example_dags/tutorial_dag.py
[2023-01-26T23:32:54.785+0000] {processor.py:756} INFO - Processing file /home/airflow/.local/lib/python3.7/site-packages/airflow/example_dags/tutorial_dag.py for tasks to queue
[2023-01-26T23:32:54.785+0000] {logging_mixin.py:120} INFO - [2023-01-26T23:32:54.785+0000] {dagbag.py:537} INFO - Filling up the DagBag from /home/airflow/.local/lib/python3.7/site-packages/airflow/example_dags/tutorial_dag.py
[2023-01-26T23:32:54.794+0000] {processor.py:766} INFO - DAG(s) dict_keys(['tutorial_dag']) retrieved from /home/airflow/.local/lib/python3.7/site-packages/airflow/example_dags/tutorial_dag.py
[2023-01-26T23:32:54.822+0000] {logging_mixin.py:120} INFO - [2023-01-26T23:32:54.822+0000] {dag.py:2585} INFO - Sync 1 DAGs
[2023-01-26T23:32:54.841+0000] {logging_mixin.py:120} INFO - [2023-01-26T23:32:54.841+0000] {dag.py:3340} INFO - Setting next_dagrun for tutorial_dag to None, run_after=None
[2023-01-26T23:32:54.857+0000] {processor.py:176} INFO - Processing /home/airflow/.local/lib/python3.7/site-packages/airflow/example_dags/tutorial_dag.py took 0.075 seconds
[2023-01-26T23:33:25.054+0000] {processor.py:154} INFO - Started process (PID=1569) to work on /home/airflow/.local/lib/python3.7/site-packages/airflow/example_dags/tutorial_dag.py
[2023-01-26T23:33:25.054+0000] {processor.py:756} INFO - Processing file /home/airflow/.local/lib/python3.7/site-packages/airflow/example_dags/tutorial_dag.py for tasks to queue
[2023-01-26T23:33:25.054+0000] {logging_mixin.py:120} INFO - [2023-01-26T23:33:25.054+0000] {dagbag.py:537} INFO - Filling up the DagBag from /home/airflow/.local/lib/python3.7/site-packages/airflow/example_dags/tutorial_dag.py
[2023-01-26T23:33:25.062+0000] {processor.py:766} INFO - DAG(s) dict_keys(['tutorial_dag']) retrieved from /home/airflow/.local/lib/python3.7/site-packages/airflow/example_dags/tutorial_dag.py
[2023-01-26T23:33:25.089+0000] {logging_mixin.py:120} INFO - [2023-01-26T23:33:25.089+0000] {dag.py:2585} INFO - Sync 1 DAGs
[2023-01-26T23:33:25.106+0000] {logging_mixin.py:120} INFO - [2023-01-26T23:33:25.106+0000] {dag.py:3340} INFO - Setting next_dagrun for tutorial_dag to None, run_after=None
[2023-01-26T23:33:25.119+0000] {processor.py:176} INFO - Processing /home/airflow/.local/lib/python3.7/site-packages/airflow/example_dags/tutorial_dag.py took 0.068 seconds
[2023-01-26T23:33:55.263+0000] {processor.py:154} INFO - Started process (PID=1636) to work on /home/airflow/.local/lib/python3.7/site-packages/airflow/example_dags/tutorial_dag.py
[2023-01-26T23:33:55.263+0000] {processor.py:756} INFO - Processing file /home/airflow/.local/lib/python3.7/site-packages/airflow/example_dags/tutorial_dag.py for tasks to queue
[2023-01-26T23:33:55.263+0000] {logging_mixin.py:120} INFO - [2023-01-26T23:33:55.263+0000] {dagbag.py:537} INFO - Filling up the DagBag from /home/airflow/.local/lib/python3.7/site-packages/airflow/example_dags/tutorial_dag.py
[2023-01-26T23:33:55.271+0000] {processor.py:766} INFO - DAG(s) dict_keys(['tutorial_dag']) retrieved from /home/airflow/.local/lib/python3.7/site-packages/airflow/example_dags/tutorial_dag.py
[2023-01-26T23:33:55.297+0000] {logging_mixin.py:120} INFO - [2023-01-26T23:33:55.297+0000] {dag.py:2585} INFO - Sync 1 DAGs
[2023-01-26T23:33:55.313+0000] {logging_mixin.py:120} INFO - [2023-01-26T23:33:55.313+0000] {dag.py:3340} INFO - Setting next_dagrun for tutorial_dag to None, run_after=None
[2023-01-26T23:33:55.324+0000] {processor.py:176} INFO - Processing /home/airflow/.local/lib/python3.7/site-packages/airflow/example_dags/tutorial_dag.py took 0.064 seconds
[2023-01-26T23:34:25.502+0000] {processor.py:154} INFO - Started process (PID=1703) to work on /home/airflow/.local/lib/python3.7/site-packages/airflow/example_dags/tutorial_dag.py
[2023-01-26T23:34:25.502+0000] {processor.py:756} INFO - Processing file /home/airflow/.local/lib/python3.7/site-packages/airflow/example_dags/tutorial_dag.py for tasks to queue
[2023-01-26T23:34:25.503+0000] {logging_mixin.py:120} INFO - [2023-01-26T23:34:25.503+0000] {dagbag.py:537} INFO - Filling up the DagBag from /home/airflow/.local/lib/python3.7/site-packages/airflow/example_dags/tutorial_dag.py
[2023-01-26T23:34:25.511+0000] {processor.py:766} INFO - DAG(s) dict_keys(['tutorial_dag']) retrieved from /home/airflow/.local/lib/python3.7/site-packages/airflow/example_dags/tutorial_dag.py
[2023-01-26T23:34:25.542+0000] {logging_mixin.py:120} INFO - [2023-01-26T23:34:25.542+0000] {dag.py:2585} INFO - Sync 1 DAGs
[2023-01-26T23:34:25.558+0000] {logging_mixin.py:120} INFO - [2023-01-26T23:34:25.557+0000] {dag.py:3340} INFO - Setting next_dagrun for tutorial_dag to None, run_after=None
[2023-01-26T23:34:25.569+0000] {processor.py:176} INFO - Processing /home/airflow/.local/lib/python3.7/site-packages/airflow/example_dags/tutorial_dag.py took 0.069 seconds
[2023-01-26T23:34:56.031+0000] {processor.py:154} INFO - Started process (PID=1771) to work on /home/airflow/.local/lib/python3.7/site-packages/airflow/example_dags/tutorial_dag.py
[2023-01-26T23:34:56.031+0000] {processor.py:756} INFO - Processing file /home/airflow/.local/lib/python3.7/site-packages/airflow/example_dags/tutorial_dag.py for tasks to queue
[2023-01-26T23:34:56.032+0000] {logging_mixin.py:120} INFO - [2023-01-26T23:34:56.032+0000] {dagbag.py:537} INFO - Filling up the DagBag from /home/airflow/.local/lib/python3.7/site-packages/airflow/example_dags/tutorial_dag.py
[2023-01-26T23:34:56.040+0000] {processor.py:766} INFO - DAG(s) dict_keys(['tutorial_dag']) retrieved from /home/airflow/.local/lib/python3.7/site-packages/airflow/example_dags/tutorial_dag.py
[2023-01-26T23:34:56.065+0000] {logging_mixin.py:120} INFO - [2023-01-26T23:34:56.065+0000] {dag.py:2585} INFO - Sync 1 DAGs
[2023-01-26T23:34:56.081+0000] {logging_mixin.py:120} INFO - [2023-01-26T23:34:56.081+0000] {dag.py:3340} INFO - Setting next_dagrun for tutorial_dag to None, run_after=None
[2023-01-26T23:34:56.095+0000] {processor.py:176} INFO - Processing /home/airflow/.local/lib/python3.7/site-packages/airflow/example_dags/tutorial_dag.py took 0.066 seconds
[2023-01-26T23:35:27.076+0000] {processor.py:154} INFO - Started process (PID=1829) to work on /home/airflow/.local/lib/python3.7/site-packages/airflow/example_dags/tutorial_dag.py
[2023-01-26T23:35:27.076+0000] {processor.py:756} INFO - Processing file /home/airflow/.local/lib/python3.7/site-packages/airflow/example_dags/tutorial_dag.py for tasks to queue
[2023-01-26T23:35:27.076+0000] {logging_mixin.py:120} INFO - [2023-01-26T23:35:27.076+0000] {dagbag.py:537} INFO - Filling up the DagBag from /home/airflow/.local/lib/python3.7/site-packages/airflow/example_dags/tutorial_dag.py
[2023-01-26T23:35:27.084+0000] {processor.py:766} INFO - DAG(s) dict_keys(['tutorial_dag']) retrieved from /home/airflow/.local/lib/python3.7/site-packages/airflow/example_dags/tutorial_dag.py
[2023-01-26T23:35:27.110+0000] {logging_mixin.py:120} INFO - [2023-01-26T23:35:27.110+0000] {dag.py:2585} INFO - Sync 1 DAGs
[2023-01-26T23:35:27.127+0000] {logging_mixin.py:120} INFO - [2023-01-26T23:35:27.127+0000] {dag.py:3340} INFO - Setting next_dagrun for tutorial_dag to None, run_after=None
[2023-01-26T23:35:27.138+0000] {processor.py:176} INFO - Processing /home/airflow/.local/lib/python3.7/site-packages/airflow/example_dags/tutorial_dag.py took 0.064 seconds
[2023-01-26T23:35:58.303+0000] {processor.py:154} INFO - Started process (PID=1895) to work on /home/airflow/.local/lib/python3.7/site-packages/airflow/example_dags/tutorial_dag.py
[2023-01-26T23:35:58.303+0000] {processor.py:756} INFO - Processing file /home/airflow/.local/lib/python3.7/site-packages/airflow/example_dags/tutorial_dag.py for tasks to queue
[2023-01-26T23:35:58.303+0000] {logging_mixin.py:120} INFO - [2023-01-26T23:35:58.303+0000] {dagbag.py:537} INFO - Filling up the DagBag from /home/airflow/.local/lib/python3.7/site-packages/airflow/example_dags/tutorial_dag.py
[2023-01-26T23:35:58.311+0000] {processor.py:766} INFO - DAG(s) dict_keys(['tutorial_dag']) retrieved from /home/airflow/.local/lib/python3.7/site-packages/airflow/example_dags/tutorial_dag.py
[2023-01-26T23:35:58.336+0000] {logging_mixin.py:120} INFO - [2023-01-26T23:35:58.335+0000] {dag.py:2585} INFO - Sync 1 DAGs
[2023-01-26T23:35:58.351+0000] {logging_mixin.py:120} INFO - [2023-01-26T23:35:58.351+0000] {dag.py:3340} INFO - Setting next_dagrun for tutorial_dag to None, run_after=None
[2023-01-26T23:35:58.365+0000] {processor.py:176} INFO - Processing /home/airflow/.local/lib/python3.7/site-packages/airflow/example_dags/tutorial_dag.py took 0.064 seconds
[2023-01-26T23:36:29.432+0000] {processor.py:154} INFO - Started process (PID=1961) to work on /home/airflow/.local/lib/python3.7/site-packages/airflow/example_dags/tutorial_dag.py
[2023-01-26T23:36:29.433+0000] {processor.py:756} INFO - Processing file /home/airflow/.local/lib/python3.7/site-packages/airflow/example_dags/tutorial_dag.py for tasks to queue
[2023-01-26T23:36:29.433+0000] {logging_mixin.py:120} INFO - [2023-01-26T23:36:29.433+0000] {dagbag.py:537} INFO - Filling up the DagBag from /home/airflow/.local/lib/python3.7/site-packages/airflow/example_dags/tutorial_dag.py
[2023-01-26T23:36:29.441+0000] {processor.py:766} INFO - DAG(s) dict_keys(['tutorial_dag']) retrieved from /home/airflow/.local/lib/python3.7/site-packages/airflow/example_dags/tutorial_dag.py
[2023-01-26T23:36:29.470+0000] {logging_mixin.py:120} INFO - [2023-01-26T23:36:29.470+0000] {dag.py:2585} INFO - Sync 1 DAGs
[2023-01-26T23:36:29.486+0000] {logging_mixin.py:120} INFO - [2023-01-26T23:36:29.486+0000] {dag.py:3340} INFO - Setting next_dagrun for tutorial_dag to None, run_after=None
[2023-01-26T23:36:29.499+0000] {processor.py:176} INFO - Processing /home/airflow/.local/lib/python3.7/site-packages/airflow/example_dags/tutorial_dag.py took 0.069 seconds
[2023-01-26T23:36:59.784+0000] {processor.py:154} INFO - Started process (PID=2028) to work on /home/airflow/.local/lib/python3.7/site-packages/airflow/example_dags/tutorial_dag.py
[2023-01-26T23:36:59.786+0000] {processor.py:756} INFO - Processing file /home/airflow/.local/lib/python3.7/site-packages/airflow/example_dags/tutorial_dag.py for tasks to queue
[2023-01-26T23:36:59.787+0000] {logging_mixin.py:120} INFO - [2023-01-26T23:36:59.786+0000] {dagbag.py:537} INFO - Filling up the DagBag from /home/airflow/.local/lib/python3.7/site-packages/airflow/example_dags/tutorial_dag.py
[2023-01-26T23:36:59.801+0000] {processor.py:766} INFO - DAG(s) dict_keys(['tutorial_dag']) retrieved from /home/airflow/.local/lib/python3.7/site-packages/airflow/example_dags/tutorial_dag.py
[2023-01-26T23:36:59.842+0000] {logging_mixin.py:120} INFO - [2023-01-26T23:36:59.841+0000] {dag.py:2585} INFO - Sync 1 DAGs
[2023-01-26T23:36:59.862+0000] {logging_mixin.py:120} INFO - [2023-01-26T23:36:59.862+0000] {dag.py:3340} INFO - Setting next_dagrun for tutorial_dag to None, run_after=None
[2023-01-26T23:36:59.880+0000] {processor.py:176} INFO - Processing /home/airflow/.local/lib/python3.7/site-packages/airflow/example_dags/tutorial_dag.py took 0.097 seconds
[2023-01-26T23:37:29.969+0000] {processor.py:154} INFO - Started process (PID=2096) to work on /home/airflow/.local/lib/python3.7/site-packages/airflow/example_dags/tutorial_dag.py
[2023-01-26T23:37:29.970+0000] {processor.py:756} INFO - Processing file /home/airflow/.local/lib/python3.7/site-packages/airflow/example_dags/tutorial_dag.py for tasks to queue
[2023-01-26T23:37:29.971+0000] {logging_mixin.py:120} INFO - [2023-01-26T23:37:29.971+0000] {dagbag.py:537} INFO - Filling up the DagBag from /home/airflow/.local/lib/python3.7/site-packages/airflow/example_dags/tutorial_dag.py
[2023-01-26T23:37:29.979+0000] {processor.py:766} INFO - DAG(s) dict_keys(['tutorial_dag']) retrieved from /home/airflow/.local/lib/python3.7/site-packages/airflow/example_dags/tutorial_dag.py
[2023-01-26T23:37:30.008+0000] {logging_mixin.py:120} INFO - [2023-01-26T23:37:30.008+0000] {dag.py:2585} INFO - Sync 1 DAGs
[2023-01-26T23:37:30.035+0000] {logging_mixin.py:120} INFO - [2023-01-26T23:37:30.035+0000] {dag.py:3340} INFO - Setting next_dagrun for tutorial_dag to None, run_after=None
[2023-01-26T23:37:30.052+0000] {processor.py:176} INFO - Processing /home/airflow/.local/lib/python3.7/site-packages/airflow/example_dags/tutorial_dag.py took 0.085 seconds
[2023-01-26T23:38:01.099+0000] {processor.py:154} INFO - Started process (PID=2155) to work on /home/airflow/.local/lib/python3.7/site-packages/airflow/example_dags/tutorial_dag.py
[2023-01-26T23:38:01.100+0000] {processor.py:756} INFO - Processing file /home/airflow/.local/lib/python3.7/site-packages/airflow/example_dags/tutorial_dag.py for tasks to queue
[2023-01-26T23:38:01.100+0000] {logging_mixin.py:120} INFO - [2023-01-26T23:38:01.100+0000] {dagbag.py:537} INFO - Filling up the DagBag from /home/airflow/.local/lib/python3.7/site-packages/airflow/example_dags/tutorial_dag.py
[2023-01-26T23:38:01.108+0000] {processor.py:766} INFO - DAG(s) dict_keys(['tutorial_dag']) retrieved from /home/airflow/.local/lib/python3.7/site-packages/airflow/example_dags/tutorial_dag.py
[2023-01-26T23:38:01.134+0000] {logging_mixin.py:120} INFO - [2023-01-26T23:38:01.133+0000] {dag.py:2585} INFO - Sync 1 DAGs
[2023-01-26T23:38:01.149+0000] {logging_mixin.py:120} INFO - [2023-01-26T23:38:01.149+0000] {dag.py:3340} INFO - Setting next_dagrun for tutorial_dag to None, run_after=None
[2023-01-26T23:38:01.163+0000] {processor.py:176} INFO - Processing /home/airflow/.local/lib/python3.7/site-packages/airflow/example_dags/tutorial_dag.py took 0.066 seconds
[2023-01-26T23:38:31.472+0000] {processor.py:154} INFO - Started process (PID=2223) to work on /home/airflow/.local/lib/python3.7/site-packages/airflow/example_dags/tutorial_dag.py
[2023-01-26T23:38:31.473+0000] {processor.py:756} INFO - Processing file /home/airflow/.local/lib/python3.7/site-packages/airflow/example_dags/tutorial_dag.py for tasks to queue
[2023-01-26T23:38:31.474+0000] {logging_mixin.py:120} INFO - [2023-01-26T23:38:31.474+0000] {dagbag.py:537} INFO - Filling up the DagBag from /home/airflow/.local/lib/python3.7/site-packages/airflow/example_dags/tutorial_dag.py
[2023-01-26T23:38:31.482+0000] {processor.py:766} INFO - DAG(s) dict_keys(['tutorial_dag']) retrieved from /home/airflow/.local/lib/python3.7/site-packages/airflow/example_dags/tutorial_dag.py
[2023-01-26T23:38:31.508+0000] {logging_mixin.py:120} INFO - [2023-01-26T23:38:31.508+0000] {dag.py:2585} INFO - Sync 1 DAGs
[2023-01-26T23:38:31.524+0000] {logging_mixin.py:120} INFO - [2023-01-26T23:38:31.524+0000] {dag.py:3340} INFO - Setting next_dagrun for tutorial_dag to None, run_after=None
[2023-01-26T23:38:31.536+0000] {processor.py:176} INFO - Processing /home/airflow/.local/lib/python3.7/site-packages/airflow/example_dags/tutorial_dag.py took 0.066 seconds
[2023-01-26T23:39:01.783+0000] {processor.py:154} INFO - Started process (PID=2291) to work on /home/airflow/.local/lib/python3.7/site-packages/airflow/example_dags/tutorial_dag.py
[2023-01-26T23:39:01.783+0000] {processor.py:756} INFO - Processing file /home/airflow/.local/lib/python3.7/site-packages/airflow/example_dags/tutorial_dag.py for tasks to queue
[2023-01-26T23:39:01.784+0000] {logging_mixin.py:120} INFO - [2023-01-26T23:39:01.784+0000] {dagbag.py:537} INFO - Filling up the DagBag from /home/airflow/.local/lib/python3.7/site-packages/airflow/example_dags/tutorial_dag.py
[2023-01-26T23:39:01.792+0000] {processor.py:766} INFO - DAG(s) dict_keys(['tutorial_dag']) retrieved from /home/airflow/.local/lib/python3.7/site-packages/airflow/example_dags/tutorial_dag.py
[2023-01-26T23:39:01.817+0000] {logging_mixin.py:120} INFO - [2023-01-26T23:39:01.817+0000] {dag.py:2585} INFO - Sync 1 DAGs
[2023-01-26T23:39:01.833+0000] {logging_mixin.py:120} INFO - [2023-01-26T23:39:01.833+0000] {dag.py:3340} INFO - Setting next_dagrun for tutorial_dag to None, run_after=None
[2023-01-26T23:39:01.847+0000] {processor.py:176} INFO - Processing /home/airflow/.local/lib/python3.7/site-packages/airflow/example_dags/tutorial_dag.py took 0.066 seconds
[2023-01-26T23:39:32.197+0000] {processor.py:154} INFO - Started process (PID=2359) to work on /home/airflow/.local/lib/python3.7/site-packages/airflow/example_dags/tutorial_dag.py
[2023-01-26T23:39:32.198+0000] {processor.py:756} INFO - Processing file /home/airflow/.local/lib/python3.7/site-packages/airflow/example_dags/tutorial_dag.py for tasks to queue
[2023-01-26T23:39:32.198+0000] {logging_mixin.py:120} INFO - [2023-01-26T23:39:32.198+0000] {dagbag.py:537} INFO - Filling up the DagBag from /home/airflow/.local/lib/python3.7/site-packages/airflow/example_dags/tutorial_dag.py
[2023-01-26T23:39:32.206+0000] {processor.py:766} INFO - DAG(s) dict_keys(['tutorial_dag']) retrieved from /home/airflow/.local/lib/python3.7/site-packages/airflow/example_dags/tutorial_dag.py
[2023-01-26T23:39:32.231+0000] {logging_mixin.py:120} INFO - [2023-01-26T23:39:32.231+0000] {dag.py:2585} INFO - Sync 1 DAGs
[2023-01-26T23:39:32.248+0000] {logging_mixin.py:120} INFO - [2023-01-26T23:39:32.248+0000] {dag.py:3340} INFO - Setting next_dagrun for tutorial_dag to None, run_after=None
[2023-01-26T23:39:32.261+0000] {processor.py:176} INFO - Processing /home/airflow/.local/lib/python3.7/site-packages/airflow/example_dags/tutorial_dag.py took 0.066 seconds
[2023-01-26T23:40:03.393+0000] {processor.py:154} INFO - Started process (PID=2427) to work on /home/airflow/.local/lib/python3.7/site-packages/airflow/example_dags/tutorial_dag.py
[2023-01-26T23:40:03.393+0000] {processor.py:756} INFO - Processing file /home/airflow/.local/lib/python3.7/site-packages/airflow/example_dags/tutorial_dag.py for tasks to queue
[2023-01-26T23:40:03.393+0000] {logging_mixin.py:120} INFO - [2023-01-26T23:40:03.393+0000] {dagbag.py:537} INFO - Filling up the DagBag from /home/airflow/.local/lib/python3.7/site-packages/airflow/example_dags/tutorial_dag.py
[2023-01-26T23:40:03.401+0000] {processor.py:766} INFO - DAG(s) dict_keys(['tutorial_dag']) retrieved from /home/airflow/.local/lib/python3.7/site-packages/airflow/example_dags/tutorial_dag.py
[2023-01-26T23:40:03.426+0000] {logging_mixin.py:120} INFO - [2023-01-26T23:40:03.426+0000] {dag.py:2585} INFO - Sync 1 DAGs
[2023-01-26T23:40:03.441+0000] {logging_mixin.py:120} INFO - [2023-01-26T23:40:03.440+0000] {dag.py:3340} INFO - Setting next_dagrun for tutorial_dag to None, run_after=None
[2023-01-26T23:40:03.452+0000] {processor.py:176} INFO - Processing /home/airflow/.local/lib/python3.7/site-packages/airflow/example_dags/tutorial_dag.py took 0.061 seconds
[2023-01-26T23:40:34.522+0000] {processor.py:154} INFO - Started process (PID=2495) to work on /home/airflow/.local/lib/python3.7/site-packages/airflow/example_dags/tutorial_dag.py
[2023-01-26T23:40:34.523+0000] {processor.py:756} INFO - Processing file /home/airflow/.local/lib/python3.7/site-packages/airflow/example_dags/tutorial_dag.py for tasks to queue
[2023-01-26T23:40:34.523+0000] {logging_mixin.py:120} INFO - [2023-01-26T23:40:34.523+0000] {dagbag.py:537} INFO - Filling up the DagBag from /home/airflow/.local/lib/python3.7/site-packages/airflow/example_dags/tutorial_dag.py
[2023-01-26T23:40:34.531+0000] {processor.py:766} INFO - DAG(s) dict_keys(['tutorial_dag']) retrieved from /home/airflow/.local/lib/python3.7/site-packages/airflow/example_dags/tutorial_dag.py
[2023-01-26T23:40:34.556+0000] {logging_mixin.py:120} INFO - [2023-01-26T23:40:34.556+0000] {dag.py:2585} INFO - Sync 1 DAGs
[2023-01-26T23:40:34.572+0000] {logging_mixin.py:120} INFO - [2023-01-26T23:40:34.572+0000] {dag.py:3340} INFO - Setting next_dagrun for tutorial_dag to None, run_after=None
[2023-01-26T23:40:34.585+0000] {processor.py:176} INFO - Processing /home/airflow/.local/lib/python3.7/site-packages/airflow/example_dags/tutorial_dag.py took 0.064 seconds
[2023-01-26T23:41:05.679+0000] {processor.py:154} INFO - Started process (PID=2554) to work on /home/airflow/.local/lib/python3.7/site-packages/airflow/example_dags/tutorial_dag.py
[2023-01-26T23:41:05.680+0000] {processor.py:756} INFO - Processing file /home/airflow/.local/lib/python3.7/site-packages/airflow/example_dags/tutorial_dag.py for tasks to queue
[2023-01-26T23:41:05.680+0000] {logging_mixin.py:120} INFO - [2023-01-26T23:41:05.680+0000] {dagbag.py:537} INFO - Filling up the DagBag from /home/airflow/.local/lib/python3.7/site-packages/airflow/example_dags/tutorial_dag.py
[2023-01-26T23:41:05.688+0000] {processor.py:766} INFO - DAG(s) dict_keys(['tutorial_dag']) retrieved from /home/airflow/.local/lib/python3.7/site-packages/airflow/example_dags/tutorial_dag.py
[2023-01-26T23:41:05.723+0000] {logging_mixin.py:120} INFO - [2023-01-26T23:41:05.723+0000] {dag.py:2585} INFO - Sync 1 DAGs
[2023-01-26T23:41:05.745+0000] {logging_mixin.py:120} INFO - [2023-01-26T23:41:05.745+0000] {dag.py:3340} INFO - Setting next_dagrun for tutorial_dag to None, run_after=None
[2023-01-26T23:41:05.760+0000] {processor.py:176} INFO - Processing /home/airflow/.local/lib/python3.7/site-packages/airflow/example_dags/tutorial_dag.py took 0.082 seconds
[2023-01-26T23:41:36.623+0000] {processor.py:154} INFO - Started process (PID=2622) to work on /home/airflow/.local/lib/python3.7/site-packages/airflow/example_dags/tutorial_dag.py
[2023-01-26T23:41:36.624+0000] {processor.py:756} INFO - Processing file /home/airflow/.local/lib/python3.7/site-packages/airflow/example_dags/tutorial_dag.py for tasks to queue
[2023-01-26T23:41:36.624+0000] {logging_mixin.py:120} INFO - [2023-01-26T23:41:36.624+0000] {dagbag.py:537} INFO - Filling up the DagBag from /home/airflow/.local/lib/python3.7/site-packages/airflow/example_dags/tutorial_dag.py
[2023-01-26T23:41:36.632+0000] {processor.py:766} INFO - DAG(s) dict_keys(['tutorial_dag']) retrieved from /home/airflow/.local/lib/python3.7/site-packages/airflow/example_dags/tutorial_dag.py
[2023-01-26T23:41:36.647+0000] {logging_mixin.py:120} INFO - [2023-01-26T23:41:36.647+0000] {dag.py:2585} INFO - Sync 1 DAGs
[2023-01-26T23:41:36.664+0000] {logging_mixin.py:120} INFO - [2023-01-26T23:41:36.664+0000] {dag.py:3340} INFO - Setting next_dagrun for tutorial_dag to None, run_after=None
[2023-01-26T23:41:36.676+0000] {processor.py:176} INFO - Processing /home/airflow/.local/lib/python3.7/site-packages/airflow/example_dags/tutorial_dag.py took 0.055 seconds
[2023-01-26T23:42:06.938+0000] {processor.py:154} INFO - Started process (PID=2690) to work on /home/airflow/.local/lib/python3.7/site-packages/airflow/example_dags/tutorial_dag.py
[2023-01-26T23:42:06.939+0000] {processor.py:756} INFO - Processing file /home/airflow/.local/lib/python3.7/site-packages/airflow/example_dags/tutorial_dag.py for tasks to queue
[2023-01-26T23:42:06.939+0000] {logging_mixin.py:120} INFO - [2023-01-26T23:42:06.939+0000] {dagbag.py:537} INFO - Filling up the DagBag from /home/airflow/.local/lib/python3.7/site-packages/airflow/example_dags/tutorial_dag.py
[2023-01-26T23:42:06.947+0000] {processor.py:766} INFO - DAG(s) dict_keys(['tutorial_dag']) retrieved from /home/airflow/.local/lib/python3.7/site-packages/airflow/example_dags/tutorial_dag.py
[2023-01-26T23:42:06.972+0000] {logging_mixin.py:120} INFO - [2023-01-26T23:42:06.971+0000] {dag.py:2585} INFO - Sync 1 DAGs
[2023-01-26T23:42:06.987+0000] {logging_mixin.py:120} INFO - [2023-01-26T23:42:06.987+0000] {dag.py:3340} INFO - Setting next_dagrun for tutorial_dag to None, run_after=None
[2023-01-26T23:42:07.000+0000] {processor.py:176} INFO - Processing /home/airflow/.local/lib/python3.7/site-packages/airflow/example_dags/tutorial_dag.py took 0.064 seconds
[2023-01-26T23:42:37.130+0000] {processor.py:154} INFO - Started process (PID=2758) to work on /home/airflow/.local/lib/python3.7/site-packages/airflow/example_dags/tutorial_dag.py
[2023-01-26T23:42:37.130+0000] {processor.py:756} INFO - Processing file /home/airflow/.local/lib/python3.7/site-packages/airflow/example_dags/tutorial_dag.py for tasks to queue
[2023-01-26T23:42:37.131+0000] {logging_mixin.py:120} INFO - [2023-01-26T23:42:37.131+0000] {dagbag.py:537} INFO - Filling up the DagBag from /home/airflow/.local/lib/python3.7/site-packages/airflow/example_dags/tutorial_dag.py
[2023-01-26T23:42:37.138+0000] {processor.py:766} INFO - DAG(s) dict_keys(['tutorial_dag']) retrieved from /home/airflow/.local/lib/python3.7/site-packages/airflow/example_dags/tutorial_dag.py
[2023-01-26T23:42:37.162+0000] {logging_mixin.py:120} INFO - [2023-01-26T23:42:37.162+0000] {dag.py:2585} INFO - Sync 1 DAGs
[2023-01-26T23:42:37.177+0000] {logging_mixin.py:120} INFO - [2023-01-26T23:42:37.177+0000] {dag.py:3340} INFO - Setting next_dagrun for tutorial_dag to None, run_after=None
[2023-01-26T23:42:37.189+0000] {processor.py:176} INFO - Processing /home/airflow/.local/lib/python3.7/site-packages/airflow/example_dags/tutorial_dag.py took 0.060 seconds
[2023-01-26T23:43:07.546+0000] {processor.py:154} INFO - Started process (PID=2825) to work on /home/airflow/.local/lib/python3.7/site-packages/airflow/example_dags/tutorial_dag.py
[2023-01-26T23:43:07.547+0000] {processor.py:756} INFO - Processing file /home/airflow/.local/lib/python3.7/site-packages/airflow/example_dags/tutorial_dag.py for tasks to queue
[2023-01-26T23:43:07.547+0000] {logging_mixin.py:120} INFO - [2023-01-26T23:43:07.547+0000] {dagbag.py:537} INFO - Filling up the DagBag from /home/airflow/.local/lib/python3.7/site-packages/airflow/example_dags/tutorial_dag.py
[2023-01-26T23:43:07.558+0000] {processor.py:766} INFO - DAG(s) dict_keys(['tutorial_dag']) retrieved from /home/airflow/.local/lib/python3.7/site-packages/airflow/example_dags/tutorial_dag.py
[2023-01-26T23:43:07.587+0000] {logging_mixin.py:120} INFO - [2023-01-26T23:43:07.587+0000] {dag.py:2585} INFO - Sync 1 DAGs
[2023-01-26T23:43:07.606+0000] {logging_mixin.py:120} INFO - [2023-01-26T23:43:07.606+0000] {dag.py:3340} INFO - Setting next_dagrun for tutorial_dag to None, run_after=None
[2023-01-26T23:43:07.618+0000] {processor.py:176} INFO - Processing /home/airflow/.local/lib/python3.7/site-packages/airflow/example_dags/tutorial_dag.py took 0.074 seconds
[2023-01-26T23:43:37.748+0000] {processor.py:154} INFO - Started process (PID=2884) to work on /home/airflow/.local/lib/python3.7/site-packages/airflow/example_dags/tutorial_dag.py
[2023-01-26T23:43:37.749+0000] {processor.py:756} INFO - Processing file /home/airflow/.local/lib/python3.7/site-packages/airflow/example_dags/tutorial_dag.py for tasks to queue
[2023-01-26T23:43:37.750+0000] {logging_mixin.py:120} INFO - [2023-01-26T23:43:37.750+0000] {dagbag.py:537} INFO - Filling up the DagBag from /home/airflow/.local/lib/python3.7/site-packages/airflow/example_dags/tutorial_dag.py
[2023-01-26T23:43:37.760+0000] {processor.py:766} INFO - DAG(s) dict_keys(['tutorial_dag']) retrieved from /home/airflow/.local/lib/python3.7/site-packages/airflow/example_dags/tutorial_dag.py
[2023-01-26T23:43:37.795+0000] {logging_mixin.py:120} INFO - [2023-01-26T23:43:37.794+0000] {dag.py:2585} INFO - Sync 1 DAGs
[2023-01-26T23:43:37.816+0000] {logging_mixin.py:120} INFO - [2023-01-26T23:43:37.816+0000] {dag.py:3340} INFO - Setting next_dagrun for tutorial_dag to None, run_after=None
[2023-01-26T23:43:37.831+0000] {processor.py:176} INFO - Processing /home/airflow/.local/lib/python3.7/site-packages/airflow/example_dags/tutorial_dag.py took 0.086 seconds
[2023-01-26T23:44:08.900+0000] {processor.py:154} INFO - Started process (PID=2952) to work on /home/airflow/.local/lib/python3.7/site-packages/airflow/example_dags/tutorial_dag.py
[2023-01-26T23:44:08.901+0000] {processor.py:756} INFO - Processing file /home/airflow/.local/lib/python3.7/site-packages/airflow/example_dags/tutorial_dag.py for tasks to queue
[2023-01-26T23:44:08.901+0000] {logging_mixin.py:120} INFO - [2023-01-26T23:44:08.901+0000] {dagbag.py:537} INFO - Filling up the DagBag from /home/airflow/.local/lib/python3.7/site-packages/airflow/example_dags/tutorial_dag.py
[2023-01-26T23:44:08.908+0000] {processor.py:766} INFO - DAG(s) dict_keys(['tutorial_dag']) retrieved from /home/airflow/.local/lib/python3.7/site-packages/airflow/example_dags/tutorial_dag.py
[2023-01-26T23:44:08.932+0000] {logging_mixin.py:120} INFO - [2023-01-26T23:44:08.932+0000] {dag.py:2585} INFO - Sync 1 DAGs
[2023-01-26T23:44:08.947+0000] {logging_mixin.py:120} INFO - [2023-01-26T23:44:08.947+0000] {dag.py:3340} INFO - Setting next_dagrun for tutorial_dag to None, run_after=None
[2023-01-26T23:44:08.959+0000] {processor.py:176} INFO - Processing /home/airflow/.local/lib/python3.7/site-packages/airflow/example_dags/tutorial_dag.py took 0.060 seconds
[2023-01-26T23:45:55.167+0000] {processor.py:154} INFO - Started process (PID=63) to work on /home/airflow/.local/lib/python3.7/site-packages/airflow/example_dags/tutorial_dag.py
[2023-01-26T23:45:55.168+0000] {processor.py:756} INFO - Processing file /home/airflow/.local/lib/python3.7/site-packages/airflow/example_dags/tutorial_dag.py for tasks to queue
[2023-01-26T23:45:55.169+0000] {logging_mixin.py:120} INFO - [2023-01-26T23:45:55.169+0000] {dagbag.py:537} INFO - Filling up the DagBag from /home/airflow/.local/lib/python3.7/site-packages/airflow/example_dags/tutorial_dag.py
[2023-01-26T23:45:55.192+0000] {processor.py:766} INFO - DAG(s) dict_keys(['tutorial_dag']) retrieved from /home/airflow/.local/lib/python3.7/site-packages/airflow/example_dags/tutorial_dag.py
[2023-01-26T23:45:55.227+0000] {logging_mixin.py:120} INFO - [2023-01-26T23:45:55.227+0000] {dag.py:2585} INFO - Sync 1 DAGs
[2023-01-26T23:45:55.270+0000] {logging_mixin.py:120} INFO - [2023-01-26T23:45:55.270+0000] {dag.py:3340} INFO - Setting next_dagrun for tutorial_dag to None, run_after=None
[2023-01-26T23:45:55.301+0000] {processor.py:176} INFO - Processing /home/airflow/.local/lib/python3.7/site-packages/airflow/example_dags/tutorial_dag.py took 0.139 seconds
[2023-01-26T23:46:26.126+0000] {processor.py:154} INFO - Started process (PID=131) to work on /home/airflow/.local/lib/python3.7/site-packages/airflow/example_dags/tutorial_dag.py
[2023-01-26T23:46:26.127+0000] {processor.py:756} INFO - Processing file /home/airflow/.local/lib/python3.7/site-packages/airflow/example_dags/tutorial_dag.py for tasks to queue
[2023-01-26T23:46:26.127+0000] {logging_mixin.py:120} INFO - [2023-01-26T23:46:26.127+0000] {dagbag.py:537} INFO - Filling up the DagBag from /home/airflow/.local/lib/python3.7/site-packages/airflow/example_dags/tutorial_dag.py
[2023-01-26T23:46:26.136+0000] {processor.py:766} INFO - DAG(s) dict_keys(['tutorial_dag']) retrieved from /home/airflow/.local/lib/python3.7/site-packages/airflow/example_dags/tutorial_dag.py
[2023-01-26T23:46:26.160+0000] {logging_mixin.py:120} INFO - [2023-01-26T23:46:26.160+0000] {dag.py:2585} INFO - Sync 1 DAGs
[2023-01-26T23:46:26.176+0000] {logging_mixin.py:120} INFO - [2023-01-26T23:46:26.176+0000] {dag.py:3340} INFO - Setting next_dagrun for tutorial_dag to None, run_after=None
[2023-01-26T23:46:26.189+0000] {processor.py:176} INFO - Processing /home/airflow/.local/lib/python3.7/site-packages/airflow/example_dags/tutorial_dag.py took 0.064 seconds
[2023-01-26T23:46:56.655+0000] {processor.py:154} INFO - Started process (PID=200) to work on /home/airflow/.local/lib/python3.7/site-packages/airflow/example_dags/tutorial_dag.py
[2023-01-26T23:46:56.655+0000] {processor.py:756} INFO - Processing file /home/airflow/.local/lib/python3.7/site-packages/airflow/example_dags/tutorial_dag.py for tasks to queue
[2023-01-26T23:46:56.656+0000] {logging_mixin.py:120} INFO - [2023-01-26T23:46:56.656+0000] {dagbag.py:537} INFO - Filling up the DagBag from /home/airflow/.local/lib/python3.7/site-packages/airflow/example_dags/tutorial_dag.py
[2023-01-26T23:46:56.663+0000] {processor.py:766} INFO - DAG(s) dict_keys(['tutorial_dag']) retrieved from /home/airflow/.local/lib/python3.7/site-packages/airflow/example_dags/tutorial_dag.py
[2023-01-26T23:46:56.688+0000] {logging_mixin.py:120} INFO - [2023-01-26T23:46:56.688+0000] {dag.py:2585} INFO - Sync 1 DAGs
[2023-01-26T23:46:56.704+0000] {logging_mixin.py:120} INFO - [2023-01-26T23:46:56.704+0000] {dag.py:3340} INFO - Setting next_dagrun for tutorial_dag to None, run_after=None
[2023-01-26T23:46:56.716+0000] {processor.py:176} INFO - Processing /home/airflow/.local/lib/python3.7/site-packages/airflow/example_dags/tutorial_dag.py took 0.063 seconds
[2023-01-26T23:47:27.007+0000] {processor.py:154} INFO - Started process (PID=268) to work on /home/airflow/.local/lib/python3.7/site-packages/airflow/example_dags/tutorial_dag.py
[2023-01-26T23:47:27.008+0000] {processor.py:756} INFO - Processing file /home/airflow/.local/lib/python3.7/site-packages/airflow/example_dags/tutorial_dag.py for tasks to queue
[2023-01-26T23:47:27.009+0000] {logging_mixin.py:120} INFO - [2023-01-26T23:47:27.009+0000] {dagbag.py:537} INFO - Filling up the DagBag from /home/airflow/.local/lib/python3.7/site-packages/airflow/example_dags/tutorial_dag.py
[2023-01-26T23:47:27.020+0000] {processor.py:766} INFO - DAG(s) dict_keys(['tutorial_dag']) retrieved from /home/airflow/.local/lib/python3.7/site-packages/airflow/example_dags/tutorial_dag.py
[2023-01-26T23:47:27.049+0000] {logging_mixin.py:120} INFO - [2023-01-26T23:47:27.049+0000] {dag.py:2585} INFO - Sync 1 DAGs
[2023-01-26T23:47:27.066+0000] {logging_mixin.py:120} INFO - [2023-01-26T23:47:27.066+0000] {dag.py:3340} INFO - Setting next_dagrun for tutorial_dag to None, run_after=None
[2023-01-26T23:47:27.081+0000] {processor.py:176} INFO - Processing /home/airflow/.local/lib/python3.7/site-packages/airflow/example_dags/tutorial_dag.py took 0.075 seconds
[2023-01-26T23:47:57.351+0000] {processor.py:154} INFO - Started process (PID=327) to work on /home/airflow/.local/lib/python3.7/site-packages/airflow/example_dags/tutorial_dag.py
[2023-01-26T23:47:57.352+0000] {processor.py:756} INFO - Processing file /home/airflow/.local/lib/python3.7/site-packages/airflow/example_dags/tutorial_dag.py for tasks to queue
[2023-01-26T23:47:57.353+0000] {logging_mixin.py:120} INFO - [2023-01-26T23:47:57.353+0000] {dagbag.py:537} INFO - Filling up the DagBag from /home/airflow/.local/lib/python3.7/site-packages/airflow/example_dags/tutorial_dag.py
[2023-01-26T23:47:57.361+0000] {processor.py:766} INFO - DAG(s) dict_keys(['tutorial_dag']) retrieved from /home/airflow/.local/lib/python3.7/site-packages/airflow/example_dags/tutorial_dag.py
[2023-01-26T23:47:57.386+0000] {logging_mixin.py:120} INFO - [2023-01-26T23:47:57.386+0000] {dag.py:2585} INFO - Sync 1 DAGs
[2023-01-26T23:47:57.404+0000] {logging_mixin.py:120} INFO - [2023-01-26T23:47:57.404+0000] {dag.py:3340} INFO - Setting next_dagrun for tutorial_dag to None, run_after=None
[2023-01-26T23:47:57.416+0000] {processor.py:176} INFO - Processing /home/airflow/.local/lib/python3.7/site-packages/airflow/example_dags/tutorial_dag.py took 0.067 seconds
[2023-01-26T23:48:27.543+0000] {processor.py:154} INFO - Started process (PID=395) to work on /home/airflow/.local/lib/python3.7/site-packages/airflow/example_dags/tutorial_dag.py
[2023-01-26T23:48:27.544+0000] {processor.py:756} INFO - Processing file /home/airflow/.local/lib/python3.7/site-packages/airflow/example_dags/tutorial_dag.py for tasks to queue
[2023-01-26T23:48:27.544+0000] {logging_mixin.py:120} INFO - [2023-01-26T23:48:27.544+0000] {dagbag.py:537} INFO - Filling up the DagBag from /home/airflow/.local/lib/python3.7/site-packages/airflow/example_dags/tutorial_dag.py
[2023-01-26T23:48:27.552+0000] {processor.py:766} INFO - DAG(s) dict_keys(['tutorial_dag']) retrieved from /home/airflow/.local/lib/python3.7/site-packages/airflow/example_dags/tutorial_dag.py
[2023-01-26T23:48:27.580+0000] {logging_mixin.py:120} INFO - [2023-01-26T23:48:27.579+0000] {dag.py:2585} INFO - Sync 1 DAGs
[2023-01-26T23:48:27.597+0000] {logging_mixin.py:120} INFO - [2023-01-26T23:48:27.597+0000] {dag.py:3340} INFO - Setting next_dagrun for tutorial_dag to None, run_after=None
[2023-01-26T23:48:27.612+0000] {processor.py:176} INFO - Processing /home/airflow/.local/lib/python3.7/site-packages/airflow/example_dags/tutorial_dag.py took 0.071 seconds
[2023-01-26T23:48:57.917+0000] {processor.py:154} INFO - Started process (PID=464) to work on /home/airflow/.local/lib/python3.7/site-packages/airflow/example_dags/tutorial_dag.py
[2023-01-26T23:48:57.918+0000] {processor.py:756} INFO - Processing file /home/airflow/.local/lib/python3.7/site-packages/airflow/example_dags/tutorial_dag.py for tasks to queue
[2023-01-26T23:48:57.918+0000] {logging_mixin.py:120} INFO - [2023-01-26T23:48:57.918+0000] {dagbag.py:537} INFO - Filling up the DagBag from /home/airflow/.local/lib/python3.7/site-packages/airflow/example_dags/tutorial_dag.py
[2023-01-26T23:48:57.928+0000] {processor.py:766} INFO - DAG(s) dict_keys(['tutorial_dag']) retrieved from /home/airflow/.local/lib/python3.7/site-packages/airflow/example_dags/tutorial_dag.py
[2023-01-26T23:48:57.955+0000] {logging_mixin.py:120} INFO - [2023-01-26T23:48:57.955+0000] {dag.py:2585} INFO - Sync 1 DAGs
[2023-01-26T23:48:57.971+0000] {logging_mixin.py:120} INFO - [2023-01-26T23:48:57.971+0000] {dag.py:3340} INFO - Setting next_dagrun for tutorial_dag to None, run_after=None
[2023-01-26T23:48:57.987+0000] {processor.py:176} INFO - Processing /home/airflow/.local/lib/python3.7/site-packages/airflow/example_dags/tutorial_dag.py took 0.072 seconds
[2023-01-26T23:49:28.314+0000] {processor.py:154} INFO - Started process (PID=531) to work on /home/airflow/.local/lib/python3.7/site-packages/airflow/example_dags/tutorial_dag.py
[2023-01-26T23:49:28.315+0000] {processor.py:756} INFO - Processing file /home/airflow/.local/lib/python3.7/site-packages/airflow/example_dags/tutorial_dag.py for tasks to queue
[2023-01-26T23:49:28.315+0000] {logging_mixin.py:120} INFO - [2023-01-26T23:49:28.315+0000] {dagbag.py:537} INFO - Filling up the DagBag from /home/airflow/.local/lib/python3.7/site-packages/airflow/example_dags/tutorial_dag.py
[2023-01-26T23:49:28.323+0000] {processor.py:766} INFO - DAG(s) dict_keys(['tutorial_dag']) retrieved from /home/airflow/.local/lib/python3.7/site-packages/airflow/example_dags/tutorial_dag.py
[2023-01-26T23:49:28.348+0000] {logging_mixin.py:120} INFO - [2023-01-26T23:49:28.348+0000] {dag.py:2585} INFO - Sync 1 DAGs
[2023-01-26T23:49:28.364+0000] {logging_mixin.py:120} INFO - [2023-01-26T23:49:28.364+0000] {dag.py:3340} INFO - Setting next_dagrun for tutorial_dag to None, run_after=None
[2023-01-26T23:49:28.379+0000] {processor.py:176} INFO - Processing /home/airflow/.local/lib/python3.7/site-packages/airflow/example_dags/tutorial_dag.py took 0.066 seconds
[2023-01-26T23:49:58.695+0000] {processor.py:154} INFO - Started process (PID=589) to work on /home/airflow/.local/lib/python3.7/site-packages/airflow/example_dags/tutorial_dag.py
[2023-01-26T23:49:58.696+0000] {processor.py:756} INFO - Processing file /home/airflow/.local/lib/python3.7/site-packages/airflow/example_dags/tutorial_dag.py for tasks to queue
[2023-01-26T23:49:58.696+0000] {logging_mixin.py:120} INFO - [2023-01-26T23:49:58.696+0000] {dagbag.py:537} INFO - Filling up the DagBag from /home/airflow/.local/lib/python3.7/site-packages/airflow/example_dags/tutorial_dag.py
[2023-01-26T23:49:58.704+0000] {processor.py:766} INFO - DAG(s) dict_keys(['tutorial_dag']) retrieved from /home/airflow/.local/lib/python3.7/site-packages/airflow/example_dags/tutorial_dag.py
[2023-01-26T23:49:58.730+0000] {logging_mixin.py:120} INFO - [2023-01-26T23:49:58.730+0000] {dag.py:2585} INFO - Sync 1 DAGs
[2023-01-26T23:49:58.747+0000] {logging_mixin.py:120} INFO - [2023-01-26T23:49:58.747+0000] {dag.py:3340} INFO - Setting next_dagrun for tutorial_dag to None, run_after=None
[2023-01-26T23:49:58.759+0000] {processor.py:176} INFO - Processing /home/airflow/.local/lib/python3.7/site-packages/airflow/example_dags/tutorial_dag.py took 0.066 seconds
[2023-01-26T23:50:29.880+0000] {processor.py:154} INFO - Started process (PID=657) to work on /home/airflow/.local/lib/python3.7/site-packages/airflow/example_dags/tutorial_dag.py
[2023-01-26T23:50:29.881+0000] {processor.py:756} INFO - Processing file /home/airflow/.local/lib/python3.7/site-packages/airflow/example_dags/tutorial_dag.py for tasks to queue
[2023-01-26T23:50:29.882+0000] {logging_mixin.py:120} INFO - [2023-01-26T23:50:29.882+0000] {dagbag.py:537} INFO - Filling up the DagBag from /home/airflow/.local/lib/python3.7/site-packages/airflow/example_dags/tutorial_dag.py
[2023-01-26T23:50:29.890+0000] {processor.py:766} INFO - DAG(s) dict_keys(['tutorial_dag']) retrieved from /home/airflow/.local/lib/python3.7/site-packages/airflow/example_dags/tutorial_dag.py
[2023-01-26T23:50:29.919+0000] {logging_mixin.py:120} INFO - [2023-01-26T23:50:29.919+0000] {dag.py:2585} INFO - Sync 1 DAGs
[2023-01-26T23:50:29.937+0000] {logging_mixin.py:120} INFO - [2023-01-26T23:50:29.936+0000] {dag.py:3340} INFO - Setting next_dagrun for tutorial_dag to None, run_after=None
[2023-01-26T23:50:29.950+0000] {processor.py:176} INFO - Processing /home/airflow/.local/lib/python3.7/site-packages/airflow/example_dags/tutorial_dag.py took 0.071 seconds
[2023-01-26T23:51:00.374+0000] {processor.py:154} INFO - Started process (PID=725) to work on /home/airflow/.local/lib/python3.7/site-packages/airflow/example_dags/tutorial_dag.py
[2023-01-26T23:51:00.375+0000] {processor.py:756} INFO - Processing file /home/airflow/.local/lib/python3.7/site-packages/airflow/example_dags/tutorial_dag.py for tasks to queue
[2023-01-26T23:51:00.376+0000] {logging_mixin.py:120} INFO - [2023-01-26T23:51:00.376+0000] {dagbag.py:537} INFO - Filling up the DagBag from /home/airflow/.local/lib/python3.7/site-packages/airflow/example_dags/tutorial_dag.py
[2023-01-26T23:51:00.384+0000] {processor.py:766} INFO - DAG(s) dict_keys(['tutorial_dag']) retrieved from /home/airflow/.local/lib/python3.7/site-packages/airflow/example_dags/tutorial_dag.py
[2023-01-26T23:51:00.409+0000] {logging_mixin.py:120} INFO - [2023-01-26T23:51:00.409+0000] {dag.py:2585} INFO - Sync 1 DAGs
[2023-01-26T23:51:00.425+0000] {logging_mixin.py:120} INFO - [2023-01-26T23:51:00.425+0000] {dag.py:3340} INFO - Setting next_dagrun for tutorial_dag to None, run_after=None
[2023-01-26T23:51:00.437+0000] {processor.py:176} INFO - Processing /home/airflow/.local/lib/python3.7/site-packages/airflow/example_dags/tutorial_dag.py took 0.065 seconds
[2023-01-26T23:51:30.723+0000] {processor.py:154} INFO - Started process (PID=794) to work on /home/airflow/.local/lib/python3.7/site-packages/airflow/example_dags/tutorial_dag.py
[2023-01-26T23:51:30.724+0000] {processor.py:756} INFO - Processing file /home/airflow/.local/lib/python3.7/site-packages/airflow/example_dags/tutorial_dag.py for tasks to queue
[2023-01-26T23:51:30.724+0000] {logging_mixin.py:120} INFO - [2023-01-26T23:51:30.724+0000] {dagbag.py:537} INFO - Filling up the DagBag from /home/airflow/.local/lib/python3.7/site-packages/airflow/example_dags/tutorial_dag.py
[2023-01-26T23:51:30.732+0000] {processor.py:766} INFO - DAG(s) dict_keys(['tutorial_dag']) retrieved from /home/airflow/.local/lib/python3.7/site-packages/airflow/example_dags/tutorial_dag.py
[2023-01-26T23:51:30.760+0000] {logging_mixin.py:120} INFO - [2023-01-26T23:51:30.760+0000] {dag.py:2585} INFO - Sync 1 DAGs
[2023-01-26T23:51:30.777+0000] {logging_mixin.py:120} INFO - [2023-01-26T23:51:30.777+0000] {dag.py:3340} INFO - Setting next_dagrun for tutorial_dag to None, run_after=None
[2023-01-26T23:51:30.791+0000] {processor.py:176} INFO - Processing /home/airflow/.local/lib/python3.7/site-packages/airflow/example_dags/tutorial_dag.py took 0.070 seconds
[2023-01-26T23:52:01.120+0000] {processor.py:154} INFO - Started process (PID=862) to work on /home/airflow/.local/lib/python3.7/site-packages/airflow/example_dags/tutorial_dag.py
[2023-01-26T23:52:01.121+0000] {processor.py:756} INFO - Processing file /home/airflow/.local/lib/python3.7/site-packages/airflow/example_dags/tutorial_dag.py for tasks to queue
[2023-01-26T23:52:01.122+0000] {logging_mixin.py:120} INFO - [2023-01-26T23:52:01.122+0000] {dagbag.py:537} INFO - Filling up the DagBag from /home/airflow/.local/lib/python3.7/site-packages/airflow/example_dags/tutorial_dag.py
[2023-01-26T23:52:01.130+0000] {processor.py:766} INFO - DAG(s) dict_keys(['tutorial_dag']) retrieved from /home/airflow/.local/lib/python3.7/site-packages/airflow/example_dags/tutorial_dag.py
[2023-01-26T23:52:01.156+0000] {logging_mixin.py:120} INFO - [2023-01-26T23:52:01.156+0000] {dag.py:2585} INFO - Sync 1 DAGs
[2023-01-26T23:52:01.173+0000] {logging_mixin.py:120} INFO - [2023-01-26T23:52:01.173+0000] {dag.py:3340} INFO - Setting next_dagrun for tutorial_dag to None, run_after=None
[2023-01-26T23:52:01.186+0000] {processor.py:176} INFO - Processing /home/airflow/.local/lib/python3.7/site-packages/airflow/example_dags/tutorial_dag.py took 0.068 seconds
[2023-01-26T23:52:31.363+0000] {processor.py:154} INFO - Started process (PID=921) to work on /home/airflow/.local/lib/python3.7/site-packages/airflow/example_dags/tutorial_dag.py
[2023-01-26T23:52:31.364+0000] {processor.py:756} INFO - Processing file /home/airflow/.local/lib/python3.7/site-packages/airflow/example_dags/tutorial_dag.py for tasks to queue
[2023-01-26T23:52:31.365+0000] {logging_mixin.py:120} INFO - [2023-01-26T23:52:31.365+0000] {dagbag.py:537} INFO - Filling up the DagBag from /home/airflow/.local/lib/python3.7/site-packages/airflow/example_dags/tutorial_dag.py
[2023-01-26T23:52:31.372+0000] {processor.py:766} INFO - DAG(s) dict_keys(['tutorial_dag']) retrieved from /home/airflow/.local/lib/python3.7/site-packages/airflow/example_dags/tutorial_dag.py
[2023-01-26T23:52:31.398+0000] {logging_mixin.py:120} INFO - [2023-01-26T23:52:31.398+0000] {dag.py:2585} INFO - Sync 1 DAGs
[2023-01-26T23:52:31.413+0000] {logging_mixin.py:120} INFO - [2023-01-26T23:52:31.413+0000] {dag.py:3340} INFO - Setting next_dagrun for tutorial_dag to None, run_after=None
[2023-01-26T23:52:31.426+0000] {processor.py:176} INFO - Processing /home/airflow/.local/lib/python3.7/site-packages/airflow/example_dags/tutorial_dag.py took 0.065 seconds
[2023-01-26T23:53:01.564+0000] {processor.py:154} INFO - Started process (PID=987) to work on /home/airflow/.local/lib/python3.7/site-packages/airflow/example_dags/tutorial_dag.py
[2023-01-26T23:53:01.565+0000] {processor.py:756} INFO - Processing file /home/airflow/.local/lib/python3.7/site-packages/airflow/example_dags/tutorial_dag.py for tasks to queue
[2023-01-26T23:53:01.565+0000] {logging_mixin.py:120} INFO - [2023-01-26T23:53:01.565+0000] {dagbag.py:537} INFO - Filling up the DagBag from /home/airflow/.local/lib/python3.7/site-packages/airflow/example_dags/tutorial_dag.py
[2023-01-26T23:53:01.573+0000] {processor.py:766} INFO - DAG(s) dict_keys(['tutorial_dag']) retrieved from /home/airflow/.local/lib/python3.7/site-packages/airflow/example_dags/tutorial_dag.py
[2023-01-26T23:53:01.599+0000] {logging_mixin.py:120} INFO - [2023-01-26T23:53:01.598+0000] {dag.py:2585} INFO - Sync 1 DAGs
[2023-01-26T23:53:01.614+0000] {logging_mixin.py:120} INFO - [2023-01-26T23:53:01.614+0000] {dag.py:3340} INFO - Setting next_dagrun for tutorial_dag to None, run_after=None
[2023-01-26T23:53:01.627+0000] {processor.py:176} INFO - Processing /home/airflow/.local/lib/python3.7/site-packages/airflow/example_dags/tutorial_dag.py took 0.065 seconds
[2023-01-26T23:53:31.952+0000] {processor.py:154} INFO - Started process (PID=1055) to work on /home/airflow/.local/lib/python3.7/site-packages/airflow/example_dags/tutorial_dag.py
[2023-01-26T23:53:31.953+0000] {processor.py:756} INFO - Processing file /home/airflow/.local/lib/python3.7/site-packages/airflow/example_dags/tutorial_dag.py for tasks to queue
[2023-01-26T23:53:31.954+0000] {logging_mixin.py:120} INFO - [2023-01-26T23:53:31.954+0000] {dagbag.py:537} INFO - Filling up the DagBag from /home/airflow/.local/lib/python3.7/site-packages/airflow/example_dags/tutorial_dag.py
[2023-01-26T23:53:31.962+0000] {processor.py:766} INFO - DAG(s) dict_keys(['tutorial_dag']) retrieved from /home/airflow/.local/lib/python3.7/site-packages/airflow/example_dags/tutorial_dag.py
[2023-01-26T23:53:31.987+0000] {logging_mixin.py:120} INFO - [2023-01-26T23:53:31.987+0000] {dag.py:2585} INFO - Sync 1 DAGs
[2023-01-26T23:53:32.004+0000] {logging_mixin.py:120} INFO - [2023-01-26T23:53:32.004+0000] {dag.py:3340} INFO - Setting next_dagrun for tutorial_dag to None, run_after=None
[2023-01-26T23:53:32.018+0000] {processor.py:176} INFO - Processing /home/airflow/.local/lib/python3.7/site-packages/airflow/example_dags/tutorial_dag.py took 0.068 seconds
[2023-01-26T23:54:02.258+0000] {processor.py:154} INFO - Started process (PID=1123) to work on /home/airflow/.local/lib/python3.7/site-packages/airflow/example_dags/tutorial_dag.py
[2023-01-26T23:54:02.260+0000] {processor.py:756} INFO - Processing file /home/airflow/.local/lib/python3.7/site-packages/airflow/example_dags/tutorial_dag.py for tasks to queue
[2023-01-26T23:54:02.260+0000] {logging_mixin.py:120} INFO - [2023-01-26T23:54:02.260+0000] {dagbag.py:537} INFO - Filling up the DagBag from /home/airflow/.local/lib/python3.7/site-packages/airflow/example_dags/tutorial_dag.py
[2023-01-26T23:54:02.268+0000] {processor.py:766} INFO - DAG(s) dict_keys(['tutorial_dag']) retrieved from /home/airflow/.local/lib/python3.7/site-packages/airflow/example_dags/tutorial_dag.py
[2023-01-26T23:54:02.294+0000] {logging_mixin.py:120} INFO - [2023-01-26T23:54:02.294+0000] {dag.py:2585} INFO - Sync 1 DAGs
[2023-01-26T23:54:02.311+0000] {logging_mixin.py:120} INFO - [2023-01-26T23:54:02.311+0000] {dag.py:3340} INFO - Setting next_dagrun for tutorial_dag to None, run_after=None
[2023-01-26T23:54:02.324+0000] {processor.py:176} INFO - Processing /home/airflow/.local/lib/python3.7/site-packages/airflow/example_dags/tutorial_dag.py took 0.067 seconds
[2023-01-26T23:54:32.639+0000] {processor.py:154} INFO - Started process (PID=1182) to work on /home/airflow/.local/lib/python3.7/site-packages/airflow/example_dags/tutorial_dag.py
[2023-01-26T23:54:32.640+0000] {processor.py:756} INFO - Processing file /home/airflow/.local/lib/python3.7/site-packages/airflow/example_dags/tutorial_dag.py for tasks to queue
[2023-01-26T23:54:32.640+0000] {logging_mixin.py:120} INFO - [2023-01-26T23:54:32.640+0000] {dagbag.py:537} INFO - Filling up the DagBag from /home/airflow/.local/lib/python3.7/site-packages/airflow/example_dags/tutorial_dag.py
[2023-01-26T23:54:32.648+0000] {processor.py:766} INFO - DAG(s) dict_keys(['tutorial_dag']) retrieved from /home/airflow/.local/lib/python3.7/site-packages/airflow/example_dags/tutorial_dag.py
[2023-01-26T23:54:32.674+0000] {logging_mixin.py:120} INFO - [2023-01-26T23:54:32.674+0000] {dag.py:2585} INFO - Sync 1 DAGs
[2023-01-26T23:54:32.691+0000] {logging_mixin.py:120} INFO - [2023-01-26T23:54:32.691+0000] {dag.py:3340} INFO - Setting next_dagrun for tutorial_dag to None, run_after=None
[2023-01-26T23:54:32.704+0000] {processor.py:176} INFO - Processing /home/airflow/.local/lib/python3.7/site-packages/airflow/example_dags/tutorial_dag.py took 0.067 seconds
[2023-01-26T23:55:02.971+0000] {processor.py:154} INFO - Started process (PID=1250) to work on /home/airflow/.local/lib/python3.7/site-packages/airflow/example_dags/tutorial_dag.py
[2023-01-26T23:55:02.972+0000] {processor.py:756} INFO - Processing file /home/airflow/.local/lib/python3.7/site-packages/airflow/example_dags/tutorial_dag.py for tasks to queue
[2023-01-26T23:55:02.973+0000] {logging_mixin.py:120} INFO - [2023-01-26T23:55:02.972+0000] {dagbag.py:537} INFO - Filling up the DagBag from /home/airflow/.local/lib/python3.7/site-packages/airflow/example_dags/tutorial_dag.py
[2023-01-26T23:55:02.980+0000] {processor.py:766} INFO - DAG(s) dict_keys(['tutorial_dag']) retrieved from /home/airflow/.local/lib/python3.7/site-packages/airflow/example_dags/tutorial_dag.py
[2023-01-26T23:55:03.006+0000] {logging_mixin.py:120} INFO - [2023-01-26T23:55:03.006+0000] {dag.py:2585} INFO - Sync 1 DAGs
[2023-01-26T23:55:03.023+0000] {logging_mixin.py:120} INFO - [2023-01-26T23:55:03.023+0000] {dag.py:3340} INFO - Setting next_dagrun for tutorial_dag to None, run_after=None
[2023-01-26T23:55:03.035+0000] {processor.py:176} INFO - Processing /home/airflow/.local/lib/python3.7/site-packages/airflow/example_dags/tutorial_dag.py took 0.066 seconds
[2023-01-26T23:55:33.333+0000] {processor.py:154} INFO - Started process (PID=1318) to work on /home/airflow/.local/lib/python3.7/site-packages/airflow/example_dags/tutorial_dag.py
[2023-01-26T23:55:33.334+0000] {processor.py:756} INFO - Processing file /home/airflow/.local/lib/python3.7/site-packages/airflow/example_dags/tutorial_dag.py for tasks to queue
[2023-01-26T23:55:33.334+0000] {logging_mixin.py:120} INFO - [2023-01-26T23:55:33.334+0000] {dagbag.py:537} INFO - Filling up the DagBag from /home/airflow/.local/lib/python3.7/site-packages/airflow/example_dags/tutorial_dag.py
[2023-01-26T23:55:33.342+0000] {processor.py:766} INFO - DAG(s) dict_keys(['tutorial_dag']) retrieved from /home/airflow/.local/lib/python3.7/site-packages/airflow/example_dags/tutorial_dag.py
[2023-01-26T23:55:33.368+0000] {logging_mixin.py:120} INFO - [2023-01-26T23:55:33.368+0000] {dag.py:2585} INFO - Sync 1 DAGs
[2023-01-26T23:55:33.385+0000] {logging_mixin.py:120} INFO - [2023-01-26T23:55:33.385+0000] {dag.py:3340} INFO - Setting next_dagrun for tutorial_dag to None, run_after=None
[2023-01-26T23:55:33.398+0000] {processor.py:176} INFO - Processing /home/airflow/.local/lib/python3.7/site-packages/airflow/example_dags/tutorial_dag.py took 0.068 seconds
[2023-01-26T23:56:03.677+0000] {processor.py:154} INFO - Started process (PID=1386) to work on /home/airflow/.local/lib/python3.7/site-packages/airflow/example_dags/tutorial_dag.py
[2023-01-26T23:56:03.678+0000] {processor.py:756} INFO - Processing file /home/airflow/.local/lib/python3.7/site-packages/airflow/example_dags/tutorial_dag.py for tasks to queue
[2023-01-26T23:56:03.678+0000] {logging_mixin.py:120} INFO - [2023-01-26T23:56:03.678+0000] {dagbag.py:537} INFO - Filling up the DagBag from /home/airflow/.local/lib/python3.7/site-packages/airflow/example_dags/tutorial_dag.py
[2023-01-26T23:56:03.686+0000] {processor.py:766} INFO - DAG(s) dict_keys(['tutorial_dag']) retrieved from /home/airflow/.local/lib/python3.7/site-packages/airflow/example_dags/tutorial_dag.py
[2023-01-26T23:56:03.712+0000] {logging_mixin.py:120} INFO - [2023-01-26T23:56:03.712+0000] {dag.py:2585} INFO - Sync 1 DAGs
[2023-01-26T23:56:03.729+0000] {logging_mixin.py:120} INFO - [2023-01-26T23:56:03.729+0000] {dag.py:3340} INFO - Setting next_dagrun for tutorial_dag to None, run_after=None
[2023-01-26T23:56:03.742+0000] {processor.py:176} INFO - Processing /home/airflow/.local/lib/python3.7/site-packages/airflow/example_dags/tutorial_dag.py took 0.066 seconds
[2023-01-26T23:56:33.945+0000] {processor.py:154} INFO - Started process (PID=1445) to work on /home/airflow/.local/lib/python3.7/site-packages/airflow/example_dags/tutorial_dag.py
[2023-01-26T23:56:33.946+0000] {processor.py:756} INFO - Processing file /home/airflow/.local/lib/python3.7/site-packages/airflow/example_dags/tutorial_dag.py for tasks to queue
[2023-01-26T23:56:33.946+0000] {logging_mixin.py:120} INFO - [2023-01-26T23:56:33.946+0000] {dagbag.py:537} INFO - Filling up the DagBag from /home/airflow/.local/lib/python3.7/site-packages/airflow/example_dags/tutorial_dag.py
[2023-01-26T23:56:33.955+0000] {processor.py:766} INFO - DAG(s) dict_keys(['tutorial_dag']) retrieved from /home/airflow/.local/lib/python3.7/site-packages/airflow/example_dags/tutorial_dag.py
[2023-01-26T23:56:33.986+0000] {logging_mixin.py:120} INFO - [2023-01-26T23:56:33.986+0000] {dag.py:2585} INFO - Sync 1 DAGs
[2023-01-26T23:56:34.011+0000] {logging_mixin.py:120} INFO - [2023-01-26T23:56:34.011+0000] {dag.py:3340} INFO - Setting next_dagrun for tutorial_dag to None, run_after=None
[2023-01-26T23:56:34.028+0000] {processor.py:176} INFO - Processing /home/airflow/.local/lib/python3.7/site-packages/airflow/example_dags/tutorial_dag.py took 0.085 seconds
[2023-01-26T23:57:04.231+0000] {processor.py:154} INFO - Started process (PID=1514) to work on /home/airflow/.local/lib/python3.7/site-packages/airflow/example_dags/tutorial_dag.py
[2023-01-26T23:57:04.233+0000] {processor.py:756} INFO - Processing file /home/airflow/.local/lib/python3.7/site-packages/airflow/example_dags/tutorial_dag.py for tasks to queue
[2023-01-26T23:57:04.233+0000] {logging_mixin.py:120} INFO - [2023-01-26T23:57:04.233+0000] {dagbag.py:537} INFO - Filling up the DagBag from /home/airflow/.local/lib/python3.7/site-packages/airflow/example_dags/tutorial_dag.py
[2023-01-26T23:57:04.245+0000] {processor.py:766} INFO - DAG(s) dict_keys(['tutorial_dag']) retrieved from /home/airflow/.local/lib/python3.7/site-packages/airflow/example_dags/tutorial_dag.py
[2023-01-26T23:57:04.277+0000] {logging_mixin.py:120} INFO - [2023-01-26T23:57:04.277+0000] {dag.py:2585} INFO - Sync 1 DAGs
[2023-01-26T23:57:04.299+0000] {logging_mixin.py:120} INFO - [2023-01-26T23:57:04.299+0000] {dag.py:3340} INFO - Setting next_dagrun for tutorial_dag to None, run_after=None
[2023-01-26T23:57:04.315+0000] {processor.py:176} INFO - Processing /home/airflow/.local/lib/python3.7/site-packages/airflow/example_dags/tutorial_dag.py took 0.087 seconds
[2023-01-26T23:57:34.411+0000] {processor.py:154} INFO - Started process (PID=1582) to work on /home/airflow/.local/lib/python3.7/site-packages/airflow/example_dags/tutorial_dag.py
[2023-01-26T23:57:34.412+0000] {processor.py:756} INFO - Processing file /home/airflow/.local/lib/python3.7/site-packages/airflow/example_dags/tutorial_dag.py for tasks to queue
[2023-01-26T23:57:34.412+0000] {logging_mixin.py:120} INFO - [2023-01-26T23:57:34.412+0000] {dagbag.py:537} INFO - Filling up the DagBag from /home/airflow/.local/lib/python3.7/site-packages/airflow/example_dags/tutorial_dag.py
[2023-01-26T23:57:34.421+0000] {processor.py:766} INFO - DAG(s) dict_keys(['tutorial_dag']) retrieved from /home/airflow/.local/lib/python3.7/site-packages/airflow/example_dags/tutorial_dag.py
[2023-01-26T23:57:34.450+0000] {logging_mixin.py:120} INFO - [2023-01-26T23:57:34.450+0000] {dag.py:2585} INFO - Sync 1 DAGs
[2023-01-26T23:57:34.467+0000] {logging_mixin.py:120} INFO - [2023-01-26T23:57:34.466+0000] {dag.py:3340} INFO - Setting next_dagrun for tutorial_dag to None, run_after=None
[2023-01-26T23:57:34.480+0000] {processor.py:176} INFO - Processing /home/airflow/.local/lib/python3.7/site-packages/airflow/example_dags/tutorial_dag.py took 0.072 seconds
[2023-01-26T23:58:04.761+0000] {processor.py:154} INFO - Started process (PID=1651) to work on /home/airflow/.local/lib/python3.7/site-packages/airflow/example_dags/tutorial_dag.py
[2023-01-26T23:58:04.761+0000] {processor.py:756} INFO - Processing file /home/airflow/.local/lib/python3.7/site-packages/airflow/example_dags/tutorial_dag.py for tasks to queue
[2023-01-26T23:58:04.762+0000] {logging_mixin.py:120} INFO - [2023-01-26T23:58:04.762+0000] {dagbag.py:537} INFO - Filling up the DagBag from /home/airflow/.local/lib/python3.7/site-packages/airflow/example_dags/tutorial_dag.py
[2023-01-26T23:58:04.772+0000] {processor.py:766} INFO - DAG(s) dict_keys(['tutorial_dag']) retrieved from /home/airflow/.local/lib/python3.7/site-packages/airflow/example_dags/tutorial_dag.py
[2023-01-26T23:58:04.799+0000] {logging_mixin.py:120} INFO - [2023-01-26T23:58:04.798+0000] {dag.py:2585} INFO - Sync 1 DAGs
[2023-01-26T23:58:04.815+0000] {logging_mixin.py:120} INFO - [2023-01-26T23:58:04.815+0000] {dag.py:3340} INFO - Setting next_dagrun for tutorial_dag to None, run_after=None
[2023-01-26T23:58:04.827+0000] {processor.py:176} INFO - Processing /home/airflow/.local/lib/python3.7/site-packages/airflow/example_dags/tutorial_dag.py took 0.068 seconds
[2023-01-26T23:58:35.944+0000] {processor.py:154} INFO - Started process (PID=1719) to work on /home/airflow/.local/lib/python3.7/site-packages/airflow/example_dags/tutorial_dag.py
[2023-01-26T23:58:35.945+0000] {processor.py:756} INFO - Processing file /home/airflow/.local/lib/python3.7/site-packages/airflow/example_dags/tutorial_dag.py for tasks to queue
[2023-01-26T23:58:35.945+0000] {logging_mixin.py:120} INFO - [2023-01-26T23:58:35.945+0000] {dagbag.py:537} INFO - Filling up the DagBag from /home/airflow/.local/lib/python3.7/site-packages/airflow/example_dags/tutorial_dag.py
[2023-01-26T23:58:35.953+0000] {processor.py:766} INFO - DAG(s) dict_keys(['tutorial_dag']) retrieved from /home/airflow/.local/lib/python3.7/site-packages/airflow/example_dags/tutorial_dag.py
[2023-01-26T23:58:35.978+0000] {logging_mixin.py:120} INFO - [2023-01-26T23:58:35.978+0000] {dag.py:2585} INFO - Sync 1 DAGs
[2023-01-26T23:58:35.994+0000] {logging_mixin.py:120} INFO - [2023-01-26T23:58:35.994+0000] {dag.py:3340} INFO - Setting next_dagrun for tutorial_dag to None, run_after=None
[2023-01-26T23:58:36.006+0000] {processor.py:176} INFO - Processing /home/airflow/.local/lib/python3.7/site-packages/airflow/example_dags/tutorial_dag.py took 0.064 seconds
[2023-01-26T23:59:06.149+0000] {processor.py:154} INFO - Started process (PID=1779) to work on /home/airflow/.local/lib/python3.7/site-packages/airflow/example_dags/tutorial_dag.py
[2023-01-26T23:59:06.150+0000] {processor.py:756} INFO - Processing file /home/airflow/.local/lib/python3.7/site-packages/airflow/example_dags/tutorial_dag.py for tasks to queue
[2023-01-26T23:59:06.150+0000] {logging_mixin.py:120} INFO - [2023-01-26T23:59:06.150+0000] {dagbag.py:537} INFO - Filling up the DagBag from /home/airflow/.local/lib/python3.7/site-packages/airflow/example_dags/tutorial_dag.py
[2023-01-26T23:59:06.159+0000] {processor.py:766} INFO - DAG(s) dict_keys(['tutorial_dag']) retrieved from /home/airflow/.local/lib/python3.7/site-packages/airflow/example_dags/tutorial_dag.py
[2023-01-26T23:59:06.186+0000] {logging_mixin.py:120} INFO - [2023-01-26T23:59:06.185+0000] {dag.py:2585} INFO - Sync 1 DAGs
[2023-01-26T23:59:06.203+0000] {logging_mixin.py:120} INFO - [2023-01-26T23:59:06.203+0000] {dag.py:3340} INFO - Setting next_dagrun for tutorial_dag to None, run_after=None
[2023-01-26T23:59:06.221+0000] {processor.py:176} INFO - Processing /home/airflow/.local/lib/python3.7/site-packages/airflow/example_dags/tutorial_dag.py took 0.074 seconds
[2023-01-26T23:59:36.468+0000] {processor.py:154} INFO - Started process (PID=1847) to work on /home/airflow/.local/lib/python3.7/site-packages/airflow/example_dags/tutorial_dag.py
[2023-01-26T23:59:36.468+0000] {processor.py:756} INFO - Processing file /home/airflow/.local/lib/python3.7/site-packages/airflow/example_dags/tutorial_dag.py for tasks to queue
[2023-01-26T23:59:36.469+0000] {logging_mixin.py:120} INFO - [2023-01-26T23:59:36.469+0000] {dagbag.py:537} INFO - Filling up the DagBag from /home/airflow/.local/lib/python3.7/site-packages/airflow/example_dags/tutorial_dag.py
[2023-01-26T23:59:36.478+0000] {processor.py:766} INFO - DAG(s) dict_keys(['tutorial_dag']) retrieved from /home/airflow/.local/lib/python3.7/site-packages/airflow/example_dags/tutorial_dag.py
[2023-01-26T23:59:36.509+0000] {logging_mixin.py:120} INFO - [2023-01-26T23:59:36.509+0000] {dag.py:2585} INFO - Sync 1 DAGs
[2023-01-26T23:59:36.530+0000] {logging_mixin.py:120} INFO - [2023-01-26T23:59:36.530+0000] {dag.py:3340} INFO - Setting next_dagrun for tutorial_dag to None, run_after=None
[2023-01-26T23:59:36.544+0000] {processor.py:176} INFO - Processing /home/airflow/.local/lib/python3.7/site-packages/airflow/example_dags/tutorial_dag.py took 0.078 seconds
