[2023-01-26T20:22:00.989+0000] {processor.py:154} INFO - Started process (PID=76) to work on /home/airflow/.local/lib/python3.7/site-packages/airflow/example_dags/tutorial_taskflow_api.py
[2023-01-26T20:22:00.990+0000] {processor.py:756} INFO - Processing file /home/airflow/.local/lib/python3.7/site-packages/airflow/example_dags/tutorial_taskflow_api.py for tasks to queue
[2023-01-26T20:22:00.991+0000] {logging_mixin.py:120} INFO - [2023-01-26T20:22:00.991+0000] {dagbag.py:537} INFO - Filling up the DagBag from /home/airflow/.local/lib/python3.7/site-packages/airflow/example_dags/tutorial_taskflow_api.py
[2023-01-26T20:22:01.029+0000] {processor.py:766} INFO - DAG(s) dict_keys(['tutorial_taskflow_api']) retrieved from /home/airflow/.local/lib/python3.7/site-packages/airflow/example_dags/tutorial_taskflow_api.py
[2023-01-26T20:22:01.087+0000] {logging_mixin.py:120} INFO - [2023-01-26T20:22:01.086+0000] {dag.py:2585} INFO - Sync 1 DAGs
[2023-01-26T20:22:01.132+0000] {logging_mixin.py:120} INFO - [2023-01-26T20:22:01.131+0000] {dag.py:3340} INFO - Setting next_dagrun for tutorial_taskflow_api to None, run_after=None
[2023-01-26T20:22:01.165+0000] {processor.py:176} INFO - Processing /home/airflow/.local/lib/python3.7/site-packages/airflow/example_dags/tutorial_taskflow_api.py took 0.180 seconds
[2023-01-26T23:22:13.367+0000] {processor.py:154} INFO - Started process (PID=136) to work on /home/airflow/.local/lib/python3.7/site-packages/airflow/example_dags/tutorial_taskflow_api.py
[2023-01-26T23:22:13.368+0000] {processor.py:756} INFO - Processing file /home/airflow/.local/lib/python3.7/site-packages/airflow/example_dags/tutorial_taskflow_api.py for tasks to queue
[2023-01-26T23:22:13.369+0000] {logging_mixin.py:120} INFO - [2023-01-26T23:22:13.369+0000] {dagbag.py:537} INFO - Filling up the DagBag from /home/airflow/.local/lib/python3.7/site-packages/airflow/example_dags/tutorial_taskflow_api.py
[2023-01-26T23:22:13.413+0000] {processor.py:766} INFO - DAG(s) dict_keys(['tutorial_taskflow_api']) retrieved from /home/airflow/.local/lib/python3.7/site-packages/airflow/example_dags/tutorial_taskflow_api.py
[2023-01-26T23:22:13.491+0000] {logging_mixin.py:120} INFO - [2023-01-26T23:22:13.490+0000] {dag.py:2585} INFO - Sync 1 DAGs
[2023-01-26T23:22:13.539+0000] {logging_mixin.py:120} INFO - [2023-01-26T23:22:13.539+0000] {dag.py:3340} INFO - Setting next_dagrun for tutorial_taskflow_api to None, run_after=None
[2023-01-26T23:22:13.570+0000] {processor.py:176} INFO - Processing /home/airflow/.local/lib/python3.7/site-packages/airflow/example_dags/tutorial_taskflow_api.py took 0.210 seconds
[2023-01-26T23:22:44.545+0000] {processor.py:154} INFO - Started process (PID=202) to work on /home/airflow/.local/lib/python3.7/site-packages/airflow/example_dags/tutorial_taskflow_api.py
[2023-01-26T23:22:44.546+0000] {processor.py:756} INFO - Processing file /home/airflow/.local/lib/python3.7/site-packages/airflow/example_dags/tutorial_taskflow_api.py for tasks to queue
[2023-01-26T23:22:44.547+0000] {logging_mixin.py:120} INFO - [2023-01-26T23:22:44.547+0000] {dagbag.py:537} INFO - Filling up the DagBag from /home/airflow/.local/lib/python3.7/site-packages/airflow/example_dags/tutorial_taskflow_api.py
[2023-01-26T23:22:44.580+0000] {processor.py:766} INFO - DAG(s) dict_keys(['tutorial_taskflow_api']) retrieved from /home/airflow/.local/lib/python3.7/site-packages/airflow/example_dags/tutorial_taskflow_api.py
[2023-01-26T23:22:44.651+0000] {logging_mixin.py:120} INFO - [2023-01-26T23:22:44.650+0000] {dag.py:2585} INFO - Sync 1 DAGs
[2023-01-26T23:22:44.694+0000] {logging_mixin.py:120} INFO - [2023-01-26T23:22:44.694+0000] {dag.py:3340} INFO - Setting next_dagrun for tutorial_taskflow_api to None, run_after=None
[2023-01-26T23:22:44.724+0000] {processor.py:176} INFO - Processing /home/airflow/.local/lib/python3.7/site-packages/airflow/example_dags/tutorial_taskflow_api.py took 0.183 seconds
[2023-01-26T23:23:15.004+0000] {processor.py:154} INFO - Started process (PID=270) to work on /home/airflow/.local/lib/python3.7/site-packages/airflow/example_dags/tutorial_taskflow_api.py
[2023-01-26T23:23:15.004+0000] {processor.py:756} INFO - Processing file /home/airflow/.local/lib/python3.7/site-packages/airflow/example_dags/tutorial_taskflow_api.py for tasks to queue
[2023-01-26T23:23:15.005+0000] {logging_mixin.py:120} INFO - [2023-01-26T23:23:15.005+0000] {dagbag.py:537} INFO - Filling up the DagBag from /home/airflow/.local/lib/python3.7/site-packages/airflow/example_dags/tutorial_taskflow_api.py
[2023-01-26T23:23:15.025+0000] {processor.py:766} INFO - DAG(s) dict_keys(['tutorial_taskflow_api']) retrieved from /home/airflow/.local/lib/python3.7/site-packages/airflow/example_dags/tutorial_taskflow_api.py
[2023-01-26T23:23:15.067+0000] {logging_mixin.py:120} INFO - [2023-01-26T23:23:15.066+0000] {dag.py:2585} INFO - Sync 1 DAGs
[2023-01-26T23:23:15.095+0000] {logging_mixin.py:120} INFO - [2023-01-26T23:23:15.095+0000] {dag.py:3340} INFO - Setting next_dagrun for tutorial_taskflow_api to None, run_after=None
[2023-01-26T23:23:15.115+0000] {processor.py:176} INFO - Processing /home/airflow/.local/lib/python3.7/site-packages/airflow/example_dags/tutorial_taskflow_api.py took 0.114 seconds
[2023-01-26T23:23:45.547+0000] {processor.py:154} INFO - Started process (PID=327) to work on /home/airflow/.local/lib/python3.7/site-packages/airflow/example_dags/tutorial_taskflow_api.py
[2023-01-26T23:23:45.547+0000] {processor.py:756} INFO - Processing file /home/airflow/.local/lib/python3.7/site-packages/airflow/example_dags/tutorial_taskflow_api.py for tasks to queue
[2023-01-26T23:23:45.548+0000] {logging_mixin.py:120} INFO - [2023-01-26T23:23:45.547+0000] {dagbag.py:537} INFO - Filling up the DagBag from /home/airflow/.local/lib/python3.7/site-packages/airflow/example_dags/tutorial_taskflow_api.py
[2023-01-26T23:23:45.562+0000] {processor.py:766} INFO - DAG(s) dict_keys(['tutorial_taskflow_api']) retrieved from /home/airflow/.local/lib/python3.7/site-packages/airflow/example_dags/tutorial_taskflow_api.py
[2023-01-26T23:23:45.589+0000] {logging_mixin.py:120} INFO - [2023-01-26T23:23:45.589+0000] {dag.py:2585} INFO - Sync 1 DAGs
[2023-01-26T23:23:45.609+0000] {logging_mixin.py:120} INFO - [2023-01-26T23:23:45.609+0000] {dag.py:3340} INFO - Setting next_dagrun for tutorial_taskflow_api to None, run_after=None
[2023-01-26T23:23:45.622+0000] {processor.py:176} INFO - Processing /home/airflow/.local/lib/python3.7/site-packages/airflow/example_dags/tutorial_taskflow_api.py took 0.077 seconds
[2023-01-26T23:24:16.261+0000] {processor.py:154} INFO - Started process (PID=394) to work on /home/airflow/.local/lib/python3.7/site-packages/airflow/example_dags/tutorial_taskflow_api.py
[2023-01-26T23:24:16.262+0000] {processor.py:756} INFO - Processing file /home/airflow/.local/lib/python3.7/site-packages/airflow/example_dags/tutorial_taskflow_api.py for tasks to queue
[2023-01-26T23:24:16.262+0000] {logging_mixin.py:120} INFO - [2023-01-26T23:24:16.262+0000] {dagbag.py:537} INFO - Filling up the DagBag from /home/airflow/.local/lib/python3.7/site-packages/airflow/example_dags/tutorial_taskflow_api.py
[2023-01-26T23:24:16.281+0000] {processor.py:766} INFO - DAG(s) dict_keys(['tutorial_taskflow_api']) retrieved from /home/airflow/.local/lib/python3.7/site-packages/airflow/example_dags/tutorial_taskflow_api.py
[2023-01-26T23:24:16.318+0000] {logging_mixin.py:120} INFO - [2023-01-26T23:24:16.318+0000] {dag.py:2585} INFO - Sync 1 DAGs
[2023-01-26T23:24:16.341+0000] {logging_mixin.py:120} INFO - [2023-01-26T23:24:16.341+0000] {dag.py:3340} INFO - Setting next_dagrun for tutorial_taskflow_api to None, run_after=None
[2023-01-26T23:24:16.360+0000] {processor.py:176} INFO - Processing /home/airflow/.local/lib/python3.7/site-packages/airflow/example_dags/tutorial_taskflow_api.py took 0.101 seconds
[2023-01-26T23:24:47.017+0000] {processor.py:154} INFO - Started process (PID=462) to work on /home/airflow/.local/lib/python3.7/site-packages/airflow/example_dags/tutorial_taskflow_api.py
[2023-01-26T23:24:47.018+0000] {processor.py:756} INFO - Processing file /home/airflow/.local/lib/python3.7/site-packages/airflow/example_dags/tutorial_taskflow_api.py for tasks to queue
[2023-01-26T23:24:47.019+0000] {logging_mixin.py:120} INFO - [2023-01-26T23:24:47.019+0000] {dagbag.py:537} INFO - Filling up the DagBag from /home/airflow/.local/lib/python3.7/site-packages/airflow/example_dags/tutorial_taskflow_api.py
[2023-01-26T23:24:47.038+0000] {processor.py:766} INFO - DAG(s) dict_keys(['tutorial_taskflow_api']) retrieved from /home/airflow/.local/lib/python3.7/site-packages/airflow/example_dags/tutorial_taskflow_api.py
[2023-01-26T23:24:47.074+0000] {logging_mixin.py:120} INFO - [2023-01-26T23:24:47.074+0000] {dag.py:2585} INFO - Sync 1 DAGs
[2023-01-26T23:24:47.103+0000] {logging_mixin.py:120} INFO - [2023-01-26T23:24:47.103+0000] {dag.py:3340} INFO - Setting next_dagrun for tutorial_taskflow_api to None, run_after=None
[2023-01-26T23:24:47.122+0000] {processor.py:176} INFO - Processing /home/airflow/.local/lib/python3.7/site-packages/airflow/example_dags/tutorial_taskflow_api.py took 0.107 seconds
[2023-01-26T23:25:17.578+0000] {processor.py:154} INFO - Started process (PID=529) to work on /home/airflow/.local/lib/python3.7/site-packages/airflow/example_dags/tutorial_taskflow_api.py
[2023-01-26T23:25:17.579+0000] {processor.py:756} INFO - Processing file /home/airflow/.local/lib/python3.7/site-packages/airflow/example_dags/tutorial_taskflow_api.py for tasks to queue
[2023-01-26T23:25:17.579+0000] {logging_mixin.py:120} INFO - [2023-01-26T23:25:17.579+0000] {dagbag.py:537} INFO - Filling up the DagBag from /home/airflow/.local/lib/python3.7/site-packages/airflow/example_dags/tutorial_taskflow_api.py
[2023-01-26T23:25:17.596+0000] {processor.py:766} INFO - DAG(s) dict_keys(['tutorial_taskflow_api']) retrieved from /home/airflow/.local/lib/python3.7/site-packages/airflow/example_dags/tutorial_taskflow_api.py
[2023-01-26T23:25:17.621+0000] {logging_mixin.py:120} INFO - [2023-01-26T23:25:17.620+0000] {dag.py:2585} INFO - Sync 1 DAGs
[2023-01-26T23:25:17.636+0000] {logging_mixin.py:120} INFO - [2023-01-26T23:25:17.635+0000] {dag.py:3340} INFO - Setting next_dagrun for tutorial_taskflow_api to None, run_after=None
[2023-01-26T23:25:17.648+0000] {processor.py:176} INFO - Processing /home/airflow/.local/lib/python3.7/site-packages/airflow/example_dags/tutorial_taskflow_api.py took 0.073 seconds
[2023-01-26T23:25:47.806+0000] {processor.py:154} INFO - Started process (PID=587) to work on /home/airflow/.local/lib/python3.7/site-packages/airflow/example_dags/tutorial_taskflow_api.py
[2023-01-26T23:25:47.807+0000] {processor.py:756} INFO - Processing file /home/airflow/.local/lib/python3.7/site-packages/airflow/example_dags/tutorial_taskflow_api.py for tasks to queue
[2023-01-26T23:25:47.807+0000] {logging_mixin.py:120} INFO - [2023-01-26T23:25:47.807+0000] {dagbag.py:537} INFO - Filling up the DagBag from /home/airflow/.local/lib/python3.7/site-packages/airflow/example_dags/tutorial_taskflow_api.py
[2023-01-26T23:25:47.821+0000] {processor.py:766} INFO - DAG(s) dict_keys(['tutorial_taskflow_api']) retrieved from /home/airflow/.local/lib/python3.7/site-packages/airflow/example_dags/tutorial_taskflow_api.py
[2023-01-26T23:25:47.846+0000] {logging_mixin.py:120} INFO - [2023-01-26T23:25:47.846+0000] {dag.py:2585} INFO - Sync 1 DAGs
[2023-01-26T23:25:47.863+0000] {logging_mixin.py:120} INFO - [2023-01-26T23:25:47.863+0000] {dag.py:3340} INFO - Setting next_dagrun for tutorial_taskflow_api to None, run_after=None
[2023-01-26T23:25:47.876+0000] {processor.py:176} INFO - Processing /home/airflow/.local/lib/python3.7/site-packages/airflow/example_dags/tutorial_taskflow_api.py took 0.072 seconds
[2023-01-26T23:26:18.043+0000] {processor.py:154} INFO - Started process (PID=655) to work on /home/airflow/.local/lib/python3.7/site-packages/airflow/example_dags/tutorial_taskflow_api.py
[2023-01-26T23:26:18.044+0000] {processor.py:756} INFO - Processing file /home/airflow/.local/lib/python3.7/site-packages/airflow/example_dags/tutorial_taskflow_api.py for tasks to queue
[2023-01-26T23:26:18.044+0000] {logging_mixin.py:120} INFO - [2023-01-26T23:26:18.044+0000] {dagbag.py:537} INFO - Filling up the DagBag from /home/airflow/.local/lib/python3.7/site-packages/airflow/example_dags/tutorial_taskflow_api.py
[2023-01-26T23:26:18.057+0000] {processor.py:766} INFO - DAG(s) dict_keys(['tutorial_taskflow_api']) retrieved from /home/airflow/.local/lib/python3.7/site-packages/airflow/example_dags/tutorial_taskflow_api.py
[2023-01-26T23:26:18.083+0000] {logging_mixin.py:120} INFO - [2023-01-26T23:26:18.083+0000] {dag.py:2585} INFO - Sync 1 DAGs
[2023-01-26T23:26:18.100+0000] {logging_mixin.py:120} INFO - [2023-01-26T23:26:18.099+0000] {dag.py:3340} INFO - Setting next_dagrun for tutorial_taskflow_api to None, run_after=None
[2023-01-26T23:26:18.112+0000] {processor.py:176} INFO - Processing /home/airflow/.local/lib/python3.7/site-packages/airflow/example_dags/tutorial_taskflow_api.py took 0.071 seconds
[2023-01-26T23:26:48.268+0000] {processor.py:154} INFO - Started process (PID=722) to work on /home/airflow/.local/lib/python3.7/site-packages/airflow/example_dags/tutorial_taskflow_api.py
[2023-01-26T23:26:48.269+0000] {processor.py:756} INFO - Processing file /home/airflow/.local/lib/python3.7/site-packages/airflow/example_dags/tutorial_taskflow_api.py for tasks to queue
[2023-01-26T23:26:48.270+0000] {logging_mixin.py:120} INFO - [2023-01-26T23:26:48.270+0000] {dagbag.py:537} INFO - Filling up the DagBag from /home/airflow/.local/lib/python3.7/site-packages/airflow/example_dags/tutorial_taskflow_api.py
[2023-01-26T23:26:48.283+0000] {processor.py:766} INFO - DAG(s) dict_keys(['tutorial_taskflow_api']) retrieved from /home/airflow/.local/lib/python3.7/site-packages/airflow/example_dags/tutorial_taskflow_api.py
[2023-01-26T23:26:48.308+0000] {logging_mixin.py:120} INFO - [2023-01-26T23:26:48.308+0000] {dag.py:2585} INFO - Sync 1 DAGs
[2023-01-26T23:26:48.324+0000] {logging_mixin.py:120} INFO - [2023-01-26T23:26:48.324+0000] {dag.py:3340} INFO - Setting next_dagrun for tutorial_taskflow_api to None, run_after=None
[2023-01-26T23:26:48.338+0000] {processor.py:176} INFO - Processing /home/airflow/.local/lib/python3.7/site-packages/airflow/example_dags/tutorial_taskflow_api.py took 0.072 seconds
[2023-01-26T23:27:19.553+0000] {processor.py:154} INFO - Started process (PID=789) to work on /home/airflow/.local/lib/python3.7/site-packages/airflow/example_dags/tutorial_taskflow_api.py
[2023-01-26T23:27:19.553+0000] {processor.py:756} INFO - Processing file /home/airflow/.local/lib/python3.7/site-packages/airflow/example_dags/tutorial_taskflow_api.py for tasks to queue
[2023-01-26T23:27:19.554+0000] {logging_mixin.py:120} INFO - [2023-01-26T23:27:19.554+0000] {dagbag.py:537} INFO - Filling up the DagBag from /home/airflow/.local/lib/python3.7/site-packages/airflow/example_dags/tutorial_taskflow_api.py
[2023-01-26T23:27:19.567+0000] {processor.py:766} INFO - DAG(s) dict_keys(['tutorial_taskflow_api']) retrieved from /home/airflow/.local/lib/python3.7/site-packages/airflow/example_dags/tutorial_taskflow_api.py
[2023-01-26T23:27:19.593+0000] {logging_mixin.py:120} INFO - [2023-01-26T23:27:19.593+0000] {dag.py:2585} INFO - Sync 1 DAGs
[2023-01-26T23:27:19.609+0000] {logging_mixin.py:120} INFO - [2023-01-26T23:27:19.609+0000] {dag.py:3340} INFO - Setting next_dagrun for tutorial_taskflow_api to None, run_after=None
[2023-01-26T23:27:19.622+0000] {processor.py:176} INFO - Processing /home/airflow/.local/lib/python3.7/site-packages/airflow/example_dags/tutorial_taskflow_api.py took 0.071 seconds
[2023-01-26T23:27:50.623+0000] {processor.py:154} INFO - Started process (PID=856) to work on /home/airflow/.local/lib/python3.7/site-packages/airflow/example_dags/tutorial_taskflow_api.py
[2023-01-26T23:27:50.624+0000] {processor.py:756} INFO - Processing file /home/airflow/.local/lib/python3.7/site-packages/airflow/example_dags/tutorial_taskflow_api.py for tasks to queue
[2023-01-26T23:27:50.624+0000] {logging_mixin.py:120} INFO - [2023-01-26T23:27:50.624+0000] {dagbag.py:537} INFO - Filling up the DagBag from /home/airflow/.local/lib/python3.7/site-packages/airflow/example_dags/tutorial_taskflow_api.py
[2023-01-26T23:27:50.637+0000] {processor.py:766} INFO - DAG(s) dict_keys(['tutorial_taskflow_api']) retrieved from /home/airflow/.local/lib/python3.7/site-packages/airflow/example_dags/tutorial_taskflow_api.py
[2023-01-26T23:27:50.661+0000] {logging_mixin.py:120} INFO - [2023-01-26T23:27:50.661+0000] {dag.py:2585} INFO - Sync 1 DAGs
[2023-01-26T23:27:50.678+0000] {logging_mixin.py:120} INFO - [2023-01-26T23:27:50.678+0000] {dag.py:3340} INFO - Setting next_dagrun for tutorial_taskflow_api to None, run_after=None
[2023-01-26T23:27:50.694+0000] {processor.py:176} INFO - Processing /home/airflow/.local/lib/python3.7/site-packages/airflow/example_dags/tutorial_taskflow_api.py took 0.072 seconds
[2023-01-26T23:28:20.929+0000] {processor.py:154} INFO - Started process (PID=915) to work on /home/airflow/.local/lib/python3.7/site-packages/airflow/example_dags/tutorial_taskflow_api.py
[2023-01-26T23:28:20.930+0000] {processor.py:756} INFO - Processing file /home/airflow/.local/lib/python3.7/site-packages/airflow/example_dags/tutorial_taskflow_api.py for tasks to queue
[2023-01-26T23:28:20.930+0000] {logging_mixin.py:120} INFO - [2023-01-26T23:28:20.930+0000] {dagbag.py:537} INFO - Filling up the DagBag from /home/airflow/.local/lib/python3.7/site-packages/airflow/example_dags/tutorial_taskflow_api.py
[2023-01-26T23:28:20.943+0000] {processor.py:766} INFO - DAG(s) dict_keys(['tutorial_taskflow_api']) retrieved from /home/airflow/.local/lib/python3.7/site-packages/airflow/example_dags/tutorial_taskflow_api.py
[2023-01-26T23:28:20.969+0000] {logging_mixin.py:120} INFO - [2023-01-26T23:28:20.968+0000] {dag.py:2585} INFO - Sync 1 DAGs
[2023-01-26T23:28:20.985+0000] {logging_mixin.py:120} INFO - [2023-01-26T23:28:20.985+0000] {dag.py:3340} INFO - Setting next_dagrun for tutorial_taskflow_api to None, run_after=None
[2023-01-26T23:28:20.998+0000] {processor.py:176} INFO - Processing /home/airflow/.local/lib/python3.7/site-packages/airflow/example_dags/tutorial_taskflow_api.py took 0.071 seconds
[2023-01-26T23:28:51.264+0000] {processor.py:154} INFO - Started process (PID=982) to work on /home/airflow/.local/lib/python3.7/site-packages/airflow/example_dags/tutorial_taskflow_api.py
[2023-01-26T23:28:51.264+0000] {processor.py:756} INFO - Processing file /home/airflow/.local/lib/python3.7/site-packages/airflow/example_dags/tutorial_taskflow_api.py for tasks to queue
[2023-01-26T23:28:51.265+0000] {logging_mixin.py:120} INFO - [2023-01-26T23:28:51.265+0000] {dagbag.py:537} INFO - Filling up the DagBag from /home/airflow/.local/lib/python3.7/site-packages/airflow/example_dags/tutorial_taskflow_api.py
[2023-01-26T23:28:51.279+0000] {processor.py:766} INFO - DAG(s) dict_keys(['tutorial_taskflow_api']) retrieved from /home/airflow/.local/lib/python3.7/site-packages/airflow/example_dags/tutorial_taskflow_api.py
[2023-01-26T23:28:51.304+0000] {logging_mixin.py:120} INFO - [2023-01-26T23:28:51.304+0000] {dag.py:2585} INFO - Sync 1 DAGs
[2023-01-26T23:28:51.323+0000] {logging_mixin.py:120} INFO - [2023-01-26T23:28:51.323+0000] {dag.py:3340} INFO - Setting next_dagrun for tutorial_taskflow_api to None, run_after=None
[2023-01-26T23:28:51.337+0000] {processor.py:176} INFO - Processing /home/airflow/.local/lib/python3.7/site-packages/airflow/example_dags/tutorial_taskflow_api.py took 0.075 seconds
[2023-01-26T23:29:21.631+0000] {processor.py:154} INFO - Started process (PID=1049) to work on /home/airflow/.local/lib/python3.7/site-packages/airflow/example_dags/tutorial_taskflow_api.py
[2023-01-26T23:29:21.632+0000] {processor.py:756} INFO - Processing file /home/airflow/.local/lib/python3.7/site-packages/airflow/example_dags/tutorial_taskflow_api.py for tasks to queue
[2023-01-26T23:29:21.632+0000] {logging_mixin.py:120} INFO - [2023-01-26T23:29:21.632+0000] {dagbag.py:537} INFO - Filling up the DagBag from /home/airflow/.local/lib/python3.7/site-packages/airflow/example_dags/tutorial_taskflow_api.py
[2023-01-26T23:29:21.646+0000] {processor.py:766} INFO - DAG(s) dict_keys(['tutorial_taskflow_api']) retrieved from /home/airflow/.local/lib/python3.7/site-packages/airflow/example_dags/tutorial_taskflow_api.py
[2023-01-26T23:29:21.671+0000] {logging_mixin.py:120} INFO - [2023-01-26T23:29:21.671+0000] {dag.py:2585} INFO - Sync 1 DAGs
[2023-01-26T23:29:21.688+0000] {logging_mixin.py:120} INFO - [2023-01-26T23:29:21.688+0000] {dag.py:3340} INFO - Setting next_dagrun for tutorial_taskflow_api to None, run_after=None
[2023-01-26T23:29:21.700+0000] {processor.py:176} INFO - Processing /home/airflow/.local/lib/python3.7/site-packages/airflow/example_dags/tutorial_taskflow_api.py took 0.072 seconds
[2023-01-26T23:29:51.726+0000] {processor.py:154} INFO - Started process (PID=1113) to work on /home/airflow/.local/lib/python3.7/site-packages/airflow/example_dags/tutorial_taskflow_api.py
[2023-01-26T23:29:51.727+0000] {processor.py:756} INFO - Processing file /home/airflow/.local/lib/python3.7/site-packages/airflow/example_dags/tutorial_taskflow_api.py for tasks to queue
[2023-01-26T23:29:51.727+0000] {logging_mixin.py:120} INFO - [2023-01-26T23:29:51.727+0000] {dagbag.py:537} INFO - Filling up the DagBag from /home/airflow/.local/lib/python3.7/site-packages/airflow/example_dags/tutorial_taskflow_api.py
[2023-01-26T23:29:51.740+0000] {processor.py:766} INFO - DAG(s) dict_keys(['tutorial_taskflow_api']) retrieved from /home/airflow/.local/lib/python3.7/site-packages/airflow/example_dags/tutorial_taskflow_api.py
[2023-01-26T23:29:51.766+0000] {logging_mixin.py:120} INFO - [2023-01-26T23:29:51.765+0000] {dag.py:2585} INFO - Sync 1 DAGs
[2023-01-26T23:29:51.782+0000] {logging_mixin.py:120} INFO - [2023-01-26T23:29:51.782+0000] {dag.py:3340} INFO - Setting next_dagrun for tutorial_taskflow_api to None, run_after=None
[2023-01-26T23:29:51.794+0000] {processor.py:176} INFO - Processing /home/airflow/.local/lib/python3.7/site-packages/airflow/example_dags/tutorial_taskflow_api.py took 0.070 seconds
[2023-01-26T23:30:21.950+0000] {processor.py:154} INFO - Started process (PID=1171) to work on /home/airflow/.local/lib/python3.7/site-packages/airflow/example_dags/tutorial_taskflow_api.py
[2023-01-26T23:30:21.951+0000] {processor.py:756} INFO - Processing file /home/airflow/.local/lib/python3.7/site-packages/airflow/example_dags/tutorial_taskflow_api.py for tasks to queue
[2023-01-26T23:30:21.952+0000] {logging_mixin.py:120} INFO - [2023-01-26T23:30:21.952+0000] {dagbag.py:537} INFO - Filling up the DagBag from /home/airflow/.local/lib/python3.7/site-packages/airflow/example_dags/tutorial_taskflow_api.py
[2023-01-26T23:30:21.966+0000] {processor.py:766} INFO - DAG(s) dict_keys(['tutorial_taskflow_api']) retrieved from /home/airflow/.local/lib/python3.7/site-packages/airflow/example_dags/tutorial_taskflow_api.py
[2023-01-26T23:30:21.995+0000] {logging_mixin.py:120} INFO - [2023-01-26T23:30:21.995+0000] {dag.py:2585} INFO - Sync 1 DAGs
[2023-01-26T23:30:22.012+0000] {logging_mixin.py:120} INFO - [2023-01-26T23:30:22.011+0000] {dag.py:3340} INFO - Setting next_dagrun for tutorial_taskflow_api to None, run_after=None
[2023-01-26T23:30:22.024+0000] {processor.py:176} INFO - Processing /home/airflow/.local/lib/python3.7/site-packages/airflow/example_dags/tutorial_taskflow_api.py took 0.076 seconds
[2023-01-26T23:30:52.323+0000] {processor.py:154} INFO - Started process (PID=1238) to work on /home/airflow/.local/lib/python3.7/site-packages/airflow/example_dags/tutorial_taskflow_api.py
[2023-01-26T23:30:52.324+0000] {processor.py:756} INFO - Processing file /home/airflow/.local/lib/python3.7/site-packages/airflow/example_dags/tutorial_taskflow_api.py for tasks to queue
[2023-01-26T23:30:52.324+0000] {logging_mixin.py:120} INFO - [2023-01-26T23:30:52.324+0000] {dagbag.py:537} INFO - Filling up the DagBag from /home/airflow/.local/lib/python3.7/site-packages/airflow/example_dags/tutorial_taskflow_api.py
[2023-01-26T23:30:52.337+0000] {processor.py:766} INFO - DAG(s) dict_keys(['tutorial_taskflow_api']) retrieved from /home/airflow/.local/lib/python3.7/site-packages/airflow/example_dags/tutorial_taskflow_api.py
[2023-01-26T23:30:52.363+0000] {logging_mixin.py:120} INFO - [2023-01-26T23:30:52.363+0000] {dag.py:2585} INFO - Sync 1 DAGs
[2023-01-26T23:30:52.379+0000] {logging_mixin.py:120} INFO - [2023-01-26T23:30:52.379+0000] {dag.py:3340} INFO - Setting next_dagrun for tutorial_taskflow_api to None, run_after=None
[2023-01-26T23:30:52.392+0000] {processor.py:176} INFO - Processing /home/airflow/.local/lib/python3.7/site-packages/airflow/example_dags/tutorial_taskflow_api.py took 0.071 seconds
[2023-01-26T23:31:22.599+0000] {processor.py:154} INFO - Started process (PID=1305) to work on /home/airflow/.local/lib/python3.7/site-packages/airflow/example_dags/tutorial_taskflow_api.py
[2023-01-26T23:31:22.600+0000] {processor.py:756} INFO - Processing file /home/airflow/.local/lib/python3.7/site-packages/airflow/example_dags/tutorial_taskflow_api.py for tasks to queue
[2023-01-26T23:31:22.600+0000] {logging_mixin.py:120} INFO - [2023-01-26T23:31:22.600+0000] {dagbag.py:537} INFO - Filling up the DagBag from /home/airflow/.local/lib/python3.7/site-packages/airflow/example_dags/tutorial_taskflow_api.py
[2023-01-26T23:31:22.613+0000] {processor.py:766} INFO - DAG(s) dict_keys(['tutorial_taskflow_api']) retrieved from /home/airflow/.local/lib/python3.7/site-packages/airflow/example_dags/tutorial_taskflow_api.py
[2023-01-26T23:31:22.638+0000] {logging_mixin.py:120} INFO - [2023-01-26T23:31:22.638+0000] {dag.py:2585} INFO - Sync 1 DAGs
[2023-01-26T23:31:22.655+0000] {logging_mixin.py:120} INFO - [2023-01-26T23:31:22.655+0000] {dag.py:3340} INFO - Setting next_dagrun for tutorial_taskflow_api to None, run_after=None
[2023-01-26T23:31:22.669+0000] {processor.py:176} INFO - Processing /home/airflow/.local/lib/python3.7/site-packages/airflow/example_dags/tutorial_taskflow_api.py took 0.072 seconds
[2023-01-26T23:31:53.002+0000] {processor.py:154} INFO - Started process (PID=1373) to work on /home/airflow/.local/lib/python3.7/site-packages/airflow/example_dags/tutorial_taskflow_api.py
[2023-01-26T23:31:53.003+0000] {processor.py:756} INFO - Processing file /home/airflow/.local/lib/python3.7/site-packages/airflow/example_dags/tutorial_taskflow_api.py for tasks to queue
[2023-01-26T23:31:53.004+0000] {logging_mixin.py:120} INFO - [2023-01-26T23:31:53.004+0000] {dagbag.py:537} INFO - Filling up the DagBag from /home/airflow/.local/lib/python3.7/site-packages/airflow/example_dags/tutorial_taskflow_api.py
[2023-01-26T23:31:53.017+0000] {processor.py:766} INFO - DAG(s) dict_keys(['tutorial_taskflow_api']) retrieved from /home/airflow/.local/lib/python3.7/site-packages/airflow/example_dags/tutorial_taskflow_api.py
[2023-01-26T23:31:53.040+0000] {logging_mixin.py:120} INFO - [2023-01-26T23:31:53.040+0000] {dag.py:2585} INFO - Sync 1 DAGs
[2023-01-26T23:31:53.057+0000] {logging_mixin.py:120} INFO - [2023-01-26T23:31:53.057+0000] {dag.py:3340} INFO - Setting next_dagrun for tutorial_taskflow_api to None, run_after=None
[2023-01-26T23:31:53.069+0000] {processor.py:176} INFO - Processing /home/airflow/.local/lib/python3.7/site-packages/airflow/example_dags/tutorial_taskflow_api.py took 0.068 seconds
[2023-01-26T23:32:23.395+0000] {processor.py:154} INFO - Started process (PID=1440) to work on /home/airflow/.local/lib/python3.7/site-packages/airflow/example_dags/tutorial_taskflow_api.py
[2023-01-26T23:32:23.396+0000] {processor.py:756} INFO - Processing file /home/airflow/.local/lib/python3.7/site-packages/airflow/example_dags/tutorial_taskflow_api.py for tasks to queue
[2023-01-26T23:32:23.397+0000] {logging_mixin.py:120} INFO - [2023-01-26T23:32:23.397+0000] {dagbag.py:537} INFO - Filling up the DagBag from /home/airflow/.local/lib/python3.7/site-packages/airflow/example_dags/tutorial_taskflow_api.py
[2023-01-26T23:32:23.411+0000] {processor.py:766} INFO - DAG(s) dict_keys(['tutorial_taskflow_api']) retrieved from /home/airflow/.local/lib/python3.7/site-packages/airflow/example_dags/tutorial_taskflow_api.py
[2023-01-26T23:32:23.443+0000] {logging_mixin.py:120} INFO - [2023-01-26T23:32:23.443+0000] {dag.py:2585} INFO - Sync 1 DAGs
[2023-01-26T23:32:23.465+0000] {logging_mixin.py:120} INFO - [2023-01-26T23:32:23.465+0000] {dag.py:3340} INFO - Setting next_dagrun for tutorial_taskflow_api to None, run_after=None
[2023-01-26T23:32:23.478+0000] {processor.py:176} INFO - Processing /home/airflow/.local/lib/python3.7/site-packages/airflow/example_dags/tutorial_taskflow_api.py took 0.084 seconds
[2023-01-26T23:32:54.604+0000] {processor.py:154} INFO - Started process (PID=1498) to work on /home/airflow/.local/lib/python3.7/site-packages/airflow/example_dags/tutorial_taskflow_api.py
[2023-01-26T23:32:54.605+0000] {processor.py:756} INFO - Processing file /home/airflow/.local/lib/python3.7/site-packages/airflow/example_dags/tutorial_taskflow_api.py for tasks to queue
[2023-01-26T23:32:54.605+0000] {logging_mixin.py:120} INFO - [2023-01-26T23:32:54.605+0000] {dagbag.py:537} INFO - Filling up the DagBag from /home/airflow/.local/lib/python3.7/site-packages/airflow/example_dags/tutorial_taskflow_api.py
[2023-01-26T23:32:54.618+0000] {processor.py:766} INFO - DAG(s) dict_keys(['tutorial_taskflow_api']) retrieved from /home/airflow/.local/lib/python3.7/site-packages/airflow/example_dags/tutorial_taskflow_api.py
[2023-01-26T23:32:54.646+0000] {logging_mixin.py:120} INFO - [2023-01-26T23:32:54.645+0000] {dag.py:2585} INFO - Sync 1 DAGs
[2023-01-26T23:32:54.662+0000] {logging_mixin.py:120} INFO - [2023-01-26T23:32:54.662+0000] {dag.py:3340} INFO - Setting next_dagrun for tutorial_taskflow_api to None, run_after=None
[2023-01-26T23:32:54.676+0000] {processor.py:176} INFO - Processing /home/airflow/.local/lib/python3.7/site-packages/airflow/example_dags/tutorial_taskflow_api.py took 0.074 seconds
[2023-01-26T23:33:24.861+0000] {processor.py:154} INFO - Started process (PID=1565) to work on /home/airflow/.local/lib/python3.7/site-packages/airflow/example_dags/tutorial_taskflow_api.py
[2023-01-26T23:33:24.863+0000] {processor.py:756} INFO - Processing file /home/airflow/.local/lib/python3.7/site-packages/airflow/example_dags/tutorial_taskflow_api.py for tasks to queue
[2023-01-26T23:33:24.863+0000] {logging_mixin.py:120} INFO - [2023-01-26T23:33:24.863+0000] {dagbag.py:537} INFO - Filling up the DagBag from /home/airflow/.local/lib/python3.7/site-packages/airflow/example_dags/tutorial_taskflow_api.py
[2023-01-26T23:33:24.876+0000] {processor.py:766} INFO - DAG(s) dict_keys(['tutorial_taskflow_api']) retrieved from /home/airflow/.local/lib/python3.7/site-packages/airflow/example_dags/tutorial_taskflow_api.py
[2023-01-26T23:33:24.912+0000] {logging_mixin.py:120} INFO - [2023-01-26T23:33:24.912+0000] {dag.py:2585} INFO - Sync 1 DAGs
[2023-01-26T23:33:24.929+0000] {logging_mixin.py:120} INFO - [2023-01-26T23:33:24.929+0000] {dag.py:3340} INFO - Setting next_dagrun for tutorial_taskflow_api to None, run_after=None
[2023-01-26T23:33:24.941+0000] {processor.py:176} INFO - Processing /home/airflow/.local/lib/python3.7/site-packages/airflow/example_dags/tutorial_taskflow_api.py took 0.082 seconds
[2023-01-26T23:33:55.086+0000] {processor.py:154} INFO - Started process (PID=1632) to work on /home/airflow/.local/lib/python3.7/site-packages/airflow/example_dags/tutorial_taskflow_api.py
[2023-01-26T23:33:55.087+0000] {processor.py:756} INFO - Processing file /home/airflow/.local/lib/python3.7/site-packages/airflow/example_dags/tutorial_taskflow_api.py for tasks to queue
[2023-01-26T23:33:55.087+0000] {logging_mixin.py:120} INFO - [2023-01-26T23:33:55.087+0000] {dagbag.py:537} INFO - Filling up the DagBag from /home/airflow/.local/lib/python3.7/site-packages/airflow/example_dags/tutorial_taskflow_api.py
[2023-01-26T23:33:55.100+0000] {processor.py:766} INFO - DAG(s) dict_keys(['tutorial_taskflow_api']) retrieved from /home/airflow/.local/lib/python3.7/site-packages/airflow/example_dags/tutorial_taskflow_api.py
[2023-01-26T23:33:55.129+0000] {logging_mixin.py:120} INFO - [2023-01-26T23:33:55.129+0000] {dag.py:2585} INFO - Sync 1 DAGs
[2023-01-26T23:33:55.150+0000] {logging_mixin.py:120} INFO - [2023-01-26T23:33:55.150+0000] {dag.py:3340} INFO - Setting next_dagrun for tutorial_taskflow_api to None, run_after=None
[2023-01-26T23:33:55.164+0000] {processor.py:176} INFO - Processing /home/airflow/.local/lib/python3.7/site-packages/airflow/example_dags/tutorial_taskflow_api.py took 0.080 seconds
[2023-01-26T23:34:25.325+0000] {processor.py:154} INFO - Started process (PID=1699) to work on /home/airflow/.local/lib/python3.7/site-packages/airflow/example_dags/tutorial_taskflow_api.py
[2023-01-26T23:34:25.326+0000] {processor.py:756} INFO - Processing file /home/airflow/.local/lib/python3.7/site-packages/airflow/example_dags/tutorial_taskflow_api.py for tasks to queue
[2023-01-26T23:34:25.327+0000] {logging_mixin.py:120} INFO - [2023-01-26T23:34:25.326+0000] {dagbag.py:537} INFO - Filling up the DagBag from /home/airflow/.local/lib/python3.7/site-packages/airflow/example_dags/tutorial_taskflow_api.py
[2023-01-26T23:34:25.342+0000] {processor.py:766} INFO - DAG(s) dict_keys(['tutorial_taskflow_api']) retrieved from /home/airflow/.local/lib/python3.7/site-packages/airflow/example_dags/tutorial_taskflow_api.py
[2023-01-26T23:34:25.370+0000] {logging_mixin.py:120} INFO - [2023-01-26T23:34:25.370+0000] {dag.py:2585} INFO - Sync 1 DAGs
[2023-01-26T23:34:25.389+0000] {logging_mixin.py:120} INFO - [2023-01-26T23:34:25.389+0000] {dag.py:3340} INFO - Setting next_dagrun for tutorial_taskflow_api to None, run_after=None
[2023-01-26T23:34:25.405+0000] {processor.py:176} INFO - Processing /home/airflow/.local/lib/python3.7/site-packages/airflow/example_dags/tutorial_taskflow_api.py took 0.081 seconds
[2023-01-26T23:34:55.705+0000] {processor.py:154} INFO - Started process (PID=1757) to work on /home/airflow/.local/lib/python3.7/site-packages/airflow/example_dags/tutorial_taskflow_api.py
[2023-01-26T23:34:55.706+0000] {processor.py:756} INFO - Processing file /home/airflow/.local/lib/python3.7/site-packages/airflow/example_dags/tutorial_taskflow_api.py for tasks to queue
[2023-01-26T23:34:55.707+0000] {logging_mixin.py:120} INFO - [2023-01-26T23:34:55.706+0000] {dagbag.py:537} INFO - Filling up the DagBag from /home/airflow/.local/lib/python3.7/site-packages/airflow/example_dags/tutorial_taskflow_api.py
[2023-01-26T23:34:55.726+0000] {processor.py:766} INFO - DAG(s) dict_keys(['tutorial_taskflow_api']) retrieved from /home/airflow/.local/lib/python3.7/site-packages/airflow/example_dags/tutorial_taskflow_api.py
[2023-01-26T23:34:55.761+0000] {logging_mixin.py:120} INFO - [2023-01-26T23:34:55.761+0000] {dag.py:2585} INFO - Sync 1 DAGs
[2023-01-26T23:34:55.787+0000] {logging_mixin.py:120} INFO - [2023-01-26T23:34:55.786+0000] {dag.py:3340} INFO - Setting next_dagrun for tutorial_taskflow_api to None, run_after=None
[2023-01-26T23:34:55.811+0000] {processor.py:176} INFO - Processing /home/airflow/.local/lib/python3.7/site-packages/airflow/example_dags/tutorial_taskflow_api.py took 0.109 seconds
[2023-01-26T23:35:26.861+0000] {processor.py:154} INFO - Started process (PID=1825) to work on /home/airflow/.local/lib/python3.7/site-packages/airflow/example_dags/tutorial_taskflow_api.py
[2023-01-26T23:35:26.862+0000] {processor.py:756} INFO - Processing file /home/airflow/.local/lib/python3.7/site-packages/airflow/example_dags/tutorial_taskflow_api.py for tasks to queue
[2023-01-26T23:35:26.862+0000] {logging_mixin.py:120} INFO - [2023-01-26T23:35:26.862+0000] {dagbag.py:537} INFO - Filling up the DagBag from /home/airflow/.local/lib/python3.7/site-packages/airflow/example_dags/tutorial_taskflow_api.py
[2023-01-26T23:35:26.875+0000] {processor.py:766} INFO - DAG(s) dict_keys(['tutorial_taskflow_api']) retrieved from /home/airflow/.local/lib/python3.7/site-packages/airflow/example_dags/tutorial_taskflow_api.py
[2023-01-26T23:35:26.900+0000] {logging_mixin.py:120} INFO - [2023-01-26T23:35:26.900+0000] {dag.py:2585} INFO - Sync 1 DAGs
[2023-01-26T23:35:26.921+0000] {logging_mixin.py:120} INFO - [2023-01-26T23:35:26.921+0000] {dag.py:3340} INFO - Setting next_dagrun for tutorial_taskflow_api to None, run_after=None
[2023-01-26T23:35:26.932+0000] {processor.py:176} INFO - Processing /home/airflow/.local/lib/python3.7/site-packages/airflow/example_dags/tutorial_taskflow_api.py took 0.072 seconds
[2023-01-26T23:35:58.132+0000] {processor.py:154} INFO - Started process (PID=1891) to work on /home/airflow/.local/lib/python3.7/site-packages/airflow/example_dags/tutorial_taskflow_api.py
[2023-01-26T23:35:58.133+0000] {processor.py:756} INFO - Processing file /home/airflow/.local/lib/python3.7/site-packages/airflow/example_dags/tutorial_taskflow_api.py for tasks to queue
[2023-01-26T23:35:58.133+0000] {logging_mixin.py:120} INFO - [2023-01-26T23:35:58.133+0000] {dagbag.py:537} INFO - Filling up the DagBag from /home/airflow/.local/lib/python3.7/site-packages/airflow/example_dags/tutorial_taskflow_api.py
[2023-01-26T23:35:58.146+0000] {processor.py:766} INFO - DAG(s) dict_keys(['tutorial_taskflow_api']) retrieved from /home/airflow/.local/lib/python3.7/site-packages/airflow/example_dags/tutorial_taskflow_api.py
[2023-01-26T23:35:58.171+0000] {logging_mixin.py:120} INFO - [2023-01-26T23:35:58.171+0000] {dag.py:2585} INFO - Sync 1 DAGs
[2023-01-26T23:35:58.188+0000] {logging_mixin.py:120} INFO - [2023-01-26T23:35:58.188+0000] {dag.py:3340} INFO - Setting next_dagrun for tutorial_taskflow_api to None, run_after=None
[2023-01-26T23:35:58.201+0000] {processor.py:176} INFO - Processing /home/airflow/.local/lib/python3.7/site-packages/airflow/example_dags/tutorial_taskflow_api.py took 0.070 seconds
[2023-01-26T23:36:29.189+0000] {processor.py:154} INFO - Started process (PID=1957) to work on /home/airflow/.local/lib/python3.7/site-packages/airflow/example_dags/tutorial_taskflow_api.py
[2023-01-26T23:36:29.190+0000] {processor.py:756} INFO - Processing file /home/airflow/.local/lib/python3.7/site-packages/airflow/example_dags/tutorial_taskflow_api.py for tasks to queue
[2023-01-26T23:36:29.190+0000] {logging_mixin.py:120} INFO - [2023-01-26T23:36:29.190+0000] {dagbag.py:537} INFO - Filling up the DagBag from /home/airflow/.local/lib/python3.7/site-packages/airflow/example_dags/tutorial_taskflow_api.py
[2023-01-26T23:36:29.204+0000] {processor.py:766} INFO - DAG(s) dict_keys(['tutorial_taskflow_api']) retrieved from /home/airflow/.local/lib/python3.7/site-packages/airflow/example_dags/tutorial_taskflow_api.py
[2023-01-26T23:36:29.228+0000] {logging_mixin.py:120} INFO - [2023-01-26T23:36:29.228+0000] {dag.py:2585} INFO - Sync 1 DAGs
[2023-01-26T23:36:29.243+0000] {logging_mixin.py:120} INFO - [2023-01-26T23:36:29.243+0000] {dag.py:3340} INFO - Setting next_dagrun for tutorial_taskflow_api to None, run_after=None
[2023-01-26T23:36:29.255+0000] {processor.py:176} INFO - Processing /home/airflow/.local/lib/python3.7/site-packages/airflow/example_dags/tutorial_taskflow_api.py took 0.068 seconds
[2023-01-26T23:36:59.534+0000] {processor.py:154} INFO - Started process (PID=2024) to work on /home/airflow/.local/lib/python3.7/site-packages/airflow/example_dags/tutorial_taskflow_api.py
[2023-01-26T23:36:59.535+0000] {processor.py:756} INFO - Processing file /home/airflow/.local/lib/python3.7/site-packages/airflow/example_dags/tutorial_taskflow_api.py for tasks to queue
[2023-01-26T23:36:59.536+0000] {logging_mixin.py:120} INFO - [2023-01-26T23:36:59.536+0000] {dagbag.py:537} INFO - Filling up the DagBag from /home/airflow/.local/lib/python3.7/site-packages/airflow/example_dags/tutorial_taskflow_api.py
[2023-01-26T23:36:59.549+0000] {processor.py:766} INFO - DAG(s) dict_keys(['tutorial_taskflow_api']) retrieved from /home/airflow/.local/lib/python3.7/site-packages/airflow/example_dags/tutorial_taskflow_api.py
[2023-01-26T23:36:59.575+0000] {logging_mixin.py:120} INFO - [2023-01-26T23:36:59.575+0000] {dag.py:2585} INFO - Sync 1 DAGs
[2023-01-26T23:36:59.592+0000] {logging_mixin.py:120} INFO - [2023-01-26T23:36:59.592+0000] {dag.py:3340} INFO - Setting next_dagrun for tutorial_taskflow_api to None, run_after=None
[2023-01-26T23:36:59.606+0000] {processor.py:176} INFO - Processing /home/airflow/.local/lib/python3.7/site-packages/airflow/example_dags/tutorial_taskflow_api.py took 0.074 seconds
[2023-01-26T23:37:29.789+0000] {processor.py:154} INFO - Started process (PID=2092) to work on /home/airflow/.local/lib/python3.7/site-packages/airflow/example_dags/tutorial_taskflow_api.py
[2023-01-26T23:37:29.790+0000] {processor.py:756} INFO - Processing file /home/airflow/.local/lib/python3.7/site-packages/airflow/example_dags/tutorial_taskflow_api.py for tasks to queue
[2023-01-26T23:37:29.791+0000] {logging_mixin.py:120} INFO - [2023-01-26T23:37:29.791+0000] {dagbag.py:537} INFO - Filling up the DagBag from /home/airflow/.local/lib/python3.7/site-packages/airflow/example_dags/tutorial_taskflow_api.py
[2023-01-26T23:37:29.803+0000] {processor.py:766} INFO - DAG(s) dict_keys(['tutorial_taskflow_api']) retrieved from /home/airflow/.local/lib/python3.7/site-packages/airflow/example_dags/tutorial_taskflow_api.py
[2023-01-26T23:37:29.827+0000] {logging_mixin.py:120} INFO - [2023-01-26T23:37:29.827+0000] {dag.py:2585} INFO - Sync 1 DAGs
[2023-01-26T23:37:29.844+0000] {logging_mixin.py:120} INFO - [2023-01-26T23:37:29.844+0000] {dag.py:3340} INFO - Setting next_dagrun for tutorial_taskflow_api to None, run_after=None
[2023-01-26T23:37:29.857+0000] {processor.py:176} INFO - Processing /home/airflow/.local/lib/python3.7/site-packages/airflow/example_dags/tutorial_taskflow_api.py took 0.069 seconds
[2023-01-26T23:38:00.917+0000] {processor.py:154} INFO - Started process (PID=2151) to work on /home/airflow/.local/lib/python3.7/site-packages/airflow/example_dags/tutorial_taskflow_api.py
[2023-01-26T23:38:00.918+0000] {processor.py:756} INFO - Processing file /home/airflow/.local/lib/python3.7/site-packages/airflow/example_dags/tutorial_taskflow_api.py for tasks to queue
[2023-01-26T23:38:00.918+0000] {logging_mixin.py:120} INFO - [2023-01-26T23:38:00.918+0000] {dagbag.py:537} INFO - Filling up the DagBag from /home/airflow/.local/lib/python3.7/site-packages/airflow/example_dags/tutorial_taskflow_api.py
[2023-01-26T23:38:00.931+0000] {processor.py:766} INFO - DAG(s) dict_keys(['tutorial_taskflow_api']) retrieved from /home/airflow/.local/lib/python3.7/site-packages/airflow/example_dags/tutorial_taskflow_api.py
[2023-01-26T23:38:00.958+0000] {logging_mixin.py:120} INFO - [2023-01-26T23:38:00.958+0000] {dag.py:2585} INFO - Sync 1 DAGs
[2023-01-26T23:38:00.975+0000] {logging_mixin.py:120} INFO - [2023-01-26T23:38:00.975+0000] {dag.py:3340} INFO - Setting next_dagrun for tutorial_taskflow_api to None, run_after=None
[2023-01-26T23:38:00.989+0000] {processor.py:176} INFO - Processing /home/airflow/.local/lib/python3.7/site-packages/airflow/example_dags/tutorial_taskflow_api.py took 0.074 seconds
[2023-01-26T23:38:31.297+0000] {processor.py:154} INFO - Started process (PID=2219) to work on /home/airflow/.local/lib/python3.7/site-packages/airflow/example_dags/tutorial_taskflow_api.py
[2023-01-26T23:38:31.299+0000] {processor.py:756} INFO - Processing file /home/airflow/.local/lib/python3.7/site-packages/airflow/example_dags/tutorial_taskflow_api.py for tasks to queue
[2023-01-26T23:38:31.299+0000] {logging_mixin.py:120} INFO - [2023-01-26T23:38:31.299+0000] {dagbag.py:537} INFO - Filling up the DagBag from /home/airflow/.local/lib/python3.7/site-packages/airflow/example_dags/tutorial_taskflow_api.py
[2023-01-26T23:38:31.316+0000] {processor.py:766} INFO - DAG(s) dict_keys(['tutorial_taskflow_api']) retrieved from /home/airflow/.local/lib/python3.7/site-packages/airflow/example_dags/tutorial_taskflow_api.py
[2023-01-26T23:38:31.341+0000] {logging_mixin.py:120} INFO - [2023-01-26T23:38:31.341+0000] {dag.py:2585} INFO - Sync 1 DAGs
[2023-01-26T23:38:31.359+0000] {logging_mixin.py:120} INFO - [2023-01-26T23:38:31.359+0000] {dag.py:3340} INFO - Setting next_dagrun for tutorial_taskflow_api to None, run_after=None
[2023-01-26T23:38:31.372+0000] {processor.py:176} INFO - Processing /home/airflow/.local/lib/python3.7/site-packages/airflow/example_dags/tutorial_taskflow_api.py took 0.076 seconds
[2023-01-26T23:39:01.614+0000] {processor.py:154} INFO - Started process (PID=2287) to work on /home/airflow/.local/lib/python3.7/site-packages/airflow/example_dags/tutorial_taskflow_api.py
[2023-01-26T23:39:01.615+0000] {processor.py:756} INFO - Processing file /home/airflow/.local/lib/python3.7/site-packages/airflow/example_dags/tutorial_taskflow_api.py for tasks to queue
[2023-01-26T23:39:01.616+0000] {logging_mixin.py:120} INFO - [2023-01-26T23:39:01.616+0000] {dagbag.py:537} INFO - Filling up the DagBag from /home/airflow/.local/lib/python3.7/site-packages/airflow/example_dags/tutorial_taskflow_api.py
[2023-01-26T23:39:01.629+0000] {processor.py:766} INFO - DAG(s) dict_keys(['tutorial_taskflow_api']) retrieved from /home/airflow/.local/lib/python3.7/site-packages/airflow/example_dags/tutorial_taskflow_api.py
[2023-01-26T23:39:01.655+0000] {logging_mixin.py:120} INFO - [2023-01-26T23:39:01.655+0000] {dag.py:2585} INFO - Sync 1 DAGs
[2023-01-26T23:39:01.672+0000] {logging_mixin.py:120} INFO - [2023-01-26T23:39:01.672+0000] {dag.py:3340} INFO - Setting next_dagrun for tutorial_taskflow_api to None, run_after=None
[2023-01-26T23:39:01.684+0000] {processor.py:176} INFO - Processing /home/airflow/.local/lib/python3.7/site-packages/airflow/example_dags/tutorial_taskflow_api.py took 0.072 seconds
[2023-01-26T23:39:32.003+0000] {processor.py:154} INFO - Started process (PID=2355) to work on /home/airflow/.local/lib/python3.7/site-packages/airflow/example_dags/tutorial_taskflow_api.py
[2023-01-26T23:39:32.004+0000] {processor.py:756} INFO - Processing file /home/airflow/.local/lib/python3.7/site-packages/airflow/example_dags/tutorial_taskflow_api.py for tasks to queue
[2023-01-26T23:39:32.004+0000] {logging_mixin.py:120} INFO - [2023-01-26T23:39:32.004+0000] {dagbag.py:537} INFO - Filling up the DagBag from /home/airflow/.local/lib/python3.7/site-packages/airflow/example_dags/tutorial_taskflow_api.py
[2023-01-26T23:39:32.018+0000] {processor.py:766} INFO - DAG(s) dict_keys(['tutorial_taskflow_api']) retrieved from /home/airflow/.local/lib/python3.7/site-packages/airflow/example_dags/tutorial_taskflow_api.py
[2023-01-26T23:39:32.048+0000] {logging_mixin.py:120} INFO - [2023-01-26T23:39:32.048+0000] {dag.py:2585} INFO - Sync 1 DAGs
[2023-01-26T23:39:32.074+0000] {logging_mixin.py:120} INFO - [2023-01-26T23:39:32.074+0000] {dag.py:3340} INFO - Setting next_dagrun for tutorial_taskflow_api to None, run_after=None
[2023-01-26T23:39:32.093+0000] {processor.py:176} INFO - Processing /home/airflow/.local/lib/python3.7/site-packages/airflow/example_dags/tutorial_taskflow_api.py took 0.092 seconds
[2023-01-26T23:40:03.230+0000] {processor.py:154} INFO - Started process (PID=2423) to work on /home/airflow/.local/lib/python3.7/site-packages/airflow/example_dags/tutorial_taskflow_api.py
[2023-01-26T23:40:03.231+0000] {processor.py:756} INFO - Processing file /home/airflow/.local/lib/python3.7/site-packages/airflow/example_dags/tutorial_taskflow_api.py for tasks to queue
[2023-01-26T23:40:03.231+0000] {logging_mixin.py:120} INFO - [2023-01-26T23:40:03.231+0000] {dagbag.py:537} INFO - Filling up the DagBag from /home/airflow/.local/lib/python3.7/site-packages/airflow/example_dags/tutorial_taskflow_api.py
[2023-01-26T23:40:03.244+0000] {processor.py:766} INFO - DAG(s) dict_keys(['tutorial_taskflow_api']) retrieved from /home/airflow/.local/lib/python3.7/site-packages/airflow/example_dags/tutorial_taskflow_api.py
[2023-01-26T23:40:03.269+0000] {logging_mixin.py:120} INFO - [2023-01-26T23:40:03.269+0000] {dag.py:2585} INFO - Sync 1 DAGs
[2023-01-26T23:40:03.285+0000] {logging_mixin.py:120} INFO - [2023-01-26T23:40:03.285+0000] {dag.py:3340} INFO - Setting next_dagrun for tutorial_taskflow_api to None, run_after=None
[2023-01-26T23:40:03.297+0000] {processor.py:176} INFO - Processing /home/airflow/.local/lib/python3.7/site-packages/airflow/example_dags/tutorial_taskflow_api.py took 0.069 seconds
[2023-01-26T23:40:34.337+0000] {processor.py:154} INFO - Started process (PID=2489) to work on /home/airflow/.local/lib/python3.7/site-packages/airflow/example_dags/tutorial_taskflow_api.py
[2023-01-26T23:40:34.338+0000] {processor.py:756} INFO - Processing file /home/airflow/.local/lib/python3.7/site-packages/airflow/example_dags/tutorial_taskflow_api.py for tasks to queue
[2023-01-26T23:40:34.338+0000] {logging_mixin.py:120} INFO - [2023-01-26T23:40:34.338+0000] {dagbag.py:537} INFO - Filling up the DagBag from /home/airflow/.local/lib/python3.7/site-packages/airflow/example_dags/tutorial_taskflow_api.py
[2023-01-26T23:40:34.351+0000] {processor.py:766} INFO - DAG(s) dict_keys(['tutorial_taskflow_api']) retrieved from /home/airflow/.local/lib/python3.7/site-packages/airflow/example_dags/tutorial_taskflow_api.py
[2023-01-26T23:40:34.380+0000] {logging_mixin.py:120} INFO - [2023-01-26T23:40:34.380+0000] {dag.py:2585} INFO - Sync 1 DAGs
[2023-01-26T23:40:34.403+0000] {logging_mixin.py:120} INFO - [2023-01-26T23:40:34.403+0000] {dag.py:3340} INFO - Setting next_dagrun for tutorial_taskflow_api to None, run_after=None
[2023-01-26T23:40:34.421+0000] {processor.py:176} INFO - Processing /home/airflow/.local/lib/python3.7/site-packages/airflow/example_dags/tutorial_taskflow_api.py took 0.086 seconds
[2023-01-26T23:41:05.476+0000] {processor.py:154} INFO - Started process (PID=2550) to work on /home/airflow/.local/lib/python3.7/site-packages/airflow/example_dags/tutorial_taskflow_api.py
[2023-01-26T23:41:05.477+0000] {processor.py:756} INFO - Processing file /home/airflow/.local/lib/python3.7/site-packages/airflow/example_dags/tutorial_taskflow_api.py for tasks to queue
[2023-01-26T23:41:05.477+0000] {logging_mixin.py:120} INFO - [2023-01-26T23:41:05.477+0000] {dagbag.py:537} INFO - Filling up the DagBag from /home/airflow/.local/lib/python3.7/site-packages/airflow/example_dags/tutorial_taskflow_api.py
[2023-01-26T23:41:05.496+0000] {processor.py:766} INFO - DAG(s) dict_keys(['tutorial_taskflow_api']) retrieved from /home/airflow/.local/lib/python3.7/site-packages/airflow/example_dags/tutorial_taskflow_api.py
[2023-01-26T23:41:05.530+0000] {logging_mixin.py:120} INFO - [2023-01-26T23:41:05.529+0000] {dag.py:2585} INFO - Sync 1 DAGs
[2023-01-26T23:41:05.546+0000] {logging_mixin.py:120} INFO - [2023-01-26T23:41:05.546+0000] {dag.py:3340} INFO - Setting next_dagrun for tutorial_taskflow_api to None, run_after=None
[2023-01-26T23:41:05.565+0000] {processor.py:176} INFO - Processing /home/airflow/.local/lib/python3.7/site-packages/airflow/example_dags/tutorial_taskflow_api.py took 0.092 seconds
[2023-01-26T23:41:36.480+0000] {processor.py:154} INFO - Started process (PID=2618) to work on /home/airflow/.local/lib/python3.7/site-packages/airflow/example_dags/tutorial_taskflow_api.py
[2023-01-26T23:41:36.481+0000] {processor.py:756} INFO - Processing file /home/airflow/.local/lib/python3.7/site-packages/airflow/example_dags/tutorial_taskflow_api.py for tasks to queue
[2023-01-26T23:41:36.481+0000] {logging_mixin.py:120} INFO - [2023-01-26T23:41:36.481+0000] {dagbag.py:537} INFO - Filling up the DagBag from /home/airflow/.local/lib/python3.7/site-packages/airflow/example_dags/tutorial_taskflow_api.py
[2023-01-26T23:41:36.494+0000] {processor.py:766} INFO - DAG(s) dict_keys(['tutorial_taskflow_api']) retrieved from /home/airflow/.local/lib/python3.7/site-packages/airflow/example_dags/tutorial_taskflow_api.py
[2023-01-26T23:41:36.508+0000] {logging_mixin.py:120} INFO - [2023-01-26T23:41:36.508+0000] {dag.py:2585} INFO - Sync 1 DAGs
[2023-01-26T23:41:36.525+0000] {logging_mixin.py:120} INFO - [2023-01-26T23:41:36.525+0000] {dag.py:3340} INFO - Setting next_dagrun for tutorial_taskflow_api to None, run_after=None
[2023-01-26T23:41:36.539+0000] {processor.py:176} INFO - Processing /home/airflow/.local/lib/python3.7/site-packages/airflow/example_dags/tutorial_taskflow_api.py took 0.061 seconds
[2023-01-26T23:42:06.755+0000] {processor.py:154} INFO - Started process (PID=2686) to work on /home/airflow/.local/lib/python3.7/site-packages/airflow/example_dags/tutorial_taskflow_api.py
[2023-01-26T23:42:06.755+0000] {processor.py:756} INFO - Processing file /home/airflow/.local/lib/python3.7/site-packages/airflow/example_dags/tutorial_taskflow_api.py for tasks to queue
[2023-01-26T23:42:06.755+0000] {logging_mixin.py:120} INFO - [2023-01-26T23:42:06.755+0000] {dagbag.py:537} INFO - Filling up the DagBag from /home/airflow/.local/lib/python3.7/site-packages/airflow/example_dags/tutorial_taskflow_api.py
[2023-01-26T23:42:06.772+0000] {processor.py:766} INFO - DAG(s) dict_keys(['tutorial_taskflow_api']) retrieved from /home/airflow/.local/lib/python3.7/site-packages/airflow/example_dags/tutorial_taskflow_api.py
[2023-01-26T23:42:06.802+0000] {logging_mixin.py:120} INFO - [2023-01-26T23:42:06.801+0000] {dag.py:2585} INFO - Sync 1 DAGs
[2023-01-26T23:42:06.819+0000] {logging_mixin.py:120} INFO - [2023-01-26T23:42:06.819+0000] {dag.py:3340} INFO - Setting next_dagrun for tutorial_taskflow_api to None, run_after=None
[2023-01-26T23:42:06.832+0000] {processor.py:176} INFO - Processing /home/airflow/.local/lib/python3.7/site-packages/airflow/example_dags/tutorial_taskflow_api.py took 0.079 seconds
[2023-01-26T23:42:36.967+0000] {processor.py:154} INFO - Started process (PID=2754) to work on /home/airflow/.local/lib/python3.7/site-packages/airflow/example_dags/tutorial_taskflow_api.py
[2023-01-26T23:42:36.968+0000] {processor.py:756} INFO - Processing file /home/airflow/.local/lib/python3.7/site-packages/airflow/example_dags/tutorial_taskflow_api.py for tasks to queue
[2023-01-26T23:42:36.968+0000] {logging_mixin.py:120} INFO - [2023-01-26T23:42:36.968+0000] {dagbag.py:537} INFO - Filling up the DagBag from /home/airflow/.local/lib/python3.7/site-packages/airflow/example_dags/tutorial_taskflow_api.py
[2023-01-26T23:42:36.982+0000] {processor.py:766} INFO - DAG(s) dict_keys(['tutorial_taskflow_api']) retrieved from /home/airflow/.local/lib/python3.7/site-packages/airflow/example_dags/tutorial_taskflow_api.py
[2023-01-26T23:42:37.005+0000] {logging_mixin.py:120} INFO - [2023-01-26T23:42:37.005+0000] {dag.py:2585} INFO - Sync 1 DAGs
[2023-01-26T23:42:37.021+0000] {logging_mixin.py:120} INFO - [2023-01-26T23:42:37.021+0000] {dag.py:3340} INFO - Setting next_dagrun for tutorial_taskflow_api to None, run_after=None
[2023-01-26T23:42:37.034+0000] {processor.py:176} INFO - Processing /home/airflow/.local/lib/python3.7/site-packages/airflow/example_dags/tutorial_taskflow_api.py took 0.069 seconds
[2023-01-26T23:43:07.344+0000] {processor.py:154} INFO - Started process (PID=2821) to work on /home/airflow/.local/lib/python3.7/site-packages/airflow/example_dags/tutorial_taskflow_api.py
[2023-01-26T23:43:07.345+0000] {processor.py:756} INFO - Processing file /home/airflow/.local/lib/python3.7/site-packages/airflow/example_dags/tutorial_taskflow_api.py for tasks to queue
[2023-01-26T23:43:07.345+0000] {logging_mixin.py:120} INFO - [2023-01-26T23:43:07.345+0000] {dagbag.py:537} INFO - Filling up the DagBag from /home/airflow/.local/lib/python3.7/site-packages/airflow/example_dags/tutorial_taskflow_api.py
[2023-01-26T23:43:07.363+0000] {processor.py:766} INFO - DAG(s) dict_keys(['tutorial_taskflow_api']) retrieved from /home/airflow/.local/lib/python3.7/site-packages/airflow/example_dags/tutorial_taskflow_api.py
[2023-01-26T23:43:07.396+0000] {logging_mixin.py:120} INFO - [2023-01-26T23:43:07.396+0000] {dag.py:2585} INFO - Sync 1 DAGs
[2023-01-26T23:43:07.419+0000] {logging_mixin.py:120} INFO - [2023-01-26T23:43:07.419+0000] {dag.py:3340} INFO - Setting next_dagrun for tutorial_taskflow_api to None, run_after=None
[2023-01-26T23:43:07.437+0000] {processor.py:176} INFO - Processing /home/airflow/.local/lib/python3.7/site-packages/airflow/example_dags/tutorial_taskflow_api.py took 0.094 seconds
[2023-01-26T23:43:37.544+0000] {processor.py:154} INFO - Started process (PID=2880) to work on /home/airflow/.local/lib/python3.7/site-packages/airflow/example_dags/tutorial_taskflow_api.py
[2023-01-26T23:43:37.545+0000] {processor.py:756} INFO - Processing file /home/airflow/.local/lib/python3.7/site-packages/airflow/example_dags/tutorial_taskflow_api.py for tasks to queue
[2023-01-26T23:43:37.545+0000] {logging_mixin.py:120} INFO - [2023-01-26T23:43:37.545+0000] {dagbag.py:537} INFO - Filling up the DagBag from /home/airflow/.local/lib/python3.7/site-packages/airflow/example_dags/tutorial_taskflow_api.py
[2023-01-26T23:43:37.558+0000] {processor.py:766} INFO - DAG(s) dict_keys(['tutorial_taskflow_api']) retrieved from /home/airflow/.local/lib/python3.7/site-packages/airflow/example_dags/tutorial_taskflow_api.py
[2023-01-26T23:43:37.583+0000] {logging_mixin.py:120} INFO - [2023-01-26T23:43:37.583+0000] {dag.py:2585} INFO - Sync 1 DAGs
[2023-01-26T23:43:37.598+0000] {logging_mixin.py:120} INFO - [2023-01-26T23:43:37.598+0000] {dag.py:3340} INFO - Setting next_dagrun for tutorial_taskflow_api to None, run_after=None
[2023-01-26T23:43:37.610+0000] {processor.py:176} INFO - Processing /home/airflow/.local/lib/python3.7/site-packages/airflow/example_dags/tutorial_taskflow_api.py took 0.068 seconds
[2023-01-26T23:44:08.658+0000] {processor.py:154} INFO - Started process (PID=2948) to work on /home/airflow/.local/lib/python3.7/site-packages/airflow/example_dags/tutorial_taskflow_api.py
[2023-01-26T23:44:08.659+0000] {processor.py:756} INFO - Processing file /home/airflow/.local/lib/python3.7/site-packages/airflow/example_dags/tutorial_taskflow_api.py for tasks to queue
[2023-01-26T23:44:08.659+0000] {logging_mixin.py:120} INFO - [2023-01-26T23:44:08.659+0000] {dagbag.py:537} INFO - Filling up the DagBag from /home/airflow/.local/lib/python3.7/site-packages/airflow/example_dags/tutorial_taskflow_api.py
[2023-01-26T23:44:08.673+0000] {processor.py:766} INFO - DAG(s) dict_keys(['tutorial_taskflow_api']) retrieved from /home/airflow/.local/lib/python3.7/site-packages/airflow/example_dags/tutorial_taskflow_api.py
[2023-01-26T23:44:08.697+0000] {logging_mixin.py:120} INFO - [2023-01-26T23:44:08.697+0000] {dag.py:2585} INFO - Sync 1 DAGs
[2023-01-26T23:44:08.711+0000] {logging_mixin.py:120} INFO - [2023-01-26T23:44:08.711+0000] {dag.py:3340} INFO - Setting next_dagrun for tutorial_taskflow_api to None, run_after=None
[2023-01-26T23:44:08.724+0000] {processor.py:176} INFO - Processing /home/airflow/.local/lib/python3.7/site-packages/airflow/example_dags/tutorial_taskflow_api.py took 0.068 seconds
[2023-01-26T23:45:54.743+0000] {processor.py:154} INFO - Started process (PID=59) to work on /home/airflow/.local/lib/python3.7/site-packages/airflow/example_dags/tutorial_taskflow_api.py
[2023-01-26T23:45:54.745+0000] {processor.py:756} INFO - Processing file /home/airflow/.local/lib/python3.7/site-packages/airflow/example_dags/tutorial_taskflow_api.py for tasks to queue
[2023-01-26T23:45:54.747+0000] {logging_mixin.py:120} INFO - [2023-01-26T23:45:54.747+0000] {dagbag.py:537} INFO - Filling up the DagBag from /home/airflow/.local/lib/python3.7/site-packages/airflow/example_dags/tutorial_taskflow_api.py
[2023-01-26T23:45:54.788+0000] {processor.py:766} INFO - DAG(s) dict_keys(['tutorial_taskflow_api']) retrieved from /home/airflow/.local/lib/python3.7/site-packages/airflow/example_dags/tutorial_taskflow_api.py
[2023-01-26T23:45:54.829+0000] {logging_mixin.py:120} INFO - [2023-01-26T23:45:54.829+0000] {dag.py:2585} INFO - Sync 1 DAGs
[2023-01-26T23:45:54.882+0000] {logging_mixin.py:120} INFO - [2023-01-26T23:45:54.881+0000] {dag.py:3340} INFO - Setting next_dagrun for tutorial_taskflow_api to None, run_after=None
[2023-01-26T23:45:54.915+0000] {processor.py:176} INFO - Processing /home/airflow/.local/lib/python3.7/site-packages/airflow/example_dags/tutorial_taskflow_api.py took 0.182 seconds
[2023-01-26T23:46:25.871+0000] {processor.py:154} INFO - Started process (PID=127) to work on /home/airflow/.local/lib/python3.7/site-packages/airflow/example_dags/tutorial_taskflow_api.py
[2023-01-26T23:46:25.871+0000] {processor.py:756} INFO - Processing file /home/airflow/.local/lib/python3.7/site-packages/airflow/example_dags/tutorial_taskflow_api.py for tasks to queue
[2023-01-26T23:46:25.872+0000] {logging_mixin.py:120} INFO - [2023-01-26T23:46:25.872+0000] {dagbag.py:537} INFO - Filling up the DagBag from /home/airflow/.local/lib/python3.7/site-packages/airflow/example_dags/tutorial_taskflow_api.py
[2023-01-26T23:46:25.887+0000] {processor.py:766} INFO - DAG(s) dict_keys(['tutorial_taskflow_api']) retrieved from /home/airflow/.local/lib/python3.7/site-packages/airflow/example_dags/tutorial_taskflow_api.py
[2023-01-26T23:46:25.915+0000] {logging_mixin.py:120} INFO - [2023-01-26T23:46:25.915+0000] {dag.py:2585} INFO - Sync 1 DAGs
[2023-01-26T23:46:25.933+0000] {logging_mixin.py:120} INFO - [2023-01-26T23:46:25.933+0000] {dag.py:3340} INFO - Setting next_dagrun for tutorial_taskflow_api to None, run_after=None
[2023-01-26T23:46:25.946+0000] {processor.py:176} INFO - Processing /home/airflow/.local/lib/python3.7/site-packages/airflow/example_dags/tutorial_taskflow_api.py took 0.077 seconds
[2023-01-26T23:46:56.470+0000] {processor.py:154} INFO - Started process (PID=196) to work on /home/airflow/.local/lib/python3.7/site-packages/airflow/example_dags/tutorial_taskflow_api.py
[2023-01-26T23:46:56.471+0000] {processor.py:756} INFO - Processing file /home/airflow/.local/lib/python3.7/site-packages/airflow/example_dags/tutorial_taskflow_api.py for tasks to queue
[2023-01-26T23:46:56.472+0000] {logging_mixin.py:120} INFO - [2023-01-26T23:46:56.472+0000] {dagbag.py:537} INFO - Filling up the DagBag from /home/airflow/.local/lib/python3.7/site-packages/airflow/example_dags/tutorial_taskflow_api.py
[2023-01-26T23:46:56.487+0000] {processor.py:766} INFO - DAG(s) dict_keys(['tutorial_taskflow_api']) retrieved from /home/airflow/.local/lib/python3.7/site-packages/airflow/example_dags/tutorial_taskflow_api.py
[2023-01-26T23:46:56.512+0000] {logging_mixin.py:120} INFO - [2023-01-26T23:46:56.512+0000] {dag.py:2585} INFO - Sync 1 DAGs
[2023-01-26T23:46:56.528+0000] {logging_mixin.py:120} INFO - [2023-01-26T23:46:56.528+0000] {dag.py:3340} INFO - Setting next_dagrun for tutorial_taskflow_api to None, run_after=None
[2023-01-26T23:46:56.540+0000] {processor.py:176} INFO - Processing /home/airflow/.local/lib/python3.7/site-packages/airflow/example_dags/tutorial_taskflow_api.py took 0.072 seconds
[2023-01-26T23:47:26.726+0000] {processor.py:154} INFO - Started process (PID=262) to work on /home/airflow/.local/lib/python3.7/site-packages/airflow/example_dags/tutorial_taskflow_api.py
[2023-01-26T23:47:26.726+0000] {processor.py:756} INFO - Processing file /home/airflow/.local/lib/python3.7/site-packages/airflow/example_dags/tutorial_taskflow_api.py for tasks to queue
[2023-01-26T23:47:26.727+0000] {logging_mixin.py:120} INFO - [2023-01-26T23:47:26.727+0000] {dagbag.py:537} INFO - Filling up the DagBag from /home/airflow/.local/lib/python3.7/site-packages/airflow/example_dags/tutorial_taskflow_api.py
[2023-01-26T23:47:26.741+0000] {processor.py:766} INFO - DAG(s) dict_keys(['tutorial_taskflow_api']) retrieved from /home/airflow/.local/lib/python3.7/site-packages/airflow/example_dags/tutorial_taskflow_api.py
[2023-01-26T23:47:26.766+0000] {logging_mixin.py:120} INFO - [2023-01-26T23:47:26.766+0000] {dag.py:2585} INFO - Sync 1 DAGs
[2023-01-26T23:47:26.783+0000] {logging_mixin.py:120} INFO - [2023-01-26T23:47:26.783+0000] {dag.py:3340} INFO - Setting next_dagrun for tutorial_taskflow_api to None, run_after=None
[2023-01-26T23:47:26.797+0000] {processor.py:176} INFO - Processing /home/airflow/.local/lib/python3.7/site-packages/airflow/example_dags/tutorial_taskflow_api.py took 0.074 seconds
[2023-01-26T23:47:57.169+0000] {processor.py:154} INFO - Started process (PID=323) to work on /home/airflow/.local/lib/python3.7/site-packages/airflow/example_dags/tutorial_taskflow_api.py
[2023-01-26T23:47:57.170+0000] {processor.py:756} INFO - Processing file /home/airflow/.local/lib/python3.7/site-packages/airflow/example_dags/tutorial_taskflow_api.py for tasks to queue
[2023-01-26T23:47:57.170+0000] {logging_mixin.py:120} INFO - [2023-01-26T23:47:57.170+0000] {dagbag.py:537} INFO - Filling up the DagBag from /home/airflow/.local/lib/python3.7/site-packages/airflow/example_dags/tutorial_taskflow_api.py
[2023-01-26T23:47:57.184+0000] {processor.py:766} INFO - DAG(s) dict_keys(['tutorial_taskflow_api']) retrieved from /home/airflow/.local/lib/python3.7/site-packages/airflow/example_dags/tutorial_taskflow_api.py
[2023-01-26T23:47:57.210+0000] {logging_mixin.py:120} INFO - [2023-01-26T23:47:57.210+0000] {dag.py:2585} INFO - Sync 1 DAGs
[2023-01-26T23:47:57.228+0000] {logging_mixin.py:120} INFO - [2023-01-26T23:47:57.227+0000] {dag.py:3340} INFO - Setting next_dagrun for tutorial_taskflow_api to None, run_after=None
[2023-01-26T23:47:57.240+0000] {processor.py:176} INFO - Processing /home/airflow/.local/lib/python3.7/site-packages/airflow/example_dags/tutorial_taskflow_api.py took 0.073 seconds
[2023-01-26T23:48:27.366+0000] {processor.py:154} INFO - Started process (PID=391) to work on /home/airflow/.local/lib/python3.7/site-packages/airflow/example_dags/tutorial_taskflow_api.py
[2023-01-26T23:48:27.367+0000] {processor.py:756} INFO - Processing file /home/airflow/.local/lib/python3.7/site-packages/airflow/example_dags/tutorial_taskflow_api.py for tasks to queue
[2023-01-26T23:48:27.367+0000] {logging_mixin.py:120} INFO - [2023-01-26T23:48:27.367+0000] {dagbag.py:537} INFO - Filling up the DagBag from /home/airflow/.local/lib/python3.7/site-packages/airflow/example_dags/tutorial_taskflow_api.py
[2023-01-26T23:48:27.380+0000] {processor.py:766} INFO - DAG(s) dict_keys(['tutorial_taskflow_api']) retrieved from /home/airflow/.local/lib/python3.7/site-packages/airflow/example_dags/tutorial_taskflow_api.py
[2023-01-26T23:48:27.406+0000] {logging_mixin.py:120} INFO - [2023-01-26T23:48:27.406+0000] {dag.py:2585} INFO - Sync 1 DAGs
[2023-01-26T23:48:27.422+0000] {logging_mixin.py:120} INFO - [2023-01-26T23:48:27.422+0000] {dag.py:3340} INFO - Setting next_dagrun for tutorial_taskflow_api to None, run_after=None
[2023-01-26T23:48:27.434+0000] {processor.py:176} INFO - Processing /home/airflow/.local/lib/python3.7/site-packages/airflow/example_dags/tutorial_taskflow_api.py took 0.071 seconds
[2023-01-26T23:48:57.749+0000] {processor.py:154} INFO - Started process (PID=460) to work on /home/airflow/.local/lib/python3.7/site-packages/airflow/example_dags/tutorial_taskflow_api.py
[2023-01-26T23:48:57.751+0000] {processor.py:756} INFO - Processing file /home/airflow/.local/lib/python3.7/site-packages/airflow/example_dags/tutorial_taskflow_api.py for tasks to queue
[2023-01-26T23:48:57.751+0000] {logging_mixin.py:120} INFO - [2023-01-26T23:48:57.751+0000] {dagbag.py:537} INFO - Filling up the DagBag from /home/airflow/.local/lib/python3.7/site-packages/airflow/example_dags/tutorial_taskflow_api.py
[2023-01-26T23:48:57.763+0000] {processor.py:766} INFO - DAG(s) dict_keys(['tutorial_taskflow_api']) retrieved from /home/airflow/.local/lib/python3.7/site-packages/airflow/example_dags/tutorial_taskflow_api.py
[2023-01-26T23:48:57.788+0000] {logging_mixin.py:120} INFO - [2023-01-26T23:48:57.788+0000] {dag.py:2585} INFO - Sync 1 DAGs
[2023-01-26T23:48:57.804+0000] {logging_mixin.py:120} INFO - [2023-01-26T23:48:57.804+0000] {dag.py:3340} INFO - Setting next_dagrun for tutorial_taskflow_api to None, run_after=None
[2023-01-26T23:48:57.815+0000] {processor.py:176} INFO - Processing /home/airflow/.local/lib/python3.7/site-packages/airflow/example_dags/tutorial_taskflow_api.py took 0.068 seconds
[2023-01-26T23:49:28.142+0000] {processor.py:154} INFO - Started process (PID=527) to work on /home/airflow/.local/lib/python3.7/site-packages/airflow/example_dags/tutorial_taskflow_api.py
[2023-01-26T23:49:28.143+0000] {processor.py:756} INFO - Processing file /home/airflow/.local/lib/python3.7/site-packages/airflow/example_dags/tutorial_taskflow_api.py for tasks to queue
[2023-01-26T23:49:28.143+0000] {logging_mixin.py:120} INFO - [2023-01-26T23:49:28.143+0000] {dagbag.py:537} INFO - Filling up the DagBag from /home/airflow/.local/lib/python3.7/site-packages/airflow/example_dags/tutorial_taskflow_api.py
[2023-01-26T23:49:28.156+0000] {processor.py:766} INFO - DAG(s) dict_keys(['tutorial_taskflow_api']) retrieved from /home/airflow/.local/lib/python3.7/site-packages/airflow/example_dags/tutorial_taskflow_api.py
[2023-01-26T23:49:28.181+0000] {logging_mixin.py:120} INFO - [2023-01-26T23:49:28.181+0000] {dag.py:2585} INFO - Sync 1 DAGs
[2023-01-26T23:49:28.196+0000] {logging_mixin.py:120} INFO - [2023-01-26T23:49:28.196+0000] {dag.py:3340} INFO - Setting next_dagrun for tutorial_taskflow_api to None, run_after=None
[2023-01-26T23:49:28.210+0000] {processor.py:176} INFO - Processing /home/airflow/.local/lib/python3.7/site-packages/airflow/example_dags/tutorial_taskflow_api.py took 0.070 seconds
[2023-01-26T23:49:58.523+0000] {processor.py:154} INFO - Started process (PID=585) to work on /home/airflow/.local/lib/python3.7/site-packages/airflow/example_dags/tutorial_taskflow_api.py
[2023-01-26T23:49:58.524+0000] {processor.py:756} INFO - Processing file /home/airflow/.local/lib/python3.7/site-packages/airflow/example_dags/tutorial_taskflow_api.py for tasks to queue
[2023-01-26T23:49:58.524+0000] {logging_mixin.py:120} INFO - [2023-01-26T23:49:58.524+0000] {dagbag.py:537} INFO - Filling up the DagBag from /home/airflow/.local/lib/python3.7/site-packages/airflow/example_dags/tutorial_taskflow_api.py
[2023-01-26T23:49:58.537+0000] {processor.py:766} INFO - DAG(s) dict_keys(['tutorial_taskflow_api']) retrieved from /home/airflow/.local/lib/python3.7/site-packages/airflow/example_dags/tutorial_taskflow_api.py
[2023-01-26T23:49:58.562+0000] {logging_mixin.py:120} INFO - [2023-01-26T23:49:58.562+0000] {dag.py:2585} INFO - Sync 1 DAGs
[2023-01-26T23:49:58.579+0000] {logging_mixin.py:120} INFO - [2023-01-26T23:49:58.579+0000] {dag.py:3340} INFO - Setting next_dagrun for tutorial_taskflow_api to None, run_after=None
[2023-01-26T23:49:58.591+0000] {processor.py:176} INFO - Processing /home/airflow/.local/lib/python3.7/site-packages/airflow/example_dags/tutorial_taskflow_api.py took 0.070 seconds
[2023-01-26T23:50:29.694+0000] {processor.py:154} INFO - Started process (PID=653) to work on /home/airflow/.local/lib/python3.7/site-packages/airflow/example_dags/tutorial_taskflow_api.py
[2023-01-26T23:50:29.695+0000] {processor.py:756} INFO - Processing file /home/airflow/.local/lib/python3.7/site-packages/airflow/example_dags/tutorial_taskflow_api.py for tasks to queue
[2023-01-26T23:50:29.695+0000] {logging_mixin.py:120} INFO - [2023-01-26T23:50:29.695+0000] {dagbag.py:537} INFO - Filling up the DagBag from /home/airflow/.local/lib/python3.7/site-packages/airflow/example_dags/tutorial_taskflow_api.py
[2023-01-26T23:50:29.709+0000] {processor.py:766} INFO - DAG(s) dict_keys(['tutorial_taskflow_api']) retrieved from /home/airflow/.local/lib/python3.7/site-packages/airflow/example_dags/tutorial_taskflow_api.py
[2023-01-26T23:50:29.736+0000] {logging_mixin.py:120} INFO - [2023-01-26T23:50:29.736+0000] {dag.py:2585} INFO - Sync 1 DAGs
[2023-01-26T23:50:29.756+0000] {logging_mixin.py:120} INFO - [2023-01-26T23:50:29.756+0000] {dag.py:3340} INFO - Setting next_dagrun for tutorial_taskflow_api to None, run_after=None
[2023-01-26T23:50:29.769+0000] {processor.py:176} INFO - Processing /home/airflow/.local/lib/python3.7/site-packages/airflow/example_dags/tutorial_taskflow_api.py took 0.077 seconds
[2023-01-26T23:51:00.182+0000] {processor.py:154} INFO - Started process (PID=721) to work on /home/airflow/.local/lib/python3.7/site-packages/airflow/example_dags/tutorial_taskflow_api.py
[2023-01-26T23:51:00.183+0000] {processor.py:756} INFO - Processing file /home/airflow/.local/lib/python3.7/site-packages/airflow/example_dags/tutorial_taskflow_api.py for tasks to queue
[2023-01-26T23:51:00.184+0000] {logging_mixin.py:120} INFO - [2023-01-26T23:51:00.184+0000] {dagbag.py:537} INFO - Filling up the DagBag from /home/airflow/.local/lib/python3.7/site-packages/airflow/example_dags/tutorial_taskflow_api.py
[2023-01-26T23:51:00.198+0000] {processor.py:766} INFO - DAG(s) dict_keys(['tutorial_taskflow_api']) retrieved from /home/airflow/.local/lib/python3.7/site-packages/airflow/example_dags/tutorial_taskflow_api.py
[2023-01-26T23:51:00.225+0000] {logging_mixin.py:120} INFO - [2023-01-26T23:51:00.225+0000] {dag.py:2585} INFO - Sync 1 DAGs
[2023-01-26T23:51:00.245+0000] {logging_mixin.py:120} INFO - [2023-01-26T23:51:00.245+0000] {dag.py:3340} INFO - Setting next_dagrun for tutorial_taskflow_api to None, run_after=None
[2023-01-26T23:51:00.264+0000] {processor.py:176} INFO - Processing /home/airflow/.local/lib/python3.7/site-packages/airflow/example_dags/tutorial_taskflow_api.py took 0.084 seconds
[2023-01-26T23:51:30.535+0000] {processor.py:154} INFO - Started process (PID=790) to work on /home/airflow/.local/lib/python3.7/site-packages/airflow/example_dags/tutorial_taskflow_api.py
[2023-01-26T23:51:30.536+0000] {processor.py:756} INFO - Processing file /home/airflow/.local/lib/python3.7/site-packages/airflow/example_dags/tutorial_taskflow_api.py for tasks to queue
[2023-01-26T23:51:30.537+0000] {logging_mixin.py:120} INFO - [2023-01-26T23:51:30.537+0000] {dagbag.py:537} INFO - Filling up the DagBag from /home/airflow/.local/lib/python3.7/site-packages/airflow/example_dags/tutorial_taskflow_api.py
[2023-01-26T23:51:30.550+0000] {processor.py:766} INFO - DAG(s) dict_keys(['tutorial_taskflow_api']) retrieved from /home/airflow/.local/lib/python3.7/site-packages/airflow/example_dags/tutorial_taskflow_api.py
[2023-01-26T23:51:30.576+0000] {logging_mixin.py:120} INFO - [2023-01-26T23:51:30.576+0000] {dag.py:2585} INFO - Sync 1 DAGs
[2023-01-26T23:51:30.593+0000] {logging_mixin.py:120} INFO - [2023-01-26T23:51:30.593+0000] {dag.py:3340} INFO - Setting next_dagrun for tutorial_taskflow_api to None, run_after=None
[2023-01-26T23:51:30.606+0000] {processor.py:176} INFO - Processing /home/airflow/.local/lib/python3.7/site-packages/airflow/example_dags/tutorial_taskflow_api.py took 0.073 seconds
[2023-01-26T23:52:00.738+0000] {processor.py:154} INFO - Started process (PID=858) to work on /home/airflow/.local/lib/python3.7/site-packages/airflow/example_dags/tutorial_taskflow_api.py
[2023-01-26T23:52:00.739+0000] {processor.py:756} INFO - Processing file /home/airflow/.local/lib/python3.7/site-packages/airflow/example_dags/tutorial_taskflow_api.py for tasks to queue
[2023-01-26T23:52:00.739+0000] {logging_mixin.py:120} INFO - [2023-01-26T23:52:00.739+0000] {dagbag.py:537} INFO - Filling up the DagBag from /home/airflow/.local/lib/python3.7/site-packages/airflow/example_dags/tutorial_taskflow_api.py
[2023-01-26T23:52:00.752+0000] {processor.py:766} INFO - DAG(s) dict_keys(['tutorial_taskflow_api']) retrieved from /home/airflow/.local/lib/python3.7/site-packages/airflow/example_dags/tutorial_taskflow_api.py
[2023-01-26T23:52:00.782+0000] {logging_mixin.py:120} INFO - [2023-01-26T23:52:00.782+0000] {dag.py:2585} INFO - Sync 1 DAGs
[2023-01-26T23:52:00.808+0000] {logging_mixin.py:120} INFO - [2023-01-26T23:52:00.807+0000] {dag.py:3340} INFO - Setting next_dagrun for tutorial_taskflow_api to None, run_after=None
[2023-01-26T23:52:00.824+0000] {processor.py:176} INFO - Processing /home/airflow/.local/lib/python3.7/site-packages/airflow/example_dags/tutorial_taskflow_api.py took 0.088 seconds
[2023-01-26T23:52:31.095+0000] {processor.py:154} INFO - Started process (PID=915) to work on /home/airflow/.local/lib/python3.7/site-packages/airflow/example_dags/tutorial_taskflow_api.py
[2023-01-26T23:52:31.096+0000] {processor.py:756} INFO - Processing file /home/airflow/.local/lib/python3.7/site-packages/airflow/example_dags/tutorial_taskflow_api.py for tasks to queue
[2023-01-26T23:52:31.096+0000] {logging_mixin.py:120} INFO - [2023-01-26T23:52:31.096+0000] {dagbag.py:537} INFO - Filling up the DagBag from /home/airflow/.local/lib/python3.7/site-packages/airflow/example_dags/tutorial_taskflow_api.py
[2023-01-26T23:52:31.109+0000] {processor.py:766} INFO - DAG(s) dict_keys(['tutorial_taskflow_api']) retrieved from /home/airflow/.local/lib/python3.7/site-packages/airflow/example_dags/tutorial_taskflow_api.py
[2023-01-26T23:52:31.136+0000] {logging_mixin.py:120} INFO - [2023-01-26T23:52:31.136+0000] {dag.py:2585} INFO - Sync 1 DAGs
[2023-01-26T23:52:31.152+0000] {logging_mixin.py:120} INFO - [2023-01-26T23:52:31.152+0000] {dag.py:3340} INFO - Setting next_dagrun for tutorial_taskflow_api to None, run_after=None
[2023-01-26T23:52:31.165+0000] {processor.py:176} INFO - Processing /home/airflow/.local/lib/python3.7/site-packages/airflow/example_dags/tutorial_taskflow_api.py took 0.072 seconds
[2023-01-26T23:53:01.381+0000] {processor.py:154} INFO - Started process (PID=983) to work on /home/airflow/.local/lib/python3.7/site-packages/airflow/example_dags/tutorial_taskflow_api.py
[2023-01-26T23:53:01.383+0000] {processor.py:756} INFO - Processing file /home/airflow/.local/lib/python3.7/site-packages/airflow/example_dags/tutorial_taskflow_api.py for tasks to queue
[2023-01-26T23:53:01.383+0000] {logging_mixin.py:120} INFO - [2023-01-26T23:53:01.383+0000] {dagbag.py:537} INFO - Filling up the DagBag from /home/airflow/.local/lib/python3.7/site-packages/airflow/example_dags/tutorial_taskflow_api.py
[2023-01-26T23:53:01.396+0000] {processor.py:766} INFO - DAG(s) dict_keys(['tutorial_taskflow_api']) retrieved from /home/airflow/.local/lib/python3.7/site-packages/airflow/example_dags/tutorial_taskflow_api.py
[2023-01-26T23:53:01.422+0000] {logging_mixin.py:120} INFO - [2023-01-26T23:53:01.421+0000] {dag.py:2585} INFO - Sync 1 DAGs
[2023-01-26T23:53:01.438+0000] {logging_mixin.py:120} INFO - [2023-01-26T23:53:01.438+0000] {dag.py:3340} INFO - Setting next_dagrun for tutorial_taskflow_api to None, run_after=None
[2023-01-26T23:53:01.451+0000] {processor.py:176} INFO - Processing /home/airflow/.local/lib/python3.7/site-packages/airflow/example_dags/tutorial_taskflow_api.py took 0.071 seconds
[2023-01-26T23:53:31.772+0000] {processor.py:154} INFO - Started process (PID=1051) to work on /home/airflow/.local/lib/python3.7/site-packages/airflow/example_dags/tutorial_taskflow_api.py
[2023-01-26T23:53:31.773+0000] {processor.py:756} INFO - Processing file /home/airflow/.local/lib/python3.7/site-packages/airflow/example_dags/tutorial_taskflow_api.py for tasks to queue
[2023-01-26T23:53:31.774+0000] {logging_mixin.py:120} INFO - [2023-01-26T23:53:31.774+0000] {dagbag.py:537} INFO - Filling up the DagBag from /home/airflow/.local/lib/python3.7/site-packages/airflow/example_dags/tutorial_taskflow_api.py
[2023-01-26T23:53:31.787+0000] {processor.py:766} INFO - DAG(s) dict_keys(['tutorial_taskflow_api']) retrieved from /home/airflow/.local/lib/python3.7/site-packages/airflow/example_dags/tutorial_taskflow_api.py
[2023-01-26T23:53:31.813+0000] {logging_mixin.py:120} INFO - [2023-01-26T23:53:31.812+0000] {dag.py:2585} INFO - Sync 1 DAGs
[2023-01-26T23:53:31.830+0000] {logging_mixin.py:120} INFO - [2023-01-26T23:53:31.830+0000] {dag.py:3340} INFO - Setting next_dagrun for tutorial_taskflow_api to None, run_after=None
[2023-01-26T23:53:31.844+0000] {processor.py:176} INFO - Processing /home/airflow/.local/lib/python3.7/site-packages/airflow/example_dags/tutorial_taskflow_api.py took 0.075 seconds
[2023-01-26T23:54:02.068+0000] {processor.py:154} INFO - Started process (PID=1119) to work on /home/airflow/.local/lib/python3.7/site-packages/airflow/example_dags/tutorial_taskflow_api.py
[2023-01-26T23:54:02.069+0000] {processor.py:756} INFO - Processing file /home/airflow/.local/lib/python3.7/site-packages/airflow/example_dags/tutorial_taskflow_api.py for tasks to queue
[2023-01-26T23:54:02.069+0000] {logging_mixin.py:120} INFO - [2023-01-26T23:54:02.069+0000] {dagbag.py:537} INFO - Filling up the DagBag from /home/airflow/.local/lib/python3.7/site-packages/airflow/example_dags/tutorial_taskflow_api.py
[2023-01-26T23:54:02.083+0000] {processor.py:766} INFO - DAG(s) dict_keys(['tutorial_taskflow_api']) retrieved from /home/airflow/.local/lib/python3.7/site-packages/airflow/example_dags/tutorial_taskflow_api.py
[2023-01-26T23:54:02.109+0000] {logging_mixin.py:120} INFO - [2023-01-26T23:54:02.109+0000] {dag.py:2585} INFO - Sync 1 DAGs
[2023-01-26T23:54:02.128+0000] {logging_mixin.py:120} INFO - [2023-01-26T23:54:02.127+0000] {dag.py:3340} INFO - Setting next_dagrun for tutorial_taskflow_api to None, run_after=None
[2023-01-26T23:54:02.140+0000] {processor.py:176} INFO - Processing /home/airflow/.local/lib/python3.7/site-packages/airflow/example_dags/tutorial_taskflow_api.py took 0.074 seconds
[2023-01-26T23:54:32.460+0000] {processor.py:154} INFO - Started process (PID=1178) to work on /home/airflow/.local/lib/python3.7/site-packages/airflow/example_dags/tutorial_taskflow_api.py
[2023-01-26T23:54:32.461+0000] {processor.py:756} INFO - Processing file /home/airflow/.local/lib/python3.7/site-packages/airflow/example_dags/tutorial_taskflow_api.py for tasks to queue
[2023-01-26T23:54:32.462+0000] {logging_mixin.py:120} INFO - [2023-01-26T23:54:32.462+0000] {dagbag.py:537} INFO - Filling up the DagBag from /home/airflow/.local/lib/python3.7/site-packages/airflow/example_dags/tutorial_taskflow_api.py
[2023-01-26T23:54:32.475+0000] {processor.py:766} INFO - DAG(s) dict_keys(['tutorial_taskflow_api']) retrieved from /home/airflow/.local/lib/python3.7/site-packages/airflow/example_dags/tutorial_taskflow_api.py
[2023-01-26T23:54:32.501+0000] {logging_mixin.py:120} INFO - [2023-01-26T23:54:32.501+0000] {dag.py:2585} INFO - Sync 1 DAGs
[2023-01-26T23:54:32.518+0000] {logging_mixin.py:120} INFO - [2023-01-26T23:54:32.518+0000] {dag.py:3340} INFO - Setting next_dagrun for tutorial_taskflow_api to None, run_after=None
[2023-01-26T23:54:32.531+0000] {processor.py:176} INFO - Processing /home/airflow/.local/lib/python3.7/site-packages/airflow/example_dags/tutorial_taskflow_api.py took 0.072 seconds
[2023-01-26T23:55:02.785+0000] {processor.py:154} INFO - Started process (PID=1246) to work on /home/airflow/.local/lib/python3.7/site-packages/airflow/example_dags/tutorial_taskflow_api.py
[2023-01-26T23:55:02.786+0000] {processor.py:756} INFO - Processing file /home/airflow/.local/lib/python3.7/site-packages/airflow/example_dags/tutorial_taskflow_api.py for tasks to queue
[2023-01-26T23:55:02.787+0000] {logging_mixin.py:120} INFO - [2023-01-26T23:55:02.787+0000] {dagbag.py:537} INFO - Filling up the DagBag from /home/airflow/.local/lib/python3.7/site-packages/airflow/example_dags/tutorial_taskflow_api.py
[2023-01-26T23:55:02.800+0000] {processor.py:766} INFO - DAG(s) dict_keys(['tutorial_taskflow_api']) retrieved from /home/airflow/.local/lib/python3.7/site-packages/airflow/example_dags/tutorial_taskflow_api.py
[2023-01-26T23:55:02.830+0000] {logging_mixin.py:120} INFO - [2023-01-26T23:55:02.830+0000] {dag.py:2585} INFO - Sync 1 DAGs
[2023-01-26T23:55:02.847+0000] {logging_mixin.py:120} INFO - [2023-01-26T23:55:02.847+0000] {dag.py:3340} INFO - Setting next_dagrun for tutorial_taskflow_api to None, run_after=None
[2023-01-26T23:55:02.860+0000] {processor.py:176} INFO - Processing /home/airflow/.local/lib/python3.7/site-packages/airflow/example_dags/tutorial_taskflow_api.py took 0.077 seconds
[2023-01-26T23:55:33.148+0000] {processor.py:154} INFO - Started process (PID=1314) to work on /home/airflow/.local/lib/python3.7/site-packages/airflow/example_dags/tutorial_taskflow_api.py
[2023-01-26T23:55:33.148+0000] {processor.py:756} INFO - Processing file /home/airflow/.local/lib/python3.7/site-packages/airflow/example_dags/tutorial_taskflow_api.py for tasks to queue
[2023-01-26T23:55:33.149+0000] {logging_mixin.py:120} INFO - [2023-01-26T23:55:33.149+0000] {dagbag.py:537} INFO - Filling up the DagBag from /home/airflow/.local/lib/python3.7/site-packages/airflow/example_dags/tutorial_taskflow_api.py
[2023-01-26T23:55:33.167+0000] {processor.py:766} INFO - DAG(s) dict_keys(['tutorial_taskflow_api']) retrieved from /home/airflow/.local/lib/python3.7/site-packages/airflow/example_dags/tutorial_taskflow_api.py
[2023-01-26T23:55:33.193+0000] {logging_mixin.py:120} INFO - [2023-01-26T23:55:33.193+0000] {dag.py:2585} INFO - Sync 1 DAGs
[2023-01-26T23:55:33.212+0000] {logging_mixin.py:120} INFO - [2023-01-26T23:55:33.212+0000] {dag.py:3340} INFO - Setting next_dagrun for tutorial_taskflow_api to None, run_after=None
[2023-01-26T23:55:33.224+0000] {processor.py:176} INFO - Processing /home/airflow/.local/lib/python3.7/site-packages/airflow/example_dags/tutorial_taskflow_api.py took 0.078 seconds
[2023-01-26T23:56:03.486+0000] {processor.py:154} INFO - Started process (PID=1382) to work on /home/airflow/.local/lib/python3.7/site-packages/airflow/example_dags/tutorial_taskflow_api.py
[2023-01-26T23:56:03.487+0000] {processor.py:756} INFO - Processing file /home/airflow/.local/lib/python3.7/site-packages/airflow/example_dags/tutorial_taskflow_api.py for tasks to queue
[2023-01-26T23:56:03.487+0000] {logging_mixin.py:120} INFO - [2023-01-26T23:56:03.487+0000] {dagbag.py:537} INFO - Filling up the DagBag from /home/airflow/.local/lib/python3.7/site-packages/airflow/example_dags/tutorial_taskflow_api.py
[2023-01-26T23:56:03.500+0000] {processor.py:766} INFO - DAG(s) dict_keys(['tutorial_taskflow_api']) retrieved from /home/airflow/.local/lib/python3.7/site-packages/airflow/example_dags/tutorial_taskflow_api.py
[2023-01-26T23:56:03.526+0000] {logging_mixin.py:120} INFO - [2023-01-26T23:56:03.526+0000] {dag.py:2585} INFO - Sync 1 DAGs
[2023-01-26T23:56:03.543+0000] {logging_mixin.py:120} INFO - [2023-01-26T23:56:03.543+0000] {dag.py:3340} INFO - Setting next_dagrun for tutorial_taskflow_api to None, run_after=None
[2023-01-26T23:56:03.555+0000] {processor.py:176} INFO - Processing /home/airflow/.local/lib/python3.7/site-packages/airflow/example_dags/tutorial_taskflow_api.py took 0.071 seconds
[2023-01-26T23:56:33.726+0000] {processor.py:154} INFO - Started process (PID=1441) to work on /home/airflow/.local/lib/python3.7/site-packages/airflow/example_dags/tutorial_taskflow_api.py
[2023-01-26T23:56:33.728+0000] {processor.py:756} INFO - Processing file /home/airflow/.local/lib/python3.7/site-packages/airflow/example_dags/tutorial_taskflow_api.py for tasks to queue
[2023-01-26T23:56:33.728+0000] {logging_mixin.py:120} INFO - [2023-01-26T23:56:33.728+0000] {dagbag.py:537} INFO - Filling up the DagBag from /home/airflow/.local/lib/python3.7/site-packages/airflow/example_dags/tutorial_taskflow_api.py
[2023-01-26T23:56:33.741+0000] {processor.py:766} INFO - DAG(s) dict_keys(['tutorial_taskflow_api']) retrieved from /home/airflow/.local/lib/python3.7/site-packages/airflow/example_dags/tutorial_taskflow_api.py
[2023-01-26T23:56:33.767+0000] {logging_mixin.py:120} INFO - [2023-01-26T23:56:33.766+0000] {dag.py:2585} INFO - Sync 1 DAGs
[2023-01-26T23:56:33.783+0000] {logging_mixin.py:120} INFO - [2023-01-26T23:56:33.782+0000] {dag.py:3340} INFO - Setting next_dagrun for tutorial_taskflow_api to None, run_after=None
[2023-01-26T23:56:33.796+0000] {processor.py:176} INFO - Processing /home/airflow/.local/lib/python3.7/site-packages/airflow/example_dags/tutorial_taskflow_api.py took 0.071 seconds
[2023-01-26T23:57:04.014+0000] {processor.py:154} INFO - Started process (PID=1510) to work on /home/airflow/.local/lib/python3.7/site-packages/airflow/example_dags/tutorial_taskflow_api.py
[2023-01-26T23:57:04.015+0000] {processor.py:756} INFO - Processing file /home/airflow/.local/lib/python3.7/site-packages/airflow/example_dags/tutorial_taskflow_api.py for tasks to queue
[2023-01-26T23:57:04.016+0000] {logging_mixin.py:120} INFO - [2023-01-26T23:57:04.015+0000] {dagbag.py:537} INFO - Filling up the DagBag from /home/airflow/.local/lib/python3.7/site-packages/airflow/example_dags/tutorial_taskflow_api.py
[2023-01-26T23:57:04.037+0000] {processor.py:766} INFO - DAG(s) dict_keys(['tutorial_taskflow_api']) retrieved from /home/airflow/.local/lib/python3.7/site-packages/airflow/example_dags/tutorial_taskflow_api.py
[2023-01-26T23:57:04.067+0000] {logging_mixin.py:120} INFO - [2023-01-26T23:57:04.067+0000] {dag.py:2585} INFO - Sync 1 DAGs
[2023-01-26T23:57:04.085+0000] {logging_mixin.py:120} INFO - [2023-01-26T23:57:04.085+0000] {dag.py:3340} INFO - Setting next_dagrun for tutorial_taskflow_api to None, run_after=None
[2023-01-26T23:57:04.099+0000] {processor.py:176} INFO - Processing /home/airflow/.local/lib/python3.7/site-packages/airflow/example_dags/tutorial_taskflow_api.py took 0.087 seconds
[2023-01-26T23:57:34.229+0000] {processor.py:154} INFO - Started process (PID=1578) to work on /home/airflow/.local/lib/python3.7/site-packages/airflow/example_dags/tutorial_taskflow_api.py
[2023-01-26T23:57:34.230+0000] {processor.py:756} INFO - Processing file /home/airflow/.local/lib/python3.7/site-packages/airflow/example_dags/tutorial_taskflow_api.py for tasks to queue
[2023-01-26T23:57:34.231+0000] {logging_mixin.py:120} INFO - [2023-01-26T23:57:34.231+0000] {dagbag.py:537} INFO - Filling up the DagBag from /home/airflow/.local/lib/python3.7/site-packages/airflow/example_dags/tutorial_taskflow_api.py
[2023-01-26T23:57:34.244+0000] {processor.py:766} INFO - DAG(s) dict_keys(['tutorial_taskflow_api']) retrieved from /home/airflow/.local/lib/python3.7/site-packages/airflow/example_dags/tutorial_taskflow_api.py
[2023-01-26T23:57:34.270+0000] {logging_mixin.py:120} INFO - [2023-01-26T23:57:34.270+0000] {dag.py:2585} INFO - Sync 1 DAGs
[2023-01-26T23:57:34.287+0000] {logging_mixin.py:120} INFO - [2023-01-26T23:57:34.287+0000] {dag.py:3340} INFO - Setting next_dagrun for tutorial_taskflow_api to None, run_after=None
[2023-01-26T23:57:34.301+0000] {processor.py:176} INFO - Processing /home/airflow/.local/lib/python3.7/site-packages/airflow/example_dags/tutorial_taskflow_api.py took 0.073 seconds
[2023-01-26T23:58:04.543+0000] {processor.py:154} INFO - Started process (PID=1647) to work on /home/airflow/.local/lib/python3.7/site-packages/airflow/example_dags/tutorial_taskflow_api.py
[2023-01-26T23:58:04.544+0000] {processor.py:756} INFO - Processing file /home/airflow/.local/lib/python3.7/site-packages/airflow/example_dags/tutorial_taskflow_api.py for tasks to queue
[2023-01-26T23:58:04.545+0000] {logging_mixin.py:120} INFO - [2023-01-26T23:58:04.545+0000] {dagbag.py:537} INFO - Filling up the DagBag from /home/airflow/.local/lib/python3.7/site-packages/airflow/example_dags/tutorial_taskflow_api.py
[2023-01-26T23:58:04.562+0000] {processor.py:766} INFO - DAG(s) dict_keys(['tutorial_taskflow_api']) retrieved from /home/airflow/.local/lib/python3.7/site-packages/airflow/example_dags/tutorial_taskflow_api.py
[2023-01-26T23:58:04.589+0000] {logging_mixin.py:120} INFO - [2023-01-26T23:58:04.589+0000] {dag.py:2585} INFO - Sync 1 DAGs
[2023-01-26T23:58:04.605+0000] {logging_mixin.py:120} INFO - [2023-01-26T23:58:04.605+0000] {dag.py:3340} INFO - Setting next_dagrun for tutorial_taskflow_api to None, run_after=None
[2023-01-26T23:58:04.621+0000] {processor.py:176} INFO - Processing /home/airflow/.local/lib/python3.7/site-packages/airflow/example_dags/tutorial_taskflow_api.py took 0.080 seconds
[2023-01-26T23:58:35.738+0000] {processor.py:154} INFO - Started process (PID=1715) to work on /home/airflow/.local/lib/python3.7/site-packages/airflow/example_dags/tutorial_taskflow_api.py
[2023-01-26T23:58:35.739+0000] {processor.py:756} INFO - Processing file /home/airflow/.local/lib/python3.7/site-packages/airflow/example_dags/tutorial_taskflow_api.py for tasks to queue
[2023-01-26T23:58:35.739+0000] {logging_mixin.py:120} INFO - [2023-01-26T23:58:35.739+0000] {dagbag.py:537} INFO - Filling up the DagBag from /home/airflow/.local/lib/python3.7/site-packages/airflow/example_dags/tutorial_taskflow_api.py
[2023-01-26T23:58:35.751+0000] {processor.py:766} INFO - DAG(s) dict_keys(['tutorial_taskflow_api']) retrieved from /home/airflow/.local/lib/python3.7/site-packages/airflow/example_dags/tutorial_taskflow_api.py
[2023-01-26T23:58:35.776+0000] {logging_mixin.py:120} INFO - [2023-01-26T23:58:35.776+0000] {dag.py:2585} INFO - Sync 1 DAGs
[2023-01-26T23:58:35.792+0000] {logging_mixin.py:120} INFO - [2023-01-26T23:58:35.791+0000] {dag.py:3340} INFO - Setting next_dagrun for tutorial_taskflow_api to None, run_after=None
[2023-01-26T23:58:35.804+0000] {processor.py:176} INFO - Processing /home/airflow/.local/lib/python3.7/site-packages/airflow/example_dags/tutorial_taskflow_api.py took 0.068 seconds
[2023-01-26T23:59:05.964+0000] {processor.py:154} INFO - Started process (PID=1775) to work on /home/airflow/.local/lib/python3.7/site-packages/airflow/example_dags/tutorial_taskflow_api.py
[2023-01-26T23:59:05.965+0000] {processor.py:756} INFO - Processing file /home/airflow/.local/lib/python3.7/site-packages/airflow/example_dags/tutorial_taskflow_api.py for tasks to queue
[2023-01-26T23:59:05.965+0000] {logging_mixin.py:120} INFO - [2023-01-26T23:59:05.965+0000] {dagbag.py:537} INFO - Filling up the DagBag from /home/airflow/.local/lib/python3.7/site-packages/airflow/example_dags/tutorial_taskflow_api.py
[2023-01-26T23:59:05.979+0000] {processor.py:766} INFO - DAG(s) dict_keys(['tutorial_taskflow_api']) retrieved from /home/airflow/.local/lib/python3.7/site-packages/airflow/example_dags/tutorial_taskflow_api.py
[2023-01-26T23:59:06.005+0000] {logging_mixin.py:120} INFO - [2023-01-26T23:59:06.005+0000] {dag.py:2585} INFO - Sync 1 DAGs
[2023-01-26T23:59:06.024+0000] {logging_mixin.py:120} INFO - [2023-01-26T23:59:06.024+0000] {dag.py:3340} INFO - Setting next_dagrun for tutorial_taskflow_api to None, run_after=None
[2023-01-26T23:59:06.038+0000] {processor.py:176} INFO - Processing /home/airflow/.local/lib/python3.7/site-packages/airflow/example_dags/tutorial_taskflow_api.py took 0.077 seconds
[2023-01-26T23:59:36.263+0000] {processor.py:154} INFO - Started process (PID=1843) to work on /home/airflow/.local/lib/python3.7/site-packages/airflow/example_dags/tutorial_taskflow_api.py
[2023-01-26T23:59:36.264+0000] {processor.py:756} INFO - Processing file /home/airflow/.local/lib/python3.7/site-packages/airflow/example_dags/tutorial_taskflow_api.py for tasks to queue
[2023-01-26T23:59:36.264+0000] {logging_mixin.py:120} INFO - [2023-01-26T23:59:36.264+0000] {dagbag.py:537} INFO - Filling up the DagBag from /home/airflow/.local/lib/python3.7/site-packages/airflow/example_dags/tutorial_taskflow_api.py
[2023-01-26T23:59:36.277+0000] {processor.py:766} INFO - DAG(s) dict_keys(['tutorial_taskflow_api']) retrieved from /home/airflow/.local/lib/python3.7/site-packages/airflow/example_dags/tutorial_taskflow_api.py
[2023-01-26T23:59:36.301+0000] {logging_mixin.py:120} INFO - [2023-01-26T23:59:36.301+0000] {dag.py:2585} INFO - Sync 1 DAGs
[2023-01-26T23:59:36.317+0000] {logging_mixin.py:120} INFO - [2023-01-26T23:59:36.317+0000] {dag.py:3340} INFO - Setting next_dagrun for tutorial_taskflow_api to None, run_after=None
[2023-01-26T23:59:36.329+0000] {processor.py:176} INFO - Processing /home/airflow/.local/lib/python3.7/site-packages/airflow/example_dags/tutorial_taskflow_api.py took 0.068 seconds
