[2023-01-26T20:22:00.799+0000] {processor.py:154} INFO - Started process (PID=74) to work on /home/airflow/.local/lib/python3.7/site-packages/airflow/example_dags/tutorial.py
[2023-01-26T20:22:00.800+0000] {processor.py:756} INFO - Processing file /home/airflow/.local/lib/python3.7/site-packages/airflow/example_dags/tutorial.py for tasks to queue
[2023-01-26T20:22:00.801+0000] {logging_mixin.py:120} INFO - [2023-01-26T20:22:00.801+0000] {dagbag.py:537} INFO - Filling up the DagBag from /home/airflow/.local/lib/python3.7/site-packages/airflow/example_dags/tutorial.py
[2023-01-26T20:22:00.824+0000] {processor.py:766} INFO - DAG(s) dict_keys(['tutorial']) retrieved from /home/airflow/.local/lib/python3.7/site-packages/airflow/example_dags/tutorial.py
[2023-01-26T20:22:00.881+0000] {logging_mixin.py:120} INFO - [2023-01-26T20:22:00.881+0000] {dag.py:2585} INFO - Sync 1 DAGs
[2023-01-26T20:22:00.925+0000] {logging_mixin.py:120} INFO - [2023-01-26T20:22:00.925+0000] {dag.py:3340} INFO - Setting next_dagrun for tutorial to 2023-01-25T20:22:00.924835+00:00, run_after=2023-01-26T20:22:00.924835+00:00
[2023-01-26T20:22:00.958+0000] {processor.py:176} INFO - Processing /home/airflow/.local/lib/python3.7/site-packages/airflow/example_dags/tutorial.py took 0.163 seconds
[2023-01-26T23:22:13.077+0000] {processor.py:154} INFO - Started process (PID=134) to work on /home/airflow/.local/lib/python3.7/site-packages/airflow/example_dags/tutorial.py
[2023-01-26T23:22:13.079+0000] {processor.py:756} INFO - Processing file /home/airflow/.local/lib/python3.7/site-packages/airflow/example_dags/tutorial.py for tasks to queue
[2023-01-26T23:22:13.080+0000] {logging_mixin.py:120} INFO - [2023-01-26T23:22:13.080+0000] {dagbag.py:537} INFO - Filling up the DagBag from /home/airflow/.local/lib/python3.7/site-packages/airflow/example_dags/tutorial.py
[2023-01-26T23:22:13.119+0000] {processor.py:766} INFO - DAG(s) dict_keys(['tutorial']) retrieved from /home/airflow/.local/lib/python3.7/site-packages/airflow/example_dags/tutorial.py
[2023-01-26T23:22:13.224+0000] {logging_mixin.py:120} INFO - [2023-01-26T23:22:13.224+0000] {dag.py:2585} INFO - Sync 1 DAGs
[2023-01-26T23:22:13.273+0000] {logging_mixin.py:120} INFO - [2023-01-26T23:22:13.273+0000] {dag.py:3340} INFO - Setting next_dagrun for tutorial to 2023-01-25T23:22:13.272872+00:00, run_after=2023-01-26T23:22:13.272872+00:00
[2023-01-26T23:22:13.322+0000] {processor.py:176} INFO - Processing /home/airflow/.local/lib/python3.7/site-packages/airflow/example_dags/tutorial.py took 0.249 seconds
[2023-01-26T23:22:44.176+0000] {processor.py:154} INFO - Started process (PID=200) to work on /home/airflow/.local/lib/python3.7/site-packages/airflow/example_dags/tutorial.py
[2023-01-26T23:22:44.181+0000] {processor.py:756} INFO - Processing file /home/airflow/.local/lib/python3.7/site-packages/airflow/example_dags/tutorial.py for tasks to queue
[2023-01-26T23:22:44.183+0000] {logging_mixin.py:120} INFO - [2023-01-26T23:22:44.183+0000] {dagbag.py:537} INFO - Filling up the DagBag from /home/airflow/.local/lib/python3.7/site-packages/airflow/example_dags/tutorial.py
[2023-01-26T23:22:44.212+0000] {processor.py:766} INFO - DAG(s) dict_keys(['tutorial']) retrieved from /home/airflow/.local/lib/python3.7/site-packages/airflow/example_dags/tutorial.py
[2023-01-26T23:22:44.284+0000] {logging_mixin.py:120} INFO - [2023-01-26T23:22:44.284+0000] {dag.py:2585} INFO - Sync 1 DAGs
[2023-01-26T23:22:44.354+0000] {logging_mixin.py:120} INFO - [2023-01-26T23:22:44.354+0000] {dag.py:3340} INFO - Setting next_dagrun for tutorial to 2023-01-25T23:22:44.354024+00:00, run_after=2023-01-26T23:22:44.354024+00:00
[2023-01-26T23:22:44.391+0000] {processor.py:176} INFO - Processing /home/airflow/.local/lib/python3.7/site-packages/airflow/example_dags/tutorial.py took 0.220 seconds
[2023-01-26T23:23:14.755+0000] {processor.py:154} INFO - Started process (PID=268) to work on /home/airflow/.local/lib/python3.7/site-packages/airflow/example_dags/tutorial.py
[2023-01-26T23:23:14.756+0000] {processor.py:756} INFO - Processing file /home/airflow/.local/lib/python3.7/site-packages/airflow/example_dags/tutorial.py for tasks to queue
[2023-01-26T23:23:14.757+0000] {logging_mixin.py:120} INFO - [2023-01-26T23:23:14.757+0000] {dagbag.py:537} INFO - Filling up the DagBag from /home/airflow/.local/lib/python3.7/site-packages/airflow/example_dags/tutorial.py
[2023-01-26T23:23:14.772+0000] {processor.py:766} INFO - DAG(s) dict_keys(['tutorial']) retrieved from /home/airflow/.local/lib/python3.7/site-packages/airflow/example_dags/tutorial.py
[2023-01-26T23:23:14.816+0000] {logging_mixin.py:120} INFO - [2023-01-26T23:23:14.816+0000] {dag.py:2585} INFO - Sync 1 DAGs
[2023-01-26T23:23:14.843+0000] {logging_mixin.py:120} INFO - [2023-01-26T23:23:14.843+0000] {dag.py:3340} INFO - Setting next_dagrun for tutorial to 2023-01-25T23:23:14.843515+00:00, run_after=2023-01-26T23:23:14.843515+00:00
[2023-01-26T23:23:14.862+0000] {processor.py:176} INFO - Processing /home/airflow/.local/lib/python3.7/site-packages/airflow/example_dags/tutorial.py took 0.111 seconds
[2023-01-26T23:23:45.469+0000] {processor.py:154} INFO - Started process (PID=325) to work on /home/airflow/.local/lib/python3.7/site-packages/airflow/example_dags/tutorial.py
[2023-01-26T23:23:45.470+0000] {processor.py:756} INFO - Processing file /home/airflow/.local/lib/python3.7/site-packages/airflow/example_dags/tutorial.py for tasks to queue
[2023-01-26T23:23:45.470+0000] {logging_mixin.py:120} INFO - [2023-01-26T23:23:45.470+0000] {dagbag.py:537} INFO - Filling up the DagBag from /home/airflow/.local/lib/python3.7/site-packages/airflow/example_dags/tutorial.py
[2023-01-26T23:23:45.479+0000] {processor.py:766} INFO - DAG(s) dict_keys(['tutorial']) retrieved from /home/airflow/.local/lib/python3.7/site-packages/airflow/example_dags/tutorial.py
[2023-01-26T23:23:45.505+0000] {logging_mixin.py:120} INFO - [2023-01-26T23:23:45.505+0000] {dag.py:2585} INFO - Sync 1 DAGs
[2023-01-26T23:23:45.522+0000] {logging_mixin.py:120} INFO - [2023-01-26T23:23:45.522+0000] {dag.py:3340} INFO - Setting next_dagrun for tutorial to 2023-01-25T23:23:45.522220+00:00, run_after=2023-01-26T23:23:45.522220+00:00
[2023-01-26T23:23:45.534+0000] {processor.py:176} INFO - Processing /home/airflow/.local/lib/python3.7/site-packages/airflow/example_dags/tutorial.py took 0.067 seconds
[2023-01-26T23:24:16.161+0000] {processor.py:154} INFO - Started process (PID=392) to work on /home/airflow/.local/lib/python3.7/site-packages/airflow/example_dags/tutorial.py
[2023-01-26T23:24:16.162+0000] {processor.py:756} INFO - Processing file /home/airflow/.local/lib/python3.7/site-packages/airflow/example_dags/tutorial.py for tasks to queue
[2023-01-26T23:24:16.162+0000] {logging_mixin.py:120} INFO - [2023-01-26T23:24:16.162+0000] {dagbag.py:537} INFO - Filling up the DagBag from /home/airflow/.local/lib/python3.7/site-packages/airflow/example_dags/tutorial.py
[2023-01-26T23:24:16.173+0000] {processor.py:766} INFO - DAG(s) dict_keys(['tutorial']) retrieved from /home/airflow/.local/lib/python3.7/site-packages/airflow/example_dags/tutorial.py
[2023-01-26T23:24:16.206+0000] {logging_mixin.py:120} INFO - [2023-01-26T23:24:16.206+0000] {dag.py:2585} INFO - Sync 1 DAGs
[2023-01-26T23:24:16.228+0000] {logging_mixin.py:120} INFO - [2023-01-26T23:24:16.228+0000] {dag.py:3340} INFO - Setting next_dagrun for tutorial to 2023-01-25T23:24:16.228649+00:00, run_after=2023-01-26T23:24:16.228649+00:00
[2023-01-26T23:24:16.245+0000] {processor.py:176} INFO - Processing /home/airflow/.local/lib/python3.7/site-packages/airflow/example_dags/tutorial.py took 0.086 seconds
[2023-01-26T23:24:46.915+0000] {processor.py:154} INFO - Started process (PID=460) to work on /home/airflow/.local/lib/python3.7/site-packages/airflow/example_dags/tutorial.py
[2023-01-26T23:24:46.916+0000] {processor.py:756} INFO - Processing file /home/airflow/.local/lib/python3.7/site-packages/airflow/example_dags/tutorial.py for tasks to queue
[2023-01-26T23:24:46.917+0000] {logging_mixin.py:120} INFO - [2023-01-26T23:24:46.917+0000] {dagbag.py:537} INFO - Filling up the DagBag from /home/airflow/.local/lib/python3.7/site-packages/airflow/example_dags/tutorial.py
[2023-01-26T23:24:46.927+0000] {processor.py:766} INFO - DAG(s) dict_keys(['tutorial']) retrieved from /home/airflow/.local/lib/python3.7/site-packages/airflow/example_dags/tutorial.py
[2023-01-26T23:24:46.958+0000] {logging_mixin.py:120} INFO - [2023-01-26T23:24:46.958+0000] {dag.py:2585} INFO - Sync 1 DAGs
[2023-01-26T23:24:46.984+0000] {logging_mixin.py:120} INFO - [2023-01-26T23:24:46.984+0000] {dag.py:3340} INFO - Setting next_dagrun for tutorial to 2023-01-25T23:24:46.984058+00:00, run_after=2023-01-26T23:24:46.984058+00:00
[2023-01-26T23:24:46.999+0000] {processor.py:176} INFO - Processing /home/airflow/.local/lib/python3.7/site-packages/airflow/example_dags/tutorial.py took 0.086 seconds
[2023-01-26T23:25:17.476+0000] {processor.py:154} INFO - Started process (PID=527) to work on /home/airflow/.local/lib/python3.7/site-packages/airflow/example_dags/tutorial.py
[2023-01-26T23:25:17.477+0000] {processor.py:756} INFO - Processing file /home/airflow/.local/lib/python3.7/site-packages/airflow/example_dags/tutorial.py for tasks to queue
[2023-01-26T23:25:17.477+0000] {logging_mixin.py:120} INFO - [2023-01-26T23:25:17.477+0000] {dagbag.py:537} INFO - Filling up the DagBag from /home/airflow/.local/lib/python3.7/site-packages/airflow/example_dags/tutorial.py
[2023-01-26T23:25:17.486+0000] {processor.py:766} INFO - DAG(s) dict_keys(['tutorial']) retrieved from /home/airflow/.local/lib/python3.7/site-packages/airflow/example_dags/tutorial.py
[2023-01-26T23:25:17.519+0000] {logging_mixin.py:120} INFO - [2023-01-26T23:25:17.519+0000] {dag.py:2585} INFO - Sync 1 DAGs
[2023-01-26T23:25:17.543+0000] {logging_mixin.py:120} INFO - [2023-01-26T23:25:17.542+0000] {dag.py:3340} INFO - Setting next_dagrun for tutorial to 2023-01-25T23:25:17.542765+00:00, run_after=2023-01-26T23:25:17.542765+00:00
[2023-01-26T23:25:17.562+0000] {processor.py:176} INFO - Processing /home/airflow/.local/lib/python3.7/site-packages/airflow/example_dags/tutorial.py took 0.088 seconds
[2023-01-26T23:25:47.729+0000] {processor.py:154} INFO - Started process (PID=585) to work on /home/airflow/.local/lib/python3.7/site-packages/airflow/example_dags/tutorial.py
[2023-01-26T23:25:47.730+0000] {processor.py:756} INFO - Processing file /home/airflow/.local/lib/python3.7/site-packages/airflow/example_dags/tutorial.py for tasks to queue
[2023-01-26T23:25:47.730+0000] {logging_mixin.py:120} INFO - [2023-01-26T23:25:47.730+0000] {dagbag.py:537} INFO - Filling up the DagBag from /home/airflow/.local/lib/python3.7/site-packages/airflow/example_dags/tutorial.py
[2023-01-26T23:25:47.739+0000] {processor.py:766} INFO - DAG(s) dict_keys(['tutorial']) retrieved from /home/airflow/.local/lib/python3.7/site-packages/airflow/example_dags/tutorial.py
[2023-01-26T23:25:47.763+0000] {logging_mixin.py:120} INFO - [2023-01-26T23:25:47.763+0000] {dag.py:2585} INFO - Sync 1 DAGs
[2023-01-26T23:25:47.781+0000] {logging_mixin.py:120} INFO - [2023-01-26T23:25:47.781+0000] {dag.py:3340} INFO - Setting next_dagrun for tutorial to 2023-01-25T23:25:47.781440+00:00, run_after=2023-01-26T23:25:47.781440+00:00
[2023-01-26T23:25:47.793+0000] {processor.py:176} INFO - Processing /home/airflow/.local/lib/python3.7/site-packages/airflow/example_dags/tutorial.py took 0.066 seconds
[2023-01-26T23:26:17.920+0000] {processor.py:154} INFO - Started process (PID=653) to work on /home/airflow/.local/lib/python3.7/site-packages/airflow/example_dags/tutorial.py
[2023-01-26T23:26:17.921+0000] {processor.py:756} INFO - Processing file /home/airflow/.local/lib/python3.7/site-packages/airflow/example_dags/tutorial.py for tasks to queue
[2023-01-26T23:26:17.921+0000] {logging_mixin.py:120} INFO - [2023-01-26T23:26:17.921+0000] {dagbag.py:537} INFO - Filling up the DagBag from /home/airflow/.local/lib/python3.7/site-packages/airflow/example_dags/tutorial.py
[2023-01-26T23:26:17.930+0000] {processor.py:766} INFO - DAG(s) dict_keys(['tutorial']) retrieved from /home/airflow/.local/lib/python3.7/site-packages/airflow/example_dags/tutorial.py
[2023-01-26T23:26:17.954+0000] {logging_mixin.py:120} INFO - [2023-01-26T23:26:17.954+0000] {dag.py:2585} INFO - Sync 1 DAGs
[2023-01-26T23:26:17.971+0000] {logging_mixin.py:120} INFO - [2023-01-26T23:26:17.971+0000] {dag.py:3340} INFO - Setting next_dagrun for tutorial to 2023-01-25T23:26:17.971430+00:00, run_after=2023-01-26T23:26:17.971430+00:00
[2023-01-26T23:26:17.983+0000] {processor.py:176} INFO - Processing /home/airflow/.local/lib/python3.7/site-packages/airflow/example_dags/tutorial.py took 0.065 seconds
[2023-01-26T23:26:48.173+0000] {processor.py:154} INFO - Started process (PID=720) to work on /home/airflow/.local/lib/python3.7/site-packages/airflow/example_dags/tutorial.py
[2023-01-26T23:26:48.174+0000] {processor.py:756} INFO - Processing file /home/airflow/.local/lib/python3.7/site-packages/airflow/example_dags/tutorial.py for tasks to queue
[2023-01-26T23:26:48.174+0000] {logging_mixin.py:120} INFO - [2023-01-26T23:26:48.174+0000] {dagbag.py:537} INFO - Filling up the DagBag from /home/airflow/.local/lib/python3.7/site-packages/airflow/example_dags/tutorial.py
[2023-01-26T23:26:48.183+0000] {processor.py:766} INFO - DAG(s) dict_keys(['tutorial']) retrieved from /home/airflow/.local/lib/python3.7/site-packages/airflow/example_dags/tutorial.py
[2023-01-26T23:26:48.208+0000] {logging_mixin.py:120} INFO - [2023-01-26T23:26:48.207+0000] {dag.py:2585} INFO - Sync 1 DAGs
[2023-01-26T23:26:48.224+0000] {logging_mixin.py:120} INFO - [2023-01-26T23:26:48.224+0000] {dag.py:3340} INFO - Setting next_dagrun for tutorial to 2023-01-25T23:26:48.223912+00:00, run_after=2023-01-26T23:26:48.223912+00:00
[2023-01-26T23:26:48.237+0000] {processor.py:176} INFO - Processing /home/airflow/.local/lib/python3.7/site-packages/airflow/example_dags/tutorial.py took 0.066 seconds
[2023-01-26T23:27:19.476+0000] {processor.py:154} INFO - Started process (PID=787) to work on /home/airflow/.local/lib/python3.7/site-packages/airflow/example_dags/tutorial.py
[2023-01-26T23:27:19.477+0000] {processor.py:756} INFO - Processing file /home/airflow/.local/lib/python3.7/site-packages/airflow/example_dags/tutorial.py for tasks to queue
[2023-01-26T23:27:19.477+0000] {logging_mixin.py:120} INFO - [2023-01-26T23:27:19.477+0000] {dagbag.py:537} INFO - Filling up the DagBag from /home/airflow/.local/lib/python3.7/site-packages/airflow/example_dags/tutorial.py
[2023-01-26T23:27:19.486+0000] {processor.py:766} INFO - DAG(s) dict_keys(['tutorial']) retrieved from /home/airflow/.local/lib/python3.7/site-packages/airflow/example_dags/tutorial.py
[2023-01-26T23:27:19.511+0000] {logging_mixin.py:120} INFO - [2023-01-26T23:27:19.511+0000] {dag.py:2585} INFO - Sync 1 DAGs
[2023-01-26T23:27:19.527+0000] {logging_mixin.py:120} INFO - [2023-01-26T23:27:19.527+0000] {dag.py:3340} INFO - Setting next_dagrun for tutorial to 2023-01-25T23:27:19.527614+00:00, run_after=2023-01-26T23:27:19.527614+00:00
[2023-01-26T23:27:19.540+0000] {processor.py:176} INFO - Processing /home/airflow/.local/lib/python3.7/site-packages/airflow/example_dags/tutorial.py took 0.066 seconds
[2023-01-26T23:27:50.545+0000] {processor.py:154} INFO - Started process (PID=854) to work on /home/airflow/.local/lib/python3.7/site-packages/airflow/example_dags/tutorial.py
[2023-01-26T23:27:50.545+0000] {processor.py:756} INFO - Processing file /home/airflow/.local/lib/python3.7/site-packages/airflow/example_dags/tutorial.py for tasks to queue
[2023-01-26T23:27:50.545+0000] {logging_mixin.py:120} INFO - [2023-01-26T23:27:50.545+0000] {dagbag.py:537} INFO - Filling up the DagBag from /home/airflow/.local/lib/python3.7/site-packages/airflow/example_dags/tutorial.py
[2023-01-26T23:27:50.554+0000] {processor.py:766} INFO - DAG(s) dict_keys(['tutorial']) retrieved from /home/airflow/.local/lib/python3.7/site-packages/airflow/example_dags/tutorial.py
[2023-01-26T23:27:50.580+0000] {logging_mixin.py:120} INFO - [2023-01-26T23:27:50.580+0000] {dag.py:2585} INFO - Sync 1 DAGs
[2023-01-26T23:27:50.598+0000] {logging_mixin.py:120} INFO - [2023-01-26T23:27:50.598+0000] {dag.py:3340} INFO - Setting next_dagrun for tutorial to 2023-01-25T23:27:50.597841+00:00, run_after=2023-01-26T23:27:50.597841+00:00
[2023-01-26T23:27:50.611+0000] {processor.py:176} INFO - Processing /home/airflow/.local/lib/python3.7/site-packages/airflow/example_dags/tutorial.py took 0.068 seconds
[2023-01-26T23:28:20.826+0000] {processor.py:154} INFO - Started process (PID=913) to work on /home/airflow/.local/lib/python3.7/site-packages/airflow/example_dags/tutorial.py
[2023-01-26T23:28:20.827+0000] {processor.py:756} INFO - Processing file /home/airflow/.local/lib/python3.7/site-packages/airflow/example_dags/tutorial.py for tasks to queue
[2023-01-26T23:28:20.827+0000] {logging_mixin.py:120} INFO - [2023-01-26T23:28:20.827+0000] {dagbag.py:537} INFO - Filling up the DagBag from /home/airflow/.local/lib/python3.7/site-packages/airflow/example_dags/tutorial.py
[2023-01-26T23:28:20.835+0000] {processor.py:766} INFO - DAG(s) dict_keys(['tutorial']) retrieved from /home/airflow/.local/lib/python3.7/site-packages/airflow/example_dags/tutorial.py
[2023-01-26T23:28:20.860+0000] {logging_mixin.py:120} INFO - [2023-01-26T23:28:20.860+0000] {dag.py:2585} INFO - Sync 1 DAGs
[2023-01-26T23:28:20.876+0000] {logging_mixin.py:120} INFO - [2023-01-26T23:28:20.876+0000] {dag.py:3340} INFO - Setting next_dagrun for tutorial to 2023-01-25T23:28:20.876175+00:00, run_after=2023-01-26T23:28:20.876175+00:00
[2023-01-26T23:28:20.888+0000] {processor.py:176} INFO - Processing /home/airflow/.local/lib/python3.7/site-packages/airflow/example_dags/tutorial.py took 0.064 seconds
[2023-01-26T23:28:51.074+0000] {processor.py:154} INFO - Started process (PID=980) to work on /home/airflow/.local/lib/python3.7/site-packages/airflow/example_dags/tutorial.py
[2023-01-26T23:28:51.075+0000] {processor.py:756} INFO - Processing file /home/airflow/.local/lib/python3.7/site-packages/airflow/example_dags/tutorial.py for tasks to queue
[2023-01-26T23:28:51.075+0000] {logging_mixin.py:120} INFO - [2023-01-26T23:28:51.075+0000] {dagbag.py:537} INFO - Filling up the DagBag from /home/airflow/.local/lib/python3.7/site-packages/airflow/example_dags/tutorial.py
[2023-01-26T23:28:51.084+0000] {processor.py:766} INFO - DAG(s) dict_keys(['tutorial']) retrieved from /home/airflow/.local/lib/python3.7/site-packages/airflow/example_dags/tutorial.py
[2023-01-26T23:28:51.114+0000] {logging_mixin.py:120} INFO - [2023-01-26T23:28:51.113+0000] {dag.py:2585} INFO - Sync 1 DAGs
[2023-01-26T23:28:51.138+0000] {logging_mixin.py:120} INFO - [2023-01-26T23:28:51.138+0000] {dag.py:3340} INFO - Setting next_dagrun for tutorial to 2023-01-25T23:28:51.137787+00:00, run_after=2023-01-26T23:28:51.137787+00:00
[2023-01-26T23:28:51.159+0000] {processor.py:176} INFO - Processing /home/airflow/.local/lib/python3.7/site-packages/airflow/example_dags/tutorial.py took 0.087 seconds
[2023-01-26T23:29:21.457+0000] {processor.py:154} INFO - Started process (PID=1046) to work on /home/airflow/.local/lib/python3.7/site-packages/airflow/example_dags/tutorial.py
[2023-01-26T23:29:21.457+0000] {processor.py:756} INFO - Processing file /home/airflow/.local/lib/python3.7/site-packages/airflow/example_dags/tutorial.py for tasks to queue
[2023-01-26T23:29:21.458+0000] {logging_mixin.py:120} INFO - [2023-01-26T23:29:21.458+0000] {dagbag.py:537} INFO - Filling up the DagBag from /home/airflow/.local/lib/python3.7/site-packages/airflow/example_dags/tutorial.py
[2023-01-26T23:29:21.467+0000] {processor.py:766} INFO - DAG(s) dict_keys(['tutorial']) retrieved from /home/airflow/.local/lib/python3.7/site-packages/airflow/example_dags/tutorial.py
[2023-01-26T23:29:21.492+0000] {logging_mixin.py:120} INFO - [2023-01-26T23:29:21.492+0000] {dag.py:2585} INFO - Sync 1 DAGs
[2023-01-26T23:29:21.510+0000] {logging_mixin.py:120} INFO - [2023-01-26T23:29:21.510+0000] {dag.py:3340} INFO - Setting next_dagrun for tutorial to 2023-01-25T23:29:21.510369+00:00, run_after=2023-01-26T23:29:21.510369+00:00
[2023-01-26T23:29:21.523+0000] {processor.py:176} INFO - Processing /home/airflow/.local/lib/python3.7/site-packages/airflow/example_dags/tutorial.py took 0.068 seconds
[2023-01-26T23:29:51.646+0000] {processor.py:154} INFO - Started process (PID=1111) to work on /home/airflow/.local/lib/python3.7/site-packages/airflow/example_dags/tutorial.py
[2023-01-26T23:29:51.647+0000] {processor.py:756} INFO - Processing file /home/airflow/.local/lib/python3.7/site-packages/airflow/example_dags/tutorial.py for tasks to queue
[2023-01-26T23:29:51.648+0000] {logging_mixin.py:120} INFO - [2023-01-26T23:29:51.648+0000] {dagbag.py:537} INFO - Filling up the DagBag from /home/airflow/.local/lib/python3.7/site-packages/airflow/example_dags/tutorial.py
[2023-01-26T23:29:51.657+0000] {processor.py:766} INFO - DAG(s) dict_keys(['tutorial']) retrieved from /home/airflow/.local/lib/python3.7/site-packages/airflow/example_dags/tutorial.py
[2023-01-26T23:29:51.682+0000] {logging_mixin.py:120} INFO - [2023-01-26T23:29:51.681+0000] {dag.py:2585} INFO - Sync 1 DAGs
[2023-01-26T23:29:51.699+0000] {logging_mixin.py:120} INFO - [2023-01-26T23:29:51.699+0000] {dag.py:3340} INFO - Setting next_dagrun for tutorial to 2023-01-25T23:29:51.699220+00:00, run_after=2023-01-26T23:29:51.699220+00:00
[2023-01-26T23:29:51.713+0000] {processor.py:176} INFO - Processing /home/airflow/.local/lib/python3.7/site-packages/airflow/example_dags/tutorial.py took 0.069 seconds
[2023-01-26T23:30:21.867+0000] {processor.py:154} INFO - Started process (PID=1169) to work on /home/airflow/.local/lib/python3.7/site-packages/airflow/example_dags/tutorial.py
[2023-01-26T23:30:21.868+0000] {processor.py:756} INFO - Processing file /home/airflow/.local/lib/python3.7/site-packages/airflow/example_dags/tutorial.py for tasks to queue
[2023-01-26T23:30:21.868+0000] {logging_mixin.py:120} INFO - [2023-01-26T23:30:21.868+0000] {dagbag.py:537} INFO - Filling up the DagBag from /home/airflow/.local/lib/python3.7/site-packages/airflow/example_dags/tutorial.py
[2023-01-26T23:30:21.877+0000] {processor.py:766} INFO - DAG(s) dict_keys(['tutorial']) retrieved from /home/airflow/.local/lib/python3.7/site-packages/airflow/example_dags/tutorial.py
[2023-01-26T23:30:21.905+0000] {logging_mixin.py:120} INFO - [2023-01-26T23:30:21.905+0000] {dag.py:2585} INFO - Sync 1 DAGs
[2023-01-26T23:30:21.923+0000] {logging_mixin.py:120} INFO - [2023-01-26T23:30:21.922+0000] {dag.py:3340} INFO - Setting next_dagrun for tutorial to 2023-01-25T23:30:21.922687+00:00, run_after=2023-01-26T23:30:21.922687+00:00
[2023-01-26T23:30:21.936+0000] {processor.py:176} INFO - Processing /home/airflow/.local/lib/python3.7/site-packages/airflow/example_dags/tutorial.py took 0.071 seconds
[2023-01-26T23:30:52.156+0000] {processor.py:154} INFO - Started process (PID=1236) to work on /home/airflow/.local/lib/python3.7/site-packages/airflow/example_dags/tutorial.py
[2023-01-26T23:30:52.157+0000] {processor.py:756} INFO - Processing file /home/airflow/.local/lib/python3.7/site-packages/airflow/example_dags/tutorial.py for tasks to queue
[2023-01-26T23:30:52.157+0000] {logging_mixin.py:120} INFO - [2023-01-26T23:30:52.157+0000] {dagbag.py:537} INFO - Filling up the DagBag from /home/airflow/.local/lib/python3.7/site-packages/airflow/example_dags/tutorial.py
[2023-01-26T23:30:52.166+0000] {processor.py:766} INFO - DAG(s) dict_keys(['tutorial']) retrieved from /home/airflow/.local/lib/python3.7/site-packages/airflow/example_dags/tutorial.py
[2023-01-26T23:30:52.191+0000] {logging_mixin.py:120} INFO - [2023-01-26T23:30:52.191+0000] {dag.py:2585} INFO - Sync 1 DAGs
[2023-01-26T23:30:52.208+0000] {logging_mixin.py:120} INFO - [2023-01-26T23:30:52.208+0000] {dag.py:3340} INFO - Setting next_dagrun for tutorial to 2023-01-25T23:30:52.208260+00:00, run_after=2023-01-26T23:30:52.208260+00:00
[2023-01-26T23:30:52.221+0000] {processor.py:176} INFO - Processing /home/airflow/.local/lib/python3.7/site-packages/airflow/example_dags/tutorial.py took 0.067 seconds
[2023-01-26T23:31:22.510+0000] {processor.py:154} INFO - Started process (PID=1303) to work on /home/airflow/.local/lib/python3.7/site-packages/airflow/example_dags/tutorial.py
[2023-01-26T23:31:22.511+0000] {processor.py:756} INFO - Processing file /home/airflow/.local/lib/python3.7/site-packages/airflow/example_dags/tutorial.py for tasks to queue
[2023-01-26T23:31:22.512+0000] {logging_mixin.py:120} INFO - [2023-01-26T23:31:22.512+0000] {dagbag.py:537} INFO - Filling up the DagBag from /home/airflow/.local/lib/python3.7/site-packages/airflow/example_dags/tutorial.py
[2023-01-26T23:31:22.522+0000] {processor.py:766} INFO - DAG(s) dict_keys(['tutorial']) retrieved from /home/airflow/.local/lib/python3.7/site-packages/airflow/example_dags/tutorial.py
[2023-01-26T23:31:22.556+0000] {logging_mixin.py:120} INFO - [2023-01-26T23:31:22.556+0000] {dag.py:2585} INFO - Sync 1 DAGs
[2023-01-26T23:31:22.573+0000] {logging_mixin.py:120} INFO - [2023-01-26T23:31:22.573+0000] {dag.py:3340} INFO - Setting next_dagrun for tutorial to 2023-01-25T23:31:22.573124+00:00, run_after=2023-01-26T23:31:22.573124+00:00
[2023-01-26T23:31:22.586+0000] {processor.py:176} INFO - Processing /home/airflow/.local/lib/python3.7/site-packages/airflow/example_dags/tutorial.py took 0.078 seconds
[2023-01-26T23:31:52.926+0000] {processor.py:154} INFO - Started process (PID=1371) to work on /home/airflow/.local/lib/python3.7/site-packages/airflow/example_dags/tutorial.py
[2023-01-26T23:31:52.927+0000] {processor.py:756} INFO - Processing file /home/airflow/.local/lib/python3.7/site-packages/airflow/example_dags/tutorial.py for tasks to queue
[2023-01-26T23:31:52.927+0000] {logging_mixin.py:120} INFO - [2023-01-26T23:31:52.927+0000] {dagbag.py:537} INFO - Filling up the DagBag from /home/airflow/.local/lib/python3.7/site-packages/airflow/example_dags/tutorial.py
[2023-01-26T23:31:52.936+0000] {processor.py:766} INFO - DAG(s) dict_keys(['tutorial']) retrieved from /home/airflow/.local/lib/python3.7/site-packages/airflow/example_dags/tutorial.py
[2023-01-26T23:31:52.960+0000] {logging_mixin.py:120} INFO - [2023-01-26T23:31:52.960+0000] {dag.py:2585} INFO - Sync 1 DAGs
[2023-01-26T23:31:52.977+0000] {logging_mixin.py:120} INFO - [2023-01-26T23:31:52.977+0000] {dag.py:3340} INFO - Setting next_dagrun for tutorial to 2023-01-25T23:31:52.977559+00:00, run_after=2023-01-26T23:31:52.977559+00:00
[2023-01-26T23:31:52.990+0000] {processor.py:176} INFO - Processing /home/airflow/.local/lib/python3.7/site-packages/airflow/example_dags/tutorial.py took 0.066 seconds
[2023-01-26T23:32:23.298+0000] {processor.py:154} INFO - Started process (PID=1438) to work on /home/airflow/.local/lib/python3.7/site-packages/airflow/example_dags/tutorial.py
[2023-01-26T23:32:23.299+0000] {processor.py:756} INFO - Processing file /home/airflow/.local/lib/python3.7/site-packages/airflow/example_dags/tutorial.py for tasks to queue
[2023-01-26T23:32:23.299+0000] {logging_mixin.py:120} INFO - [2023-01-26T23:32:23.299+0000] {dagbag.py:537} INFO - Filling up the DagBag from /home/airflow/.local/lib/python3.7/site-packages/airflow/example_dags/tutorial.py
[2023-01-26T23:32:23.308+0000] {processor.py:766} INFO - DAG(s) dict_keys(['tutorial']) retrieved from /home/airflow/.local/lib/python3.7/site-packages/airflow/example_dags/tutorial.py
[2023-01-26T23:32:23.340+0000] {logging_mixin.py:120} INFO - [2023-01-26T23:32:23.340+0000] {dag.py:2585} INFO - Sync 1 DAGs
[2023-01-26T23:32:23.364+0000] {logging_mixin.py:120} INFO - [2023-01-26T23:32:23.363+0000] {dag.py:3340} INFO - Setting next_dagrun for tutorial to 2023-01-25T23:32:23.363820+00:00, run_after=2023-01-26T23:32:23.363820+00:00
[2023-01-26T23:32:23.380+0000] {processor.py:176} INFO - Processing /home/airflow/.local/lib/python3.7/site-packages/airflow/example_dags/tutorial.py took 0.084 seconds
[2023-01-26T23:32:54.523+0000] {processor.py:154} INFO - Started process (PID=1496) to work on /home/airflow/.local/lib/python3.7/site-packages/airflow/example_dags/tutorial.py
[2023-01-26T23:32:54.524+0000] {processor.py:756} INFO - Processing file /home/airflow/.local/lib/python3.7/site-packages/airflow/example_dags/tutorial.py for tasks to queue
[2023-01-26T23:32:54.524+0000] {logging_mixin.py:120} INFO - [2023-01-26T23:32:54.524+0000] {dagbag.py:537} INFO - Filling up the DagBag from /home/airflow/.local/lib/python3.7/site-packages/airflow/example_dags/tutorial.py
[2023-01-26T23:32:54.534+0000] {processor.py:766} INFO - DAG(s) dict_keys(['tutorial']) retrieved from /home/airflow/.local/lib/python3.7/site-packages/airflow/example_dags/tutorial.py
[2023-01-26T23:32:54.561+0000] {logging_mixin.py:120} INFO - [2023-01-26T23:32:54.560+0000] {dag.py:2585} INFO - Sync 1 DAGs
[2023-01-26T23:32:54.578+0000] {logging_mixin.py:120} INFO - [2023-01-26T23:32:54.577+0000] {dag.py:3340} INFO - Setting next_dagrun for tutorial to 2023-01-25T23:32:54.577713+00:00, run_after=2023-01-26T23:32:54.577713+00:00
[2023-01-26T23:32:54.591+0000] {processor.py:176} INFO - Processing /home/airflow/.local/lib/python3.7/site-packages/airflow/example_dags/tutorial.py took 0.070 seconds
[2023-01-26T23:33:24.786+0000] {processor.py:154} INFO - Started process (PID=1563) to work on /home/airflow/.local/lib/python3.7/site-packages/airflow/example_dags/tutorial.py
[2023-01-26T23:33:24.788+0000] {processor.py:756} INFO - Processing file /home/airflow/.local/lib/python3.7/site-packages/airflow/example_dags/tutorial.py for tasks to queue
[2023-01-26T23:33:24.788+0000] {logging_mixin.py:120} INFO - [2023-01-26T23:33:24.788+0000] {dagbag.py:537} INFO - Filling up the DagBag from /home/airflow/.local/lib/python3.7/site-packages/airflow/example_dags/tutorial.py
[2023-01-26T23:33:24.796+0000] {processor.py:766} INFO - DAG(s) dict_keys(['tutorial']) retrieved from /home/airflow/.local/lib/python3.7/site-packages/airflow/example_dags/tutorial.py
[2023-01-26T23:33:24.820+0000] {logging_mixin.py:120} INFO - [2023-01-26T23:33:24.820+0000] {dag.py:2585} INFO - Sync 1 DAGs
[2023-01-26T23:33:24.837+0000] {logging_mixin.py:120} INFO - [2023-01-26T23:33:24.837+0000] {dag.py:3340} INFO - Setting next_dagrun for tutorial to 2023-01-25T23:33:24.836988+00:00, run_after=2023-01-26T23:33:24.836988+00:00
[2023-01-26T23:33:24.849+0000] {processor.py:176} INFO - Processing /home/airflow/.local/lib/python3.7/site-packages/airflow/example_dags/tutorial.py took 0.064 seconds
[2023-01-26T23:33:55.008+0000] {processor.py:154} INFO - Started process (PID=1630) to work on /home/airflow/.local/lib/python3.7/site-packages/airflow/example_dags/tutorial.py
[2023-01-26T23:33:55.009+0000] {processor.py:756} INFO - Processing file /home/airflow/.local/lib/python3.7/site-packages/airflow/example_dags/tutorial.py for tasks to queue
[2023-01-26T23:33:55.009+0000] {logging_mixin.py:120} INFO - [2023-01-26T23:33:55.009+0000] {dagbag.py:537} INFO - Filling up the DagBag from /home/airflow/.local/lib/python3.7/site-packages/airflow/example_dags/tutorial.py
[2023-01-26T23:33:55.018+0000] {processor.py:766} INFO - DAG(s) dict_keys(['tutorial']) retrieved from /home/airflow/.local/lib/python3.7/site-packages/airflow/example_dags/tutorial.py
[2023-01-26T23:33:55.043+0000] {logging_mixin.py:120} INFO - [2023-01-26T23:33:55.043+0000] {dag.py:2585} INFO - Sync 1 DAGs
[2023-01-26T23:33:55.060+0000] {logging_mixin.py:120} INFO - [2023-01-26T23:33:55.060+0000] {dag.py:3340} INFO - Setting next_dagrun for tutorial to 2023-01-25T23:33:55.060625+00:00, run_after=2023-01-26T23:33:55.060625+00:00
[2023-01-26T23:33:55.073+0000] {processor.py:176} INFO - Processing /home/airflow/.local/lib/python3.7/site-packages/airflow/example_dags/tutorial.py took 0.067 seconds
[2023-01-26T23:34:25.248+0000] {processor.py:154} INFO - Started process (PID=1697) to work on /home/airflow/.local/lib/python3.7/site-packages/airflow/example_dags/tutorial.py
[2023-01-26T23:34:25.249+0000] {processor.py:756} INFO - Processing file /home/airflow/.local/lib/python3.7/site-packages/airflow/example_dags/tutorial.py for tasks to queue
[2023-01-26T23:34:25.249+0000] {logging_mixin.py:120} INFO - [2023-01-26T23:34:25.249+0000] {dagbag.py:537} INFO - Filling up the DagBag from /home/airflow/.local/lib/python3.7/site-packages/airflow/example_dags/tutorial.py
[2023-01-26T23:34:25.257+0000] {processor.py:766} INFO - DAG(s) dict_keys(['tutorial']) retrieved from /home/airflow/.local/lib/python3.7/site-packages/airflow/example_dags/tutorial.py
[2023-01-26T23:34:25.283+0000] {logging_mixin.py:120} INFO - [2023-01-26T23:34:25.283+0000] {dag.py:2585} INFO - Sync 1 DAGs
[2023-01-26T23:34:25.300+0000] {logging_mixin.py:120} INFO - [2023-01-26T23:34:25.300+0000] {dag.py:3340} INFO - Setting next_dagrun for tutorial to 2023-01-25T23:34:25.299877+00:00, run_after=2023-01-26T23:34:25.299877+00:00
[2023-01-26T23:34:25.312+0000] {processor.py:176} INFO - Processing /home/airflow/.local/lib/python3.7/site-packages/airflow/example_dags/tutorial.py took 0.067 seconds
[2023-01-26T23:34:55.612+0000] {processor.py:154} INFO - Started process (PID=1755) to work on /home/airflow/.local/lib/python3.7/site-packages/airflow/example_dags/tutorial.py
[2023-01-26T23:34:55.613+0000] {processor.py:756} INFO - Processing file /home/airflow/.local/lib/python3.7/site-packages/airflow/example_dags/tutorial.py for tasks to queue
[2023-01-26T23:34:55.613+0000] {logging_mixin.py:120} INFO - [2023-01-26T23:34:55.613+0000] {dagbag.py:537} INFO - Filling up the DagBag from /home/airflow/.local/lib/python3.7/site-packages/airflow/example_dags/tutorial.py
[2023-01-26T23:34:55.622+0000] {processor.py:766} INFO - DAG(s) dict_keys(['tutorial']) retrieved from /home/airflow/.local/lib/python3.7/site-packages/airflow/example_dags/tutorial.py
[2023-01-26T23:34:55.648+0000] {logging_mixin.py:120} INFO - [2023-01-26T23:34:55.648+0000] {dag.py:2585} INFO - Sync 1 DAGs
[2023-01-26T23:34:55.666+0000] {logging_mixin.py:120} INFO - [2023-01-26T23:34:55.666+0000] {dag.py:3340} INFO - Setting next_dagrun for tutorial to 2023-01-25T23:34:55.665789+00:00, run_after=2023-01-26T23:34:55.665789+00:00
[2023-01-26T23:34:55.680+0000] {processor.py:176} INFO - Processing /home/airflow/.local/lib/python3.7/site-packages/airflow/example_dags/tutorial.py took 0.069 seconds
[2023-01-26T23:35:26.779+0000] {processor.py:154} INFO - Started process (PID=1823) to work on /home/airflow/.local/lib/python3.7/site-packages/airflow/example_dags/tutorial.py
[2023-01-26T23:35:26.780+0000] {processor.py:756} INFO - Processing file /home/airflow/.local/lib/python3.7/site-packages/airflow/example_dags/tutorial.py for tasks to queue
[2023-01-26T23:35:26.780+0000] {logging_mixin.py:120} INFO - [2023-01-26T23:35:26.780+0000] {dagbag.py:537} INFO - Filling up the DagBag from /home/airflow/.local/lib/python3.7/site-packages/airflow/example_dags/tutorial.py
[2023-01-26T23:35:26.789+0000] {processor.py:766} INFO - DAG(s) dict_keys(['tutorial']) retrieved from /home/airflow/.local/lib/python3.7/site-packages/airflow/example_dags/tutorial.py
[2023-01-26T23:35:26.816+0000] {logging_mixin.py:120} INFO - [2023-01-26T23:35:26.816+0000] {dag.py:2585} INFO - Sync 1 DAGs
[2023-01-26T23:35:26.835+0000] {logging_mixin.py:120} INFO - [2023-01-26T23:35:26.835+0000] {dag.py:3340} INFO - Setting next_dagrun for tutorial to 2023-01-25T23:35:26.835637+00:00, run_after=2023-01-26T23:35:26.835637+00:00
[2023-01-26T23:35:26.848+0000] {processor.py:176} INFO - Processing /home/airflow/.local/lib/python3.7/site-packages/airflow/example_dags/tutorial.py took 0.071 seconds
[2023-01-26T23:35:57.961+0000] {processor.py:154} INFO - Started process (PID=1889) to work on /home/airflow/.local/lib/python3.7/site-packages/airflow/example_dags/tutorial.py
[2023-01-26T23:35:57.961+0000] {processor.py:756} INFO - Processing file /home/airflow/.local/lib/python3.7/site-packages/airflow/example_dags/tutorial.py for tasks to queue
[2023-01-26T23:35:57.962+0000] {logging_mixin.py:120} INFO - [2023-01-26T23:35:57.961+0000] {dagbag.py:537} INFO - Filling up the DagBag from /home/airflow/.local/lib/python3.7/site-packages/airflow/example_dags/tutorial.py
[2023-01-26T23:35:57.970+0000] {processor.py:766} INFO - DAG(s) dict_keys(['tutorial']) retrieved from /home/airflow/.local/lib/python3.7/site-packages/airflow/example_dags/tutorial.py
[2023-01-26T23:35:57.994+0000] {logging_mixin.py:120} INFO - [2023-01-26T23:35:57.993+0000] {dag.py:2585} INFO - Sync 1 DAGs
[2023-01-26T23:35:58.012+0000] {logging_mixin.py:120} INFO - [2023-01-26T23:35:58.011+0000] {dag.py:3340} INFO - Setting next_dagrun for tutorial to 2023-01-25T23:35:58.011756+00:00, run_after=2023-01-26T23:35:58.011756+00:00
[2023-01-26T23:35:58.029+0000] {processor.py:176} INFO - Processing /home/airflow/.local/lib/python3.7/site-packages/airflow/example_dags/tutorial.py took 0.070 seconds
[2023-01-26T23:36:29.093+0000] {processor.py:154} INFO - Started process (PID=1955) to work on /home/airflow/.local/lib/python3.7/site-packages/airflow/example_dags/tutorial.py
[2023-01-26T23:36:29.094+0000] {processor.py:756} INFO - Processing file /home/airflow/.local/lib/python3.7/site-packages/airflow/example_dags/tutorial.py for tasks to queue
[2023-01-26T23:36:29.095+0000] {logging_mixin.py:120} INFO - [2023-01-26T23:36:29.095+0000] {dagbag.py:537} INFO - Filling up the DagBag from /home/airflow/.local/lib/python3.7/site-packages/airflow/example_dags/tutorial.py
[2023-01-26T23:36:29.105+0000] {processor.py:766} INFO - DAG(s) dict_keys(['tutorial']) retrieved from /home/airflow/.local/lib/python3.7/site-packages/airflow/example_dags/tutorial.py
[2023-01-26T23:36:29.137+0000] {logging_mixin.py:120} INFO - [2023-01-26T23:36:29.137+0000] {dag.py:2585} INFO - Sync 1 DAGs
[2023-01-26T23:36:29.159+0000] {logging_mixin.py:120} INFO - [2023-01-26T23:36:29.158+0000] {dag.py:3340} INFO - Setting next_dagrun for tutorial to 2023-01-25T23:36:29.158801+00:00, run_after=2023-01-26T23:36:29.158801+00:00
[2023-01-26T23:36:29.177+0000] {processor.py:176} INFO - Processing /home/airflow/.local/lib/python3.7/site-packages/airflow/example_dags/tutorial.py took 0.085 seconds
[2023-01-26T23:36:59.447+0000] {processor.py:154} INFO - Started process (PID=2022) to work on /home/airflow/.local/lib/python3.7/site-packages/airflow/example_dags/tutorial.py
[2023-01-26T23:36:59.448+0000] {processor.py:756} INFO - Processing file /home/airflow/.local/lib/python3.7/site-packages/airflow/example_dags/tutorial.py for tasks to queue
[2023-01-26T23:36:59.448+0000] {logging_mixin.py:120} INFO - [2023-01-26T23:36:59.448+0000] {dagbag.py:537} INFO - Filling up the DagBag from /home/airflow/.local/lib/python3.7/site-packages/airflow/example_dags/tutorial.py
[2023-01-26T23:36:59.457+0000] {processor.py:766} INFO - DAG(s) dict_keys(['tutorial']) retrieved from /home/airflow/.local/lib/python3.7/site-packages/airflow/example_dags/tutorial.py
[2023-01-26T23:36:59.482+0000] {logging_mixin.py:120} INFO - [2023-01-26T23:36:59.482+0000] {dag.py:2585} INFO - Sync 1 DAGs
[2023-01-26T23:36:59.505+0000] {logging_mixin.py:120} INFO - [2023-01-26T23:36:59.505+0000] {dag.py:3340} INFO - Setting next_dagrun for tutorial to 2023-01-25T23:36:59.505017+00:00, run_after=2023-01-26T23:36:59.505017+00:00
[2023-01-26T23:36:59.522+0000] {processor.py:176} INFO - Processing /home/airflow/.local/lib/python3.7/site-packages/airflow/example_dags/tutorial.py took 0.077 seconds
[2023-01-26T23:37:29.679+0000] {processor.py:154} INFO - Started process (PID=2090) to work on /home/airflow/.local/lib/python3.7/site-packages/airflow/example_dags/tutorial.py
[2023-01-26T23:37:29.679+0000] {processor.py:756} INFO - Processing file /home/airflow/.local/lib/python3.7/site-packages/airflow/example_dags/tutorial.py for tasks to queue
[2023-01-26T23:37:29.680+0000] {logging_mixin.py:120} INFO - [2023-01-26T23:37:29.680+0000] {dagbag.py:537} INFO - Filling up the DagBag from /home/airflow/.local/lib/python3.7/site-packages/airflow/example_dags/tutorial.py
[2023-01-26T23:37:29.690+0000] {processor.py:766} INFO - DAG(s) dict_keys(['tutorial']) retrieved from /home/airflow/.local/lib/python3.7/site-packages/airflow/example_dags/tutorial.py
[2023-01-26T23:37:29.748+0000] {logging_mixin.py:120} INFO - [2023-01-26T23:37:29.748+0000] {dag.py:2585} INFO - Sync 1 DAGs
[2023-01-26T23:37:29.765+0000] {logging_mixin.py:120} INFO - [2023-01-26T23:37:29.765+0000] {dag.py:3340} INFO - Setting next_dagrun for tutorial to 2023-01-25T23:37:29.765030+00:00, run_after=2023-01-26T23:37:29.765030+00:00
[2023-01-26T23:37:29.778+0000] {processor.py:176} INFO - Processing /home/airflow/.local/lib/python3.7/site-packages/airflow/example_dags/tutorial.py took 0.101 seconds
[2023-01-26T23:38:00.829+0000] {processor.py:154} INFO - Started process (PID=2149) to work on /home/airflow/.local/lib/python3.7/site-packages/airflow/example_dags/tutorial.py
[2023-01-26T23:38:00.830+0000] {processor.py:756} INFO - Processing file /home/airflow/.local/lib/python3.7/site-packages/airflow/example_dags/tutorial.py for tasks to queue
[2023-01-26T23:38:00.830+0000] {logging_mixin.py:120} INFO - [2023-01-26T23:38:00.830+0000] {dagbag.py:537} INFO - Filling up the DagBag from /home/airflow/.local/lib/python3.7/site-packages/airflow/example_dags/tutorial.py
[2023-01-26T23:38:00.839+0000] {processor.py:766} INFO - DAG(s) dict_keys(['tutorial']) retrieved from /home/airflow/.local/lib/python3.7/site-packages/airflow/example_dags/tutorial.py
[2023-01-26T23:38:00.867+0000] {logging_mixin.py:120} INFO - [2023-01-26T23:38:00.867+0000] {dag.py:2585} INFO - Sync 1 DAGs
[2023-01-26T23:38:00.886+0000] {logging_mixin.py:120} INFO - [2023-01-26T23:38:00.886+0000] {dag.py:3340} INFO - Setting next_dagrun for tutorial to 2023-01-25T23:38:00.886729+00:00, run_after=2023-01-26T23:38:00.886729+00:00
[2023-01-26T23:38:00.901+0000] {processor.py:176} INFO - Processing /home/airflow/.local/lib/python3.7/site-packages/airflow/example_dags/tutorial.py took 0.074 seconds
[2023-01-26T23:38:31.220+0000] {processor.py:154} INFO - Started process (PID=2217) to work on /home/airflow/.local/lib/python3.7/site-packages/airflow/example_dags/tutorial.py
[2023-01-26T23:38:31.221+0000] {processor.py:756} INFO - Processing file /home/airflow/.local/lib/python3.7/site-packages/airflow/example_dags/tutorial.py for tasks to queue
[2023-01-26T23:38:31.221+0000] {logging_mixin.py:120} INFO - [2023-01-26T23:38:31.221+0000] {dagbag.py:537} INFO - Filling up the DagBag from /home/airflow/.local/lib/python3.7/site-packages/airflow/example_dags/tutorial.py
[2023-01-26T23:38:31.230+0000] {processor.py:766} INFO - DAG(s) dict_keys(['tutorial']) retrieved from /home/airflow/.local/lib/python3.7/site-packages/airflow/example_dags/tutorial.py
[2023-01-26T23:38:31.255+0000] {logging_mixin.py:120} INFO - [2023-01-26T23:38:31.255+0000] {dag.py:2585} INFO - Sync 1 DAGs
[2023-01-26T23:38:31.273+0000] {logging_mixin.py:120} INFO - [2023-01-26T23:38:31.272+0000] {dag.py:3340} INFO - Setting next_dagrun for tutorial to 2023-01-25T23:38:31.272743+00:00, run_after=2023-01-26T23:38:31.272743+00:00
[2023-01-26T23:38:31.285+0000] {processor.py:176} INFO - Processing /home/airflow/.local/lib/python3.7/site-packages/airflow/example_dags/tutorial.py took 0.067 seconds
[2023-01-26T23:39:01.532+0000] {processor.py:154} INFO - Started process (PID=2285) to work on /home/airflow/.local/lib/python3.7/site-packages/airflow/example_dags/tutorial.py
[2023-01-26T23:39:01.533+0000] {processor.py:756} INFO - Processing file /home/airflow/.local/lib/python3.7/site-packages/airflow/example_dags/tutorial.py for tasks to queue
[2023-01-26T23:39:01.534+0000] {logging_mixin.py:120} INFO - [2023-01-26T23:39:01.534+0000] {dagbag.py:537} INFO - Filling up the DagBag from /home/airflow/.local/lib/python3.7/site-packages/airflow/example_dags/tutorial.py
[2023-01-26T23:39:01.543+0000] {processor.py:766} INFO - DAG(s) dict_keys(['tutorial']) retrieved from /home/airflow/.local/lib/python3.7/site-packages/airflow/example_dags/tutorial.py
[2023-01-26T23:39:01.568+0000] {logging_mixin.py:120} INFO - [2023-01-26T23:39:01.568+0000] {dag.py:2585} INFO - Sync 1 DAGs
[2023-01-26T23:39:01.586+0000] {logging_mixin.py:120} INFO - [2023-01-26T23:39:01.586+0000] {dag.py:3340} INFO - Setting next_dagrun for tutorial to 2023-01-25T23:39:01.586333+00:00, run_after=2023-01-26T23:39:01.586333+00:00
[2023-01-26T23:39:01.601+0000] {processor.py:176} INFO - Processing /home/airflow/.local/lib/python3.7/site-packages/airflow/example_dags/tutorial.py took 0.071 seconds
[2023-01-26T23:39:31.920+0000] {processor.py:154} INFO - Started process (PID=2353) to work on /home/airflow/.local/lib/python3.7/site-packages/airflow/example_dags/tutorial.py
[2023-01-26T23:39:31.921+0000] {processor.py:756} INFO - Processing file /home/airflow/.local/lib/python3.7/site-packages/airflow/example_dags/tutorial.py for tasks to queue
[2023-01-26T23:39:31.921+0000] {logging_mixin.py:120} INFO - [2023-01-26T23:39:31.921+0000] {dagbag.py:537} INFO - Filling up the DagBag from /home/airflow/.local/lib/python3.7/site-packages/airflow/example_dags/tutorial.py
[2023-01-26T23:39:31.930+0000] {processor.py:766} INFO - DAG(s) dict_keys(['tutorial']) retrieved from /home/airflow/.local/lib/python3.7/site-packages/airflow/example_dags/tutorial.py
[2023-01-26T23:39:31.954+0000] {logging_mixin.py:120} INFO - [2023-01-26T23:39:31.954+0000] {dag.py:2585} INFO - Sync 1 DAGs
[2023-01-26T23:39:31.974+0000] {logging_mixin.py:120} INFO - [2023-01-26T23:39:31.974+0000] {dag.py:3340} INFO - Setting next_dagrun for tutorial to 2023-01-25T23:39:31.974642+00:00, run_after=2023-01-26T23:39:31.974642+00:00
[2023-01-26T23:39:31.987+0000] {processor.py:176} INFO - Processing /home/airflow/.local/lib/python3.7/site-packages/airflow/example_dags/tutorial.py took 0.069 seconds
[2023-01-26T23:40:03.069+0000] {processor.py:154} INFO - Started process (PID=2421) to work on /home/airflow/.local/lib/python3.7/site-packages/airflow/example_dags/tutorial.py
[2023-01-26T23:40:03.069+0000] {processor.py:756} INFO - Processing file /home/airflow/.local/lib/python3.7/site-packages/airflow/example_dags/tutorial.py for tasks to queue
[2023-01-26T23:40:03.070+0000] {logging_mixin.py:120} INFO - [2023-01-26T23:40:03.070+0000] {dagbag.py:537} INFO - Filling up the DagBag from /home/airflow/.local/lib/python3.7/site-packages/airflow/example_dags/tutorial.py
[2023-01-26T23:40:03.078+0000] {processor.py:766} INFO - DAG(s) dict_keys(['tutorial']) retrieved from /home/airflow/.local/lib/python3.7/site-packages/airflow/example_dags/tutorial.py
[2023-01-26T23:40:03.103+0000] {logging_mixin.py:120} INFO - [2023-01-26T23:40:03.103+0000] {dag.py:2585} INFO - Sync 1 DAGs
[2023-01-26T23:40:03.119+0000] {logging_mixin.py:120} INFO - [2023-01-26T23:40:03.119+0000] {dag.py:3340} INFO - Setting next_dagrun for tutorial to 2023-01-25T23:40:03.119206+00:00, run_after=2023-01-26T23:40:03.119206+00:00
[2023-01-26T23:40:03.132+0000] {processor.py:176} INFO - Processing /home/airflow/.local/lib/python3.7/site-packages/airflow/example_dags/tutorial.py took 0.065 seconds
[2023-01-26T23:40:34.245+0000] {processor.py:154} INFO - Started process (PID=2487) to work on /home/airflow/.local/lib/python3.7/site-packages/airflow/example_dags/tutorial.py
[2023-01-26T23:40:34.245+0000] {processor.py:756} INFO - Processing file /home/airflow/.local/lib/python3.7/site-packages/airflow/example_dags/tutorial.py for tasks to queue
[2023-01-26T23:40:34.246+0000] {logging_mixin.py:120} INFO - [2023-01-26T23:40:34.246+0000] {dagbag.py:537} INFO - Filling up the DagBag from /home/airflow/.local/lib/python3.7/site-packages/airflow/example_dags/tutorial.py
[2023-01-26T23:40:34.254+0000] {processor.py:766} INFO - DAG(s) dict_keys(['tutorial']) retrieved from /home/airflow/.local/lib/python3.7/site-packages/airflow/example_dags/tutorial.py
[2023-01-26T23:40:34.283+0000] {logging_mixin.py:120} INFO - [2023-01-26T23:40:34.283+0000] {dag.py:2585} INFO - Sync 1 DAGs
[2023-01-26T23:40:34.307+0000] {logging_mixin.py:120} INFO - [2023-01-26T23:40:34.307+0000] {dag.py:3340} INFO - Setting next_dagrun for tutorial to 2023-01-25T23:40:34.307017+00:00, run_after=2023-01-26T23:40:34.307017+00:00
[2023-01-26T23:40:34.323+0000] {processor.py:176} INFO - Processing /home/airflow/.local/lib/python3.7/site-packages/airflow/example_dags/tutorial.py took 0.081 seconds
[2023-01-26T23:41:05.391+0000] {processor.py:154} INFO - Started process (PID=2548) to work on /home/airflow/.local/lib/python3.7/site-packages/airflow/example_dags/tutorial.py
[2023-01-26T23:41:05.391+0000] {processor.py:756} INFO - Processing file /home/airflow/.local/lib/python3.7/site-packages/airflow/example_dags/tutorial.py for tasks to queue
[2023-01-26T23:41:05.392+0000] {logging_mixin.py:120} INFO - [2023-01-26T23:41:05.392+0000] {dagbag.py:537} INFO - Filling up the DagBag from /home/airflow/.local/lib/python3.7/site-packages/airflow/example_dags/tutorial.py
[2023-01-26T23:41:05.400+0000] {processor.py:766} INFO - DAG(s) dict_keys(['tutorial']) retrieved from /home/airflow/.local/lib/python3.7/site-packages/airflow/example_dags/tutorial.py
[2023-01-26T23:41:05.424+0000] {logging_mixin.py:120} INFO - [2023-01-26T23:41:05.424+0000] {dag.py:2585} INFO - Sync 1 DAGs
[2023-01-26T23:41:05.440+0000] {logging_mixin.py:120} INFO - [2023-01-26T23:41:05.440+0000] {dag.py:3340} INFO - Setting next_dagrun for tutorial to 2023-01-25T23:41:05.439679+00:00, run_after=2023-01-26T23:41:05.439679+00:00
[2023-01-26T23:41:05.453+0000] {processor.py:176} INFO - Processing /home/airflow/.local/lib/python3.7/site-packages/airflow/example_dags/tutorial.py took 0.065 seconds
[2023-01-26T23:41:36.410+0000] {processor.py:154} INFO - Started process (PID=2616) to work on /home/airflow/.local/lib/python3.7/site-packages/airflow/example_dags/tutorial.py
[2023-01-26T23:41:36.411+0000] {processor.py:756} INFO - Processing file /home/airflow/.local/lib/python3.7/site-packages/airflow/example_dags/tutorial.py for tasks to queue
[2023-01-26T23:41:36.412+0000] {logging_mixin.py:120} INFO - [2023-01-26T23:41:36.412+0000] {dagbag.py:537} INFO - Filling up the DagBag from /home/airflow/.local/lib/python3.7/site-packages/airflow/example_dags/tutorial.py
[2023-01-26T23:41:36.420+0000] {processor.py:766} INFO - DAG(s) dict_keys(['tutorial']) retrieved from /home/airflow/.local/lib/python3.7/site-packages/airflow/example_dags/tutorial.py
[2023-01-26T23:41:36.435+0000] {logging_mixin.py:120} INFO - [2023-01-26T23:41:36.435+0000] {dag.py:2585} INFO - Sync 1 DAGs
[2023-01-26T23:41:36.454+0000] {logging_mixin.py:120} INFO - [2023-01-26T23:41:36.453+0000] {dag.py:3340} INFO - Setting next_dagrun for tutorial to 2023-01-25T23:41:36.453811+00:00, run_after=2023-01-26T23:41:36.453811+00:00
[2023-01-26T23:41:36.467+0000] {processor.py:176} INFO - Processing /home/airflow/.local/lib/python3.7/site-packages/airflow/example_dags/tutorial.py took 0.058 seconds
[2023-01-26T23:42:06.660+0000] {processor.py:154} INFO - Started process (PID=2684) to work on /home/airflow/.local/lib/python3.7/site-packages/airflow/example_dags/tutorial.py
[2023-01-26T23:42:06.660+0000] {processor.py:756} INFO - Processing file /home/airflow/.local/lib/python3.7/site-packages/airflow/example_dags/tutorial.py for tasks to queue
[2023-01-26T23:42:06.661+0000] {logging_mixin.py:120} INFO - [2023-01-26T23:42:06.660+0000] {dagbag.py:537} INFO - Filling up the DagBag from /home/airflow/.local/lib/python3.7/site-packages/airflow/example_dags/tutorial.py
[2023-01-26T23:42:06.669+0000] {processor.py:766} INFO - DAG(s) dict_keys(['tutorial']) retrieved from /home/airflow/.local/lib/python3.7/site-packages/airflow/example_dags/tutorial.py
[2023-01-26T23:42:06.699+0000] {logging_mixin.py:120} INFO - [2023-01-26T23:42:06.699+0000] {dag.py:2585} INFO - Sync 1 DAGs
[2023-01-26T23:42:06.723+0000] {logging_mixin.py:120} INFO - [2023-01-26T23:42:06.723+0000] {dag.py:3340} INFO - Setting next_dagrun for tutorial to 2023-01-25T23:42:06.723517+00:00, run_after=2023-01-26T23:42:06.723517+00:00
[2023-01-26T23:42:06.740+0000] {processor.py:176} INFO - Processing /home/airflow/.local/lib/python3.7/site-packages/airflow/example_dags/tutorial.py took 0.082 seconds
[2023-01-26T23:42:36.892+0000] {processor.py:154} INFO - Started process (PID=2752) to work on /home/airflow/.local/lib/python3.7/site-packages/airflow/example_dags/tutorial.py
[2023-01-26T23:42:36.893+0000] {processor.py:756} INFO - Processing file /home/airflow/.local/lib/python3.7/site-packages/airflow/example_dags/tutorial.py for tasks to queue
[2023-01-26T23:42:36.894+0000] {logging_mixin.py:120} INFO - [2023-01-26T23:42:36.894+0000] {dagbag.py:537} INFO - Filling up the DagBag from /home/airflow/.local/lib/python3.7/site-packages/airflow/example_dags/tutorial.py
[2023-01-26T23:42:36.902+0000] {processor.py:766} INFO - DAG(s) dict_keys(['tutorial']) retrieved from /home/airflow/.local/lib/python3.7/site-packages/airflow/example_dags/tutorial.py
[2023-01-26T23:42:36.926+0000] {logging_mixin.py:120} INFO - [2023-01-26T23:42:36.926+0000] {dag.py:2585} INFO - Sync 1 DAGs
[2023-01-26T23:42:36.941+0000] {logging_mixin.py:120} INFO - [2023-01-26T23:42:36.941+0000] {dag.py:3340} INFO - Setting next_dagrun for tutorial to 2023-01-25T23:42:36.941670+00:00, run_after=2023-01-26T23:42:36.941670+00:00
[2023-01-26T23:42:36.954+0000] {processor.py:176} INFO - Processing /home/airflow/.local/lib/python3.7/site-packages/airflow/example_dags/tutorial.py took 0.064 seconds
[2023-01-26T23:43:07.251+0000] {processor.py:154} INFO - Started process (PID=2819) to work on /home/airflow/.local/lib/python3.7/site-packages/airflow/example_dags/tutorial.py
[2023-01-26T23:43:07.251+0000] {processor.py:756} INFO - Processing file /home/airflow/.local/lib/python3.7/site-packages/airflow/example_dags/tutorial.py for tasks to queue
[2023-01-26T23:43:07.252+0000] {logging_mixin.py:120} INFO - [2023-01-26T23:43:07.252+0000] {dagbag.py:537} INFO - Filling up the DagBag from /home/airflow/.local/lib/python3.7/site-packages/airflow/example_dags/tutorial.py
[2023-01-26T23:43:07.265+0000] {processor.py:766} INFO - DAG(s) dict_keys(['tutorial']) retrieved from /home/airflow/.local/lib/python3.7/site-packages/airflow/example_dags/tutorial.py
[2023-01-26T23:43:07.296+0000] {logging_mixin.py:120} INFO - [2023-01-26T23:43:07.296+0000] {dag.py:2585} INFO - Sync 1 DAGs
[2023-01-26T23:43:07.314+0000] {logging_mixin.py:120} INFO - [2023-01-26T23:43:07.314+0000] {dag.py:3340} INFO - Setting next_dagrun for tutorial to 2023-01-25T23:43:07.314651+00:00, run_after=2023-01-26T23:43:07.314651+00:00
[2023-01-26T23:43:07.330+0000] {processor.py:176} INFO - Processing /home/airflow/.local/lib/python3.7/site-packages/airflow/example_dags/tutorial.py took 0.081 seconds
[2023-01-26T23:43:37.468+0000] {processor.py:154} INFO - Started process (PID=2878) to work on /home/airflow/.local/lib/python3.7/site-packages/airflow/example_dags/tutorial.py
[2023-01-26T23:43:37.469+0000] {processor.py:756} INFO - Processing file /home/airflow/.local/lib/python3.7/site-packages/airflow/example_dags/tutorial.py for tasks to queue
[2023-01-26T23:43:37.470+0000] {logging_mixin.py:120} INFO - [2023-01-26T23:43:37.469+0000] {dagbag.py:537} INFO - Filling up the DagBag from /home/airflow/.local/lib/python3.7/site-packages/airflow/example_dags/tutorial.py
[2023-01-26T23:43:37.478+0000] {processor.py:766} INFO - DAG(s) dict_keys(['tutorial']) retrieved from /home/airflow/.local/lib/python3.7/site-packages/airflow/example_dags/tutorial.py
[2023-01-26T23:43:37.503+0000] {logging_mixin.py:120} INFO - [2023-01-26T23:43:37.503+0000] {dag.py:2585} INFO - Sync 1 DAGs
[2023-01-26T23:43:37.519+0000] {logging_mixin.py:120} INFO - [2023-01-26T23:43:37.518+0000] {dag.py:3340} INFO - Setting next_dagrun for tutorial to 2023-01-25T23:43:37.518790+00:00, run_after=2023-01-26T23:43:37.518790+00:00
[2023-01-26T23:43:37.531+0000] {processor.py:176} INFO - Processing /home/airflow/.local/lib/python3.7/site-packages/airflow/example_dags/tutorial.py took 0.065 seconds
[2023-01-26T23:44:08.582+0000] {processor.py:154} INFO - Started process (PID=2946) to work on /home/airflow/.local/lib/python3.7/site-packages/airflow/example_dags/tutorial.py
[2023-01-26T23:44:08.583+0000] {processor.py:756} INFO - Processing file /home/airflow/.local/lib/python3.7/site-packages/airflow/example_dags/tutorial.py for tasks to queue
[2023-01-26T23:44:08.583+0000] {logging_mixin.py:120} INFO - [2023-01-26T23:44:08.583+0000] {dagbag.py:537} INFO - Filling up the DagBag from /home/airflow/.local/lib/python3.7/site-packages/airflow/example_dags/tutorial.py
[2023-01-26T23:44:08.591+0000] {processor.py:766} INFO - DAG(s) dict_keys(['tutorial']) retrieved from /home/airflow/.local/lib/python3.7/site-packages/airflow/example_dags/tutorial.py
[2023-01-26T23:44:08.616+0000] {logging_mixin.py:120} INFO - [2023-01-26T23:44:08.616+0000] {dag.py:2585} INFO - Sync 1 DAGs
[2023-01-26T23:44:08.631+0000] {logging_mixin.py:120} INFO - [2023-01-26T23:44:08.631+0000] {dag.py:3340} INFO - Setting next_dagrun for tutorial to 2023-01-25T23:44:08.631524+00:00, run_after=2023-01-26T23:44:08.631524+00:00
[2023-01-26T23:44:08.644+0000] {processor.py:176} INFO - Processing /home/airflow/.local/lib/python3.7/site-packages/airflow/example_dags/tutorial.py took 0.063 seconds
[2023-01-26T23:45:54.550+0000] {processor.py:154} INFO - Started process (PID=57) to work on /home/airflow/.local/lib/python3.7/site-packages/airflow/example_dags/tutorial.py
[2023-01-26T23:45:54.552+0000] {processor.py:756} INFO - Processing file /home/airflow/.local/lib/python3.7/site-packages/airflow/example_dags/tutorial.py for tasks to queue
[2023-01-26T23:45:54.553+0000] {logging_mixin.py:120} INFO - [2023-01-26T23:45:54.552+0000] {dagbag.py:537} INFO - Filling up the DagBag from /home/airflow/.local/lib/python3.7/site-packages/airflow/example_dags/tutorial.py
[2023-01-26T23:45:54.579+0000] {processor.py:766} INFO - DAG(s) dict_keys(['tutorial']) retrieved from /home/airflow/.local/lib/python3.7/site-packages/airflow/example_dags/tutorial.py
[2023-01-26T23:45:54.619+0000] {logging_mixin.py:120} INFO - [2023-01-26T23:45:54.619+0000] {dag.py:2585} INFO - Sync 1 DAGs
[2023-01-26T23:45:54.667+0000] {logging_mixin.py:120} INFO - [2023-01-26T23:45:54.667+0000] {dag.py:3340} INFO - Setting next_dagrun for tutorial to 2023-01-25T23:45:54.667323+00:00, run_after=2023-01-26T23:45:54.667323+00:00
[2023-01-26T23:45:54.703+0000] {processor.py:176} INFO - Processing /home/airflow/.local/lib/python3.7/site-packages/airflow/example_dags/tutorial.py took 0.157 seconds
[2023-01-26T23:46:24.772+0000] {processor.py:154} INFO - Started process (PID=125) to work on /home/airflow/.local/lib/python3.7/site-packages/airflow/example_dags/tutorial.py
[2023-01-26T23:46:24.773+0000] {processor.py:756} INFO - Processing file /home/airflow/.local/lib/python3.7/site-packages/airflow/example_dags/tutorial.py for tasks to queue
[2023-01-26T23:46:24.773+0000] {logging_mixin.py:120} INFO - [2023-01-26T23:46:24.773+0000] {dagbag.py:537} INFO - Filling up the DagBag from /home/airflow/.local/lib/python3.7/site-packages/airflow/example_dags/tutorial.py
[2023-01-26T23:46:24.781+0000] {processor.py:766} INFO - DAG(s) dict_keys(['tutorial']) retrieved from /home/airflow/.local/lib/python3.7/site-packages/airflow/example_dags/tutorial.py
[2023-01-26T23:46:24.807+0000] {logging_mixin.py:120} INFO - [2023-01-26T23:46:24.807+0000] {dag.py:2585} INFO - Sync 1 DAGs
[2023-01-26T23:46:24.826+0000] {logging_mixin.py:120} INFO - [2023-01-26T23:46:24.825+0000] {dag.py:3340} INFO - Setting next_dagrun for tutorial to 2023-01-25T23:46:24.825784+00:00, run_after=2023-01-26T23:46:24.825784+00:00
[2023-01-26T23:46:24.840+0000] {processor.py:176} INFO - Processing /home/airflow/.local/lib/python3.7/site-packages/airflow/example_dags/tutorial.py took 0.070 seconds
[2023-01-26T23:46:55.436+0000] {processor.py:154} INFO - Started process (PID=194) to work on /home/airflow/.local/lib/python3.7/site-packages/airflow/example_dags/tutorial.py
[2023-01-26T23:46:55.436+0000] {processor.py:756} INFO - Processing file /home/airflow/.local/lib/python3.7/site-packages/airflow/example_dags/tutorial.py for tasks to queue
[2023-01-26T23:46:55.437+0000] {logging_mixin.py:120} INFO - [2023-01-26T23:46:55.437+0000] {dagbag.py:537} INFO - Filling up the DagBag from /home/airflow/.local/lib/python3.7/site-packages/airflow/example_dags/tutorial.py
[2023-01-26T23:46:55.445+0000] {processor.py:766} INFO - DAG(s) dict_keys(['tutorial']) retrieved from /home/airflow/.local/lib/python3.7/site-packages/airflow/example_dags/tutorial.py
[2023-01-26T23:46:55.470+0000] {logging_mixin.py:120} INFO - [2023-01-26T23:46:55.470+0000] {dag.py:2585} INFO - Sync 1 DAGs
[2023-01-26T23:46:55.487+0000] {logging_mixin.py:120} INFO - [2023-01-26T23:46:55.487+0000] {dag.py:3340} INFO - Setting next_dagrun for tutorial to 2023-01-25T23:46:55.487143+00:00, run_after=2023-01-26T23:46:55.487143+00:00
[2023-01-26T23:46:55.502+0000] {processor.py:176} INFO - Processing /home/airflow/.local/lib/python3.7/site-packages/airflow/example_dags/tutorial.py took 0.068 seconds
[2023-01-26T23:47:26.638+0000] {processor.py:154} INFO - Started process (PID=253) to work on /home/airflow/.local/lib/python3.7/site-packages/airflow/example_dags/tutorial.py
[2023-01-26T23:47:26.639+0000] {processor.py:756} INFO - Processing file /home/airflow/.local/lib/python3.7/site-packages/airflow/example_dags/tutorial.py for tasks to queue
[2023-01-26T23:47:26.639+0000] {logging_mixin.py:120} INFO - [2023-01-26T23:47:26.639+0000] {dagbag.py:537} INFO - Filling up the DagBag from /home/airflow/.local/lib/python3.7/site-packages/airflow/example_dags/tutorial.py
[2023-01-26T23:47:26.648+0000] {processor.py:766} INFO - DAG(s) dict_keys(['tutorial']) retrieved from /home/airflow/.local/lib/python3.7/site-packages/airflow/example_dags/tutorial.py
[2023-01-26T23:47:26.677+0000] {logging_mixin.py:120} INFO - [2023-01-26T23:47:26.677+0000] {dag.py:2585} INFO - Sync 1 DAGs
[2023-01-26T23:47:26.696+0000] {logging_mixin.py:120} INFO - [2023-01-26T23:47:26.696+0000] {dag.py:3340} INFO - Setting next_dagrun for tutorial to 2023-01-25T23:47:26.696443+00:00, run_after=2023-01-26T23:47:26.696443+00:00
[2023-01-26T23:47:26.709+0000] {processor.py:176} INFO - Processing /home/airflow/.local/lib/python3.7/site-packages/airflow/example_dags/tutorial.py took 0.074 seconds
[2023-01-26T23:47:57.089+0000] {processor.py:154} INFO - Started process (PID=321) to work on /home/airflow/.local/lib/python3.7/site-packages/airflow/example_dags/tutorial.py
[2023-01-26T23:47:57.090+0000] {processor.py:756} INFO - Processing file /home/airflow/.local/lib/python3.7/site-packages/airflow/example_dags/tutorial.py for tasks to queue
[2023-01-26T23:47:57.090+0000] {logging_mixin.py:120} INFO - [2023-01-26T23:47:57.090+0000] {dagbag.py:537} INFO - Filling up the DagBag from /home/airflow/.local/lib/python3.7/site-packages/airflow/example_dags/tutorial.py
[2023-01-26T23:47:57.099+0000] {processor.py:766} INFO - DAG(s) dict_keys(['tutorial']) retrieved from /home/airflow/.local/lib/python3.7/site-packages/airflow/example_dags/tutorial.py
[2023-01-26T23:47:57.124+0000] {logging_mixin.py:120} INFO - [2023-01-26T23:47:57.124+0000] {dag.py:2585} INFO - Sync 1 DAGs
[2023-01-26T23:47:57.141+0000] {logging_mixin.py:120} INFO - [2023-01-26T23:47:57.141+0000] {dag.py:3340} INFO - Setting next_dagrun for tutorial to 2023-01-25T23:47:57.141568+00:00, run_after=2023-01-26T23:47:57.141568+00:00
[2023-01-26T23:47:57.154+0000] {processor.py:176} INFO - Processing /home/airflow/.local/lib/python3.7/site-packages/airflow/example_dags/tutorial.py took 0.066 seconds
[2023-01-26T23:48:27.284+0000] {processor.py:154} INFO - Started process (PID=389) to work on /home/airflow/.local/lib/python3.7/site-packages/airflow/example_dags/tutorial.py
[2023-01-26T23:48:27.285+0000] {processor.py:756} INFO - Processing file /home/airflow/.local/lib/python3.7/site-packages/airflow/example_dags/tutorial.py for tasks to queue
[2023-01-26T23:48:27.286+0000] {logging_mixin.py:120} INFO - [2023-01-26T23:48:27.286+0000] {dagbag.py:537} INFO - Filling up the DagBag from /home/airflow/.local/lib/python3.7/site-packages/airflow/example_dags/tutorial.py
[2023-01-26T23:48:27.295+0000] {processor.py:766} INFO - DAG(s) dict_keys(['tutorial']) retrieved from /home/airflow/.local/lib/python3.7/site-packages/airflow/example_dags/tutorial.py
[2023-01-26T23:48:27.321+0000] {logging_mixin.py:120} INFO - [2023-01-26T23:48:27.320+0000] {dag.py:2585} INFO - Sync 1 DAGs
[2023-01-26T23:48:27.337+0000] {logging_mixin.py:120} INFO - [2023-01-26T23:48:27.337+0000] {dag.py:3340} INFO - Setting next_dagrun for tutorial to 2023-01-25T23:48:27.337179+00:00, run_after=2023-01-26T23:48:27.337179+00:00
[2023-01-26T23:48:27.350+0000] {processor.py:176} INFO - Processing /home/airflow/.local/lib/python3.7/site-packages/airflow/example_dags/tutorial.py took 0.068 seconds
[2023-01-26T23:48:57.655+0000] {processor.py:154} INFO - Started process (PID=458) to work on /home/airflow/.local/lib/python3.7/site-packages/airflow/example_dags/tutorial.py
[2023-01-26T23:48:57.656+0000] {processor.py:756} INFO - Processing file /home/airflow/.local/lib/python3.7/site-packages/airflow/example_dags/tutorial.py for tasks to queue
[2023-01-26T23:48:57.657+0000] {logging_mixin.py:120} INFO - [2023-01-26T23:48:57.656+0000] {dagbag.py:537} INFO - Filling up the DagBag from /home/airflow/.local/lib/python3.7/site-packages/airflow/example_dags/tutorial.py
[2023-01-26T23:48:57.665+0000] {processor.py:766} INFO - DAG(s) dict_keys(['tutorial']) retrieved from /home/airflow/.local/lib/python3.7/site-packages/airflow/example_dags/tutorial.py
[2023-01-26T23:48:57.694+0000] {logging_mixin.py:120} INFO - [2023-01-26T23:48:57.694+0000] {dag.py:2585} INFO - Sync 1 DAGs
[2023-01-26T23:48:57.716+0000] {logging_mixin.py:120} INFO - [2023-01-26T23:48:57.716+0000] {dag.py:3340} INFO - Setting next_dagrun for tutorial to 2023-01-25T23:48:57.716179+00:00, run_after=2023-01-26T23:48:57.716179+00:00
[2023-01-26T23:48:57.732+0000] {processor.py:176} INFO - Processing /home/airflow/.local/lib/python3.7/site-packages/airflow/example_dags/tutorial.py took 0.079 seconds
[2023-01-26T23:49:28.062+0000] {processor.py:154} INFO - Started process (PID=525) to work on /home/airflow/.local/lib/python3.7/site-packages/airflow/example_dags/tutorial.py
[2023-01-26T23:49:28.063+0000] {processor.py:756} INFO - Processing file /home/airflow/.local/lib/python3.7/site-packages/airflow/example_dags/tutorial.py for tasks to queue
[2023-01-26T23:49:28.063+0000] {logging_mixin.py:120} INFO - [2023-01-26T23:49:28.063+0000] {dagbag.py:537} INFO - Filling up the DagBag from /home/airflow/.local/lib/python3.7/site-packages/airflow/example_dags/tutorial.py
[2023-01-26T23:49:28.072+0000] {processor.py:766} INFO - DAG(s) dict_keys(['tutorial']) retrieved from /home/airflow/.local/lib/python3.7/site-packages/airflow/example_dags/tutorial.py
[2023-01-26T23:49:28.096+0000] {logging_mixin.py:120} INFO - [2023-01-26T23:49:28.096+0000] {dag.py:2585} INFO - Sync 1 DAGs
[2023-01-26T23:49:28.112+0000] {logging_mixin.py:120} INFO - [2023-01-26T23:49:28.112+0000] {dag.py:3340} INFO - Setting next_dagrun for tutorial to 2023-01-25T23:49:28.112131+00:00, run_after=2023-01-26T23:49:28.112131+00:00
[2023-01-26T23:49:28.126+0000] {processor.py:176} INFO - Processing /home/airflow/.local/lib/python3.7/site-packages/airflow/example_dags/tutorial.py took 0.065 seconds
[2023-01-26T23:49:58.444+0000] {processor.py:154} INFO - Started process (PID=583) to work on /home/airflow/.local/lib/python3.7/site-packages/airflow/example_dags/tutorial.py
[2023-01-26T23:49:58.444+0000] {processor.py:756} INFO - Processing file /home/airflow/.local/lib/python3.7/site-packages/airflow/example_dags/tutorial.py for tasks to queue
[2023-01-26T23:49:58.445+0000] {logging_mixin.py:120} INFO - [2023-01-26T23:49:58.445+0000] {dagbag.py:537} INFO - Filling up the DagBag from /home/airflow/.local/lib/python3.7/site-packages/airflow/example_dags/tutorial.py
[2023-01-26T23:49:58.454+0000] {processor.py:766} INFO - DAG(s) dict_keys(['tutorial']) retrieved from /home/airflow/.local/lib/python3.7/site-packages/airflow/example_dags/tutorial.py
[2023-01-26T23:49:58.478+0000] {logging_mixin.py:120} INFO - [2023-01-26T23:49:58.478+0000] {dag.py:2585} INFO - Sync 1 DAGs
[2023-01-26T23:49:58.495+0000] {logging_mixin.py:120} INFO - [2023-01-26T23:49:58.495+0000] {dag.py:3340} INFO - Setting next_dagrun for tutorial to 2023-01-25T23:49:58.495127+00:00, run_after=2023-01-26T23:49:58.495127+00:00
[2023-01-26T23:49:58.507+0000] {processor.py:176} INFO - Processing /home/airflow/.local/lib/python3.7/site-packages/airflow/example_dags/tutorial.py took 0.065 seconds
[2023-01-26T23:50:29.612+0000] {processor.py:154} INFO - Started process (PID=651) to work on /home/airflow/.local/lib/python3.7/site-packages/airflow/example_dags/tutorial.py
[2023-01-26T23:50:29.613+0000] {processor.py:756} INFO - Processing file /home/airflow/.local/lib/python3.7/site-packages/airflow/example_dags/tutorial.py for tasks to queue
[2023-01-26T23:50:29.614+0000] {logging_mixin.py:120} INFO - [2023-01-26T23:50:29.614+0000] {dagbag.py:537} INFO - Filling up the DagBag from /home/airflow/.local/lib/python3.7/site-packages/airflow/example_dags/tutorial.py
[2023-01-26T23:50:29.623+0000] {processor.py:766} INFO - DAG(s) dict_keys(['tutorial']) retrieved from /home/airflow/.local/lib/python3.7/site-packages/airflow/example_dags/tutorial.py
[2023-01-26T23:50:29.648+0000] {logging_mixin.py:120} INFO - [2023-01-26T23:50:29.648+0000] {dag.py:2585} INFO - Sync 1 DAGs
[2023-01-26T23:50:29.665+0000] {logging_mixin.py:120} INFO - [2023-01-26T23:50:29.665+0000] {dag.py:3340} INFO - Setting next_dagrun for tutorial to 2023-01-25T23:50:29.665147+00:00, run_after=2023-01-26T23:50:29.665147+00:00
[2023-01-26T23:50:29.678+0000] {processor.py:176} INFO - Processing /home/airflow/.local/lib/python3.7/site-packages/airflow/example_dags/tutorial.py took 0.067 seconds
[2023-01-26T23:51:00.097+0000] {processor.py:154} INFO - Started process (PID=719) to work on /home/airflow/.local/lib/python3.7/site-packages/airflow/example_dags/tutorial.py
[2023-01-26T23:51:00.098+0000] {processor.py:756} INFO - Processing file /home/airflow/.local/lib/python3.7/site-packages/airflow/example_dags/tutorial.py for tasks to queue
[2023-01-26T23:51:00.098+0000] {logging_mixin.py:120} INFO - [2023-01-26T23:51:00.098+0000] {dagbag.py:537} INFO - Filling up the DagBag from /home/airflow/.local/lib/python3.7/site-packages/airflow/example_dags/tutorial.py
[2023-01-26T23:51:00.107+0000] {processor.py:766} INFO - DAG(s) dict_keys(['tutorial']) retrieved from /home/airflow/.local/lib/python3.7/site-packages/airflow/example_dags/tutorial.py
[2023-01-26T23:51:00.136+0000] {logging_mixin.py:120} INFO - [2023-01-26T23:51:00.135+0000] {dag.py:2585} INFO - Sync 1 DAGs
[2023-01-26T23:51:00.154+0000] {logging_mixin.py:120} INFO - [2023-01-26T23:51:00.154+0000] {dag.py:3340} INFO - Setting next_dagrun for tutorial to 2023-01-25T23:51:00.154542+00:00, run_after=2023-01-26T23:51:00.154542+00:00
[2023-01-26T23:51:00.167+0000] {processor.py:176} INFO - Processing /home/airflow/.local/lib/python3.7/site-packages/airflow/example_dags/tutorial.py took 0.072 seconds
[2023-01-26T23:51:30.362+0000] {processor.py:154} INFO - Started process (PID=788) to work on /home/airflow/.local/lib/python3.7/site-packages/airflow/example_dags/tutorial.py
[2023-01-26T23:51:30.363+0000] {processor.py:756} INFO - Processing file /home/airflow/.local/lib/python3.7/site-packages/airflow/example_dags/tutorial.py for tasks to queue
[2023-01-26T23:51:30.363+0000] {logging_mixin.py:120} INFO - [2023-01-26T23:51:30.363+0000] {dagbag.py:537} INFO - Filling up the DagBag from /home/airflow/.local/lib/python3.7/site-packages/airflow/example_dags/tutorial.py
[2023-01-26T23:51:30.372+0000] {processor.py:766} INFO - DAG(s) dict_keys(['tutorial']) retrieved from /home/airflow/.local/lib/python3.7/site-packages/airflow/example_dags/tutorial.py
[2023-01-26T23:51:30.397+0000] {logging_mixin.py:120} INFO - [2023-01-26T23:51:30.397+0000] {dag.py:2585} INFO - Sync 1 DAGs
[2023-01-26T23:51:30.413+0000] {logging_mixin.py:120} INFO - [2023-01-26T23:51:30.413+0000] {dag.py:3340} INFO - Setting next_dagrun for tutorial to 2023-01-25T23:51:30.413363+00:00, run_after=2023-01-26T23:51:30.413363+00:00
[2023-01-26T23:51:30.427+0000] {processor.py:176} INFO - Processing /home/airflow/.local/lib/python3.7/site-packages/airflow/example_dags/tutorial.py took 0.067 seconds
[2023-01-26T23:52:00.530+0000] {processor.py:154} INFO - Started process (PID=854) to work on /home/airflow/.local/lib/python3.7/site-packages/airflow/example_dags/tutorial.py
[2023-01-26T23:52:00.531+0000] {processor.py:756} INFO - Processing file /home/airflow/.local/lib/python3.7/site-packages/airflow/example_dags/tutorial.py for tasks to queue
[2023-01-26T23:52:00.531+0000] {logging_mixin.py:120} INFO - [2023-01-26T23:52:00.531+0000] {dagbag.py:537} INFO - Filling up the DagBag from /home/airflow/.local/lib/python3.7/site-packages/airflow/example_dags/tutorial.py
[2023-01-26T23:52:00.540+0000] {processor.py:766} INFO - DAG(s) dict_keys(['tutorial']) retrieved from /home/airflow/.local/lib/python3.7/site-packages/airflow/example_dags/tutorial.py
[2023-01-26T23:52:00.570+0000] {logging_mixin.py:120} INFO - [2023-01-26T23:52:00.570+0000] {dag.py:2585} INFO - Sync 1 DAGs
[2023-01-26T23:52:00.596+0000] {logging_mixin.py:120} INFO - [2023-01-26T23:52:00.596+0000] {dag.py:3340} INFO - Setting next_dagrun for tutorial to 2023-01-25T23:52:00.595924+00:00, run_after=2023-01-26T23:52:00.595924+00:00
[2023-01-26T23:52:00.614+0000] {processor.py:176} INFO - Processing /home/airflow/.local/lib/python3.7/site-packages/airflow/example_dags/tutorial.py took 0.086 seconds
[2023-01-26T23:52:31.014+0000] {processor.py:154} INFO - Started process (PID=913) to work on /home/airflow/.local/lib/python3.7/site-packages/airflow/example_dags/tutorial.py
[2023-01-26T23:52:31.014+0000] {processor.py:756} INFO - Processing file /home/airflow/.local/lib/python3.7/site-packages/airflow/example_dags/tutorial.py for tasks to queue
[2023-01-26T23:52:31.015+0000] {logging_mixin.py:120} INFO - [2023-01-26T23:52:31.015+0000] {dagbag.py:537} INFO - Filling up the DagBag from /home/airflow/.local/lib/python3.7/site-packages/airflow/example_dags/tutorial.py
[2023-01-26T23:52:31.024+0000] {processor.py:766} INFO - DAG(s) dict_keys(['tutorial']) retrieved from /home/airflow/.local/lib/python3.7/site-packages/airflow/example_dags/tutorial.py
[2023-01-26T23:52:31.049+0000] {logging_mixin.py:120} INFO - [2023-01-26T23:52:31.049+0000] {dag.py:2585} INFO - Sync 1 DAGs
[2023-01-26T23:52:31.067+0000] {logging_mixin.py:120} INFO - [2023-01-26T23:52:31.066+0000] {dag.py:3340} INFO - Setting next_dagrun for tutorial to 2023-01-25T23:52:31.066744+00:00, run_after=2023-01-26T23:52:31.066744+00:00
[2023-01-26T23:52:31.080+0000] {processor.py:176} INFO - Processing /home/airflow/.local/lib/python3.7/site-packages/airflow/example_dags/tutorial.py took 0.068 seconds
[2023-01-26T23:53:01.289+0000] {processor.py:154} INFO - Started process (PID=981) to work on /home/airflow/.local/lib/python3.7/site-packages/airflow/example_dags/tutorial.py
[2023-01-26T23:53:01.290+0000] {processor.py:756} INFO - Processing file /home/airflow/.local/lib/python3.7/site-packages/airflow/example_dags/tutorial.py for tasks to queue
[2023-01-26T23:53:01.290+0000] {logging_mixin.py:120} INFO - [2023-01-26T23:53:01.290+0000] {dagbag.py:537} INFO - Filling up the DagBag from /home/airflow/.local/lib/python3.7/site-packages/airflow/example_dags/tutorial.py
[2023-01-26T23:53:01.300+0000] {processor.py:766} INFO - DAG(s) dict_keys(['tutorial']) retrieved from /home/airflow/.local/lib/python3.7/site-packages/airflow/example_dags/tutorial.py
[2023-01-26T23:53:01.329+0000] {logging_mixin.py:120} INFO - [2023-01-26T23:53:01.329+0000] {dag.py:2585} INFO - Sync 1 DAGs
[2023-01-26T23:53:01.354+0000] {logging_mixin.py:120} INFO - [2023-01-26T23:53:01.354+0000] {dag.py:3340} INFO - Setting next_dagrun for tutorial to 2023-01-25T23:53:01.353936+00:00, run_after=2023-01-26T23:53:01.353936+00:00
[2023-01-26T23:53:01.367+0000] {processor.py:176} INFO - Processing /home/airflow/.local/lib/python3.7/site-packages/airflow/example_dags/tutorial.py took 0.080 seconds
[2023-01-26T23:53:31.689+0000] {processor.py:154} INFO - Started process (PID=1049) to work on /home/airflow/.local/lib/python3.7/site-packages/airflow/example_dags/tutorial.py
[2023-01-26T23:53:31.690+0000] {processor.py:756} INFO - Processing file /home/airflow/.local/lib/python3.7/site-packages/airflow/example_dags/tutorial.py for tasks to queue
[2023-01-26T23:53:31.690+0000] {logging_mixin.py:120} INFO - [2023-01-26T23:53:31.690+0000] {dagbag.py:537} INFO - Filling up the DagBag from /home/airflow/.local/lib/python3.7/site-packages/airflow/example_dags/tutorial.py
[2023-01-26T23:53:31.699+0000] {processor.py:766} INFO - DAG(s) dict_keys(['tutorial']) retrieved from /home/airflow/.local/lib/python3.7/site-packages/airflow/example_dags/tutorial.py
[2023-01-26T23:53:31.724+0000] {logging_mixin.py:120} INFO - [2023-01-26T23:53:31.724+0000] {dag.py:2585} INFO - Sync 1 DAGs
[2023-01-26T23:53:31.741+0000] {logging_mixin.py:120} INFO - [2023-01-26T23:53:31.741+0000] {dag.py:3340} INFO - Setting next_dagrun for tutorial to 2023-01-25T23:53:31.741128+00:00, run_after=2023-01-26T23:53:31.741128+00:00
[2023-01-26T23:53:31.756+0000] {processor.py:176} INFO - Processing /home/airflow/.local/lib/python3.7/site-packages/airflow/example_dags/tutorial.py took 0.069 seconds
[2023-01-26T23:54:01.985+0000] {processor.py:154} INFO - Started process (PID=1117) to work on /home/airflow/.local/lib/python3.7/site-packages/airflow/example_dags/tutorial.py
[2023-01-26T23:54:01.986+0000] {processor.py:756} INFO - Processing file /home/airflow/.local/lib/python3.7/site-packages/airflow/example_dags/tutorial.py for tasks to queue
[2023-01-26T23:54:01.986+0000] {logging_mixin.py:120} INFO - [2023-01-26T23:54:01.986+0000] {dagbag.py:537} INFO - Filling up the DagBag from /home/airflow/.local/lib/python3.7/site-packages/airflow/example_dags/tutorial.py
[2023-01-26T23:54:01.996+0000] {processor.py:766} INFO - DAG(s) dict_keys(['tutorial']) retrieved from /home/airflow/.local/lib/python3.7/site-packages/airflow/example_dags/tutorial.py
[2023-01-26T23:54:02.021+0000] {logging_mixin.py:120} INFO - [2023-01-26T23:54:02.021+0000] {dag.py:2585} INFO - Sync 1 DAGs
[2023-01-26T23:54:02.039+0000] {logging_mixin.py:120} INFO - [2023-01-26T23:54:02.039+0000] {dag.py:3340} INFO - Setting next_dagrun for tutorial to 2023-01-25T23:54:02.039442+00:00, run_after=2023-01-26T23:54:02.039442+00:00
[2023-01-26T23:54:02.052+0000] {processor.py:176} INFO - Processing /home/airflow/.local/lib/python3.7/site-packages/airflow/example_dags/tutorial.py took 0.069 seconds
[2023-01-26T23:54:32.374+0000] {processor.py:154} INFO - Started process (PID=1176) to work on /home/airflow/.local/lib/python3.7/site-packages/airflow/example_dags/tutorial.py
[2023-01-26T23:54:32.375+0000] {processor.py:756} INFO - Processing file /home/airflow/.local/lib/python3.7/site-packages/airflow/example_dags/tutorial.py for tasks to queue
[2023-01-26T23:54:32.375+0000] {logging_mixin.py:120} INFO - [2023-01-26T23:54:32.375+0000] {dagbag.py:537} INFO - Filling up the DagBag from /home/airflow/.local/lib/python3.7/site-packages/airflow/example_dags/tutorial.py
[2023-01-26T23:54:32.385+0000] {processor.py:766} INFO - DAG(s) dict_keys(['tutorial']) retrieved from /home/airflow/.local/lib/python3.7/site-packages/airflow/example_dags/tutorial.py
[2023-01-26T23:54:32.415+0000] {logging_mixin.py:120} INFO - [2023-01-26T23:54:32.415+0000] {dag.py:2585} INFO - Sync 1 DAGs
[2023-01-26T23:54:32.431+0000] {logging_mixin.py:120} INFO - [2023-01-26T23:54:32.431+0000] {dag.py:3340} INFO - Setting next_dagrun for tutorial to 2023-01-25T23:54:32.431538+00:00, run_after=2023-01-26T23:54:32.431538+00:00
[2023-01-26T23:54:32.445+0000] {processor.py:176} INFO - Processing /home/airflow/.local/lib/python3.7/site-packages/airflow/example_dags/tutorial.py took 0.073 seconds
[2023-01-26T23:55:02.657+0000] {processor.py:154} INFO - Started process (PID=1244) to work on /home/airflow/.local/lib/python3.7/site-packages/airflow/example_dags/tutorial.py
[2023-01-26T23:55:02.658+0000] {processor.py:756} INFO - Processing file /home/airflow/.local/lib/python3.7/site-packages/airflow/example_dags/tutorial.py for tasks to queue
[2023-01-26T23:55:02.658+0000] {logging_mixin.py:120} INFO - [2023-01-26T23:55:02.658+0000] {dagbag.py:537} INFO - Filling up the DagBag from /home/airflow/.local/lib/python3.7/site-packages/airflow/example_dags/tutorial.py
[2023-01-26T23:55:02.668+0000] {processor.py:766} INFO - DAG(s) dict_keys(['tutorial']) retrieved from /home/airflow/.local/lib/python3.7/site-packages/airflow/example_dags/tutorial.py
[2023-01-26T23:55:02.732+0000] {logging_mixin.py:120} INFO - [2023-01-26T23:55:02.725+0000] {dag.py:2585} INFO - Sync 1 DAGs
[2023-01-26T23:55:02.754+0000] {logging_mixin.py:120} INFO - [2023-01-26T23:55:02.754+0000] {dag.py:3340} INFO - Setting next_dagrun for tutorial to 2023-01-25T23:55:02.754509+00:00, run_after=2023-01-26T23:55:02.754509+00:00
[2023-01-26T23:55:02.768+0000] {processor.py:176} INFO - Processing /home/airflow/.local/lib/python3.7/site-packages/airflow/example_dags/tutorial.py took 0.113 seconds
[2023-01-26T23:55:33.064+0000] {processor.py:154} INFO - Started process (PID=1312) to work on /home/airflow/.local/lib/python3.7/site-packages/airflow/example_dags/tutorial.py
[2023-01-26T23:55:33.065+0000] {processor.py:756} INFO - Processing file /home/airflow/.local/lib/python3.7/site-packages/airflow/example_dags/tutorial.py for tasks to queue
[2023-01-26T23:55:33.065+0000] {logging_mixin.py:120} INFO - [2023-01-26T23:55:33.065+0000] {dagbag.py:537} INFO - Filling up the DagBag from /home/airflow/.local/lib/python3.7/site-packages/airflow/example_dags/tutorial.py
[2023-01-26T23:55:33.074+0000] {processor.py:766} INFO - DAG(s) dict_keys(['tutorial']) retrieved from /home/airflow/.local/lib/python3.7/site-packages/airflow/example_dags/tutorial.py
[2023-01-26T23:55:33.102+0000] {logging_mixin.py:120} INFO - [2023-01-26T23:55:33.101+0000] {dag.py:2585} INFO - Sync 1 DAGs
[2023-01-26T23:55:33.120+0000] {logging_mixin.py:120} INFO - [2023-01-26T23:55:33.120+0000] {dag.py:3340} INFO - Setting next_dagrun for tutorial to 2023-01-25T23:55:33.119886+00:00, run_after=2023-01-26T23:55:33.119886+00:00
[2023-01-26T23:55:33.132+0000] {processor.py:176} INFO - Processing /home/airflow/.local/lib/python3.7/site-packages/airflow/example_dags/tutorial.py took 0.070 seconds
[2023-01-26T23:56:03.404+0000] {processor.py:154} INFO - Started process (PID=1380) to work on /home/airflow/.local/lib/python3.7/site-packages/airflow/example_dags/tutorial.py
[2023-01-26T23:56:03.404+0000] {processor.py:756} INFO - Processing file /home/airflow/.local/lib/python3.7/site-packages/airflow/example_dags/tutorial.py for tasks to queue
[2023-01-26T23:56:03.405+0000] {logging_mixin.py:120} INFO - [2023-01-26T23:56:03.405+0000] {dagbag.py:537} INFO - Filling up the DagBag from /home/airflow/.local/lib/python3.7/site-packages/airflow/example_dags/tutorial.py
[2023-01-26T23:56:03.413+0000] {processor.py:766} INFO - DAG(s) dict_keys(['tutorial']) retrieved from /home/airflow/.local/lib/python3.7/site-packages/airflow/example_dags/tutorial.py
[2023-01-26T23:56:03.439+0000] {logging_mixin.py:120} INFO - [2023-01-26T23:56:03.439+0000] {dag.py:2585} INFO - Sync 1 DAGs
[2023-01-26T23:56:03.457+0000] {logging_mixin.py:120} INFO - [2023-01-26T23:56:03.457+0000] {dag.py:3340} INFO - Setting next_dagrun for tutorial to 2023-01-25T23:56:03.457202+00:00, run_after=2023-01-26T23:56:03.457202+00:00
[2023-01-26T23:56:03.470+0000] {processor.py:176} INFO - Processing /home/airflow/.local/lib/python3.7/site-packages/airflow/example_dags/tutorial.py took 0.068 seconds
[2023-01-26T23:56:33.644+0000] {processor.py:154} INFO - Started process (PID=1439) to work on /home/airflow/.local/lib/python3.7/site-packages/airflow/example_dags/tutorial.py
[2023-01-26T23:56:33.645+0000] {processor.py:756} INFO - Processing file /home/airflow/.local/lib/python3.7/site-packages/airflow/example_dags/tutorial.py for tasks to queue
[2023-01-26T23:56:33.645+0000] {logging_mixin.py:120} INFO - [2023-01-26T23:56:33.645+0000] {dagbag.py:537} INFO - Filling up the DagBag from /home/airflow/.local/lib/python3.7/site-packages/airflow/example_dags/tutorial.py
[2023-01-26T23:56:33.654+0000] {processor.py:766} INFO - DAG(s) dict_keys(['tutorial']) retrieved from /home/airflow/.local/lib/python3.7/site-packages/airflow/example_dags/tutorial.py
[2023-01-26T23:56:33.680+0000] {logging_mixin.py:120} INFO - [2023-01-26T23:56:33.680+0000] {dag.py:2585} INFO - Sync 1 DAGs
[2023-01-26T23:56:33.697+0000] {logging_mixin.py:120} INFO - [2023-01-26T23:56:33.697+0000] {dag.py:3340} INFO - Setting next_dagrun for tutorial to 2023-01-25T23:56:33.697584+00:00, run_after=2023-01-26T23:56:33.697584+00:00
[2023-01-26T23:56:33.711+0000] {processor.py:176} INFO - Processing /home/airflow/.local/lib/python3.7/site-packages/airflow/example_dags/tutorial.py took 0.069 seconds
[2023-01-26T23:57:03.929+0000] {processor.py:154} INFO - Started process (PID=1508) to work on /home/airflow/.local/lib/python3.7/site-packages/airflow/example_dags/tutorial.py
[2023-01-26T23:57:03.930+0000] {processor.py:756} INFO - Processing file /home/airflow/.local/lib/python3.7/site-packages/airflow/example_dags/tutorial.py for tasks to queue
[2023-01-26T23:57:03.931+0000] {logging_mixin.py:120} INFO - [2023-01-26T23:57:03.931+0000] {dagbag.py:537} INFO - Filling up the DagBag from /home/airflow/.local/lib/python3.7/site-packages/airflow/example_dags/tutorial.py
[2023-01-26T23:57:03.939+0000] {processor.py:766} INFO - DAG(s) dict_keys(['tutorial']) retrieved from /home/airflow/.local/lib/python3.7/site-packages/airflow/example_dags/tutorial.py
[2023-01-26T23:57:03.965+0000] {logging_mixin.py:120} INFO - [2023-01-26T23:57:03.965+0000] {dag.py:2585} INFO - Sync 1 DAGs
[2023-01-26T23:57:03.982+0000] {logging_mixin.py:120} INFO - [2023-01-26T23:57:03.982+0000] {dag.py:3340} INFO - Setting next_dagrun for tutorial to 2023-01-25T23:57:03.982584+00:00, run_after=2023-01-26T23:57:03.982584+00:00
[2023-01-26T23:57:03.996+0000] {processor.py:176} INFO - Processing /home/airflow/.local/lib/python3.7/site-packages/airflow/example_dags/tutorial.py took 0.068 seconds
[2023-01-26T23:57:34.147+0000] {processor.py:154} INFO - Started process (PID=1576) to work on /home/airflow/.local/lib/python3.7/site-packages/airflow/example_dags/tutorial.py
[2023-01-26T23:57:34.148+0000] {processor.py:756} INFO - Processing file /home/airflow/.local/lib/python3.7/site-packages/airflow/example_dags/tutorial.py for tasks to queue
[2023-01-26T23:57:34.148+0000] {logging_mixin.py:120} INFO - [2023-01-26T23:57:34.148+0000] {dagbag.py:537} INFO - Filling up the DagBag from /home/airflow/.local/lib/python3.7/site-packages/airflow/example_dags/tutorial.py
[2023-01-26T23:57:34.158+0000] {processor.py:766} INFO - DAG(s) dict_keys(['tutorial']) retrieved from /home/airflow/.local/lib/python3.7/site-packages/airflow/example_dags/tutorial.py
[2023-01-26T23:57:34.183+0000] {logging_mixin.py:120} INFO - [2023-01-26T23:57:34.183+0000] {dag.py:2585} INFO - Sync 1 DAGs
[2023-01-26T23:57:34.201+0000] {logging_mixin.py:120} INFO - [2023-01-26T23:57:34.200+0000] {dag.py:3340} INFO - Setting next_dagrun for tutorial to 2023-01-25T23:57:34.200796+00:00, run_after=2023-01-26T23:57:34.200796+00:00
[2023-01-26T23:57:34.214+0000] {processor.py:176} INFO - Processing /home/airflow/.local/lib/python3.7/site-packages/airflow/example_dags/tutorial.py took 0.069 seconds
[2023-01-26T23:58:04.462+0000] {processor.py:154} INFO - Started process (PID=1645) to work on /home/airflow/.local/lib/python3.7/site-packages/airflow/example_dags/tutorial.py
[2023-01-26T23:58:04.462+0000] {processor.py:756} INFO - Processing file /home/airflow/.local/lib/python3.7/site-packages/airflow/example_dags/tutorial.py for tasks to queue
[2023-01-26T23:58:04.462+0000] {logging_mixin.py:120} INFO - [2023-01-26T23:58:04.462+0000] {dagbag.py:537} INFO - Filling up the DagBag from /home/airflow/.local/lib/python3.7/site-packages/airflow/example_dags/tutorial.py
[2023-01-26T23:58:04.472+0000] {processor.py:766} INFO - DAG(s) dict_keys(['tutorial']) retrieved from /home/airflow/.local/lib/python3.7/site-packages/airflow/example_dags/tutorial.py
[2023-01-26T23:58:04.497+0000] {logging_mixin.py:120} INFO - [2023-01-26T23:58:04.497+0000] {dag.py:2585} INFO - Sync 1 DAGs
[2023-01-26T23:58:04.514+0000] {logging_mixin.py:120} INFO - [2023-01-26T23:58:04.514+0000] {dag.py:3340} INFO - Setting next_dagrun for tutorial to 2023-01-25T23:58:04.514266+00:00, run_after=2023-01-26T23:58:04.514266+00:00
[2023-01-26T23:58:04.527+0000] {processor.py:176} INFO - Processing /home/airflow/.local/lib/python3.7/site-packages/airflow/example_dags/tutorial.py took 0.067 seconds
[2023-01-26T23:58:35.661+0000] {processor.py:154} INFO - Started process (PID=1713) to work on /home/airflow/.local/lib/python3.7/site-packages/airflow/example_dags/tutorial.py
[2023-01-26T23:58:35.662+0000] {processor.py:756} INFO - Processing file /home/airflow/.local/lib/python3.7/site-packages/airflow/example_dags/tutorial.py for tasks to queue
[2023-01-26T23:58:35.662+0000] {logging_mixin.py:120} INFO - [2023-01-26T23:58:35.662+0000] {dagbag.py:537} INFO - Filling up the DagBag from /home/airflow/.local/lib/python3.7/site-packages/airflow/example_dags/tutorial.py
[2023-01-26T23:58:35.671+0000] {processor.py:766} INFO - DAG(s) dict_keys(['tutorial']) retrieved from /home/airflow/.local/lib/python3.7/site-packages/airflow/example_dags/tutorial.py
[2023-01-26T23:58:35.696+0000] {logging_mixin.py:120} INFO - [2023-01-26T23:58:35.695+0000] {dag.py:2585} INFO - Sync 1 DAGs
[2023-01-26T23:58:35.711+0000] {logging_mixin.py:120} INFO - [2023-01-26T23:58:35.711+0000] {dag.py:3340} INFO - Setting next_dagrun for tutorial to 2023-01-25T23:58:35.711613+00:00, run_after=2023-01-26T23:58:35.711613+00:00
[2023-01-26T23:58:35.723+0000] {processor.py:176} INFO - Processing /home/airflow/.local/lib/python3.7/site-packages/airflow/example_dags/tutorial.py took 0.064 seconds
[2023-01-26T23:59:05.881+0000] {processor.py:154} INFO - Started process (PID=1773) to work on /home/airflow/.local/lib/python3.7/site-packages/airflow/example_dags/tutorial.py
[2023-01-26T23:59:05.882+0000] {processor.py:756} INFO - Processing file /home/airflow/.local/lib/python3.7/site-packages/airflow/example_dags/tutorial.py for tasks to queue
[2023-01-26T23:59:05.882+0000] {logging_mixin.py:120} INFO - [2023-01-26T23:59:05.882+0000] {dagbag.py:537} INFO - Filling up the DagBag from /home/airflow/.local/lib/python3.7/site-packages/airflow/example_dags/tutorial.py
[2023-01-26T23:59:05.892+0000] {processor.py:766} INFO - DAG(s) dict_keys(['tutorial']) retrieved from /home/airflow/.local/lib/python3.7/site-packages/airflow/example_dags/tutorial.py
[2023-01-26T23:59:05.917+0000] {logging_mixin.py:120} INFO - [2023-01-26T23:59:05.917+0000] {dag.py:2585} INFO - Sync 1 DAGs
[2023-01-26T23:59:05.934+0000] {logging_mixin.py:120} INFO - [2023-01-26T23:59:05.934+0000] {dag.py:3340} INFO - Setting next_dagrun for tutorial to 2023-01-25T23:59:05.934576+00:00, run_after=2023-01-26T23:59:05.934576+00:00
[2023-01-26T23:59:05.948+0000] {processor.py:176} INFO - Processing /home/airflow/.local/lib/python3.7/site-packages/airflow/example_dags/tutorial.py took 0.068 seconds
[2023-01-26T23:59:36.159+0000] {processor.py:154} INFO - Started process (PID=1841) to work on /home/airflow/.local/lib/python3.7/site-packages/airflow/example_dags/tutorial.py
[2023-01-26T23:59:36.161+0000] {processor.py:756} INFO - Processing file /home/airflow/.local/lib/python3.7/site-packages/airflow/example_dags/tutorial.py for tasks to queue
[2023-01-26T23:59:36.161+0000] {logging_mixin.py:120} INFO - [2023-01-26T23:59:36.161+0000] {dagbag.py:537} INFO - Filling up the DagBag from /home/airflow/.local/lib/python3.7/site-packages/airflow/example_dags/tutorial.py
[2023-01-26T23:59:36.170+0000] {processor.py:766} INFO - DAG(s) dict_keys(['tutorial']) retrieved from /home/airflow/.local/lib/python3.7/site-packages/airflow/example_dags/tutorial.py
[2023-01-26T23:59:36.197+0000] {logging_mixin.py:120} INFO - [2023-01-26T23:59:36.197+0000] {dag.py:2585} INFO - Sync 1 DAGs
[2023-01-26T23:59:36.228+0000] {logging_mixin.py:120} INFO - [2023-01-26T23:59:36.228+0000] {dag.py:3340} INFO - Setting next_dagrun for tutorial to 2023-01-25T23:59:36.228273+00:00, run_after=2023-01-26T23:59:36.228273+00:00
[2023-01-26T23:59:36.244+0000] {processor.py:176} INFO - Processing /home/airflow/.local/lib/python3.7/site-packages/airflow/example_dags/tutorial.py took 0.087 seconds
