[2023-01-28T10:19:33.904+0000] {taskinstance.py:1165} INFO - Dependencies all met for <TaskInstance: consumer.read_dataset dataset_triggered__2023-01-28T10:19:32.164114+00:00 [queued]>
[2023-01-28T10:19:33.930+0000] {taskinstance.py:1165} INFO - Dependencies all met for <TaskInstance: consumer.read_dataset dataset_triggered__2023-01-28T10:19:32.164114+00:00 [queued]>
[2023-01-28T10:19:33.931+0000] {taskinstance.py:1362} INFO - 
--------------------------------------------------------------------------------
[2023-01-28T10:19:33.931+0000] {taskinstance.py:1363} INFO - Starting attempt 1 of 1
[2023-01-28T10:19:33.931+0000] {taskinstance.py:1364} INFO - 
--------------------------------------------------------------------------------
[2023-01-28T10:19:33.973+0000] {taskinstance.py:1383} INFO - Executing <Task(_PythonDecoratedOperator): read_dataset> on 2023-01-28 10:19:32.164114+00:00
[2023-01-28T10:19:33.987+0000] {standard_task_runner.py:55} INFO - Started process 1457 to run task
[2023-01-28T10:19:33.993+0000] {standard_task_runner.py:82} INFO - Running: ['***', 'tasks', 'run', 'consumer', 'read_dataset', 'dataset_triggered__2023-01-28T10:19:32.164114+00:00', '--job-id', '364', '--raw', '--subdir', 'DAGS_FOLDER/consumer.py', '--cfg-path', '/tmp/tmpi0xi0w3f']
[2023-01-28T10:19:33.995+0000] {standard_task_runner.py:83} INFO - Job 364: Subtask read_dataset
[2023-01-28T10:19:34.145+0000] {task_command.py:376} INFO - Running <TaskInstance: consumer.read_dataset dataset_triggered__2023-01-28T10:19:32.164114+00:00 [running]> on host 35d887eb39bb
[2023-01-28T10:19:34.342+0000] {taskinstance.py:1592} INFO - Exporting the following env vars:
AIRFLOW_CTX_DAG_OWNER=***
AIRFLOW_CTX_DAG_ID=consumer
AIRFLOW_CTX_TASK_ID=read_dataset
AIRFLOW_CTX_EXECUTION_DATE=2023-01-28T10:19:32.164114+00:00
AIRFLOW_CTX_TRY_NUMBER=1
AIRFLOW_CTX_DAG_RUN_ID=dataset_triggered__2023-01-28T10:19:32.164114+00:00
[2023-01-28T10:19:34.343+0000] {logging_mixin.py:120} INFO - producer update
[2023-01-28T10:19:34.344+0000] {python.py:177} INFO - Done. Returned value was: None
[2023-01-28T10:19:34.376+0000] {taskinstance.py:1406} INFO - Marking task as SUCCESS. dag_id=consumer, task_id=read_dataset, execution_date=20230128T101932, start_date=20230128T101933, end_date=20230128T101934
[2023-01-28T10:19:34.455+0000] {local_task_job.py:164} INFO - Task exited with return code 0
[2023-01-28T10:19:34.506+0000] {local_task_job.py:273} INFO - 0 downstream tasks scheduled from follow-on schedule check
