[2023-01-18T00:41:45.856+0000] {taskinstance.py:1165} INFO - Dependencies all met for <TaskInstance: user_processing.extract_user manual__2023-01-18T00:41:42.351313+00:00 [queued]>
[2023-01-18T00:41:45.864+0000] {taskinstance.py:1165} INFO - Dependencies all met for <TaskInstance: user_processing.extract_user manual__2023-01-18T00:41:42.351313+00:00 [queued]>
[2023-01-18T00:41:45.864+0000] {taskinstance.py:1362} INFO - 
--------------------------------------------------------------------------------
[2023-01-18T00:41:45.864+0000] {taskinstance.py:1363} INFO - Starting attempt 1 of 1
[2023-01-18T00:41:45.864+0000] {taskinstance.py:1364} INFO - 
--------------------------------------------------------------------------------
[2023-01-18T00:41:45.874+0000] {taskinstance.py:1383} INFO - Executing <Task(SimpleHttpOperator): extract_user> on 2023-01-18 00:41:42.351313+00:00
[2023-01-18T00:41:45.881+0000] {standard_task_runner.py:55} INFO - Started process 717 to run task
[2023-01-18T00:41:45.884+0000] {standard_task_runner.py:82} INFO - Running: ['***', 'tasks', 'run', 'user_processing', 'extract_user', 'manual__2023-01-18T00:41:42.351313+00:00', '--job-id', '264', '--raw', '--subdir', 'DAGS_FOLDER/user_processing.py', '--cfg-path', '/tmp/tmp2oou5hyf']
[2023-01-18T00:41:45.885+0000] {standard_task_runner.py:83} INFO - Job 264: Subtask extract_user
[2023-01-18T00:41:45.938+0000] {task_command.py:376} INFO - Running <TaskInstance: user_processing.extract_user manual__2023-01-18T00:41:42.351313+00:00 [running]> on host a353ca64b4e2
[2023-01-18T00:41:46.009+0000] {taskinstance.py:1592} INFO - Exporting the following env vars:
AIRFLOW_CTX_DAG_OWNER=***
AIRFLOW_CTX_DAG_ID=user_processing
AIRFLOW_CTX_TASK_ID=extract_user
AIRFLOW_CTX_EXECUTION_DATE=2023-01-18T00:41:42.351313+00:00
AIRFLOW_CTX_TRY_NUMBER=1
AIRFLOW_CTX_DAG_RUN_ID=manual__2023-01-18T00:41:42.351313+00:00
[2023-01-18T00:41:46.010+0000] {http.py:121} INFO - Calling HTTP method
[2023-01-18T00:41:46.019+0000] {base.py:71} INFO - Using connection ID 'user_api' for task execution.
[2023-01-18T00:41:46.020+0000] {http.py:148} INFO - Sending 'GET' to url: https://randomuser.me/api/
[2023-01-18T00:41:46.235+0000] {http.py:125} INFO - {"results":[{"gender":"female","name":{"title":"Ms","first":"Lyn","last":"Eerland"},"location":{"street":{"number":938,"name":"Dr. Naardingplantsoen"},"city":"Hindeloopen","state":"Utrecht","country":"Netherlands","postcode":"0949 VN","coordinates":{"latitude":"36.7607","longitude":"82.6768"},"timezone":{"offset":"+5:45","description":"Kathmandu"}},"email":"lyn.eerland@example.com","login":{"uuid":"93cc175d-6324-4ba6-88a7-b7b68a168cb6","username":"heavypeacock541","password":"pepper1","salt":"pkqTPxWG","md5":"af0954d1d659765e1c75846f08cb7382","sha1":"086021f5e51c2d17c19353936335329a677832fc","sha256":"b62a1da3d1d74e036740744faa2e2cedaca180497d3432c2bd6305f1438b184b"},"dob":{"date":"1986-01-20T05:45:06.874Z","age":36},"registered":{"date":"2010-05-29T17:14:04.414Z","age":12},"phone":"(0060) 102167","cell":"(06) 78792503","id":{"name":"BSN","value":"72595937"},"picture":{"large":"https://randomuser.me/api/portraits/women/49.jpg","medium":"https://randomuser.me/api/portraits/med/women/49.jpg","thumbnail":"https://randomuser.me/api/portraits/thumb/women/49.jpg"},"nat":"NL"}],"info":{"seed":"1e6a4ca0fd6b95a6","results":1,"page":1,"version":"1.4"}}
[2023-01-18T00:41:46.254+0000] {taskinstance.py:1406} INFO - Marking task as SUCCESS. dag_id=user_processing, task_id=extract_user, execution_date=20230118T004142, start_date=20230118T004145, end_date=20230118T004146
[2023-01-18T00:41:46.296+0000] {local_task_job.py:164} INFO - Task exited with return code 0
[2023-01-18T00:41:46.321+0000] {local_task_job.py:273} INFO - 1 downstream tasks scheduled from follow-on schedule check
