[2023-01-08T13:11:22.191+0000] {taskinstance.py:1165} INFO - Dependencies all met for <TaskInstance: user_processing.extract_user scheduled__2023-01-08T00:00:00+00:00 [queued]>
[2023-01-08T13:11:22.197+0000] {taskinstance.py:1165} INFO - Dependencies all met for <TaskInstance: user_processing.extract_user scheduled__2023-01-08T00:00:00+00:00 [queued]>
[2023-01-08T13:11:22.197+0000] {taskinstance.py:1362} INFO - 
--------------------------------------------------------------------------------
[2023-01-08T13:11:22.197+0000] {taskinstance.py:1363} INFO - Starting attempt 1 of 1
[2023-01-08T13:11:22.197+0000] {taskinstance.py:1364} INFO - 
--------------------------------------------------------------------------------
[2023-01-08T13:11:22.206+0000] {taskinstance.py:1383} INFO - Executing <Task(SimpleHttpOperator): extract_user> on 2023-01-08 00:00:00+00:00
[2023-01-08T13:11:22.210+0000] {standard_task_runner.py:55} INFO - Started process 357 to run task
[2023-01-08T13:11:22.212+0000] {standard_task_runner.py:82} INFO - Running: ['***', 'tasks', 'run', 'user_processing', 'extract_user', 'scheduled__2023-01-08T00:00:00+00:00', '--job-id', '62', '--raw', '--subdir', 'DAGS_FOLDER/user_processing.py', '--cfg-path', '/tmp/tmp7sl9jdjs']
[2023-01-08T13:11:22.213+0000] {standard_task_runner.py:83} INFO - Job 62: Subtask extract_user
[2023-01-08T13:11:22.256+0000] {task_command.py:376} INFO - Running <TaskInstance: user_processing.extract_user scheduled__2023-01-08T00:00:00+00:00 [running]> on host 274e1da73cdf
[2023-01-08T13:11:22.305+0000] {taskinstance.py:1592} INFO - Exporting the following env vars:
AIRFLOW_CTX_DAG_OWNER=***
AIRFLOW_CTX_DAG_ID=user_processing
AIRFLOW_CTX_TASK_ID=extract_user
AIRFLOW_CTX_EXECUTION_DATE=2023-01-08T00:00:00+00:00
AIRFLOW_CTX_TRY_NUMBER=1
AIRFLOW_CTX_DAG_RUN_ID=scheduled__2023-01-08T00:00:00+00:00
[2023-01-08T13:11:22.305+0000] {http.py:121} INFO - Calling HTTP method
[2023-01-08T13:11:22.311+0000] {base.py:71} INFO - Using connection ID 'user_api' for task execution.
[2023-01-08T13:11:22.312+0000] {http.py:148} INFO - Sending 'GET' to url: https://randomuser.me/api/
[2023-01-08T13:11:22.609+0000] {http.py:125} INFO - {"results":[{"gender":"female","name":{"title":"Mrs","first":"Svyatolyuba","last":"Morachevskiy"},"location":{"street":{"number":2226,"name":"Kvitnikarska"},"city":"Zhdanivka","state":"Vinnicka","country":"Ukraine","postcode":79936,"coordinates":{"latitude":"76.5559","longitude":"22.9740"},"timezone":{"offset":"-8:00","description":"Pacific Time (US & Canada)"}},"email":"svyatolyuba.morachevskiy@example.com","login":{"uuid":"c9623641-c174-4f54-9014-48f7295518fc","username":"crazyfish560","password":"beaker","salt":"fEp8vsfd","md5":"bee773b005fe27c8cc35274798d996ee","sha1":"16912b47af01714db58b53d6563aa3203a4707fc","sha256":"ebcc68f40838c5d2a1c1dc46014167954c106dc38a85e5a3ea091b75a0ea1c01"},"dob":{"date":"1998-05-06T19:48:26.096Z","age":24},"registered":{"date":"2011-05-21T13:20:39.754Z","age":11},"phone":"(097) I31-5970","cell":"(068) S33-5819","id":{"name":"","value":null},"picture":{"large":"https://randomuser.me/api/portraits/women/16.jpg","medium":"https://randomuser.me/api/portraits/med/women/16.jpg","thumbnail":"https://randomuser.me/api/portraits/thumb/women/16.jpg"},"nat":"UA"}],"info":{"seed":"a681a54e2fcb1699","results":1,"page":1,"version":"1.4"}}
[2023-01-08T13:11:22.653+0000] {taskinstance.py:1406} INFO - Marking task as SUCCESS. dag_id=user_processing, task_id=extract_user, execution_date=20230108T000000, start_date=20230108T131122, end_date=20230108T131122
[2023-01-08T13:11:22.705+0000] {local_task_job.py:164} INFO - Task exited with return code 0
[2023-01-08T13:11:22.743+0000] {local_task_job.py:273} INFO - 1 downstream tasks scheduled from follow-on schedule check
