[2023-01-13T08:48:10.233+0000] {taskinstance.py:1165} INFO - Dependencies all met for <TaskInstance: user_processing.extract_user scheduled__2023-01-11T00:00:00+00:00 [queued]>
[2023-01-13T08:48:10.259+0000] {taskinstance.py:1165} INFO - Dependencies all met for <TaskInstance: user_processing.extract_user scheduled__2023-01-11T00:00:00+00:00 [queued]>
[2023-01-13T08:48:10.259+0000] {taskinstance.py:1362} INFO - 
--------------------------------------------------------------------------------
[2023-01-13T08:48:10.259+0000] {taskinstance.py:1363} INFO - Starting attempt 1 of 1
[2023-01-13T08:48:10.259+0000] {taskinstance.py:1364} INFO - 
--------------------------------------------------------------------------------
[2023-01-13T08:48:10.364+0000] {taskinstance.py:1383} INFO - Executing <Task(SimpleHttpOperator): extract_user> on 2023-01-11 00:00:00+00:00
[2023-01-13T08:48:10.370+0000] {standard_task_runner.py:55} INFO - Started process 168 to run task
[2023-01-13T08:48:10.375+0000] {standard_task_runner.py:82} INFO - Running: ['***', 'tasks', 'run', 'user_processing', 'extract_user', 'scheduled__2023-01-11T00:00:00+00:00', '--job-id', '100', '--raw', '--subdir', 'DAGS_FOLDER/user_processing.py', '--cfg-path', '/tmp/tmp7gk5pxbp']
[2023-01-13T08:48:10.378+0000] {standard_task_runner.py:83} INFO - Job 100: Subtask extract_user
[2023-01-13T08:48:10.541+0000] {task_command.py:376} INFO - Running <TaskInstance: user_processing.extract_user scheduled__2023-01-11T00:00:00+00:00 [running]> on host 274e1da73cdf
[2023-01-13T08:48:10.741+0000] {taskinstance.py:1592} INFO - Exporting the following env vars:
AIRFLOW_CTX_DAG_OWNER=***
AIRFLOW_CTX_DAG_ID=user_processing
AIRFLOW_CTX_TASK_ID=extract_user
AIRFLOW_CTX_EXECUTION_DATE=2023-01-11T00:00:00+00:00
AIRFLOW_CTX_TRY_NUMBER=1
AIRFLOW_CTX_DAG_RUN_ID=scheduled__2023-01-11T00:00:00+00:00
[2023-01-13T08:48:10.742+0000] {http.py:121} INFO - Calling HTTP method
[2023-01-13T08:48:10.795+0000] {base.py:71} INFO - Using connection ID 'user_api' for task execution.
[2023-01-13T08:48:10.797+0000] {http.py:148} INFO - Sending 'GET' to url: https://randomuser.me/api/
[2023-01-13T08:48:11.241+0000] {http.py:125} INFO - {"results":[{"gender":"male","name":{"title":"Mr","first":"Tim","last":"Fabre"},"location":{"street":{"number":7089,"name":"Rue de L'Abbé-Patureau"},"city":"Nîmes","state":"Haute-Vienne","country":"France","postcode":76125,"coordinates":{"latitude":"-19.5757","longitude":"-40.0140"},"timezone":{"offset":"-9:00","description":"Alaska"}},"email":"tim.fabre@example.com","login":{"uuid":"e42b9a6b-eeda-4d8f-a02e-84c1a5aa819b","username":"bluetiger566","password":"1964","salt":"631QZI76","md5":"93e5ed331bfc073e9511984a2292c98c","sha1":"7c07056715171be9d05c777e2aa5aa889ee27b54","sha256":"f7cba28311065c877598ce8c9ad5881a83634eb86dc3fcca5e6e0f916a9ee604"},"dob":{"date":"1960-05-20T00:15:36.956Z","age":62},"registered":{"date":"2017-09-02T01:22:08.303Z","age":5},"phone":"04-36-65-15-73","cell":"06-87-97-92-28","id":{"name":"INSEE","value":"1600404347505 19"},"picture":{"large":"https://randomuser.me/api/portraits/men/11.jpg","medium":"https://randomuser.me/api/portraits/med/men/11.jpg","thumbnail":"https://randomuser.me/api/portraits/thumb/men/11.jpg"},"nat":"FR"}],"info":{"seed":"a2477a6af67bae91","results":1,"page":1,"version":"1.4"}}
[2023-01-13T08:48:11.340+0000] {taskinstance.py:1406} INFO - Marking task as SUCCESS. dag_id=user_processing, task_id=extract_user, execution_date=20230111T000000, start_date=20230113T084810, end_date=20230113T084811
[2023-01-13T08:48:11.448+0000] {local_task_job.py:164} INFO - Task exited with return code 0
[2023-01-13T08:48:11.572+0000] {local_task_job.py:273} INFO - 1 downstream tasks scheduled from follow-on schedule check
