[2023-02-01T00:06:55.731+0000] {processor.py:154} INFO - Started process (PID=1929) to work on /opt/airflow/dags/subdags/subdag_transforms.py
[2023-02-01T00:06:55.731+0000] {processor.py:756} INFO - Processing file /opt/airflow/dags/subdags/subdag_transforms.py for tasks to queue
[2023-02-01T00:06:55.731+0000] {logging_mixin.py:120} INFO - [2023-02-01T00:06:55.731+0000] {dagbag.py:537} INFO - Filling up the DagBag from /opt/airflow/dags/subdags/subdag_transforms.py
[2023-02-01T00:06:55.732+0000] {logging_mixin.py:120} INFO - [2023-02-01T00:06:55.732+0000] {dagbag.py:342} ERROR - Failed to import: /opt/airflow/dags/subdags/subdag_transforms.py
Traceback (most recent call last):
  File "/home/airflow/.local/lib/python3.7/site-packages/airflow/models/dagbag.py", line 338, in parse
    loader.exec_module(new_module)
  File "<frozen importlib._bootstrap_external>", line 724, in exec_module
  File "<frozen importlib._bootstrap_external>", line 860, in get_code
  File "<frozen importlib._bootstrap_external>", line 791, in source_to_code
  File "<frozen importlib._bootstrap>", line 219, in _call_with_frames_removed
  File "/opt/airflow/dags/subdags/subdag_transforms.py", line 11
    )
    ^
SyntaxError: invalid syntax
[2023-02-01T00:06:55.733+0000] {processor.py:768} WARNING - No viable dags retrieved from /opt/airflow/dags/subdags/subdag_transforms.py
[2023-02-01T00:06:55.744+0000] {processor.py:176} INFO - Processing /opt/airflow/dags/subdags/subdag_transforms.py took 0.015 seconds
[2023-02-01T00:07:24.228+0000] {processor.py:154} INFO - Started process (PID=1955) to work on /opt/airflow/dags/subdags/subdag_transforms.py
[2023-02-01T00:07:24.229+0000] {processor.py:756} INFO - Processing file /opt/airflow/dags/subdags/subdag_transforms.py for tasks to queue
[2023-02-01T00:07:24.229+0000] {logging_mixin.py:120} INFO - [2023-02-01T00:07:24.229+0000] {dagbag.py:537} INFO - Filling up the DagBag from /opt/airflow/dags/subdags/subdag_transforms.py
[2023-02-01T00:07:24.233+0000] {processor.py:768} WARNING - No viable dags retrieved from /opt/airflow/dags/subdags/subdag_transforms.py
[2023-02-01T00:07:24.242+0000] {processor.py:176} INFO - Processing /opt/airflow/dags/subdags/subdag_transforms.py took 0.016 seconds
[2023-02-01T00:07:54.724+0000] {processor.py:154} INFO - Started process (PID=1990) to work on /opt/airflow/dags/subdags/subdag_transforms.py
[2023-02-01T00:07:54.725+0000] {processor.py:756} INFO - Processing file /opt/airflow/dags/subdags/subdag_transforms.py for tasks to queue
[2023-02-01T00:07:54.725+0000] {logging_mixin.py:120} INFO - [2023-02-01T00:07:54.725+0000] {dagbag.py:537} INFO - Filling up the DagBag from /opt/airflow/dags/subdags/subdag_transforms.py
[2023-02-01T00:07:54.728+0000] {processor.py:768} WARNING - No viable dags retrieved from /opt/airflow/dags/subdags/subdag_transforms.py
[2023-02-01T00:07:54.735+0000] {processor.py:176} INFO - Processing /opt/airflow/dags/subdags/subdag_transforms.py took 0.013 seconds
[2023-02-01T00:08:25.241+0000] {processor.py:154} INFO - Started process (PID=2025) to work on /opt/airflow/dags/subdags/subdag_transforms.py
[2023-02-01T00:08:25.241+0000] {processor.py:756} INFO - Processing file /opt/airflow/dags/subdags/subdag_transforms.py for tasks to queue
[2023-02-01T00:08:25.242+0000] {logging_mixin.py:120} INFO - [2023-02-01T00:08:25.242+0000] {dagbag.py:537} INFO - Filling up the DagBag from /opt/airflow/dags/subdags/subdag_transforms.py
[2023-02-01T00:08:25.245+0000] {processor.py:768} WARNING - No viable dags retrieved from /opt/airflow/dags/subdags/subdag_transforms.py
[2023-02-01T00:08:25.253+0000] {processor.py:176} INFO - Processing /opt/airflow/dags/subdags/subdag_transforms.py took 0.017 seconds
[2023-02-01T00:08:55.679+0000] {processor.py:154} INFO - Started process (PID=2061) to work on /opt/airflow/dags/subdags/subdag_transforms.py
[2023-02-01T00:08:55.681+0000] {processor.py:756} INFO - Processing file /opt/airflow/dags/subdags/subdag_transforms.py for tasks to queue
[2023-02-01T00:08:55.682+0000] {logging_mixin.py:120} INFO - [2023-02-01T00:08:55.682+0000] {dagbag.py:537} INFO - Filling up the DagBag from /opt/airflow/dags/subdags/subdag_transforms.py
[2023-02-01T00:08:55.684+0000] {processor.py:768} WARNING - No viable dags retrieved from /opt/airflow/dags/subdags/subdag_transforms.py
[2023-02-01T00:08:55.692+0000] {processor.py:176} INFO - Processing /opt/airflow/dags/subdags/subdag_transforms.py took 0.015 seconds
[2023-02-01T00:09:25.987+0000] {processor.py:154} INFO - Started process (PID=2087) to work on /opt/airflow/dags/subdags/subdag_transforms.py
[2023-02-01T00:09:25.987+0000] {processor.py:756} INFO - Processing file /opt/airflow/dags/subdags/subdag_transforms.py for tasks to queue
[2023-02-01T00:09:25.988+0000] {logging_mixin.py:120} INFO - [2023-02-01T00:09:25.988+0000] {dagbag.py:537} INFO - Filling up the DagBag from /opt/airflow/dags/subdags/subdag_transforms.py
[2023-02-01T00:09:25.993+0000] {processor.py:768} WARNING - No viable dags retrieved from /opt/airflow/dags/subdags/subdag_transforms.py
[2023-02-01T00:09:26.006+0000] {processor.py:176} INFO - Processing /opt/airflow/dags/subdags/subdag_transforms.py took 0.024 seconds
[2023-02-01T00:09:56.302+0000] {processor.py:154} INFO - Started process (PID=2121) to work on /opt/airflow/dags/subdags/subdag_transforms.py
[2023-02-01T00:09:56.304+0000] {processor.py:756} INFO - Processing file /opt/airflow/dags/subdags/subdag_transforms.py for tasks to queue
[2023-02-01T00:09:56.305+0000] {logging_mixin.py:120} INFO - [2023-02-01T00:09:56.305+0000] {dagbag.py:537} INFO - Filling up the DagBag from /opt/airflow/dags/subdags/subdag_transforms.py
[2023-02-01T00:09:56.311+0000] {processor.py:768} WARNING - No viable dags retrieved from /opt/airflow/dags/subdags/subdag_transforms.py
[2023-02-01T00:09:56.322+0000] {processor.py:176} INFO - Processing /opt/airflow/dags/subdags/subdag_transforms.py took 0.023 seconds
[2023-02-01T00:10:26.604+0000] {processor.py:154} INFO - Started process (PID=2156) to work on /opt/airflow/dags/subdags/subdag_transforms.py
[2023-02-01T00:10:26.604+0000] {processor.py:756} INFO - Processing file /opt/airflow/dags/subdags/subdag_transforms.py for tasks to queue
[2023-02-01T00:10:26.605+0000] {logging_mixin.py:120} INFO - [2023-02-01T00:10:26.605+0000] {dagbag.py:537} INFO - Filling up the DagBag from /opt/airflow/dags/subdags/subdag_transforms.py
[2023-02-01T00:10:26.609+0000] {processor.py:768} WARNING - No viable dags retrieved from /opt/airflow/dags/subdags/subdag_transforms.py
[2023-02-01T00:10:26.617+0000] {processor.py:176} INFO - Processing /opt/airflow/dags/subdags/subdag_transforms.py took 0.017 seconds
[2023-02-01T00:10:56.902+0000] {processor.py:154} INFO - Started process (PID=2191) to work on /opt/airflow/dags/subdags/subdag_transforms.py
[2023-02-01T00:10:56.904+0000] {processor.py:756} INFO - Processing file /opt/airflow/dags/subdags/subdag_transforms.py for tasks to queue
[2023-02-01T00:10:56.905+0000] {logging_mixin.py:120} INFO - [2023-02-01T00:10:56.905+0000] {dagbag.py:537} INFO - Filling up the DagBag from /opt/airflow/dags/subdags/subdag_transforms.py
[2023-02-01T00:10:56.908+0000] {processor.py:768} WARNING - No viable dags retrieved from /opt/airflow/dags/subdags/subdag_transforms.py
[2023-02-01T00:10:56.920+0000] {processor.py:176} INFO - Processing /opt/airflow/dags/subdags/subdag_transforms.py took 0.020 seconds
[2023-02-01T00:11:27.214+0000] {processor.py:154} INFO - Started process (PID=2217) to work on /opt/airflow/dags/subdags/subdag_transforms.py
[2023-02-01T00:11:27.216+0000] {processor.py:756} INFO - Processing file /opt/airflow/dags/subdags/subdag_transforms.py for tasks to queue
[2023-02-01T00:11:27.217+0000] {logging_mixin.py:120} INFO - [2023-02-01T00:11:27.217+0000] {dagbag.py:537} INFO - Filling up the DagBag from /opt/airflow/dags/subdags/subdag_transforms.py
[2023-02-01T00:11:27.223+0000] {processor.py:768} WARNING - No viable dags retrieved from /opt/airflow/dags/subdags/subdag_transforms.py
[2023-02-01T00:11:27.234+0000] {processor.py:176} INFO - Processing /opt/airflow/dags/subdags/subdag_transforms.py took 0.022 seconds
[2023-02-01T00:11:57.524+0000] {processor.py:154} INFO - Started process (PID=2252) to work on /opt/airflow/dags/subdags/subdag_transforms.py
[2023-02-01T00:11:57.527+0000] {processor.py:756} INFO - Processing file /opt/airflow/dags/subdags/subdag_transforms.py for tasks to queue
[2023-02-01T00:11:57.528+0000] {logging_mixin.py:120} INFO - [2023-02-01T00:11:57.527+0000] {dagbag.py:537} INFO - Filling up the DagBag from /opt/airflow/dags/subdags/subdag_transforms.py
[2023-02-01T00:11:57.534+0000] {processor.py:768} WARNING - No viable dags retrieved from /opt/airflow/dags/subdags/subdag_transforms.py
[2023-02-01T00:11:57.543+0000] {processor.py:176} INFO - Processing /opt/airflow/dags/subdags/subdag_transforms.py took 0.023 seconds
[2023-02-01T00:12:27.905+0000] {processor.py:154} INFO - Started process (PID=2287) to work on /opt/airflow/dags/subdags/subdag_transforms.py
[2023-02-01T00:12:27.907+0000] {processor.py:756} INFO - Processing file /opt/airflow/dags/subdags/subdag_transforms.py for tasks to queue
[2023-02-01T00:12:27.907+0000] {logging_mixin.py:120} INFO - [2023-02-01T00:12:27.907+0000] {dagbag.py:537} INFO - Filling up the DagBag from /opt/airflow/dags/subdags/subdag_transforms.py
[2023-02-01T00:12:27.912+0000] {processor.py:768} WARNING - No viable dags retrieved from /opt/airflow/dags/subdags/subdag_transforms.py
[2023-02-01T00:12:27.920+0000] {processor.py:176} INFO - Processing /opt/airflow/dags/subdags/subdag_transforms.py took 0.017 seconds
[2023-02-01T00:12:58.279+0000] {processor.py:154} INFO - Started process (PID=2322) to work on /opt/airflow/dags/subdags/subdag_transforms.py
[2023-02-01T00:12:58.281+0000] {processor.py:756} INFO - Processing file /opt/airflow/dags/subdags/subdag_transforms.py for tasks to queue
[2023-02-01T00:12:58.282+0000] {logging_mixin.py:120} INFO - [2023-02-01T00:12:58.282+0000] {dagbag.py:537} INFO - Filling up the DagBag from /opt/airflow/dags/subdags/subdag_transforms.py
[2023-02-01T00:12:58.288+0000] {processor.py:768} WARNING - No viable dags retrieved from /opt/airflow/dags/subdags/subdag_transforms.py
[2023-02-01T00:12:58.297+0000] {processor.py:176} INFO - Processing /opt/airflow/dags/subdags/subdag_transforms.py took 0.022 seconds
[2023-02-01T00:13:28.557+0000] {processor.py:154} INFO - Started process (PID=2354) to work on /opt/airflow/dags/subdags/subdag_transforms.py
[2023-02-01T00:13:28.559+0000] {processor.py:756} INFO - Processing file /opt/airflow/dags/subdags/subdag_transforms.py for tasks to queue
[2023-02-01T00:13:28.560+0000] {logging_mixin.py:120} INFO - [2023-02-01T00:13:28.560+0000] {dagbag.py:537} INFO - Filling up the DagBag from /opt/airflow/dags/subdags/subdag_transforms.py
[2023-02-01T00:13:28.563+0000] {processor.py:768} WARNING - No viable dags retrieved from /opt/airflow/dags/subdags/subdag_transforms.py
[2023-02-01T00:13:28.571+0000] {processor.py:176} INFO - Processing /opt/airflow/dags/subdags/subdag_transforms.py took 0.015 seconds
[2023-02-01T00:13:58.856+0000] {processor.py:154} INFO - Started process (PID=2382) to work on /opt/airflow/dags/subdags/subdag_transforms.py
[2023-02-01T00:13:58.859+0000] {processor.py:756} INFO - Processing file /opt/airflow/dags/subdags/subdag_transforms.py for tasks to queue
[2023-02-01T00:13:58.859+0000] {logging_mixin.py:120} INFO - [2023-02-01T00:13:58.859+0000] {dagbag.py:537} INFO - Filling up the DagBag from /opt/airflow/dags/subdags/subdag_transforms.py
[2023-02-01T00:13:58.863+0000] {processor.py:768} WARNING - No viable dags retrieved from /opt/airflow/dags/subdags/subdag_transforms.py
[2023-02-01T00:13:58.871+0000] {processor.py:176} INFO - Processing /opt/airflow/dags/subdags/subdag_transforms.py took 0.019 seconds
[2023-02-01T00:14:29.177+0000] {processor.py:154} INFO - Started process (PID=2417) to work on /opt/airflow/dags/subdags/subdag_transforms.py
[2023-02-01T00:14:29.178+0000] {processor.py:756} INFO - Processing file /opt/airflow/dags/subdags/subdag_transforms.py for tasks to queue
[2023-02-01T00:14:29.178+0000] {logging_mixin.py:120} INFO - [2023-02-01T00:14:29.178+0000] {dagbag.py:537} INFO - Filling up the DagBag from /opt/airflow/dags/subdags/subdag_transforms.py
[2023-02-01T00:14:29.181+0000] {processor.py:768} WARNING - No viable dags retrieved from /opt/airflow/dags/subdags/subdag_transforms.py
[2023-02-01T00:14:29.188+0000] {processor.py:176} INFO - Processing /opt/airflow/dags/subdags/subdag_transforms.py took 0.013 seconds
[2023-02-01T00:14:59.468+0000] {processor.py:154} INFO - Started process (PID=2451) to work on /opt/airflow/dags/subdags/subdag_transforms.py
[2023-02-01T00:14:59.471+0000] {processor.py:756} INFO - Processing file /opt/airflow/dags/subdags/subdag_transforms.py for tasks to queue
[2023-02-01T00:14:59.471+0000] {logging_mixin.py:120} INFO - [2023-02-01T00:14:59.471+0000] {dagbag.py:537} INFO - Filling up the DagBag from /opt/airflow/dags/subdags/subdag_transforms.py
[2023-02-01T00:14:59.475+0000] {processor.py:768} WARNING - No viable dags retrieved from /opt/airflow/dags/subdags/subdag_transforms.py
[2023-02-01T00:14:59.483+0000] {processor.py:176} INFO - Processing /opt/airflow/dags/subdags/subdag_transforms.py took 0.018 seconds
[2023-02-01T00:15:29.766+0000] {processor.py:154} INFO - Started process (PID=2486) to work on /opt/airflow/dags/subdags/subdag_transforms.py
[2023-02-01T00:15:29.767+0000] {processor.py:756} INFO - Processing file /opt/airflow/dags/subdags/subdag_transforms.py for tasks to queue
[2023-02-01T00:15:29.767+0000] {logging_mixin.py:120} INFO - [2023-02-01T00:15:29.767+0000] {dagbag.py:537} INFO - Filling up the DagBag from /opt/airflow/dags/subdags/subdag_transforms.py
[2023-02-01T00:15:29.770+0000] {processor.py:768} WARNING - No viable dags retrieved from /opt/airflow/dags/subdags/subdag_transforms.py
[2023-02-01T00:15:29.778+0000] {processor.py:176} INFO - Processing /opt/airflow/dags/subdags/subdag_transforms.py took 0.014 seconds
[2023-02-01T00:16:00.073+0000] {processor.py:154} INFO - Started process (PID=2512) to work on /opt/airflow/dags/subdags/subdag_transforms.py
[2023-02-01T00:16:00.075+0000] {processor.py:756} INFO - Processing file /opt/airflow/dags/subdags/subdag_transforms.py for tasks to queue
[2023-02-01T00:16:00.076+0000] {logging_mixin.py:120} INFO - [2023-02-01T00:16:00.076+0000] {dagbag.py:537} INFO - Filling up the DagBag from /opt/airflow/dags/subdags/subdag_transforms.py
[2023-02-01T00:16:00.082+0000] {processor.py:768} WARNING - No viable dags retrieved from /opt/airflow/dags/subdags/subdag_transforms.py
[2023-02-01T00:16:00.092+0000] {processor.py:176} INFO - Processing /opt/airflow/dags/subdags/subdag_transforms.py took 0.022 seconds
[2023-02-01T00:16:30.369+0000] {processor.py:154} INFO - Started process (PID=2546) to work on /opt/airflow/dags/subdags/subdag_transforms.py
[2023-02-01T00:16:30.371+0000] {processor.py:756} INFO - Processing file /opt/airflow/dags/subdags/subdag_transforms.py for tasks to queue
[2023-02-01T00:16:30.372+0000] {logging_mixin.py:120} INFO - [2023-02-01T00:16:30.372+0000] {dagbag.py:537} INFO - Filling up the DagBag from /opt/airflow/dags/subdags/subdag_transforms.py
[2023-02-01T00:16:30.374+0000] {processor.py:768} WARNING - No viable dags retrieved from /opt/airflow/dags/subdags/subdag_transforms.py
[2023-02-01T00:16:30.382+0000] {processor.py:176} INFO - Processing /opt/airflow/dags/subdags/subdag_transforms.py took 0.014 seconds
[2023-02-01T00:17:01.004+0000] {processor.py:154} INFO - Started process (PID=2583) to work on /opt/airflow/dags/subdags/subdag_transforms.py
[2023-02-01T00:17:01.005+0000] {processor.py:756} INFO - Processing file /opt/airflow/dags/subdags/subdag_transforms.py for tasks to queue
[2023-02-01T00:17:01.005+0000] {logging_mixin.py:120} INFO - [2023-02-01T00:17:01.005+0000] {dagbag.py:537} INFO - Filling up the DagBag from /opt/airflow/dags/subdags/subdag_transforms.py
[2023-02-01T00:17:01.008+0000] {processor.py:768} WARNING - No viable dags retrieved from /opt/airflow/dags/subdags/subdag_transforms.py
[2023-02-01T00:17:01.016+0000] {processor.py:176} INFO - Processing /opt/airflow/dags/subdags/subdag_transforms.py took 0.014 seconds
[2023-02-01T00:17:31.500+0000] {processor.py:154} INFO - Started process (PID=2618) to work on /opt/airflow/dags/subdags/subdag_transforms.py
[2023-02-01T00:17:31.503+0000] {processor.py:756} INFO - Processing file /opt/airflow/dags/subdags/subdag_transforms.py for tasks to queue
[2023-02-01T00:17:31.503+0000] {logging_mixin.py:120} INFO - [2023-02-01T00:17:31.503+0000] {dagbag.py:537} INFO - Filling up the DagBag from /opt/airflow/dags/subdags/subdag_transforms.py
[2023-02-01T00:17:31.508+0000] {processor.py:768} WARNING - No viable dags retrieved from /opt/airflow/dags/subdags/subdag_transforms.py
[2023-02-01T00:17:31.518+0000] {processor.py:176} INFO - Processing /opt/airflow/dags/subdags/subdag_transforms.py took 0.020 seconds
[2023-02-01T00:18:02.010+0000] {processor.py:154} INFO - Started process (PID=2644) to work on /opt/airflow/dags/subdags/subdag_transforms.py
[2023-02-01T00:18:02.011+0000] {processor.py:756} INFO - Processing file /opt/airflow/dags/subdags/subdag_transforms.py for tasks to queue
[2023-02-01T00:18:02.012+0000] {logging_mixin.py:120} INFO - [2023-02-01T00:18:02.012+0000] {dagbag.py:537} INFO - Filling up the DagBag from /opt/airflow/dags/subdags/subdag_transforms.py
[2023-02-01T00:18:02.017+0000] {processor.py:768} WARNING - No viable dags retrieved from /opt/airflow/dags/subdags/subdag_transforms.py
[2023-02-01T00:18:02.028+0000] {processor.py:176} INFO - Processing /opt/airflow/dags/subdags/subdag_transforms.py took 0.021 seconds
[2023-02-01T00:18:32.506+0000] {processor.py:154} INFO - Started process (PID=2679) to work on /opt/airflow/dags/subdags/subdag_transforms.py
[2023-02-01T00:18:32.507+0000] {processor.py:756} INFO - Processing file /opt/airflow/dags/subdags/subdag_transforms.py for tasks to queue
[2023-02-01T00:18:32.508+0000] {logging_mixin.py:120} INFO - [2023-02-01T00:18:32.508+0000] {dagbag.py:537} INFO - Filling up the DagBag from /opt/airflow/dags/subdags/subdag_transforms.py
[2023-02-01T00:18:32.510+0000] {processor.py:768} WARNING - No viable dags retrieved from /opt/airflow/dags/subdags/subdag_transforms.py
[2023-02-01T00:18:32.518+0000] {processor.py:176} INFO - Processing /opt/airflow/dags/subdags/subdag_transforms.py took 0.013 seconds
[2023-02-01T00:19:03.031+0000] {processor.py:154} INFO - Started process (PID=2714) to work on /opt/airflow/dags/subdags/subdag_transforms.py
[2023-02-01T00:19:03.033+0000] {processor.py:756} INFO - Processing file /opt/airflow/dags/subdags/subdag_transforms.py for tasks to queue
[2023-02-01T00:19:03.033+0000] {logging_mixin.py:120} INFO - [2023-02-01T00:19:03.033+0000] {dagbag.py:537} INFO - Filling up the DagBag from /opt/airflow/dags/subdags/subdag_transforms.py
[2023-02-01T00:19:03.040+0000] {processor.py:768} WARNING - No viable dags retrieved from /opt/airflow/dags/subdags/subdag_transforms.py
[2023-02-01T00:19:03.051+0000] {processor.py:176} INFO - Processing /opt/airflow/dags/subdags/subdag_transforms.py took 0.023 seconds
[2023-02-01T00:19:33.538+0000] {processor.py:154} INFO - Started process (PID=2749) to work on /opt/airflow/dags/subdags/subdag_transforms.py
[2023-02-01T00:19:33.539+0000] {processor.py:756} INFO - Processing file /opt/airflow/dags/subdags/subdag_transforms.py for tasks to queue
[2023-02-01T00:19:33.540+0000] {logging_mixin.py:120} INFO - [2023-02-01T00:19:33.540+0000] {dagbag.py:537} INFO - Filling up the DagBag from /opt/airflow/dags/subdags/subdag_transforms.py
[2023-02-01T00:19:33.547+0000] {processor.py:768} WARNING - No viable dags retrieved from /opt/airflow/dags/subdags/subdag_transforms.py
[2023-02-01T00:19:33.556+0000] {processor.py:176} INFO - Processing /opt/airflow/dags/subdags/subdag_transforms.py took 0.022 seconds
[2023-02-01T00:20:04.077+0000] {processor.py:154} INFO - Started process (PID=2785) to work on /opt/airflow/dags/subdags/subdag_transforms.py
[2023-02-01T00:20:04.080+0000] {processor.py:756} INFO - Processing file /opt/airflow/dags/subdags/subdag_transforms.py for tasks to queue
[2023-02-01T00:20:04.080+0000] {logging_mixin.py:120} INFO - [2023-02-01T00:20:04.080+0000] {dagbag.py:537} INFO - Filling up the DagBag from /opt/airflow/dags/subdags/subdag_transforms.py
[2023-02-01T00:20:04.084+0000] {processor.py:768} WARNING - No viable dags retrieved from /opt/airflow/dags/subdags/subdag_transforms.py
[2023-02-01T00:20:04.095+0000] {processor.py:176} INFO - Processing /opt/airflow/dags/subdags/subdag_transforms.py took 0.021 seconds
[2023-02-01T00:20:34.599+0000] {processor.py:154} INFO - Started process (PID=2811) to work on /opt/airflow/dags/subdags/subdag_transforms.py
[2023-02-01T00:20:34.601+0000] {processor.py:756} INFO - Processing file /opt/airflow/dags/subdags/subdag_transforms.py for tasks to queue
[2023-02-01T00:20:34.601+0000] {logging_mixin.py:120} INFO - [2023-02-01T00:20:34.601+0000] {dagbag.py:537} INFO - Filling up the DagBag from /opt/airflow/dags/subdags/subdag_transforms.py
[2023-02-01T00:20:34.604+0000] {processor.py:768} WARNING - No viable dags retrieved from /opt/airflow/dags/subdags/subdag_transforms.py
[2023-02-01T00:20:34.613+0000] {processor.py:176} INFO - Processing /opt/airflow/dags/subdags/subdag_transforms.py took 0.016 seconds
[2023-02-01T00:21:05.110+0000] {processor.py:154} INFO - Started process (PID=2846) to work on /opt/airflow/dags/subdags/subdag_transforms.py
[2023-02-01T00:21:05.111+0000] {processor.py:756} INFO - Processing file /opt/airflow/dags/subdags/subdag_transforms.py for tasks to queue
[2023-02-01T00:21:05.112+0000] {logging_mixin.py:120} INFO - [2023-02-01T00:21:05.112+0000] {dagbag.py:537} INFO - Filling up the DagBag from /opt/airflow/dags/subdags/subdag_transforms.py
[2023-02-01T00:21:05.115+0000] {processor.py:768} WARNING - No viable dags retrieved from /opt/airflow/dags/subdags/subdag_transforms.py
[2023-02-01T00:21:05.126+0000] {processor.py:176} INFO - Processing /opt/airflow/dags/subdags/subdag_transforms.py took 0.017 seconds
[2023-02-01T00:21:35.608+0000] {processor.py:154} INFO - Started process (PID=2881) to work on /opt/airflow/dags/subdags/subdag_transforms.py
[2023-02-01T00:21:35.611+0000] {processor.py:756} INFO - Processing file /opt/airflow/dags/subdags/subdag_transforms.py for tasks to queue
[2023-02-01T00:21:35.611+0000] {logging_mixin.py:120} INFO - [2023-02-01T00:21:35.611+0000] {dagbag.py:537} INFO - Filling up the DagBag from /opt/airflow/dags/subdags/subdag_transforms.py
[2023-02-01T00:21:35.616+0000] {processor.py:768} WARNING - No viable dags retrieved from /opt/airflow/dags/subdags/subdag_transforms.py
[2023-02-01T00:21:35.624+0000] {processor.py:176} INFO - Processing /opt/airflow/dags/subdags/subdag_transforms.py took 0.020 seconds
[2023-02-01T00:22:06.164+0000] {processor.py:154} INFO - Started process (PID=2919) to work on /opt/airflow/dags/subdags/subdag_transforms.py
[2023-02-01T00:22:06.166+0000] {processor.py:756} INFO - Processing file /opt/airflow/dags/subdags/subdag_transforms.py for tasks to queue
[2023-02-01T00:22:06.166+0000] {logging_mixin.py:120} INFO - [2023-02-01T00:22:06.166+0000] {dagbag.py:537} INFO - Filling up the DagBag from /opt/airflow/dags/subdags/subdag_transforms.py
[2023-02-01T00:22:06.169+0000] {processor.py:768} WARNING - No viable dags retrieved from /opt/airflow/dags/subdags/subdag_transforms.py
[2023-02-01T00:22:06.177+0000] {processor.py:176} INFO - Processing /opt/airflow/dags/subdags/subdag_transforms.py took 0.016 seconds
[2023-02-01T00:22:36.721+0000] {processor.py:154} INFO - Started process (PID=2960) to work on /opt/airflow/dags/subdags/subdag_transforms.py
[2023-02-01T00:22:36.722+0000] {processor.py:756} INFO - Processing file /opt/airflow/dags/subdags/subdag_transforms.py for tasks to queue
[2023-02-01T00:22:36.722+0000] {logging_mixin.py:120} INFO - [2023-02-01T00:22:36.722+0000] {dagbag.py:537} INFO - Filling up the DagBag from /opt/airflow/dags/subdags/subdag_transforms.py
[2023-02-01T00:22:36.725+0000] {processor.py:768} WARNING - No viable dags retrieved from /opt/airflow/dags/subdags/subdag_transforms.py
[2023-02-01T00:22:36.734+0000] {processor.py:176} INFO - Processing /opt/airflow/dags/subdags/subdag_transforms.py took 0.016 seconds
[2023-02-01T00:23:07.263+0000] {processor.py:154} INFO - Started process (PID=2988) to work on /opt/airflow/dags/subdags/subdag_transforms.py
[2023-02-01T00:23:07.265+0000] {processor.py:756} INFO - Processing file /opt/airflow/dags/subdags/subdag_transforms.py for tasks to queue
[2023-02-01T00:23:07.265+0000] {logging_mixin.py:120} INFO - [2023-02-01T00:23:07.265+0000] {dagbag.py:537} INFO - Filling up the DagBag from /opt/airflow/dags/subdags/subdag_transforms.py
[2023-02-01T00:23:07.270+0000] {processor.py:768} WARNING - No viable dags retrieved from /opt/airflow/dags/subdags/subdag_transforms.py
[2023-02-01T00:23:07.283+0000] {processor.py:176} INFO - Processing /opt/airflow/dags/subdags/subdag_transforms.py took 0.023 seconds
[2023-02-01T00:23:37.804+0000] {processor.py:154} INFO - Started process (PID=3031) to work on /opt/airflow/dags/subdags/subdag_transforms.py
[2023-02-01T00:23:37.806+0000] {processor.py:756} INFO - Processing file /opt/airflow/dags/subdags/subdag_transforms.py for tasks to queue
[2023-02-01T00:23:37.807+0000] {logging_mixin.py:120} INFO - [2023-02-01T00:23:37.807+0000] {dagbag.py:537} INFO - Filling up the DagBag from /opt/airflow/dags/subdags/subdag_transforms.py
[2023-02-01T00:23:37.812+0000] {processor.py:768} WARNING - No viable dags retrieved from /opt/airflow/dags/subdags/subdag_transforms.py
[2023-02-01T00:23:37.829+0000] {processor.py:176} INFO - Processing /opt/airflow/dags/subdags/subdag_transforms.py took 0.028 seconds
[2023-02-01T00:24:08.306+0000] {processor.py:154} INFO - Started process (PID=3069) to work on /opt/airflow/dags/subdags/subdag_transforms.py
[2023-02-01T00:24:08.306+0000] {processor.py:756} INFO - Processing file /opt/airflow/dags/subdags/subdag_transforms.py for tasks to queue
[2023-02-01T00:24:08.307+0000] {logging_mixin.py:120} INFO - [2023-02-01T00:24:08.307+0000] {dagbag.py:537} INFO - Filling up the DagBag from /opt/airflow/dags/subdags/subdag_transforms.py
[2023-02-01T00:24:08.310+0000] {processor.py:768} WARNING - No viable dags retrieved from /opt/airflow/dags/subdags/subdag_transforms.py
[2023-02-01T00:24:08.319+0000] {processor.py:176} INFO - Processing /opt/airflow/dags/subdags/subdag_transforms.py took 0.014 seconds
[2023-02-01T00:24:38.813+0000] {processor.py:154} INFO - Started process (PID=3107) to work on /opt/airflow/dags/subdags/subdag_transforms.py
[2023-02-01T00:24:38.815+0000] {processor.py:756} INFO - Processing file /opt/airflow/dags/subdags/subdag_transforms.py for tasks to queue
[2023-02-01T00:24:38.816+0000] {logging_mixin.py:120} INFO - [2023-02-01T00:24:38.816+0000] {dagbag.py:537} INFO - Filling up the DagBag from /opt/airflow/dags/subdags/subdag_transforms.py
[2023-02-01T00:24:38.819+0000] {processor.py:768} WARNING - No viable dags retrieved from /opt/airflow/dags/subdags/subdag_transforms.py
[2023-02-01T00:24:38.827+0000] {processor.py:176} INFO - Processing /opt/airflow/dags/subdags/subdag_transforms.py took 0.016 seconds
[2023-02-01T00:25:09.307+0000] {processor.py:154} INFO - Started process (PID=3136) to work on /opt/airflow/dags/subdags/subdag_transforms.py
[2023-02-01T00:25:09.308+0000] {processor.py:756} INFO - Processing file /opt/airflow/dags/subdags/subdag_transforms.py for tasks to queue
[2023-02-01T00:25:09.309+0000] {logging_mixin.py:120} INFO - [2023-02-01T00:25:09.309+0000] {dagbag.py:537} INFO - Filling up the DagBag from /opt/airflow/dags/subdags/subdag_transforms.py
[2023-02-01T00:25:09.313+0000] {processor.py:768} WARNING - No viable dags retrieved from /opt/airflow/dags/subdags/subdag_transforms.py
[2023-02-01T00:25:09.321+0000] {processor.py:176} INFO - Processing /opt/airflow/dags/subdags/subdag_transforms.py took 0.017 seconds
[2023-02-01T00:25:39.795+0000] {processor.py:154} INFO - Started process (PID=3174) to work on /opt/airflow/dags/subdags/subdag_transforms.py
[2023-02-01T00:25:39.797+0000] {processor.py:756} INFO - Processing file /opt/airflow/dags/subdags/subdag_transforms.py for tasks to queue
[2023-02-01T00:25:39.797+0000] {logging_mixin.py:120} INFO - [2023-02-01T00:25:39.797+0000] {dagbag.py:537} INFO - Filling up the DagBag from /opt/airflow/dags/subdags/subdag_transforms.py
[2023-02-01T00:25:39.802+0000] {processor.py:768} WARNING - No viable dags retrieved from /opt/airflow/dags/subdags/subdag_transforms.py
[2023-02-01T00:25:39.813+0000] {processor.py:176} INFO - Processing /opt/airflow/dags/subdags/subdag_transforms.py took 0.022 seconds
[2023-02-01T00:26:10.268+0000] {processor.py:154} INFO - Started process (PID=3213) to work on /opt/airflow/dags/subdags/subdag_transforms.py
[2023-02-01T00:26:10.268+0000] {processor.py:756} INFO - Processing file /opt/airflow/dags/subdags/subdag_transforms.py for tasks to queue
[2023-02-01T00:26:10.269+0000] {logging_mixin.py:120} INFO - [2023-02-01T00:26:10.269+0000] {dagbag.py:537} INFO - Filling up the DagBag from /opt/airflow/dags/subdags/subdag_transforms.py
[2023-02-01T00:26:10.274+0000] {processor.py:768} WARNING - No viable dags retrieved from /opt/airflow/dags/subdags/subdag_transforms.py
[2023-02-01T00:26:10.283+0000] {processor.py:176} INFO - Processing /opt/airflow/dags/subdags/subdag_transforms.py took 0.018 seconds
[2023-02-01T00:26:40.792+0000] {processor.py:154} INFO - Started process (PID=3251) to work on /opt/airflow/dags/subdags/subdag_transforms.py
[2023-02-01T00:26:40.795+0000] {processor.py:756} INFO - Processing file /opt/airflow/dags/subdags/subdag_transforms.py for tasks to queue
[2023-02-01T00:26:40.796+0000] {logging_mixin.py:120} INFO - [2023-02-01T00:26:40.796+0000] {dagbag.py:537} INFO - Filling up the DagBag from /opt/airflow/dags/subdags/subdag_transforms.py
[2023-02-01T00:26:40.802+0000] {processor.py:768} WARNING - No viable dags retrieved from /opt/airflow/dags/subdags/subdag_transforms.py
[2023-02-01T00:26:40.810+0000] {processor.py:176} INFO - Processing /opt/airflow/dags/subdags/subdag_transforms.py took 0.022 seconds
[2023-02-01T00:27:11.333+0000] {processor.py:154} INFO - Started process (PID=3281) to work on /opt/airflow/dags/subdags/subdag_transforms.py
[2023-02-01T00:27:11.334+0000] {processor.py:756} INFO - Processing file /opt/airflow/dags/subdags/subdag_transforms.py for tasks to queue
[2023-02-01T00:27:11.334+0000] {logging_mixin.py:120} INFO - [2023-02-01T00:27:11.334+0000] {dagbag.py:537} INFO - Filling up the DagBag from /opt/airflow/dags/subdags/subdag_transforms.py
[2023-02-01T00:27:11.338+0000] {processor.py:768} WARNING - No viable dags retrieved from /opt/airflow/dags/subdags/subdag_transforms.py
[2023-02-01T00:27:11.348+0000] {processor.py:176} INFO - Processing /opt/airflow/dags/subdags/subdag_transforms.py took 0.018 seconds
[2023-02-01T00:27:41.879+0000] {processor.py:154} INFO - Started process (PID=3320) to work on /opt/airflow/dags/subdags/subdag_transforms.py
[2023-02-01T00:27:41.881+0000] {processor.py:756} INFO - Processing file /opt/airflow/dags/subdags/subdag_transforms.py for tasks to queue
[2023-02-01T00:27:41.881+0000] {logging_mixin.py:120} INFO - [2023-02-01T00:27:41.881+0000] {dagbag.py:537} INFO - Filling up the DagBag from /opt/airflow/dags/subdags/subdag_transforms.py
[2023-02-01T00:27:41.886+0000] {processor.py:768} WARNING - No viable dags retrieved from /opt/airflow/dags/subdags/subdag_transforms.py
[2023-02-01T00:27:41.897+0000] {processor.py:176} INFO - Processing /opt/airflow/dags/subdags/subdag_transforms.py took 0.021 seconds
[2023-02-01T00:28:12.420+0000] {processor.py:154} INFO - Started process (PID=3359) to work on /opt/airflow/dags/subdags/subdag_transforms.py
[2023-02-01T00:28:12.421+0000] {processor.py:756} INFO - Processing file /opt/airflow/dags/subdags/subdag_transforms.py for tasks to queue
[2023-02-01T00:28:12.421+0000] {logging_mixin.py:120} INFO - [2023-02-01T00:28:12.421+0000] {dagbag.py:537} INFO - Filling up the DagBag from /opt/airflow/dags/subdags/subdag_transforms.py
[2023-02-01T00:28:12.426+0000] {processor.py:768} WARNING - No viable dags retrieved from /opt/airflow/dags/subdags/subdag_transforms.py
[2023-02-01T00:28:12.434+0000] {processor.py:176} INFO - Processing /opt/airflow/dags/subdags/subdag_transforms.py took 0.017 seconds
[2023-02-01T00:28:42.970+0000] {processor.py:154} INFO - Started process (PID=3397) to work on /opt/airflow/dags/subdags/subdag_transforms.py
[2023-02-01T00:28:42.972+0000] {processor.py:756} INFO - Processing file /opt/airflow/dags/subdags/subdag_transforms.py for tasks to queue
[2023-02-01T00:28:42.973+0000] {logging_mixin.py:120} INFO - [2023-02-01T00:28:42.973+0000] {dagbag.py:537} INFO - Filling up the DagBag from /opt/airflow/dags/subdags/subdag_transforms.py
[2023-02-01T00:28:42.978+0000] {processor.py:768} WARNING - No viable dags retrieved from /opt/airflow/dags/subdags/subdag_transforms.py
[2023-02-01T00:28:42.986+0000] {processor.py:176} INFO - Processing /opt/airflow/dags/subdags/subdag_transforms.py took 0.020 seconds
[2023-02-01T00:29:13.520+0000] {processor.py:154} INFO - Started process (PID=3436) to work on /opt/airflow/dags/subdags/subdag_transforms.py
[2023-02-01T00:29:13.520+0000] {processor.py:756} INFO - Processing file /opt/airflow/dags/subdags/subdag_transforms.py for tasks to queue
[2023-02-01T00:29:13.521+0000] {logging_mixin.py:120} INFO - [2023-02-01T00:29:13.521+0000] {dagbag.py:537} INFO - Filling up the DagBag from /opt/airflow/dags/subdags/subdag_transforms.py
[2023-02-01T00:29:13.525+0000] {processor.py:768} WARNING - No viable dags retrieved from /opt/airflow/dags/subdags/subdag_transforms.py
[2023-02-01T00:29:13.537+0000] {processor.py:176} INFO - Processing /opt/airflow/dags/subdags/subdag_transforms.py took 0.020 seconds
[2023-02-01T00:29:44.070+0000] {processor.py:154} INFO - Started process (PID=3466) to work on /opt/airflow/dags/subdags/subdag_transforms.py
[2023-02-01T00:29:44.073+0000] {processor.py:756} INFO - Processing file /opt/airflow/dags/subdags/subdag_transforms.py for tasks to queue
[2023-02-01T00:29:44.073+0000] {logging_mixin.py:120} INFO - [2023-02-01T00:29:44.073+0000] {dagbag.py:537} INFO - Filling up the DagBag from /opt/airflow/dags/subdags/subdag_transforms.py
[2023-02-01T00:29:44.078+0000] {processor.py:768} WARNING - No viable dags retrieved from /opt/airflow/dags/subdags/subdag_transforms.py
[2023-02-01T00:29:44.087+0000] {processor.py:176} INFO - Processing /opt/airflow/dags/subdags/subdag_transforms.py took 0.022 seconds
[2023-02-01T00:30:14.612+0000] {processor.py:154} INFO - Started process (PID=3506) to work on /opt/airflow/dags/subdags/subdag_transforms.py
[2023-02-01T00:30:14.612+0000] {processor.py:756} INFO - Processing file /opt/airflow/dags/subdags/subdag_transforms.py for tasks to queue
[2023-02-01T00:30:14.613+0000] {logging_mixin.py:120} INFO - [2023-02-01T00:30:14.613+0000] {dagbag.py:537} INFO - Filling up the DagBag from /opt/airflow/dags/subdags/subdag_transforms.py
[2023-02-01T00:30:14.618+0000] {processor.py:768} WARNING - No viable dags retrieved from /opt/airflow/dags/subdags/subdag_transforms.py
[2023-02-01T00:30:14.626+0000] {processor.py:176} INFO - Processing /opt/airflow/dags/subdags/subdag_transforms.py took 0.019 seconds
[2023-02-01T00:30:45.126+0000] {processor.py:154} INFO - Started process (PID=3545) to work on /opt/airflow/dags/subdags/subdag_transforms.py
[2023-02-01T00:30:45.128+0000] {processor.py:756} INFO - Processing file /opt/airflow/dags/subdags/subdag_transforms.py for tasks to queue
[2023-02-01T00:30:45.128+0000] {logging_mixin.py:120} INFO - [2023-02-01T00:30:45.128+0000] {dagbag.py:537} INFO - Filling up the DagBag from /opt/airflow/dags/subdags/subdag_transforms.py
[2023-02-01T00:30:45.130+0000] {processor.py:768} WARNING - No viable dags retrieved from /opt/airflow/dags/subdags/subdag_transforms.py
[2023-02-01T00:30:45.138+0000] {processor.py:176} INFO - Processing /opt/airflow/dags/subdags/subdag_transforms.py took 0.015 seconds
[2023-02-01T00:31:15.682+0000] {processor.py:154} INFO - Started process (PID=3584) to work on /opt/airflow/dags/subdags/subdag_transforms.py
[2023-02-01T00:31:15.683+0000] {processor.py:756} INFO - Processing file /opt/airflow/dags/subdags/subdag_transforms.py for tasks to queue
[2023-02-01T00:31:15.683+0000] {logging_mixin.py:120} INFO - [2023-02-01T00:31:15.683+0000] {dagbag.py:537} INFO - Filling up the DagBag from /opt/airflow/dags/subdags/subdag_transforms.py
[2023-02-01T00:31:15.689+0000] {processor.py:768} WARNING - No viable dags retrieved from /opt/airflow/dags/subdags/subdag_transforms.py
[2023-02-01T00:31:15.699+0000] {processor.py:176} INFO - Processing /opt/airflow/dags/subdags/subdag_transforms.py took 0.021 seconds
[2023-02-01T00:31:46.225+0000] {processor.py:154} INFO - Started process (PID=3624) to work on /opt/airflow/dags/subdags/subdag_transforms.py
[2023-02-01T00:31:46.227+0000] {processor.py:756} INFO - Processing file /opt/airflow/dags/subdags/subdag_transforms.py for tasks to queue
[2023-02-01T00:31:46.229+0000] {logging_mixin.py:120} INFO - [2023-02-01T00:31:46.228+0000] {dagbag.py:537} INFO - Filling up the DagBag from /opt/airflow/dags/subdags/subdag_transforms.py
[2023-02-01T00:31:46.236+0000] {processor.py:768} WARNING - No viable dags retrieved from /opt/airflow/dags/subdags/subdag_transforms.py
[2023-02-01T00:31:46.247+0000] {processor.py:176} INFO - Processing /opt/airflow/dags/subdags/subdag_transforms.py took 0.026 seconds
[2023-02-01T00:32:16.754+0000] {processor.py:154} INFO - Started process (PID=3654) to work on /opt/airflow/dags/subdags/subdag_transforms.py
[2023-02-01T00:32:16.754+0000] {processor.py:756} INFO - Processing file /opt/airflow/dags/subdags/subdag_transforms.py for tasks to queue
[2023-02-01T00:32:16.754+0000] {logging_mixin.py:120} INFO - [2023-02-01T00:32:16.754+0000] {dagbag.py:537} INFO - Filling up the DagBag from /opt/airflow/dags/subdags/subdag_transforms.py
[2023-02-01T00:32:16.757+0000] {processor.py:768} WARNING - No viable dags retrieved from /opt/airflow/dags/subdags/subdag_transforms.py
[2023-02-01T00:32:16.766+0000] {processor.py:176} INFO - Processing /opt/airflow/dags/subdags/subdag_transforms.py took 0.015 seconds
[2023-02-01T00:32:47.270+0000] {processor.py:154} INFO - Started process (PID=3692) to work on /opt/airflow/dags/subdags/subdag_transforms.py
[2023-02-01T00:32:47.272+0000] {processor.py:756} INFO - Processing file /opt/airflow/dags/subdags/subdag_transforms.py for tasks to queue
[2023-02-01T00:32:47.273+0000] {logging_mixin.py:120} INFO - [2023-02-01T00:32:47.273+0000] {dagbag.py:537} INFO - Filling up the DagBag from /opt/airflow/dags/subdags/subdag_transforms.py
[2023-02-01T00:32:47.281+0000] {processor.py:768} WARNING - No viable dags retrieved from /opt/airflow/dags/subdags/subdag_transforms.py
[2023-02-01T00:32:47.305+0000] {processor.py:176} INFO - Processing /opt/airflow/dags/subdags/subdag_transforms.py took 0.040 seconds
[2023-02-01T00:33:17.462+0000] {processor.py:154} INFO - Started process (PID=3731) to work on /opt/airflow/dags/subdags/subdag_transforms.py
[2023-02-01T00:33:17.464+0000] {processor.py:756} INFO - Processing file /opt/airflow/dags/subdags/subdag_transforms.py for tasks to queue
[2023-02-01T00:33:17.465+0000] {logging_mixin.py:120} INFO - [2023-02-01T00:33:17.465+0000] {dagbag.py:537} INFO - Filling up the DagBag from /opt/airflow/dags/subdags/subdag_transforms.py
[2023-02-01T00:33:17.474+0000] {processor.py:768} WARNING - No viable dags retrieved from /opt/airflow/dags/subdags/subdag_transforms.py
[2023-02-01T00:33:17.495+0000] {processor.py:176} INFO - Processing /opt/airflow/dags/subdags/subdag_transforms.py took 0.038 seconds
[2023-02-01T00:33:47.993+0000] {processor.py:154} INFO - Started process (PID=3760) to work on /opt/airflow/dags/subdags/subdag_transforms.py
[2023-02-01T00:33:47.993+0000] {processor.py:756} INFO - Processing file /opt/airflow/dags/subdags/subdag_transforms.py for tasks to queue
[2023-02-01T00:33:47.993+0000] {logging_mixin.py:120} INFO - [2023-02-01T00:33:47.993+0000] {dagbag.py:537} INFO - Filling up the DagBag from /opt/airflow/dags/subdags/subdag_transforms.py
[2023-02-01T00:33:47.996+0000] {processor.py:768} WARNING - No viable dags retrieved from /opt/airflow/dags/subdags/subdag_transforms.py
[2023-02-01T00:33:48.005+0000] {processor.py:176} INFO - Processing /opt/airflow/dags/subdags/subdag_transforms.py took 0.015 seconds
[2023-02-01T00:34:18.402+0000] {processor.py:154} INFO - Started process (PID=3799) to work on /opt/airflow/dags/subdags/subdag_transforms.py
[2023-02-01T00:34:18.404+0000] {processor.py:756} INFO - Processing file /opt/airflow/dags/subdags/subdag_transforms.py for tasks to queue
[2023-02-01T00:34:18.404+0000] {logging_mixin.py:120} INFO - [2023-02-01T00:34:18.404+0000] {dagbag.py:537} INFO - Filling up the DagBag from /opt/airflow/dags/subdags/subdag_transforms.py
[2023-02-01T00:34:18.409+0000] {processor.py:768} WARNING - No viable dags retrieved from /opt/airflow/dags/subdags/subdag_transforms.py
[2023-02-01T00:34:18.418+0000] {processor.py:176} INFO - Processing /opt/airflow/dags/subdags/subdag_transforms.py took 0.021 seconds
[2023-02-01T00:34:48.807+0000] {processor.py:154} INFO - Started process (PID=3837) to work on /opt/airflow/dags/subdags/subdag_transforms.py
[2023-02-01T00:34:48.807+0000] {processor.py:756} INFO - Processing file /opt/airflow/dags/subdags/subdag_transforms.py for tasks to queue
[2023-02-01T00:34:48.808+0000] {logging_mixin.py:120} INFO - [2023-02-01T00:34:48.808+0000] {dagbag.py:537} INFO - Filling up the DagBag from /opt/airflow/dags/subdags/subdag_transforms.py
[2023-02-01T00:34:48.811+0000] {processor.py:768} WARNING - No viable dags retrieved from /opt/airflow/dags/subdags/subdag_transforms.py
[2023-02-01T00:34:48.820+0000] {processor.py:176} INFO - Processing /opt/airflow/dags/subdags/subdag_transforms.py took 0.017 seconds
[2023-02-01T00:35:19.264+0000] {processor.py:154} INFO - Started process (PID=3872) to work on /opt/airflow/dags/subdags/subdag_transforms.py
[2023-02-01T00:35:19.265+0000] {processor.py:756} INFO - Processing file /opt/airflow/dags/subdags/subdag_transforms.py for tasks to queue
[2023-02-01T00:35:19.266+0000] {logging_mixin.py:120} INFO - [2023-02-01T00:35:19.266+0000] {dagbag.py:537} INFO - Filling up the DagBag from /opt/airflow/dags/subdags/subdag_transforms.py
[2023-02-01T00:35:19.269+0000] {processor.py:768} WARNING - No viable dags retrieved from /opt/airflow/dags/subdags/subdag_transforms.py
[2023-02-01T00:35:19.278+0000] {processor.py:176} INFO - Processing /opt/airflow/dags/subdags/subdag_transforms.py took 0.017 seconds
[2023-02-01T00:35:49.701+0000] {processor.py:154} INFO - Started process (PID=3905) to work on /opt/airflow/dags/subdags/subdag_transforms.py
[2023-02-01T00:35:49.702+0000] {processor.py:756} INFO - Processing file /opt/airflow/dags/subdags/subdag_transforms.py for tasks to queue
[2023-02-01T00:35:49.702+0000] {logging_mixin.py:120} INFO - [2023-02-01T00:35:49.702+0000] {dagbag.py:537} INFO - Filling up the DagBag from /opt/airflow/dags/subdags/subdag_transforms.py
[2023-02-01T00:35:49.706+0000] {processor.py:768} WARNING - No viable dags retrieved from /opt/airflow/dags/subdags/subdag_transforms.py
[2023-02-01T00:35:49.715+0000] {processor.py:176} INFO - Processing /opt/airflow/dags/subdags/subdag_transforms.py took 0.018 seconds
[2023-02-01T00:36:20.141+0000] {processor.py:154} INFO - Started process (PID=3944) to work on /opt/airflow/dags/subdags/subdag_transforms.py
[2023-02-01T00:36:20.143+0000] {processor.py:756} INFO - Processing file /opt/airflow/dags/subdags/subdag_transforms.py for tasks to queue
[2023-02-01T00:36:20.144+0000] {logging_mixin.py:120} INFO - [2023-02-01T00:36:20.144+0000] {dagbag.py:537} INFO - Filling up the DagBag from /opt/airflow/dags/subdags/subdag_transforms.py
[2023-02-01T00:36:20.148+0000] {processor.py:768} WARNING - No viable dags retrieved from /opt/airflow/dags/subdags/subdag_transforms.py
[2023-02-01T00:36:20.156+0000] {processor.py:176} INFO - Processing /opt/airflow/dags/subdags/subdag_transforms.py took 0.020 seconds
[2023-02-01T00:36:50.529+0000] {processor.py:154} INFO - Started process (PID=3983) to work on /opt/airflow/dags/subdags/subdag_transforms.py
[2023-02-01T00:36:50.531+0000] {processor.py:756} INFO - Processing file /opt/airflow/dags/subdags/subdag_transforms.py for tasks to queue
[2023-02-01T00:36:50.532+0000] {logging_mixin.py:120} INFO - [2023-02-01T00:36:50.532+0000] {dagbag.py:537} INFO - Filling up the DagBag from /opt/airflow/dags/subdags/subdag_transforms.py
[2023-02-01T00:36:50.539+0000] {processor.py:768} WARNING - No viable dags retrieved from /opt/airflow/dags/subdags/subdag_transforms.py
[2023-02-01T00:36:50.548+0000] {processor.py:176} INFO - Processing /opt/airflow/dags/subdags/subdag_transforms.py took 0.023 seconds
[2023-02-01T00:37:21.012+0000] {processor.py:154} INFO - Started process (PID=4022) to work on /opt/airflow/dags/subdags/subdag_transforms.py
[2023-02-01T00:37:21.014+0000] {processor.py:756} INFO - Processing file /opt/airflow/dags/subdags/subdag_transforms.py for tasks to queue
[2023-02-01T00:37:21.014+0000] {logging_mixin.py:120} INFO - [2023-02-01T00:37:21.014+0000] {dagbag.py:537} INFO - Filling up the DagBag from /opt/airflow/dags/subdags/subdag_transforms.py
[2023-02-01T00:37:21.018+0000] {processor.py:768} WARNING - No viable dags retrieved from /opt/airflow/dags/subdags/subdag_transforms.py
[2023-02-01T00:37:21.025+0000] {processor.py:176} INFO - Processing /opt/airflow/dags/subdags/subdag_transforms.py took 0.017 seconds
[2023-02-01T00:37:51.429+0000] {processor.py:154} INFO - Started process (PID=4052) to work on /opt/airflow/dags/subdags/subdag_transforms.py
[2023-02-01T00:37:51.429+0000] {processor.py:756} INFO - Processing file /opt/airflow/dags/subdags/subdag_transforms.py for tasks to queue
[2023-02-01T00:37:51.430+0000] {logging_mixin.py:120} INFO - [2023-02-01T00:37:51.430+0000] {dagbag.py:537} INFO - Filling up the DagBag from /opt/airflow/dags/subdags/subdag_transforms.py
[2023-02-01T00:37:51.432+0000] {processor.py:768} WARNING - No viable dags retrieved from /opt/airflow/dags/subdags/subdag_transforms.py
[2023-02-01T00:37:51.441+0000] {processor.py:176} INFO - Processing /opt/airflow/dags/subdags/subdag_transforms.py took 0.014 seconds
[2023-02-01T00:38:22.069+0000] {processor.py:154} INFO - Started process (PID=4091) to work on /opt/airflow/dags/subdags/subdag_transforms.py
[2023-02-01T00:38:22.074+0000] {processor.py:756} INFO - Processing file /opt/airflow/dags/subdags/subdag_transforms.py for tasks to queue
[2023-02-01T00:38:22.075+0000] {logging_mixin.py:120} INFO - [2023-02-01T00:38:22.074+0000] {dagbag.py:537} INFO - Filling up the DagBag from /opt/airflow/dags/subdags/subdag_transforms.py
[2023-02-01T00:38:22.080+0000] {processor.py:768} WARNING - No viable dags retrieved from /opt/airflow/dags/subdags/subdag_transforms.py
[2023-02-01T00:38:22.108+0000] {processor.py:176} INFO - Processing /opt/airflow/dags/subdags/subdag_transforms.py took 0.044 seconds
[2023-02-01T00:38:26.845+0000] {processor.py:154} INFO - Started process (PID=51) to work on /opt/airflow/dags/subdags/subdag_transforms.py
[2023-02-01T00:38:26.851+0000] {processor.py:756} INFO - Processing file /opt/airflow/dags/subdags/subdag_transforms.py for tasks to queue
[2023-02-01T00:38:26.852+0000] {logging_mixin.py:120} INFO - [2023-02-01T00:38:26.852+0000] {dagbag.py:537} INFO - Filling up the DagBag from /opt/airflow/dags/subdags/subdag_transforms.py
[2023-02-01T00:38:26.870+0000] {processor.py:768} WARNING - No viable dags retrieved from /opt/airflow/dags/subdags/subdag_transforms.py
[2023-02-01T00:38:26.890+0000] {processor.py:176} INFO - Processing /opt/airflow/dags/subdags/subdag_transforms.py took 0.052 seconds
[2023-02-01T00:38:52.589+0000] {processor.py:154} INFO - Started process (PID=4121) to work on /opt/airflow/dags/subdags/subdag_transforms.py
[2023-02-01T00:38:52.591+0000] {processor.py:756} INFO - Processing file /opt/airflow/dags/subdags/subdag_transforms.py for tasks to queue
[2023-02-01T00:38:52.592+0000] {logging_mixin.py:120} INFO - [2023-02-01T00:38:52.592+0000] {dagbag.py:537} INFO - Filling up the DagBag from /opt/airflow/dags/subdags/subdag_transforms.py
[2023-02-01T00:38:52.597+0000] {processor.py:768} WARNING - No viable dags retrieved from /opt/airflow/dags/subdags/subdag_transforms.py
[2023-02-01T00:38:52.607+0000] {processor.py:176} INFO - Processing /opt/airflow/dags/subdags/subdag_transforms.py took 0.023 seconds
[2023-02-01T00:38:57.431+0000] {processor.py:154} INFO - Started process (PID=88) to work on /opt/airflow/dags/subdags/subdag_transforms.py
[2023-02-01T00:38:57.431+0000] {processor.py:756} INFO - Processing file /opt/airflow/dags/subdags/subdag_transforms.py for tasks to queue
[2023-02-01T00:38:57.432+0000] {logging_mixin.py:120} INFO - [2023-02-01T00:38:57.432+0000] {dagbag.py:537} INFO - Filling up the DagBag from /opt/airflow/dags/subdags/subdag_transforms.py
[2023-02-01T00:38:57.437+0000] {processor.py:768} WARNING - No viable dags retrieved from /opt/airflow/dags/subdags/subdag_transforms.py
[2023-02-01T00:38:57.449+0000] {processor.py:176} INFO - Processing /opt/airflow/dags/subdags/subdag_transforms.py took 0.022 seconds
[2023-02-01T00:39:23.022+0000] {processor.py:154} INFO - Started process (PID=4159) to work on /opt/airflow/dags/subdags/subdag_transforms.py
[2023-02-01T00:39:23.022+0000] {processor.py:756} INFO - Processing file /opt/airflow/dags/subdags/subdag_transforms.py for tasks to queue
[2023-02-01T00:39:23.023+0000] {logging_mixin.py:120} INFO - [2023-02-01T00:39:23.023+0000] {dagbag.py:537} INFO - Filling up the DagBag from /opt/airflow/dags/subdags/subdag_transforms.py
[2023-02-01T00:39:23.027+0000] {processor.py:768} WARNING - No viable dags retrieved from /opt/airflow/dags/subdags/subdag_transforms.py
[2023-02-01T00:39:23.035+0000] {processor.py:176} INFO - Processing /opt/airflow/dags/subdags/subdag_transforms.py took 0.018 seconds
[2023-02-01T00:39:27.571+0000] {processor.py:154} INFO - Started process (PID=118) to work on /opt/airflow/dags/subdags/subdag_transforms.py
[2023-02-01T00:39:27.572+0000] {processor.py:756} INFO - Processing file /opt/airflow/dags/subdags/subdag_transforms.py for tasks to queue
[2023-02-01T00:39:27.572+0000] {logging_mixin.py:120} INFO - [2023-02-01T00:39:27.572+0000] {dagbag.py:537} INFO - Filling up the DagBag from /opt/airflow/dags/subdags/subdag_transforms.py
[2023-02-01T00:39:27.576+0000] {processor.py:768} WARNING - No viable dags retrieved from /opt/airflow/dags/subdags/subdag_transforms.py
[2023-02-01T00:39:27.583+0000] {processor.py:176} INFO - Processing /opt/airflow/dags/subdags/subdag_transforms.py took 0.015 seconds
