[2023-01-31T10:36:34.718+0000] {taskinstance.py:1165} INFO - Dependencies all met for <TaskInstance: parallel_dag.load_a scheduled__2023-01-30T00:00:00+00:00 [queued]>
[2023-01-31T10:36:34.726+0000] {taskinstance.py:1165} INFO - Dependencies all met for <TaskInstance: parallel_dag.load_a scheduled__2023-01-30T00:00:00+00:00 [queued]>
[2023-01-31T10:36:34.727+0000] {taskinstance.py:1362} INFO - 
--------------------------------------------------------------------------------
[2023-01-31T10:36:34.727+0000] {taskinstance.py:1363} INFO - Starting attempt 1 of 1
[2023-01-31T10:36:34.727+0000] {taskinstance.py:1364} INFO - 
--------------------------------------------------------------------------------
[2023-01-31T10:36:34.747+0000] {taskinstance.py:1383} INFO - Executing <Task(BashOperator): load_a> on 2023-01-30 00:00:00+00:00
[2023-01-31T10:36:34.751+0000] {standard_task_runner.py:55} INFO - Started process 126 to run task
[2023-01-31T10:36:34.753+0000] {standard_task_runner.py:82} INFO - Running: ['***', 'tasks', 'run', 'parallel_dag', 'load_a', 'scheduled__2023-01-30T00:00:00+00:00', '--job-id', '402', '--raw', '--subdir', 'DAGS_FOLDER/parallel_dag.py', '--cfg-path', '/tmp/tmpcfggypha']
[2023-01-31T10:36:34.753+0000] {standard_task_runner.py:83} INFO - Job 402: Subtask load_a
[2023-01-31T10:36:34.794+0000] {task_command.py:376} INFO - Running <TaskInstance: parallel_dag.load_a scheduled__2023-01-30T00:00:00+00:00 [running]> on host 35d887eb39bb
[2023-01-31T10:36:34.848+0000] {taskinstance.py:1592} INFO - Exporting the following env vars:
AIRFLOW_CTX_DAG_OWNER=***
AIRFLOW_CTX_DAG_ID=parallel_dag
AIRFLOW_CTX_TASK_ID=load_a
AIRFLOW_CTX_EXECUTION_DATE=2023-01-30T00:00:00+00:00
AIRFLOW_CTX_TRY_NUMBER=1
AIRFLOW_CTX_DAG_RUN_ID=scheduled__2023-01-30T00:00:00+00:00
[2023-01-31T10:36:34.849+0000] {subprocess.py:63} INFO - Tmp dir root location: 
 /tmp
[2023-01-31T10:36:34.849+0000] {subprocess.py:75} INFO - Running command: ['/bin/bash', '-c', 'sleep 10']
[2023-01-31T10:36:34.858+0000] {subprocess.py:86} INFO - Output:
[2023-01-31T10:36:44.861+0000] {subprocess.py:97} INFO - Command exited with return code 0
[2023-01-31T10:36:44.881+0000] {taskinstance.py:1406} INFO - Marking task as SUCCESS. dag_id=parallel_dag, task_id=load_a, execution_date=20230130T000000, start_date=20230131T103634, end_date=20230131T103644
[2023-01-31T10:36:44.897+0000] {local_task_job.py:164} INFO - Task exited with return code 0
[2023-01-31T10:36:44.914+0000] {local_task_job.py:273} INFO - 1 downstream tasks scheduled from follow-on schedule check
