[2023-01-13T08:48:11.725+0000] {taskinstance.py:1165} INFO - Dependencies all met for <TaskInstance: user_processing.extract_user scheduled__2023-01-11T12:00:00+00:00 [queued]>
[2023-01-13T08:48:11.845+0000] {taskinstance.py:1165} INFO - Dependencies all met for <TaskInstance: user_processing.extract_user scheduled__2023-01-11T12:00:00+00:00 [queued]>
[2023-01-13T08:48:11.847+0000] {taskinstance.py:1362} INFO - 
--------------------------------------------------------------------------------
[2023-01-13T08:48:11.847+0000] {taskinstance.py:1363} INFO - Starting attempt 1 of 1
[2023-01-13T08:48:11.847+0000] {taskinstance.py:1364} INFO - 
--------------------------------------------------------------------------------
[2023-01-13T08:48:11.921+0000] {taskinstance.py:1383} INFO - Executing <Task(SimpleHttpOperator): extract_user> on 2023-01-11 12:00:00+00:00
[2023-01-13T08:48:11.930+0000] {standard_task_runner.py:55} INFO - Started process 184 to run task
[2023-01-13T08:48:11.947+0000] {standard_task_runner.py:82} INFO - Running: ['***', 'tasks', 'run', 'user_processing', 'extract_user', 'scheduled__2023-01-11T12:00:00+00:00', '--job-id', '103', '--raw', '--subdir', 'DAGS_FOLDER/user_processing.py', '--cfg-path', '/tmp/tmpp2wncj42']
[2023-01-13T08:48:11.950+0000] {standard_task_runner.py:83} INFO - Job 103: Subtask extract_user
[2023-01-13T08:48:12.107+0000] {task_command.py:376} INFO - Running <TaskInstance: user_processing.extract_user scheduled__2023-01-11T12:00:00+00:00 [running]> on host 274e1da73cdf
[2023-01-13T08:48:12.459+0000] {taskinstance.py:1592} INFO - Exporting the following env vars:
AIRFLOW_CTX_DAG_OWNER=***
AIRFLOW_CTX_DAG_ID=user_processing
AIRFLOW_CTX_TASK_ID=extract_user
AIRFLOW_CTX_EXECUTION_DATE=2023-01-11T12:00:00+00:00
AIRFLOW_CTX_TRY_NUMBER=1
AIRFLOW_CTX_DAG_RUN_ID=scheduled__2023-01-11T12:00:00+00:00
[2023-01-13T08:48:12.460+0000] {http.py:121} INFO - Calling HTTP method
[2023-01-13T08:48:12.504+0000] {base.py:71} INFO - Using connection ID 'user_api' for task execution.
[2023-01-13T08:48:12.506+0000] {http.py:148} INFO - Sending 'GET' to url: https://randomuser.me/api/
[2023-01-13T11:48:11.443+0000] {http.py:125} INFO - {"results":[{"gender":"male","name":{"title":"Mr","first":"Alvin","last":"Fisher"},"location":{"street":{"number":1666,"name":"Grange Road"},"city":"Thurles","state":"Kerry","country":"Ireland","postcode":37009,"coordinates":{"latitude":"-0.7878","longitude":"-19.9261"},"timezone":{"offset":"+5:00","description":"Ekaterinburg, Islamabad, Karachi, Tashkent"}},"email":"alvin.fisher@example.com","login":{"uuid":"04a23d54-29e5-48f9-b3f2-943e64cff5f8","username":"yellowcat627","password":"clemente","salt":"jL4vH0K0","md5":"2598deb4e22c3a29c4a3cc4d75e336cb","sha1":"1aba54daf77d2da743410d7a7fc14d0ea9b28664","sha256":"049acfc5527db5e485ba52cebfce76dd4168e3f863f1c7fad95d5a327786e6c2"},"dob":{"date":"1958-11-27T07:26:26.056Z","age":64},"registered":{"date":"2006-06-05T23:40:58.510Z","age":16},"phone":"041-289-9395","cell":"081-273-3996","id":{"name":"PPS","value":"6063914T"},"picture":{"large":"https://randomuser.me/api/portraits/men/90.jpg","medium":"https://randomuser.me/api/portraits/med/men/90.jpg","thumbnail":"https://randomuser.me/api/portraits/thumb/men/90.jpg"},"nat":"IE"}],"info":{"seed":"ed0d2810c6d0424a","results":1,"page":1,"version":"1.4"}}
[2023-01-13T11:48:11.664+0000] {taskinstance.py:1406} INFO - Marking task as SUCCESS. dag_id=user_processing, task_id=extract_user, execution_date=20230111T120000, start_date=20230113T084811, end_date=20230113T114811
[2023-01-13T11:48:11.774+0000] {local_task_job.py:164} INFO - Task exited with return code 0
[2023-01-13T11:48:11.905+0000] {local_task_job.py:273} INFO - 1 downstream tasks scheduled from follow-on schedule check
