[2023-01-08T13:06:08.231+0000] {taskinstance.py:1165} INFO - Dependencies all met for <TaskInstance: example_bash_operator.runme_2 scheduled__2023-01-07T00:00:00+00:00 [queued]>
[2023-01-08T13:06:08.370+0000] {taskinstance.py:1165} INFO - Dependencies all met for <TaskInstance: example_bash_operator.runme_2 scheduled__2023-01-07T00:00:00+00:00 [queued]>
[2023-01-08T13:06:08.371+0000] {taskinstance.py:1362} INFO - 
--------------------------------------------------------------------------------
[2023-01-08T13:06:08.371+0000] {taskinstance.py:1363} INFO - Starting attempt 1 of 1
[2023-01-08T13:06:08.371+0000] {taskinstance.py:1364} INFO - 
--------------------------------------------------------------------------------
[2023-01-08T13:06:08.564+0000] {taskinstance.py:1383} INFO - Executing <Task(BashOperator): runme_2> on 2023-01-07 00:00:00+00:00
[2023-01-08T13:06:08.607+0000] {standard_task_runner.py:55} INFO - Started process 73 to run task
[2023-01-08T13:06:08.612+0000] {standard_task_runner.py:82} INFO - Running: ['***', 'tasks', 'run', 'example_bash_operator', 'runme_2', 'scheduled__2023-01-07T00:00:00+00:00', '--job-id', '51', '--raw', '--subdir', '/home/***/.local/lib/python3.7/site-packages/***/example_dags/example_bash_operator.py', '--cfg-path', '/tmp/tmp18yt4ezi']
[2023-01-08T13:06:08.612+0000] {standard_task_runner.py:83} INFO - Job 51: Subtask runme_2
[2023-01-08T13:06:08.886+0000] {task_command.py:376} INFO - Running <TaskInstance: example_bash_operator.runme_2 scheduled__2023-01-07T00:00:00+00:00 [running]> on host 274e1da73cdf
[2023-01-08T13:06:09.139+0000] {taskinstance.py:1592} INFO - Exporting the following env vars:
AIRFLOW_CTX_DAG_OWNER=***
AIRFLOW_CTX_DAG_ID=example_bash_operator
AIRFLOW_CTX_TASK_ID=runme_2
AIRFLOW_CTX_EXECUTION_DATE=2023-01-07T00:00:00+00:00
AIRFLOW_CTX_TRY_NUMBER=1
AIRFLOW_CTX_DAG_RUN_ID=scheduled__2023-01-07T00:00:00+00:00
[2023-01-08T13:06:09.140+0000] {subprocess.py:63} INFO - Tmp dir root location: 
 /tmp
[2023-01-08T13:06:09.141+0000] {subprocess.py:75} INFO - Running command: ['/bin/bash', '-c', 'echo "example_bash_operator__runme_2__20230107" && sleep 1']
[2023-01-08T13:06:09.170+0000] {subprocess.py:86} INFO - Output:
[2023-01-08T13:06:09.172+0000] {subprocess.py:93} INFO - example_bash_operator__runme_2__20230107
[2023-01-08T13:06:10.180+0000] {subprocess.py:97} INFO - Command exited with return code 0
[2023-01-08T13:06:10.275+0000] {taskinstance.py:1406} INFO - Marking task as SUCCESS. dag_id=example_bash_operator, task_id=runme_2, execution_date=20230107T000000, start_date=20230108T130608, end_date=20230108T130610
[2023-01-08T13:06:10.350+0000] {local_task_job.py:164} INFO - Task exited with return code 0
[2023-01-08T13:06:10.456+0000] {local_task_job.py:273} INFO - 0 downstream tasks scheduled from follow-on schedule check
