[2023-01-27T01:02:52.225+0000] {taskinstance.py:1165} INFO - Dependencies all met for <TaskInstance: parallel_dag.load_b manual__2023-01-27T01:02:40.491983+00:00 [queued]>
[2023-01-27T01:02:52.232+0000] {taskinstance.py:1165} INFO - Dependencies all met for <TaskInstance: parallel_dag.load_b manual__2023-01-27T01:02:40.491983+00:00 [queued]>
[2023-01-27T01:02:52.232+0000] {taskinstance.py:1362} INFO - 
--------------------------------------------------------------------------------
[2023-01-27T01:02:52.232+0000] {taskinstance.py:1363} INFO - Starting attempt 1 of 1
[2023-01-27T01:02:52.232+0000] {taskinstance.py:1364} INFO - 
--------------------------------------------------------------------------------
[2023-01-27T01:02:52.242+0000] {taskinstance.py:1383} INFO - Executing <Task(BashOperator): load_b> on 2023-01-27 01:02:40.491983+00:00
[2023-01-27T01:02:52.247+0000] {standard_task_runner.py:55} INFO - Started process 143 to run task
[2023-01-27T01:02:52.249+0000] {standard_task_runner.py:82} INFO - Running: ['***', 'tasks', 'run', 'parallel_dag', 'load_b', 'manual__2023-01-27T01:02:40.491983+00:00', '--job-id', '358', '--raw', '--subdir', 'DAGS_FOLDER/parallel_dag.py', '--cfg-path', '/tmp/tmpvmawwfcv']
[2023-01-27T01:02:52.249+0000] {standard_task_runner.py:83} INFO - Job 358: Subtask load_b
[2023-01-27T01:02:52.292+0000] {task_command.py:376} INFO - Running <TaskInstance: parallel_dag.load_b manual__2023-01-27T01:02:40.491983+00:00 [running]> on host 35d887eb39bb
[2023-01-27T01:02:52.344+0000] {taskinstance.py:1592} INFO - Exporting the following env vars:
AIRFLOW_CTX_DAG_OWNER=***
AIRFLOW_CTX_DAG_ID=parallel_dag
AIRFLOW_CTX_TASK_ID=load_b
AIRFLOW_CTX_EXECUTION_DATE=2023-01-27T01:02:40.491983+00:00
AIRFLOW_CTX_TRY_NUMBER=1
AIRFLOW_CTX_DAG_RUN_ID=manual__2023-01-27T01:02:40.491983+00:00
[2023-01-27T01:02:52.344+0000] {subprocess.py:63} INFO - Tmp dir root location: 
 /tmp
[2023-01-27T01:02:52.345+0000] {subprocess.py:75} INFO - Running command: ['/bin/bash', '-c', 'sleep 10']
[2023-01-27T01:02:52.354+0000] {subprocess.py:86} INFO - Output:
[2023-01-27T01:03:02.356+0000] {subprocess.py:97} INFO - Command exited with return code 0
[2023-01-27T01:03:02.383+0000] {taskinstance.py:1406} INFO - Marking task as SUCCESS. dag_id=parallel_dag, task_id=load_b, execution_date=20230127T010240, start_date=20230127T010252, end_date=20230127T010302
[2023-01-27T01:03:02.398+0000] {local_task_job.py:164} INFO - Task exited with return code 0
[2023-01-27T01:03:02.413+0000] {local_task_job.py:273} INFO - 1 downstream tasks scheduled from follow-on schedule check
