[2023-01-31T10:36:26.628+0000] {taskinstance.py:1165} INFO - Dependencies all met for <TaskInstance: consumer.read_dataset dataset_triggered__2023-01-31T10:36:25.139927+00:00 [queued]>
[2023-01-31T10:36:26.644+0000] {taskinstance.py:1165} INFO - Dependencies all met for <TaskInstance: consumer.read_dataset dataset_triggered__2023-01-31T10:36:25.139927+00:00 [queued]>
[2023-01-31T10:36:26.644+0000] {taskinstance.py:1362} INFO - 
--------------------------------------------------------------------------------
[2023-01-31T10:36:26.644+0000] {taskinstance.py:1363} INFO - Starting attempt 1 of 1
[2023-01-31T10:36:26.644+0000] {taskinstance.py:1364} INFO - 
--------------------------------------------------------------------------------
[2023-01-31T10:36:26.673+0000] {taskinstance.py:1383} INFO - Executing <Task(_PythonDecoratedOperator): read_dataset> on 2023-01-31 10:36:25.139927+00:00
[2023-01-31T10:36:26.679+0000] {standard_task_runner.py:55} INFO - Started process 90 to run task
[2023-01-31T10:36:26.683+0000] {standard_task_runner.py:82} INFO - Running: ['***', 'tasks', 'run', 'consumer', 'read_dataset', 'dataset_triggered__2023-01-31T10:36:25.139927+00:00', '--job-id', '393', '--raw', '--subdir', 'DAGS_FOLDER/consumer.py', '--cfg-path', '/tmp/tmp3n7_h4u2']
[2023-01-31T10:36:26.683+0000] {standard_task_runner.py:83} INFO - Job 393: Subtask read_dataset
[2023-01-31T10:36:26.790+0000] {task_command.py:376} INFO - Running <TaskInstance: consumer.read_dataset dataset_triggered__2023-01-31T10:36:25.139927+00:00 [running]> on host 35d887eb39bb
[2023-01-31T10:36:26.903+0000] {taskinstance.py:1592} INFO - Exporting the following env vars:
AIRFLOW_CTX_DAG_OWNER=***
AIRFLOW_CTX_DAG_ID=consumer
AIRFLOW_CTX_TASK_ID=read_dataset
AIRFLOW_CTX_EXECUTION_DATE=2023-01-31T10:36:25.139927+00:00
AIRFLOW_CTX_TRY_NUMBER=1
AIRFLOW_CTX_DAG_RUN_ID=dataset_triggered__2023-01-31T10:36:25.139927+00:00
[2023-01-31T10:36:26.905+0000] {logging_mixin.py:120} INFO - producer updateproducer updateproducer update
[2023-01-31T10:36:26.905+0000] {python.py:177} INFO - Done. Returned value was: None
[2023-01-31T10:36:26.922+0000] {taskinstance.py:1406} INFO - Marking task as SUCCESS. dag_id=consumer, task_id=read_dataset, execution_date=20230131T103625, start_date=20230131T103626, end_date=20230131T103626
[2023-01-31T10:36:26.983+0000] {local_task_job.py:164} INFO - Task exited with return code 0
[2023-01-31T10:36:27.013+0000] {local_task_job.py:273} INFO - 0 downstream tasks scheduled from follow-on schedule check
