[2023-01-20T18:32:36.385+0000] {taskinstance.py:1165} INFO - Dependencies all met for <TaskInstance: producer.update_dataset scheduled__2023-01-18T00:00:00+00:00 [queued]>
[2023-01-20T18:32:36.516+0000] {taskinstance.py:1165} INFO - Dependencies all met for <TaskInstance: producer.update_dataset scheduled__2023-01-18T00:00:00+00:00 [queued]>
[2023-01-20T18:32:36.516+0000] {taskinstance.py:1362} INFO - 
--------------------------------------------------------------------------------
[2023-01-20T18:32:36.516+0000] {taskinstance.py:1363} INFO - Starting attempt 1 of 1
[2023-01-20T18:32:36.517+0000] {taskinstance.py:1364} INFO - 
--------------------------------------------------------------------------------
[2023-01-20T18:32:36.667+0000] {taskinstance.py:1383} INFO - Executing <Task(_PythonDecoratedOperator): update_dataset> on 2023-01-18 00:00:00+00:00
[2023-01-20T18:32:36.680+0000] {standard_task_runner.py:55} INFO - Started process 86 to run task
[2023-01-20T18:32:36.699+0000] {standard_task_runner.py:82} INFO - Running: ['***', 'tasks', 'run', 'producer', 'update_dataset', 'scheduled__2023-01-18T00:00:00+00:00', '--job-id', '271', '--raw', '--subdir', 'DAGS_FOLDER/producer.py', '--cfg-path', '/tmp/tmpkqzn8ar4']
[2023-01-20T18:32:36.707+0000] {standard_task_runner.py:83} INFO - Job 271: Subtask update_dataset
[2023-01-20T18:32:37.266+0000] {task_command.py:376} INFO - Running <TaskInstance: producer.update_dataset scheduled__2023-01-18T00:00:00+00:00 [running]> on host a353ca64b4e2
[2023-01-20T18:32:37.696+0000] {taskinstance.py:1592} INFO - Exporting the following env vars:
AIRFLOW_CTX_DAG_OWNER=***
AIRFLOW_CTX_DAG_ID=producer
AIRFLOW_CTX_TASK_ID=update_dataset
AIRFLOW_CTX_EXECUTION_DATE=2023-01-18T00:00:00+00:00
AIRFLOW_CTX_TRY_NUMBER=1
AIRFLOW_CTX_DAG_RUN_ID=scheduled__2023-01-18T00:00:00+00:00
[2023-01-20T18:32:37.699+0000] {python.py:177} INFO - Done. Returned value was: None
[2023-01-20T18:32:37.707+0000] {warnings.py:110} WARNING - /home/***/.local/lib/python3.7/site-packages/***/models/baseoperator.py:1390: RemovedInAirflow3Warning: Passing 'execution_date' to 'TaskInstance.xcom_push()' is deprecated.
  context['ti'].xcom_push(key=key, value=value, execution_date=execution_date)

[2023-01-20T18:32:37.805+0000] {taskinstance.py:1406} INFO - Marking task as SUCCESS. dag_id=producer, task_id=update_dataset, execution_date=20230118T000000, start_date=20230120T183236, end_date=20230120T183237
[2023-01-20T18:32:37.942+0000] {local_task_job.py:164} INFO - Task exited with return code 0
[2023-01-20T18:32:37.994+0000] {local_task_job.py:273} INFO - 0 downstream tasks scheduled from follow-on schedule check
