[2023-01-08T13:06:14.922+0000] {taskinstance.py:1165} INFO - Dependencies all met for <TaskInstance: user_processing.extract_user scheduled__2023-01-07T00:00:00+00:00 [queued]>
[2023-01-08T13:06:14.935+0000] {taskinstance.py:1165} INFO - Dependencies all met for <TaskInstance: user_processing.extract_user scheduled__2023-01-07T00:00:00+00:00 [queued]>
[2023-01-08T13:06:14.935+0000] {taskinstance.py:1362} INFO - 
--------------------------------------------------------------------------------
[2023-01-08T13:06:14.936+0000] {taskinstance.py:1363} INFO - Starting attempt 1 of 1
[2023-01-08T13:06:14.936+0000] {taskinstance.py:1364} INFO - 
--------------------------------------------------------------------------------
[2023-01-08T13:06:14.950+0000] {taskinstance.py:1383} INFO - Executing <Task(SimpleHttpOperator): extract_user> on 2023-01-07 00:00:00+00:00
[2023-01-08T13:06:14.956+0000] {standard_task_runner.py:55} INFO - Started process 89 to run task
[2023-01-08T13:06:14.959+0000] {standard_task_runner.py:82} INFO - Running: ['***', 'tasks', 'run', 'user_processing', 'extract_user', 'scheduled__2023-01-07T00:00:00+00:00', '--job-id', '57', '--raw', '--subdir', 'DAGS_FOLDER/user_processing.py', '--cfg-path', '/tmp/tmpbxe9vakd']
[2023-01-08T13:06:14.961+0000] {standard_task_runner.py:83} INFO - Job 57: Subtask extract_user
[2023-01-08T13:06:15.039+0000] {task_command.py:376} INFO - Running <TaskInstance: user_processing.extract_user scheduled__2023-01-07T00:00:00+00:00 [running]> on host 274e1da73cdf
[2023-01-08T13:06:15.128+0000] {taskinstance.py:1592} INFO - Exporting the following env vars:
AIRFLOW_CTX_DAG_OWNER=***
AIRFLOW_CTX_DAG_ID=user_processing
AIRFLOW_CTX_TASK_ID=extract_user
AIRFLOW_CTX_EXECUTION_DATE=2023-01-07T00:00:00+00:00
AIRFLOW_CTX_TRY_NUMBER=1
AIRFLOW_CTX_DAG_RUN_ID=scheduled__2023-01-07T00:00:00+00:00
[2023-01-08T13:06:15.129+0000] {http.py:121} INFO - Calling HTTP method
[2023-01-08T13:06:15.138+0000] {base.py:71} INFO - Using connection ID 'user_api' for task execution.
[2023-01-08T13:06:15.140+0000] {http.py:148} INFO - Sending 'GET' to url: https://randomuser.me/api/
[2023-01-08T13:06:15.347+0000] {http.py:125} INFO - {"results":[{"gender":"female","name":{"title":"Ms","first":"Hilla","last":"Marttila"},"location":{"street":{"number":1529,"name":"Mechelininkatu"},"city":"Kotka","state":"Southern Savonia","country":"Finland","postcode":39395,"coordinates":{"latitude":"-25.0390","longitude":"115.8531"},"timezone":{"offset":"-1:00","description":"Azores, Cape Verde Islands"}},"email":"hilla.marttila@example.com","login":{"uuid":"49b6265d-5afe-4fd4-8ee0-18992697ed5e","username":"beautifulbutterfly592","password":"vanessa","salt":"P8402rU6","md5":"2c707b3311f1509747a28823d58fb7de","sha1":"f2519e553ef802371763e52162d21314793d32c5","sha256":"b08644aa23db6225338ded28bbccee14b9cdc117d4b665d2f57909cf67854bbe"},"dob":{"date":"1977-08-18T01:56:58.513Z","age":45},"registered":{"date":"2014-07-21T15:32:48.338Z","age":8},"phone":"05-548-839","cell":"046-478-35-89","id":{"name":"HETU","value":"NaNNA420undefined"},"picture":{"large":"https://randomuser.me/api/portraits/women/17.jpg","medium":"https://randomuser.me/api/portraits/med/women/17.jpg","thumbnail":"https://randomuser.me/api/portraits/thumb/women/17.jpg"},"nat":"FI"}],"info":{"seed":"c3f73f1325dcc20e","results":1,"page":1,"version":"1.4"}}
[2023-01-08T13:06:15.372+0000] {taskinstance.py:1406} INFO - Marking task as SUCCESS. dag_id=user_processing, task_id=extract_user, execution_date=20230107T000000, start_date=20230108T130614, end_date=20230108T130615
[2023-01-08T13:06:15.411+0000] {local_task_job.py:164} INFO - Task exited with return code 0
[2023-01-08T13:06:15.450+0000] {local_task_job.py:273} INFO - 1 downstream tasks scheduled from follow-on schedule check
