[2023-01-17T23:25:11.110+0000] {taskinstance.py:1165} INFO - Dependencies all met for <TaskInstance: user_processing.process_user manual__2023-01-17T23:25:06.280408+00:00 [queued]>
[2023-01-17T23:25:11.117+0000] {taskinstance.py:1165} INFO - Dependencies all met for <TaskInstance: user_processing.process_user manual__2023-01-17T23:25:06.280408+00:00 [queued]>
[2023-01-17T23:25:11.117+0000] {taskinstance.py:1362} INFO - 
--------------------------------------------------------------------------------
[2023-01-17T23:25:11.117+0000] {taskinstance.py:1363} INFO - Starting attempt 1 of 1
[2023-01-17T23:25:11.117+0000] {taskinstance.py:1364} INFO - 
--------------------------------------------------------------------------------
[2023-01-17T23:25:11.126+0000] {taskinstance.py:1383} INFO - Executing <Task(PythonOperator): process_user> on 2023-01-17 23:25:06.280408+00:00
[2023-01-17T23:25:11.131+0000] {standard_task_runner.py:55} INFO - Started process 2104 to run task
[2023-01-17T23:25:11.133+0000] {standard_task_runner.py:82} INFO - Running: ['***', 'tasks', 'run', 'user_processing', 'process_user', 'manual__2023-01-17T23:25:06.280408+00:00', '--job-id', '199', '--raw', '--subdir', 'DAGS_FOLDER/user_processing.py', '--cfg-path', '/tmp/tmp7c2znnvp']
[2023-01-17T23:25:11.134+0000] {standard_task_runner.py:83} INFO - Job 199: Subtask process_user
[2023-01-17T23:25:11.170+0000] {task_command.py:376} INFO - Running <TaskInstance: user_processing.process_user manual__2023-01-17T23:25:06.280408+00:00 [running]> on host 274e1da73cdf
[2023-01-17T23:25:11.212+0000] {taskinstance.py:1592} INFO - Exporting the following env vars:
AIRFLOW_CTX_DAG_OWNER=***
AIRFLOW_CTX_DAG_ID=user_processing
AIRFLOW_CTX_TASK_ID=process_user
AIRFLOW_CTX_EXECUTION_DATE=2023-01-17T23:25:06.280408+00:00
AIRFLOW_CTX_TRY_NUMBER=1
AIRFLOW_CTX_DAG_RUN_ID=manual__2023-01-17T23:25:06.280408+00:00
[2023-01-17T23:25:11.222+0000] {python.py:177} INFO - Done. Returned value was: None
[2023-01-17T23:25:11.228+0000] {taskinstance.py:1406} INFO - Marking task as SUCCESS. dag_id=user_processing, task_id=process_user, execution_date=20230117T232506, start_date=20230117T232511, end_date=20230117T232511
[2023-01-17T23:25:11.264+0000] {local_task_job.py:164} INFO - Task exited with return code 0
[2023-01-17T23:25:11.298+0000] {local_task_job.py:273} INFO - 1 downstream tasks scheduled from follow-on schedule check
