[2023-01-14T00:00:04.073+0000] {taskinstance.py:1165} INFO - Dependencies all met for <TaskInstance: user_processing.extract_user scheduled__2023-01-13T12:00:00+00:00 [queued]>
[2023-01-14T00:00:04.080+0000] {taskinstance.py:1165} INFO - Dependencies all met for <TaskInstance: user_processing.extract_user scheduled__2023-01-13T12:00:00+00:00 [queued]>
[2023-01-14T00:00:04.080+0000] {taskinstance.py:1362} INFO - 
--------------------------------------------------------------------------------
[2023-01-14T00:00:04.080+0000] {taskinstance.py:1363} INFO - Starting attempt 1 of 1
[2023-01-14T00:00:04.080+0000] {taskinstance.py:1364} INFO - 
--------------------------------------------------------------------------------
[2023-01-14T00:00:04.089+0000] {taskinstance.py:1383} INFO - Executing <Task(SimpleHttpOperator): extract_user> on 2023-01-13 12:00:00+00:00
[2023-01-14T00:00:04.093+0000] {standard_task_runner.py:55} INFO - Started process 3094 to run task
[2023-01-14T00:00:04.095+0000] {standard_task_runner.py:82} INFO - Running: ['***', 'tasks', 'run', 'user_processing', 'extract_user', 'scheduled__2023-01-13T12:00:00+00:00', '--job-id', '139', '--raw', '--subdir', 'DAGS_FOLDER/user_processing.py', '--cfg-path', '/tmp/tmpifrm5bxo']
[2023-01-14T00:00:04.096+0000] {standard_task_runner.py:83} INFO - Job 139: Subtask extract_user
[2023-01-14T00:00:04.133+0000] {task_command.py:376} INFO - Running <TaskInstance: user_processing.extract_user scheduled__2023-01-13T12:00:00+00:00 [running]> on host 274e1da73cdf
[2023-01-14T00:00:04.231+0000] {taskinstance.py:1592} INFO - Exporting the following env vars:
AIRFLOW_CTX_DAG_OWNER=***
AIRFLOW_CTX_DAG_ID=user_processing
AIRFLOW_CTX_TASK_ID=extract_user
AIRFLOW_CTX_EXECUTION_DATE=2023-01-13T12:00:00+00:00
AIRFLOW_CTX_TRY_NUMBER=1
AIRFLOW_CTX_DAG_RUN_ID=scheduled__2023-01-13T12:00:00+00:00
[2023-01-14T00:00:04.232+0000] {http.py:121} INFO - Calling HTTP method
[2023-01-14T00:00:04.239+0000] {base.py:71} INFO - Using connection ID 'user_api' for task execution.
[2023-01-14T00:00:04.240+0000] {http.py:148} INFO - Sending 'GET' to url: https://randomuser.me/api/
[2023-01-14T00:00:04.549+0000] {http.py:125} INFO - {"results":[{"gender":"male","name":{"title":"Mr","first":"Oliver","last":"Johansen"},"location":{"street":{"number":6287,"name":"Havrevænget"},"city":"Gørløse","state":"Danmark","country":"Denmark","postcode":33046,"coordinates":{"latitude":"-46.7275","longitude":"-80.6925"},"timezone":{"offset":"+5:45","description":"Kathmandu"}},"email":"oliver.johansen@example.com","login":{"uuid":"b4ba4404-3865-428b-b4ec-dde2a0db9fe7","username":"tinypeacock848","password":"doomsday","salt":"pIAuiHUE","md5":"341c49ee73a4c8f8119b9e1223cc26b9","sha1":"b6036ca484f203e049356311b3feb111fe051b2f","sha256":"ebb66206b2ae53ef1e815da4460d88eddcc4fdc569db586be4498d55d8629d15"},"dob":{"date":"1991-05-03T21:05:50.097Z","age":31},"registered":{"date":"2020-09-26T04:58:43.110Z","age":2},"phone":"60875984","cell":"27009785","id":{"name":"CPR","value":"030591-1130"},"picture":{"large":"https://randomuser.me/api/portraits/men/17.jpg","medium":"https://randomuser.me/api/portraits/med/men/17.jpg","thumbnail":"https://randomuser.me/api/portraits/thumb/men/17.jpg"},"nat":"DK"}],"info":{"seed":"5fcda0b702283cc6","results":1,"page":1,"version":"1.4"}}
[2023-01-14T00:00:04.591+0000] {taskinstance.py:1406} INFO - Marking task as SUCCESS. dag_id=user_processing, task_id=extract_user, execution_date=20230113T120000, start_date=20230114T000004, end_date=20230114T000004
[2023-01-14T00:00:04.628+0000] {local_task_job.py:164} INFO - Task exited with return code 0
[2023-01-14T00:00:04.660+0000] {local_task_job.py:273} INFO - 1 downstream tasks scheduled from follow-on schedule check
