[2023-01-27T00:00:00.961+0000] {taskinstance.py:1165} INFO - Dependencies all met for <TaskInstance: example_bash_operator.also_run_this scheduled__2023-01-26T00:00:00+00:00 [queued]>
[2023-01-27T00:00:00.969+0000] {taskinstance.py:1165} INFO - Dependencies all met for <TaskInstance: example_bash_operator.also_run_this scheduled__2023-01-26T00:00:00+00:00 [queued]>
[2023-01-27T00:00:00.970+0000] {taskinstance.py:1362} INFO - 
--------------------------------------------------------------------------------
[2023-01-27T00:00:00.970+0000] {taskinstance.py:1363} INFO - Starting attempt 1 of 1
[2023-01-27T00:00:00.970+0000] {taskinstance.py:1364} INFO - 
--------------------------------------------------------------------------------
[2023-01-27T00:00:00.983+0000] {taskinstance.py:1383} INFO - Executing <Task(BashOperator): also_run_this> on 2023-01-26 00:00:00+00:00
[2023-01-27T00:00:00.988+0000] {standard_task_runner.py:55} INFO - Started process 765 to run task
[2023-01-27T00:00:00.992+0000] {standard_task_runner.py:82} INFO - Running: ['***', 'tasks', 'run', 'example_bash_operator', 'also_run_this', 'scheduled__2023-01-26T00:00:00+00:00', '--job-id', '327', '--raw', '--subdir', '/home/***/.local/lib/python3.7/site-packages/***/example_dags/example_bash_operator.py', '--cfg-path', '/tmp/tmps0ymji2e']
[2023-01-27T00:00:00.993+0000] {standard_task_runner.py:83} INFO - Job 327: Subtask also_run_this
[2023-01-27T00:00:01.052+0000] {task_command.py:376} INFO - Running <TaskInstance: example_bash_operator.also_run_this scheduled__2023-01-26T00:00:00+00:00 [running]> on host a353ca64b4e2
[2023-01-27T00:00:01.115+0000] {taskinstance.py:1592} INFO - Exporting the following env vars:
AIRFLOW_CTX_DAG_OWNER=***
AIRFLOW_CTX_DAG_ID=example_bash_operator
AIRFLOW_CTX_TASK_ID=also_run_this
AIRFLOW_CTX_EXECUTION_DATE=2023-01-26T00:00:00+00:00
AIRFLOW_CTX_TRY_NUMBER=1
AIRFLOW_CTX_DAG_RUN_ID=scheduled__2023-01-26T00:00:00+00:00
[2023-01-27T00:00:01.116+0000] {subprocess.py:63} INFO - Tmp dir root location: 
 /tmp
[2023-01-27T00:00:01.117+0000] {subprocess.py:75} INFO - Running command: ['/bin/bash', '-c', 'echo "ti_key=example_bash_operator__also_run_this__20230126"']
[2023-01-27T00:00:01.128+0000] {subprocess.py:86} INFO - Output:
[2023-01-27T00:00:01.129+0000] {subprocess.py:93} INFO - ti_key=example_bash_operator__also_run_this__20230126
[2023-01-27T00:00:01.129+0000] {subprocess.py:97} INFO - Command exited with return code 0
[2023-01-27T00:00:01.153+0000] {taskinstance.py:1406} INFO - Marking task as SUCCESS. dag_id=example_bash_operator, task_id=also_run_this, execution_date=20230126T000000, start_date=20230127T000000, end_date=20230127T000001
[2023-01-27T00:00:01.203+0000] {local_task_job.py:164} INFO - Task exited with return code 0
[2023-01-27T00:00:01.219+0000] {local_task_job.py:273} INFO - 0 downstream tasks scheduled from follow-on schedule check
