[2023-01-31T10:36:29.156+0000] {taskinstance.py:1165} INFO - Dependencies all met for <TaskInstance: user_processing.extract_user scheduled__2023-01-30T12:00:00+00:00 [queued]>
[2023-01-31T10:36:29.164+0000] {taskinstance.py:1165} INFO - Dependencies all met for <TaskInstance: user_processing.extract_user scheduled__2023-01-30T12:00:00+00:00 [queued]>
[2023-01-31T10:36:29.165+0000] {taskinstance.py:1362} INFO - 
--------------------------------------------------------------------------------
[2023-01-31T10:36:29.165+0000] {taskinstance.py:1363} INFO - Starting attempt 1 of 1
[2023-01-31T10:36:29.165+0000] {taskinstance.py:1364} INFO - 
--------------------------------------------------------------------------------
[2023-01-31T10:36:29.176+0000] {taskinstance.py:1383} INFO - Executing <Task(SimpleHttpOperator): extract_user> on 2023-01-30 12:00:00+00:00
[2023-01-31T10:36:29.179+0000] {standard_task_runner.py:55} INFO - Started process 98 to run task
[2023-01-31T10:36:29.182+0000] {standard_task_runner.py:82} INFO - Running: ['***', 'tasks', 'run', 'user_processing', 'extract_user', 'scheduled__2023-01-30T12:00:00+00:00', '--job-id', '397', '--raw', '--subdir', 'DAGS_FOLDER/user_processing.py', '--cfg-path', '/tmp/tmp7aidi3qn']
[2023-01-31T10:36:29.183+0000] {standard_task_runner.py:83} INFO - Job 397: Subtask extract_user
[2023-01-31T10:36:29.227+0000] {task_command.py:376} INFO - Running <TaskInstance: user_processing.extract_user scheduled__2023-01-30T12:00:00+00:00 [running]> on host 35d887eb39bb
[2023-01-31T10:36:29.277+0000] {taskinstance.py:1592} INFO - Exporting the following env vars:
AIRFLOW_CTX_DAG_OWNER=***
AIRFLOW_CTX_DAG_ID=user_processing
AIRFLOW_CTX_TASK_ID=extract_user
AIRFLOW_CTX_EXECUTION_DATE=2023-01-30T12:00:00+00:00
AIRFLOW_CTX_TRY_NUMBER=1
AIRFLOW_CTX_DAG_RUN_ID=scheduled__2023-01-30T12:00:00+00:00
[2023-01-31T10:36:29.278+0000] {http.py:121} INFO - Calling HTTP method
[2023-01-31T10:36:29.283+0000] {base.py:71} INFO - Using connection ID 'user_api' for task execution.
[2023-01-31T10:36:29.284+0000] {http.py:148} INFO - Sending 'GET' to url: https://randomuser.me/api/
[2023-01-31T10:36:29.534+0000] {http.py:125} INFO - {"results":[{"gender":"male","name":{"title":"Mr","first":"Heldemaro","last":"Caldeira"},"location":{"street":{"number":6146,"name":"Rua São Paulo "},"city":"Linhares","state":"Rio Grande do Sul","country":"Brazil","postcode":10277,"coordinates":{"latitude":"-76.6204","longitude":"-6.5926"},"timezone":{"offset":"-5:00","description":"Eastern Time (US & Canada), Bogota, Lima"}},"email":"heldemaro.caldeira@example.com","login":{"uuid":"7139c7c0-fd9f-4664-9eb4-faf41fec57a3","username":"silverelephant953","password":"temple","salt":"82J8zyrh","md5":"1a7efac6f66009ef3fcfe1cedd1a16c9","sha1":"b9d2d89bf03a81c9f39914a9b749412cbb6e35b9","sha256":"d9cfda3b078b294bf030505eb4e31f15f322bf7b9525888a691ed6183575fc61"},"dob":{"date":"1981-03-05T19:43:47.120Z","age":41},"registered":{"date":"2021-09-10T10:52:58.992Z","age":1},"phone":"(09) 9734-6278","cell":"(15) 2508-8084","id":{"name":"CPF","value":"815.459.792-38"},"picture":{"large":"https://randomuser.me/api/portraits/men/25.jpg","medium":"https://randomuser.me/api/portraits/med/men/25.jpg","thumbnail":"https://randomuser.me/api/portraits/thumb/men/25.jpg"},"nat":"BR"}],"info":{"seed":"3bc0960d0b3a8789","results":1,"page":1,"version":"1.4"}}
[2023-01-31T10:36:29.580+0000] {taskinstance.py:1406} INFO - Marking task as SUCCESS. dag_id=user_processing, task_id=extract_user, execution_date=20230130T120000, start_date=20230131T103629, end_date=20230131T103629
[2023-01-31T10:36:29.635+0000] {local_task_job.py:164} INFO - Task exited with return code 0
[2023-01-31T10:36:29.675+0000] {local_task_job.py:273} INFO - 1 downstream tasks scheduled from follow-on schedule check
