[2023-01-07T21:27:58.451+0000] {taskinstance.py:1165} INFO - Dependencies all met for <TaskInstance: user_processing.extract_user manual__2023-01-07T21:27:57.804395+00:00 [queued]>
[2023-01-07T21:27:58.459+0000] {taskinstance.py:1165} INFO - Dependencies all met for <TaskInstance: user_processing.extract_user manual__2023-01-07T21:27:57.804395+00:00 [queued]>
[2023-01-07T21:27:58.459+0000] {taskinstance.py:1362} INFO - 
--------------------------------------------------------------------------------
[2023-01-07T21:27:58.459+0000] {taskinstance.py:1363} INFO - Starting attempt 1 of 1
[2023-01-07T21:27:58.459+0000] {taskinstance.py:1364} INFO - 
--------------------------------------------------------------------------------
[2023-01-07T21:27:58.470+0000] {taskinstance.py:1383} INFO - Executing <Task(SimpleHttpOperator): extract_user> on 2023-01-07 21:27:57.804395+00:00
[2023-01-07T21:27:58.474+0000] {standard_task_runner.py:55} INFO - Started process 724 to run task
[2023-01-07T21:27:58.477+0000] {standard_task_runner.py:82} INFO - Running: ['***', 'tasks', 'run', 'user_processing', 'extract_user', 'manual__2023-01-07T21:27:57.804395+00:00', '--job-id', '23', '--raw', '--subdir', 'DAGS_FOLDER/user_processing.py', '--cfg-path', '/tmp/tmp5dxsj66g']
[2023-01-07T21:27:58.478+0000] {standard_task_runner.py:83} INFO - Job 23: Subtask extract_user
[2023-01-07T21:27:58.518+0000] {task_command.py:376} INFO - Running <TaskInstance: user_processing.extract_user manual__2023-01-07T21:27:57.804395+00:00 [running]> on host 274e1da73cdf
[2023-01-07T21:27:58.569+0000] {taskinstance.py:1592} INFO - Exporting the following env vars:
AIRFLOW_CTX_DAG_OWNER=***
AIRFLOW_CTX_DAG_ID=user_processing
AIRFLOW_CTX_TASK_ID=extract_user
AIRFLOW_CTX_EXECUTION_DATE=2023-01-07T21:27:57.804395+00:00
AIRFLOW_CTX_TRY_NUMBER=1
AIRFLOW_CTX_DAG_RUN_ID=manual__2023-01-07T21:27:57.804395+00:00
[2023-01-07T21:27:58.570+0000] {http.py:121} INFO - Calling HTTP method
[2023-01-07T21:27:58.577+0000] {base.py:71} INFO - Using connection ID 'user_api' for task execution.
[2023-01-07T21:27:58.578+0000] {http.py:148} INFO - Sending 'GET' to url: https://randomuser.me/api/
[2023-01-07T21:27:58.807+0000] {http.py:125} INFO - {"results":[{"gender":"male","name":{"title":"Mr","first":"Lyudislav","last":"Blazhevskiy"},"location":{"street":{"number":5137,"name":"Leonili Zagladi"},"city":"Tlumach","state":"Hersonska","country":"Ukraine","postcode":19235,"coordinates":{"latitude":"73.4221","longitude":"-60.0695"},"timezone":{"offset":"+4:30","description":"Kabul"}},"email":"lyudislav.blazhevskiy@example.com","login":{"uuid":"81a85dd1-fc7b-4f1b-a176-6eb8feaaf670","username":"heavykoala469","password":"altima","salt":"0UCT9gTj","md5":"25c7b5952a2b2fe8c65044f81975b2a1","sha1":"0813da10862901bc9f039cdc55167022b14f1e82","sha256":"bd792e8cbc7fa57bc68c7f3cb8f0da558af260810cf51888dbb27f1a11ae2793"},"dob":{"date":"1996-08-22T10:45:32.097Z","age":26},"registered":{"date":"2016-12-11T09:15:48.256Z","age":6},"phone":"(099) X66-9340","cell":"(099) D52-4272","id":{"name":"","value":null},"picture":{"large":"https://randomuser.me/api/portraits/men/53.jpg","medium":"https://randomuser.me/api/portraits/med/men/53.jpg","thumbnail":"https://randomuser.me/api/portraits/thumb/men/53.jpg"},"nat":"UA"}],"info":{"seed":"90e3225768239ecd","results":1,"page":1,"version":"1.4"}}
[2023-01-07T21:27:58.861+0000] {taskinstance.py:1406} INFO - Marking task as SUCCESS. dag_id=user_processing, task_id=extract_user, execution_date=20230107T212757, start_date=20230107T212758, end_date=20230107T212758
[2023-01-07T21:27:58.889+0000] {local_task_job.py:164} INFO - Task exited with return code 0
[2023-01-07T21:27:58.906+0000] {local_task_job.py:273} INFO - 0 downstream tasks scheduled from follow-on schedule check
