[2023-01-31T10:36:34.725+0000] {taskinstance.py:1165} INFO - Dependencies all met for <TaskInstance: parallel_dag.load_b scheduled__2023-01-30T00:00:00+00:00 [queued]>
[2023-01-31T10:36:34.735+0000] {taskinstance.py:1165} INFO - Dependencies all met for <TaskInstance: parallel_dag.load_b scheduled__2023-01-30T00:00:00+00:00 [queued]>
[2023-01-31T10:36:34.736+0000] {taskinstance.py:1362} INFO - 
--------------------------------------------------------------------------------
[2023-01-31T10:36:34.736+0000] {taskinstance.py:1363} INFO - Starting attempt 1 of 1
[2023-01-31T10:36:34.736+0000] {taskinstance.py:1364} INFO - 
--------------------------------------------------------------------------------
[2023-01-31T10:36:34.752+0000] {taskinstance.py:1383} INFO - Executing <Task(BashOperator): load_b> on 2023-01-30 00:00:00+00:00
[2023-01-31T10:36:34.755+0000] {standard_task_runner.py:55} INFO - Started process 128 to run task
[2023-01-31T10:36:34.758+0000] {standard_task_runner.py:82} INFO - Running: ['***', 'tasks', 'run', 'parallel_dag', 'load_b', 'scheduled__2023-01-30T00:00:00+00:00', '--job-id', '403', '--raw', '--subdir', 'DAGS_FOLDER/parallel_dag.py', '--cfg-path', '/tmp/tmpqkt3_l6a']
[2023-01-31T10:36:34.758+0000] {standard_task_runner.py:83} INFO - Job 403: Subtask load_b
[2023-01-31T10:36:34.805+0000] {task_command.py:376} INFO - Running <TaskInstance: parallel_dag.load_b scheduled__2023-01-30T00:00:00+00:00 [running]> on host 35d887eb39bb
[2023-01-31T10:36:34.869+0000] {taskinstance.py:1592} INFO - Exporting the following env vars:
AIRFLOW_CTX_DAG_OWNER=***
AIRFLOW_CTX_DAG_ID=parallel_dag
AIRFLOW_CTX_TASK_ID=load_b
AIRFLOW_CTX_EXECUTION_DATE=2023-01-30T00:00:00+00:00
AIRFLOW_CTX_TRY_NUMBER=1
AIRFLOW_CTX_DAG_RUN_ID=scheduled__2023-01-30T00:00:00+00:00
[2023-01-31T10:36:34.869+0000] {subprocess.py:63} INFO - Tmp dir root location: 
 /tmp
[2023-01-31T10:36:34.870+0000] {subprocess.py:75} INFO - Running command: ['/bin/bash', '-c', 'sleep 10']
[2023-01-31T10:36:34.877+0000] {subprocess.py:86} INFO - Output:
[2023-01-31T10:36:44.879+0000] {subprocess.py:97} INFO - Command exited with return code 0
[2023-01-31T10:36:44.900+0000] {taskinstance.py:1406} INFO - Marking task as SUCCESS. dag_id=parallel_dag, task_id=load_b, execution_date=20230130T000000, start_date=20230131T103634, end_date=20230131T103644
[2023-01-31T10:36:44.930+0000] {local_task_job.py:164} INFO - Task exited with return code 0
[2023-01-31T10:36:44.943+0000] {local_task_job.py:273} INFO - 0 downstream tasks scheduled from follow-on schedule check
