[2023-01-27T00:54:41.068+0000] {taskinstance.py:1165} INFO - Dependencies all met for <TaskInstance: parallel_dag.load_a manual__2023-01-27T00:54:29.266863+00:00 [queued]>
[2023-01-27T00:54:41.076+0000] {taskinstance.py:1165} INFO - Dependencies all met for <TaskInstance: parallel_dag.load_a manual__2023-01-27T00:54:29.266863+00:00 [queued]>
[2023-01-27T00:54:41.076+0000] {taskinstance.py:1362} INFO - 
--------------------------------------------------------------------------------
[2023-01-27T00:54:41.076+0000] {taskinstance.py:1363} INFO - Starting attempt 1 of 1
[2023-01-27T00:54:41.076+0000] {taskinstance.py:1364} INFO - 
--------------------------------------------------------------------------------
[2023-01-27T00:54:41.088+0000] {taskinstance.py:1383} INFO - Executing <Task(BashOperator): load_a> on 2023-01-27 00:54:29.266863+00:00
[2023-01-27T00:54:41.094+0000] {standard_task_runner.py:55} INFO - Started process 121 to run task
[2023-01-27T00:54:41.096+0000] {standard_task_runner.py:82} INFO - Running: ['***', 'tasks', 'run', 'parallel_dag', 'load_a', 'manual__2023-01-27T00:54:29.266863+00:00', '--job-id', '352', '--raw', '--subdir', 'DAGS_FOLDER/parallel_dag.py', '--cfg-path', '/tmp/tmpre7cvg7l']
[2023-01-27T00:54:41.096+0000] {standard_task_runner.py:83} INFO - Job 352: Subtask load_a
[2023-01-27T00:54:41.139+0000] {task_command.py:376} INFO - Running <TaskInstance: parallel_dag.load_a manual__2023-01-27T00:54:29.266863+00:00 [running]> on host 58dd452a81fc
[2023-01-27T00:54:41.221+0000] {taskinstance.py:1592} INFO - Exporting the following env vars:
AIRFLOW_CTX_DAG_OWNER=***
AIRFLOW_CTX_DAG_ID=parallel_dag
AIRFLOW_CTX_TASK_ID=load_a
AIRFLOW_CTX_EXECUTION_DATE=2023-01-27T00:54:29.266863+00:00
AIRFLOW_CTX_TRY_NUMBER=1
AIRFLOW_CTX_DAG_RUN_ID=manual__2023-01-27T00:54:29.266863+00:00
[2023-01-27T00:54:41.222+0000] {subprocess.py:63} INFO - Tmp dir root location: 
 /tmp
[2023-01-27T00:54:41.222+0000] {subprocess.py:75} INFO - Running command: ['/bin/bash', '-c', 'sleep 10']
[2023-01-27T00:54:41.236+0000] {subprocess.py:86} INFO - Output:
[2023-01-27T00:54:51.239+0000] {subprocess.py:97} INFO - Command exited with return code 0
[2023-01-27T00:54:51.268+0000] {taskinstance.py:1406} INFO - Marking task as SUCCESS. dag_id=parallel_dag, task_id=load_a, execution_date=20230127T005429, start_date=20230127T005441, end_date=20230127T005451
[2023-01-27T00:54:51.305+0000] {local_task_job.py:164} INFO - Task exited with return code 0
[2023-01-27T00:54:51.322+0000] {local_task_job.py:273} INFO - 1 downstream tasks scheduled from follow-on schedule check
