[2023-01-13T12:00:03.392+0000] {taskinstance.py:1165} INFO - Dependencies all met for <TaskInstance: user_processing.extract_user scheduled__2023-01-13T00:00:00+00:00 [queued]>
[2023-01-13T12:00:03.398+0000] {taskinstance.py:1165} INFO - Dependencies all met for <TaskInstance: user_processing.extract_user scheduled__2023-01-13T00:00:00+00:00 [queued]>
[2023-01-13T12:00:03.398+0000] {taskinstance.py:1362} INFO - 
--------------------------------------------------------------------------------
[2023-01-13T12:00:03.398+0000] {taskinstance.py:1363} INFO - Starting attempt 1 of 1
[2023-01-13T12:00:03.398+0000] {taskinstance.py:1364} INFO - 
--------------------------------------------------------------------------------
[2023-01-13T12:00:03.407+0000] {taskinstance.py:1383} INFO - Executing <Task(SimpleHttpOperator): extract_user> on 2023-01-13 00:00:00+00:00
[2023-01-13T12:00:03.411+0000] {standard_task_runner.py:55} INFO - Started process 817 to run task
[2023-01-13T12:00:03.413+0000] {standard_task_runner.py:82} INFO - Running: ['***', 'tasks', 'run', 'user_processing', 'extract_user', 'scheduled__2023-01-13T00:00:00+00:00', '--job-id', '126', '--raw', '--subdir', 'DAGS_FOLDER/user_processing.py', '--cfg-path', '/tmp/tmpi0apthkp']
[2023-01-13T12:00:03.415+0000] {standard_task_runner.py:83} INFO - Job 126: Subtask extract_user
[2023-01-13T12:00:03.452+0000] {task_command.py:376} INFO - Running <TaskInstance: user_processing.extract_user scheduled__2023-01-13T00:00:00+00:00 [running]> on host 274e1da73cdf
[2023-01-13T12:00:03.495+0000] {taskinstance.py:1592} INFO - Exporting the following env vars:
AIRFLOW_CTX_DAG_OWNER=***
AIRFLOW_CTX_DAG_ID=user_processing
AIRFLOW_CTX_TASK_ID=extract_user
AIRFLOW_CTX_EXECUTION_DATE=2023-01-13T00:00:00+00:00
AIRFLOW_CTX_TRY_NUMBER=1
AIRFLOW_CTX_DAG_RUN_ID=scheduled__2023-01-13T00:00:00+00:00
[2023-01-13T12:00:03.496+0000] {http.py:121} INFO - Calling HTTP method
[2023-01-13T12:00:03.501+0000] {base.py:71} INFO - Using connection ID 'user_api' for task execution.
[2023-01-13T12:00:03.502+0000] {http.py:148} INFO - Sending 'GET' to url: https://randomuser.me/api/
[2023-01-13T12:00:04.101+0000] {http.py:125} INFO - {"results":[{"gender":"male","name":{"title":"Mr","first":"رهام","last":"مرادی"},"location":{"street":{"number":6857,"name":"برادران سلیمانی"},"city":"اراک","state":"زنجان","country":"Iran","postcode":25494,"coordinates":{"latitude":"20.0974","longitude":"-140.2115"},"timezone":{"offset":"-3:00","description":"Brazil, Buenos Aires, Georgetown"}},"email":"rhm.mrdy@example.com","login":{"uuid":"695a2062-cfcf-43aa-a5b8-f3364333926f","username":"silverleopard987","password":"florida","salt":"W0Y9nNO5","md5":"99fedab87f50a334b8b86b1514d5088c","sha1":"732ff1efe44bbc5ce2b53f6ba1b3e247eaca5b17","sha256":"e08fa610958d8b8788cf14c2fecdba62fdb1ec5c09aebffe67eb2b0624cebed4"},"dob":{"date":"1955-11-16T09:06:44.866Z","age":67},"registered":{"date":"2006-03-05T23:20:13.419Z","age":16},"phone":"022-22613996","cell":"0974-824-9744","id":{"name":"","value":null},"picture":{"large":"https://randomuser.me/api/portraits/men/38.jpg","medium":"https://randomuser.me/api/portraits/med/men/38.jpg","thumbnail":"https://randomuser.me/api/portraits/thumb/men/38.jpg"},"nat":"IR"}],"info":{"seed":"d1d8d007c8688e53","results":1,"page":1,"version":"1.4"}}
[2023-01-13T12:00:04.135+0000] {taskinstance.py:1406} INFO - Marking task as SUCCESS. dag_id=user_processing, task_id=extract_user, execution_date=20230113T000000, start_date=20230113T120003, end_date=20230113T120004
[2023-01-13T12:00:04.148+0000] {local_task_job.py:164} INFO - Task exited with return code 0
[2023-01-13T12:00:04.168+0000] {local_task_job.py:273} INFO - 1 downstream tasks scheduled from follow-on schedule check
