[2023-01-28T10:19:44.295+0000] {taskinstance.py:1165} INFO - Dependencies all met for <TaskInstance: user_processing.process_user scheduled__2023-01-27T12:00:00+00:00 [queued]>
[2023-01-28T10:19:44.326+0000] {taskinstance.py:1165} INFO - Dependencies all met for <TaskInstance: user_processing.process_user scheduled__2023-01-27T12:00:00+00:00 [queued]>
[2023-01-28T10:19:44.326+0000] {taskinstance.py:1362} INFO - 
--------------------------------------------------------------------------------
[2023-01-28T10:19:44.327+0000] {taskinstance.py:1363} INFO - Starting attempt 1 of 1
[2023-01-28T10:19:44.327+0000] {taskinstance.py:1364} INFO - 
--------------------------------------------------------------------------------
[2023-01-28T10:19:44.372+0000] {taskinstance.py:1383} INFO - Executing <Task(PythonOperator): process_user> on 2023-01-27 12:00:00+00:00
[2023-01-28T10:19:44.387+0000] {standard_task_runner.py:55} INFO - Started process 1491 to run task
[2023-01-28T10:19:44.395+0000] {standard_task_runner.py:82} INFO - Running: ['***', 'tasks', 'run', 'user_processing', 'process_user', 'scheduled__2023-01-27T12:00:00+00:00', '--job-id', '373', '--raw', '--subdir', 'DAGS_FOLDER/user_processing.py', '--cfg-path', '/tmp/tmp3ryuhzs3']
[2023-01-28T10:19:44.399+0000] {standard_task_runner.py:83} INFO - Job 373: Subtask process_user
[2023-01-28T10:19:44.564+0000] {task_command.py:376} INFO - Running <TaskInstance: user_processing.process_user scheduled__2023-01-27T12:00:00+00:00 [running]> on host 35d887eb39bb
[2023-01-28T10:19:44.725+0000] {taskinstance.py:1592} INFO - Exporting the following env vars:
AIRFLOW_CTX_DAG_OWNER=***
AIRFLOW_CTX_DAG_ID=user_processing
AIRFLOW_CTX_TASK_ID=process_user
AIRFLOW_CTX_EXECUTION_DATE=2023-01-27T12:00:00+00:00
AIRFLOW_CTX_TRY_NUMBER=1
AIRFLOW_CTX_DAG_RUN_ID=scheduled__2023-01-27T12:00:00+00:00
[2023-01-28T10:19:44.772+0000] {python.py:177} INFO - Done. Returned value was: None
[2023-01-28T10:19:44.796+0000] {taskinstance.py:1406} INFO - Marking task as SUCCESS. dag_id=user_processing, task_id=process_user, execution_date=20230127T120000, start_date=20230128T101944, end_date=20230128T101944
[2023-01-28T10:19:44.845+0000] {local_task_job.py:164} INFO - Task exited with return code 0
[2023-01-28T10:19:44.892+0000] {local_task_job.py:273} INFO - 1 downstream tasks scheduled from follow-on schedule check
