[2023-01-28T10:19:29.119+0000] {processor.py:154} INFO - Started process (PID=1757) to work on /opt/airflow/dags/consumer.py
[2023-01-28T10:19:29.127+0000] {processor.py:756} INFO - Processing file /opt/airflow/dags/consumer.py for tasks to queue
[2023-01-28T10:19:29.129+0000] {logging_mixin.py:120} INFO - [2023-01-28T10:19:29.128+0000] {dagbag.py:537} INFO - Filling up the DagBag from /opt/airflow/dags/consumer.py
[2023-01-28T10:19:29.225+0000] {processor.py:766} INFO - DAG(s) dict_keys(['consumer']) retrieved from /opt/airflow/dags/consumer.py
[2023-01-28T10:19:29.396+0000] {logging_mixin.py:120} INFO - [2023-01-28T10:19:29.396+0000] {dag.py:2585} INFO - Sync 1 DAGs
[2023-01-28T10:19:29.489+0000] {logging_mixin.py:120} INFO - [2023-01-28T10:19:29.488+0000] {dag.py:3340} INFO - Setting next_dagrun for consumer to None, run_after=None
[2023-01-28T10:19:29.572+0000] {processor.py:176} INFO - Processing /opt/airflow/dags/consumer.py took 0.461 seconds
[2023-01-28T13:20:20.022+0000] {processor.py:154} INFO - Started process (PID=1800) to work on /opt/airflow/dags/consumer.py
[2023-01-28T13:20:20.025+0000] {processor.py:756} INFO - Processing file /opt/airflow/dags/consumer.py for tasks to queue
[2023-01-28T13:20:20.027+0000] {logging_mixin.py:120} INFO - [2023-01-28T13:20:20.026+0000] {dagbag.py:537} INFO - Filling up the DagBag from /opt/airflow/dags/consumer.py
[2023-01-28T13:20:20.105+0000] {processor.py:766} INFO - DAG(s) dict_keys(['consumer']) retrieved from /opt/airflow/dags/consumer.py
[2023-01-28T13:20:20.209+0000] {logging_mixin.py:120} INFO - [2023-01-28T13:20:20.209+0000] {dag.py:2585} INFO - Sync 1 DAGs
[2023-01-28T13:20:20.288+0000] {logging_mixin.py:120} INFO - [2023-01-28T13:20:20.288+0000] {dag.py:3340} INFO - Setting next_dagrun for consumer to None, run_after=None
[2023-01-28T13:20:20.359+0000] {processor.py:176} INFO - Processing /opt/airflow/dags/consumer.py took 0.352 seconds
[2023-01-28T13:20:50.853+0000] {processor.py:154} INFO - Started process (PID=1833) to work on /opt/airflow/dags/consumer.py
[2023-01-28T13:20:50.854+0000] {processor.py:756} INFO - Processing file /opt/airflow/dags/consumer.py for tasks to queue
[2023-01-28T13:20:50.856+0000] {logging_mixin.py:120} INFO - [2023-01-28T13:20:50.855+0000] {dagbag.py:537} INFO - Filling up the DagBag from /opt/airflow/dags/consumer.py
[2023-01-28T13:20:50.893+0000] {processor.py:766} INFO - DAG(s) dict_keys(['consumer']) retrieved from /opt/airflow/dags/consumer.py
[2023-01-28T13:20:50.973+0000] {logging_mixin.py:120} INFO - [2023-01-28T13:20:50.973+0000] {dag.py:2585} INFO - Sync 1 DAGs
[2023-01-28T13:20:51.027+0000] {logging_mixin.py:120} INFO - [2023-01-28T13:20:51.026+0000] {dag.py:3340} INFO - Setting next_dagrun for consumer to None, run_after=None
[2023-01-28T13:20:51.068+0000] {processor.py:176} INFO - Processing /opt/airflow/dags/consumer.py took 0.220 seconds
