[2023-01-28T10:19:28.472+0000] {processor.py:154} INFO - Started process (PID=1748) to work on /opt/airflow/dags/producer.py
[2023-01-28T10:19:28.473+0000] {processor.py:756} INFO - Processing file /opt/airflow/dags/producer.py for tasks to queue
[2023-01-28T10:19:28.475+0000] {logging_mixin.py:120} INFO - [2023-01-28T10:19:28.474+0000] {dagbag.py:537} INFO - Filling up the DagBag from /opt/airflow/dags/producer.py
[2023-01-28T10:19:28.550+0000] {processor.py:766} INFO - DAG(s) dict_keys(['producer']) retrieved from /opt/airflow/dags/producer.py
[2023-01-28T10:19:28.701+0000] {logging_mixin.py:120} INFO - [2023-01-28T10:19:28.700+0000] {dag.py:2585} INFO - Sync 1 DAGs
[2023-01-28T10:19:28.826+0000] {logging_mixin.py:120} INFO - [2023-01-28T10:19:28.826+0000] {dag.py:3340} INFO - Setting next_dagrun for producer to 2023-01-28T00:00:00+00:00, run_after=2023-01-29T00:00:00+00:00
[2023-01-28T10:19:28.961+0000] {processor.py:176} INFO - Processing /opt/airflow/dags/producer.py took 0.497 seconds
[2023-01-28T13:20:17.281+0000] {processor.py:154} INFO - Started process (PID=1796) to work on /opt/airflow/dags/producer.py
[2023-01-28T13:20:17.283+0000] {processor.py:756} INFO - Processing file /opt/airflow/dags/producer.py for tasks to queue
[2023-01-28T13:20:17.285+0000] {logging_mixin.py:120} INFO - [2023-01-28T13:20:17.285+0000] {dagbag.py:537} INFO - Filling up the DagBag from /opt/airflow/dags/producer.py
[2023-01-28T13:20:17.363+0000] {processor.py:766} INFO - DAG(s) dict_keys(['producer']) retrieved from /opt/airflow/dags/producer.py
[2023-01-28T13:20:17.523+0000] {logging_mixin.py:120} INFO - [2023-01-28T13:20:17.523+0000] {dag.py:2585} INFO - Sync 1 DAGs
[2023-01-28T13:20:17.619+0000] {logging_mixin.py:120} INFO - [2023-01-28T13:20:17.619+0000] {dag.py:3340} INFO - Setting next_dagrun for producer to 2023-01-28T00:00:00+00:00, run_after=2023-01-29T00:00:00+00:00
[2023-01-28T13:20:17.727+0000] {processor.py:176} INFO - Processing /opt/airflow/dags/producer.py took 0.454 seconds
[2023-01-28T13:20:48.336+0000] {processor.py:154} INFO - Started process (PID=1821) to work on /opt/airflow/dags/producer.py
[2023-01-28T13:20:48.338+0000] {processor.py:756} INFO - Processing file /opt/airflow/dags/producer.py for tasks to queue
[2023-01-28T13:20:48.339+0000] {logging_mixin.py:120} INFO - [2023-01-28T13:20:48.338+0000] {dagbag.py:537} INFO - Filling up the DagBag from /opt/airflow/dags/producer.py
[2023-01-28T13:20:48.383+0000] {processor.py:766} INFO - DAG(s) dict_keys(['producer']) retrieved from /opt/airflow/dags/producer.py
[2023-01-28T13:20:48.470+0000] {logging_mixin.py:120} INFO - [2023-01-28T13:20:48.470+0000] {dag.py:2585} INFO - Sync 1 DAGs
[2023-01-28T13:20:48.535+0000] {logging_mixin.py:120} INFO - [2023-01-28T13:20:48.535+0000] {dag.py:3340} INFO - Setting next_dagrun for producer to 2023-01-28T00:00:00+00:00, run_after=2023-01-29T00:00:00+00:00
[2023-01-28T13:20:48.586+0000] {processor.py:176} INFO - Processing /opt/airflow/dags/producer.py took 0.255 seconds
