[2023-01-07T21:21:19.047+0000] {taskinstance.py:1165} INFO - Dependencies all met for <TaskInstance: user_processing.create_table manual__2023-01-07T21:21:17.701191+00:00 [queued]>
[2023-01-07T21:21:19.056+0000] {taskinstance.py:1165} INFO - Dependencies all met for <TaskInstance: user_processing.create_table manual__2023-01-07T21:21:17.701191+00:00 [queued]>
[2023-01-07T21:21:19.057+0000] {taskinstance.py:1362} INFO - 
--------------------------------------------------------------------------------
[2023-01-07T21:21:19.057+0000] {taskinstance.py:1363} INFO - Starting attempt 1 of 1
[2023-01-07T21:21:19.057+0000] {taskinstance.py:1364} INFO - 
--------------------------------------------------------------------------------
[2023-01-07T21:21:19.080+0000] {taskinstance.py:1383} INFO - Executing <Task(PostgresOperator): create_table> on 2023-01-07 21:21:17.701191+00:00
[2023-01-07T21:21:19.085+0000] {standard_task_runner.py:55} INFO - Started process 367 to run task
[2023-01-07T21:21:19.088+0000] {standard_task_runner.py:82} INFO - Running: ['***', 'tasks', 'run', 'user_processing', 'create_table', 'manual__2023-01-07T21:21:17.701191+00:00', '--job-id', '13', '--raw', '--subdir', 'DAGS_FOLDER/user_processing.py', '--cfg-path', '/tmp/tmp10wt5dmb']
[2023-01-07T21:21:19.090+0000] {standard_task_runner.py:83} INFO - Job 13: Subtask create_table
[2023-01-07T21:21:19.163+0000] {task_command.py:376} INFO - Running <TaskInstance: user_processing.create_table manual__2023-01-07T21:21:17.701191+00:00 [running]> on host 274e1da73cdf
[2023-01-07T21:21:19.239+0000] {taskinstance.py:1592} INFO - Exporting the following env vars:
AIRFLOW_CTX_DAG_OWNER=***
AIRFLOW_CTX_DAG_ID=user_processing
AIRFLOW_CTX_TASK_ID=create_table
AIRFLOW_CTX_EXECUTION_DATE=2023-01-07T21:21:17.701191+00:00
AIRFLOW_CTX_TRY_NUMBER=1
AIRFLOW_CTX_DAG_RUN_ID=manual__2023-01-07T21:21:17.701191+00:00
[2023-01-07T21:21:19.247+0000] {base.py:71} INFO - Using connection ID 'postgres' for task execution.
[2023-01-07T21:21:19.251+0000] {sql.py:315} INFO - Running statement: 
            CREATE TABLE IF NOT EXISTS users (
                firstname TEXT NOT NULL,
                lastname TEXT NOT NULL,
                country TEXT NOT NULL,
                username TEXT NOT NULL,
                password TEXT NOT NULL,
                email TEXT NOT NULL
            )
        , parameters: None
[2023-01-07T21:21:19.266+0000] {taskinstance.py:1406} INFO - Marking task as SUCCESS. dag_id=user_processing, task_id=create_table, execution_date=20230107T212117, start_date=20230107T212119, end_date=20230107T212119
[2023-01-07T21:21:19.306+0000] {local_task_job.py:164} INFO - Task exited with return code 0
[2023-01-07T21:21:19.331+0000] {local_task_job.py:273} INFO - 0 downstream tasks scheduled from follow-on schedule check
