[2023-01-13T08:48:09.832+0000] {taskinstance.py:1165} INFO - Dependencies all met for <TaskInstance: user_processing.extract_user scheduled__2023-01-08T12:00:00+00:00 [queued]>
[2023-01-13T08:48:09.872+0000] {taskinstance.py:1165} INFO - Dependencies all met for <TaskInstance: user_processing.extract_user scheduled__2023-01-08T12:00:00+00:00 [queued]>
[2023-01-13T08:48:09.872+0000] {taskinstance.py:1362} INFO - 
--------------------------------------------------------------------------------
[2023-01-13T08:48:09.873+0000] {taskinstance.py:1363} INFO - Starting attempt 1 of 1
[2023-01-13T08:48:09.873+0000] {taskinstance.py:1364} INFO - 
--------------------------------------------------------------------------------
[2023-01-13T08:48:09.901+0000] {taskinstance.py:1383} INFO - Executing <Task(SimpleHttpOperator): extract_user> on 2023-01-08 12:00:00+00:00
[2023-01-13T08:48:09.913+0000] {standard_task_runner.py:55} INFO - Started process 166 to run task
[2023-01-13T08:48:09.926+0000] {standard_task_runner.py:82} INFO - Running: ['***', 'tasks', 'run', 'user_processing', 'extract_user', 'scheduled__2023-01-08T12:00:00+00:00', '--job-id', '98', '--raw', '--subdir', 'DAGS_FOLDER/user_processing.py', '--cfg-path', '/tmp/tmpi2hla01t']
[2023-01-13T08:48:09.940+0000] {standard_task_runner.py:83} INFO - Job 98: Subtask extract_user
[2023-01-13T08:48:10.156+0000] {task_command.py:376} INFO - Running <TaskInstance: user_processing.extract_user scheduled__2023-01-08T12:00:00+00:00 [running]> on host 274e1da73cdf
[2023-01-13T08:48:10.328+0000] {taskinstance.py:1592} INFO - Exporting the following env vars:
AIRFLOW_CTX_DAG_OWNER=***
AIRFLOW_CTX_DAG_ID=user_processing
AIRFLOW_CTX_TASK_ID=extract_user
AIRFLOW_CTX_EXECUTION_DATE=2023-01-08T12:00:00+00:00
AIRFLOW_CTX_TRY_NUMBER=1
AIRFLOW_CTX_DAG_RUN_ID=scheduled__2023-01-08T12:00:00+00:00
[2023-01-13T08:48:10.329+0000] {http.py:121} INFO - Calling HTTP method
[2023-01-13T08:48:10.339+0000] {base.py:71} INFO - Using connection ID 'user_api' for task execution.
[2023-01-13T08:48:10.342+0000] {http.py:148} INFO - Sending 'GET' to url: https://randomuser.me/api/
[2023-01-13T08:48:10.851+0000] {http.py:125} INFO - {"results":[{"gender":"male","name":{"title":"Mr","first":"Oliver","last":"Hautala"},"location":{"street":{"number":8511,"name":"Satakennankatu"},"city":"Huittinen","state":"Finland Proper","country":"Finland","postcode":77569,"coordinates":{"latitude":"-22.8876","longitude":"-53.8328"},"timezone":{"offset":"-3:30","description":"Newfoundland"}},"email":"oliver.hautala@example.com","login":{"uuid":"a25dc11c-afdf-45b9-ae0f-c38c8c48e7d8","username":"beautifulzebra818","password":"trigger","salt":"N739tTKP","md5":"395f83ef605b70f155fffdf0cf078a0e","sha1":"29d9304049688f7ee8041698c1abdb7732187adf","sha256":"6bfdf6924de52b803d10f7a32734373e76e4cdda0f0deded79736fecab9abcc3"},"dob":{"date":"1956-03-25T18:22:32.697Z","age":66},"registered":{"date":"2012-04-30T00:59:12.277Z","age":10},"phone":"06-725-848","cell":"045-387-20-78","id":{"name":"HETU","value":"NaNNA853undefined"},"picture":{"large":"https://randomuser.me/api/portraits/men/78.jpg","medium":"https://randomuser.me/api/portraits/med/men/78.jpg","thumbnail":"https://randomuser.me/api/portraits/thumb/men/78.jpg"},"nat":"FI"}],"info":{"seed":"6795a8904a537517","results":1,"page":1,"version":"1.4"}}
[2023-01-13T08:48:10.928+0000] {taskinstance.py:1406} INFO - Marking task as SUCCESS. dag_id=user_processing, task_id=extract_user, execution_date=20230108T120000, start_date=20230113T084809, end_date=20230113T084810
[2023-01-13T08:48:10.991+0000] {local_task_job.py:164} INFO - Task exited with return code 0
[2023-01-13T08:48:11.188+0000] {local_task_job.py:273} INFO - 0 downstream tasks scheduled from follow-on schedule check
