[2023-01-27T00:54:41.060+0000] {taskinstance.py:1165} INFO - Dependencies all met for <TaskInstance: parallel_dag.load_b manual__2023-01-27T00:54:29.266863+00:00 [queued]>
[2023-01-27T00:54:41.067+0000] {taskinstance.py:1165} INFO - Dependencies all met for <TaskInstance: parallel_dag.load_b manual__2023-01-27T00:54:29.266863+00:00 [queued]>
[2023-01-27T00:54:41.067+0000] {taskinstance.py:1362} INFO - 
--------------------------------------------------------------------------------
[2023-01-27T00:54:41.067+0000] {taskinstance.py:1363} INFO - Starting attempt 1 of 1
[2023-01-27T00:54:41.067+0000] {taskinstance.py:1364} INFO - 
--------------------------------------------------------------------------------
[2023-01-27T00:54:41.078+0000] {taskinstance.py:1383} INFO - Executing <Task(BashOperator): load_b> on 2023-01-27 00:54:29.266863+00:00
[2023-01-27T00:54:41.083+0000] {standard_task_runner.py:55} INFO - Started process 122 to run task
[2023-01-27T00:54:41.085+0000] {standard_task_runner.py:82} INFO - Running: ['***', 'tasks', 'run', 'parallel_dag', 'load_b', 'manual__2023-01-27T00:54:29.266863+00:00', '--job-id', '351', '--raw', '--subdir', 'DAGS_FOLDER/parallel_dag.py', '--cfg-path', '/tmp/tmpme6gvevv']
[2023-01-27T00:54:41.085+0000] {standard_task_runner.py:83} INFO - Job 351: Subtask load_b
[2023-01-27T00:54:41.124+0000] {task_command.py:376} INFO - Running <TaskInstance: parallel_dag.load_b manual__2023-01-27T00:54:29.266863+00:00 [running]> on host ce3b45127760
[2023-01-27T00:54:41.179+0000] {taskinstance.py:1592} INFO - Exporting the following env vars:
AIRFLOW_CTX_DAG_OWNER=***
AIRFLOW_CTX_DAG_ID=parallel_dag
AIRFLOW_CTX_TASK_ID=load_b
AIRFLOW_CTX_EXECUTION_DATE=2023-01-27T00:54:29.266863+00:00
AIRFLOW_CTX_TRY_NUMBER=1
AIRFLOW_CTX_DAG_RUN_ID=manual__2023-01-27T00:54:29.266863+00:00
[2023-01-27T00:54:41.180+0000] {subprocess.py:63} INFO - Tmp dir root location: 
 /tmp
[2023-01-27T00:54:41.180+0000] {subprocess.py:75} INFO - Running command: ['/bin/bash', '-c', 'sleep 10']
[2023-01-27T00:54:41.221+0000] {subprocess.py:86} INFO - Output:
[2023-01-27T00:54:51.224+0000] {subprocess.py:97} INFO - Command exited with return code 0
[2023-01-27T00:54:51.259+0000] {taskinstance.py:1406} INFO - Marking task as SUCCESS. dag_id=parallel_dag, task_id=load_b, execution_date=20230127T005429, start_date=20230127T005441, end_date=20230127T005451
[2023-01-27T00:54:51.304+0000] {local_task_job.py:164} INFO - Task exited with return code 0
[2023-01-27T00:54:51.331+0000] {local_task_job.py:273} INFO - 0 downstream tasks scheduled from follow-on schedule check
