[2023-01-13T08:48:01.328+0000] {taskinstance.py:1165} INFO - Dependencies all met for <TaskInstance: example_bash_operator.this_will_skip scheduled__2023-01-12T00:00:00+00:00 [queued]>
[2023-01-13T08:48:01.359+0000] {taskinstance.py:1165} INFO - Dependencies all met for <TaskInstance: example_bash_operator.this_will_skip scheduled__2023-01-12T00:00:00+00:00 [queued]>
[2023-01-13T08:48:01.361+0000] {taskinstance.py:1362} INFO - 
--------------------------------------------------------------------------------
[2023-01-13T08:48:01.361+0000] {taskinstance.py:1363} INFO - Starting attempt 1 of 1
[2023-01-13T08:48:01.361+0000] {taskinstance.py:1364} INFO - 
--------------------------------------------------------------------------------
[2023-01-13T08:48:01.431+0000] {taskinstance.py:1383} INFO - Executing <Task(BashOperator): this_will_skip> on 2023-01-12 00:00:00+00:00
[2023-01-13T08:48:01.438+0000] {standard_task_runner.py:55} INFO - Started process 87 to run task
[2023-01-13T08:48:01.463+0000] {standard_task_runner.py:82} INFO - Running: ['***', 'tasks', 'run', 'example_bash_operator', 'this_will_skip', 'scheduled__2023-01-12T00:00:00+00:00', '--job-id', '69', '--raw', '--subdir', '/home/***/.local/lib/python3.7/site-packages/***/example_dags/example_bash_operator.py', '--cfg-path', '/tmp/tmpg3r1wgei']
[2023-01-13T08:48:01.464+0000] {standard_task_runner.py:83} INFO - Job 69: Subtask this_will_skip
[2023-01-13T08:48:01.621+0000] {task_command.py:376} INFO - Running <TaskInstance: example_bash_operator.this_will_skip scheduled__2023-01-12T00:00:00+00:00 [running]> on host 274e1da73cdf
[2023-01-13T08:48:02.080+0000] {taskinstance.py:1592} INFO - Exporting the following env vars:
AIRFLOW_CTX_DAG_OWNER=***
AIRFLOW_CTX_DAG_ID=example_bash_operator
AIRFLOW_CTX_TASK_ID=this_will_skip
AIRFLOW_CTX_EXECUTION_DATE=2023-01-12T00:00:00+00:00
AIRFLOW_CTX_TRY_NUMBER=1
AIRFLOW_CTX_DAG_RUN_ID=scheduled__2023-01-12T00:00:00+00:00
[2023-01-13T08:48:02.082+0000] {subprocess.py:63} INFO - Tmp dir root location: 
 /tmp
[2023-01-13T08:48:02.082+0000] {subprocess.py:75} INFO - Running command: ['/bin/bash', '-c', 'echo "hello world"; exit 99;']
[2023-01-13T08:48:02.144+0000] {subprocess.py:86} INFO - Output:
[2023-01-13T08:48:02.145+0000] {subprocess.py:93} INFO - hello world
[2023-01-13T08:48:02.165+0000] {subprocess.py:97} INFO - Command exited with return code 99
[2023-01-13T08:48:02.166+0000] {taskinstance.py:1481} INFO - Bash command returned exit code 99. Skipping.
[2023-01-13T08:48:02.249+0000] {taskinstance.py:1406} INFO - Marking task as SKIPPED. dag_id=example_bash_operator, task_id=this_will_skip, execution_date=20230112T000000, start_date=20230113T084801, end_date=20230113T084802
[2023-01-13T08:48:02.310+0000] {local_task_job.py:164} INFO - Task exited with return code 0
[2023-01-13T08:48:02.557+0000] {local_task_job.py:273} INFO - 0 downstream tasks scheduled from follow-on schedule check
