[2023-01-14T00:00:01.196+0000] {taskinstance.py:1165} INFO - Dependencies all met for <TaskInstance: example_bash_operator.runme_0 scheduled__2023-01-13T00:00:00+00:00 [queued]>
[2023-01-14T00:00:01.205+0000] {taskinstance.py:1165} INFO - Dependencies all met for <TaskInstance: example_bash_operator.runme_0 scheduled__2023-01-13T00:00:00+00:00 [queued]>
[2023-01-14T00:00:01.205+0000] {taskinstance.py:1362} INFO - 
--------------------------------------------------------------------------------
[2023-01-14T00:00:01.205+0000] {taskinstance.py:1363} INFO - Starting attempt 1 of 1
[2023-01-14T00:00:01.205+0000] {taskinstance.py:1364} INFO - 
--------------------------------------------------------------------------------
[2023-01-14T00:00:01.220+0000] {taskinstance.py:1383} INFO - Executing <Task(BashOperator): runme_0> on 2023-01-13 00:00:00+00:00
[2023-01-14T00:00:01.224+0000] {standard_task_runner.py:55} INFO - Started process 3070 to run task
[2023-01-14T00:00:01.229+0000] {standard_task_runner.py:82} INFO - Running: ['***', 'tasks', 'run', 'example_bash_operator', 'runme_0', 'scheduled__2023-01-13T00:00:00+00:00', '--job-id', '134', '--raw', '--subdir', '/home/***/.local/lib/python3.7/site-packages/***/example_dags/example_bash_operator.py', '--cfg-path', '/tmp/tmp3hi9vfoz']
[2023-01-14T00:00:01.230+0000] {standard_task_runner.py:83} INFO - Job 134: Subtask runme_0
[2023-01-14T00:00:01.279+0000] {task_command.py:376} INFO - Running <TaskInstance: example_bash_operator.runme_0 scheduled__2023-01-13T00:00:00+00:00 [running]> on host 274e1da73cdf
[2023-01-14T00:00:01.344+0000] {taskinstance.py:1592} INFO - Exporting the following env vars:
AIRFLOW_CTX_DAG_OWNER=***
AIRFLOW_CTX_DAG_ID=example_bash_operator
AIRFLOW_CTX_TASK_ID=runme_0
AIRFLOW_CTX_EXECUTION_DATE=2023-01-13T00:00:00+00:00
AIRFLOW_CTX_TRY_NUMBER=1
AIRFLOW_CTX_DAG_RUN_ID=scheduled__2023-01-13T00:00:00+00:00
[2023-01-14T00:00:01.344+0000] {subprocess.py:63} INFO - Tmp dir root location: 
 /tmp
[2023-01-14T00:00:01.345+0000] {subprocess.py:75} INFO - Running command: ['/bin/bash', '-c', 'echo "example_bash_operator__runme_0__20230113" && sleep 1']
[2023-01-14T00:00:01.351+0000] {subprocess.py:86} INFO - Output:
[2023-01-14T00:00:01.352+0000] {subprocess.py:93} INFO - example_bash_operator__runme_0__20230113
[2023-01-14T00:00:02.354+0000] {subprocess.py:97} INFO - Command exited with return code 0
[2023-01-14T00:00:02.382+0000] {taskinstance.py:1406} INFO - Marking task as SUCCESS. dag_id=example_bash_operator, task_id=runme_0, execution_date=20230113T000000, start_date=20230114T000001, end_date=20230114T000002
[2023-01-14T00:00:02.405+0000] {local_task_job.py:164} INFO - Task exited with return code 0
[2023-01-14T00:00:02.426+0000] {local_task_job.py:273} INFO - 1 downstream tasks scheduled from follow-on schedule check
