[2023-01-28T10:19:31.229+0000] {taskinstance.py:1165} INFO - Dependencies all met for <TaskInstance: producer.update_dataset scheduled__2023-01-27T00:00:00+00:00 [queued]>
[2023-01-28T10:19:31.300+0000] {taskinstance.py:1165} INFO - Dependencies all met for <TaskInstance: producer.update_dataset scheduled__2023-01-27T00:00:00+00:00 [queued]>
[2023-01-28T10:19:31.300+0000] {taskinstance.py:1362} INFO - 
--------------------------------------------------------------------------------
[2023-01-28T10:19:31.301+0000] {taskinstance.py:1363} INFO - Starting attempt 1 of 1
[2023-01-28T10:19:31.301+0000] {taskinstance.py:1364} INFO - 
--------------------------------------------------------------------------------
[2023-01-28T10:19:31.354+0000] {taskinstance.py:1383} INFO - Executing <Task(_PythonDecoratedOperator): update_dataset> on 2023-01-27 00:00:00+00:00
[2023-01-28T10:19:31.382+0000] {standard_task_runner.py:55} INFO - Started process 1452 to run task
[2023-01-28T10:19:31.395+0000] {standard_task_runner.py:82} INFO - Running: ['***', 'tasks', 'run', 'producer', 'update_dataset', 'scheduled__2023-01-27T00:00:00+00:00', '--job-id', '362', '--raw', '--subdir', 'DAGS_FOLDER/producer.py', '--cfg-path', '/tmp/tmpifyoef1o']
[2023-01-28T10:19:31.396+0000] {standard_task_runner.py:83} INFO - Job 362: Subtask update_dataset
[2023-01-28T10:19:31.874+0000] {task_command.py:376} INFO - Running <TaskInstance: producer.update_dataset scheduled__2023-01-27T00:00:00+00:00 [running]> on host 35d887eb39bb
[2023-01-28T10:19:32.083+0000] {taskinstance.py:1592} INFO - Exporting the following env vars:
AIRFLOW_CTX_DAG_OWNER=***
AIRFLOW_CTX_DAG_ID=producer
AIRFLOW_CTX_TASK_ID=update_dataset
AIRFLOW_CTX_EXECUTION_DATE=2023-01-27T00:00:00+00:00
AIRFLOW_CTX_TRY_NUMBER=1
AIRFLOW_CTX_DAG_RUN_ID=scheduled__2023-01-27T00:00:00+00:00
[2023-01-28T10:19:32.085+0000] {python.py:177} INFO - Done. Returned value was: None
[2023-01-28T10:19:32.089+0000] {warnings.py:110} WARNING - /home/***/.local/lib/python3.7/site-packages/***/models/baseoperator.py:1390: RemovedInAirflow3Warning: Passing 'execution_date' to 'TaskInstance.xcom_push()' is deprecated.
  context['ti'].xcom_push(key=key, value=value, execution_date=execution_date)

[2023-01-28T10:19:32.131+0000] {taskinstance.py:1406} INFO - Marking task as SUCCESS. dag_id=producer, task_id=update_dataset, execution_date=20230127T000000, start_date=20230128T101931, end_date=20230128T101932
[2023-01-28T10:19:32.198+0000] {local_task_job.py:164} INFO - Task exited with return code 0
[2023-01-28T10:19:32.256+0000] {local_task_job.py:273} INFO - 0 downstream tasks scheduled from follow-on schedule check
