[2023-01-17T22:46:26.963+0000] {taskinstance.py:1165} INFO - Dependencies all met for <TaskInstance: user_processing.extract_user scheduled__2023-01-16T00:00:00+00:00 [queued]>
[2023-01-17T22:46:27.001+0000] {taskinstance.py:1165} INFO - Dependencies all met for <TaskInstance: user_processing.extract_user scheduled__2023-01-16T00:00:00+00:00 [queued]>
[2023-01-17T22:46:27.001+0000] {taskinstance.py:1362} INFO - 
--------------------------------------------------------------------------------
[2023-01-17T22:46:27.001+0000] {taskinstance.py:1363} INFO - Starting attempt 1 of 1
[2023-01-17T22:46:27.001+0000] {taskinstance.py:1364} INFO - 
--------------------------------------------------------------------------------
[2023-01-17T22:46:27.077+0000] {taskinstance.py:1383} INFO - Executing <Task(SimpleHttpOperator): extract_user> on 2023-01-16 00:00:00+00:00
[2023-01-17T22:46:27.084+0000] {standard_task_runner.py:55} INFO - Started process 152 to run task
[2023-01-17T22:46:27.109+0000] {standard_task_runner.py:82} INFO - Running: ['***', 'tasks', 'run', 'user_processing', 'extract_user', 'scheduled__2023-01-16T00:00:00+00:00', '--job-id', '184', '--raw', '--subdir', 'DAGS_FOLDER/user_processing.py', '--cfg-path', '/tmp/tmp4gz9q8tg']
[2023-01-17T22:46:27.118+0000] {standard_task_runner.py:83} INFO - Job 184: Subtask extract_user
[2023-01-17T22:46:27.302+0000] {task_command.py:376} INFO - Running <TaskInstance: user_processing.extract_user scheduled__2023-01-16T00:00:00+00:00 [running]> on host 274e1da73cdf
[2023-01-17T22:46:27.493+0000] {taskinstance.py:1592} INFO - Exporting the following env vars:
AIRFLOW_CTX_DAG_OWNER=***
AIRFLOW_CTX_DAG_ID=user_processing
AIRFLOW_CTX_TASK_ID=extract_user
AIRFLOW_CTX_EXECUTION_DATE=2023-01-16T00:00:00+00:00
AIRFLOW_CTX_TRY_NUMBER=1
AIRFLOW_CTX_DAG_RUN_ID=scheduled__2023-01-16T00:00:00+00:00
[2023-01-17T22:46:27.494+0000] {http.py:121} INFO - Calling HTTP method
[2023-01-17T22:46:27.533+0000] {base.py:71} INFO - Using connection ID 'user_api' for task execution.
[2023-01-17T22:46:27.535+0000] {http.py:148} INFO - Sending 'GET' to url: https://randomuser.me/api/
[2023-01-17T22:46:27.911+0000] {http.py:125} INFO - {"results":[{"gender":"female","name":{"title":"Mrs","first":"Nova","last":"Granlund"},"location":{"street":{"number":7933,"name":"Carl Berners plass"},"city":"Arendal","state":"Telemark","country":"Norway","postcode":"6570","coordinates":{"latitude":"41.0184","longitude":"66.5100"},"timezone":{"offset":"+6:00","description":"Almaty, Dhaka, Colombo"}},"email":"nova.granlund@example.com","login":{"uuid":"c49cc10c-751a-4b5d-9e51-9fb9d5f38d61","username":"beautifulmeercat973","password":"fallon","salt":"thPRw1e4","md5":"29e5374d5a9f2db47313162485347643","sha1":"a0f00938aa70476ea1ec2e0762d0d35a9b28ed98","sha256":"14484ce35d809f2ab3e9c0809ae6891ed69d684753ad03a685715e165176a45c"},"dob":{"date":"1983-10-11T18:52:35.588Z","age":39},"registered":{"date":"2014-03-31T15:27:00.380Z","age":8},"phone":"59258401","cell":"90033591","id":{"name":"FN","value":"11108314879"},"picture":{"large":"https://randomuser.me/api/portraits/women/84.jpg","medium":"https://randomuser.me/api/portraits/med/women/84.jpg","thumbnail":"https://randomuser.me/api/portraits/thumb/women/84.jpg"},"nat":"NO"}],"info":{"seed":"c27a5ab88f406a2a","results":1,"page":1,"version":"1.4"}}
[2023-01-17T22:46:27.959+0000] {taskinstance.py:1406} INFO - Marking task as SUCCESS. dag_id=user_processing, task_id=extract_user, execution_date=20230116T000000, start_date=20230117T224626, end_date=20230117T224627
[2023-01-17T22:46:28.029+0000] {local_task_job.py:164} INFO - Task exited with return code 0
[2023-01-17T22:46:28.156+0000] {local_task_job.py:273} INFO - 1 downstream tasks scheduled from follow-on schedule check
