[2023-01-20T18:32:36.909+0000] {taskinstance.py:1165} INFO - Dependencies all met for <TaskInstance: example_bash_operator.runme_0 scheduled__2023-01-18T00:00:00+00:00 [queued]>
[2023-01-20T18:32:37.012+0000] {taskinstance.py:1165} INFO - Dependencies all met for <TaskInstance: example_bash_operator.runme_0 scheduled__2023-01-18T00:00:00+00:00 [queued]>
[2023-01-20T18:32:37.012+0000] {taskinstance.py:1362} INFO - 
--------------------------------------------------------------------------------
[2023-01-20T18:32:37.013+0000] {taskinstance.py:1363} INFO - Starting attempt 1 of 1
[2023-01-20T18:32:37.013+0000] {taskinstance.py:1364} INFO - 
--------------------------------------------------------------------------------
[2023-01-20T18:32:37.140+0000] {taskinstance.py:1383} INFO - Executing <Task(BashOperator): runme_0> on 2023-01-18 00:00:00+00:00
[2023-01-20T18:32:37.158+0000] {standard_task_runner.py:55} INFO - Started process 89 to run task
[2023-01-20T18:32:37.216+0000] {standard_task_runner.py:82} INFO - Running: ['***', 'tasks', 'run', 'example_bash_operator', 'runme_0', 'scheduled__2023-01-18T00:00:00+00:00', '--job-id', '280', '--raw', '--subdir', '/home/***/.local/lib/python3.7/site-packages/***/example_dags/example_bash_operator.py', '--cfg-path', '/tmp/tmpbkbqszjl']
[2023-01-20T18:32:37.217+0000] {standard_task_runner.py:83} INFO - Job 280: Subtask runme_0
[2023-01-20T18:32:37.572+0000] {task_command.py:376} INFO - Running <TaskInstance: example_bash_operator.runme_0 scheduled__2023-01-18T00:00:00+00:00 [running]> on host a353ca64b4e2
[2023-01-20T18:32:37.898+0000] {taskinstance.py:1592} INFO - Exporting the following env vars:
AIRFLOW_CTX_DAG_OWNER=***
AIRFLOW_CTX_DAG_ID=example_bash_operator
AIRFLOW_CTX_TASK_ID=runme_0
AIRFLOW_CTX_EXECUTION_DATE=2023-01-18T00:00:00+00:00
AIRFLOW_CTX_TRY_NUMBER=1
AIRFLOW_CTX_DAG_RUN_ID=scheduled__2023-01-18T00:00:00+00:00
[2023-01-20T18:32:37.900+0000] {subprocess.py:63} INFO - Tmp dir root location: 
 /tmp
[2023-01-20T18:32:37.900+0000] {subprocess.py:75} INFO - Running command: ['/bin/bash', '-c', 'echo "example_bash_operator__runme_0__20230118" && sleep 1']
[2023-01-20T18:32:37.965+0000] {subprocess.py:86} INFO - Output:
[2023-01-20T18:32:37.974+0000] {subprocess.py:93} INFO - example_bash_operator__runme_0__20230118
[2023-01-20T18:32:38.978+0000] {subprocess.py:97} INFO - Command exited with return code 0
[2023-01-20T18:32:39.017+0000] {taskinstance.py:1406} INFO - Marking task as SUCCESS. dag_id=example_bash_operator, task_id=runme_0, execution_date=20230118T000000, start_date=20230120T183236, end_date=20230120T183239
[2023-01-20T18:32:39.056+0000] {local_task_job.py:164} INFO - Task exited with return code 0
[2023-01-20T18:32:39.098+0000] {local_task_job.py:273} INFO - 1 downstream tasks scheduled from follow-on schedule check
