[2023-01-17T19:46:16.850+0000] {taskinstance.py:1165} INFO - Dependencies all met for <TaskInstance: example_bash_operator.runme_2 scheduled__2023-01-16T00:00:00+00:00 [queued]>
[2023-01-17T19:46:16.938+0000] {taskinstance.py:1165} INFO - Dependencies all met for <TaskInstance: example_bash_operator.runme_2 scheduled__2023-01-16T00:00:00+00:00 [queued]>
[2023-01-17T19:46:16.938+0000] {taskinstance.py:1362} INFO - 
--------------------------------------------------------------------------------
[2023-01-17T19:46:16.938+0000] {taskinstance.py:1363} INFO - Starting attempt 1 of 1
[2023-01-17T19:46:16.938+0000] {taskinstance.py:1364} INFO - 
--------------------------------------------------------------------------------
[2023-01-17T19:46:17.110+0000] {taskinstance.py:1383} INFO - Executing <Task(BashOperator): runme_2> on 2023-01-16 00:00:00+00:00
[2023-01-17T19:46:17.132+0000] {standard_task_runner.py:55} INFO - Started process 85 to run task
[2023-01-17T19:46:17.167+0000] {standard_task_runner.py:82} INFO - Running: ['***', 'tasks', 'run', 'example_bash_operator', 'runme_2', 'scheduled__2023-01-16T00:00:00+00:00', '--job-id', '159', '--raw', '--subdir', '/home/***/.local/lib/python3.7/site-packages/***/example_dags/example_bash_operator.py', '--cfg-path', '/tmp/tmp_u8vvjob']
[2023-01-17T19:46:17.167+0000] {standard_task_runner.py:83} INFO - Job 159: Subtask runme_2
[2023-01-17T19:46:17.377+0000] {task_command.py:376} INFO - Running <TaskInstance: example_bash_operator.runme_2 scheduled__2023-01-16T00:00:00+00:00 [running]> on host 274e1da73cdf
[2023-01-17T19:46:17.730+0000] {taskinstance.py:1592} INFO - Exporting the following env vars:
AIRFLOW_CTX_DAG_OWNER=***
AIRFLOW_CTX_DAG_ID=example_bash_operator
AIRFLOW_CTX_TASK_ID=runme_2
AIRFLOW_CTX_EXECUTION_DATE=2023-01-16T00:00:00+00:00
AIRFLOW_CTX_TRY_NUMBER=1
AIRFLOW_CTX_DAG_RUN_ID=scheduled__2023-01-16T00:00:00+00:00
[2023-01-17T19:46:17.731+0000] {subprocess.py:63} INFO - Tmp dir root location: 
 /tmp
[2023-01-17T19:46:17.732+0000] {subprocess.py:75} INFO - Running command: ['/bin/bash', '-c', 'echo "example_bash_operator__runme_2__20230116" && sleep 1']
[2023-01-17T19:46:17.773+0000] {subprocess.py:86} INFO - Output:
[2023-01-17T19:46:17.777+0000] {subprocess.py:93} INFO - example_bash_operator__runme_2__20230116
[2023-01-17T19:46:18.782+0000] {subprocess.py:97} INFO - Command exited with return code 0
[2023-01-17T19:46:18.887+0000] {taskinstance.py:1406} INFO - Marking task as SUCCESS. dag_id=example_bash_operator, task_id=runme_2, execution_date=20230116T000000, start_date=20230117T194616, end_date=20230117T194618
[2023-01-17T19:46:18.965+0000] {local_task_job.py:164} INFO - Task exited with return code 0
[2023-01-17T19:46:19.060+0000] {local_task_job.py:273} INFO - 0 downstream tasks scheduled from follow-on schedule check
