[2023-01-17T22:46:30.222+0000] {taskinstance.py:1165} INFO - Dependencies all met for <TaskInstance: user_processing.process_user scheduled__2023-01-15T00:00:00+00:00 [queued]>
[2023-01-17T22:46:30.265+0000] {taskinstance.py:1165} INFO - Dependencies all met for <TaskInstance: user_processing.process_user scheduled__2023-01-15T00:00:00+00:00 [queued]>
[2023-01-17T22:46:30.266+0000] {taskinstance.py:1362} INFO - 
--------------------------------------------------------------------------------
[2023-01-17T22:46:30.266+0000] {taskinstance.py:1363} INFO - Starting attempt 1 of 1
[2023-01-17T22:46:30.266+0000] {taskinstance.py:1364} INFO - 
--------------------------------------------------------------------------------
[2023-01-17T22:46:30.300+0000] {taskinstance.py:1383} INFO - Executing <Task(PythonOperator): process_user> on 2023-01-15 00:00:00+00:00
[2023-01-17T22:46:30.310+0000] {standard_task_runner.py:55} INFO - Started process 166 to run task
[2023-01-17T22:46:30.317+0000] {standard_task_runner.py:82} INFO - Running: ['***', 'tasks', 'run', 'user_processing', 'process_user', 'scheduled__2023-01-15T00:00:00+00:00', '--job-id', '186', '--raw', '--subdir', 'DAGS_FOLDER/user_processing.py', '--cfg-path', '/tmp/tmp7zha4oip']
[2023-01-17T22:46:30.320+0000] {standard_task_runner.py:83} INFO - Job 186: Subtask process_user
[2023-01-17T22:46:30.472+0000] {task_command.py:376} INFO - Running <TaskInstance: user_processing.process_user scheduled__2023-01-15T00:00:00+00:00 [running]> on host 274e1da73cdf
[2023-01-17T22:46:30.606+0000] {taskinstance.py:1592} INFO - Exporting the following env vars:
AIRFLOW_CTX_DAG_OWNER=***
AIRFLOW_CTX_DAG_ID=user_processing
AIRFLOW_CTX_TASK_ID=process_user
AIRFLOW_CTX_EXECUTION_DATE=2023-01-15T00:00:00+00:00
AIRFLOW_CTX_TRY_NUMBER=1
AIRFLOW_CTX_DAG_RUN_ID=scheduled__2023-01-15T00:00:00+00:00
[2023-01-17T22:46:30.642+0000] {python.py:177} INFO - Done. Returned value was: None
[2023-01-17T22:46:30.659+0000] {taskinstance.py:1406} INFO - Marking task as SUCCESS. dag_id=user_processing, task_id=process_user, execution_date=20230115T000000, start_date=20230117T224630, end_date=20230117T224630
[2023-01-17T22:46:30.698+0000] {local_task_job.py:164} INFO - Task exited with return code 0
[2023-01-17T22:46:30.744+0000] {local_task_job.py:273} INFO - 1 downstream tasks scheduled from follow-on schedule check
