[2023-01-28T10:19:31.276+0000] {taskinstance.py:1165} INFO - Dependencies all met for <TaskInstance: parallel_dag.extract_a scheduled__2023-01-27T00:00:00+00:00 [queued]>
[2023-01-28T10:19:31.324+0000] {taskinstance.py:1165} INFO - Dependencies all met for <TaskInstance: parallel_dag.extract_a scheduled__2023-01-27T00:00:00+00:00 [queued]>
[2023-01-28T10:19:31.325+0000] {taskinstance.py:1362} INFO - 
--------------------------------------------------------------------------------
[2023-01-28T10:19:31.325+0000] {taskinstance.py:1363} INFO - Starting attempt 1 of 1
[2023-01-28T10:19:31.325+0000] {taskinstance.py:1364} INFO - 
--------------------------------------------------------------------------------
[2023-01-28T10:19:31.378+0000] {taskinstance.py:1383} INFO - Executing <Task(BashOperator): extract_a> on 2023-01-27 00:00:00+00:00
[2023-01-28T10:19:31.391+0000] {standard_task_runner.py:55} INFO - Started process 1453 to run task
[2023-01-28T10:19:31.399+0000] {standard_task_runner.py:82} INFO - Running: ['***', 'tasks', 'run', 'parallel_dag', 'extract_a', 'scheduled__2023-01-27T00:00:00+00:00', '--job-id', '363', '--raw', '--subdir', 'DAGS_FOLDER/parallel_dag.py', '--cfg-path', '/tmp/tmptr0dv3n7']
[2023-01-28T10:19:31.401+0000] {standard_task_runner.py:83} INFO - Job 363: Subtask extract_a
[2023-01-28T10:19:31.678+0000] {task_command.py:376} INFO - Running <TaskInstance: parallel_dag.extract_a scheduled__2023-01-27T00:00:00+00:00 [running]> on host 35d887eb39bb
[2023-01-28T10:19:31.927+0000] {taskinstance.py:1592} INFO - Exporting the following env vars:
AIRFLOW_CTX_DAG_OWNER=***
AIRFLOW_CTX_DAG_ID=parallel_dag
AIRFLOW_CTX_TASK_ID=extract_a
AIRFLOW_CTX_EXECUTION_DATE=2023-01-27T00:00:00+00:00
AIRFLOW_CTX_TRY_NUMBER=1
AIRFLOW_CTX_DAG_RUN_ID=scheduled__2023-01-27T00:00:00+00:00
[2023-01-28T10:19:31.930+0000] {subprocess.py:63} INFO - Tmp dir root location: 
 /tmp
[2023-01-28T10:19:31.931+0000] {subprocess.py:75} INFO - Running command: ['/bin/bash', '-c', 'sleep 10']
[2023-01-28T10:19:31.963+0000] {subprocess.py:86} INFO - Output:
[2023-01-28T10:19:41.973+0000] {subprocess.py:97} INFO - Command exited with return code 0
[2023-01-28T10:19:42.032+0000] {taskinstance.py:1406} INFO - Marking task as SUCCESS. dag_id=parallel_dag, task_id=extract_a, execution_date=20230127T000000, start_date=20230128T101931, end_date=20230128T101942
[2023-01-28T10:19:42.072+0000] {local_task_job.py:164} INFO - Task exited with return code 0
[2023-01-28T10:19:42.136+0000] {local_task_job.py:273} INFO - 1 downstream tasks scheduled from follow-on schedule check
