[2023-01-15T00:15:32.138+0000] {processor.py:154} INFO - Started process (PID=56) to work on /home/airflow/.local/lib/python3.7/site-packages/airflow/example_dags/example_complex.py
[2023-01-15T00:15:32.138+0000] {processor.py:756} INFO - Processing file /home/airflow/.local/lib/python3.7/site-packages/airflow/example_dags/example_complex.py for tasks to queue
[2023-01-15T00:15:32.139+0000] {logging_mixin.py:120} INFO - [2023-01-15T00:15:32.139+0000] {dagbag.py:537} INFO - Filling up the DagBag from /home/airflow/.local/lib/python3.7/site-packages/airflow/example_dags/example_complex.py
[2023-01-15T00:15:32.148+0000] {logging_mixin.py:120} INFO - [2023-01-15T00:15:32.148+0000] {taskmixin.py:205} WARNING - Dependency <Task(BashOperator): create_entry_group>, delete_entry_group already registered for DAG: example_complex
[2023-01-15T00:15:32.149+0000] {logging_mixin.py:120} INFO - [2023-01-15T00:15:32.148+0000] {taskmixin.py:205} WARNING - Dependency <Task(BashOperator): delete_entry_group>, create_entry_group already registered for DAG: example_complex
[2023-01-15T00:15:32.149+0000] {logging_mixin.py:120} INFO - [2023-01-15T00:15:32.149+0000] {taskmixin.py:205} WARNING - Dependency <Task(BashOperator): create_entry_gcs>, delete_entry already registered for DAG: example_complex
[2023-01-15T00:15:32.149+0000] {logging_mixin.py:120} INFO - [2023-01-15T00:15:32.149+0000] {taskmixin.py:205} WARNING - Dependency <Task(BashOperator): delete_entry>, create_entry_gcs already registered for DAG: example_complex
[2023-01-15T00:15:32.149+0000] {logging_mixin.py:120} INFO - [2023-01-15T00:15:32.149+0000] {taskmixin.py:205} WARNING - Dependency <Task(BashOperator): create_tag>, delete_tag already registered for DAG: example_complex
[2023-01-15T00:15:32.149+0000] {logging_mixin.py:120} INFO - [2023-01-15T00:15:32.149+0000] {taskmixin.py:205} WARNING - Dependency <Task(BashOperator): delete_tag>, create_tag already registered for DAG: example_complex
[2023-01-15T00:15:32.157+0000] {processor.py:766} INFO - DAG(s) dict_keys(['example_complex']) retrieved from /home/airflow/.local/lib/python3.7/site-packages/airflow/example_dags/example_complex.py
[2023-01-15T00:15:32.193+0000] {logging_mixin.py:120} INFO - [2023-01-15T00:15:32.192+0000] {dag.py:2585} INFO - Sync 1 DAGs
[2023-01-15T00:15:32.213+0000] {logging_mixin.py:120} INFO - [2023-01-15T00:15:32.213+0000] {dag.py:3340} INFO - Setting next_dagrun for example_complex to None, run_after=None
[2023-01-15T00:15:32.233+0000] {processor.py:176} INFO - Processing /home/airflow/.local/lib/python3.7/site-packages/airflow/example_dags/example_complex.py took 0.097 seconds
[2023-01-15T00:16:02.480+0000] {processor.py:154} INFO - Started process (PID=122) to work on /home/airflow/.local/lib/python3.7/site-packages/airflow/example_dags/example_complex.py
[2023-01-15T00:16:02.481+0000] {processor.py:756} INFO - Processing file /home/airflow/.local/lib/python3.7/site-packages/airflow/example_dags/example_complex.py for tasks to queue
[2023-01-15T00:16:02.481+0000] {logging_mixin.py:120} INFO - [2023-01-15T00:16:02.481+0000] {dagbag.py:537} INFO - Filling up the DagBag from /home/airflow/.local/lib/python3.7/site-packages/airflow/example_dags/example_complex.py
[2023-01-15T00:16:02.488+0000] {logging_mixin.py:120} INFO - [2023-01-15T00:16:02.488+0000] {taskmixin.py:205} WARNING - Dependency <Task(BashOperator): create_entry_group>, delete_entry_group already registered for DAG: example_complex
[2023-01-15T00:16:02.488+0000] {logging_mixin.py:120} INFO - [2023-01-15T00:16:02.488+0000] {taskmixin.py:205} WARNING - Dependency <Task(BashOperator): delete_entry_group>, create_entry_group already registered for DAG: example_complex
[2023-01-15T00:16:02.489+0000] {logging_mixin.py:120} INFO - [2023-01-15T00:16:02.489+0000] {taskmixin.py:205} WARNING - Dependency <Task(BashOperator): create_entry_gcs>, delete_entry already registered for DAG: example_complex
[2023-01-15T00:16:02.489+0000] {logging_mixin.py:120} INFO - [2023-01-15T00:16:02.489+0000] {taskmixin.py:205} WARNING - Dependency <Task(BashOperator): delete_entry>, create_entry_gcs already registered for DAG: example_complex
[2023-01-15T00:16:02.489+0000] {logging_mixin.py:120} INFO - [2023-01-15T00:16:02.489+0000] {taskmixin.py:205} WARNING - Dependency <Task(BashOperator): create_tag>, delete_tag already registered for DAG: example_complex
[2023-01-15T00:16:02.489+0000] {logging_mixin.py:120} INFO - [2023-01-15T00:16:02.489+0000] {taskmixin.py:205} WARNING - Dependency <Task(BashOperator): delete_tag>, create_tag already registered for DAG: example_complex
[2023-01-15T00:16:02.494+0000] {processor.py:766} INFO - DAG(s) dict_keys(['example_complex']) retrieved from /home/airflow/.local/lib/python3.7/site-packages/airflow/example_dags/example_complex.py
[2023-01-15T00:16:02.522+0000] {logging_mixin.py:120} INFO - [2023-01-15T00:16:02.521+0000] {dag.py:2585} INFO - Sync 1 DAGs
[2023-01-15T00:16:02.538+0000] {logging_mixin.py:120} INFO - [2023-01-15T00:16:02.537+0000] {dag.py:3340} INFO - Setting next_dagrun for example_complex to None, run_after=None
[2023-01-15T00:16:02.551+0000] {processor.py:176} INFO - Processing /home/airflow/.local/lib/python3.7/site-packages/airflow/example_dags/example_complex.py took 0.073 seconds
[2023-01-15T00:16:33.615+0000] {processor.py:154} INFO - Started process (PID=188) to work on /home/airflow/.local/lib/python3.7/site-packages/airflow/example_dags/example_complex.py
[2023-01-15T00:16:33.615+0000] {processor.py:756} INFO - Processing file /home/airflow/.local/lib/python3.7/site-packages/airflow/example_dags/example_complex.py for tasks to queue
[2023-01-15T00:16:33.616+0000] {logging_mixin.py:120} INFO - [2023-01-15T00:16:33.616+0000] {dagbag.py:537} INFO - Filling up the DagBag from /home/airflow/.local/lib/python3.7/site-packages/airflow/example_dags/example_complex.py
[2023-01-15T00:16:33.625+0000] {logging_mixin.py:120} INFO - [2023-01-15T00:16:33.625+0000] {taskmixin.py:205} WARNING - Dependency <Task(BashOperator): create_entry_group>, delete_entry_group already registered for DAG: example_complex
[2023-01-15T00:16:33.625+0000] {logging_mixin.py:120} INFO - [2023-01-15T00:16:33.625+0000] {taskmixin.py:205} WARNING - Dependency <Task(BashOperator): delete_entry_group>, create_entry_group already registered for DAG: example_complex
[2023-01-15T00:16:33.625+0000] {logging_mixin.py:120} INFO - [2023-01-15T00:16:33.625+0000] {taskmixin.py:205} WARNING - Dependency <Task(BashOperator): create_entry_gcs>, delete_entry already registered for DAG: example_complex
[2023-01-15T00:16:33.625+0000] {logging_mixin.py:120} INFO - [2023-01-15T00:16:33.625+0000] {taskmixin.py:205} WARNING - Dependency <Task(BashOperator): delete_entry>, create_entry_gcs already registered for DAG: example_complex
[2023-01-15T00:16:33.626+0000] {logging_mixin.py:120} INFO - [2023-01-15T00:16:33.626+0000] {taskmixin.py:205} WARNING - Dependency <Task(BashOperator): create_tag>, delete_tag already registered for DAG: example_complex
[2023-01-15T00:16:33.626+0000] {logging_mixin.py:120} INFO - [2023-01-15T00:16:33.626+0000] {taskmixin.py:205} WARNING - Dependency <Task(BashOperator): delete_tag>, create_tag already registered for DAG: example_complex
[2023-01-15T00:16:33.632+0000] {processor.py:766} INFO - DAG(s) dict_keys(['example_complex']) retrieved from /home/airflow/.local/lib/python3.7/site-packages/airflow/example_dags/example_complex.py
[2023-01-15T00:16:33.670+0000] {logging_mixin.py:120} INFO - [2023-01-15T00:16:33.670+0000] {dag.py:2585} INFO - Sync 1 DAGs
[2023-01-15T00:16:33.691+0000] {logging_mixin.py:120} INFO - [2023-01-15T00:16:33.691+0000] {dag.py:3340} INFO - Setting next_dagrun for example_complex to None, run_after=None
[2023-01-15T00:16:33.710+0000] {processor.py:176} INFO - Processing /home/airflow/.local/lib/python3.7/site-packages/airflow/example_dags/example_complex.py took 0.097 seconds
[2023-01-15T00:17:04.106+0000] {processor.py:154} INFO - Started process (PID=244) to work on /home/airflow/.local/lib/python3.7/site-packages/airflow/example_dags/example_complex.py
[2023-01-15T00:17:04.107+0000] {processor.py:756} INFO - Processing file /home/airflow/.local/lib/python3.7/site-packages/airflow/example_dags/example_complex.py for tasks to queue
[2023-01-15T00:17:04.108+0000] {logging_mixin.py:120} INFO - [2023-01-15T00:17:04.108+0000] {dagbag.py:537} INFO - Filling up the DagBag from /home/airflow/.local/lib/python3.7/site-packages/airflow/example_dags/example_complex.py
[2023-01-15T00:17:04.116+0000] {logging_mixin.py:120} INFO - [2023-01-15T00:17:04.116+0000] {taskmixin.py:205} WARNING - Dependency <Task(BashOperator): create_entry_group>, delete_entry_group already registered for DAG: example_complex
[2023-01-15T00:17:04.116+0000] {logging_mixin.py:120} INFO - [2023-01-15T00:17:04.116+0000] {taskmixin.py:205} WARNING - Dependency <Task(BashOperator): delete_entry_group>, create_entry_group already registered for DAG: example_complex
[2023-01-15T00:17:04.116+0000] {logging_mixin.py:120} INFO - [2023-01-15T00:17:04.116+0000] {taskmixin.py:205} WARNING - Dependency <Task(BashOperator): create_entry_gcs>, delete_entry already registered for DAG: example_complex
[2023-01-15T00:17:04.116+0000] {logging_mixin.py:120} INFO - [2023-01-15T00:17:04.116+0000] {taskmixin.py:205} WARNING - Dependency <Task(BashOperator): delete_entry>, create_entry_gcs already registered for DAG: example_complex
[2023-01-15T00:17:04.116+0000] {logging_mixin.py:120} INFO - [2023-01-15T00:17:04.116+0000] {taskmixin.py:205} WARNING - Dependency <Task(BashOperator): create_tag>, delete_tag already registered for DAG: example_complex
[2023-01-15T00:17:04.116+0000] {logging_mixin.py:120} INFO - [2023-01-15T00:17:04.116+0000] {taskmixin.py:205} WARNING - Dependency <Task(BashOperator): delete_tag>, create_tag already registered for DAG: example_complex
[2023-01-15T00:17:04.121+0000] {processor.py:766} INFO - DAG(s) dict_keys(['example_complex']) retrieved from /home/airflow/.local/lib/python3.7/site-packages/airflow/example_dags/example_complex.py
[2023-01-15T00:17:04.151+0000] {logging_mixin.py:120} INFO - [2023-01-15T00:17:04.151+0000] {dag.py:2585} INFO - Sync 1 DAGs
[2023-01-15T00:17:04.167+0000] {logging_mixin.py:120} INFO - [2023-01-15T00:17:04.167+0000] {dag.py:3340} INFO - Setting next_dagrun for example_complex to None, run_after=None
[2023-01-15T00:17:04.178+0000] {processor.py:176} INFO - Processing /home/airflow/.local/lib/python3.7/site-packages/airflow/example_dags/example_complex.py took 0.074 seconds
[2023-01-15T00:17:34.325+0000] {processor.py:154} INFO - Started process (PID=309) to work on /home/airflow/.local/lib/python3.7/site-packages/airflow/example_dags/example_complex.py
[2023-01-15T00:17:34.326+0000] {processor.py:756} INFO - Processing file /home/airflow/.local/lib/python3.7/site-packages/airflow/example_dags/example_complex.py for tasks to queue
[2023-01-15T00:17:34.326+0000] {logging_mixin.py:120} INFO - [2023-01-15T00:17:34.326+0000] {dagbag.py:537} INFO - Filling up the DagBag from /home/airflow/.local/lib/python3.7/site-packages/airflow/example_dags/example_complex.py
[2023-01-15T00:17:34.334+0000] {logging_mixin.py:120} INFO - [2023-01-15T00:17:34.333+0000] {taskmixin.py:205} WARNING - Dependency <Task(BashOperator): create_entry_group>, delete_entry_group already registered for DAG: example_complex
[2023-01-15T00:17:34.334+0000] {logging_mixin.py:120} INFO - [2023-01-15T00:17:34.334+0000] {taskmixin.py:205} WARNING - Dependency <Task(BashOperator): delete_entry_group>, create_entry_group already registered for DAG: example_complex
[2023-01-15T00:17:34.334+0000] {logging_mixin.py:120} INFO - [2023-01-15T00:17:34.334+0000] {taskmixin.py:205} WARNING - Dependency <Task(BashOperator): create_entry_gcs>, delete_entry already registered for DAG: example_complex
[2023-01-15T00:17:34.334+0000] {logging_mixin.py:120} INFO - [2023-01-15T00:17:34.334+0000] {taskmixin.py:205} WARNING - Dependency <Task(BashOperator): delete_entry>, create_entry_gcs already registered for DAG: example_complex
[2023-01-15T00:17:34.334+0000] {logging_mixin.py:120} INFO - [2023-01-15T00:17:34.334+0000] {taskmixin.py:205} WARNING - Dependency <Task(BashOperator): create_tag>, delete_tag already registered for DAG: example_complex
[2023-01-15T00:17:34.334+0000] {logging_mixin.py:120} INFO - [2023-01-15T00:17:34.334+0000] {taskmixin.py:205} WARNING - Dependency <Task(BashOperator): delete_tag>, create_tag already registered for DAG: example_complex
[2023-01-15T00:17:34.339+0000] {processor.py:766} INFO - DAG(s) dict_keys(['example_complex']) retrieved from /home/airflow/.local/lib/python3.7/site-packages/airflow/example_dags/example_complex.py
[2023-01-15T00:17:34.368+0000] {logging_mixin.py:120} INFO - [2023-01-15T00:17:34.368+0000] {dag.py:2585} INFO - Sync 1 DAGs
[2023-01-15T00:17:34.385+0000] {logging_mixin.py:120} INFO - [2023-01-15T00:17:34.385+0000] {dag.py:3340} INFO - Setting next_dagrun for example_complex to None, run_after=None
[2023-01-15T00:17:34.399+0000] {processor.py:176} INFO - Processing /home/airflow/.local/lib/python3.7/site-packages/airflow/example_dags/example_complex.py took 0.077 seconds
[2023-01-15T00:18:04.435+0000] {processor.py:154} INFO - Started process (PID=372) to work on /home/airflow/.local/lib/python3.7/site-packages/airflow/example_dags/example_complex.py
[2023-01-15T00:18:04.436+0000] {processor.py:756} INFO - Processing file /home/airflow/.local/lib/python3.7/site-packages/airflow/example_dags/example_complex.py for tasks to queue
[2023-01-15T00:18:04.436+0000] {logging_mixin.py:120} INFO - [2023-01-15T00:18:04.436+0000] {dagbag.py:537} INFO - Filling up the DagBag from /home/airflow/.local/lib/python3.7/site-packages/airflow/example_dags/example_complex.py
[2023-01-15T00:18:04.443+0000] {logging_mixin.py:120} INFO - [2023-01-15T00:18:04.443+0000] {taskmixin.py:205} WARNING - Dependency <Task(BashOperator): create_entry_group>, delete_entry_group already registered for DAG: example_complex
[2023-01-15T00:18:04.443+0000] {logging_mixin.py:120} INFO - [2023-01-15T00:18:04.443+0000] {taskmixin.py:205} WARNING - Dependency <Task(BashOperator): delete_entry_group>, create_entry_group already registered for DAG: example_complex
[2023-01-15T00:18:04.443+0000] {logging_mixin.py:120} INFO - [2023-01-15T00:18:04.443+0000] {taskmixin.py:205} WARNING - Dependency <Task(BashOperator): create_entry_gcs>, delete_entry already registered for DAG: example_complex
[2023-01-15T00:18:04.444+0000] {logging_mixin.py:120} INFO - [2023-01-15T00:18:04.443+0000] {taskmixin.py:205} WARNING - Dependency <Task(BashOperator): delete_entry>, create_entry_gcs already registered for DAG: example_complex
[2023-01-15T00:18:04.444+0000] {logging_mixin.py:120} INFO - [2023-01-15T00:18:04.444+0000] {taskmixin.py:205} WARNING - Dependency <Task(BashOperator): create_tag>, delete_tag already registered for DAG: example_complex
[2023-01-15T00:18:04.444+0000] {logging_mixin.py:120} INFO - [2023-01-15T00:18:04.444+0000] {taskmixin.py:205} WARNING - Dependency <Task(BashOperator): delete_tag>, create_tag already registered for DAG: example_complex
[2023-01-15T00:18:04.449+0000] {processor.py:766} INFO - DAG(s) dict_keys(['example_complex']) retrieved from /home/airflow/.local/lib/python3.7/site-packages/airflow/example_dags/example_complex.py
[2023-01-15T00:18:04.477+0000] {logging_mixin.py:120} INFO - [2023-01-15T00:18:04.476+0000] {dag.py:2585} INFO - Sync 1 DAGs
[2023-01-15T00:18:04.492+0000] {logging_mixin.py:120} INFO - [2023-01-15T00:18:04.492+0000] {dag.py:3340} INFO - Setting next_dagrun for example_complex to None, run_after=None
[2023-01-15T00:18:04.505+0000] {processor.py:176} INFO - Processing /home/airflow/.local/lib/python3.7/site-packages/airflow/example_dags/example_complex.py took 0.072 seconds
[2023-01-15T00:18:34.992+0000] {processor.py:154} INFO - Started process (PID=437) to work on /home/airflow/.local/lib/python3.7/site-packages/airflow/example_dags/example_complex.py
[2023-01-15T00:18:34.993+0000] {processor.py:756} INFO - Processing file /home/airflow/.local/lib/python3.7/site-packages/airflow/example_dags/example_complex.py for tasks to queue
[2023-01-15T00:18:34.993+0000] {logging_mixin.py:120} INFO - [2023-01-15T00:18:34.993+0000] {dagbag.py:537} INFO - Filling up the DagBag from /home/airflow/.local/lib/python3.7/site-packages/airflow/example_dags/example_complex.py
[2023-01-15T00:18:35.006+0000] {logging_mixin.py:120} INFO - [2023-01-15T00:18:35.006+0000] {taskmixin.py:205} WARNING - Dependency <Task(BashOperator): create_entry_group>, delete_entry_group already registered for DAG: example_complex
[2023-01-15T00:18:35.006+0000] {logging_mixin.py:120} INFO - [2023-01-15T00:18:35.006+0000] {taskmixin.py:205} WARNING - Dependency <Task(BashOperator): delete_entry_group>, create_entry_group already registered for DAG: example_complex
[2023-01-15T00:18:35.006+0000] {logging_mixin.py:120} INFO - [2023-01-15T00:18:35.006+0000] {taskmixin.py:205} WARNING - Dependency <Task(BashOperator): create_entry_gcs>, delete_entry already registered for DAG: example_complex
[2023-01-15T00:18:35.007+0000] {logging_mixin.py:120} INFO - [2023-01-15T00:18:35.006+0000] {taskmixin.py:205} WARNING - Dependency <Task(BashOperator): delete_entry>, create_entry_gcs already registered for DAG: example_complex
[2023-01-15T00:18:35.007+0000] {logging_mixin.py:120} INFO - [2023-01-15T00:18:35.007+0000] {taskmixin.py:205} WARNING - Dependency <Task(BashOperator): create_tag>, delete_tag already registered for DAG: example_complex
[2023-01-15T00:18:35.007+0000] {logging_mixin.py:120} INFO - [2023-01-15T00:18:35.007+0000] {taskmixin.py:205} WARNING - Dependency <Task(BashOperator): delete_tag>, create_tag already registered for DAG: example_complex
[2023-01-15T00:18:35.016+0000] {processor.py:766} INFO - DAG(s) dict_keys(['example_complex']) retrieved from /home/airflow/.local/lib/python3.7/site-packages/airflow/example_dags/example_complex.py
[2023-01-15T00:18:35.054+0000] {logging_mixin.py:120} INFO - [2023-01-15T00:18:35.053+0000] {dag.py:2585} INFO - Sync 1 DAGs
[2023-01-15T00:18:35.077+0000] {logging_mixin.py:120} INFO - [2023-01-15T00:18:35.076+0000] {dag.py:3340} INFO - Setting next_dagrun for example_complex to None, run_after=None
[2023-01-15T00:18:35.092+0000] {processor.py:176} INFO - Processing /home/airflow/.local/lib/python3.7/site-packages/airflow/example_dags/example_complex.py took 0.102 seconds
[2023-01-15T00:19:05.351+0000] {processor.py:154} INFO - Started process (PID=493) to work on /home/airflow/.local/lib/python3.7/site-packages/airflow/example_dags/example_complex.py
[2023-01-15T00:19:05.352+0000] {processor.py:756} INFO - Processing file /home/airflow/.local/lib/python3.7/site-packages/airflow/example_dags/example_complex.py for tasks to queue
[2023-01-15T00:19:05.352+0000] {logging_mixin.py:120} INFO - [2023-01-15T00:19:05.352+0000] {dagbag.py:537} INFO - Filling up the DagBag from /home/airflow/.local/lib/python3.7/site-packages/airflow/example_dags/example_complex.py
[2023-01-15T00:19:05.360+0000] {logging_mixin.py:120} INFO - [2023-01-15T00:19:05.360+0000] {taskmixin.py:205} WARNING - Dependency <Task(BashOperator): create_entry_group>, delete_entry_group already registered for DAG: example_complex
[2023-01-15T00:19:05.360+0000] {logging_mixin.py:120} INFO - [2023-01-15T00:19:05.360+0000] {taskmixin.py:205} WARNING - Dependency <Task(BashOperator): delete_entry_group>, create_entry_group already registered for DAG: example_complex
[2023-01-15T00:19:05.360+0000] {logging_mixin.py:120} INFO - [2023-01-15T00:19:05.360+0000] {taskmixin.py:205} WARNING - Dependency <Task(BashOperator): create_entry_gcs>, delete_entry already registered for DAG: example_complex
[2023-01-15T00:19:05.360+0000] {logging_mixin.py:120} INFO - [2023-01-15T00:19:05.360+0000] {taskmixin.py:205} WARNING - Dependency <Task(BashOperator): delete_entry>, create_entry_gcs already registered for DAG: example_complex
[2023-01-15T00:19:05.360+0000] {logging_mixin.py:120} INFO - [2023-01-15T00:19:05.360+0000] {taskmixin.py:205} WARNING - Dependency <Task(BashOperator): create_tag>, delete_tag already registered for DAG: example_complex
[2023-01-15T00:19:05.361+0000] {logging_mixin.py:120} INFO - [2023-01-15T00:19:05.360+0000] {taskmixin.py:205} WARNING - Dependency <Task(BashOperator): delete_tag>, create_tag already registered for DAG: example_complex
[2023-01-15T00:19:05.365+0000] {processor.py:766} INFO - DAG(s) dict_keys(['example_complex']) retrieved from /home/airflow/.local/lib/python3.7/site-packages/airflow/example_dags/example_complex.py
[2023-01-15T00:19:05.396+0000] {logging_mixin.py:120} INFO - [2023-01-15T00:19:05.395+0000] {dag.py:2585} INFO - Sync 1 DAGs
[2023-01-15T00:19:05.414+0000] {logging_mixin.py:120} INFO - [2023-01-15T00:19:05.414+0000] {dag.py:3340} INFO - Setting next_dagrun for example_complex to None, run_after=None
[2023-01-15T00:19:05.427+0000] {processor.py:176} INFO - Processing /home/airflow/.local/lib/python3.7/site-packages/airflow/example_dags/example_complex.py took 0.078 seconds
[2023-01-15T00:19:36.389+0000] {processor.py:154} INFO - Started process (PID=560) to work on /home/airflow/.local/lib/python3.7/site-packages/airflow/example_dags/example_complex.py
[2023-01-15T00:19:36.389+0000] {processor.py:756} INFO - Processing file /home/airflow/.local/lib/python3.7/site-packages/airflow/example_dags/example_complex.py for tasks to queue
[2023-01-15T00:19:36.390+0000] {logging_mixin.py:120} INFO - [2023-01-15T00:19:36.390+0000] {dagbag.py:537} INFO - Filling up the DagBag from /home/airflow/.local/lib/python3.7/site-packages/airflow/example_dags/example_complex.py
[2023-01-15T00:19:36.401+0000] {logging_mixin.py:120} INFO - [2023-01-15T00:19:36.401+0000] {taskmixin.py:205} WARNING - Dependency <Task(BashOperator): create_entry_group>, delete_entry_group already registered for DAG: example_complex
[2023-01-15T00:19:36.401+0000] {logging_mixin.py:120} INFO - [2023-01-15T00:19:36.401+0000] {taskmixin.py:205} WARNING - Dependency <Task(BashOperator): delete_entry_group>, create_entry_group already registered for DAG: example_complex
[2023-01-15T00:19:36.402+0000] {logging_mixin.py:120} INFO - [2023-01-15T00:19:36.402+0000] {taskmixin.py:205} WARNING - Dependency <Task(BashOperator): create_entry_gcs>, delete_entry already registered for DAG: example_complex
[2023-01-15T00:19:36.402+0000] {logging_mixin.py:120} INFO - [2023-01-15T00:19:36.402+0000] {taskmixin.py:205} WARNING - Dependency <Task(BashOperator): delete_entry>, create_entry_gcs already registered for DAG: example_complex
[2023-01-15T00:19:36.402+0000] {logging_mixin.py:120} INFO - [2023-01-15T00:19:36.402+0000] {taskmixin.py:205} WARNING - Dependency <Task(BashOperator): create_tag>, delete_tag already registered for DAG: example_complex
[2023-01-15T00:19:36.402+0000] {logging_mixin.py:120} INFO - [2023-01-15T00:19:36.402+0000] {taskmixin.py:205} WARNING - Dependency <Task(BashOperator): delete_tag>, create_tag already registered for DAG: example_complex
[2023-01-15T00:19:36.409+0000] {processor.py:766} INFO - DAG(s) dict_keys(['example_complex']) retrieved from /home/airflow/.local/lib/python3.7/site-packages/airflow/example_dags/example_complex.py
[2023-01-15T00:19:36.447+0000] {logging_mixin.py:120} INFO - [2023-01-15T00:19:36.447+0000] {dag.py:2585} INFO - Sync 1 DAGs
[2023-01-15T00:19:36.466+0000] {logging_mixin.py:120} INFO - [2023-01-15T00:19:36.466+0000] {dag.py:3340} INFO - Setting next_dagrun for example_complex to None, run_after=None
[2023-01-15T00:19:36.482+0000] {processor.py:176} INFO - Processing /home/airflow/.local/lib/python3.7/site-packages/airflow/example_dags/example_complex.py took 0.095 seconds
[2023-01-15T00:20:06.576+0000] {processor.py:154} INFO - Started process (PID=625) to work on /home/airflow/.local/lib/python3.7/site-packages/airflow/example_dags/example_complex.py
[2023-01-15T00:20:06.577+0000] {processor.py:756} INFO - Processing file /home/airflow/.local/lib/python3.7/site-packages/airflow/example_dags/example_complex.py for tasks to queue
[2023-01-15T00:20:06.577+0000] {logging_mixin.py:120} INFO - [2023-01-15T00:20:06.577+0000] {dagbag.py:537} INFO - Filling up the DagBag from /home/airflow/.local/lib/python3.7/site-packages/airflow/example_dags/example_complex.py
[2023-01-15T00:20:06.584+0000] {logging_mixin.py:120} INFO - [2023-01-15T00:20:06.584+0000] {taskmixin.py:205} WARNING - Dependency <Task(BashOperator): create_entry_group>, delete_entry_group already registered for DAG: example_complex
[2023-01-15T00:20:06.584+0000] {logging_mixin.py:120} INFO - [2023-01-15T00:20:06.584+0000] {taskmixin.py:205} WARNING - Dependency <Task(BashOperator): delete_entry_group>, create_entry_group already registered for DAG: example_complex
[2023-01-15T00:20:06.585+0000] {logging_mixin.py:120} INFO - [2023-01-15T00:20:06.585+0000] {taskmixin.py:205} WARNING - Dependency <Task(BashOperator): create_entry_gcs>, delete_entry already registered for DAG: example_complex
[2023-01-15T00:20:06.585+0000] {logging_mixin.py:120} INFO - [2023-01-15T00:20:06.585+0000] {taskmixin.py:205} WARNING - Dependency <Task(BashOperator): delete_entry>, create_entry_gcs already registered for DAG: example_complex
[2023-01-15T00:20:06.585+0000] {logging_mixin.py:120} INFO - [2023-01-15T00:20:06.585+0000] {taskmixin.py:205} WARNING - Dependency <Task(BashOperator): create_tag>, delete_tag already registered for DAG: example_complex
[2023-01-15T00:20:06.585+0000] {logging_mixin.py:120} INFO - [2023-01-15T00:20:06.585+0000] {taskmixin.py:205} WARNING - Dependency <Task(BashOperator): delete_tag>, create_tag already registered for DAG: example_complex
[2023-01-15T00:20:06.590+0000] {processor.py:766} INFO - DAG(s) dict_keys(['example_complex']) retrieved from /home/airflow/.local/lib/python3.7/site-packages/airflow/example_dags/example_complex.py
[2023-01-15T00:20:06.618+0000] {logging_mixin.py:120} INFO - [2023-01-15T00:20:06.618+0000] {dag.py:2585} INFO - Sync 1 DAGs
[2023-01-15T00:20:06.635+0000] {logging_mixin.py:120} INFO - [2023-01-15T00:20:06.635+0000] {dag.py:3340} INFO - Setting next_dagrun for example_complex to None, run_after=None
[2023-01-15T00:20:06.649+0000] {processor.py:176} INFO - Processing /home/airflow/.local/lib/python3.7/site-packages/airflow/example_dags/example_complex.py took 0.075 seconds
[2023-01-15T00:20:36.774+0000] {processor.py:154} INFO - Started process (PID=688) to work on /home/airflow/.local/lib/python3.7/site-packages/airflow/example_dags/example_complex.py
[2023-01-15T00:20:36.775+0000] {processor.py:756} INFO - Processing file /home/airflow/.local/lib/python3.7/site-packages/airflow/example_dags/example_complex.py for tasks to queue
[2023-01-15T00:20:36.775+0000] {logging_mixin.py:120} INFO - [2023-01-15T00:20:36.775+0000] {dagbag.py:537} INFO - Filling up the DagBag from /home/airflow/.local/lib/python3.7/site-packages/airflow/example_dags/example_complex.py
[2023-01-15T00:20:36.783+0000] {logging_mixin.py:120} INFO - [2023-01-15T00:20:36.783+0000] {taskmixin.py:205} WARNING - Dependency <Task(BashOperator): create_entry_group>, delete_entry_group already registered for DAG: example_complex
[2023-01-15T00:20:36.783+0000] {logging_mixin.py:120} INFO - [2023-01-15T00:20:36.783+0000] {taskmixin.py:205} WARNING - Dependency <Task(BashOperator): delete_entry_group>, create_entry_group already registered for DAG: example_complex
[2023-01-15T00:20:36.783+0000] {logging_mixin.py:120} INFO - [2023-01-15T00:20:36.783+0000] {taskmixin.py:205} WARNING - Dependency <Task(BashOperator): create_entry_gcs>, delete_entry already registered for DAG: example_complex
[2023-01-15T00:20:36.783+0000] {logging_mixin.py:120} INFO - [2023-01-15T00:20:36.783+0000] {taskmixin.py:205} WARNING - Dependency <Task(BashOperator): delete_entry>, create_entry_gcs already registered for DAG: example_complex
[2023-01-15T00:20:36.783+0000] {logging_mixin.py:120} INFO - [2023-01-15T00:20:36.783+0000] {taskmixin.py:205} WARNING - Dependency <Task(BashOperator): create_tag>, delete_tag already registered for DAG: example_complex
[2023-01-15T00:20:36.783+0000] {logging_mixin.py:120} INFO - [2023-01-15T00:20:36.783+0000] {taskmixin.py:205} WARNING - Dependency <Task(BashOperator): delete_tag>, create_tag already registered for DAG: example_complex
[2023-01-15T00:20:36.788+0000] {processor.py:766} INFO - DAG(s) dict_keys(['example_complex']) retrieved from /home/airflow/.local/lib/python3.7/site-packages/airflow/example_dags/example_complex.py
[2023-01-15T00:20:36.818+0000] {logging_mixin.py:120} INFO - [2023-01-15T00:20:36.818+0000] {dag.py:2585} INFO - Sync 1 DAGs
[2023-01-15T00:20:36.835+0000] {logging_mixin.py:120} INFO - [2023-01-15T00:20:36.834+0000] {dag.py:3340} INFO - Setting next_dagrun for example_complex to None, run_after=None
[2023-01-15T00:20:36.849+0000] {processor.py:176} INFO - Processing /home/airflow/.local/lib/python3.7/site-packages/airflow/example_dags/example_complex.py took 0.077 seconds
[2023-01-15T00:21:06.899+0000] {processor.py:154} INFO - Started process (PID=744) to work on /home/airflow/.local/lib/python3.7/site-packages/airflow/example_dags/example_complex.py
[2023-01-15T00:21:06.899+0000] {processor.py:756} INFO - Processing file /home/airflow/.local/lib/python3.7/site-packages/airflow/example_dags/example_complex.py for tasks to queue
[2023-01-15T00:21:06.900+0000] {logging_mixin.py:120} INFO - [2023-01-15T00:21:06.900+0000] {dagbag.py:537} INFO - Filling up the DagBag from /home/airflow/.local/lib/python3.7/site-packages/airflow/example_dags/example_complex.py
[2023-01-15T00:21:06.907+0000] {logging_mixin.py:120} INFO - [2023-01-15T00:21:06.907+0000] {taskmixin.py:205} WARNING - Dependency <Task(BashOperator): create_entry_group>, delete_entry_group already registered for DAG: example_complex
[2023-01-15T00:21:06.907+0000] {logging_mixin.py:120} INFO - [2023-01-15T00:21:06.907+0000] {taskmixin.py:205} WARNING - Dependency <Task(BashOperator): delete_entry_group>, create_entry_group already registered for DAG: example_complex
[2023-01-15T00:21:06.907+0000] {logging_mixin.py:120} INFO - [2023-01-15T00:21:06.907+0000] {taskmixin.py:205} WARNING - Dependency <Task(BashOperator): create_entry_gcs>, delete_entry already registered for DAG: example_complex
[2023-01-15T00:21:06.907+0000] {logging_mixin.py:120} INFO - [2023-01-15T00:21:06.907+0000] {taskmixin.py:205} WARNING - Dependency <Task(BashOperator): delete_entry>, create_entry_gcs already registered for DAG: example_complex
[2023-01-15T00:21:06.908+0000] {logging_mixin.py:120} INFO - [2023-01-15T00:21:06.907+0000] {taskmixin.py:205} WARNING - Dependency <Task(BashOperator): create_tag>, delete_tag already registered for DAG: example_complex
[2023-01-15T00:21:06.908+0000] {logging_mixin.py:120} INFO - [2023-01-15T00:21:06.908+0000] {taskmixin.py:205} WARNING - Dependency <Task(BashOperator): delete_tag>, create_tag already registered for DAG: example_complex
[2023-01-15T00:21:06.912+0000] {processor.py:766} INFO - DAG(s) dict_keys(['example_complex']) retrieved from /home/airflow/.local/lib/python3.7/site-packages/airflow/example_dags/example_complex.py
[2023-01-15T00:21:06.943+0000] {logging_mixin.py:120} INFO - [2023-01-15T00:21:06.943+0000] {dag.py:2585} INFO - Sync 1 DAGs
[2023-01-15T00:21:06.958+0000] {logging_mixin.py:120} INFO - [2023-01-15T00:21:06.957+0000] {dag.py:3340} INFO - Setting next_dagrun for example_complex to None, run_after=None
[2023-01-15T00:21:06.969+0000] {processor.py:176} INFO - Processing /home/airflow/.local/lib/python3.7/site-packages/airflow/example_dags/example_complex.py took 0.073 seconds
[2023-01-15T00:21:37.253+0000] {processor.py:154} INFO - Started process (PID=809) to work on /home/airflow/.local/lib/python3.7/site-packages/airflow/example_dags/example_complex.py
[2023-01-15T00:21:37.254+0000] {processor.py:756} INFO - Processing file /home/airflow/.local/lib/python3.7/site-packages/airflow/example_dags/example_complex.py for tasks to queue
[2023-01-15T00:21:37.254+0000] {logging_mixin.py:120} INFO - [2023-01-15T00:21:37.254+0000] {dagbag.py:537} INFO - Filling up the DagBag from /home/airflow/.local/lib/python3.7/site-packages/airflow/example_dags/example_complex.py
[2023-01-15T00:21:37.262+0000] {logging_mixin.py:120} INFO - [2023-01-15T00:21:37.262+0000] {taskmixin.py:205} WARNING - Dependency <Task(BashOperator): create_entry_group>, delete_entry_group already registered for DAG: example_complex
[2023-01-15T00:21:37.262+0000] {logging_mixin.py:120} INFO - [2023-01-15T00:21:37.262+0000] {taskmixin.py:205} WARNING - Dependency <Task(BashOperator): delete_entry_group>, create_entry_group already registered for DAG: example_complex
[2023-01-15T00:21:37.262+0000] {logging_mixin.py:120} INFO - [2023-01-15T00:21:37.262+0000] {taskmixin.py:205} WARNING - Dependency <Task(BashOperator): create_entry_gcs>, delete_entry already registered for DAG: example_complex
[2023-01-15T00:21:37.262+0000] {logging_mixin.py:120} INFO - [2023-01-15T00:21:37.262+0000] {taskmixin.py:205} WARNING - Dependency <Task(BashOperator): delete_entry>, create_entry_gcs already registered for DAG: example_complex
[2023-01-15T00:21:37.262+0000] {logging_mixin.py:120} INFO - [2023-01-15T00:21:37.262+0000] {taskmixin.py:205} WARNING - Dependency <Task(BashOperator): create_tag>, delete_tag already registered for DAG: example_complex
[2023-01-15T00:21:37.263+0000] {logging_mixin.py:120} INFO - [2023-01-15T00:21:37.262+0000] {taskmixin.py:205} WARNING - Dependency <Task(BashOperator): delete_tag>, create_tag already registered for DAG: example_complex
[2023-01-15T00:21:37.267+0000] {processor.py:766} INFO - DAG(s) dict_keys(['example_complex']) retrieved from /home/airflow/.local/lib/python3.7/site-packages/airflow/example_dags/example_complex.py
[2023-01-15T00:21:37.296+0000] {logging_mixin.py:120} INFO - [2023-01-15T00:21:37.296+0000] {dag.py:2585} INFO - Sync 1 DAGs
[2023-01-15T00:21:37.315+0000] {logging_mixin.py:120} INFO - [2023-01-15T00:21:37.315+0000] {dag.py:3340} INFO - Setting next_dagrun for example_complex to None, run_after=None
[2023-01-15T00:21:37.328+0000] {processor.py:176} INFO - Processing /home/airflow/.local/lib/python3.7/site-packages/airflow/example_dags/example_complex.py took 0.077 seconds
[2023-01-15T00:22:07.680+0000] {processor.py:154} INFO - Started process (PID=876) to work on /home/airflow/.local/lib/python3.7/site-packages/airflow/example_dags/example_complex.py
[2023-01-15T00:22:07.681+0000] {processor.py:756} INFO - Processing file /home/airflow/.local/lib/python3.7/site-packages/airflow/example_dags/example_complex.py for tasks to queue
[2023-01-15T00:22:07.682+0000] {logging_mixin.py:120} INFO - [2023-01-15T00:22:07.682+0000] {dagbag.py:537} INFO - Filling up the DagBag from /home/airflow/.local/lib/python3.7/site-packages/airflow/example_dags/example_complex.py
[2023-01-15T00:22:07.690+0000] {logging_mixin.py:120} INFO - [2023-01-15T00:22:07.690+0000] {taskmixin.py:205} WARNING - Dependency <Task(BashOperator): create_entry_group>, delete_entry_group already registered for DAG: example_complex
[2023-01-15T00:22:07.690+0000] {logging_mixin.py:120} INFO - [2023-01-15T00:22:07.690+0000] {taskmixin.py:205} WARNING - Dependency <Task(BashOperator): delete_entry_group>, create_entry_group already registered for DAG: example_complex
[2023-01-15T00:22:07.690+0000] {logging_mixin.py:120} INFO - [2023-01-15T00:22:07.690+0000] {taskmixin.py:205} WARNING - Dependency <Task(BashOperator): create_entry_gcs>, delete_entry already registered for DAG: example_complex
[2023-01-15T00:22:07.690+0000] {logging_mixin.py:120} INFO - [2023-01-15T00:22:07.690+0000] {taskmixin.py:205} WARNING - Dependency <Task(BashOperator): delete_entry>, create_entry_gcs already registered for DAG: example_complex
[2023-01-15T00:22:07.691+0000] {logging_mixin.py:120} INFO - [2023-01-15T00:22:07.691+0000] {taskmixin.py:205} WARNING - Dependency <Task(BashOperator): create_tag>, delete_tag already registered for DAG: example_complex
[2023-01-15T00:22:07.691+0000] {logging_mixin.py:120} INFO - [2023-01-15T00:22:07.691+0000] {taskmixin.py:205} WARNING - Dependency <Task(BashOperator): delete_tag>, create_tag already registered for DAG: example_complex
[2023-01-15T00:22:07.697+0000] {processor.py:766} INFO - DAG(s) dict_keys(['example_complex']) retrieved from /home/airflow/.local/lib/python3.7/site-packages/airflow/example_dags/example_complex.py
[2023-01-15T00:22:07.729+0000] {logging_mixin.py:120} INFO - [2023-01-15T00:22:07.728+0000] {dag.py:2585} INFO - Sync 1 DAGs
[2023-01-15T00:22:07.747+0000] {logging_mixin.py:120} INFO - [2023-01-15T00:22:07.747+0000] {dag.py:3340} INFO - Setting next_dagrun for example_complex to None, run_after=None
[2023-01-15T00:22:07.763+0000] {processor.py:176} INFO - Processing /home/airflow/.local/lib/python3.7/site-packages/airflow/example_dags/example_complex.py took 0.085 seconds
[2023-01-15T00:22:37.911+0000] {processor.py:154} INFO - Started process (PID=941) to work on /home/airflow/.local/lib/python3.7/site-packages/airflow/example_dags/example_complex.py
[2023-01-15T00:22:37.911+0000] {processor.py:756} INFO - Processing file /home/airflow/.local/lib/python3.7/site-packages/airflow/example_dags/example_complex.py for tasks to queue
[2023-01-15T00:22:37.912+0000] {logging_mixin.py:120} INFO - [2023-01-15T00:22:37.912+0000] {dagbag.py:537} INFO - Filling up the DagBag from /home/airflow/.local/lib/python3.7/site-packages/airflow/example_dags/example_complex.py
[2023-01-15T00:22:37.919+0000] {logging_mixin.py:120} INFO - [2023-01-15T00:22:37.919+0000] {taskmixin.py:205} WARNING - Dependency <Task(BashOperator): create_entry_group>, delete_entry_group already registered for DAG: example_complex
[2023-01-15T00:22:37.919+0000] {logging_mixin.py:120} INFO - [2023-01-15T00:22:37.919+0000] {taskmixin.py:205} WARNING - Dependency <Task(BashOperator): delete_entry_group>, create_entry_group already registered for DAG: example_complex
[2023-01-15T00:22:37.920+0000] {logging_mixin.py:120} INFO - [2023-01-15T00:22:37.919+0000] {taskmixin.py:205} WARNING - Dependency <Task(BashOperator): create_entry_gcs>, delete_entry already registered for DAG: example_complex
[2023-01-15T00:22:37.920+0000] {logging_mixin.py:120} INFO - [2023-01-15T00:22:37.920+0000] {taskmixin.py:205} WARNING - Dependency <Task(BashOperator): delete_entry>, create_entry_gcs already registered for DAG: example_complex
[2023-01-15T00:22:37.920+0000] {logging_mixin.py:120} INFO - [2023-01-15T00:22:37.920+0000] {taskmixin.py:205} WARNING - Dependency <Task(BashOperator): create_tag>, delete_tag already registered for DAG: example_complex
[2023-01-15T00:22:37.920+0000] {logging_mixin.py:120} INFO - [2023-01-15T00:22:37.920+0000] {taskmixin.py:205} WARNING - Dependency <Task(BashOperator): delete_tag>, create_tag already registered for DAG: example_complex
[2023-01-15T00:22:37.925+0000] {processor.py:766} INFO - DAG(s) dict_keys(['example_complex']) retrieved from /home/airflow/.local/lib/python3.7/site-packages/airflow/example_dags/example_complex.py
[2023-01-15T00:22:37.955+0000] {logging_mixin.py:120} INFO - [2023-01-15T00:22:37.955+0000] {dag.py:2585} INFO - Sync 1 DAGs
[2023-01-15T00:22:37.972+0000] {logging_mixin.py:120} INFO - [2023-01-15T00:22:37.972+0000] {dag.py:3340} INFO - Setting next_dagrun for example_complex to None, run_after=None
[2023-01-15T00:22:37.986+0000] {processor.py:176} INFO - Processing /home/airflow/.local/lib/python3.7/site-packages/airflow/example_dags/example_complex.py took 0.077 seconds
[2023-01-15T00:23:08.109+0000] {processor.py:154} INFO - Started process (PID=997) to work on /home/airflow/.local/lib/python3.7/site-packages/airflow/example_dags/example_complex.py
[2023-01-15T00:23:08.110+0000] {processor.py:756} INFO - Processing file /home/airflow/.local/lib/python3.7/site-packages/airflow/example_dags/example_complex.py for tasks to queue
[2023-01-15T00:23:08.110+0000] {logging_mixin.py:120} INFO - [2023-01-15T00:23:08.110+0000] {dagbag.py:537} INFO - Filling up the DagBag from /home/airflow/.local/lib/python3.7/site-packages/airflow/example_dags/example_complex.py
[2023-01-15T00:23:08.118+0000] {logging_mixin.py:120} INFO - [2023-01-15T00:23:08.118+0000] {taskmixin.py:205} WARNING - Dependency <Task(BashOperator): create_entry_group>, delete_entry_group already registered for DAG: example_complex
[2023-01-15T00:23:08.119+0000] {logging_mixin.py:120} INFO - [2023-01-15T00:23:08.119+0000] {taskmixin.py:205} WARNING - Dependency <Task(BashOperator): delete_entry_group>, create_entry_group already registered for DAG: example_complex
[2023-01-15T00:23:08.119+0000] {logging_mixin.py:120} INFO - [2023-01-15T00:23:08.119+0000] {taskmixin.py:205} WARNING - Dependency <Task(BashOperator): create_entry_gcs>, delete_entry already registered for DAG: example_complex
[2023-01-15T00:23:08.119+0000] {logging_mixin.py:120} INFO - [2023-01-15T00:23:08.119+0000] {taskmixin.py:205} WARNING - Dependency <Task(BashOperator): delete_entry>, create_entry_gcs already registered for DAG: example_complex
[2023-01-15T00:23:08.119+0000] {logging_mixin.py:120} INFO - [2023-01-15T00:23:08.119+0000] {taskmixin.py:205} WARNING - Dependency <Task(BashOperator): create_tag>, delete_tag already registered for DAG: example_complex
[2023-01-15T00:23:08.119+0000] {logging_mixin.py:120} INFO - [2023-01-15T00:23:08.119+0000] {taskmixin.py:205} WARNING - Dependency <Task(BashOperator): delete_tag>, create_tag already registered for DAG: example_complex
[2023-01-15T00:23:08.125+0000] {processor.py:766} INFO - DAG(s) dict_keys(['example_complex']) retrieved from /home/airflow/.local/lib/python3.7/site-packages/airflow/example_dags/example_complex.py
[2023-01-15T00:23:08.168+0000] {logging_mixin.py:120} INFO - [2023-01-15T00:23:08.168+0000] {dag.py:2585} INFO - Sync 1 DAGs
[2023-01-15T00:23:08.184+0000] {logging_mixin.py:120} INFO - [2023-01-15T00:23:08.184+0000] {dag.py:3340} INFO - Setting next_dagrun for example_complex to None, run_after=None
[2023-01-15T00:23:08.196+0000] {processor.py:176} INFO - Processing /home/airflow/.local/lib/python3.7/site-packages/airflow/example_dags/example_complex.py took 0.088 seconds
[2023-01-15T00:23:38.215+0000] {processor.py:154} INFO - Started process (PID=1061) to work on /home/airflow/.local/lib/python3.7/site-packages/airflow/example_dags/example_complex.py
[2023-01-15T00:23:38.215+0000] {processor.py:756} INFO - Processing file /home/airflow/.local/lib/python3.7/site-packages/airflow/example_dags/example_complex.py for tasks to queue
[2023-01-15T00:23:38.216+0000] {logging_mixin.py:120} INFO - [2023-01-15T00:23:38.216+0000] {dagbag.py:537} INFO - Filling up the DagBag from /home/airflow/.local/lib/python3.7/site-packages/airflow/example_dags/example_complex.py
[2023-01-15T00:23:38.223+0000] {logging_mixin.py:120} INFO - [2023-01-15T00:23:38.223+0000] {taskmixin.py:205} WARNING - Dependency <Task(BashOperator): create_entry_group>, delete_entry_group already registered for DAG: example_complex
[2023-01-15T00:23:38.223+0000] {logging_mixin.py:120} INFO - [2023-01-15T00:23:38.223+0000] {taskmixin.py:205} WARNING - Dependency <Task(BashOperator): delete_entry_group>, create_entry_group already registered for DAG: example_complex
[2023-01-15T00:23:38.223+0000] {logging_mixin.py:120} INFO - [2023-01-15T00:23:38.223+0000] {taskmixin.py:205} WARNING - Dependency <Task(BashOperator): create_entry_gcs>, delete_entry already registered for DAG: example_complex
[2023-01-15T00:23:38.223+0000] {logging_mixin.py:120} INFO - [2023-01-15T00:23:38.223+0000] {taskmixin.py:205} WARNING - Dependency <Task(BashOperator): delete_entry>, create_entry_gcs already registered for DAG: example_complex
[2023-01-15T00:23:38.223+0000] {logging_mixin.py:120} INFO - [2023-01-15T00:23:38.223+0000] {taskmixin.py:205} WARNING - Dependency <Task(BashOperator): create_tag>, delete_tag already registered for DAG: example_complex
[2023-01-15T00:23:38.223+0000] {logging_mixin.py:120} INFO - [2023-01-15T00:23:38.223+0000] {taskmixin.py:205} WARNING - Dependency <Task(BashOperator): delete_tag>, create_tag already registered for DAG: example_complex
[2023-01-15T00:23:38.228+0000] {processor.py:766} INFO - DAG(s) dict_keys(['example_complex']) retrieved from /home/airflow/.local/lib/python3.7/site-packages/airflow/example_dags/example_complex.py
[2023-01-15T00:23:38.255+0000] {logging_mixin.py:120} INFO - [2023-01-15T00:23:38.255+0000] {dag.py:2585} INFO - Sync 1 DAGs
[2023-01-15T00:23:38.272+0000] {logging_mixin.py:120} INFO - [2023-01-15T00:23:38.272+0000] {dag.py:3340} INFO - Setting next_dagrun for example_complex to None, run_after=None
[2023-01-15T00:23:38.284+0000] {processor.py:176} INFO - Processing /home/airflow/.local/lib/python3.7/site-packages/airflow/example_dags/example_complex.py took 0.071 seconds
[2023-01-15T00:24:08.554+0000] {processor.py:154} INFO - Started process (PID=1126) to work on /home/airflow/.local/lib/python3.7/site-packages/airflow/example_dags/example_complex.py
[2023-01-15T00:24:08.554+0000] {processor.py:756} INFO - Processing file /home/airflow/.local/lib/python3.7/site-packages/airflow/example_dags/example_complex.py for tasks to queue
[2023-01-15T00:24:08.555+0000] {logging_mixin.py:120} INFO - [2023-01-15T00:24:08.555+0000] {dagbag.py:537} INFO - Filling up the DagBag from /home/airflow/.local/lib/python3.7/site-packages/airflow/example_dags/example_complex.py
[2023-01-15T00:24:08.562+0000] {logging_mixin.py:120} INFO - [2023-01-15T00:24:08.562+0000] {taskmixin.py:205} WARNING - Dependency <Task(BashOperator): create_entry_group>, delete_entry_group already registered for DAG: example_complex
[2023-01-15T00:24:08.562+0000] {logging_mixin.py:120} INFO - [2023-01-15T00:24:08.562+0000] {taskmixin.py:205} WARNING - Dependency <Task(BashOperator): delete_entry_group>, create_entry_group already registered for DAG: example_complex
[2023-01-15T00:24:08.563+0000] {logging_mixin.py:120} INFO - [2023-01-15T00:24:08.563+0000] {taskmixin.py:205} WARNING - Dependency <Task(BashOperator): create_entry_gcs>, delete_entry already registered for DAG: example_complex
[2023-01-15T00:24:08.563+0000] {logging_mixin.py:120} INFO - [2023-01-15T00:24:08.563+0000] {taskmixin.py:205} WARNING - Dependency <Task(BashOperator): delete_entry>, create_entry_gcs already registered for DAG: example_complex
[2023-01-15T00:24:08.563+0000] {logging_mixin.py:120} INFO - [2023-01-15T00:24:08.563+0000] {taskmixin.py:205} WARNING - Dependency <Task(BashOperator): create_tag>, delete_tag already registered for DAG: example_complex
[2023-01-15T00:24:08.563+0000] {logging_mixin.py:120} INFO - [2023-01-15T00:24:08.563+0000] {taskmixin.py:205} WARNING - Dependency <Task(BashOperator): delete_tag>, create_tag already registered for DAG: example_complex
[2023-01-15T00:24:08.568+0000] {processor.py:766} INFO - DAG(s) dict_keys(['example_complex']) retrieved from /home/airflow/.local/lib/python3.7/site-packages/airflow/example_dags/example_complex.py
[2023-01-15T00:24:08.598+0000] {logging_mixin.py:120} INFO - [2023-01-15T00:24:08.597+0000] {dag.py:2585} INFO - Sync 1 DAGs
[2023-01-15T00:24:08.614+0000] {logging_mixin.py:120} INFO - [2023-01-15T00:24:08.613+0000] {dag.py:3340} INFO - Setting next_dagrun for example_complex to None, run_after=None
[2023-01-15T00:24:08.628+0000] {processor.py:176} INFO - Processing /home/airflow/.local/lib/python3.7/site-packages/airflow/example_dags/example_complex.py took 0.076 seconds
[2023-01-15T00:24:38.736+0000] {processor.py:154} INFO - Started process (PID=1191) to work on /home/airflow/.local/lib/python3.7/site-packages/airflow/example_dags/example_complex.py
[2023-01-15T00:24:38.737+0000] {processor.py:756} INFO - Processing file /home/airflow/.local/lib/python3.7/site-packages/airflow/example_dags/example_complex.py for tasks to queue
[2023-01-15T00:24:38.738+0000] {logging_mixin.py:120} INFO - [2023-01-15T00:24:38.738+0000] {dagbag.py:537} INFO - Filling up the DagBag from /home/airflow/.local/lib/python3.7/site-packages/airflow/example_dags/example_complex.py
[2023-01-15T00:24:38.746+0000] {logging_mixin.py:120} INFO - [2023-01-15T00:24:38.746+0000] {taskmixin.py:205} WARNING - Dependency <Task(BashOperator): create_entry_group>, delete_entry_group already registered for DAG: example_complex
[2023-01-15T00:24:38.747+0000] {logging_mixin.py:120} INFO - [2023-01-15T00:24:38.746+0000] {taskmixin.py:205} WARNING - Dependency <Task(BashOperator): delete_entry_group>, create_entry_group already registered for DAG: example_complex
[2023-01-15T00:24:38.747+0000] {logging_mixin.py:120} INFO - [2023-01-15T00:24:38.747+0000] {taskmixin.py:205} WARNING - Dependency <Task(BashOperator): create_entry_gcs>, delete_entry already registered for DAG: example_complex
[2023-01-15T00:24:38.747+0000] {logging_mixin.py:120} INFO - [2023-01-15T00:24:38.747+0000] {taskmixin.py:205} WARNING - Dependency <Task(BashOperator): delete_entry>, create_entry_gcs already registered for DAG: example_complex
[2023-01-15T00:24:38.747+0000] {logging_mixin.py:120} INFO - [2023-01-15T00:24:38.747+0000] {taskmixin.py:205} WARNING - Dependency <Task(BashOperator): create_tag>, delete_tag already registered for DAG: example_complex
[2023-01-15T00:24:38.747+0000] {logging_mixin.py:120} INFO - [2023-01-15T00:24:38.747+0000] {taskmixin.py:205} WARNING - Dependency <Task(BashOperator): delete_tag>, create_tag already registered for DAG: example_complex
[2023-01-15T00:24:38.752+0000] {processor.py:766} INFO - DAG(s) dict_keys(['example_complex']) retrieved from /home/airflow/.local/lib/python3.7/site-packages/airflow/example_dags/example_complex.py
[2023-01-15T00:24:38.786+0000] {logging_mixin.py:120} INFO - [2023-01-15T00:24:38.786+0000] {dag.py:2585} INFO - Sync 1 DAGs
[2023-01-15T00:24:38.804+0000] {logging_mixin.py:120} INFO - [2023-01-15T00:24:38.804+0000] {dag.py:3340} INFO - Setting next_dagrun for example_complex to None, run_after=None
[2023-01-15T00:24:38.820+0000] {processor.py:176} INFO - Processing /home/airflow/.local/lib/python3.7/site-packages/airflow/example_dags/example_complex.py took 0.086 seconds
[2023-01-15T00:25:08.903+0000] {processor.py:154} INFO - Started process (PID=1247) to work on /home/airflow/.local/lib/python3.7/site-packages/airflow/example_dags/example_complex.py
[2023-01-15T00:25:08.903+0000] {processor.py:756} INFO - Processing file /home/airflow/.local/lib/python3.7/site-packages/airflow/example_dags/example_complex.py for tasks to queue
[2023-01-15T00:25:08.903+0000] {logging_mixin.py:120} INFO - [2023-01-15T00:25:08.903+0000] {dagbag.py:537} INFO - Filling up the DagBag from /home/airflow/.local/lib/python3.7/site-packages/airflow/example_dags/example_complex.py
[2023-01-15T00:25:08.911+0000] {logging_mixin.py:120} INFO - [2023-01-15T00:25:08.911+0000] {taskmixin.py:205} WARNING - Dependency <Task(BashOperator): create_entry_group>, delete_entry_group already registered for DAG: example_complex
[2023-01-15T00:25:08.911+0000] {logging_mixin.py:120} INFO - [2023-01-15T00:25:08.911+0000] {taskmixin.py:205} WARNING - Dependency <Task(BashOperator): delete_entry_group>, create_entry_group already registered for DAG: example_complex
[2023-01-15T00:25:08.911+0000] {logging_mixin.py:120} INFO - [2023-01-15T00:25:08.911+0000] {taskmixin.py:205} WARNING - Dependency <Task(BashOperator): create_entry_gcs>, delete_entry already registered for DAG: example_complex
[2023-01-15T00:25:08.911+0000] {logging_mixin.py:120} INFO - [2023-01-15T00:25:08.911+0000] {taskmixin.py:205} WARNING - Dependency <Task(BashOperator): delete_entry>, create_entry_gcs already registered for DAG: example_complex
[2023-01-15T00:25:08.912+0000] {logging_mixin.py:120} INFO - [2023-01-15T00:25:08.912+0000] {taskmixin.py:205} WARNING - Dependency <Task(BashOperator): create_tag>, delete_tag already registered for DAG: example_complex
[2023-01-15T00:25:08.912+0000] {logging_mixin.py:120} INFO - [2023-01-15T00:25:08.912+0000] {taskmixin.py:205} WARNING - Dependency <Task(BashOperator): delete_tag>, create_tag already registered for DAG: example_complex
[2023-01-15T00:25:08.917+0000] {processor.py:766} INFO - DAG(s) dict_keys(['example_complex']) retrieved from /home/airflow/.local/lib/python3.7/site-packages/airflow/example_dags/example_complex.py
[2023-01-15T00:25:08.946+0000] {logging_mixin.py:120} INFO - [2023-01-15T00:25:08.946+0000] {dag.py:2585} INFO - Sync 1 DAGs
[2023-01-15T00:25:08.961+0000] {logging_mixin.py:120} INFO - [2023-01-15T00:25:08.961+0000] {dag.py:3340} INFO - Setting next_dagrun for example_complex to None, run_after=None
[2023-01-15T00:25:08.974+0000] {processor.py:176} INFO - Processing /home/airflow/.local/lib/python3.7/site-packages/airflow/example_dags/example_complex.py took 0.073 seconds
[2023-01-15T00:25:39.974+0000] {processor.py:154} INFO - Started process (PID=1311) to work on /home/airflow/.local/lib/python3.7/site-packages/airflow/example_dags/example_complex.py
[2023-01-15T00:25:39.974+0000] {processor.py:756} INFO - Processing file /home/airflow/.local/lib/python3.7/site-packages/airflow/example_dags/example_complex.py for tasks to queue
[2023-01-15T00:25:39.974+0000] {logging_mixin.py:120} INFO - [2023-01-15T00:25:39.974+0000] {dagbag.py:537} INFO - Filling up the DagBag from /home/airflow/.local/lib/python3.7/site-packages/airflow/example_dags/example_complex.py
[2023-01-15T00:25:39.981+0000] {logging_mixin.py:120} INFO - [2023-01-15T00:25:39.981+0000] {taskmixin.py:205} WARNING - Dependency <Task(BashOperator): create_entry_group>, delete_entry_group already registered for DAG: example_complex
[2023-01-15T00:25:39.981+0000] {logging_mixin.py:120} INFO - [2023-01-15T00:25:39.981+0000] {taskmixin.py:205} WARNING - Dependency <Task(BashOperator): delete_entry_group>, create_entry_group already registered for DAG: example_complex
[2023-01-15T00:25:39.982+0000] {logging_mixin.py:120} INFO - [2023-01-15T00:25:39.981+0000] {taskmixin.py:205} WARNING - Dependency <Task(BashOperator): create_entry_gcs>, delete_entry already registered for DAG: example_complex
[2023-01-15T00:25:39.982+0000] {logging_mixin.py:120} INFO - [2023-01-15T00:25:39.982+0000] {taskmixin.py:205} WARNING - Dependency <Task(BashOperator): delete_entry>, create_entry_gcs already registered for DAG: example_complex
[2023-01-15T00:25:39.982+0000] {logging_mixin.py:120} INFO - [2023-01-15T00:25:39.982+0000] {taskmixin.py:205} WARNING - Dependency <Task(BashOperator): create_tag>, delete_tag already registered for DAG: example_complex
[2023-01-15T00:25:39.982+0000] {logging_mixin.py:120} INFO - [2023-01-15T00:25:39.982+0000] {taskmixin.py:205} WARNING - Dependency <Task(BashOperator): delete_tag>, create_tag already registered for DAG: example_complex
[2023-01-15T00:25:39.986+0000] {processor.py:766} INFO - DAG(s) dict_keys(['example_complex']) retrieved from /home/airflow/.local/lib/python3.7/site-packages/airflow/example_dags/example_complex.py
[2023-01-15T00:25:40.015+0000] {logging_mixin.py:120} INFO - [2023-01-15T00:25:40.015+0000] {dag.py:2585} INFO - Sync 1 DAGs
[2023-01-15T00:25:40.032+0000] {logging_mixin.py:120} INFO - [2023-01-15T00:25:40.032+0000] {dag.py:3340} INFO - Setting next_dagrun for example_complex to None, run_after=None
[2023-01-15T00:25:40.045+0000] {processor.py:176} INFO - Processing /home/airflow/.local/lib/python3.7/site-packages/airflow/example_dags/example_complex.py took 0.073 seconds
[2023-01-15T00:26:10.101+0000] {processor.py:154} INFO - Started process (PID=1376) to work on /home/airflow/.local/lib/python3.7/site-packages/airflow/example_dags/example_complex.py
[2023-01-15T00:26:10.101+0000] {processor.py:756} INFO - Processing file /home/airflow/.local/lib/python3.7/site-packages/airflow/example_dags/example_complex.py for tasks to queue
[2023-01-15T00:26:10.102+0000] {logging_mixin.py:120} INFO - [2023-01-15T00:26:10.102+0000] {dagbag.py:537} INFO - Filling up the DagBag from /home/airflow/.local/lib/python3.7/site-packages/airflow/example_dags/example_complex.py
[2023-01-15T00:26:10.109+0000] {logging_mixin.py:120} INFO - [2023-01-15T00:26:10.108+0000] {taskmixin.py:205} WARNING - Dependency <Task(BashOperator): create_entry_group>, delete_entry_group already registered for DAG: example_complex
[2023-01-15T00:26:10.109+0000] {logging_mixin.py:120} INFO - [2023-01-15T00:26:10.109+0000] {taskmixin.py:205} WARNING - Dependency <Task(BashOperator): delete_entry_group>, create_entry_group already registered for DAG: example_complex
[2023-01-15T00:26:10.109+0000] {logging_mixin.py:120} INFO - [2023-01-15T00:26:10.109+0000] {taskmixin.py:205} WARNING - Dependency <Task(BashOperator): create_entry_gcs>, delete_entry already registered for DAG: example_complex
[2023-01-15T00:26:10.109+0000] {logging_mixin.py:120} INFO - [2023-01-15T00:26:10.109+0000] {taskmixin.py:205} WARNING - Dependency <Task(BashOperator): delete_entry>, create_entry_gcs already registered for DAG: example_complex
[2023-01-15T00:26:10.109+0000] {logging_mixin.py:120} INFO - [2023-01-15T00:26:10.109+0000] {taskmixin.py:205} WARNING - Dependency <Task(BashOperator): create_tag>, delete_tag already registered for DAG: example_complex
[2023-01-15T00:26:10.109+0000] {logging_mixin.py:120} INFO - [2023-01-15T00:26:10.109+0000] {taskmixin.py:205} WARNING - Dependency <Task(BashOperator): delete_tag>, create_tag already registered for DAG: example_complex
[2023-01-15T00:26:10.114+0000] {processor.py:766} INFO - DAG(s) dict_keys(['example_complex']) retrieved from /home/airflow/.local/lib/python3.7/site-packages/airflow/example_dags/example_complex.py
[2023-01-15T00:26:10.142+0000] {logging_mixin.py:120} INFO - [2023-01-15T00:26:10.142+0000] {dag.py:2585} INFO - Sync 1 DAGs
[2023-01-15T00:26:10.158+0000] {logging_mixin.py:120} INFO - [2023-01-15T00:26:10.158+0000] {dag.py:3340} INFO - Setting next_dagrun for example_complex to None, run_after=None
[2023-01-15T00:26:10.169+0000] {processor.py:176} INFO - Processing /home/airflow/.local/lib/python3.7/site-packages/airflow/example_dags/example_complex.py took 0.070 seconds
[2023-01-15T00:26:40.264+0000] {processor.py:154} INFO - Started process (PID=1441) to work on /home/airflow/.local/lib/python3.7/site-packages/airflow/example_dags/example_complex.py
[2023-01-15T00:26:40.265+0000] {processor.py:756} INFO - Processing file /home/airflow/.local/lib/python3.7/site-packages/airflow/example_dags/example_complex.py for tasks to queue
[2023-01-15T00:26:40.265+0000] {logging_mixin.py:120} INFO - [2023-01-15T00:26:40.265+0000] {dagbag.py:537} INFO - Filling up the DagBag from /home/airflow/.local/lib/python3.7/site-packages/airflow/example_dags/example_complex.py
[2023-01-15T00:26:40.273+0000] {logging_mixin.py:120} INFO - [2023-01-15T00:26:40.273+0000] {taskmixin.py:205} WARNING - Dependency <Task(BashOperator): create_entry_group>, delete_entry_group already registered for DAG: example_complex
[2023-01-15T00:26:40.273+0000] {logging_mixin.py:120} INFO - [2023-01-15T00:26:40.273+0000] {taskmixin.py:205} WARNING - Dependency <Task(BashOperator): delete_entry_group>, create_entry_group already registered for DAG: example_complex
[2023-01-15T00:26:40.273+0000] {logging_mixin.py:120} INFO - [2023-01-15T00:26:40.273+0000] {taskmixin.py:205} WARNING - Dependency <Task(BashOperator): create_entry_gcs>, delete_entry already registered for DAG: example_complex
[2023-01-15T00:26:40.273+0000] {logging_mixin.py:120} INFO - [2023-01-15T00:26:40.273+0000] {taskmixin.py:205} WARNING - Dependency <Task(BashOperator): delete_entry>, create_entry_gcs already registered for DAG: example_complex
[2023-01-15T00:26:40.273+0000] {logging_mixin.py:120} INFO - [2023-01-15T00:26:40.273+0000] {taskmixin.py:205} WARNING - Dependency <Task(BashOperator): create_tag>, delete_tag already registered for DAG: example_complex
[2023-01-15T00:26:40.273+0000] {logging_mixin.py:120} INFO - [2023-01-15T00:26:40.273+0000] {taskmixin.py:205} WARNING - Dependency <Task(BashOperator): delete_tag>, create_tag already registered for DAG: example_complex
[2023-01-15T00:26:40.278+0000] {processor.py:766} INFO - DAG(s) dict_keys(['example_complex']) retrieved from /home/airflow/.local/lib/python3.7/site-packages/airflow/example_dags/example_complex.py
[2023-01-15T00:26:40.306+0000] {logging_mixin.py:120} INFO - [2023-01-15T00:26:40.306+0000] {dag.py:2585} INFO - Sync 1 DAGs
[2023-01-15T00:26:40.321+0000] {logging_mixin.py:120} INFO - [2023-01-15T00:26:40.321+0000] {dag.py:3340} INFO - Setting next_dagrun for example_complex to None, run_after=None
[2023-01-15T00:26:40.333+0000] {processor.py:176} INFO - Processing /home/airflow/.local/lib/python3.7/site-packages/airflow/example_dags/example_complex.py took 0.071 seconds
[2023-01-15T00:27:10.726+0000] {processor.py:154} INFO - Started process (PID=1506) to work on /home/airflow/.local/lib/python3.7/site-packages/airflow/example_dags/example_complex.py
[2023-01-15T00:27:10.726+0000] {processor.py:756} INFO - Processing file /home/airflow/.local/lib/python3.7/site-packages/airflow/example_dags/example_complex.py for tasks to queue
[2023-01-15T00:27:10.727+0000] {logging_mixin.py:120} INFO - [2023-01-15T00:27:10.727+0000] {dagbag.py:537} INFO - Filling up the DagBag from /home/airflow/.local/lib/python3.7/site-packages/airflow/example_dags/example_complex.py
[2023-01-15T00:27:10.735+0000] {logging_mixin.py:120} INFO - [2023-01-15T00:27:10.735+0000] {taskmixin.py:205} WARNING - Dependency <Task(BashOperator): create_entry_group>, delete_entry_group already registered for DAG: example_complex
[2023-01-15T00:27:10.735+0000] {logging_mixin.py:120} INFO - [2023-01-15T00:27:10.735+0000] {taskmixin.py:205} WARNING - Dependency <Task(BashOperator): delete_entry_group>, create_entry_group already registered for DAG: example_complex
[2023-01-15T00:27:10.735+0000] {logging_mixin.py:120} INFO - [2023-01-15T00:27:10.735+0000] {taskmixin.py:205} WARNING - Dependency <Task(BashOperator): create_entry_gcs>, delete_entry already registered for DAG: example_complex
[2023-01-15T00:27:10.735+0000] {logging_mixin.py:120} INFO - [2023-01-15T00:27:10.735+0000] {taskmixin.py:205} WARNING - Dependency <Task(BashOperator): delete_entry>, create_entry_gcs already registered for DAG: example_complex
[2023-01-15T00:27:10.735+0000] {logging_mixin.py:120} INFO - [2023-01-15T00:27:10.735+0000] {taskmixin.py:205} WARNING - Dependency <Task(BashOperator): create_tag>, delete_tag already registered for DAG: example_complex
[2023-01-15T00:27:10.735+0000] {logging_mixin.py:120} INFO - [2023-01-15T00:27:10.735+0000] {taskmixin.py:205} WARNING - Dependency <Task(BashOperator): delete_tag>, create_tag already registered for DAG: example_complex
[2023-01-15T00:27:10.742+0000] {processor.py:766} INFO - DAG(s) dict_keys(['example_complex']) retrieved from /home/airflow/.local/lib/python3.7/site-packages/airflow/example_dags/example_complex.py
[2023-01-15T00:27:10.774+0000] {logging_mixin.py:120} INFO - [2023-01-15T00:27:10.774+0000] {dag.py:2585} INFO - Sync 1 DAGs
[2023-01-15T00:27:10.793+0000] {logging_mixin.py:120} INFO - [2023-01-15T00:27:10.793+0000] {dag.py:3340} INFO - Setting next_dagrun for example_complex to None, run_after=None
[2023-01-15T00:27:10.809+0000] {processor.py:176} INFO - Processing /home/airflow/.local/lib/python3.7/site-packages/airflow/example_dags/example_complex.py took 0.086 seconds
[2023-01-15T00:27:40.986+0000] {processor.py:154} INFO - Started process (PID=1561) to work on /home/airflow/.local/lib/python3.7/site-packages/airflow/example_dags/example_complex.py
[2023-01-15T00:27:40.987+0000] {processor.py:756} INFO - Processing file /home/airflow/.local/lib/python3.7/site-packages/airflow/example_dags/example_complex.py for tasks to queue
[2023-01-15T00:27:40.987+0000] {logging_mixin.py:120} INFO - [2023-01-15T00:27:40.987+0000] {dagbag.py:537} INFO - Filling up the DagBag from /home/airflow/.local/lib/python3.7/site-packages/airflow/example_dags/example_complex.py
[2023-01-15T00:27:40.994+0000] {logging_mixin.py:120} INFO - [2023-01-15T00:27:40.994+0000] {taskmixin.py:205} WARNING - Dependency <Task(BashOperator): create_entry_group>, delete_entry_group already registered for DAG: example_complex
[2023-01-15T00:27:40.994+0000] {logging_mixin.py:120} INFO - [2023-01-15T00:27:40.994+0000] {taskmixin.py:205} WARNING - Dependency <Task(BashOperator): delete_entry_group>, create_entry_group already registered for DAG: example_complex
[2023-01-15T00:27:40.995+0000] {logging_mixin.py:120} INFO - [2023-01-15T00:27:40.995+0000] {taskmixin.py:205} WARNING - Dependency <Task(BashOperator): create_entry_gcs>, delete_entry already registered for DAG: example_complex
[2023-01-15T00:27:40.995+0000] {logging_mixin.py:120} INFO - [2023-01-15T00:27:40.995+0000] {taskmixin.py:205} WARNING - Dependency <Task(BashOperator): delete_entry>, create_entry_gcs already registered for DAG: example_complex
[2023-01-15T00:27:40.995+0000] {logging_mixin.py:120} INFO - [2023-01-15T00:27:40.995+0000] {taskmixin.py:205} WARNING - Dependency <Task(BashOperator): create_tag>, delete_tag already registered for DAG: example_complex
[2023-01-15T00:27:40.995+0000] {logging_mixin.py:120} INFO - [2023-01-15T00:27:40.995+0000] {taskmixin.py:205} WARNING - Dependency <Task(BashOperator): delete_tag>, create_tag already registered for DAG: example_complex
[2023-01-15T00:27:41.000+0000] {processor.py:766} INFO - DAG(s) dict_keys(['example_complex']) retrieved from /home/airflow/.local/lib/python3.7/site-packages/airflow/example_dags/example_complex.py
[2023-01-15T00:27:41.030+0000] {logging_mixin.py:120} INFO - [2023-01-15T00:27:41.030+0000] {dag.py:2585} INFO - Sync 1 DAGs
[2023-01-15T00:27:41.046+0000] {logging_mixin.py:120} INFO - [2023-01-15T00:27:41.046+0000] {dag.py:3340} INFO - Setting next_dagrun for example_complex to None, run_after=None
[2023-01-15T00:27:41.058+0000] {processor.py:176} INFO - Processing /home/airflow/.local/lib/python3.7/site-packages/airflow/example_dags/example_complex.py took 0.074 seconds
[2023-01-15T00:28:11.297+0000] {processor.py:154} INFO - Started process (PID=1626) to work on /home/airflow/.local/lib/python3.7/site-packages/airflow/example_dags/example_complex.py
[2023-01-15T00:28:11.298+0000] {processor.py:756} INFO - Processing file /home/airflow/.local/lib/python3.7/site-packages/airflow/example_dags/example_complex.py for tasks to queue
[2023-01-15T00:28:11.298+0000] {logging_mixin.py:120} INFO - [2023-01-15T00:28:11.298+0000] {dagbag.py:537} INFO - Filling up the DagBag from /home/airflow/.local/lib/python3.7/site-packages/airflow/example_dags/example_complex.py
[2023-01-15T00:28:11.305+0000] {logging_mixin.py:120} INFO - [2023-01-15T00:28:11.305+0000] {taskmixin.py:205} WARNING - Dependency <Task(BashOperator): create_entry_group>, delete_entry_group already registered for DAG: example_complex
[2023-01-15T00:28:11.305+0000] {logging_mixin.py:120} INFO - [2023-01-15T00:28:11.305+0000] {taskmixin.py:205} WARNING - Dependency <Task(BashOperator): delete_entry_group>, create_entry_group already registered for DAG: example_complex
[2023-01-15T00:28:11.306+0000] {logging_mixin.py:120} INFO - [2023-01-15T00:28:11.305+0000] {taskmixin.py:205} WARNING - Dependency <Task(BashOperator): create_entry_gcs>, delete_entry already registered for DAG: example_complex
[2023-01-15T00:28:11.306+0000] {logging_mixin.py:120} INFO - [2023-01-15T00:28:11.306+0000] {taskmixin.py:205} WARNING - Dependency <Task(BashOperator): delete_entry>, create_entry_gcs already registered for DAG: example_complex
[2023-01-15T00:28:11.306+0000] {logging_mixin.py:120} INFO - [2023-01-15T00:28:11.306+0000] {taskmixin.py:205} WARNING - Dependency <Task(BashOperator): create_tag>, delete_tag already registered for DAG: example_complex
[2023-01-15T00:28:11.306+0000] {logging_mixin.py:120} INFO - [2023-01-15T00:28:11.306+0000] {taskmixin.py:205} WARNING - Dependency <Task(BashOperator): delete_tag>, create_tag already registered for DAG: example_complex
[2023-01-15T00:28:11.311+0000] {processor.py:766} INFO - DAG(s) dict_keys(['example_complex']) retrieved from /home/airflow/.local/lib/python3.7/site-packages/airflow/example_dags/example_complex.py
[2023-01-15T00:28:11.340+0000] {logging_mixin.py:120} INFO - [2023-01-15T00:28:11.339+0000] {dag.py:2585} INFO - Sync 1 DAGs
[2023-01-15T00:28:11.358+0000] {logging_mixin.py:120} INFO - [2023-01-15T00:28:11.358+0000] {dag.py:3340} INFO - Setting next_dagrun for example_complex to None, run_after=None
[2023-01-15T00:28:11.370+0000] {processor.py:176} INFO - Processing /home/airflow/.local/lib/python3.7/site-packages/airflow/example_dags/example_complex.py took 0.075 seconds
[2023-01-15T00:28:42.341+0000] {processor.py:154} INFO - Started process (PID=1691) to work on /home/airflow/.local/lib/python3.7/site-packages/airflow/example_dags/example_complex.py
[2023-01-15T00:28:42.342+0000] {processor.py:756} INFO - Processing file /home/airflow/.local/lib/python3.7/site-packages/airflow/example_dags/example_complex.py for tasks to queue
[2023-01-15T00:28:42.342+0000] {logging_mixin.py:120} INFO - [2023-01-15T00:28:42.342+0000] {dagbag.py:537} INFO - Filling up the DagBag from /home/airflow/.local/lib/python3.7/site-packages/airflow/example_dags/example_complex.py
[2023-01-15T00:28:42.349+0000] {logging_mixin.py:120} INFO - [2023-01-15T00:28:42.349+0000] {taskmixin.py:205} WARNING - Dependency <Task(BashOperator): create_entry_group>, delete_entry_group already registered for DAG: example_complex
[2023-01-15T00:28:42.350+0000] {logging_mixin.py:120} INFO - [2023-01-15T00:28:42.349+0000] {taskmixin.py:205} WARNING - Dependency <Task(BashOperator): delete_entry_group>, create_entry_group already registered for DAG: example_complex
[2023-01-15T00:28:42.350+0000] {logging_mixin.py:120} INFO - [2023-01-15T00:28:42.350+0000] {taskmixin.py:205} WARNING - Dependency <Task(BashOperator): create_entry_gcs>, delete_entry already registered for DAG: example_complex
[2023-01-15T00:28:42.350+0000] {logging_mixin.py:120} INFO - [2023-01-15T00:28:42.350+0000] {taskmixin.py:205} WARNING - Dependency <Task(BashOperator): delete_entry>, create_entry_gcs already registered for DAG: example_complex
[2023-01-15T00:28:42.350+0000] {logging_mixin.py:120} INFO - [2023-01-15T00:28:42.350+0000] {taskmixin.py:205} WARNING - Dependency <Task(BashOperator): create_tag>, delete_tag already registered for DAG: example_complex
[2023-01-15T00:28:42.350+0000] {logging_mixin.py:120} INFO - [2023-01-15T00:28:42.350+0000] {taskmixin.py:205} WARNING - Dependency <Task(BashOperator): delete_tag>, create_tag already registered for DAG: example_complex
[2023-01-15T00:28:42.355+0000] {processor.py:766} INFO - DAG(s) dict_keys(['example_complex']) retrieved from /home/airflow/.local/lib/python3.7/site-packages/airflow/example_dags/example_complex.py
[2023-01-15T00:28:42.385+0000] {logging_mixin.py:120} INFO - [2023-01-15T00:28:42.385+0000] {dag.py:2585} INFO - Sync 1 DAGs
[2023-01-15T00:28:42.400+0000] {logging_mixin.py:120} INFO - [2023-01-15T00:28:42.400+0000] {dag.py:3340} INFO - Setting next_dagrun for example_complex to None, run_after=None
[2023-01-15T00:28:42.412+0000] {processor.py:176} INFO - Processing /home/airflow/.local/lib/python3.7/site-packages/airflow/example_dags/example_complex.py took 0.072 seconds
[2023-01-15T00:29:12.509+0000] {processor.py:154} INFO - Started process (PID=1756) to work on /home/airflow/.local/lib/python3.7/site-packages/airflow/example_dags/example_complex.py
[2023-01-15T00:29:12.510+0000] {processor.py:756} INFO - Processing file /home/airflow/.local/lib/python3.7/site-packages/airflow/example_dags/example_complex.py for tasks to queue
[2023-01-15T00:29:12.510+0000] {logging_mixin.py:120} INFO - [2023-01-15T00:29:12.510+0000] {dagbag.py:537} INFO - Filling up the DagBag from /home/airflow/.local/lib/python3.7/site-packages/airflow/example_dags/example_complex.py
[2023-01-15T00:29:12.519+0000] {logging_mixin.py:120} INFO - [2023-01-15T00:29:12.519+0000] {taskmixin.py:205} WARNING - Dependency <Task(BashOperator): create_entry_group>, delete_entry_group already registered for DAG: example_complex
[2023-01-15T00:29:12.519+0000] {logging_mixin.py:120} INFO - [2023-01-15T00:29:12.519+0000] {taskmixin.py:205} WARNING - Dependency <Task(BashOperator): delete_entry_group>, create_entry_group already registered for DAG: example_complex
[2023-01-15T00:29:12.519+0000] {logging_mixin.py:120} INFO - [2023-01-15T00:29:12.519+0000] {taskmixin.py:205} WARNING - Dependency <Task(BashOperator): create_entry_gcs>, delete_entry already registered for DAG: example_complex
[2023-01-15T00:29:12.519+0000] {logging_mixin.py:120} INFO - [2023-01-15T00:29:12.519+0000] {taskmixin.py:205} WARNING - Dependency <Task(BashOperator): delete_entry>, create_entry_gcs already registered for DAG: example_complex
[2023-01-15T00:29:12.519+0000] {logging_mixin.py:120} INFO - [2023-01-15T00:29:12.519+0000] {taskmixin.py:205} WARNING - Dependency <Task(BashOperator): create_tag>, delete_tag already registered for DAG: example_complex
[2023-01-15T00:29:12.520+0000] {logging_mixin.py:120} INFO - [2023-01-15T00:29:12.519+0000] {taskmixin.py:205} WARNING - Dependency <Task(BashOperator): delete_tag>, create_tag already registered for DAG: example_complex
[2023-01-15T00:29:12.526+0000] {processor.py:766} INFO - DAG(s) dict_keys(['example_complex']) retrieved from /home/airflow/.local/lib/python3.7/site-packages/airflow/example_dags/example_complex.py
[2023-01-15T00:29:12.559+0000] {logging_mixin.py:120} INFO - [2023-01-15T00:29:12.559+0000] {dag.py:2585} INFO - Sync 1 DAGs
[2023-01-15T00:29:12.578+0000] {logging_mixin.py:120} INFO - [2023-01-15T00:29:12.577+0000] {dag.py:3340} INFO - Setting next_dagrun for example_complex to None, run_after=None
[2023-01-15T00:29:12.592+0000] {processor.py:176} INFO - Processing /home/airflow/.local/lib/python3.7/site-packages/airflow/example_dags/example_complex.py took 0.084 seconds
[2023-01-15T00:29:42.745+0000] {processor.py:154} INFO - Started process (PID=1822) to work on /home/airflow/.local/lib/python3.7/site-packages/airflow/example_dags/example_complex.py
[2023-01-15T00:29:42.745+0000] {processor.py:756} INFO - Processing file /home/airflow/.local/lib/python3.7/site-packages/airflow/example_dags/example_complex.py for tasks to queue
[2023-01-15T00:29:42.746+0000] {logging_mixin.py:120} INFO - [2023-01-15T00:29:42.745+0000] {dagbag.py:537} INFO - Filling up the DagBag from /home/airflow/.local/lib/python3.7/site-packages/airflow/example_dags/example_complex.py
[2023-01-15T00:29:42.753+0000] {logging_mixin.py:120} INFO - [2023-01-15T00:29:42.753+0000] {taskmixin.py:205} WARNING - Dependency <Task(BashOperator): create_entry_group>, delete_entry_group already registered for DAG: example_complex
[2023-01-15T00:29:42.754+0000] {logging_mixin.py:120} INFO - [2023-01-15T00:29:42.753+0000] {taskmixin.py:205} WARNING - Dependency <Task(BashOperator): delete_entry_group>, create_entry_group already registered for DAG: example_complex
[2023-01-15T00:29:42.754+0000] {logging_mixin.py:120} INFO - [2023-01-15T00:29:42.754+0000] {taskmixin.py:205} WARNING - Dependency <Task(BashOperator): create_entry_gcs>, delete_entry already registered for DAG: example_complex
[2023-01-15T00:29:42.754+0000] {logging_mixin.py:120} INFO - [2023-01-15T00:29:42.754+0000] {taskmixin.py:205} WARNING - Dependency <Task(BashOperator): delete_entry>, create_entry_gcs already registered for DAG: example_complex
[2023-01-15T00:29:42.754+0000] {logging_mixin.py:120} INFO - [2023-01-15T00:29:42.754+0000] {taskmixin.py:205} WARNING - Dependency <Task(BashOperator): create_tag>, delete_tag already registered for DAG: example_complex
[2023-01-15T00:29:42.754+0000] {logging_mixin.py:120} INFO - [2023-01-15T00:29:42.754+0000] {taskmixin.py:205} WARNING - Dependency <Task(BashOperator): delete_tag>, create_tag already registered for DAG: example_complex
[2023-01-15T00:29:42.759+0000] {processor.py:766} INFO - DAG(s) dict_keys(['example_complex']) retrieved from /home/airflow/.local/lib/python3.7/site-packages/airflow/example_dags/example_complex.py
[2023-01-15T00:29:42.789+0000] {logging_mixin.py:120} INFO - [2023-01-15T00:29:42.789+0000] {dag.py:2585} INFO - Sync 1 DAGs
[2023-01-15T00:29:42.814+0000] {logging_mixin.py:120} INFO - [2023-01-15T00:29:42.814+0000] {dag.py:3340} INFO - Setting next_dagrun for example_complex to None, run_after=None
[2023-01-15T00:29:42.830+0000] {processor.py:176} INFO - Processing /home/airflow/.local/lib/python3.7/site-packages/airflow/example_dags/example_complex.py took 0.088 seconds
[2023-01-15T00:30:12.863+0000] {processor.py:154} INFO - Started process (PID=1878) to work on /home/airflow/.local/lib/python3.7/site-packages/airflow/example_dags/example_complex.py
[2023-01-15T00:30:12.864+0000] {processor.py:756} INFO - Processing file /home/airflow/.local/lib/python3.7/site-packages/airflow/example_dags/example_complex.py for tasks to queue
[2023-01-15T00:30:12.865+0000] {logging_mixin.py:120} INFO - [2023-01-15T00:30:12.865+0000] {dagbag.py:537} INFO - Filling up the DagBag from /home/airflow/.local/lib/python3.7/site-packages/airflow/example_dags/example_complex.py
[2023-01-15T00:30:12.872+0000] {logging_mixin.py:120} INFO - [2023-01-15T00:30:12.872+0000] {taskmixin.py:205} WARNING - Dependency <Task(BashOperator): create_entry_group>, delete_entry_group already registered for DAG: example_complex
[2023-01-15T00:30:12.872+0000] {logging_mixin.py:120} INFO - [2023-01-15T00:30:12.872+0000] {taskmixin.py:205} WARNING - Dependency <Task(BashOperator): delete_entry_group>, create_entry_group already registered for DAG: example_complex
[2023-01-15T00:30:12.872+0000] {logging_mixin.py:120} INFO - [2023-01-15T00:30:12.872+0000] {taskmixin.py:205} WARNING - Dependency <Task(BashOperator): create_entry_gcs>, delete_entry already registered for DAG: example_complex
[2023-01-15T00:30:12.872+0000] {logging_mixin.py:120} INFO - [2023-01-15T00:30:12.872+0000] {taskmixin.py:205} WARNING - Dependency <Task(BashOperator): delete_entry>, create_entry_gcs already registered for DAG: example_complex
[2023-01-15T00:30:12.873+0000] {logging_mixin.py:120} INFO - [2023-01-15T00:30:12.873+0000] {taskmixin.py:205} WARNING - Dependency <Task(BashOperator): create_tag>, delete_tag already registered for DAG: example_complex
[2023-01-15T00:30:12.873+0000] {logging_mixin.py:120} INFO - [2023-01-15T00:30:12.873+0000] {taskmixin.py:205} WARNING - Dependency <Task(BashOperator): delete_tag>, create_tag already registered for DAG: example_complex
[2023-01-15T00:30:12.877+0000] {processor.py:766} INFO - DAG(s) dict_keys(['example_complex']) retrieved from /home/airflow/.local/lib/python3.7/site-packages/airflow/example_dags/example_complex.py
[2023-01-15T00:30:12.907+0000] {logging_mixin.py:120} INFO - [2023-01-15T00:30:12.907+0000] {dag.py:2585} INFO - Sync 1 DAGs
[2023-01-15T00:30:12.923+0000] {logging_mixin.py:120} INFO - [2023-01-15T00:30:12.923+0000] {dag.py:3340} INFO - Setting next_dagrun for example_complex to None, run_after=None
[2023-01-15T00:30:12.936+0000] {processor.py:176} INFO - Processing /home/airflow/.local/lib/python3.7/site-packages/airflow/example_dags/example_complex.py took 0.075 seconds
[2023-01-15T00:30:43.806+0000] {processor.py:154} INFO - Started process (PID=1943) to work on /home/airflow/.local/lib/python3.7/site-packages/airflow/example_dags/example_complex.py
[2023-01-15T00:30:43.807+0000] {processor.py:756} INFO - Processing file /home/airflow/.local/lib/python3.7/site-packages/airflow/example_dags/example_complex.py for tasks to queue
[2023-01-15T00:30:43.807+0000] {logging_mixin.py:120} INFO - [2023-01-15T00:30:43.807+0000] {dagbag.py:537} INFO - Filling up the DagBag from /home/airflow/.local/lib/python3.7/site-packages/airflow/example_dags/example_complex.py
[2023-01-15T00:30:43.814+0000] {logging_mixin.py:120} INFO - [2023-01-15T00:30:43.814+0000] {taskmixin.py:205} WARNING - Dependency <Task(BashOperator): create_entry_group>, delete_entry_group already registered for DAG: example_complex
[2023-01-15T00:30:43.814+0000] {logging_mixin.py:120} INFO - [2023-01-15T00:30:43.814+0000] {taskmixin.py:205} WARNING - Dependency <Task(BashOperator): delete_entry_group>, create_entry_group already registered for DAG: example_complex
[2023-01-15T00:30:43.814+0000] {logging_mixin.py:120} INFO - [2023-01-15T00:30:43.814+0000] {taskmixin.py:205} WARNING - Dependency <Task(BashOperator): create_entry_gcs>, delete_entry already registered for DAG: example_complex
[2023-01-15T00:30:43.814+0000] {logging_mixin.py:120} INFO - [2023-01-15T00:30:43.814+0000] {taskmixin.py:205} WARNING - Dependency <Task(BashOperator): delete_entry>, create_entry_gcs already registered for DAG: example_complex
[2023-01-15T00:30:43.815+0000] {logging_mixin.py:120} INFO - [2023-01-15T00:30:43.815+0000] {taskmixin.py:205} WARNING - Dependency <Task(BashOperator): create_tag>, delete_tag already registered for DAG: example_complex
[2023-01-15T00:30:43.815+0000] {logging_mixin.py:120} INFO - [2023-01-15T00:30:43.815+0000] {taskmixin.py:205} WARNING - Dependency <Task(BashOperator): delete_tag>, create_tag already registered for DAG: example_complex
[2023-01-15T00:30:43.820+0000] {processor.py:766} INFO - DAG(s) dict_keys(['example_complex']) retrieved from /home/airflow/.local/lib/python3.7/site-packages/airflow/example_dags/example_complex.py
[2023-01-15T00:30:43.851+0000] {logging_mixin.py:120} INFO - [2023-01-15T00:30:43.851+0000] {dag.py:2585} INFO - Sync 1 DAGs
[2023-01-15T00:30:43.868+0000] {logging_mixin.py:120} INFO - [2023-01-15T00:30:43.867+0000] {dag.py:3340} INFO - Setting next_dagrun for example_complex to None, run_after=None
[2023-01-15T00:30:43.880+0000] {processor.py:176} INFO - Processing /home/airflow/.local/lib/python3.7/site-packages/airflow/example_dags/example_complex.py took 0.076 seconds
[2023-01-15T00:31:14.861+0000] {processor.py:154} INFO - Started process (PID=2008) to work on /home/airflow/.local/lib/python3.7/site-packages/airflow/example_dags/example_complex.py
[2023-01-15T00:31:14.861+0000] {processor.py:756} INFO - Processing file /home/airflow/.local/lib/python3.7/site-packages/airflow/example_dags/example_complex.py for tasks to queue
[2023-01-15T00:31:14.861+0000] {logging_mixin.py:120} INFO - [2023-01-15T00:31:14.861+0000] {dagbag.py:537} INFO - Filling up the DagBag from /home/airflow/.local/lib/python3.7/site-packages/airflow/example_dags/example_complex.py
[2023-01-15T00:31:14.868+0000] {logging_mixin.py:120} INFO - [2023-01-15T00:31:14.868+0000] {taskmixin.py:205} WARNING - Dependency <Task(BashOperator): create_entry_group>, delete_entry_group already registered for DAG: example_complex
[2023-01-15T00:31:14.868+0000] {logging_mixin.py:120} INFO - [2023-01-15T00:31:14.868+0000] {taskmixin.py:205} WARNING - Dependency <Task(BashOperator): delete_entry_group>, create_entry_group already registered for DAG: example_complex
[2023-01-15T00:31:14.868+0000] {logging_mixin.py:120} INFO - [2023-01-15T00:31:14.868+0000] {taskmixin.py:205} WARNING - Dependency <Task(BashOperator): create_entry_gcs>, delete_entry already registered for DAG: example_complex
[2023-01-15T00:31:14.868+0000] {logging_mixin.py:120} INFO - [2023-01-15T00:31:14.868+0000] {taskmixin.py:205} WARNING - Dependency <Task(BashOperator): delete_entry>, create_entry_gcs already registered for DAG: example_complex
[2023-01-15T00:31:14.869+0000] {logging_mixin.py:120} INFO - [2023-01-15T00:31:14.869+0000] {taskmixin.py:205} WARNING - Dependency <Task(BashOperator): create_tag>, delete_tag already registered for DAG: example_complex
[2023-01-15T00:31:14.869+0000] {logging_mixin.py:120} INFO - [2023-01-15T00:31:14.869+0000] {taskmixin.py:205} WARNING - Dependency <Task(BashOperator): delete_tag>, create_tag already registered for DAG: example_complex
[2023-01-15T00:31:14.873+0000] {processor.py:766} INFO - DAG(s) dict_keys(['example_complex']) retrieved from /home/airflow/.local/lib/python3.7/site-packages/airflow/example_dags/example_complex.py
[2023-01-15T00:31:14.901+0000] {logging_mixin.py:120} INFO - [2023-01-15T00:31:14.901+0000] {dag.py:2585} INFO - Sync 1 DAGs
[2023-01-15T00:31:14.917+0000] {logging_mixin.py:120} INFO - [2023-01-15T00:31:14.917+0000] {dag.py:3340} INFO - Setting next_dagrun for example_complex to None, run_after=None
[2023-01-15T00:31:14.931+0000] {processor.py:176} INFO - Processing /home/airflow/.local/lib/python3.7/site-packages/airflow/example_dags/example_complex.py took 0.072 seconds
[2023-01-15T00:31:45.824+0000] {processor.py:154} INFO - Started process (PID=2072) to work on /home/airflow/.local/lib/python3.7/site-packages/airflow/example_dags/example_complex.py
[2023-01-15T00:31:45.825+0000] {processor.py:756} INFO - Processing file /home/airflow/.local/lib/python3.7/site-packages/airflow/example_dags/example_complex.py for tasks to queue
[2023-01-15T00:31:45.825+0000] {logging_mixin.py:120} INFO - [2023-01-15T00:31:45.825+0000] {dagbag.py:537} INFO - Filling up the DagBag from /home/airflow/.local/lib/python3.7/site-packages/airflow/example_dags/example_complex.py
[2023-01-15T00:31:45.833+0000] {logging_mixin.py:120} INFO - [2023-01-15T00:31:45.833+0000] {taskmixin.py:205} WARNING - Dependency <Task(BashOperator): create_entry_group>, delete_entry_group already registered for DAG: example_complex
[2023-01-15T00:31:45.833+0000] {logging_mixin.py:120} INFO - [2023-01-15T00:31:45.833+0000] {taskmixin.py:205} WARNING - Dependency <Task(BashOperator): delete_entry_group>, create_entry_group already registered for DAG: example_complex
[2023-01-15T00:31:45.833+0000] {logging_mixin.py:120} INFO - [2023-01-15T00:31:45.833+0000] {taskmixin.py:205} WARNING - Dependency <Task(BashOperator): create_entry_gcs>, delete_entry already registered for DAG: example_complex
[2023-01-15T00:31:45.833+0000] {logging_mixin.py:120} INFO - [2023-01-15T00:31:45.833+0000] {taskmixin.py:205} WARNING - Dependency <Task(BashOperator): delete_entry>, create_entry_gcs already registered for DAG: example_complex
[2023-01-15T00:31:45.833+0000] {logging_mixin.py:120} INFO - [2023-01-15T00:31:45.833+0000] {taskmixin.py:205} WARNING - Dependency <Task(BashOperator): create_tag>, delete_tag already registered for DAG: example_complex
[2023-01-15T00:31:45.833+0000] {logging_mixin.py:120} INFO - [2023-01-15T00:31:45.833+0000] {taskmixin.py:205} WARNING - Dependency <Task(BashOperator): delete_tag>, create_tag already registered for DAG: example_complex
[2023-01-15T00:31:45.838+0000] {processor.py:766} INFO - DAG(s) dict_keys(['example_complex']) retrieved from /home/airflow/.local/lib/python3.7/site-packages/airflow/example_dags/example_complex.py
[2023-01-15T00:31:45.868+0000] {logging_mixin.py:120} INFO - [2023-01-15T00:31:45.868+0000] {dag.py:2585} INFO - Sync 1 DAGs
[2023-01-15T00:31:45.884+0000] {logging_mixin.py:120} INFO - [2023-01-15T00:31:45.884+0000] {dag.py:3340} INFO - Setting next_dagrun for example_complex to None, run_after=None
[2023-01-15T00:31:45.897+0000] {processor.py:176} INFO - Processing /home/airflow/.local/lib/python3.7/site-packages/airflow/example_dags/example_complex.py took 0.075 seconds
[2023-01-15T00:32:16.101+0000] {processor.py:154} INFO - Started process (PID=2137) to work on /home/airflow/.local/lib/python3.7/site-packages/airflow/example_dags/example_complex.py
[2023-01-15T00:32:16.101+0000] {processor.py:756} INFO - Processing file /home/airflow/.local/lib/python3.7/site-packages/airflow/example_dags/example_complex.py for tasks to queue
[2023-01-15T00:32:16.102+0000] {logging_mixin.py:120} INFO - [2023-01-15T00:32:16.102+0000] {dagbag.py:537} INFO - Filling up the DagBag from /home/airflow/.local/lib/python3.7/site-packages/airflow/example_dags/example_complex.py
[2023-01-15T00:32:16.110+0000] {logging_mixin.py:120} INFO - [2023-01-15T00:32:16.110+0000] {taskmixin.py:205} WARNING - Dependency <Task(BashOperator): create_entry_group>, delete_entry_group already registered for DAG: example_complex
[2023-01-15T00:32:16.110+0000] {logging_mixin.py:120} INFO - [2023-01-15T00:32:16.110+0000] {taskmixin.py:205} WARNING - Dependency <Task(BashOperator): delete_entry_group>, create_entry_group already registered for DAG: example_complex
[2023-01-15T00:32:16.111+0000] {logging_mixin.py:120} INFO - [2023-01-15T00:32:16.111+0000] {taskmixin.py:205} WARNING - Dependency <Task(BashOperator): create_entry_gcs>, delete_entry already registered for DAG: example_complex
[2023-01-15T00:32:16.111+0000] {logging_mixin.py:120} INFO - [2023-01-15T00:32:16.111+0000] {taskmixin.py:205} WARNING - Dependency <Task(BashOperator): delete_entry>, create_entry_gcs already registered for DAG: example_complex
[2023-01-15T00:32:16.111+0000] {logging_mixin.py:120} INFO - [2023-01-15T00:32:16.111+0000] {taskmixin.py:205} WARNING - Dependency <Task(BashOperator): create_tag>, delete_tag already registered for DAG: example_complex
[2023-01-15T00:32:16.111+0000] {logging_mixin.py:120} INFO - [2023-01-15T00:32:16.111+0000] {taskmixin.py:205} WARNING - Dependency <Task(BashOperator): delete_tag>, create_tag already registered for DAG: example_complex
[2023-01-15T00:32:16.117+0000] {processor.py:766} INFO - DAG(s) dict_keys(['example_complex']) retrieved from /home/airflow/.local/lib/python3.7/site-packages/airflow/example_dags/example_complex.py
[2023-01-15T00:32:16.146+0000] {logging_mixin.py:120} INFO - [2023-01-15T00:32:16.145+0000] {dag.py:2585} INFO - Sync 1 DAGs
[2023-01-15T00:32:16.170+0000] {logging_mixin.py:120} INFO - [2023-01-15T00:32:16.170+0000] {dag.py:3340} INFO - Setting next_dagrun for example_complex to None, run_after=None
[2023-01-15T00:32:16.184+0000] {processor.py:176} INFO - Processing /home/airflow/.local/lib/python3.7/site-packages/airflow/example_dags/example_complex.py took 0.084 seconds
[2023-01-15T00:32:46.309+0000] {processor.py:154} INFO - Started process (PID=2193) to work on /home/airflow/.local/lib/python3.7/site-packages/airflow/example_dags/example_complex.py
[2023-01-15T00:32:46.311+0000] {processor.py:756} INFO - Processing file /home/airflow/.local/lib/python3.7/site-packages/airflow/example_dags/example_complex.py for tasks to queue
[2023-01-15T00:32:46.312+0000] {logging_mixin.py:120} INFO - [2023-01-15T00:32:46.311+0000] {dagbag.py:537} INFO - Filling up the DagBag from /home/airflow/.local/lib/python3.7/site-packages/airflow/example_dags/example_complex.py
[2023-01-15T00:32:46.323+0000] {logging_mixin.py:120} INFO - [2023-01-15T00:32:46.322+0000] {taskmixin.py:205} WARNING - Dependency <Task(BashOperator): create_entry_group>, delete_entry_group already registered for DAG: example_complex
[2023-01-15T00:32:46.323+0000] {logging_mixin.py:120} INFO - [2023-01-15T00:32:46.323+0000] {taskmixin.py:205} WARNING - Dependency <Task(BashOperator): delete_entry_group>, create_entry_group already registered for DAG: example_complex
[2023-01-15T00:32:46.323+0000] {logging_mixin.py:120} INFO - [2023-01-15T00:32:46.323+0000] {taskmixin.py:205} WARNING - Dependency <Task(BashOperator): create_entry_gcs>, delete_entry already registered for DAG: example_complex
[2023-01-15T00:32:46.323+0000] {logging_mixin.py:120} INFO - [2023-01-15T00:32:46.323+0000] {taskmixin.py:205} WARNING - Dependency <Task(BashOperator): delete_entry>, create_entry_gcs already registered for DAG: example_complex
[2023-01-15T00:32:46.323+0000] {logging_mixin.py:120} INFO - [2023-01-15T00:32:46.323+0000] {taskmixin.py:205} WARNING - Dependency <Task(BashOperator): create_tag>, delete_tag already registered for DAG: example_complex
[2023-01-15T00:32:46.323+0000] {logging_mixin.py:120} INFO - [2023-01-15T00:32:46.323+0000] {taskmixin.py:205} WARNING - Dependency <Task(BashOperator): delete_tag>, create_tag already registered for DAG: example_complex
[2023-01-15T00:32:46.329+0000] {processor.py:766} INFO - DAG(s) dict_keys(['example_complex']) retrieved from /home/airflow/.local/lib/python3.7/site-packages/airflow/example_dags/example_complex.py
[2023-01-15T00:32:46.375+0000] {logging_mixin.py:120} INFO - [2023-01-15T00:32:46.375+0000] {dag.py:2585} INFO - Sync 1 DAGs
[2023-01-15T00:32:46.397+0000] {logging_mixin.py:120} INFO - [2023-01-15T00:32:46.397+0000] {dag.py:3340} INFO - Setting next_dagrun for example_complex to None, run_after=None
[2023-01-15T00:32:46.412+0000] {processor.py:176} INFO - Processing /home/airflow/.local/lib/python3.7/site-packages/airflow/example_dags/example_complex.py took 0.106 seconds
[2023-01-15T00:33:16.592+0000] {processor.py:154} INFO - Started process (PID=2259) to work on /home/airflow/.local/lib/python3.7/site-packages/airflow/example_dags/example_complex.py
[2023-01-15T00:33:16.592+0000] {processor.py:756} INFO - Processing file /home/airflow/.local/lib/python3.7/site-packages/airflow/example_dags/example_complex.py for tasks to queue
[2023-01-15T00:33:16.593+0000] {logging_mixin.py:120} INFO - [2023-01-15T00:33:16.593+0000] {dagbag.py:537} INFO - Filling up the DagBag from /home/airflow/.local/lib/python3.7/site-packages/airflow/example_dags/example_complex.py
[2023-01-15T00:33:16.600+0000] {logging_mixin.py:120} INFO - [2023-01-15T00:33:16.600+0000] {taskmixin.py:205} WARNING - Dependency <Task(BashOperator): create_entry_group>, delete_entry_group already registered for DAG: example_complex
[2023-01-15T00:33:16.600+0000] {logging_mixin.py:120} INFO - [2023-01-15T00:33:16.600+0000] {taskmixin.py:205} WARNING - Dependency <Task(BashOperator): delete_entry_group>, create_entry_group already registered for DAG: example_complex
[2023-01-15T00:33:16.601+0000] {logging_mixin.py:120} INFO - [2023-01-15T00:33:16.600+0000] {taskmixin.py:205} WARNING - Dependency <Task(BashOperator): create_entry_gcs>, delete_entry already registered for DAG: example_complex
[2023-01-15T00:33:16.601+0000] {logging_mixin.py:120} INFO - [2023-01-15T00:33:16.601+0000] {taskmixin.py:205} WARNING - Dependency <Task(BashOperator): delete_entry>, create_entry_gcs already registered for DAG: example_complex
[2023-01-15T00:33:16.601+0000] {logging_mixin.py:120} INFO - [2023-01-15T00:33:16.601+0000] {taskmixin.py:205} WARNING - Dependency <Task(BashOperator): create_tag>, delete_tag already registered for DAG: example_complex
[2023-01-15T00:33:16.601+0000] {logging_mixin.py:120} INFO - [2023-01-15T00:33:16.601+0000] {taskmixin.py:205} WARNING - Dependency <Task(BashOperator): delete_tag>, create_tag already registered for DAG: example_complex
[2023-01-15T00:33:16.606+0000] {processor.py:766} INFO - DAG(s) dict_keys(['example_complex']) retrieved from /home/airflow/.local/lib/python3.7/site-packages/airflow/example_dags/example_complex.py
[2023-01-15T00:33:16.634+0000] {logging_mixin.py:120} INFO - [2023-01-15T00:33:16.634+0000] {dag.py:2585} INFO - Sync 1 DAGs
[2023-01-15T00:33:16.651+0000] {logging_mixin.py:120} INFO - [2023-01-15T00:33:16.651+0000] {dag.py:3340} INFO - Setting next_dagrun for example_complex to None, run_after=None
[2023-01-15T00:33:16.663+0000] {processor.py:176} INFO - Processing /home/airflow/.local/lib/python3.7/site-packages/airflow/example_dags/example_complex.py took 0.073 seconds
[2023-01-15T00:33:46.804+0000] {processor.py:154} INFO - Started process (PID=2324) to work on /home/airflow/.local/lib/python3.7/site-packages/airflow/example_dags/example_complex.py
[2023-01-15T00:33:46.805+0000] {processor.py:756} INFO - Processing file /home/airflow/.local/lib/python3.7/site-packages/airflow/example_dags/example_complex.py for tasks to queue
[2023-01-15T00:33:46.806+0000] {logging_mixin.py:120} INFO - [2023-01-15T00:33:46.806+0000] {dagbag.py:537} INFO - Filling up the DagBag from /home/airflow/.local/lib/python3.7/site-packages/airflow/example_dags/example_complex.py
[2023-01-15T00:33:46.813+0000] {logging_mixin.py:120} INFO - [2023-01-15T00:33:46.813+0000] {taskmixin.py:205} WARNING - Dependency <Task(BashOperator): create_entry_group>, delete_entry_group already registered for DAG: example_complex
[2023-01-15T00:33:46.813+0000] {logging_mixin.py:120} INFO - [2023-01-15T00:33:46.813+0000] {taskmixin.py:205} WARNING - Dependency <Task(BashOperator): delete_entry_group>, create_entry_group already registered for DAG: example_complex
[2023-01-15T00:33:46.814+0000] {logging_mixin.py:120} INFO - [2023-01-15T00:33:46.814+0000] {taskmixin.py:205} WARNING - Dependency <Task(BashOperator): create_entry_gcs>, delete_entry already registered for DAG: example_complex
[2023-01-15T00:33:46.814+0000] {logging_mixin.py:120} INFO - [2023-01-15T00:33:46.814+0000] {taskmixin.py:205} WARNING - Dependency <Task(BashOperator): delete_entry>, create_entry_gcs already registered for DAG: example_complex
[2023-01-15T00:33:46.814+0000] {logging_mixin.py:120} INFO - [2023-01-15T00:33:46.814+0000] {taskmixin.py:205} WARNING - Dependency <Task(BashOperator): create_tag>, delete_tag already registered for DAG: example_complex
[2023-01-15T00:33:46.814+0000] {logging_mixin.py:120} INFO - [2023-01-15T00:33:46.814+0000] {taskmixin.py:205} WARNING - Dependency <Task(BashOperator): delete_tag>, create_tag already registered for DAG: example_complex
[2023-01-15T00:33:46.819+0000] {processor.py:766} INFO - DAG(s) dict_keys(['example_complex']) retrieved from /home/airflow/.local/lib/python3.7/site-packages/airflow/example_dags/example_complex.py
[2023-01-15T00:33:46.847+0000] {logging_mixin.py:120} INFO - [2023-01-15T00:33:46.846+0000] {dag.py:2585} INFO - Sync 1 DAGs
[2023-01-15T00:33:46.862+0000] {logging_mixin.py:120} INFO - [2023-01-15T00:33:46.862+0000] {dag.py:3340} INFO - Setting next_dagrun for example_complex to None, run_after=None
[2023-01-15T00:33:46.875+0000] {processor.py:176} INFO - Processing /home/airflow/.local/lib/python3.7/site-packages/airflow/example_dags/example_complex.py took 0.073 seconds
