[2023-01-15T00:15:32.353+0000] {processor.py:154} INFO - Started process (PID=59) to work on /home/airflow/.local/lib/python3.7/site-packages/airflow/example_dags/example_subdag_operator.py
[2023-01-15T00:15:32.354+0000] {processor.py:756} INFO - Processing file /home/airflow/.local/lib/python3.7/site-packages/airflow/example_dags/example_subdag_operator.py for tasks to queue
[2023-01-15T00:15:32.355+0000] {logging_mixin.py:120} INFO - [2023-01-15T00:15:32.355+0000] {dagbag.py:537} INFO - Filling up the DagBag from /home/airflow/.local/lib/python3.7/site-packages/airflow/example_dags/example_subdag_operator.py
[2023-01-15T00:15:32.390+0000] {processor.py:766} INFO - DAG(s) dict_keys(['example_subdag_operator.section-1', 'example_subdag_operator.section-2', 'example_subdag_operator']) retrieved from /home/airflow/.local/lib/python3.7/site-packages/airflow/example_dags/example_subdag_operator.py
[2023-01-15T00:15:32.635+0000] {logging_mixin.py:120} INFO - [2023-01-15T00:15:32.634+0000] {dag.py:2585} INFO - Sync 3 DAGs
[2023-01-15T00:15:32.658+0000] {logging_mixin.py:120} INFO - [2023-01-15T00:15:32.658+0000] {dag.py:3340} INFO - Setting next_dagrun for example_subdag_operator to 2022-01-01T00:00:00+00:00, run_after=2022-01-01T00:00:00+00:00
[2023-01-15T00:15:32.661+0000] {logging_mixin.py:120} INFO - [2023-01-15T00:15:32.661+0000] {dag.py:3340} INFO - Setting next_dagrun for example_subdag_operator.section-1 to None, run_after=None
[2023-01-15T00:15:32.662+0000] {logging_mixin.py:120} INFO - [2023-01-15T00:15:32.662+0000] {dag.py:3340} INFO - Setting next_dagrun for example_subdag_operator.section-2 to None, run_after=None
[2023-01-15T00:15:32.669+0000] {logging_mixin.py:120} INFO - [2023-01-15T00:15:32.669+0000] {dag.py:2585} INFO - Sync 2 DAGs
[2023-01-15T00:15:32.675+0000] {logging_mixin.py:120} INFO - [2023-01-15T00:15:32.675+0000] {dag.py:3340} INFO - Setting next_dagrun for example_subdag_operator.section-1 to None, run_after=None
[2023-01-15T00:15:32.676+0000] {logging_mixin.py:120} INFO - [2023-01-15T00:15:32.676+0000] {dag.py:3340} INFO - Setting next_dagrun for example_subdag_operator.section-2 to None, run_after=None
[2023-01-15T00:15:32.686+0000] {processor.py:176} INFO - Processing /home/airflow/.local/lib/python3.7/site-packages/airflow/example_dags/example_subdag_operator.py took 0.335 seconds
[2023-01-15T00:16:02.764+0000] {processor.py:154} INFO - Started process (PID=125) to work on /home/airflow/.local/lib/python3.7/site-packages/airflow/example_dags/example_subdag_operator.py
[2023-01-15T00:16:02.765+0000] {processor.py:756} INFO - Processing file /home/airflow/.local/lib/python3.7/site-packages/airflow/example_dags/example_subdag_operator.py for tasks to queue
[2023-01-15T00:16:02.765+0000] {logging_mixin.py:120} INFO - [2023-01-15T00:16:02.765+0000] {dagbag.py:537} INFO - Filling up the DagBag from /home/airflow/.local/lib/python3.7/site-packages/airflow/example_dags/example_subdag_operator.py
[2023-01-15T00:16:02.784+0000] {processor.py:766} INFO - DAG(s) dict_keys(['example_subdag_operator.section-1', 'example_subdag_operator.section-2', 'example_subdag_operator']) retrieved from /home/airflow/.local/lib/python3.7/site-packages/airflow/example_dags/example_subdag_operator.py
[2023-01-15T00:16:02.907+0000] {logging_mixin.py:120} INFO - [2023-01-15T00:16:02.907+0000] {dag.py:2585} INFO - Sync 3 DAGs
[2023-01-15T00:16:02.921+0000] {logging_mixin.py:120} INFO - [2023-01-15T00:16:02.921+0000] {dag.py:3340} INFO - Setting next_dagrun for example_subdag_operator to 2022-01-01T00:00:00+00:00, run_after=2022-01-01T00:00:00+00:00
[2023-01-15T00:16:02.923+0000] {logging_mixin.py:120} INFO - [2023-01-15T00:16:02.923+0000] {dag.py:3340} INFO - Setting next_dagrun for example_subdag_operator.section-1 to None, run_after=None
[2023-01-15T00:16:02.924+0000] {logging_mixin.py:120} INFO - [2023-01-15T00:16:02.924+0000] {dag.py:3340} INFO - Setting next_dagrun for example_subdag_operator.section-2 to None, run_after=None
[2023-01-15T00:16:02.928+0000] {logging_mixin.py:120} INFO - [2023-01-15T00:16:02.928+0000] {dag.py:2585} INFO - Sync 2 DAGs
[2023-01-15T00:16:02.932+0000] {logging_mixin.py:120} INFO - [2023-01-15T00:16:02.932+0000] {dag.py:3340} INFO - Setting next_dagrun for example_subdag_operator.section-1 to None, run_after=None
[2023-01-15T00:16:02.932+0000] {logging_mixin.py:120} INFO - [2023-01-15T00:16:02.932+0000] {dag.py:3340} INFO - Setting next_dagrun for example_subdag_operator.section-2 to None, run_after=None
[2023-01-15T00:16:02.942+0000] {processor.py:176} INFO - Processing /home/airflow/.local/lib/python3.7/site-packages/airflow/example_dags/example_subdag_operator.py took 0.180 seconds
[2023-01-15T00:16:33.778+0000] {processor.py:154} INFO - Started process (PID=191) to work on /home/airflow/.local/lib/python3.7/site-packages/airflow/example_dags/example_subdag_operator.py
[2023-01-15T00:16:33.778+0000] {processor.py:756} INFO - Processing file /home/airflow/.local/lib/python3.7/site-packages/airflow/example_dags/example_subdag_operator.py for tasks to queue
[2023-01-15T00:16:33.778+0000] {logging_mixin.py:120} INFO - [2023-01-15T00:16:33.778+0000] {dagbag.py:537} INFO - Filling up the DagBag from /home/airflow/.local/lib/python3.7/site-packages/airflow/example_dags/example_subdag_operator.py
[2023-01-15T00:16:33.804+0000] {processor.py:766} INFO - DAG(s) dict_keys(['example_subdag_operator.section-1', 'example_subdag_operator.section-2', 'example_subdag_operator']) retrieved from /home/airflow/.local/lib/python3.7/site-packages/airflow/example_dags/example_subdag_operator.py
[2023-01-15T00:16:34.034+0000] {logging_mixin.py:120} INFO - [2023-01-15T00:16:34.033+0000] {dag.py:2585} INFO - Sync 3 DAGs
[2023-01-15T00:16:34.054+0000] {logging_mixin.py:120} INFO - [2023-01-15T00:16:34.054+0000] {dag.py:3340} INFO - Setting next_dagrun for example_subdag_operator to 2022-01-01T00:00:00+00:00, run_after=2022-01-01T00:00:00+00:00
[2023-01-15T00:16:34.057+0000] {logging_mixin.py:120} INFO - [2023-01-15T00:16:34.057+0000] {dag.py:3340} INFO - Setting next_dagrun for example_subdag_operator.section-1 to None, run_after=None
[2023-01-15T00:16:34.059+0000] {logging_mixin.py:120} INFO - [2023-01-15T00:16:34.059+0000] {dag.py:3340} INFO - Setting next_dagrun for example_subdag_operator.section-2 to None, run_after=None
[2023-01-15T00:16:34.066+0000] {logging_mixin.py:120} INFO - [2023-01-15T00:16:34.066+0000] {dag.py:2585} INFO - Sync 2 DAGs
[2023-01-15T00:16:34.072+0000] {logging_mixin.py:120} INFO - [2023-01-15T00:16:34.072+0000] {dag.py:3340} INFO - Setting next_dagrun for example_subdag_operator.section-1 to None, run_after=None
[2023-01-15T00:16:34.072+0000] {logging_mixin.py:120} INFO - [2023-01-15T00:16:34.072+0000] {dag.py:3340} INFO - Setting next_dagrun for example_subdag_operator.section-2 to None, run_after=None
[2023-01-15T00:16:34.080+0000] {processor.py:176} INFO - Processing /home/airflow/.local/lib/python3.7/site-packages/airflow/example_dags/example_subdag_operator.py took 0.305 seconds
[2023-01-15T00:17:04.219+0000] {processor.py:154} INFO - Started process (PID=247) to work on /home/airflow/.local/lib/python3.7/site-packages/airflow/example_dags/example_subdag_operator.py
[2023-01-15T00:17:04.220+0000] {processor.py:756} INFO - Processing file /home/airflow/.local/lib/python3.7/site-packages/airflow/example_dags/example_subdag_operator.py for tasks to queue
[2023-01-15T00:17:04.221+0000] {logging_mixin.py:120} INFO - [2023-01-15T00:17:04.221+0000] {dagbag.py:537} INFO - Filling up the DagBag from /home/airflow/.local/lib/python3.7/site-packages/airflow/example_dags/example_subdag_operator.py
[2023-01-15T00:17:04.240+0000] {processor.py:766} INFO - DAG(s) dict_keys(['example_subdag_operator.section-1', 'example_subdag_operator.section-2', 'example_subdag_operator']) retrieved from /home/airflow/.local/lib/python3.7/site-packages/airflow/example_dags/example_subdag_operator.py
[2023-01-15T00:17:04.378+0000] {logging_mixin.py:120} INFO - [2023-01-15T00:17:04.378+0000] {dag.py:2585} INFO - Sync 3 DAGs
[2023-01-15T00:17:04.400+0000] {logging_mixin.py:120} INFO - [2023-01-15T00:17:04.400+0000] {dag.py:3340} INFO - Setting next_dagrun for example_subdag_operator to 2022-01-01T00:00:00+00:00, run_after=2022-01-01T00:00:00+00:00
[2023-01-15T00:17:04.404+0000] {logging_mixin.py:120} INFO - [2023-01-15T00:17:04.404+0000] {dag.py:3340} INFO - Setting next_dagrun for example_subdag_operator.section-1 to None, run_after=None
[2023-01-15T00:17:04.406+0000] {logging_mixin.py:120} INFO - [2023-01-15T00:17:04.405+0000] {dag.py:3340} INFO - Setting next_dagrun for example_subdag_operator.section-2 to None, run_after=None
[2023-01-15T00:17:04.414+0000] {logging_mixin.py:120} INFO - [2023-01-15T00:17:04.414+0000] {dag.py:2585} INFO - Sync 2 DAGs
[2023-01-15T00:17:04.420+0000] {logging_mixin.py:120} INFO - [2023-01-15T00:17:04.420+0000] {dag.py:3340} INFO - Setting next_dagrun for example_subdag_operator.section-1 to None, run_after=None
[2023-01-15T00:17:04.421+0000] {logging_mixin.py:120} INFO - [2023-01-15T00:17:04.420+0000] {dag.py:3340} INFO - Setting next_dagrun for example_subdag_operator.section-2 to None, run_after=None
[2023-01-15T00:17:04.439+0000] {processor.py:176} INFO - Processing /home/airflow/.local/lib/python3.7/site-packages/airflow/example_dags/example_subdag_operator.py took 0.222 seconds
[2023-01-15T00:17:34.569+0000] {processor.py:154} INFO - Started process (PID=312) to work on /home/airflow/.local/lib/python3.7/site-packages/airflow/example_dags/example_subdag_operator.py
[2023-01-15T00:17:34.570+0000] {processor.py:756} INFO - Processing file /home/airflow/.local/lib/python3.7/site-packages/airflow/example_dags/example_subdag_operator.py for tasks to queue
[2023-01-15T00:17:34.570+0000] {logging_mixin.py:120} INFO - [2023-01-15T00:17:34.570+0000] {dagbag.py:537} INFO - Filling up the DagBag from /home/airflow/.local/lib/python3.7/site-packages/airflow/example_dags/example_subdag_operator.py
[2023-01-15T00:17:34.589+0000] {processor.py:766} INFO - DAG(s) dict_keys(['example_subdag_operator.section-1', 'example_subdag_operator.section-2', 'example_subdag_operator']) retrieved from /home/airflow/.local/lib/python3.7/site-packages/airflow/example_dags/example_subdag_operator.py
[2023-01-15T00:17:34.722+0000] {logging_mixin.py:120} INFO - [2023-01-15T00:17:34.721+0000] {dag.py:2585} INFO - Sync 3 DAGs
[2023-01-15T00:17:34.738+0000] {logging_mixin.py:120} INFO - [2023-01-15T00:17:34.738+0000] {dag.py:3340} INFO - Setting next_dagrun for example_subdag_operator to 2022-01-01T00:00:00+00:00, run_after=2022-01-01T00:00:00+00:00
[2023-01-15T00:17:34.740+0000] {logging_mixin.py:120} INFO - [2023-01-15T00:17:34.740+0000] {dag.py:3340} INFO - Setting next_dagrun for example_subdag_operator.section-1 to None, run_after=None
[2023-01-15T00:17:34.741+0000] {logging_mixin.py:120} INFO - [2023-01-15T00:17:34.741+0000] {dag.py:3340} INFO - Setting next_dagrun for example_subdag_operator.section-2 to None, run_after=None
[2023-01-15T00:17:34.746+0000] {logging_mixin.py:120} INFO - [2023-01-15T00:17:34.746+0000] {dag.py:2585} INFO - Sync 2 DAGs
[2023-01-15T00:17:34.751+0000] {logging_mixin.py:120} INFO - [2023-01-15T00:17:34.751+0000] {dag.py:3340} INFO - Setting next_dagrun for example_subdag_operator.section-1 to None, run_after=None
[2023-01-15T00:17:34.751+0000] {logging_mixin.py:120} INFO - [2023-01-15T00:17:34.751+0000] {dag.py:3340} INFO - Setting next_dagrun for example_subdag_operator.section-2 to None, run_after=None
[2023-01-15T00:17:34.759+0000] {processor.py:176} INFO - Processing /home/airflow/.local/lib/python3.7/site-packages/airflow/example_dags/example_subdag_operator.py took 0.193 seconds
[2023-01-15T00:18:04.999+0000] {processor.py:154} INFO - Started process (PID=377) to work on /home/airflow/.local/lib/python3.7/site-packages/airflow/example_dags/example_subdag_operator.py
[2023-01-15T00:18:05.000+0000] {processor.py:756} INFO - Processing file /home/airflow/.local/lib/python3.7/site-packages/airflow/example_dags/example_subdag_operator.py for tasks to queue
[2023-01-15T00:18:05.000+0000] {logging_mixin.py:120} INFO - [2023-01-15T00:18:05.000+0000] {dagbag.py:537} INFO - Filling up the DagBag from /home/airflow/.local/lib/python3.7/site-packages/airflow/example_dags/example_subdag_operator.py
[2023-01-15T00:18:05.022+0000] {processor.py:766} INFO - DAG(s) dict_keys(['example_subdag_operator.section-1', 'example_subdag_operator.section-2', 'example_subdag_operator']) retrieved from /home/airflow/.local/lib/python3.7/site-packages/airflow/example_dags/example_subdag_operator.py
[2023-01-15T00:18:05.166+0000] {logging_mixin.py:120} INFO - [2023-01-15T00:18:05.166+0000] {dag.py:2585} INFO - Sync 3 DAGs
[2023-01-15T00:18:05.183+0000] {logging_mixin.py:120} INFO - [2023-01-15T00:18:05.183+0000] {dag.py:3340} INFO - Setting next_dagrun for example_subdag_operator to 2022-01-01T00:00:00+00:00, run_after=2022-01-01T00:00:00+00:00
[2023-01-15T00:18:05.186+0000] {logging_mixin.py:120} INFO - [2023-01-15T00:18:05.186+0000] {dag.py:3340} INFO - Setting next_dagrun for example_subdag_operator.section-1 to None, run_after=None
[2023-01-15T00:18:05.187+0000] {logging_mixin.py:120} INFO - [2023-01-15T00:18:05.186+0000] {dag.py:3340} INFO - Setting next_dagrun for example_subdag_operator.section-2 to None, run_after=None
[2023-01-15T00:18:05.191+0000] {logging_mixin.py:120} INFO - [2023-01-15T00:18:05.191+0000] {dag.py:2585} INFO - Sync 2 DAGs
[2023-01-15T00:18:05.196+0000] {logging_mixin.py:120} INFO - [2023-01-15T00:18:05.196+0000] {dag.py:3340} INFO - Setting next_dagrun for example_subdag_operator.section-1 to None, run_after=None
[2023-01-15T00:18:05.196+0000] {logging_mixin.py:120} INFO - [2023-01-15T00:18:05.196+0000] {dag.py:3340} INFO - Setting next_dagrun for example_subdag_operator.section-2 to None, run_after=None
[2023-01-15T00:18:05.204+0000] {processor.py:176} INFO - Processing /home/airflow/.local/lib/python3.7/site-packages/airflow/example_dags/example_subdag_operator.py took 0.207 seconds
[2023-01-15T00:18:35.512+0000] {processor.py:154} INFO - Started process (PID=442) to work on /home/airflow/.local/lib/python3.7/site-packages/airflow/example_dags/example_subdag_operator.py
[2023-01-15T00:18:35.513+0000] {processor.py:756} INFO - Processing file /home/airflow/.local/lib/python3.7/site-packages/airflow/example_dags/example_subdag_operator.py for tasks to queue
[2023-01-15T00:18:35.513+0000] {logging_mixin.py:120} INFO - [2023-01-15T00:18:35.513+0000] {dagbag.py:537} INFO - Filling up the DagBag from /home/airflow/.local/lib/python3.7/site-packages/airflow/example_dags/example_subdag_operator.py
[2023-01-15T00:18:35.533+0000] {processor.py:766} INFO - DAG(s) dict_keys(['example_subdag_operator.section-1', 'example_subdag_operator.section-2', 'example_subdag_operator']) retrieved from /home/airflow/.local/lib/python3.7/site-packages/airflow/example_dags/example_subdag_operator.py
[2023-01-15T00:18:35.665+0000] {logging_mixin.py:120} INFO - [2023-01-15T00:18:35.665+0000] {dag.py:2585} INFO - Sync 3 DAGs
[2023-01-15T00:18:35.681+0000] {logging_mixin.py:120} INFO - [2023-01-15T00:18:35.681+0000] {dag.py:3340} INFO - Setting next_dagrun for example_subdag_operator to 2022-01-01T00:00:00+00:00, run_after=2022-01-01T00:00:00+00:00
[2023-01-15T00:18:35.684+0000] {logging_mixin.py:120} INFO - [2023-01-15T00:18:35.684+0000] {dag.py:3340} INFO - Setting next_dagrun for example_subdag_operator.section-1 to None, run_after=None
[2023-01-15T00:18:35.685+0000] {logging_mixin.py:120} INFO - [2023-01-15T00:18:35.685+0000] {dag.py:3340} INFO - Setting next_dagrun for example_subdag_operator.section-2 to None, run_after=None
[2023-01-15T00:18:35.690+0000] {logging_mixin.py:120} INFO - [2023-01-15T00:18:35.690+0000] {dag.py:2585} INFO - Sync 2 DAGs
[2023-01-15T00:18:35.694+0000] {logging_mixin.py:120} INFO - [2023-01-15T00:18:35.694+0000] {dag.py:3340} INFO - Setting next_dagrun for example_subdag_operator.section-1 to None, run_after=None
[2023-01-15T00:18:35.694+0000] {logging_mixin.py:120} INFO - [2023-01-15T00:18:35.694+0000] {dag.py:3340} INFO - Setting next_dagrun for example_subdag_operator.section-2 to None, run_after=None
[2023-01-15T00:18:35.702+0000] {processor.py:176} INFO - Processing /home/airflow/.local/lib/python3.7/site-packages/airflow/example_dags/example_subdag_operator.py took 0.192 seconds
[2023-01-15T00:19:05.937+0000] {processor.py:154} INFO - Started process (PID=498) to work on /home/airflow/.local/lib/python3.7/site-packages/airflow/example_dags/example_subdag_operator.py
[2023-01-15T00:19:05.938+0000] {processor.py:756} INFO - Processing file /home/airflow/.local/lib/python3.7/site-packages/airflow/example_dags/example_subdag_operator.py for tasks to queue
[2023-01-15T00:19:05.938+0000] {logging_mixin.py:120} INFO - [2023-01-15T00:19:05.938+0000] {dagbag.py:537} INFO - Filling up the DagBag from /home/airflow/.local/lib/python3.7/site-packages/airflow/example_dags/example_subdag_operator.py
[2023-01-15T00:19:05.960+0000] {processor.py:766} INFO - DAG(s) dict_keys(['example_subdag_operator.section-1', 'example_subdag_operator.section-2', 'example_subdag_operator']) retrieved from /home/airflow/.local/lib/python3.7/site-packages/airflow/example_dags/example_subdag_operator.py
[2023-01-15T00:19:06.116+0000] {logging_mixin.py:120} INFO - [2023-01-15T00:19:06.116+0000] {dag.py:2585} INFO - Sync 3 DAGs
[2023-01-15T00:19:06.136+0000] {logging_mixin.py:120} INFO - [2023-01-15T00:19:06.136+0000] {dag.py:3340} INFO - Setting next_dagrun for example_subdag_operator to 2022-01-01T00:00:00+00:00, run_after=2022-01-01T00:00:00+00:00
[2023-01-15T00:19:06.138+0000] {logging_mixin.py:120} INFO - [2023-01-15T00:19:06.138+0000] {dag.py:3340} INFO - Setting next_dagrun for example_subdag_operator.section-1 to None, run_after=None
[2023-01-15T00:19:06.139+0000] {logging_mixin.py:120} INFO - [2023-01-15T00:19:06.139+0000] {dag.py:3340} INFO - Setting next_dagrun for example_subdag_operator.section-2 to None, run_after=None
[2023-01-15T00:19:06.145+0000] {logging_mixin.py:120} INFO - [2023-01-15T00:19:06.145+0000] {dag.py:2585} INFO - Sync 2 DAGs
[2023-01-15T00:19:06.150+0000] {logging_mixin.py:120} INFO - [2023-01-15T00:19:06.150+0000] {dag.py:3340} INFO - Setting next_dagrun for example_subdag_operator.section-1 to None, run_after=None
[2023-01-15T00:19:06.150+0000] {logging_mixin.py:120} INFO - [2023-01-15T00:19:06.150+0000] {dag.py:3340} INFO - Setting next_dagrun for example_subdag_operator.section-2 to None, run_after=None
[2023-01-15T00:19:06.158+0000] {processor.py:176} INFO - Processing /home/airflow/.local/lib/python3.7/site-packages/airflow/example_dags/example_subdag_operator.py took 0.223 seconds
[2023-01-15T00:19:36.574+0000] {processor.py:154} INFO - Started process (PID=563) to work on /home/airflow/.local/lib/python3.7/site-packages/airflow/example_dags/example_subdag_operator.py
[2023-01-15T00:19:36.575+0000] {processor.py:756} INFO - Processing file /home/airflow/.local/lib/python3.7/site-packages/airflow/example_dags/example_subdag_operator.py for tasks to queue
[2023-01-15T00:19:36.576+0000] {logging_mixin.py:120} INFO - [2023-01-15T00:19:36.576+0000] {dagbag.py:537} INFO - Filling up the DagBag from /home/airflow/.local/lib/python3.7/site-packages/airflow/example_dags/example_subdag_operator.py
[2023-01-15T00:19:36.597+0000] {processor.py:766} INFO - DAG(s) dict_keys(['example_subdag_operator.section-1', 'example_subdag_operator.section-2', 'example_subdag_operator']) retrieved from /home/airflow/.local/lib/python3.7/site-packages/airflow/example_dags/example_subdag_operator.py
[2023-01-15T00:19:36.736+0000] {logging_mixin.py:120} INFO - [2023-01-15T00:19:36.736+0000] {dag.py:2585} INFO - Sync 3 DAGs
[2023-01-15T00:19:36.755+0000] {logging_mixin.py:120} INFO - [2023-01-15T00:19:36.755+0000] {dag.py:3340} INFO - Setting next_dagrun for example_subdag_operator to 2022-01-01T00:00:00+00:00, run_after=2022-01-01T00:00:00+00:00
[2023-01-15T00:19:36.757+0000] {logging_mixin.py:120} INFO - [2023-01-15T00:19:36.757+0000] {dag.py:3340} INFO - Setting next_dagrun for example_subdag_operator.section-1 to None, run_after=None
[2023-01-15T00:19:36.758+0000] {logging_mixin.py:120} INFO - [2023-01-15T00:19:36.758+0000] {dag.py:3340} INFO - Setting next_dagrun for example_subdag_operator.section-2 to None, run_after=None
[2023-01-15T00:19:36.763+0000] {logging_mixin.py:120} INFO - [2023-01-15T00:19:36.763+0000] {dag.py:2585} INFO - Sync 2 DAGs
[2023-01-15T00:19:36.767+0000] {logging_mixin.py:120} INFO - [2023-01-15T00:19:36.767+0000] {dag.py:3340} INFO - Setting next_dagrun for example_subdag_operator.section-1 to None, run_after=None
[2023-01-15T00:19:36.768+0000] {logging_mixin.py:120} INFO - [2023-01-15T00:19:36.768+0000] {dag.py:3340} INFO - Setting next_dagrun for example_subdag_operator.section-2 to None, run_after=None
[2023-01-15T00:19:36.776+0000] {processor.py:176} INFO - Processing /home/airflow/.local/lib/python3.7/site-packages/airflow/example_dags/example_subdag_operator.py took 0.203 seconds
[2023-01-15T00:20:06.892+0000] {processor.py:154} INFO - Started process (PID=628) to work on /home/airflow/.local/lib/python3.7/site-packages/airflow/example_dags/example_subdag_operator.py
[2023-01-15T00:20:06.893+0000] {processor.py:756} INFO - Processing file /home/airflow/.local/lib/python3.7/site-packages/airflow/example_dags/example_subdag_operator.py for tasks to queue
[2023-01-15T00:20:06.893+0000] {logging_mixin.py:120} INFO - [2023-01-15T00:20:06.893+0000] {dagbag.py:537} INFO - Filling up the DagBag from /home/airflow/.local/lib/python3.7/site-packages/airflow/example_dags/example_subdag_operator.py
[2023-01-15T00:20:06.914+0000] {processor.py:766} INFO - DAG(s) dict_keys(['example_subdag_operator.section-1', 'example_subdag_operator.section-2', 'example_subdag_operator']) retrieved from /home/airflow/.local/lib/python3.7/site-packages/airflow/example_dags/example_subdag_operator.py
[2023-01-15T00:20:07.057+0000] {logging_mixin.py:120} INFO - [2023-01-15T00:20:07.057+0000] {dag.py:2585} INFO - Sync 3 DAGs
[2023-01-15T00:20:07.074+0000] {logging_mixin.py:120} INFO - [2023-01-15T00:20:07.074+0000] {dag.py:3340} INFO - Setting next_dagrun for example_subdag_operator to 2022-01-01T00:00:00+00:00, run_after=2022-01-01T00:00:00+00:00
[2023-01-15T00:20:07.077+0000] {logging_mixin.py:120} INFO - [2023-01-15T00:20:07.077+0000] {dag.py:3340} INFO - Setting next_dagrun for example_subdag_operator.section-1 to None, run_after=None
[2023-01-15T00:20:07.078+0000] {logging_mixin.py:120} INFO - [2023-01-15T00:20:07.078+0000] {dag.py:3340} INFO - Setting next_dagrun for example_subdag_operator.section-2 to None, run_after=None
[2023-01-15T00:20:07.083+0000] {logging_mixin.py:120} INFO - [2023-01-15T00:20:07.083+0000] {dag.py:2585} INFO - Sync 2 DAGs
[2023-01-15T00:20:07.087+0000] {logging_mixin.py:120} INFO - [2023-01-15T00:20:07.087+0000] {dag.py:3340} INFO - Setting next_dagrun for example_subdag_operator.section-1 to None, run_after=None
[2023-01-15T00:20:07.087+0000] {logging_mixin.py:120} INFO - [2023-01-15T00:20:07.087+0000] {dag.py:3340} INFO - Setting next_dagrun for example_subdag_operator.section-2 to None, run_after=None
[2023-01-15T00:20:07.096+0000] {processor.py:176} INFO - Processing /home/airflow/.local/lib/python3.7/site-packages/airflow/example_dags/example_subdag_operator.py took 0.206 seconds
[2023-01-15T00:20:38.079+0000] {processor.py:154} INFO - Started process (PID=693) to work on /home/airflow/.local/lib/python3.7/site-packages/airflow/example_dags/example_subdag_operator.py
[2023-01-15T00:20:38.080+0000] {processor.py:756} INFO - Processing file /home/airflow/.local/lib/python3.7/site-packages/airflow/example_dags/example_subdag_operator.py for tasks to queue
[2023-01-15T00:20:38.080+0000] {logging_mixin.py:120} INFO - [2023-01-15T00:20:38.080+0000] {dagbag.py:537} INFO - Filling up the DagBag from /home/airflow/.local/lib/python3.7/site-packages/airflow/example_dags/example_subdag_operator.py
[2023-01-15T00:20:38.101+0000] {processor.py:766} INFO - DAG(s) dict_keys(['example_subdag_operator.section-1', 'example_subdag_operator.section-2', 'example_subdag_operator']) retrieved from /home/airflow/.local/lib/python3.7/site-packages/airflow/example_dags/example_subdag_operator.py
[2023-01-15T00:20:38.247+0000] {logging_mixin.py:120} INFO - [2023-01-15T00:20:38.247+0000] {dag.py:2585} INFO - Sync 3 DAGs
[2023-01-15T00:20:38.264+0000] {logging_mixin.py:120} INFO - [2023-01-15T00:20:38.264+0000] {dag.py:3340} INFO - Setting next_dagrun for example_subdag_operator to 2022-01-01T00:00:00+00:00, run_after=2022-01-01T00:00:00+00:00
[2023-01-15T00:20:38.267+0000] {logging_mixin.py:120} INFO - [2023-01-15T00:20:38.266+0000] {dag.py:3340} INFO - Setting next_dagrun for example_subdag_operator.section-1 to None, run_after=None
[2023-01-15T00:20:38.267+0000] {logging_mixin.py:120} INFO - [2023-01-15T00:20:38.267+0000] {dag.py:3340} INFO - Setting next_dagrun for example_subdag_operator.section-2 to None, run_after=None
[2023-01-15T00:20:38.273+0000] {logging_mixin.py:120} INFO - [2023-01-15T00:20:38.272+0000] {dag.py:2585} INFO - Sync 2 DAGs
[2023-01-15T00:20:38.277+0000] {logging_mixin.py:120} INFO - [2023-01-15T00:20:38.277+0000] {dag.py:3340} INFO - Setting next_dagrun for example_subdag_operator.section-1 to None, run_after=None
[2023-01-15T00:20:38.277+0000] {logging_mixin.py:120} INFO - [2023-01-15T00:20:38.277+0000] {dag.py:3340} INFO - Setting next_dagrun for example_subdag_operator.section-2 to None, run_after=None
[2023-01-15T00:20:38.287+0000] {processor.py:176} INFO - Processing /home/airflow/.local/lib/python3.7/site-packages/airflow/example_dags/example_subdag_operator.py took 0.210 seconds
[2023-01-15T00:21:09.183+0000] {processor.py:154} INFO - Started process (PID=758) to work on /home/airflow/.local/lib/python3.7/site-packages/airflow/example_dags/example_subdag_operator.py
[2023-01-15T00:21:09.184+0000] {processor.py:756} INFO - Processing file /home/airflow/.local/lib/python3.7/site-packages/airflow/example_dags/example_subdag_operator.py for tasks to queue
[2023-01-15T00:21:09.184+0000] {logging_mixin.py:120} INFO - [2023-01-15T00:21:09.184+0000] {dagbag.py:537} INFO - Filling up the DagBag from /home/airflow/.local/lib/python3.7/site-packages/airflow/example_dags/example_subdag_operator.py
[2023-01-15T00:21:09.204+0000] {processor.py:766} INFO - DAG(s) dict_keys(['example_subdag_operator.section-1', 'example_subdag_operator.section-2', 'example_subdag_operator']) retrieved from /home/airflow/.local/lib/python3.7/site-packages/airflow/example_dags/example_subdag_operator.py
[2023-01-15T00:21:09.328+0000] {logging_mixin.py:120} INFO - [2023-01-15T00:21:09.327+0000] {dag.py:2585} INFO - Sync 3 DAGs
[2023-01-15T00:21:09.344+0000] {logging_mixin.py:120} INFO - [2023-01-15T00:21:09.344+0000] {dag.py:3340} INFO - Setting next_dagrun for example_subdag_operator to 2022-01-01T00:00:00+00:00, run_after=2022-01-01T00:00:00+00:00
[2023-01-15T00:21:09.346+0000] {logging_mixin.py:120} INFO - [2023-01-15T00:21:09.346+0000] {dag.py:3340} INFO - Setting next_dagrun for example_subdag_operator.section-1 to None, run_after=None
[2023-01-15T00:21:09.347+0000] {logging_mixin.py:120} INFO - [2023-01-15T00:21:09.347+0000] {dag.py:3340} INFO - Setting next_dagrun for example_subdag_operator.section-2 to None, run_after=None
[2023-01-15T00:21:09.352+0000] {logging_mixin.py:120} INFO - [2023-01-15T00:21:09.351+0000] {dag.py:2585} INFO - Sync 2 DAGs
[2023-01-15T00:21:09.356+0000] {logging_mixin.py:120} INFO - [2023-01-15T00:21:09.356+0000] {dag.py:3340} INFO - Setting next_dagrun for example_subdag_operator.section-1 to None, run_after=None
[2023-01-15T00:21:09.356+0000] {logging_mixin.py:120} INFO - [2023-01-15T00:21:09.356+0000] {dag.py:3340} INFO - Setting next_dagrun for example_subdag_operator.section-2 to None, run_after=None
[2023-01-15T00:21:09.364+0000] {processor.py:176} INFO - Processing /home/airflow/.local/lib/python3.7/site-packages/airflow/example_dags/example_subdag_operator.py took 0.183 seconds
[2023-01-15T00:21:39.553+0000] {processor.py:154} INFO - Started process (PID=814) to work on /home/airflow/.local/lib/python3.7/site-packages/airflow/example_dags/example_subdag_operator.py
[2023-01-15T00:21:39.554+0000] {processor.py:756} INFO - Processing file /home/airflow/.local/lib/python3.7/site-packages/airflow/example_dags/example_subdag_operator.py for tasks to queue
[2023-01-15T00:21:39.555+0000] {logging_mixin.py:120} INFO - [2023-01-15T00:21:39.555+0000] {dagbag.py:537} INFO - Filling up the DagBag from /home/airflow/.local/lib/python3.7/site-packages/airflow/example_dags/example_subdag_operator.py
[2023-01-15T00:21:39.575+0000] {processor.py:766} INFO - DAG(s) dict_keys(['example_subdag_operator.section-1', 'example_subdag_operator.section-2', 'example_subdag_operator']) retrieved from /home/airflow/.local/lib/python3.7/site-packages/airflow/example_dags/example_subdag_operator.py
[2023-01-15T00:21:39.702+0000] {logging_mixin.py:120} INFO - [2023-01-15T00:21:39.702+0000] {dag.py:2585} INFO - Sync 3 DAGs
[2023-01-15T00:21:39.718+0000] {logging_mixin.py:120} INFO - [2023-01-15T00:21:39.718+0000] {dag.py:3340} INFO - Setting next_dagrun for example_subdag_operator to 2022-01-01T00:00:00+00:00, run_after=2022-01-01T00:00:00+00:00
[2023-01-15T00:21:39.721+0000] {logging_mixin.py:120} INFO - [2023-01-15T00:21:39.721+0000] {dag.py:3340} INFO - Setting next_dagrun for example_subdag_operator.section-1 to None, run_after=None
[2023-01-15T00:21:39.722+0000] {logging_mixin.py:120} INFO - [2023-01-15T00:21:39.721+0000] {dag.py:3340} INFO - Setting next_dagrun for example_subdag_operator.section-2 to None, run_after=None
[2023-01-15T00:21:39.727+0000] {logging_mixin.py:120} INFO - [2023-01-15T00:21:39.727+0000] {dag.py:2585} INFO - Sync 2 DAGs
[2023-01-15T00:21:39.731+0000] {logging_mixin.py:120} INFO - [2023-01-15T00:21:39.731+0000] {dag.py:3340} INFO - Setting next_dagrun for example_subdag_operator.section-1 to None, run_after=None
[2023-01-15T00:21:39.731+0000] {logging_mixin.py:120} INFO - [2023-01-15T00:21:39.731+0000] {dag.py:3340} INFO - Setting next_dagrun for example_subdag_operator.section-2 to None, run_after=None
[2023-01-15T00:21:39.739+0000] {processor.py:176} INFO - Processing /home/airflow/.local/lib/python3.7/site-packages/airflow/example_dags/example_subdag_operator.py took 0.187 seconds
[2023-01-15T00:22:09.994+0000] {processor.py:154} INFO - Started process (PID=881) to work on /home/airflow/.local/lib/python3.7/site-packages/airflow/example_dags/example_subdag_operator.py
[2023-01-15T00:22:09.995+0000] {processor.py:756} INFO - Processing file /home/airflow/.local/lib/python3.7/site-packages/airflow/example_dags/example_subdag_operator.py for tasks to queue
[2023-01-15T00:22:09.996+0000] {logging_mixin.py:120} INFO - [2023-01-15T00:22:09.995+0000] {dagbag.py:537} INFO - Filling up the DagBag from /home/airflow/.local/lib/python3.7/site-packages/airflow/example_dags/example_subdag_operator.py
[2023-01-15T00:22:10.014+0000] {processor.py:766} INFO - DAG(s) dict_keys(['example_subdag_operator.section-1', 'example_subdag_operator.section-2', 'example_subdag_operator']) retrieved from /home/airflow/.local/lib/python3.7/site-packages/airflow/example_dags/example_subdag_operator.py
[2023-01-15T00:22:10.140+0000] {logging_mixin.py:120} INFO - [2023-01-15T00:22:10.139+0000] {dag.py:2585} INFO - Sync 3 DAGs
[2023-01-15T00:22:10.155+0000] {logging_mixin.py:120} INFO - [2023-01-15T00:22:10.154+0000] {dag.py:3340} INFO - Setting next_dagrun for example_subdag_operator to 2022-01-01T00:00:00+00:00, run_after=2022-01-01T00:00:00+00:00
[2023-01-15T00:22:10.157+0000] {logging_mixin.py:120} INFO - [2023-01-15T00:22:10.156+0000] {dag.py:3340} INFO - Setting next_dagrun for example_subdag_operator.section-1 to None, run_after=None
[2023-01-15T00:22:10.157+0000] {logging_mixin.py:120} INFO - [2023-01-15T00:22:10.157+0000] {dag.py:3340} INFO - Setting next_dagrun for example_subdag_operator.section-2 to None, run_after=None
[2023-01-15T00:22:10.162+0000] {logging_mixin.py:120} INFO - [2023-01-15T00:22:10.162+0000] {dag.py:2585} INFO - Sync 2 DAGs
[2023-01-15T00:22:10.166+0000] {logging_mixin.py:120} INFO - [2023-01-15T00:22:10.165+0000] {dag.py:3340} INFO - Setting next_dagrun for example_subdag_operator.section-1 to None, run_after=None
[2023-01-15T00:22:10.166+0000] {logging_mixin.py:120} INFO - [2023-01-15T00:22:10.166+0000] {dag.py:3340} INFO - Setting next_dagrun for example_subdag_operator.section-2 to None, run_after=None
[2023-01-15T00:22:10.173+0000] {processor.py:176} INFO - Processing /home/airflow/.local/lib/python3.7/site-packages/airflow/example_dags/example_subdag_operator.py took 0.180 seconds
[2023-01-15T00:22:40.192+0000] {processor.py:154} INFO - Started process (PID=945) to work on /home/airflow/.local/lib/python3.7/site-packages/airflow/example_dags/example_subdag_operator.py
[2023-01-15T00:22:40.193+0000] {processor.py:756} INFO - Processing file /home/airflow/.local/lib/python3.7/site-packages/airflow/example_dags/example_subdag_operator.py for tasks to queue
[2023-01-15T00:22:40.193+0000] {logging_mixin.py:120} INFO - [2023-01-15T00:22:40.193+0000] {dagbag.py:537} INFO - Filling up the DagBag from /home/airflow/.local/lib/python3.7/site-packages/airflow/example_dags/example_subdag_operator.py
[2023-01-15T00:22:40.216+0000] {processor.py:766} INFO - DAG(s) dict_keys(['example_subdag_operator.section-1', 'example_subdag_operator.section-2', 'example_subdag_operator']) retrieved from /home/airflow/.local/lib/python3.7/site-packages/airflow/example_dags/example_subdag_operator.py
[2023-01-15T00:22:40.359+0000] {logging_mixin.py:120} INFO - [2023-01-15T00:22:40.359+0000] {dag.py:2585} INFO - Sync 3 DAGs
[2023-01-15T00:22:40.377+0000] {logging_mixin.py:120} INFO - [2023-01-15T00:22:40.377+0000] {dag.py:3340} INFO - Setting next_dagrun for example_subdag_operator to 2022-01-01T00:00:00+00:00, run_after=2022-01-01T00:00:00+00:00
[2023-01-15T00:22:40.379+0000] {logging_mixin.py:120} INFO - [2023-01-15T00:22:40.379+0000] {dag.py:3340} INFO - Setting next_dagrun for example_subdag_operator.section-1 to None, run_after=None
[2023-01-15T00:22:40.380+0000] {logging_mixin.py:120} INFO - [2023-01-15T00:22:40.380+0000] {dag.py:3340} INFO - Setting next_dagrun for example_subdag_operator.section-2 to None, run_after=None
[2023-01-15T00:22:40.385+0000] {logging_mixin.py:120} INFO - [2023-01-15T00:22:40.385+0000] {dag.py:2585} INFO - Sync 2 DAGs
[2023-01-15T00:22:40.391+0000] {logging_mixin.py:120} INFO - [2023-01-15T00:22:40.391+0000] {dag.py:3340} INFO - Setting next_dagrun for example_subdag_operator.section-1 to None, run_after=None
[2023-01-15T00:22:40.391+0000] {logging_mixin.py:120} INFO - [2023-01-15T00:22:40.391+0000] {dag.py:3340} INFO - Setting next_dagrun for example_subdag_operator.section-2 to None, run_after=None
[2023-01-15T00:22:40.401+0000] {processor.py:176} INFO - Processing /home/airflow/.local/lib/python3.7/site-packages/airflow/example_dags/example_subdag_operator.py took 0.211 seconds
[2023-01-15T00:23:11.303+0000] {processor.py:154} INFO - Started process (PID=1009) to work on /home/airflow/.local/lib/python3.7/site-packages/airflow/example_dags/example_subdag_operator.py
[2023-01-15T00:23:11.304+0000] {processor.py:756} INFO - Processing file /home/airflow/.local/lib/python3.7/site-packages/airflow/example_dags/example_subdag_operator.py for tasks to queue
[2023-01-15T00:23:11.304+0000] {logging_mixin.py:120} INFO - [2023-01-15T00:23:11.304+0000] {dagbag.py:537} INFO - Filling up the DagBag from /home/airflow/.local/lib/python3.7/site-packages/airflow/example_dags/example_subdag_operator.py
[2023-01-15T00:23:11.325+0000] {processor.py:766} INFO - DAG(s) dict_keys(['example_subdag_operator.section-1', 'example_subdag_operator.section-2', 'example_subdag_operator']) retrieved from /home/airflow/.local/lib/python3.7/site-packages/airflow/example_dags/example_subdag_operator.py
[2023-01-15T00:23:11.448+0000] {logging_mixin.py:120} INFO - [2023-01-15T00:23:11.448+0000] {dag.py:2585} INFO - Sync 3 DAGs
[2023-01-15T00:23:11.465+0000] {logging_mixin.py:120} INFO - [2023-01-15T00:23:11.465+0000] {dag.py:3340} INFO - Setting next_dagrun for example_subdag_operator to 2022-01-01T00:00:00+00:00, run_after=2022-01-01T00:00:00+00:00
[2023-01-15T00:23:11.467+0000] {logging_mixin.py:120} INFO - [2023-01-15T00:23:11.467+0000] {dag.py:3340} INFO - Setting next_dagrun for example_subdag_operator.section-1 to None, run_after=None
[2023-01-15T00:23:11.468+0000] {logging_mixin.py:120} INFO - [2023-01-15T00:23:11.468+0000] {dag.py:3340} INFO - Setting next_dagrun for example_subdag_operator.section-2 to None, run_after=None
[2023-01-15T00:23:11.473+0000] {logging_mixin.py:120} INFO - [2023-01-15T00:23:11.473+0000] {dag.py:2585} INFO - Sync 2 DAGs
[2023-01-15T00:23:11.478+0000] {logging_mixin.py:120} INFO - [2023-01-15T00:23:11.478+0000] {dag.py:3340} INFO - Setting next_dagrun for example_subdag_operator.section-1 to None, run_after=None
[2023-01-15T00:23:11.478+0000] {logging_mixin.py:120} INFO - [2023-01-15T00:23:11.478+0000] {dag.py:3340} INFO - Setting next_dagrun for example_subdag_operator.section-2 to None, run_after=None
[2023-01-15T00:23:11.490+0000] {processor.py:176} INFO - Processing /home/airflow/.local/lib/python3.7/site-packages/airflow/example_dags/example_subdag_operator.py took 0.188 seconds
[2023-01-15T00:23:41.531+0000] {processor.py:154} INFO - Started process (PID=1073) to work on /home/airflow/.local/lib/python3.7/site-packages/airflow/example_dags/example_subdag_operator.py
[2023-01-15T00:23:41.532+0000] {processor.py:756} INFO - Processing file /home/airflow/.local/lib/python3.7/site-packages/airflow/example_dags/example_subdag_operator.py for tasks to queue
[2023-01-15T00:23:41.533+0000] {logging_mixin.py:120} INFO - [2023-01-15T00:23:41.533+0000] {dagbag.py:537} INFO - Filling up the DagBag from /home/airflow/.local/lib/python3.7/site-packages/airflow/example_dags/example_subdag_operator.py
[2023-01-15T00:23:41.553+0000] {processor.py:766} INFO - DAG(s) dict_keys(['example_subdag_operator.section-1', 'example_subdag_operator.section-2', 'example_subdag_operator']) retrieved from /home/airflow/.local/lib/python3.7/site-packages/airflow/example_dags/example_subdag_operator.py
[2023-01-15T00:23:41.694+0000] {logging_mixin.py:120} INFO - [2023-01-15T00:23:41.694+0000] {dag.py:2585} INFO - Sync 3 DAGs
[2023-01-15T00:23:41.712+0000] {logging_mixin.py:120} INFO - [2023-01-15T00:23:41.712+0000] {dag.py:3340} INFO - Setting next_dagrun for example_subdag_operator to 2022-01-01T00:00:00+00:00, run_after=2022-01-01T00:00:00+00:00
[2023-01-15T00:23:41.714+0000] {logging_mixin.py:120} INFO - [2023-01-15T00:23:41.714+0000] {dag.py:3340} INFO - Setting next_dagrun for example_subdag_operator.section-1 to None, run_after=None
[2023-01-15T00:23:41.715+0000] {logging_mixin.py:120} INFO - [2023-01-15T00:23:41.715+0000] {dag.py:3340} INFO - Setting next_dagrun for example_subdag_operator.section-2 to None, run_after=None
[2023-01-15T00:23:41.722+0000] {logging_mixin.py:120} INFO - [2023-01-15T00:23:41.722+0000] {dag.py:2585} INFO - Sync 2 DAGs
[2023-01-15T00:23:41.727+0000] {logging_mixin.py:120} INFO - [2023-01-15T00:23:41.727+0000] {dag.py:3340} INFO - Setting next_dagrun for example_subdag_operator.section-1 to None, run_after=None
[2023-01-15T00:23:41.728+0000] {logging_mixin.py:120} INFO - [2023-01-15T00:23:41.728+0000] {dag.py:3340} INFO - Setting next_dagrun for example_subdag_operator.section-2 to None, run_after=None
[2023-01-15T00:23:41.738+0000] {processor.py:176} INFO - Processing /home/airflow/.local/lib/python3.7/site-packages/airflow/example_dags/example_subdag_operator.py took 0.209 seconds
[2023-01-15T00:24:11.841+0000] {processor.py:154} INFO - Started process (PID=1129) to work on /home/airflow/.local/lib/python3.7/site-packages/airflow/example_dags/example_subdag_operator.py
[2023-01-15T00:24:11.842+0000] {processor.py:756} INFO - Processing file /home/airflow/.local/lib/python3.7/site-packages/airflow/example_dags/example_subdag_operator.py for tasks to queue
[2023-01-15T00:24:11.842+0000] {logging_mixin.py:120} INFO - [2023-01-15T00:24:11.842+0000] {dagbag.py:537} INFO - Filling up the DagBag from /home/airflow/.local/lib/python3.7/site-packages/airflow/example_dags/example_subdag_operator.py
[2023-01-15T00:24:11.862+0000] {processor.py:766} INFO - DAG(s) dict_keys(['example_subdag_operator.section-1', 'example_subdag_operator.section-2', 'example_subdag_operator']) retrieved from /home/airflow/.local/lib/python3.7/site-packages/airflow/example_dags/example_subdag_operator.py
[2023-01-15T00:24:11.995+0000] {logging_mixin.py:120} INFO - [2023-01-15T00:24:11.995+0000] {dag.py:2585} INFO - Sync 3 DAGs
[2023-01-15T00:24:12.012+0000] {logging_mixin.py:120} INFO - [2023-01-15T00:24:12.012+0000] {dag.py:3340} INFO - Setting next_dagrun for example_subdag_operator to 2022-01-01T00:00:00+00:00, run_after=2022-01-01T00:00:00+00:00
[2023-01-15T00:24:12.014+0000] {logging_mixin.py:120} INFO - [2023-01-15T00:24:12.014+0000] {dag.py:3340} INFO - Setting next_dagrun for example_subdag_operator.section-1 to None, run_after=None
[2023-01-15T00:24:12.014+0000] {logging_mixin.py:120} INFO - [2023-01-15T00:24:12.014+0000] {dag.py:3340} INFO - Setting next_dagrun for example_subdag_operator.section-2 to None, run_after=None
[2023-01-15T00:24:12.019+0000] {logging_mixin.py:120} INFO - [2023-01-15T00:24:12.019+0000] {dag.py:2585} INFO - Sync 2 DAGs
[2023-01-15T00:24:12.022+0000] {logging_mixin.py:120} INFO - [2023-01-15T00:24:12.022+0000] {dag.py:3340} INFO - Setting next_dagrun for example_subdag_operator.section-1 to None, run_after=None
[2023-01-15T00:24:12.022+0000] {logging_mixin.py:120} INFO - [2023-01-15T00:24:12.022+0000] {dag.py:3340} INFO - Setting next_dagrun for example_subdag_operator.section-2 to None, run_after=None
[2023-01-15T00:24:12.030+0000] {processor.py:176} INFO - Processing /home/airflow/.local/lib/python3.7/site-packages/airflow/example_dags/example_subdag_operator.py took 0.190 seconds
[2023-01-15T00:24:42.111+0000] {processor.py:154} INFO - Started process (PID=1196) to work on /home/airflow/.local/lib/python3.7/site-packages/airflow/example_dags/example_subdag_operator.py
[2023-01-15T00:24:42.112+0000] {processor.py:756} INFO - Processing file /home/airflow/.local/lib/python3.7/site-packages/airflow/example_dags/example_subdag_operator.py for tasks to queue
[2023-01-15T00:24:42.113+0000] {logging_mixin.py:120} INFO - [2023-01-15T00:24:42.113+0000] {dagbag.py:537} INFO - Filling up the DagBag from /home/airflow/.local/lib/python3.7/site-packages/airflow/example_dags/example_subdag_operator.py
[2023-01-15T00:24:42.131+0000] {processor.py:766} INFO - DAG(s) dict_keys(['example_subdag_operator.section-1', 'example_subdag_operator.section-2', 'example_subdag_operator']) retrieved from /home/airflow/.local/lib/python3.7/site-packages/airflow/example_dags/example_subdag_operator.py
[2023-01-15T00:24:42.253+0000] {logging_mixin.py:120} INFO - [2023-01-15T00:24:42.253+0000] {dag.py:2585} INFO - Sync 3 DAGs
[2023-01-15T00:24:42.267+0000] {logging_mixin.py:120} INFO - [2023-01-15T00:24:42.267+0000] {dag.py:3340} INFO - Setting next_dagrun for example_subdag_operator to 2022-01-01T00:00:00+00:00, run_after=2022-01-01T00:00:00+00:00
[2023-01-15T00:24:42.269+0000] {logging_mixin.py:120} INFO - [2023-01-15T00:24:42.269+0000] {dag.py:3340} INFO - Setting next_dagrun for example_subdag_operator.section-1 to None, run_after=None
[2023-01-15T00:24:42.270+0000] {logging_mixin.py:120} INFO - [2023-01-15T00:24:42.270+0000] {dag.py:3340} INFO - Setting next_dagrun for example_subdag_operator.section-2 to None, run_after=None
[2023-01-15T00:24:42.275+0000] {logging_mixin.py:120} INFO - [2023-01-15T00:24:42.275+0000] {dag.py:2585} INFO - Sync 2 DAGs
[2023-01-15T00:24:42.279+0000] {logging_mixin.py:120} INFO - [2023-01-15T00:24:42.279+0000] {dag.py:3340} INFO - Setting next_dagrun for example_subdag_operator.section-1 to None, run_after=None
[2023-01-15T00:24:42.279+0000] {logging_mixin.py:120} INFO - [2023-01-15T00:24:42.279+0000] {dag.py:3340} INFO - Setting next_dagrun for example_subdag_operator.section-2 to None, run_after=None
[2023-01-15T00:24:42.287+0000] {processor.py:176} INFO - Processing /home/airflow/.local/lib/python3.7/site-packages/airflow/example_dags/example_subdag_operator.py took 0.177 seconds
[2023-01-15T00:25:13.022+0000] {processor.py:154} INFO - Started process (PID=1259) to work on /home/airflow/.local/lib/python3.7/site-packages/airflow/example_dags/example_subdag_operator.py
[2023-01-15T00:25:13.023+0000] {processor.py:756} INFO - Processing file /home/airflow/.local/lib/python3.7/site-packages/airflow/example_dags/example_subdag_operator.py for tasks to queue
[2023-01-15T00:25:13.023+0000] {logging_mixin.py:120} INFO - [2023-01-15T00:25:13.023+0000] {dagbag.py:537} INFO - Filling up the DagBag from /home/airflow/.local/lib/python3.7/site-packages/airflow/example_dags/example_subdag_operator.py
[2023-01-15T00:25:13.044+0000] {processor.py:766} INFO - DAG(s) dict_keys(['example_subdag_operator.section-1', 'example_subdag_operator.section-2', 'example_subdag_operator']) retrieved from /home/airflow/.local/lib/python3.7/site-packages/airflow/example_dags/example_subdag_operator.py
[2023-01-15T00:25:13.164+0000] {logging_mixin.py:120} INFO - [2023-01-15T00:25:13.164+0000] {dag.py:2585} INFO - Sync 3 DAGs
[2023-01-15T00:25:13.181+0000] {logging_mixin.py:120} INFO - [2023-01-15T00:25:13.181+0000] {dag.py:3340} INFO - Setting next_dagrun for example_subdag_operator to 2022-01-01T00:00:00+00:00, run_after=2022-01-01T00:00:00+00:00
[2023-01-15T00:25:13.184+0000] {logging_mixin.py:120} INFO - [2023-01-15T00:25:13.184+0000] {dag.py:3340} INFO - Setting next_dagrun for example_subdag_operator.section-1 to None, run_after=None
[2023-01-15T00:25:13.185+0000] {logging_mixin.py:120} INFO - [2023-01-15T00:25:13.185+0000] {dag.py:3340} INFO - Setting next_dagrun for example_subdag_operator.section-2 to None, run_after=None
[2023-01-15T00:25:13.190+0000] {logging_mixin.py:120} INFO - [2023-01-15T00:25:13.190+0000] {dag.py:2585} INFO - Sync 2 DAGs
[2023-01-15T00:25:13.195+0000] {logging_mixin.py:120} INFO - [2023-01-15T00:25:13.195+0000] {dag.py:3340} INFO - Setting next_dagrun for example_subdag_operator.section-1 to None, run_after=None
[2023-01-15T00:25:13.195+0000] {logging_mixin.py:120} INFO - [2023-01-15T00:25:13.195+0000] {dag.py:3340} INFO - Setting next_dagrun for example_subdag_operator.section-2 to None, run_after=None
[2023-01-15T00:25:13.203+0000] {processor.py:176} INFO - Processing /home/airflow/.local/lib/python3.7/site-packages/airflow/example_dags/example_subdag_operator.py took 0.182 seconds
[2023-01-15T00:25:44.088+0000] {processor.py:154} INFO - Started process (PID=1323) to work on /home/airflow/.local/lib/python3.7/site-packages/airflow/example_dags/example_subdag_operator.py
[2023-01-15T00:25:44.089+0000] {processor.py:756} INFO - Processing file /home/airflow/.local/lib/python3.7/site-packages/airflow/example_dags/example_subdag_operator.py for tasks to queue
[2023-01-15T00:25:44.089+0000] {logging_mixin.py:120} INFO - [2023-01-15T00:25:44.089+0000] {dagbag.py:537} INFO - Filling up the DagBag from /home/airflow/.local/lib/python3.7/site-packages/airflow/example_dags/example_subdag_operator.py
[2023-01-15T00:25:44.109+0000] {processor.py:766} INFO - DAG(s) dict_keys(['example_subdag_operator.section-1', 'example_subdag_operator.section-2', 'example_subdag_operator']) retrieved from /home/airflow/.local/lib/python3.7/site-packages/airflow/example_dags/example_subdag_operator.py
[2023-01-15T00:25:44.245+0000] {logging_mixin.py:120} INFO - [2023-01-15T00:25:44.245+0000] {dag.py:2585} INFO - Sync 3 DAGs
[2023-01-15T00:25:44.260+0000] {logging_mixin.py:120} INFO - [2023-01-15T00:25:44.260+0000] {dag.py:3340} INFO - Setting next_dagrun for example_subdag_operator to 2022-01-01T00:00:00+00:00, run_after=2022-01-01T00:00:00+00:00
[2023-01-15T00:25:44.262+0000] {logging_mixin.py:120} INFO - [2023-01-15T00:25:44.262+0000] {dag.py:3340} INFO - Setting next_dagrun for example_subdag_operator.section-1 to None, run_after=None
[2023-01-15T00:25:44.263+0000] {logging_mixin.py:120} INFO - [2023-01-15T00:25:44.263+0000] {dag.py:3340} INFO - Setting next_dagrun for example_subdag_operator.section-2 to None, run_after=None
[2023-01-15T00:25:44.268+0000] {logging_mixin.py:120} INFO - [2023-01-15T00:25:44.268+0000] {dag.py:2585} INFO - Sync 2 DAGs
[2023-01-15T00:25:44.272+0000] {logging_mixin.py:120} INFO - [2023-01-15T00:25:44.272+0000] {dag.py:3340} INFO - Setting next_dagrun for example_subdag_operator.section-1 to None, run_after=None
[2023-01-15T00:25:44.272+0000] {logging_mixin.py:120} INFO - [2023-01-15T00:25:44.272+0000] {dag.py:3340} INFO - Setting next_dagrun for example_subdag_operator.section-2 to None, run_after=None
[2023-01-15T00:25:44.280+0000] {processor.py:176} INFO - Processing /home/airflow/.local/lib/python3.7/site-packages/airflow/example_dags/example_subdag_operator.py took 0.193 seconds
[2023-01-15T00:26:15.217+0000] {processor.py:154} INFO - Started process (PID=1388) to work on /home/airflow/.local/lib/python3.7/site-packages/airflow/example_dags/example_subdag_operator.py
[2023-01-15T00:26:15.217+0000] {processor.py:756} INFO - Processing file /home/airflow/.local/lib/python3.7/site-packages/airflow/example_dags/example_subdag_operator.py for tasks to queue
[2023-01-15T00:26:15.218+0000] {logging_mixin.py:120} INFO - [2023-01-15T00:26:15.217+0000] {dagbag.py:537} INFO - Filling up the DagBag from /home/airflow/.local/lib/python3.7/site-packages/airflow/example_dags/example_subdag_operator.py
[2023-01-15T00:26:15.238+0000] {processor.py:766} INFO - DAG(s) dict_keys(['example_subdag_operator.section-1', 'example_subdag_operator.section-2', 'example_subdag_operator']) retrieved from /home/airflow/.local/lib/python3.7/site-packages/airflow/example_dags/example_subdag_operator.py
[2023-01-15T00:26:15.373+0000] {logging_mixin.py:120} INFO - [2023-01-15T00:26:15.373+0000] {dag.py:2585} INFO - Sync 3 DAGs
[2023-01-15T00:26:15.392+0000] {logging_mixin.py:120} INFO - [2023-01-15T00:26:15.391+0000] {dag.py:3340} INFO - Setting next_dagrun for example_subdag_operator to 2022-01-01T00:00:00+00:00, run_after=2022-01-01T00:00:00+00:00
[2023-01-15T00:26:15.394+0000] {logging_mixin.py:120} INFO - [2023-01-15T00:26:15.394+0000] {dag.py:3340} INFO - Setting next_dagrun for example_subdag_operator.section-1 to None, run_after=None
[2023-01-15T00:26:15.395+0000] {logging_mixin.py:120} INFO - [2023-01-15T00:26:15.395+0000] {dag.py:3340} INFO - Setting next_dagrun for example_subdag_operator.section-2 to None, run_after=None
[2023-01-15T00:26:15.400+0000] {logging_mixin.py:120} INFO - [2023-01-15T00:26:15.400+0000] {dag.py:2585} INFO - Sync 2 DAGs
[2023-01-15T00:26:15.404+0000] {logging_mixin.py:120} INFO - [2023-01-15T00:26:15.404+0000] {dag.py:3340} INFO - Setting next_dagrun for example_subdag_operator.section-1 to None, run_after=None
[2023-01-15T00:26:15.404+0000] {logging_mixin.py:120} INFO - [2023-01-15T00:26:15.404+0000] {dag.py:3340} INFO - Setting next_dagrun for example_subdag_operator.section-2 to None, run_after=None
[2023-01-15T00:26:15.412+0000] {processor.py:176} INFO - Processing /home/airflow/.local/lib/python3.7/site-packages/airflow/example_dags/example_subdag_operator.py took 0.197 seconds
[2023-01-15T00:26:46.391+0000] {processor.py:154} INFO - Started process (PID=1444) to work on /home/airflow/.local/lib/python3.7/site-packages/airflow/example_dags/example_subdag_operator.py
[2023-01-15T00:26:46.392+0000] {processor.py:756} INFO - Processing file /home/airflow/.local/lib/python3.7/site-packages/airflow/example_dags/example_subdag_operator.py for tasks to queue
[2023-01-15T00:26:46.392+0000] {logging_mixin.py:120} INFO - [2023-01-15T00:26:46.392+0000] {dagbag.py:537} INFO - Filling up the DagBag from /home/airflow/.local/lib/python3.7/site-packages/airflow/example_dags/example_subdag_operator.py
[2023-01-15T00:26:46.413+0000] {processor.py:766} INFO - DAG(s) dict_keys(['example_subdag_operator.section-1', 'example_subdag_operator.section-2', 'example_subdag_operator']) retrieved from /home/airflow/.local/lib/python3.7/site-packages/airflow/example_dags/example_subdag_operator.py
[2023-01-15T00:26:46.536+0000] {logging_mixin.py:120} INFO - [2023-01-15T00:26:46.536+0000] {dag.py:2585} INFO - Sync 3 DAGs
[2023-01-15T00:26:46.554+0000] {logging_mixin.py:120} INFO - [2023-01-15T00:26:46.554+0000] {dag.py:3340} INFO - Setting next_dagrun for example_subdag_operator to 2022-01-01T00:00:00+00:00, run_after=2022-01-01T00:00:00+00:00
[2023-01-15T00:26:46.557+0000] {logging_mixin.py:120} INFO - [2023-01-15T00:26:46.556+0000] {dag.py:3340} INFO - Setting next_dagrun for example_subdag_operator.section-1 to None, run_after=None
[2023-01-15T00:26:46.557+0000] {logging_mixin.py:120} INFO - [2023-01-15T00:26:46.557+0000] {dag.py:3340} INFO - Setting next_dagrun for example_subdag_operator.section-2 to None, run_after=None
[2023-01-15T00:26:46.562+0000] {logging_mixin.py:120} INFO - [2023-01-15T00:26:46.562+0000] {dag.py:2585} INFO - Sync 2 DAGs
[2023-01-15T00:26:46.566+0000] {logging_mixin.py:120} INFO - [2023-01-15T00:26:46.566+0000] {dag.py:3340} INFO - Setting next_dagrun for example_subdag_operator.section-1 to None, run_after=None
[2023-01-15T00:26:46.567+0000] {logging_mixin.py:120} INFO - [2023-01-15T00:26:46.567+0000] {dag.py:3340} INFO - Setting next_dagrun for example_subdag_operator.section-2 to None, run_after=None
[2023-01-15T00:26:46.575+0000] {processor.py:176} INFO - Processing /home/airflow/.local/lib/python3.7/site-packages/airflow/example_dags/example_subdag_operator.py took 0.185 seconds
[2023-01-15T00:27:16.858+0000] {processor.py:154} INFO - Started process (PID=1509) to work on /home/airflow/.local/lib/python3.7/site-packages/airflow/example_dags/example_subdag_operator.py
[2023-01-15T00:27:16.859+0000] {processor.py:756} INFO - Processing file /home/airflow/.local/lib/python3.7/site-packages/airflow/example_dags/example_subdag_operator.py for tasks to queue
[2023-01-15T00:27:16.859+0000] {logging_mixin.py:120} INFO - [2023-01-15T00:27:16.859+0000] {dagbag.py:537} INFO - Filling up the DagBag from /home/airflow/.local/lib/python3.7/site-packages/airflow/example_dags/example_subdag_operator.py
[2023-01-15T00:27:16.878+0000] {processor.py:766} INFO - DAG(s) dict_keys(['example_subdag_operator.section-1', 'example_subdag_operator.section-2', 'example_subdag_operator']) retrieved from /home/airflow/.local/lib/python3.7/site-packages/airflow/example_dags/example_subdag_operator.py
[2023-01-15T00:27:17.006+0000] {logging_mixin.py:120} INFO - [2023-01-15T00:27:17.006+0000] {dag.py:2585} INFO - Sync 3 DAGs
[2023-01-15T00:27:17.022+0000] {logging_mixin.py:120} INFO - [2023-01-15T00:27:17.021+0000] {dag.py:3340} INFO - Setting next_dagrun for example_subdag_operator to 2022-01-01T00:00:00+00:00, run_after=2022-01-01T00:00:00+00:00
[2023-01-15T00:27:17.024+0000] {logging_mixin.py:120} INFO - [2023-01-15T00:27:17.024+0000] {dag.py:3340} INFO - Setting next_dagrun for example_subdag_operator.section-1 to None, run_after=None
[2023-01-15T00:27:17.024+0000] {logging_mixin.py:120} INFO - [2023-01-15T00:27:17.024+0000] {dag.py:3340} INFO - Setting next_dagrun for example_subdag_operator.section-2 to None, run_after=None
[2023-01-15T00:27:17.029+0000] {logging_mixin.py:120} INFO - [2023-01-15T00:27:17.029+0000] {dag.py:2585} INFO - Sync 2 DAGs
[2023-01-15T00:27:17.033+0000] {logging_mixin.py:120} INFO - [2023-01-15T00:27:17.033+0000] {dag.py:3340} INFO - Setting next_dagrun for example_subdag_operator.section-1 to None, run_after=None
[2023-01-15T00:27:17.033+0000] {logging_mixin.py:120} INFO - [2023-01-15T00:27:17.033+0000] {dag.py:3340} INFO - Setting next_dagrun for example_subdag_operator.section-2 to None, run_after=None
[2023-01-15T00:27:17.041+0000] {processor.py:176} INFO - Processing /home/airflow/.local/lib/python3.7/site-packages/airflow/example_dags/example_subdag_operator.py took 0.185 seconds
[2023-01-15T00:27:47.119+0000] {processor.py:154} INFO - Started process (PID=1573) to work on /home/airflow/.local/lib/python3.7/site-packages/airflow/example_dags/example_subdag_operator.py
[2023-01-15T00:27:47.120+0000] {processor.py:756} INFO - Processing file /home/airflow/.local/lib/python3.7/site-packages/airflow/example_dags/example_subdag_operator.py for tasks to queue
[2023-01-15T00:27:47.120+0000] {logging_mixin.py:120} INFO - [2023-01-15T00:27:47.120+0000] {dagbag.py:537} INFO - Filling up the DagBag from /home/airflow/.local/lib/python3.7/site-packages/airflow/example_dags/example_subdag_operator.py
[2023-01-15T00:27:47.143+0000] {processor.py:766} INFO - DAG(s) dict_keys(['example_subdag_operator.section-1', 'example_subdag_operator.section-2', 'example_subdag_operator']) retrieved from /home/airflow/.local/lib/python3.7/site-packages/airflow/example_dags/example_subdag_operator.py
[2023-01-15T00:27:47.268+0000] {logging_mixin.py:120} INFO - [2023-01-15T00:27:47.268+0000] {dag.py:2585} INFO - Sync 3 DAGs
[2023-01-15T00:27:47.285+0000] {logging_mixin.py:120} INFO - [2023-01-15T00:27:47.285+0000] {dag.py:3340} INFO - Setting next_dagrun for example_subdag_operator to 2022-01-01T00:00:00+00:00, run_after=2022-01-01T00:00:00+00:00
[2023-01-15T00:27:47.287+0000] {logging_mixin.py:120} INFO - [2023-01-15T00:27:47.287+0000] {dag.py:3340} INFO - Setting next_dagrun for example_subdag_operator.section-1 to None, run_after=None
[2023-01-15T00:27:47.288+0000] {logging_mixin.py:120} INFO - [2023-01-15T00:27:47.288+0000] {dag.py:3340} INFO - Setting next_dagrun for example_subdag_operator.section-2 to None, run_after=None
[2023-01-15T00:27:47.292+0000] {logging_mixin.py:120} INFO - [2023-01-15T00:27:47.292+0000] {dag.py:2585} INFO - Sync 2 DAGs
[2023-01-15T00:27:47.296+0000] {logging_mixin.py:120} INFO - [2023-01-15T00:27:47.295+0000] {dag.py:3340} INFO - Setting next_dagrun for example_subdag_operator.section-1 to None, run_after=None
[2023-01-15T00:27:47.296+0000] {logging_mixin.py:120} INFO - [2023-01-15T00:27:47.296+0000] {dag.py:3340} INFO - Setting next_dagrun for example_subdag_operator.section-2 to None, run_after=None
[2023-01-15T00:27:47.303+0000] {processor.py:176} INFO - Processing /home/airflow/.local/lib/python3.7/site-packages/airflow/example_dags/example_subdag_operator.py took 0.187 seconds
[2023-01-15T00:28:17.426+0000] {processor.py:154} INFO - Started process (PID=1638) to work on /home/airflow/.local/lib/python3.7/site-packages/airflow/example_dags/example_subdag_operator.py
[2023-01-15T00:28:17.427+0000] {processor.py:756} INFO - Processing file /home/airflow/.local/lib/python3.7/site-packages/airflow/example_dags/example_subdag_operator.py for tasks to queue
[2023-01-15T00:28:17.427+0000] {logging_mixin.py:120} INFO - [2023-01-15T00:28:17.427+0000] {dagbag.py:537} INFO - Filling up the DagBag from /home/airflow/.local/lib/python3.7/site-packages/airflow/example_dags/example_subdag_operator.py
[2023-01-15T00:28:17.448+0000] {processor.py:766} INFO - DAG(s) dict_keys(['example_subdag_operator.section-1', 'example_subdag_operator.section-2', 'example_subdag_operator']) retrieved from /home/airflow/.local/lib/python3.7/site-packages/airflow/example_dags/example_subdag_operator.py
[2023-01-15T00:28:17.576+0000] {logging_mixin.py:120} INFO - [2023-01-15T00:28:17.576+0000] {dag.py:2585} INFO - Sync 3 DAGs
[2023-01-15T00:28:17.593+0000] {logging_mixin.py:120} INFO - [2023-01-15T00:28:17.593+0000] {dag.py:3340} INFO - Setting next_dagrun for example_subdag_operator to 2022-01-01T00:00:00+00:00, run_after=2022-01-01T00:00:00+00:00
[2023-01-15T00:28:17.595+0000] {logging_mixin.py:120} INFO - [2023-01-15T00:28:17.595+0000] {dag.py:3340} INFO - Setting next_dagrun for example_subdag_operator.section-1 to None, run_after=None
[2023-01-15T00:28:17.596+0000] {logging_mixin.py:120} INFO - [2023-01-15T00:28:17.596+0000] {dag.py:3340} INFO - Setting next_dagrun for example_subdag_operator.section-2 to None, run_after=None
[2023-01-15T00:28:17.600+0000] {logging_mixin.py:120} INFO - [2023-01-15T00:28:17.600+0000] {dag.py:2585} INFO - Sync 2 DAGs
[2023-01-15T00:28:17.604+0000] {logging_mixin.py:120} INFO - [2023-01-15T00:28:17.604+0000] {dag.py:3340} INFO - Setting next_dagrun for example_subdag_operator.section-1 to None, run_after=None
[2023-01-15T00:28:17.604+0000] {logging_mixin.py:120} INFO - [2023-01-15T00:28:17.604+0000] {dag.py:3340} INFO - Setting next_dagrun for example_subdag_operator.section-2 to None, run_after=None
[2023-01-15T00:28:17.611+0000] {processor.py:176} INFO - Processing /home/airflow/.local/lib/python3.7/site-packages/airflow/example_dags/example_subdag_operator.py took 0.187 seconds
[2023-01-15T00:28:48.459+0000] {processor.py:154} INFO - Started process (PID=1703) to work on /home/airflow/.local/lib/python3.7/site-packages/airflow/example_dags/example_subdag_operator.py
[2023-01-15T00:28:48.459+0000] {processor.py:756} INFO - Processing file /home/airflow/.local/lib/python3.7/site-packages/airflow/example_dags/example_subdag_operator.py for tasks to queue
[2023-01-15T00:28:48.459+0000] {logging_mixin.py:120} INFO - [2023-01-15T00:28:48.459+0000] {dagbag.py:537} INFO - Filling up the DagBag from /home/airflow/.local/lib/python3.7/site-packages/airflow/example_dags/example_subdag_operator.py
[2023-01-15T00:28:48.514+0000] {processor.py:766} INFO - DAG(s) dict_keys(['example_subdag_operator.section-1', 'example_subdag_operator.section-2', 'example_subdag_operator']) retrieved from /home/airflow/.local/lib/python3.7/site-packages/airflow/example_dags/example_subdag_operator.py
[2023-01-15T00:28:48.686+0000] {logging_mixin.py:120} INFO - [2023-01-15T00:28:48.686+0000] {dag.py:2585} INFO - Sync 3 DAGs
[2023-01-15T00:28:48.701+0000] {logging_mixin.py:120} INFO - [2023-01-15T00:28:48.701+0000] {dag.py:3340} INFO - Setting next_dagrun for example_subdag_operator to 2022-01-01T00:00:00+00:00, run_after=2022-01-01T00:00:00+00:00
[2023-01-15T00:28:48.703+0000] {logging_mixin.py:120} INFO - [2023-01-15T00:28:48.703+0000] {dag.py:3340} INFO - Setting next_dagrun for example_subdag_operator.section-1 to None, run_after=None
[2023-01-15T00:28:48.704+0000] {logging_mixin.py:120} INFO - [2023-01-15T00:28:48.704+0000] {dag.py:3340} INFO - Setting next_dagrun for example_subdag_operator.section-2 to None, run_after=None
[2023-01-15T00:28:48.709+0000] {logging_mixin.py:120} INFO - [2023-01-15T00:28:48.709+0000] {dag.py:2585} INFO - Sync 2 DAGs
[2023-01-15T00:28:48.713+0000] {logging_mixin.py:120} INFO - [2023-01-15T00:28:48.713+0000] {dag.py:3340} INFO - Setting next_dagrun for example_subdag_operator.section-1 to None, run_after=None
[2023-01-15T00:28:48.713+0000] {logging_mixin.py:120} INFO - [2023-01-15T00:28:48.713+0000] {dag.py:3340} INFO - Setting next_dagrun for example_subdag_operator.section-2 to None, run_after=None
[2023-01-15T00:28:48.722+0000] {processor.py:176} INFO - Processing /home/airflow/.local/lib/python3.7/site-packages/airflow/example_dags/example_subdag_operator.py took 0.265 seconds
[2023-01-15T00:29:19.657+0000] {processor.py:154} INFO - Started process (PID=1759) to work on /home/airflow/.local/lib/python3.7/site-packages/airflow/example_dags/example_subdag_operator.py
[2023-01-15T00:29:19.658+0000] {processor.py:756} INFO - Processing file /home/airflow/.local/lib/python3.7/site-packages/airflow/example_dags/example_subdag_operator.py for tasks to queue
[2023-01-15T00:29:19.658+0000] {logging_mixin.py:120} INFO - [2023-01-15T00:29:19.658+0000] {dagbag.py:537} INFO - Filling up the DagBag from /home/airflow/.local/lib/python3.7/site-packages/airflow/example_dags/example_subdag_operator.py
[2023-01-15T00:29:19.679+0000] {processor.py:766} INFO - DAG(s) dict_keys(['example_subdag_operator.section-1', 'example_subdag_operator.section-2', 'example_subdag_operator']) retrieved from /home/airflow/.local/lib/python3.7/site-packages/airflow/example_dags/example_subdag_operator.py
[2023-01-15T00:29:19.803+0000] {logging_mixin.py:120} INFO - [2023-01-15T00:29:19.803+0000] {dag.py:2585} INFO - Sync 3 DAGs
[2023-01-15T00:29:19.819+0000] {logging_mixin.py:120} INFO - [2023-01-15T00:29:19.819+0000] {dag.py:3340} INFO - Setting next_dagrun for example_subdag_operator to 2022-01-01T00:00:00+00:00, run_after=2022-01-01T00:00:00+00:00
[2023-01-15T00:29:19.822+0000] {logging_mixin.py:120} INFO - [2023-01-15T00:29:19.821+0000] {dag.py:3340} INFO - Setting next_dagrun for example_subdag_operator.section-1 to None, run_after=None
[2023-01-15T00:29:19.822+0000] {logging_mixin.py:120} INFO - [2023-01-15T00:29:19.822+0000] {dag.py:3340} INFO - Setting next_dagrun for example_subdag_operator.section-2 to None, run_after=None
[2023-01-15T00:29:19.827+0000] {logging_mixin.py:120} INFO - [2023-01-15T00:29:19.827+0000] {dag.py:2585} INFO - Sync 2 DAGs
[2023-01-15T00:29:19.831+0000] {logging_mixin.py:120} INFO - [2023-01-15T00:29:19.831+0000] {dag.py:3340} INFO - Setting next_dagrun for example_subdag_operator.section-1 to None, run_after=None
[2023-01-15T00:29:19.831+0000] {logging_mixin.py:120} INFO - [2023-01-15T00:29:19.831+0000] {dag.py:3340} INFO - Setting next_dagrun for example_subdag_operator.section-2 to None, run_after=None
[2023-01-15T00:29:19.839+0000] {processor.py:176} INFO - Processing /home/airflow/.local/lib/python3.7/site-packages/airflow/example_dags/example_subdag_operator.py took 0.184 seconds
[2023-01-15T00:29:49.893+0000] {processor.py:154} INFO - Started process (PID=1825) to work on /home/airflow/.local/lib/python3.7/site-packages/airflow/example_dags/example_subdag_operator.py
[2023-01-15T00:29:49.893+0000] {processor.py:756} INFO - Processing file /home/airflow/.local/lib/python3.7/site-packages/airflow/example_dags/example_subdag_operator.py for tasks to queue
[2023-01-15T00:29:49.894+0000] {logging_mixin.py:120} INFO - [2023-01-15T00:29:49.894+0000] {dagbag.py:537} INFO - Filling up the DagBag from /home/airflow/.local/lib/python3.7/site-packages/airflow/example_dags/example_subdag_operator.py
[2023-01-15T00:29:49.915+0000] {processor.py:766} INFO - DAG(s) dict_keys(['example_subdag_operator.section-1', 'example_subdag_operator.section-2', 'example_subdag_operator']) retrieved from /home/airflow/.local/lib/python3.7/site-packages/airflow/example_dags/example_subdag_operator.py
[2023-01-15T00:29:50.048+0000] {logging_mixin.py:120} INFO - [2023-01-15T00:29:50.048+0000] {dag.py:2585} INFO - Sync 3 DAGs
[2023-01-15T00:29:50.064+0000] {logging_mixin.py:120} INFO - [2023-01-15T00:29:50.064+0000] {dag.py:3340} INFO - Setting next_dagrun for example_subdag_operator to 2022-01-01T00:00:00+00:00, run_after=2022-01-01T00:00:00+00:00
[2023-01-15T00:29:50.067+0000] {logging_mixin.py:120} INFO - [2023-01-15T00:29:50.066+0000] {dag.py:3340} INFO - Setting next_dagrun for example_subdag_operator.section-1 to None, run_after=None
[2023-01-15T00:29:50.067+0000] {logging_mixin.py:120} INFO - [2023-01-15T00:29:50.067+0000] {dag.py:3340} INFO - Setting next_dagrun for example_subdag_operator.section-2 to None, run_after=None
[2023-01-15T00:29:50.071+0000] {logging_mixin.py:120} INFO - [2023-01-15T00:29:50.071+0000] {dag.py:2585} INFO - Sync 2 DAGs
[2023-01-15T00:29:50.075+0000] {logging_mixin.py:120} INFO - [2023-01-15T00:29:50.075+0000] {dag.py:3340} INFO - Setting next_dagrun for example_subdag_operator.section-1 to None, run_after=None
[2023-01-15T00:29:50.075+0000] {logging_mixin.py:120} INFO - [2023-01-15T00:29:50.075+0000] {dag.py:3340} INFO - Setting next_dagrun for example_subdag_operator.section-2 to None, run_after=None
[2023-01-15T00:29:50.084+0000] {processor.py:176} INFO - Processing /home/airflow/.local/lib/python3.7/site-packages/airflow/example_dags/example_subdag_operator.py took 0.193 seconds
[2023-01-15T00:30:21.004+0000] {processor.py:154} INFO - Started process (PID=1890) to work on /home/airflow/.local/lib/python3.7/site-packages/airflow/example_dags/example_subdag_operator.py
[2023-01-15T00:30:21.004+0000] {processor.py:756} INFO - Processing file /home/airflow/.local/lib/python3.7/site-packages/airflow/example_dags/example_subdag_operator.py for tasks to queue
[2023-01-15T00:30:21.005+0000] {logging_mixin.py:120} INFO - [2023-01-15T00:30:21.004+0000] {dagbag.py:537} INFO - Filling up the DagBag from /home/airflow/.local/lib/python3.7/site-packages/airflow/example_dags/example_subdag_operator.py
[2023-01-15T00:30:21.023+0000] {processor.py:766} INFO - DAG(s) dict_keys(['example_subdag_operator.section-1', 'example_subdag_operator.section-2', 'example_subdag_operator']) retrieved from /home/airflow/.local/lib/python3.7/site-packages/airflow/example_dags/example_subdag_operator.py
[2023-01-15T00:30:21.143+0000] {logging_mixin.py:120} INFO - [2023-01-15T00:30:21.142+0000] {dag.py:2585} INFO - Sync 3 DAGs
[2023-01-15T00:30:21.157+0000] {logging_mixin.py:120} INFO - [2023-01-15T00:30:21.157+0000] {dag.py:3340} INFO - Setting next_dagrun for example_subdag_operator to 2022-01-01T00:00:00+00:00, run_after=2022-01-01T00:00:00+00:00
[2023-01-15T00:30:21.159+0000] {logging_mixin.py:120} INFO - [2023-01-15T00:30:21.159+0000] {dag.py:3340} INFO - Setting next_dagrun for example_subdag_operator.section-1 to None, run_after=None
[2023-01-15T00:30:21.160+0000] {logging_mixin.py:120} INFO - [2023-01-15T00:30:21.160+0000] {dag.py:3340} INFO - Setting next_dagrun for example_subdag_operator.section-2 to None, run_after=None
[2023-01-15T00:30:21.165+0000] {logging_mixin.py:120} INFO - [2023-01-15T00:30:21.164+0000] {dag.py:2585} INFO - Sync 2 DAGs
[2023-01-15T00:30:21.168+0000] {logging_mixin.py:120} INFO - [2023-01-15T00:30:21.168+0000] {dag.py:3340} INFO - Setting next_dagrun for example_subdag_operator.section-1 to None, run_after=None
[2023-01-15T00:30:21.169+0000] {logging_mixin.py:120} INFO - [2023-01-15T00:30:21.168+0000] {dag.py:3340} INFO - Setting next_dagrun for example_subdag_operator.section-2 to None, run_after=None
[2023-01-15T00:30:21.176+0000] {processor.py:176} INFO - Processing /home/airflow/.local/lib/python3.7/site-packages/airflow/example_dags/example_subdag_operator.py took 0.174 seconds
[2023-01-15T00:30:51.951+0000] {processor.py:154} INFO - Started process (PID=1955) to work on /home/airflow/.local/lib/python3.7/site-packages/airflow/example_dags/example_subdag_operator.py
[2023-01-15T00:30:51.952+0000] {processor.py:756} INFO - Processing file /home/airflow/.local/lib/python3.7/site-packages/airflow/example_dags/example_subdag_operator.py for tasks to queue
[2023-01-15T00:30:51.952+0000] {logging_mixin.py:120} INFO - [2023-01-15T00:30:51.952+0000] {dagbag.py:537} INFO - Filling up the DagBag from /home/airflow/.local/lib/python3.7/site-packages/airflow/example_dags/example_subdag_operator.py
[2023-01-15T00:30:51.977+0000] {processor.py:766} INFO - DAG(s) dict_keys(['example_subdag_operator.section-1', 'example_subdag_operator.section-2', 'example_subdag_operator']) retrieved from /home/airflow/.local/lib/python3.7/site-packages/airflow/example_dags/example_subdag_operator.py
[2023-01-15T00:30:52.124+0000] {logging_mixin.py:120} INFO - [2023-01-15T00:30:52.124+0000] {dag.py:2585} INFO - Sync 3 DAGs
[2023-01-15T00:30:52.143+0000] {logging_mixin.py:120} INFO - [2023-01-15T00:30:52.143+0000] {dag.py:3340} INFO - Setting next_dagrun for example_subdag_operator to 2022-01-01T00:00:00+00:00, run_after=2022-01-01T00:00:00+00:00
[2023-01-15T00:30:52.146+0000] {logging_mixin.py:120} INFO - [2023-01-15T00:30:52.146+0000] {dag.py:3340} INFO - Setting next_dagrun for example_subdag_operator.section-1 to None, run_after=None
[2023-01-15T00:30:52.147+0000] {logging_mixin.py:120} INFO - [2023-01-15T00:30:52.147+0000] {dag.py:3340} INFO - Setting next_dagrun for example_subdag_operator.section-2 to None, run_after=None
[2023-01-15T00:30:52.153+0000] {logging_mixin.py:120} INFO - [2023-01-15T00:30:52.153+0000] {dag.py:2585} INFO - Sync 2 DAGs
[2023-01-15T00:30:52.157+0000] {logging_mixin.py:120} INFO - [2023-01-15T00:30:52.157+0000] {dag.py:3340} INFO - Setting next_dagrun for example_subdag_operator.section-1 to None, run_after=None
[2023-01-15T00:30:52.157+0000] {logging_mixin.py:120} INFO - [2023-01-15T00:30:52.157+0000] {dag.py:3340} INFO - Setting next_dagrun for example_subdag_operator.section-2 to None, run_after=None
[2023-01-15T00:30:52.167+0000] {processor.py:176} INFO - Processing /home/airflow/.local/lib/python3.7/site-packages/airflow/example_dags/example_subdag_operator.py took 0.219 seconds
[2023-01-15T00:31:23.002+0000] {processor.py:154} INFO - Started process (PID=2019) to work on /home/airflow/.local/lib/python3.7/site-packages/airflow/example_dags/example_subdag_operator.py
[2023-01-15T00:31:23.003+0000] {processor.py:756} INFO - Processing file /home/airflow/.local/lib/python3.7/site-packages/airflow/example_dags/example_subdag_operator.py for tasks to queue
[2023-01-15T00:31:23.003+0000] {logging_mixin.py:120} INFO - [2023-01-15T00:31:23.003+0000] {dagbag.py:537} INFO - Filling up the DagBag from /home/airflow/.local/lib/python3.7/site-packages/airflow/example_dags/example_subdag_operator.py
[2023-01-15T00:31:23.024+0000] {processor.py:766} INFO - DAG(s) dict_keys(['example_subdag_operator.section-1', 'example_subdag_operator.section-2', 'example_subdag_operator']) retrieved from /home/airflow/.local/lib/python3.7/site-packages/airflow/example_dags/example_subdag_operator.py
[2023-01-15T00:31:23.150+0000] {logging_mixin.py:120} INFO - [2023-01-15T00:31:23.150+0000] {dag.py:2585} INFO - Sync 3 DAGs
[2023-01-15T00:31:23.166+0000] {logging_mixin.py:120} INFO - [2023-01-15T00:31:23.165+0000] {dag.py:3340} INFO - Setting next_dagrun for example_subdag_operator to 2022-01-01T00:00:00+00:00, run_after=2022-01-01T00:00:00+00:00
[2023-01-15T00:31:23.168+0000] {logging_mixin.py:120} INFO - [2023-01-15T00:31:23.168+0000] {dag.py:3340} INFO - Setting next_dagrun for example_subdag_operator.section-1 to None, run_after=None
[2023-01-15T00:31:23.168+0000] {logging_mixin.py:120} INFO - [2023-01-15T00:31:23.168+0000] {dag.py:3340} INFO - Setting next_dagrun for example_subdag_operator.section-2 to None, run_after=None
[2023-01-15T00:31:23.173+0000] {logging_mixin.py:120} INFO - [2023-01-15T00:31:23.173+0000] {dag.py:2585} INFO - Sync 2 DAGs
[2023-01-15T00:31:23.177+0000] {logging_mixin.py:120} INFO - [2023-01-15T00:31:23.176+0000] {dag.py:3340} INFO - Setting next_dagrun for example_subdag_operator.section-1 to None, run_after=None
[2023-01-15T00:31:23.177+0000] {logging_mixin.py:120} INFO - [2023-01-15T00:31:23.177+0000] {dag.py:3340} INFO - Setting next_dagrun for example_subdag_operator.section-2 to None, run_after=None
[2023-01-15T00:31:23.183+0000] {processor.py:176} INFO - Processing /home/airflow/.local/lib/python3.7/site-packages/airflow/example_dags/example_subdag_operator.py took 0.183 seconds
[2023-01-15T00:31:53.961+0000] {processor.py:154} INFO - Started process (PID=2084) to work on /home/airflow/.local/lib/python3.7/site-packages/airflow/example_dags/example_subdag_operator.py
[2023-01-15T00:31:53.961+0000] {processor.py:756} INFO - Processing file /home/airflow/.local/lib/python3.7/site-packages/airflow/example_dags/example_subdag_operator.py for tasks to queue
[2023-01-15T00:31:53.961+0000] {logging_mixin.py:120} INFO - [2023-01-15T00:31:53.961+0000] {dagbag.py:537} INFO - Filling up the DagBag from /home/airflow/.local/lib/python3.7/site-packages/airflow/example_dags/example_subdag_operator.py
[2023-01-15T00:31:53.981+0000] {processor.py:766} INFO - DAG(s) dict_keys(['example_subdag_operator.section-1', 'example_subdag_operator.section-2', 'example_subdag_operator']) retrieved from /home/airflow/.local/lib/python3.7/site-packages/airflow/example_dags/example_subdag_operator.py
[2023-01-15T00:31:54.176+0000] {logging_mixin.py:120} INFO - [2023-01-15T00:31:54.176+0000] {dag.py:2585} INFO - Sync 3 DAGs
[2023-01-15T00:31:54.198+0000] {logging_mixin.py:120} INFO - [2023-01-15T00:31:54.198+0000] {dag.py:3340} INFO - Setting next_dagrun for example_subdag_operator to 2022-01-01T00:00:00+00:00, run_after=2022-01-01T00:00:00+00:00
[2023-01-15T00:31:54.201+0000] {logging_mixin.py:120} INFO - [2023-01-15T00:31:54.201+0000] {dag.py:3340} INFO - Setting next_dagrun for example_subdag_operator.section-1 to None, run_after=None
[2023-01-15T00:31:54.202+0000] {logging_mixin.py:120} INFO - [2023-01-15T00:31:54.202+0000] {dag.py:3340} INFO - Setting next_dagrun for example_subdag_operator.section-2 to None, run_after=None
[2023-01-15T00:31:54.208+0000] {logging_mixin.py:120} INFO - [2023-01-15T00:31:54.208+0000] {dag.py:2585} INFO - Sync 2 DAGs
[2023-01-15T00:31:54.212+0000] {logging_mixin.py:120} INFO - [2023-01-15T00:31:54.212+0000] {dag.py:3340} INFO - Setting next_dagrun for example_subdag_operator.section-1 to None, run_after=None
[2023-01-15T00:31:54.213+0000] {logging_mixin.py:120} INFO - [2023-01-15T00:31:54.212+0000] {dag.py:3340} INFO - Setting next_dagrun for example_subdag_operator.section-2 to None, run_after=None
[2023-01-15T00:31:54.221+0000] {processor.py:176} INFO - Processing /home/airflow/.local/lib/python3.7/site-packages/airflow/example_dags/example_subdag_operator.py took 0.262 seconds
[2023-01-15T00:32:24.252+0000] {processor.py:154} INFO - Started process (PID=2140) to work on /home/airflow/.local/lib/python3.7/site-packages/airflow/example_dags/example_subdag_operator.py
[2023-01-15T00:32:24.252+0000] {processor.py:756} INFO - Processing file /home/airflow/.local/lib/python3.7/site-packages/airflow/example_dags/example_subdag_operator.py for tasks to queue
[2023-01-15T00:32:24.253+0000] {logging_mixin.py:120} INFO - [2023-01-15T00:32:24.253+0000] {dagbag.py:537} INFO - Filling up the DagBag from /home/airflow/.local/lib/python3.7/site-packages/airflow/example_dags/example_subdag_operator.py
[2023-01-15T00:32:24.274+0000] {processor.py:766} INFO - DAG(s) dict_keys(['example_subdag_operator.section-1', 'example_subdag_operator.section-2', 'example_subdag_operator']) retrieved from /home/airflow/.local/lib/python3.7/site-packages/airflow/example_dags/example_subdag_operator.py
[2023-01-15T00:32:24.416+0000] {logging_mixin.py:120} INFO - [2023-01-15T00:32:24.416+0000] {dag.py:2585} INFO - Sync 3 DAGs
[2023-01-15T00:32:24.432+0000] {logging_mixin.py:120} INFO - [2023-01-15T00:32:24.432+0000] {dag.py:3340} INFO - Setting next_dagrun for example_subdag_operator to 2022-01-01T00:00:00+00:00, run_after=2022-01-01T00:00:00+00:00
[2023-01-15T00:32:24.434+0000] {logging_mixin.py:120} INFO - [2023-01-15T00:32:24.434+0000] {dag.py:3340} INFO - Setting next_dagrun for example_subdag_operator.section-1 to None, run_after=None
[2023-01-15T00:32:24.435+0000] {logging_mixin.py:120} INFO - [2023-01-15T00:32:24.435+0000] {dag.py:3340} INFO - Setting next_dagrun for example_subdag_operator.section-2 to None, run_after=None
[2023-01-15T00:32:24.439+0000] {logging_mixin.py:120} INFO - [2023-01-15T00:32:24.439+0000] {dag.py:2585} INFO - Sync 2 DAGs
[2023-01-15T00:32:24.443+0000] {logging_mixin.py:120} INFO - [2023-01-15T00:32:24.443+0000] {dag.py:3340} INFO - Setting next_dagrun for example_subdag_operator.section-1 to None, run_after=None
[2023-01-15T00:32:24.443+0000] {logging_mixin.py:120} INFO - [2023-01-15T00:32:24.443+0000] {dag.py:3340} INFO - Setting next_dagrun for example_subdag_operator.section-2 to None, run_after=None
[2023-01-15T00:32:24.450+0000] {processor.py:176} INFO - Processing /home/airflow/.local/lib/python3.7/site-packages/airflow/example_dags/example_subdag_operator.py took 0.200 seconds
[2023-01-15T00:32:54.481+0000] {processor.py:154} INFO - Started process (PID=2206) to work on /home/airflow/.local/lib/python3.7/site-packages/airflow/example_dags/example_subdag_operator.py
[2023-01-15T00:32:54.482+0000] {processor.py:756} INFO - Processing file /home/airflow/.local/lib/python3.7/site-packages/airflow/example_dags/example_subdag_operator.py for tasks to queue
[2023-01-15T00:32:54.482+0000] {logging_mixin.py:120} INFO - [2023-01-15T00:32:54.482+0000] {dagbag.py:537} INFO - Filling up the DagBag from /home/airflow/.local/lib/python3.7/site-packages/airflow/example_dags/example_subdag_operator.py
[2023-01-15T00:32:54.504+0000] {processor.py:766} INFO - DAG(s) dict_keys(['example_subdag_operator.section-1', 'example_subdag_operator.section-2', 'example_subdag_operator']) retrieved from /home/airflow/.local/lib/python3.7/site-packages/airflow/example_dags/example_subdag_operator.py
[2023-01-15T00:32:54.637+0000] {logging_mixin.py:120} INFO - [2023-01-15T00:32:54.637+0000] {dag.py:2585} INFO - Sync 3 DAGs
[2023-01-15T00:32:54.655+0000] {logging_mixin.py:120} INFO - [2023-01-15T00:32:54.655+0000] {dag.py:3340} INFO - Setting next_dagrun for example_subdag_operator to 2022-01-01T00:00:00+00:00, run_after=2022-01-01T00:00:00+00:00
[2023-01-15T00:32:54.658+0000] {logging_mixin.py:120} INFO - [2023-01-15T00:32:54.657+0000] {dag.py:3340} INFO - Setting next_dagrun for example_subdag_operator.section-1 to None, run_after=None
[2023-01-15T00:32:54.658+0000] {logging_mixin.py:120} INFO - [2023-01-15T00:32:54.658+0000] {dag.py:3340} INFO - Setting next_dagrun for example_subdag_operator.section-2 to None, run_after=None
[2023-01-15T00:32:54.663+0000] {logging_mixin.py:120} INFO - [2023-01-15T00:32:54.663+0000] {dag.py:2585} INFO - Sync 2 DAGs
[2023-01-15T00:32:54.667+0000] {logging_mixin.py:120} INFO - [2023-01-15T00:32:54.667+0000] {dag.py:3340} INFO - Setting next_dagrun for example_subdag_operator.section-1 to None, run_after=None
[2023-01-15T00:32:54.667+0000] {logging_mixin.py:120} INFO - [2023-01-15T00:32:54.667+0000] {dag.py:3340} INFO - Setting next_dagrun for example_subdag_operator.section-2 to None, run_after=None
[2023-01-15T00:32:54.675+0000] {processor.py:176} INFO - Processing /home/airflow/.local/lib/python3.7/site-packages/airflow/example_dags/example_subdag_operator.py took 0.196 seconds
[2023-01-15T00:33:24.724+0000] {processor.py:154} INFO - Started process (PID=2271) to work on /home/airflow/.local/lib/python3.7/site-packages/airflow/example_dags/example_subdag_operator.py
[2023-01-15T00:33:24.725+0000] {processor.py:756} INFO - Processing file /home/airflow/.local/lib/python3.7/site-packages/airflow/example_dags/example_subdag_operator.py for tasks to queue
[2023-01-15T00:33:24.725+0000] {logging_mixin.py:120} INFO - [2023-01-15T00:33:24.725+0000] {dagbag.py:537} INFO - Filling up the DagBag from /home/airflow/.local/lib/python3.7/site-packages/airflow/example_dags/example_subdag_operator.py
[2023-01-15T00:33:24.747+0000] {processor.py:766} INFO - DAG(s) dict_keys(['example_subdag_operator.section-1', 'example_subdag_operator.section-2', 'example_subdag_operator']) retrieved from /home/airflow/.local/lib/python3.7/site-packages/airflow/example_dags/example_subdag_operator.py
[2023-01-15T00:33:24.882+0000] {logging_mixin.py:120} INFO - [2023-01-15T00:33:24.882+0000] {dag.py:2585} INFO - Sync 3 DAGs
[2023-01-15T00:33:24.900+0000] {logging_mixin.py:120} INFO - [2023-01-15T00:33:24.900+0000] {dag.py:3340} INFO - Setting next_dagrun for example_subdag_operator to 2022-01-01T00:00:00+00:00, run_after=2022-01-01T00:00:00+00:00
[2023-01-15T00:33:24.902+0000] {logging_mixin.py:120} INFO - [2023-01-15T00:33:24.902+0000] {dag.py:3340} INFO - Setting next_dagrun for example_subdag_operator.section-1 to None, run_after=None
[2023-01-15T00:33:24.902+0000] {logging_mixin.py:120} INFO - [2023-01-15T00:33:24.902+0000] {dag.py:3340} INFO - Setting next_dagrun for example_subdag_operator.section-2 to None, run_after=None
[2023-01-15T00:33:24.907+0000] {logging_mixin.py:120} INFO - [2023-01-15T00:33:24.907+0000] {dag.py:2585} INFO - Sync 2 DAGs
[2023-01-15T00:33:24.912+0000] {logging_mixin.py:120} INFO - [2023-01-15T00:33:24.912+0000] {dag.py:3340} INFO - Setting next_dagrun for example_subdag_operator.section-1 to None, run_after=None
[2023-01-15T00:33:24.912+0000] {logging_mixin.py:120} INFO - [2023-01-15T00:33:24.912+0000] {dag.py:3340} INFO - Setting next_dagrun for example_subdag_operator.section-2 to None, run_after=None
[2023-01-15T00:33:24.920+0000] {processor.py:176} INFO - Processing /home/airflow/.local/lib/python3.7/site-packages/airflow/example_dags/example_subdag_operator.py took 0.198 seconds
