[2023-01-15T00:15:34.051+0000] {processor.py:154} INFO - Started process (PID=72) to work on /home/airflow/.local/lib/python3.7/site-packages/airflow/example_dags/example_branch_labels.py
[2023-01-15T00:15:34.052+0000] {processor.py:756} INFO - Processing file /home/airflow/.local/lib/python3.7/site-packages/airflow/example_dags/example_branch_labels.py for tasks to queue
[2023-01-15T00:15:34.053+0000] {logging_mixin.py:120} INFO - [2023-01-15T00:15:34.053+0000] {dagbag.py:537} INFO - Filling up the DagBag from /home/airflow/.local/lib/python3.7/site-packages/airflow/example_dags/example_branch_labels.py
[2023-01-15T00:15:34.076+0000] {processor.py:766} INFO - DAG(s) dict_keys(['example_branch_labels']) retrieved from /home/airflow/.local/lib/python3.7/site-packages/airflow/example_dags/example_branch_labels.py
[2023-01-15T00:15:34.142+0000] {logging_mixin.py:120} INFO - [2023-01-15T00:15:34.142+0000] {dag.py:2585} INFO - Sync 1 DAGs
[2023-01-15T00:15:34.187+0000] {logging_mixin.py:120} INFO - [2023-01-15T00:15:34.187+0000] {dag.py:3340} INFO - Setting next_dagrun for example_branch_labels to 2023-01-14T00:00:00+00:00, run_after=2023-01-15T00:00:00+00:00
[2023-01-15T00:15:34.217+0000] {processor.py:176} INFO - Processing /home/airflow/.local/lib/python3.7/site-packages/airflow/example_dags/example_branch_labels.py took 0.174 seconds
[2023-01-15T00:16:04.371+0000] {processor.py:154} INFO - Started process (PID=138) to work on /home/airflow/.local/lib/python3.7/site-packages/airflow/example_dags/example_branch_labels.py
[2023-01-15T00:16:04.372+0000] {processor.py:756} INFO - Processing file /home/airflow/.local/lib/python3.7/site-packages/airflow/example_dags/example_branch_labels.py for tasks to queue
[2023-01-15T00:16:04.372+0000] {logging_mixin.py:120} INFO - [2023-01-15T00:16:04.372+0000] {dagbag.py:537} INFO - Filling up the DagBag from /home/airflow/.local/lib/python3.7/site-packages/airflow/example_dags/example_branch_labels.py
[2023-01-15T00:16:04.380+0000] {processor.py:766} INFO - DAG(s) dict_keys(['example_branch_labels']) retrieved from /home/airflow/.local/lib/python3.7/site-packages/airflow/example_dags/example_branch_labels.py
[2023-01-15T00:16:04.403+0000] {logging_mixin.py:120} INFO - [2023-01-15T00:16:04.403+0000] {dag.py:2585} INFO - Sync 1 DAGs
[2023-01-15T00:16:04.419+0000] {logging_mixin.py:120} INFO - [2023-01-15T00:16:04.419+0000] {dag.py:3340} INFO - Setting next_dagrun for example_branch_labels to 2023-01-14T00:00:00+00:00, run_after=2023-01-15T00:00:00+00:00
[2023-01-15T00:16:04.429+0000] {processor.py:176} INFO - Processing /home/airflow/.local/lib/python3.7/site-packages/airflow/example_dags/example_branch_labels.py took 0.061 seconds
[2023-01-15T00:16:34.742+0000] {processor.py:154} INFO - Started process (PID=204) to work on /home/airflow/.local/lib/python3.7/site-packages/airflow/example_dags/example_branch_labels.py
[2023-01-15T00:16:34.742+0000] {processor.py:756} INFO - Processing file /home/airflow/.local/lib/python3.7/site-packages/airflow/example_dags/example_branch_labels.py for tasks to queue
[2023-01-15T00:16:34.743+0000] {logging_mixin.py:120} INFO - [2023-01-15T00:16:34.743+0000] {dagbag.py:537} INFO - Filling up the DagBag from /home/airflow/.local/lib/python3.7/site-packages/airflow/example_dags/example_branch_labels.py
[2023-01-15T00:16:34.757+0000] {processor.py:766} INFO - DAG(s) dict_keys(['example_branch_labels']) retrieved from /home/airflow/.local/lib/python3.7/site-packages/airflow/example_dags/example_branch_labels.py
[2023-01-15T00:16:34.791+0000] {logging_mixin.py:120} INFO - [2023-01-15T00:16:34.791+0000] {dag.py:2585} INFO - Sync 1 DAGs
[2023-01-15T00:16:34.814+0000] {logging_mixin.py:120} INFO - [2023-01-15T00:16:34.814+0000] {dag.py:3340} INFO - Setting next_dagrun for example_branch_labels to 2023-01-14T00:00:00+00:00, run_after=2023-01-15T00:00:00+00:00
[2023-01-15T00:16:34.832+0000] {processor.py:176} INFO - Processing /home/airflow/.local/lib/python3.7/site-packages/airflow/example_dags/example_branch_labels.py took 0.093 seconds
[2023-01-15T00:17:05.012+0000] {processor.py:154} INFO - Started process (PID=260) to work on /home/airflow/.local/lib/python3.7/site-packages/airflow/example_dags/example_branch_labels.py
[2023-01-15T00:17:05.013+0000] {processor.py:756} INFO - Processing file /home/airflow/.local/lib/python3.7/site-packages/airflow/example_dags/example_branch_labels.py for tasks to queue
[2023-01-15T00:17:05.013+0000] {logging_mixin.py:120} INFO - [2023-01-15T00:17:05.013+0000] {dagbag.py:537} INFO - Filling up the DagBag from /home/airflow/.local/lib/python3.7/site-packages/airflow/example_dags/example_branch_labels.py
[2023-01-15T00:17:05.024+0000] {processor.py:766} INFO - DAG(s) dict_keys(['example_branch_labels']) retrieved from /home/airflow/.local/lib/python3.7/site-packages/airflow/example_dags/example_branch_labels.py
[2023-01-15T00:17:05.054+0000] {logging_mixin.py:120} INFO - [2023-01-15T00:17:05.054+0000] {dag.py:2585} INFO - Sync 1 DAGs
[2023-01-15T00:17:05.096+0000] {logging_mixin.py:120} INFO - [2023-01-15T00:17:05.096+0000] {dag.py:3340} INFO - Setting next_dagrun for example_branch_labels to 2023-01-14T00:00:00+00:00, run_after=2023-01-15T00:00:00+00:00
[2023-01-15T00:17:05.116+0000] {processor.py:176} INFO - Processing /home/airflow/.local/lib/python3.7/site-packages/airflow/example_dags/example_branch_labels.py took 0.108 seconds
[2023-01-15T00:17:35.258+0000] {processor.py:154} INFO - Started process (PID=325) to work on /home/airflow/.local/lib/python3.7/site-packages/airflow/example_dags/example_branch_labels.py
[2023-01-15T00:17:35.259+0000] {processor.py:756} INFO - Processing file /home/airflow/.local/lib/python3.7/site-packages/airflow/example_dags/example_branch_labels.py for tasks to queue
[2023-01-15T00:17:35.259+0000] {logging_mixin.py:120} INFO - [2023-01-15T00:17:35.259+0000] {dagbag.py:537} INFO - Filling up the DagBag from /home/airflow/.local/lib/python3.7/site-packages/airflow/example_dags/example_branch_labels.py
[2023-01-15T00:17:35.270+0000] {processor.py:766} INFO - DAG(s) dict_keys(['example_branch_labels']) retrieved from /home/airflow/.local/lib/python3.7/site-packages/airflow/example_dags/example_branch_labels.py
[2023-01-15T00:17:35.295+0000] {logging_mixin.py:120} INFO - [2023-01-15T00:17:35.295+0000] {dag.py:2585} INFO - Sync 1 DAGs
[2023-01-15T00:17:35.314+0000] {logging_mixin.py:120} INFO - [2023-01-15T00:17:35.314+0000] {dag.py:3340} INFO - Setting next_dagrun for example_branch_labels to 2023-01-14T00:00:00+00:00, run_after=2023-01-15T00:00:00+00:00
[2023-01-15T00:17:35.328+0000] {processor.py:176} INFO - Processing /home/airflow/.local/lib/python3.7/site-packages/airflow/example_dags/example_branch_labels.py took 0.071 seconds
[2023-01-15T00:18:05.706+0000] {processor.py:154} INFO - Started process (PID=390) to work on /home/airflow/.local/lib/python3.7/site-packages/airflow/example_dags/example_branch_labels.py
[2023-01-15T00:18:05.707+0000] {processor.py:756} INFO - Processing file /home/airflow/.local/lib/python3.7/site-packages/airflow/example_dags/example_branch_labels.py for tasks to queue
[2023-01-15T00:18:05.707+0000] {logging_mixin.py:120} INFO - [2023-01-15T00:18:05.707+0000] {dagbag.py:537} INFO - Filling up the DagBag from /home/airflow/.local/lib/python3.7/site-packages/airflow/example_dags/example_branch_labels.py
[2023-01-15T00:18:05.716+0000] {processor.py:766} INFO - DAG(s) dict_keys(['example_branch_labels']) retrieved from /home/airflow/.local/lib/python3.7/site-packages/airflow/example_dags/example_branch_labels.py
[2023-01-15T00:18:05.743+0000] {logging_mixin.py:120} INFO - [2023-01-15T00:18:05.743+0000] {dag.py:2585} INFO - Sync 1 DAGs
[2023-01-15T00:18:05.765+0000] {logging_mixin.py:120} INFO - [2023-01-15T00:18:05.764+0000] {dag.py:3340} INFO - Setting next_dagrun for example_branch_labels to 2023-01-14T00:00:00+00:00, run_after=2023-01-15T00:00:00+00:00
[2023-01-15T00:18:05.780+0000] {processor.py:176} INFO - Processing /home/airflow/.local/lib/python3.7/site-packages/airflow/example_dags/example_branch_labels.py took 0.077 seconds
[2023-01-15T00:18:36.219+0000] {processor.py:154} INFO - Started process (PID=455) to work on /home/airflow/.local/lib/python3.7/site-packages/airflow/example_dags/example_branch_labels.py
[2023-01-15T00:18:36.220+0000] {processor.py:756} INFO - Processing file /home/airflow/.local/lib/python3.7/site-packages/airflow/example_dags/example_branch_labels.py for tasks to queue
[2023-01-15T00:18:36.221+0000] {logging_mixin.py:120} INFO - [2023-01-15T00:18:36.220+0000] {dagbag.py:537} INFO - Filling up the DagBag from /home/airflow/.local/lib/python3.7/site-packages/airflow/example_dags/example_branch_labels.py
[2023-01-15T00:18:36.231+0000] {processor.py:766} INFO - DAG(s) dict_keys(['example_branch_labels']) retrieved from /home/airflow/.local/lib/python3.7/site-packages/airflow/example_dags/example_branch_labels.py
[2023-01-15T00:18:36.257+0000] {logging_mixin.py:120} INFO - [2023-01-15T00:18:36.257+0000] {dag.py:2585} INFO - Sync 1 DAGs
[2023-01-15T00:18:36.277+0000] {logging_mixin.py:120} INFO - [2023-01-15T00:18:36.277+0000] {dag.py:3340} INFO - Setting next_dagrun for example_branch_labels to 2023-01-14T00:00:00+00:00, run_after=2023-01-15T00:00:00+00:00
[2023-01-15T00:18:36.290+0000] {processor.py:176} INFO - Processing /home/airflow/.local/lib/python3.7/site-packages/airflow/example_dags/example_branch_labels.py took 0.073 seconds
[2023-01-15T00:19:06.713+0000] {processor.py:154} INFO - Started process (PID=511) to work on /home/airflow/.local/lib/python3.7/site-packages/airflow/example_dags/example_branch_labels.py
[2023-01-15T00:19:06.714+0000] {processor.py:756} INFO - Processing file /home/airflow/.local/lib/python3.7/site-packages/airflow/example_dags/example_branch_labels.py for tasks to queue
[2023-01-15T00:19:06.714+0000] {logging_mixin.py:120} INFO - [2023-01-15T00:19:06.714+0000] {dagbag.py:537} INFO - Filling up the DagBag from /home/airflow/.local/lib/python3.7/site-packages/airflow/example_dags/example_branch_labels.py
[2023-01-15T00:19:06.723+0000] {processor.py:766} INFO - DAG(s) dict_keys(['example_branch_labels']) retrieved from /home/airflow/.local/lib/python3.7/site-packages/airflow/example_dags/example_branch_labels.py
[2023-01-15T00:19:06.748+0000] {logging_mixin.py:120} INFO - [2023-01-15T00:19:06.748+0000] {dag.py:2585} INFO - Sync 1 DAGs
[2023-01-15T00:19:06.765+0000] {logging_mixin.py:120} INFO - [2023-01-15T00:19:06.765+0000] {dag.py:3340} INFO - Setting next_dagrun for example_branch_labels to 2023-01-14T00:00:00+00:00, run_after=2023-01-15T00:00:00+00:00
[2023-01-15T00:19:06.779+0000] {processor.py:176} INFO - Processing /home/airflow/.local/lib/python3.7/site-packages/airflow/example_dags/example_branch_labels.py took 0.067 seconds
[2023-01-15T00:19:37.290+0000] {processor.py:154} INFO - Started process (PID=576) to work on /home/airflow/.local/lib/python3.7/site-packages/airflow/example_dags/example_branch_labels.py
[2023-01-15T00:19:37.291+0000] {processor.py:756} INFO - Processing file /home/airflow/.local/lib/python3.7/site-packages/airflow/example_dags/example_branch_labels.py for tasks to queue
[2023-01-15T00:19:37.291+0000] {logging_mixin.py:120} INFO - [2023-01-15T00:19:37.291+0000] {dagbag.py:537} INFO - Filling up the DagBag from /home/airflow/.local/lib/python3.7/site-packages/airflow/example_dags/example_branch_labels.py
[2023-01-15T00:19:37.302+0000] {processor.py:766} INFO - DAG(s) dict_keys(['example_branch_labels']) retrieved from /home/airflow/.local/lib/python3.7/site-packages/airflow/example_dags/example_branch_labels.py
[2023-01-15T00:19:37.328+0000] {logging_mixin.py:120} INFO - [2023-01-15T00:19:37.328+0000] {dag.py:2585} INFO - Sync 1 DAGs
[2023-01-15T00:19:37.347+0000] {logging_mixin.py:120} INFO - [2023-01-15T00:19:37.347+0000] {dag.py:3340} INFO - Setting next_dagrun for example_branch_labels to 2023-01-14T00:00:00+00:00, run_after=2023-01-15T00:00:00+00:00
[2023-01-15T00:19:37.363+0000] {processor.py:176} INFO - Processing /home/airflow/.local/lib/python3.7/site-packages/airflow/example_dags/example_branch_labels.py took 0.074 seconds
[2023-01-15T00:20:07.584+0000] {processor.py:154} INFO - Started process (PID=641) to work on /home/airflow/.local/lib/python3.7/site-packages/airflow/example_dags/example_branch_labels.py
[2023-01-15T00:20:07.585+0000] {processor.py:756} INFO - Processing file /home/airflow/.local/lib/python3.7/site-packages/airflow/example_dags/example_branch_labels.py for tasks to queue
[2023-01-15T00:20:07.586+0000] {logging_mixin.py:120} INFO - [2023-01-15T00:20:07.586+0000] {dagbag.py:537} INFO - Filling up the DagBag from /home/airflow/.local/lib/python3.7/site-packages/airflow/example_dags/example_branch_labels.py
[2023-01-15T00:20:07.598+0000] {processor.py:766} INFO - DAG(s) dict_keys(['example_branch_labels']) retrieved from /home/airflow/.local/lib/python3.7/site-packages/airflow/example_dags/example_branch_labels.py
[2023-01-15T00:20:07.629+0000] {logging_mixin.py:120} INFO - [2023-01-15T00:20:07.629+0000] {dag.py:2585} INFO - Sync 1 DAGs
[2023-01-15T00:20:07.649+0000] {logging_mixin.py:120} INFO - [2023-01-15T00:20:07.649+0000] {dag.py:3340} INFO - Setting next_dagrun for example_branch_labels to 2023-01-14T00:00:00+00:00, run_after=2023-01-15T00:00:00+00:00
[2023-01-15T00:20:07.667+0000] {processor.py:176} INFO - Processing /home/airflow/.local/lib/python3.7/site-packages/airflow/example_dags/example_branch_labels.py took 0.086 seconds
[2023-01-15T00:20:38.862+0000] {processor.py:154} INFO - Started process (PID=706) to work on /home/airflow/.local/lib/python3.7/site-packages/airflow/example_dags/example_branch_labels.py
[2023-01-15T00:20:38.862+0000] {processor.py:756} INFO - Processing file /home/airflow/.local/lib/python3.7/site-packages/airflow/example_dags/example_branch_labels.py for tasks to queue
[2023-01-15T00:20:38.863+0000] {logging_mixin.py:120} INFO - [2023-01-15T00:20:38.862+0000] {dagbag.py:537} INFO - Filling up the DagBag from /home/airflow/.local/lib/python3.7/site-packages/airflow/example_dags/example_branch_labels.py
[2023-01-15T00:20:38.872+0000] {processor.py:766} INFO - DAG(s) dict_keys(['example_branch_labels']) retrieved from /home/airflow/.local/lib/python3.7/site-packages/airflow/example_dags/example_branch_labels.py
[2023-01-15T00:20:38.898+0000] {logging_mixin.py:120} INFO - [2023-01-15T00:20:38.898+0000] {dag.py:2585} INFO - Sync 1 DAGs
[2023-01-15T00:20:38.916+0000] {logging_mixin.py:120} INFO - [2023-01-15T00:20:38.916+0000] {dag.py:3340} INFO - Setting next_dagrun for example_branch_labels to 2023-01-14T00:00:00+00:00, run_after=2023-01-15T00:00:00+00:00
[2023-01-15T00:20:38.930+0000] {processor.py:176} INFO - Processing /home/airflow/.local/lib/python3.7/site-packages/airflow/example_dags/example_branch_labels.py took 0.070 seconds
[2023-01-15T00:21:09.879+0000] {processor.py:154} INFO - Started process (PID=771) to work on /home/airflow/.local/lib/python3.7/site-packages/airflow/example_dags/example_branch_labels.py
[2023-01-15T00:21:09.880+0000] {processor.py:756} INFO - Processing file /home/airflow/.local/lib/python3.7/site-packages/airflow/example_dags/example_branch_labels.py for tasks to queue
[2023-01-15T00:21:09.881+0000] {logging_mixin.py:120} INFO - [2023-01-15T00:21:09.881+0000] {dagbag.py:537} INFO - Filling up the DagBag from /home/airflow/.local/lib/python3.7/site-packages/airflow/example_dags/example_branch_labels.py
[2023-01-15T00:21:09.893+0000] {processor.py:766} INFO - DAG(s) dict_keys(['example_branch_labels']) retrieved from /home/airflow/.local/lib/python3.7/site-packages/airflow/example_dags/example_branch_labels.py
[2023-01-15T00:21:09.924+0000] {logging_mixin.py:120} INFO - [2023-01-15T00:21:09.924+0000] {dag.py:2585} INFO - Sync 1 DAGs
[2023-01-15T00:21:09.946+0000] {logging_mixin.py:120} INFO - [2023-01-15T00:21:09.946+0000] {dag.py:3340} INFO - Setting next_dagrun for example_branch_labels to 2023-01-14T00:00:00+00:00, run_after=2023-01-15T00:00:00+00:00
[2023-01-15T00:21:09.963+0000] {processor.py:176} INFO - Processing /home/airflow/.local/lib/python3.7/site-packages/airflow/example_dags/example_branch_labels.py took 0.087 seconds
[2023-01-15T00:21:40.316+0000] {processor.py:154} INFO - Started process (PID=827) to work on /home/airflow/.local/lib/python3.7/site-packages/airflow/example_dags/example_branch_labels.py
[2023-01-15T00:21:40.317+0000] {processor.py:756} INFO - Processing file /home/airflow/.local/lib/python3.7/site-packages/airflow/example_dags/example_branch_labels.py for tasks to queue
[2023-01-15T00:21:40.317+0000] {logging_mixin.py:120} INFO - [2023-01-15T00:21:40.317+0000] {dagbag.py:537} INFO - Filling up the DagBag from /home/airflow/.local/lib/python3.7/site-packages/airflow/example_dags/example_branch_labels.py
[2023-01-15T00:21:40.326+0000] {processor.py:766} INFO - DAG(s) dict_keys(['example_branch_labels']) retrieved from /home/airflow/.local/lib/python3.7/site-packages/airflow/example_dags/example_branch_labels.py
[2023-01-15T00:21:40.350+0000] {logging_mixin.py:120} INFO - [2023-01-15T00:21:40.350+0000] {dag.py:2585} INFO - Sync 1 DAGs
[2023-01-15T00:21:40.368+0000] {logging_mixin.py:120} INFO - [2023-01-15T00:21:40.368+0000] {dag.py:3340} INFO - Setting next_dagrun for example_branch_labels to 2023-01-14T00:00:00+00:00, run_after=2023-01-15T00:00:00+00:00
[2023-01-15T00:21:40.380+0000] {processor.py:176} INFO - Processing /home/airflow/.local/lib/python3.7/site-packages/airflow/example_dags/example_branch_labels.py took 0.065 seconds
[2023-01-15T00:22:10.813+0000] {processor.py:154} INFO - Started process (PID=894) to work on /home/airflow/.local/lib/python3.7/site-packages/airflow/example_dags/example_branch_labels.py
[2023-01-15T00:22:10.813+0000] {processor.py:756} INFO - Processing file /home/airflow/.local/lib/python3.7/site-packages/airflow/example_dags/example_branch_labels.py for tasks to queue
[2023-01-15T00:22:10.814+0000] {logging_mixin.py:120} INFO - [2023-01-15T00:22:10.814+0000] {dagbag.py:537} INFO - Filling up the DagBag from /home/airflow/.local/lib/python3.7/site-packages/airflow/example_dags/example_branch_labels.py
[2023-01-15T00:22:10.823+0000] {processor.py:766} INFO - DAG(s) dict_keys(['example_branch_labels']) retrieved from /home/airflow/.local/lib/python3.7/site-packages/airflow/example_dags/example_branch_labels.py
[2023-01-15T00:22:10.853+0000] {logging_mixin.py:120} INFO - [2023-01-15T00:22:10.852+0000] {dag.py:2585} INFO - Sync 1 DAGs
[2023-01-15T00:22:10.872+0000] {logging_mixin.py:120} INFO - [2023-01-15T00:22:10.872+0000] {dag.py:3340} INFO - Setting next_dagrun for example_branch_labels to 2023-01-14T00:00:00+00:00, run_after=2023-01-15T00:00:00+00:00
[2023-01-15T00:22:10.886+0000] {processor.py:176} INFO - Processing /home/airflow/.local/lib/python3.7/site-packages/airflow/example_dags/example_branch_labels.py took 0.075 seconds
[2023-01-15T00:22:41.027+0000] {processor.py:154} INFO - Started process (PID=959) to work on /home/airflow/.local/lib/python3.7/site-packages/airflow/example_dags/example_branch_labels.py
[2023-01-15T00:22:41.028+0000] {processor.py:756} INFO - Processing file /home/airflow/.local/lib/python3.7/site-packages/airflow/example_dags/example_branch_labels.py for tasks to queue
[2023-01-15T00:22:41.029+0000] {logging_mixin.py:120} INFO - [2023-01-15T00:22:41.029+0000] {dagbag.py:537} INFO - Filling up the DagBag from /home/airflow/.local/lib/python3.7/site-packages/airflow/example_dags/example_branch_labels.py
[2023-01-15T00:22:41.039+0000] {processor.py:766} INFO - DAG(s) dict_keys(['example_branch_labels']) retrieved from /home/airflow/.local/lib/python3.7/site-packages/airflow/example_dags/example_branch_labels.py
[2023-01-15T00:22:41.066+0000] {logging_mixin.py:120} INFO - [2023-01-15T00:22:41.066+0000] {dag.py:2585} INFO - Sync 1 DAGs
[2023-01-15T00:22:41.083+0000] {logging_mixin.py:120} INFO - [2023-01-15T00:22:41.083+0000] {dag.py:3340} INFO - Setting next_dagrun for example_branch_labels to 2023-01-14T00:00:00+00:00, run_after=2023-01-15T00:00:00+00:00
[2023-01-15T00:22:41.095+0000] {processor.py:176} INFO - Processing /home/airflow/.local/lib/python3.7/site-packages/airflow/example_dags/example_branch_labels.py took 0.069 seconds
[2023-01-15T00:23:12.098+0000] {processor.py:154} INFO - Started process (PID=1023) to work on /home/airflow/.local/lib/python3.7/site-packages/airflow/example_dags/example_branch_labels.py
[2023-01-15T00:23:12.099+0000] {processor.py:756} INFO - Processing file /home/airflow/.local/lib/python3.7/site-packages/airflow/example_dags/example_branch_labels.py for tasks to queue
[2023-01-15T00:23:12.099+0000] {logging_mixin.py:120} INFO - [2023-01-15T00:23:12.099+0000] {dagbag.py:537} INFO - Filling up the DagBag from /home/airflow/.local/lib/python3.7/site-packages/airflow/example_dags/example_branch_labels.py
[2023-01-15T00:23:12.109+0000] {processor.py:766} INFO - DAG(s) dict_keys(['example_branch_labels']) retrieved from /home/airflow/.local/lib/python3.7/site-packages/airflow/example_dags/example_branch_labels.py
[2023-01-15T00:23:12.138+0000] {logging_mixin.py:120} INFO - [2023-01-15T00:23:12.138+0000] {dag.py:2585} INFO - Sync 1 DAGs
[2023-01-15T00:23:12.156+0000] {logging_mixin.py:120} INFO - [2023-01-15T00:23:12.156+0000] {dag.py:3340} INFO - Setting next_dagrun for example_branch_labels to 2023-01-14T00:00:00+00:00, run_after=2023-01-15T00:00:00+00:00
[2023-01-15T00:23:12.169+0000] {processor.py:176} INFO - Processing /home/airflow/.local/lib/python3.7/site-packages/airflow/example_dags/example_branch_labels.py took 0.073 seconds
[2023-01-15T00:23:42.492+0000] {processor.py:154} INFO - Started process (PID=1088) to work on /home/airflow/.local/lib/python3.7/site-packages/airflow/example_dags/example_branch_labels.py
[2023-01-15T00:23:42.493+0000] {processor.py:756} INFO - Processing file /home/airflow/.local/lib/python3.7/site-packages/airflow/example_dags/example_branch_labels.py for tasks to queue
[2023-01-15T00:23:42.493+0000] {logging_mixin.py:120} INFO - [2023-01-15T00:23:42.493+0000] {dagbag.py:537} INFO - Filling up the DagBag from /home/airflow/.local/lib/python3.7/site-packages/airflow/example_dags/example_branch_labels.py
[2023-01-15T00:23:42.503+0000] {processor.py:766} INFO - DAG(s) dict_keys(['example_branch_labels']) retrieved from /home/airflow/.local/lib/python3.7/site-packages/airflow/example_dags/example_branch_labels.py
[2023-01-15T00:23:42.528+0000] {logging_mixin.py:120} INFO - [2023-01-15T00:23:42.528+0000] {dag.py:2585} INFO - Sync 1 DAGs
[2023-01-15T00:23:42.547+0000] {logging_mixin.py:120} INFO - [2023-01-15T00:23:42.547+0000] {dag.py:3340} INFO - Setting next_dagrun for example_branch_labels to 2023-01-14T00:00:00+00:00, run_after=2023-01-15T00:00:00+00:00
[2023-01-15T00:23:42.559+0000] {processor.py:176} INFO - Processing /home/airflow/.local/lib/python3.7/site-packages/airflow/example_dags/example_branch_labels.py took 0.069 seconds
[2023-01-15T00:24:13.627+0000] {processor.py:154} INFO - Started process (PID=1144) to work on /home/airflow/.local/lib/python3.7/site-packages/airflow/example_dags/example_branch_labels.py
[2023-01-15T00:24:13.628+0000] {processor.py:756} INFO - Processing file /home/airflow/.local/lib/python3.7/site-packages/airflow/example_dags/example_branch_labels.py for tasks to queue
[2023-01-15T00:24:13.628+0000] {logging_mixin.py:120} INFO - [2023-01-15T00:24:13.628+0000] {dagbag.py:537} INFO - Filling up the DagBag from /home/airflow/.local/lib/python3.7/site-packages/airflow/example_dags/example_branch_labels.py
[2023-01-15T00:24:13.637+0000] {processor.py:766} INFO - DAG(s) dict_keys(['example_branch_labels']) retrieved from /home/airflow/.local/lib/python3.7/site-packages/airflow/example_dags/example_branch_labels.py
[2023-01-15T00:24:13.664+0000] {logging_mixin.py:120} INFO - [2023-01-15T00:24:13.664+0000] {dag.py:2585} INFO - Sync 1 DAGs
[2023-01-15T00:24:13.682+0000] {logging_mixin.py:120} INFO - [2023-01-15T00:24:13.681+0000] {dag.py:3340} INFO - Setting next_dagrun for example_branch_labels to 2023-01-14T00:00:00+00:00, run_after=2023-01-15T00:00:00+00:00
[2023-01-15T00:24:13.695+0000] {processor.py:176} INFO - Processing /home/airflow/.local/lib/python3.7/site-packages/airflow/example_dags/example_branch_labels.py took 0.070 seconds
[2023-01-15T00:24:43.886+0000] {processor.py:154} INFO - Started process (PID=1209) to work on /home/airflow/.local/lib/python3.7/site-packages/airflow/example_dags/example_branch_labels.py
[2023-01-15T00:24:43.886+0000] {processor.py:756} INFO - Processing file /home/airflow/.local/lib/python3.7/site-packages/airflow/example_dags/example_branch_labels.py for tasks to queue
[2023-01-15T00:24:43.886+0000] {logging_mixin.py:120} INFO - [2023-01-15T00:24:43.886+0000] {dagbag.py:537} INFO - Filling up the DagBag from /home/airflow/.local/lib/python3.7/site-packages/airflow/example_dags/example_branch_labels.py
[2023-01-15T00:24:43.896+0000] {processor.py:766} INFO - DAG(s) dict_keys(['example_branch_labels']) retrieved from /home/airflow/.local/lib/python3.7/site-packages/airflow/example_dags/example_branch_labels.py
[2023-01-15T00:24:43.922+0000] {logging_mixin.py:120} INFO - [2023-01-15T00:24:43.922+0000] {dag.py:2585} INFO - Sync 1 DAGs
[2023-01-15T00:24:43.941+0000] {logging_mixin.py:120} INFO - [2023-01-15T00:24:43.940+0000] {dag.py:3340} INFO - Setting next_dagrun for example_branch_labels to 2023-01-14T00:00:00+00:00, run_after=2023-01-15T00:00:00+00:00
[2023-01-15T00:24:43.954+0000] {processor.py:176} INFO - Processing /home/airflow/.local/lib/python3.7/site-packages/airflow/example_dags/example_branch_labels.py took 0.070 seconds
[2023-01-15T00:25:14.897+0000] {processor.py:154} INFO - Started process (PID=1274) to work on /home/airflow/.local/lib/python3.7/site-packages/airflow/example_dags/example_branch_labels.py
[2023-01-15T00:25:14.897+0000] {processor.py:756} INFO - Processing file /home/airflow/.local/lib/python3.7/site-packages/airflow/example_dags/example_branch_labels.py for tasks to queue
[2023-01-15T00:25:14.897+0000] {logging_mixin.py:120} INFO - [2023-01-15T00:25:14.897+0000] {dagbag.py:537} INFO - Filling up the DagBag from /home/airflow/.local/lib/python3.7/site-packages/airflow/example_dags/example_branch_labels.py
[2023-01-15T00:25:14.906+0000] {processor.py:766} INFO - DAG(s) dict_keys(['example_branch_labels']) retrieved from /home/airflow/.local/lib/python3.7/site-packages/airflow/example_dags/example_branch_labels.py
[2023-01-15T00:25:14.932+0000] {logging_mixin.py:120} INFO - [2023-01-15T00:25:14.932+0000] {dag.py:2585} INFO - Sync 1 DAGs
[2023-01-15T00:25:14.950+0000] {logging_mixin.py:120} INFO - [2023-01-15T00:25:14.949+0000] {dag.py:3340} INFO - Setting next_dagrun for example_branch_labels to 2023-01-14T00:00:00+00:00, run_after=2023-01-15T00:00:00+00:00
[2023-01-15T00:25:14.963+0000] {processor.py:176} INFO - Processing /home/airflow/.local/lib/python3.7/site-packages/airflow/example_dags/example_branch_labels.py took 0.068 seconds
[2023-01-15T00:25:46.005+0000] {processor.py:154} INFO - Started process (PID=1338) to work on /home/airflow/.local/lib/python3.7/site-packages/airflow/example_dags/example_branch_labels.py
[2023-01-15T00:25:46.005+0000] {processor.py:756} INFO - Processing file /home/airflow/.local/lib/python3.7/site-packages/airflow/example_dags/example_branch_labels.py for tasks to queue
[2023-01-15T00:25:46.006+0000] {logging_mixin.py:120} INFO - [2023-01-15T00:25:46.005+0000] {dagbag.py:537} INFO - Filling up the DagBag from /home/airflow/.local/lib/python3.7/site-packages/airflow/example_dags/example_branch_labels.py
[2023-01-15T00:25:46.016+0000] {processor.py:766} INFO - DAG(s) dict_keys(['example_branch_labels']) retrieved from /home/airflow/.local/lib/python3.7/site-packages/airflow/example_dags/example_branch_labels.py
[2023-01-15T00:25:46.044+0000] {logging_mixin.py:120} INFO - [2023-01-15T00:25:46.044+0000] {dag.py:2585} INFO - Sync 1 DAGs
[2023-01-15T00:25:46.063+0000] {logging_mixin.py:120} INFO - [2023-01-15T00:25:46.063+0000] {dag.py:3340} INFO - Setting next_dagrun for example_branch_labels to 2023-01-14T00:00:00+00:00, run_after=2023-01-15T00:00:00+00:00
[2023-01-15T00:25:46.077+0000] {processor.py:176} INFO - Processing /home/airflow/.local/lib/python3.7/site-packages/airflow/example_dags/example_branch_labels.py took 0.075 seconds
[2023-01-15T00:26:16.218+0000] {processor.py:154} INFO - Started process (PID=1403) to work on /home/airflow/.local/lib/python3.7/site-packages/airflow/example_dags/example_branch_labels.py
[2023-01-15T00:26:16.219+0000] {processor.py:756} INFO - Processing file /home/airflow/.local/lib/python3.7/site-packages/airflow/example_dags/example_branch_labels.py for tasks to queue
[2023-01-15T00:26:16.219+0000] {logging_mixin.py:120} INFO - [2023-01-15T00:26:16.219+0000] {dagbag.py:537} INFO - Filling up the DagBag from /home/airflow/.local/lib/python3.7/site-packages/airflow/example_dags/example_branch_labels.py
[2023-01-15T00:26:16.227+0000] {processor.py:766} INFO - DAG(s) dict_keys(['example_branch_labels']) retrieved from /home/airflow/.local/lib/python3.7/site-packages/airflow/example_dags/example_branch_labels.py
[2023-01-15T00:26:16.254+0000] {logging_mixin.py:120} INFO - [2023-01-15T00:26:16.253+0000] {dag.py:2585} INFO - Sync 1 DAGs
[2023-01-15T00:26:16.281+0000] {logging_mixin.py:120} INFO - [2023-01-15T00:26:16.281+0000] {dag.py:3340} INFO - Setting next_dagrun for example_branch_labels to 2023-01-14T00:00:00+00:00, run_after=2023-01-15T00:00:00+00:00
[2023-01-15T00:26:16.295+0000] {processor.py:176} INFO - Processing /home/airflow/.local/lib/python3.7/site-packages/airflow/example_dags/example_branch_labels.py took 0.079 seconds
[2023-01-15T00:26:47.147+0000] {processor.py:154} INFO - Started process (PID=1457) to work on /home/airflow/.local/lib/python3.7/site-packages/airflow/example_dags/example_branch_labels.py
[2023-01-15T00:26:47.148+0000] {processor.py:756} INFO - Processing file /home/airflow/.local/lib/python3.7/site-packages/airflow/example_dags/example_branch_labels.py for tasks to queue
[2023-01-15T00:26:47.148+0000] {logging_mixin.py:120} INFO - [2023-01-15T00:26:47.148+0000] {dagbag.py:537} INFO - Filling up the DagBag from /home/airflow/.local/lib/python3.7/site-packages/airflow/example_dags/example_branch_labels.py
[2023-01-15T00:26:47.156+0000] {processor.py:766} INFO - DAG(s) dict_keys(['example_branch_labels']) retrieved from /home/airflow/.local/lib/python3.7/site-packages/airflow/example_dags/example_branch_labels.py
[2023-01-15T00:26:47.179+0000] {logging_mixin.py:120} INFO - [2023-01-15T00:26:47.179+0000] {dag.py:2585} INFO - Sync 1 DAGs
[2023-01-15T00:26:47.194+0000] {logging_mixin.py:120} INFO - [2023-01-15T00:26:47.194+0000] {dag.py:3340} INFO - Setting next_dagrun for example_branch_labels to 2023-01-14T00:00:00+00:00, run_after=2023-01-15T00:00:00+00:00
[2023-01-15T00:26:47.207+0000] {processor.py:176} INFO - Processing /home/airflow/.local/lib/python3.7/site-packages/airflow/example_dags/example_branch_labels.py took 0.062 seconds
[2023-01-15T00:27:17.575+0000] {processor.py:154} INFO - Started process (PID=1522) to work on /home/airflow/.local/lib/python3.7/site-packages/airflow/example_dags/example_branch_labels.py
[2023-01-15T00:27:17.576+0000] {processor.py:756} INFO - Processing file /home/airflow/.local/lib/python3.7/site-packages/airflow/example_dags/example_branch_labels.py for tasks to queue
[2023-01-15T00:27:17.576+0000] {logging_mixin.py:120} INFO - [2023-01-15T00:27:17.576+0000] {dagbag.py:537} INFO - Filling up the DagBag from /home/airflow/.local/lib/python3.7/site-packages/airflow/example_dags/example_branch_labels.py
[2023-01-15T00:27:17.585+0000] {processor.py:766} INFO - DAG(s) dict_keys(['example_branch_labels']) retrieved from /home/airflow/.local/lib/python3.7/site-packages/airflow/example_dags/example_branch_labels.py
[2023-01-15T00:27:17.611+0000] {logging_mixin.py:120} INFO - [2023-01-15T00:27:17.611+0000] {dag.py:2585} INFO - Sync 1 DAGs
[2023-01-15T00:27:17.628+0000] {logging_mixin.py:120} INFO - [2023-01-15T00:27:17.628+0000] {dag.py:3340} INFO - Setting next_dagrun for example_branch_labels to 2023-01-14T00:00:00+00:00, run_after=2023-01-15T00:00:00+00:00
[2023-01-15T00:27:17.640+0000] {processor.py:176} INFO - Processing /home/airflow/.local/lib/python3.7/site-packages/airflow/example_dags/example_branch_labels.py took 0.067 seconds
[2023-01-15T00:27:47.915+0000] {processor.py:154} INFO - Started process (PID=1586) to work on /home/airflow/.local/lib/python3.7/site-packages/airflow/example_dags/example_branch_labels.py
[2023-01-15T00:27:47.916+0000] {processor.py:756} INFO - Processing file /home/airflow/.local/lib/python3.7/site-packages/airflow/example_dags/example_branch_labels.py for tasks to queue
[2023-01-15T00:27:47.916+0000] {logging_mixin.py:120} INFO - [2023-01-15T00:27:47.916+0000] {dagbag.py:537} INFO - Filling up the DagBag from /home/airflow/.local/lib/python3.7/site-packages/airflow/example_dags/example_branch_labels.py
[2023-01-15T00:27:47.924+0000] {processor.py:766} INFO - DAG(s) dict_keys(['example_branch_labels']) retrieved from /home/airflow/.local/lib/python3.7/site-packages/airflow/example_dags/example_branch_labels.py
[2023-01-15T00:27:47.948+0000] {logging_mixin.py:120} INFO - [2023-01-15T00:27:47.948+0000] {dag.py:2585} INFO - Sync 1 DAGs
[2023-01-15T00:27:47.967+0000] {logging_mixin.py:120} INFO - [2023-01-15T00:27:47.967+0000] {dag.py:3340} INFO - Setting next_dagrun for example_branch_labels to 2023-01-14T00:00:00+00:00, run_after=2023-01-15T00:00:00+00:00
[2023-01-15T00:27:47.977+0000] {processor.py:176} INFO - Processing /home/airflow/.local/lib/python3.7/site-packages/airflow/example_dags/example_branch_labels.py took 0.064 seconds
[2023-01-15T00:28:18.092+0000] {processor.py:154} INFO - Started process (PID=1651) to work on /home/airflow/.local/lib/python3.7/site-packages/airflow/example_dags/example_branch_labels.py
[2023-01-15T00:28:18.093+0000] {processor.py:756} INFO - Processing file /home/airflow/.local/lib/python3.7/site-packages/airflow/example_dags/example_branch_labels.py for tasks to queue
[2023-01-15T00:28:18.093+0000] {logging_mixin.py:120} INFO - [2023-01-15T00:28:18.093+0000] {dagbag.py:537} INFO - Filling up the DagBag from /home/airflow/.local/lib/python3.7/site-packages/airflow/example_dags/example_branch_labels.py
[2023-01-15T00:28:18.104+0000] {processor.py:766} INFO - DAG(s) dict_keys(['example_branch_labels']) retrieved from /home/airflow/.local/lib/python3.7/site-packages/airflow/example_dags/example_branch_labels.py
[2023-01-15T00:28:18.131+0000] {logging_mixin.py:120} INFO - [2023-01-15T00:28:18.131+0000] {dag.py:2585} INFO - Sync 1 DAGs
[2023-01-15T00:28:18.149+0000] {logging_mixin.py:120} INFO - [2023-01-15T00:28:18.149+0000] {dag.py:3340} INFO - Setting next_dagrun for example_branch_labels to 2023-01-14T00:00:00+00:00, run_after=2023-01-15T00:00:00+00:00
[2023-01-15T00:28:18.161+0000] {processor.py:176} INFO - Processing /home/airflow/.local/lib/python3.7/site-packages/airflow/example_dags/example_branch_labels.py took 0.071 seconds
[2023-01-15T00:28:49.242+0000] {processor.py:154} INFO - Started process (PID=1716) to work on /home/airflow/.local/lib/python3.7/site-packages/airflow/example_dags/example_branch_labels.py
[2023-01-15T00:28:49.243+0000] {processor.py:756} INFO - Processing file /home/airflow/.local/lib/python3.7/site-packages/airflow/example_dags/example_branch_labels.py for tasks to queue
[2023-01-15T00:28:49.243+0000] {logging_mixin.py:120} INFO - [2023-01-15T00:28:49.243+0000] {dagbag.py:537} INFO - Filling up the DagBag from /home/airflow/.local/lib/python3.7/site-packages/airflow/example_dags/example_branch_labels.py
[2023-01-15T00:28:49.252+0000] {processor.py:766} INFO - DAG(s) dict_keys(['example_branch_labels']) retrieved from /home/airflow/.local/lib/python3.7/site-packages/airflow/example_dags/example_branch_labels.py
[2023-01-15T00:28:49.276+0000] {logging_mixin.py:120} INFO - [2023-01-15T00:28:49.276+0000] {dag.py:2585} INFO - Sync 1 DAGs
[2023-01-15T00:28:49.293+0000] {logging_mixin.py:120} INFO - [2023-01-15T00:28:49.293+0000] {dag.py:3340} INFO - Setting next_dagrun for example_branch_labels to 2023-01-14T00:00:00+00:00, run_after=2023-01-15T00:00:00+00:00
[2023-01-15T00:28:49.305+0000] {processor.py:176} INFO - Processing /home/airflow/.local/lib/python3.7/site-packages/airflow/example_dags/example_branch_labels.py took 0.064 seconds
[2023-01-15T00:29:20.315+0000] {processor.py:154} INFO - Started process (PID=1772) to work on /home/airflow/.local/lib/python3.7/site-packages/airflow/example_dags/example_branch_labels.py
[2023-01-15T00:29:20.316+0000] {processor.py:756} INFO - Processing file /home/airflow/.local/lib/python3.7/site-packages/airflow/example_dags/example_branch_labels.py for tasks to queue
[2023-01-15T00:29:20.317+0000] {logging_mixin.py:120} INFO - [2023-01-15T00:29:20.317+0000] {dagbag.py:537} INFO - Filling up the DagBag from /home/airflow/.local/lib/python3.7/site-packages/airflow/example_dags/example_branch_labels.py
[2023-01-15T00:29:20.326+0000] {processor.py:766} INFO - DAG(s) dict_keys(['example_branch_labels']) retrieved from /home/airflow/.local/lib/python3.7/site-packages/airflow/example_dags/example_branch_labels.py
[2023-01-15T00:29:20.351+0000] {logging_mixin.py:120} INFO - [2023-01-15T00:29:20.350+0000] {dag.py:2585} INFO - Sync 1 DAGs
[2023-01-15T00:29:20.367+0000] {logging_mixin.py:120} INFO - [2023-01-15T00:29:20.367+0000] {dag.py:3340} INFO - Setting next_dagrun for example_branch_labels to 2023-01-14T00:00:00+00:00, run_after=2023-01-15T00:00:00+00:00
[2023-01-15T00:29:20.380+0000] {processor.py:176} INFO - Processing /home/airflow/.local/lib/python3.7/site-packages/airflow/example_dags/example_branch_labels.py took 0.066 seconds
[2023-01-15T00:29:50.630+0000] {processor.py:154} INFO - Started process (PID=1838) to work on /home/airflow/.local/lib/python3.7/site-packages/airflow/example_dags/example_branch_labels.py
[2023-01-15T00:29:50.631+0000] {processor.py:756} INFO - Processing file /home/airflow/.local/lib/python3.7/site-packages/airflow/example_dags/example_branch_labels.py for tasks to queue
[2023-01-15T00:29:50.631+0000] {logging_mixin.py:120} INFO - [2023-01-15T00:29:50.631+0000] {dagbag.py:537} INFO - Filling up the DagBag from /home/airflow/.local/lib/python3.7/site-packages/airflow/example_dags/example_branch_labels.py
[2023-01-15T00:29:50.643+0000] {processor.py:766} INFO - DAG(s) dict_keys(['example_branch_labels']) retrieved from /home/airflow/.local/lib/python3.7/site-packages/airflow/example_dags/example_branch_labels.py
[2023-01-15T00:29:50.671+0000] {logging_mixin.py:120} INFO - [2023-01-15T00:29:50.671+0000] {dag.py:2585} INFO - Sync 1 DAGs
[2023-01-15T00:29:50.688+0000] {logging_mixin.py:120} INFO - [2023-01-15T00:29:50.688+0000] {dag.py:3340} INFO - Setting next_dagrun for example_branch_labels to 2023-01-14T00:00:00+00:00, run_after=2023-01-15T00:00:00+00:00
[2023-01-15T00:29:50.700+0000] {processor.py:176} INFO - Processing /home/airflow/.local/lib/python3.7/site-packages/airflow/example_dags/example_branch_labels.py took 0.072 seconds
[2023-01-15T00:30:21.639+0000] {processor.py:154} INFO - Started process (PID=1903) to work on /home/airflow/.local/lib/python3.7/site-packages/airflow/example_dags/example_branch_labels.py
[2023-01-15T00:30:21.640+0000] {processor.py:756} INFO - Processing file /home/airflow/.local/lib/python3.7/site-packages/airflow/example_dags/example_branch_labels.py for tasks to queue
[2023-01-15T00:30:21.641+0000] {logging_mixin.py:120} INFO - [2023-01-15T00:30:21.641+0000] {dagbag.py:537} INFO - Filling up the DagBag from /home/airflow/.local/lib/python3.7/site-packages/airflow/example_dags/example_branch_labels.py
[2023-01-15T00:30:21.649+0000] {processor.py:766} INFO - DAG(s) dict_keys(['example_branch_labels']) retrieved from /home/airflow/.local/lib/python3.7/site-packages/airflow/example_dags/example_branch_labels.py
[2023-01-15T00:30:21.675+0000] {logging_mixin.py:120} INFO - [2023-01-15T00:30:21.675+0000] {dag.py:2585} INFO - Sync 1 DAGs
[2023-01-15T00:30:21.691+0000] {logging_mixin.py:120} INFO - [2023-01-15T00:30:21.691+0000] {dag.py:3340} INFO - Setting next_dagrun for example_branch_labels to 2023-01-14T00:00:00+00:00, run_after=2023-01-15T00:00:00+00:00
[2023-01-15T00:30:21.703+0000] {processor.py:176} INFO - Processing /home/airflow/.local/lib/python3.7/site-packages/airflow/example_dags/example_branch_labels.py took 0.066 seconds
[2023-01-15T00:30:52.655+0000] {processor.py:154} INFO - Started process (PID=1968) to work on /home/airflow/.local/lib/python3.7/site-packages/airflow/example_dags/example_branch_labels.py
[2023-01-15T00:30:52.656+0000] {processor.py:756} INFO - Processing file /home/airflow/.local/lib/python3.7/site-packages/airflow/example_dags/example_branch_labels.py for tasks to queue
[2023-01-15T00:30:52.657+0000] {logging_mixin.py:120} INFO - [2023-01-15T00:30:52.657+0000] {dagbag.py:537} INFO - Filling up the DagBag from /home/airflow/.local/lib/python3.7/site-packages/airflow/example_dags/example_branch_labels.py
[2023-01-15T00:30:52.666+0000] {processor.py:766} INFO - DAG(s) dict_keys(['example_branch_labels']) retrieved from /home/airflow/.local/lib/python3.7/site-packages/airflow/example_dags/example_branch_labels.py
[2023-01-15T00:30:52.693+0000] {logging_mixin.py:120} INFO - [2023-01-15T00:30:52.692+0000] {dag.py:2585} INFO - Sync 1 DAGs
[2023-01-15T00:30:52.710+0000] {logging_mixin.py:120} INFO - [2023-01-15T00:30:52.709+0000] {dag.py:3340} INFO - Setting next_dagrun for example_branch_labels to 2023-01-14T00:00:00+00:00, run_after=2023-01-15T00:00:00+00:00
[2023-01-15T00:30:52.722+0000] {processor.py:176} INFO - Processing /home/airflow/.local/lib/python3.7/site-packages/airflow/example_dags/example_branch_labels.py took 0.068 seconds
[2023-01-15T00:31:23.656+0000] {processor.py:154} INFO - Started process (PID=2032) to work on /home/airflow/.local/lib/python3.7/site-packages/airflow/example_dags/example_branch_labels.py
[2023-01-15T00:31:23.657+0000] {processor.py:756} INFO - Processing file /home/airflow/.local/lib/python3.7/site-packages/airflow/example_dags/example_branch_labels.py for tasks to queue
[2023-01-15T00:31:23.658+0000] {logging_mixin.py:120} INFO - [2023-01-15T00:31:23.658+0000] {dagbag.py:537} INFO - Filling up the DagBag from /home/airflow/.local/lib/python3.7/site-packages/airflow/example_dags/example_branch_labels.py
[2023-01-15T00:31:23.667+0000] {processor.py:766} INFO - DAG(s) dict_keys(['example_branch_labels']) retrieved from /home/airflow/.local/lib/python3.7/site-packages/airflow/example_dags/example_branch_labels.py
[2023-01-15T00:31:23.693+0000] {logging_mixin.py:120} INFO - [2023-01-15T00:31:23.693+0000] {dag.py:2585} INFO - Sync 1 DAGs
[2023-01-15T00:31:23.710+0000] {logging_mixin.py:120} INFO - [2023-01-15T00:31:23.709+0000] {dag.py:3340} INFO - Setting next_dagrun for example_branch_labels to 2023-01-14T00:00:00+00:00, run_after=2023-01-15T00:00:00+00:00
[2023-01-15T00:31:23.722+0000] {processor.py:176} INFO - Processing /home/airflow/.local/lib/python3.7/site-packages/airflow/example_dags/example_branch_labels.py took 0.067 seconds
[2023-01-15T00:31:54.761+0000] {processor.py:154} INFO - Started process (PID=2097) to work on /home/airflow/.local/lib/python3.7/site-packages/airflow/example_dags/example_branch_labels.py
[2023-01-15T00:31:54.762+0000] {processor.py:756} INFO - Processing file /home/airflow/.local/lib/python3.7/site-packages/airflow/example_dags/example_branch_labels.py for tasks to queue
[2023-01-15T00:31:54.762+0000] {logging_mixin.py:120} INFO - [2023-01-15T00:31:54.762+0000] {dagbag.py:537} INFO - Filling up the DagBag from /home/airflow/.local/lib/python3.7/site-packages/airflow/example_dags/example_branch_labels.py
[2023-01-15T00:31:54.772+0000] {processor.py:766} INFO - DAG(s) dict_keys(['example_branch_labels']) retrieved from /home/airflow/.local/lib/python3.7/site-packages/airflow/example_dags/example_branch_labels.py
[2023-01-15T00:31:54.797+0000] {logging_mixin.py:120} INFO - [2023-01-15T00:31:54.797+0000] {dag.py:2585} INFO - Sync 1 DAGs
[2023-01-15T00:31:54.815+0000] {logging_mixin.py:120} INFO - [2023-01-15T00:31:54.815+0000] {dag.py:3340} INFO - Setting next_dagrun for example_branch_labels to 2023-01-14T00:00:00+00:00, run_after=2023-01-15T00:00:00+00:00
[2023-01-15T00:31:54.828+0000] {processor.py:176} INFO - Processing /home/airflow/.local/lib/python3.7/site-packages/airflow/example_dags/example_branch_labels.py took 0.069 seconds
[2023-01-15T00:32:24.915+0000] {processor.py:154} INFO - Started process (PID=2153) to work on /home/airflow/.local/lib/python3.7/site-packages/airflow/example_dags/example_branch_labels.py
[2023-01-15T00:32:24.916+0000] {processor.py:756} INFO - Processing file /home/airflow/.local/lib/python3.7/site-packages/airflow/example_dags/example_branch_labels.py for tasks to queue
[2023-01-15T00:32:24.916+0000] {logging_mixin.py:120} INFO - [2023-01-15T00:32:24.916+0000] {dagbag.py:537} INFO - Filling up the DagBag from /home/airflow/.local/lib/python3.7/site-packages/airflow/example_dags/example_branch_labels.py
[2023-01-15T00:32:24.925+0000] {processor.py:766} INFO - DAG(s) dict_keys(['example_branch_labels']) retrieved from /home/airflow/.local/lib/python3.7/site-packages/airflow/example_dags/example_branch_labels.py
[2023-01-15T00:32:24.950+0000] {logging_mixin.py:120} INFO - [2023-01-15T00:32:24.950+0000] {dag.py:2585} INFO - Sync 1 DAGs
[2023-01-15T00:32:24.967+0000] {logging_mixin.py:120} INFO - [2023-01-15T00:32:24.966+0000] {dag.py:3340} INFO - Setting next_dagrun for example_branch_labels to 2023-01-14T00:00:00+00:00, run_after=2023-01-15T00:00:00+00:00
[2023-01-15T00:32:24.978+0000] {processor.py:176} INFO - Processing /home/airflow/.local/lib/python3.7/site-packages/airflow/example_dags/example_branch_labels.py took 0.065 seconds
[2023-01-15T00:32:55.278+0000] {processor.py:154} INFO - Started process (PID=2219) to work on /home/airflow/.local/lib/python3.7/site-packages/airflow/example_dags/example_branch_labels.py
[2023-01-15T00:32:55.279+0000] {processor.py:756} INFO - Processing file /home/airflow/.local/lib/python3.7/site-packages/airflow/example_dags/example_branch_labels.py for tasks to queue
[2023-01-15T00:32:55.279+0000] {logging_mixin.py:120} INFO - [2023-01-15T00:32:55.279+0000] {dagbag.py:537} INFO - Filling up the DagBag from /home/airflow/.local/lib/python3.7/site-packages/airflow/example_dags/example_branch_labels.py
[2023-01-15T00:32:55.289+0000] {processor.py:766} INFO - DAG(s) dict_keys(['example_branch_labels']) retrieved from /home/airflow/.local/lib/python3.7/site-packages/airflow/example_dags/example_branch_labels.py
[2023-01-15T00:32:55.312+0000] {logging_mixin.py:120} INFO - [2023-01-15T00:32:55.312+0000] {dag.py:2585} INFO - Sync 1 DAGs
[2023-01-15T00:32:55.330+0000] {logging_mixin.py:120} INFO - [2023-01-15T00:32:55.330+0000] {dag.py:3340} INFO - Setting next_dagrun for example_branch_labels to 2023-01-14T00:00:00+00:00, run_after=2023-01-15T00:00:00+00:00
[2023-01-15T00:32:55.342+0000] {processor.py:176} INFO - Processing /home/airflow/.local/lib/python3.7/site-packages/airflow/example_dags/example_branch_labels.py took 0.065 seconds
[2023-01-15T00:33:25.465+0000] {processor.py:154} INFO - Started process (PID=2284) to work on /home/airflow/.local/lib/python3.7/site-packages/airflow/example_dags/example_branch_labels.py
[2023-01-15T00:33:25.466+0000] {processor.py:756} INFO - Processing file /home/airflow/.local/lib/python3.7/site-packages/airflow/example_dags/example_branch_labels.py for tasks to queue
[2023-01-15T00:33:25.466+0000] {logging_mixin.py:120} INFO - [2023-01-15T00:33:25.466+0000] {dagbag.py:537} INFO - Filling up the DagBag from /home/airflow/.local/lib/python3.7/site-packages/airflow/example_dags/example_branch_labels.py
[2023-01-15T00:33:25.475+0000] {processor.py:766} INFO - DAG(s) dict_keys(['example_branch_labels']) retrieved from /home/airflow/.local/lib/python3.7/site-packages/airflow/example_dags/example_branch_labels.py
[2023-01-15T00:33:25.499+0000] {logging_mixin.py:120} INFO - [2023-01-15T00:33:25.499+0000] {dag.py:2585} INFO - Sync 1 DAGs
[2023-01-15T00:33:25.516+0000] {logging_mixin.py:120} INFO - [2023-01-15T00:33:25.516+0000] {dag.py:3340} INFO - Setting next_dagrun for example_branch_labels to 2023-01-14T00:00:00+00:00, run_after=2023-01-15T00:00:00+00:00
[2023-01-15T00:33:25.528+0000] {processor.py:176} INFO - Processing /home/airflow/.local/lib/python3.7/site-packages/airflow/example_dags/example_branch_labels.py took 0.064 seconds
