[2023-01-15T00:15:34.251+0000] {processor.py:154} INFO - Started process (PID=74) to work on /home/airflow/.local/lib/python3.7/site-packages/airflow/example_dags/example_branch_datetime_operator.py
[2023-01-15T00:15:34.252+0000] {processor.py:756} INFO - Processing file /home/airflow/.local/lib/python3.7/site-packages/airflow/example_dags/example_branch_datetime_operator.py for tasks to queue
[2023-01-15T00:15:34.253+0000] {logging_mixin.py:120} INFO - [2023-01-15T00:15:34.252+0000] {dagbag.py:537} INFO - Filling up the DagBag from /home/airflow/.local/lib/python3.7/site-packages/airflow/example_dags/example_branch_datetime_operator.py
[2023-01-15T00:15:34.284+0000] {processor.py:766} INFO - DAG(s) dict_keys(['example_branch_datetime_operator_2', 'example_branch_datetime_operator_3', 'example_branch_datetime_operator']) retrieved from /home/airflow/.local/lib/python3.7/site-packages/airflow/example_dags/example_branch_datetime_operator.py
[2023-01-15T00:15:34.366+0000] {logging_mixin.py:120} INFO - [2023-01-15T00:15:34.365+0000] {dag.py:2585} INFO - Sync 3 DAGs
[2023-01-15T00:15:34.414+0000] {logging_mixin.py:120} INFO - [2023-01-15T00:15:34.414+0000] {dag.py:3340} INFO - Setting next_dagrun for example_branch_datetime_operator to 2023-01-14T00:00:00+00:00, run_after=2023-01-15T00:00:00+00:00
[2023-01-15T00:15:34.423+0000] {logging_mixin.py:120} INFO - [2023-01-15T00:15:34.423+0000] {dag.py:3340} INFO - Setting next_dagrun for example_branch_datetime_operator_2 to 2023-01-14T00:00:00+00:00, run_after=2023-01-15T00:00:00+00:00
[2023-01-15T00:15:34.428+0000] {logging_mixin.py:120} INFO - [2023-01-15T00:15:34.427+0000] {dag.py:3340} INFO - Setting next_dagrun for example_branch_datetime_operator_3 to 2023-01-14T00:00:00+00:00, run_after=2023-01-15T00:00:00+00:00
[2023-01-15T00:15:34.457+0000] {processor.py:176} INFO - Processing /home/airflow/.local/lib/python3.7/site-packages/airflow/example_dags/example_branch_datetime_operator.py took 0.210 seconds
[2023-01-15T00:16:04.517+0000] {processor.py:154} INFO - Started process (PID=140) to work on /home/airflow/.local/lib/python3.7/site-packages/airflow/example_dags/example_branch_datetime_operator.py
[2023-01-15T00:16:04.518+0000] {processor.py:756} INFO - Processing file /home/airflow/.local/lib/python3.7/site-packages/airflow/example_dags/example_branch_datetime_operator.py for tasks to queue
[2023-01-15T00:16:04.518+0000] {logging_mixin.py:120} INFO - [2023-01-15T00:16:04.518+0000] {dagbag.py:537} INFO - Filling up the DagBag from /home/airflow/.local/lib/python3.7/site-packages/airflow/example_dags/example_branch_datetime_operator.py
[2023-01-15T00:16:04.528+0000] {processor.py:766} INFO - DAG(s) dict_keys(['example_branch_datetime_operator_2', 'example_branch_datetime_operator', 'example_branch_datetime_operator_3']) retrieved from /home/airflow/.local/lib/python3.7/site-packages/airflow/example_dags/example_branch_datetime_operator.py
[2023-01-15T00:16:04.555+0000] {logging_mixin.py:120} INFO - [2023-01-15T00:16:04.555+0000] {dag.py:2585} INFO - Sync 3 DAGs
[2023-01-15T00:16:04.571+0000] {logging_mixin.py:120} INFO - [2023-01-15T00:16:04.571+0000] {dag.py:3340} INFO - Setting next_dagrun for example_branch_datetime_operator to 2023-01-14T00:00:00+00:00, run_after=2023-01-15T00:00:00+00:00
[2023-01-15T00:16:04.574+0000] {logging_mixin.py:120} INFO - [2023-01-15T00:16:04.574+0000] {dag.py:3340} INFO - Setting next_dagrun for example_branch_datetime_operator_2 to 2023-01-14T00:00:00+00:00, run_after=2023-01-15T00:00:00+00:00
[2023-01-15T00:16:04.576+0000] {logging_mixin.py:120} INFO - [2023-01-15T00:16:04.576+0000] {dag.py:3340} INFO - Setting next_dagrun for example_branch_datetime_operator_3 to 2023-01-14T00:00:00+00:00, run_after=2023-01-15T00:00:00+00:00
[2023-01-15T00:16:04.587+0000] {processor.py:176} INFO - Processing /home/airflow/.local/lib/python3.7/site-packages/airflow/example_dags/example_branch_datetime_operator.py took 0.071 seconds
[2023-01-15T00:16:34.847+0000] {processor.py:154} INFO - Started process (PID=206) to work on /home/airflow/.local/lib/python3.7/site-packages/airflow/example_dags/example_branch_datetime_operator.py
[2023-01-15T00:16:34.848+0000] {processor.py:756} INFO - Processing file /home/airflow/.local/lib/python3.7/site-packages/airflow/example_dags/example_branch_datetime_operator.py for tasks to queue
[2023-01-15T00:16:34.848+0000] {logging_mixin.py:120} INFO - [2023-01-15T00:16:34.848+0000] {dagbag.py:537} INFO - Filling up the DagBag from /home/airflow/.local/lib/python3.7/site-packages/airflow/example_dags/example_branch_datetime_operator.py
[2023-01-15T00:16:34.864+0000] {processor.py:766} INFO - DAG(s) dict_keys(['example_branch_datetime_operator', 'example_branch_datetime_operator_2', 'example_branch_datetime_operator_3']) retrieved from /home/airflow/.local/lib/python3.7/site-packages/airflow/example_dags/example_branch_datetime_operator.py
[2023-01-15T00:16:34.910+0000] {logging_mixin.py:120} INFO - [2023-01-15T00:16:34.910+0000] {dag.py:2585} INFO - Sync 3 DAGs
[2023-01-15T00:16:34.933+0000] {logging_mixin.py:120} INFO - [2023-01-15T00:16:34.932+0000] {dag.py:3340} INFO - Setting next_dagrun for example_branch_datetime_operator to 2023-01-14T00:00:00+00:00, run_after=2023-01-15T00:00:00+00:00
[2023-01-15T00:16:34.937+0000] {logging_mixin.py:120} INFO - [2023-01-15T00:16:34.937+0000] {dag.py:3340} INFO - Setting next_dagrun for example_branch_datetime_operator_2 to 2023-01-14T00:00:00+00:00, run_after=2023-01-15T00:00:00+00:00
[2023-01-15T00:16:34.940+0000] {logging_mixin.py:120} INFO - [2023-01-15T00:16:34.939+0000] {dag.py:3340} INFO - Setting next_dagrun for example_branch_datetime_operator_3 to 2023-01-14T00:00:00+00:00, run_after=2023-01-15T00:00:00+00:00
[2023-01-15T00:16:34.953+0000] {processor.py:176} INFO - Processing /home/airflow/.local/lib/python3.7/site-packages/airflow/example_dags/example_branch_datetime_operator.py took 0.107 seconds
[2023-01-15T00:17:05.134+0000] {processor.py:154} INFO - Started process (PID=262) to work on /home/airflow/.local/lib/python3.7/site-packages/airflow/example_dags/example_branch_datetime_operator.py
[2023-01-15T00:17:05.135+0000] {processor.py:756} INFO - Processing file /home/airflow/.local/lib/python3.7/site-packages/airflow/example_dags/example_branch_datetime_operator.py for tasks to queue
[2023-01-15T00:17:05.135+0000] {logging_mixin.py:120} INFO - [2023-01-15T00:17:05.135+0000] {dagbag.py:537} INFO - Filling up the DagBag from /home/airflow/.local/lib/python3.7/site-packages/airflow/example_dags/example_branch_datetime_operator.py
[2023-01-15T00:17:05.148+0000] {processor.py:766} INFO - DAG(s) dict_keys(['example_branch_datetime_operator_2', 'example_branch_datetime_operator', 'example_branch_datetime_operator_3']) retrieved from /home/airflow/.local/lib/python3.7/site-packages/airflow/example_dags/example_branch_datetime_operator.py
[2023-01-15T00:17:05.182+0000] {logging_mixin.py:120} INFO - [2023-01-15T00:17:05.182+0000] {dag.py:2585} INFO - Sync 3 DAGs
[2023-01-15T00:17:05.203+0000] {logging_mixin.py:120} INFO - [2023-01-15T00:17:05.203+0000] {dag.py:3340} INFO - Setting next_dagrun for example_branch_datetime_operator to 2023-01-14T00:00:00+00:00, run_after=2023-01-15T00:00:00+00:00
[2023-01-15T00:17:05.206+0000] {logging_mixin.py:120} INFO - [2023-01-15T00:17:05.206+0000] {dag.py:3340} INFO - Setting next_dagrun for example_branch_datetime_operator_2 to 2023-01-14T00:00:00+00:00, run_after=2023-01-15T00:00:00+00:00
[2023-01-15T00:17:05.209+0000] {logging_mixin.py:120} INFO - [2023-01-15T00:17:05.208+0000] {dag.py:3340} INFO - Setting next_dagrun for example_branch_datetime_operator_3 to 2023-01-14T00:00:00+00:00, run_after=2023-01-15T00:00:00+00:00
[2023-01-15T00:17:05.221+0000] {processor.py:176} INFO - Processing /home/airflow/.local/lib/python3.7/site-packages/airflow/example_dags/example_branch_datetime_operator.py took 0.088 seconds
[2023-01-15T00:17:35.341+0000] {processor.py:154} INFO - Started process (PID=327) to work on /home/airflow/.local/lib/python3.7/site-packages/airflow/example_dags/example_branch_datetime_operator.py
[2023-01-15T00:17:35.342+0000] {processor.py:756} INFO - Processing file /home/airflow/.local/lib/python3.7/site-packages/airflow/example_dags/example_branch_datetime_operator.py for tasks to queue
[2023-01-15T00:17:35.342+0000] {logging_mixin.py:120} INFO - [2023-01-15T00:17:35.342+0000] {dagbag.py:537} INFO - Filling up the DagBag from /home/airflow/.local/lib/python3.7/site-packages/airflow/example_dags/example_branch_datetime_operator.py
[2023-01-15T00:17:35.354+0000] {processor.py:766} INFO - DAG(s) dict_keys(['example_branch_datetime_operator_3', 'example_branch_datetime_operator', 'example_branch_datetime_operator_2']) retrieved from /home/airflow/.local/lib/python3.7/site-packages/airflow/example_dags/example_branch_datetime_operator.py
[2023-01-15T00:17:35.381+0000] {logging_mixin.py:120} INFO - [2023-01-15T00:17:35.381+0000] {dag.py:2585} INFO - Sync 3 DAGs
[2023-01-15T00:17:35.411+0000] {logging_mixin.py:120} INFO - [2023-01-15T00:17:35.411+0000] {dag.py:3340} INFO - Setting next_dagrun for example_branch_datetime_operator to 2023-01-14T00:00:00+00:00, run_after=2023-01-15T00:00:00+00:00
[2023-01-15T00:17:35.416+0000] {logging_mixin.py:120} INFO - [2023-01-15T00:17:35.416+0000] {dag.py:3340} INFO - Setting next_dagrun for example_branch_datetime_operator_2 to 2023-01-14T00:00:00+00:00, run_after=2023-01-15T00:00:00+00:00
[2023-01-15T00:17:35.418+0000] {logging_mixin.py:120} INFO - [2023-01-15T00:17:35.418+0000] {dag.py:3340} INFO - Setting next_dagrun for example_branch_datetime_operator_3 to 2023-01-14T00:00:00+00:00, run_after=2023-01-15T00:00:00+00:00
[2023-01-15T00:17:35.433+0000] {processor.py:176} INFO - Processing /home/airflow/.local/lib/python3.7/site-packages/airflow/example_dags/example_branch_datetime_operator.py took 0.095 seconds
[2023-01-15T00:18:05.795+0000] {processor.py:154} INFO - Started process (PID=392) to work on /home/airflow/.local/lib/python3.7/site-packages/airflow/example_dags/example_branch_datetime_operator.py
[2023-01-15T00:18:05.796+0000] {processor.py:756} INFO - Processing file /home/airflow/.local/lib/python3.7/site-packages/airflow/example_dags/example_branch_datetime_operator.py for tasks to queue
[2023-01-15T00:18:05.796+0000] {logging_mixin.py:120} INFO - [2023-01-15T00:18:05.796+0000] {dagbag.py:537} INFO - Filling up the DagBag from /home/airflow/.local/lib/python3.7/site-packages/airflow/example_dags/example_branch_datetime_operator.py
[2023-01-15T00:18:05.808+0000] {processor.py:766} INFO - DAG(s) dict_keys(['example_branch_datetime_operator_3', 'example_branch_datetime_operator_2', 'example_branch_datetime_operator']) retrieved from /home/airflow/.local/lib/python3.7/site-packages/airflow/example_dags/example_branch_datetime_operator.py
[2023-01-15T00:18:05.840+0000] {logging_mixin.py:120} INFO - [2023-01-15T00:18:05.840+0000] {dag.py:2585} INFO - Sync 3 DAGs
[2023-01-15T00:18:05.857+0000] {logging_mixin.py:120} INFO - [2023-01-15T00:18:05.857+0000] {dag.py:3340} INFO - Setting next_dagrun for example_branch_datetime_operator to 2023-01-14T00:00:00+00:00, run_after=2023-01-15T00:00:00+00:00
[2023-01-15T00:18:05.861+0000] {logging_mixin.py:120} INFO - [2023-01-15T00:18:05.861+0000] {dag.py:3340} INFO - Setting next_dagrun for example_branch_datetime_operator_2 to 2023-01-14T00:00:00+00:00, run_after=2023-01-15T00:00:00+00:00
[2023-01-15T00:18:05.862+0000] {logging_mixin.py:120} INFO - [2023-01-15T00:18:05.862+0000] {dag.py:3340} INFO - Setting next_dagrun for example_branch_datetime_operator_3 to 2023-01-14T00:00:00+00:00, run_after=2023-01-15T00:00:00+00:00
[2023-01-15T00:18:05.874+0000] {processor.py:176} INFO - Processing /home/airflow/.local/lib/python3.7/site-packages/airflow/example_dags/example_branch_datetime_operator.py took 0.081 seconds
[2023-01-15T00:18:36.304+0000] {processor.py:154} INFO - Started process (PID=457) to work on /home/airflow/.local/lib/python3.7/site-packages/airflow/example_dags/example_branch_datetime_operator.py
[2023-01-15T00:18:36.305+0000] {processor.py:756} INFO - Processing file /home/airflow/.local/lib/python3.7/site-packages/airflow/example_dags/example_branch_datetime_operator.py for tasks to queue
[2023-01-15T00:18:36.305+0000] {logging_mixin.py:120} INFO - [2023-01-15T00:18:36.305+0000] {dagbag.py:537} INFO - Filling up the DagBag from /home/airflow/.local/lib/python3.7/site-packages/airflow/example_dags/example_branch_datetime_operator.py
[2023-01-15T00:18:36.317+0000] {processor.py:766} INFO - DAG(s) dict_keys(['example_branch_datetime_operator_2', 'example_branch_datetime_operator', 'example_branch_datetime_operator_3']) retrieved from /home/airflow/.local/lib/python3.7/site-packages/airflow/example_dags/example_branch_datetime_operator.py
[2023-01-15T00:18:36.347+0000] {logging_mixin.py:120} INFO - [2023-01-15T00:18:36.347+0000] {dag.py:2585} INFO - Sync 3 DAGs
[2023-01-15T00:18:36.365+0000] {logging_mixin.py:120} INFO - [2023-01-15T00:18:36.364+0000] {dag.py:3340} INFO - Setting next_dagrun for example_branch_datetime_operator to 2023-01-14T00:00:00+00:00, run_after=2023-01-15T00:00:00+00:00
[2023-01-15T00:18:36.368+0000] {logging_mixin.py:120} INFO - [2023-01-15T00:18:36.368+0000] {dag.py:3340} INFO - Setting next_dagrun for example_branch_datetime_operator_2 to 2023-01-14T00:00:00+00:00, run_after=2023-01-15T00:00:00+00:00
[2023-01-15T00:18:36.370+0000] {logging_mixin.py:120} INFO - [2023-01-15T00:18:36.370+0000] {dag.py:3340} INFO - Setting next_dagrun for example_branch_datetime_operator_3 to 2023-01-14T00:00:00+00:00, run_after=2023-01-15T00:00:00+00:00
[2023-01-15T00:18:36.383+0000] {processor.py:176} INFO - Processing /home/airflow/.local/lib/python3.7/site-packages/airflow/example_dags/example_branch_datetime_operator.py took 0.081 seconds
[2023-01-15T00:19:06.792+0000] {processor.py:154} INFO - Started process (PID=513) to work on /home/airflow/.local/lib/python3.7/site-packages/airflow/example_dags/example_branch_datetime_operator.py
[2023-01-15T00:19:06.792+0000] {processor.py:756} INFO - Processing file /home/airflow/.local/lib/python3.7/site-packages/airflow/example_dags/example_branch_datetime_operator.py for tasks to queue
[2023-01-15T00:19:06.793+0000] {logging_mixin.py:120} INFO - [2023-01-15T00:19:06.793+0000] {dagbag.py:537} INFO - Filling up the DagBag from /home/airflow/.local/lib/python3.7/site-packages/airflow/example_dags/example_branch_datetime_operator.py
[2023-01-15T00:19:06.805+0000] {processor.py:766} INFO - DAG(s) dict_keys(['example_branch_datetime_operator_3', 'example_branch_datetime_operator', 'example_branch_datetime_operator_2']) retrieved from /home/airflow/.local/lib/python3.7/site-packages/airflow/example_dags/example_branch_datetime_operator.py
[2023-01-15T00:19:06.833+0000] {logging_mixin.py:120} INFO - [2023-01-15T00:19:06.833+0000] {dag.py:2585} INFO - Sync 3 DAGs
[2023-01-15T00:19:06.848+0000] {logging_mixin.py:120} INFO - [2023-01-15T00:19:06.848+0000] {dag.py:3340} INFO - Setting next_dagrun for example_branch_datetime_operator to 2023-01-14T00:00:00+00:00, run_after=2023-01-15T00:00:00+00:00
[2023-01-15T00:19:06.851+0000] {logging_mixin.py:120} INFO - [2023-01-15T00:19:06.851+0000] {dag.py:3340} INFO - Setting next_dagrun for example_branch_datetime_operator_2 to 2023-01-14T00:00:00+00:00, run_after=2023-01-15T00:00:00+00:00
[2023-01-15T00:19:06.853+0000] {logging_mixin.py:120} INFO - [2023-01-15T00:19:06.853+0000] {dag.py:3340} INFO - Setting next_dagrun for example_branch_datetime_operator_3 to 2023-01-14T00:00:00+00:00, run_after=2023-01-15T00:00:00+00:00
[2023-01-15T00:19:06.865+0000] {processor.py:176} INFO - Processing /home/airflow/.local/lib/python3.7/site-packages/airflow/example_dags/example_branch_datetime_operator.py took 0.075 seconds
[2023-01-15T00:19:37.376+0000] {processor.py:154} INFO - Started process (PID=578) to work on /home/airflow/.local/lib/python3.7/site-packages/airflow/example_dags/example_branch_datetime_operator.py
[2023-01-15T00:19:37.377+0000] {processor.py:756} INFO - Processing file /home/airflow/.local/lib/python3.7/site-packages/airflow/example_dags/example_branch_datetime_operator.py for tasks to queue
[2023-01-15T00:19:37.378+0000] {logging_mixin.py:120} INFO - [2023-01-15T00:19:37.378+0000] {dagbag.py:537} INFO - Filling up the DagBag from /home/airflow/.local/lib/python3.7/site-packages/airflow/example_dags/example_branch_datetime_operator.py
[2023-01-15T00:19:37.391+0000] {processor.py:766} INFO - DAG(s) dict_keys(['example_branch_datetime_operator_3', 'example_branch_datetime_operator_2', 'example_branch_datetime_operator']) retrieved from /home/airflow/.local/lib/python3.7/site-packages/airflow/example_dags/example_branch_datetime_operator.py
[2023-01-15T00:19:37.420+0000] {logging_mixin.py:120} INFO - [2023-01-15T00:19:37.420+0000] {dag.py:2585} INFO - Sync 3 DAGs
[2023-01-15T00:19:37.438+0000] {logging_mixin.py:120} INFO - [2023-01-15T00:19:37.437+0000] {dag.py:3340} INFO - Setting next_dagrun for example_branch_datetime_operator to 2023-01-14T00:00:00+00:00, run_after=2023-01-15T00:00:00+00:00
[2023-01-15T00:19:37.441+0000] {logging_mixin.py:120} INFO - [2023-01-15T00:19:37.441+0000] {dag.py:3340} INFO - Setting next_dagrun for example_branch_datetime_operator_2 to 2023-01-14T00:00:00+00:00, run_after=2023-01-15T00:00:00+00:00
[2023-01-15T00:19:37.443+0000] {logging_mixin.py:120} INFO - [2023-01-15T00:19:37.443+0000] {dag.py:3340} INFO - Setting next_dagrun for example_branch_datetime_operator_3 to 2023-01-14T00:00:00+00:00, run_after=2023-01-15T00:00:00+00:00
[2023-01-15T00:19:37.453+0000] {processor.py:176} INFO - Processing /home/airflow/.local/lib/python3.7/site-packages/airflow/example_dags/example_branch_datetime_operator.py took 0.079 seconds
[2023-01-15T00:20:07.683+0000] {processor.py:154} INFO - Started process (PID=643) to work on /home/airflow/.local/lib/python3.7/site-packages/airflow/example_dags/example_branch_datetime_operator.py
[2023-01-15T00:20:07.684+0000] {processor.py:756} INFO - Processing file /home/airflow/.local/lib/python3.7/site-packages/airflow/example_dags/example_branch_datetime_operator.py for tasks to queue
[2023-01-15T00:20:07.685+0000] {logging_mixin.py:120} INFO - [2023-01-15T00:20:07.685+0000] {dagbag.py:537} INFO - Filling up the DagBag from /home/airflow/.local/lib/python3.7/site-packages/airflow/example_dags/example_branch_datetime_operator.py
[2023-01-15T00:20:07.698+0000] {processor.py:766} INFO - DAG(s) dict_keys(['example_branch_datetime_operator_2', 'example_branch_datetime_operator_3', 'example_branch_datetime_operator']) retrieved from /home/airflow/.local/lib/python3.7/site-packages/airflow/example_dags/example_branch_datetime_operator.py
[2023-01-15T00:20:07.737+0000] {logging_mixin.py:120} INFO - [2023-01-15T00:20:07.737+0000] {dag.py:2585} INFO - Sync 3 DAGs
[2023-01-15T00:20:07.760+0000] {logging_mixin.py:120} INFO - [2023-01-15T00:20:07.760+0000] {dag.py:3340} INFO - Setting next_dagrun for example_branch_datetime_operator to 2023-01-14T00:00:00+00:00, run_after=2023-01-15T00:00:00+00:00
[2023-01-15T00:20:07.764+0000] {logging_mixin.py:120} INFO - [2023-01-15T00:20:07.764+0000] {dag.py:3340} INFO - Setting next_dagrun for example_branch_datetime_operator_2 to 2023-01-14T00:00:00+00:00, run_after=2023-01-15T00:00:00+00:00
[2023-01-15T00:20:07.766+0000] {logging_mixin.py:120} INFO - [2023-01-15T00:20:07.766+0000] {dag.py:3340} INFO - Setting next_dagrun for example_branch_datetime_operator_3 to 2023-01-14T00:00:00+00:00, run_after=2023-01-15T00:00:00+00:00
[2023-01-15T00:20:07.779+0000] {processor.py:176} INFO - Processing /home/airflow/.local/lib/python3.7/site-packages/airflow/example_dags/example_branch_datetime_operator.py took 0.098 seconds
[2023-01-15T00:20:38.943+0000] {processor.py:154} INFO - Started process (PID=708) to work on /home/airflow/.local/lib/python3.7/site-packages/airflow/example_dags/example_branch_datetime_operator.py
[2023-01-15T00:20:38.944+0000] {processor.py:756} INFO - Processing file /home/airflow/.local/lib/python3.7/site-packages/airflow/example_dags/example_branch_datetime_operator.py for tasks to queue
[2023-01-15T00:20:38.945+0000] {logging_mixin.py:120} INFO - [2023-01-15T00:20:38.944+0000] {dagbag.py:537} INFO - Filling up the DagBag from /home/airflow/.local/lib/python3.7/site-packages/airflow/example_dags/example_branch_datetime_operator.py
[2023-01-15T00:20:38.956+0000] {processor.py:766} INFO - DAG(s) dict_keys(['example_branch_datetime_operator_2', 'example_branch_datetime_operator_3', 'example_branch_datetime_operator']) retrieved from /home/airflow/.local/lib/python3.7/site-packages/airflow/example_dags/example_branch_datetime_operator.py
[2023-01-15T00:20:38.988+0000] {logging_mixin.py:120} INFO - [2023-01-15T00:20:38.988+0000] {dag.py:2585} INFO - Sync 3 DAGs
[2023-01-15T00:20:39.009+0000] {logging_mixin.py:120} INFO - [2023-01-15T00:20:39.009+0000] {dag.py:3340} INFO - Setting next_dagrun for example_branch_datetime_operator to 2023-01-14T00:00:00+00:00, run_after=2023-01-15T00:00:00+00:00
[2023-01-15T00:20:39.012+0000] {logging_mixin.py:120} INFO - [2023-01-15T00:20:39.012+0000] {dag.py:3340} INFO - Setting next_dagrun for example_branch_datetime_operator_2 to 2023-01-14T00:00:00+00:00, run_after=2023-01-15T00:00:00+00:00
[2023-01-15T00:20:39.015+0000] {logging_mixin.py:120} INFO - [2023-01-15T00:20:39.015+0000] {dag.py:3340} INFO - Setting next_dagrun for example_branch_datetime_operator_3 to 2023-01-14T00:00:00+00:00, run_after=2023-01-15T00:00:00+00:00
[2023-01-15T00:20:39.029+0000] {processor.py:176} INFO - Processing /home/airflow/.local/lib/python3.7/site-packages/airflow/example_dags/example_branch_datetime_operator.py took 0.088 seconds
[2023-01-15T00:21:09.979+0000] {processor.py:154} INFO - Started process (PID=773) to work on /home/airflow/.local/lib/python3.7/site-packages/airflow/example_dags/example_branch_datetime_operator.py
[2023-01-15T00:21:09.980+0000] {processor.py:756} INFO - Processing file /home/airflow/.local/lib/python3.7/site-packages/airflow/example_dags/example_branch_datetime_operator.py for tasks to queue
[2023-01-15T00:21:09.980+0000] {logging_mixin.py:120} INFO - [2023-01-15T00:21:09.980+0000] {dagbag.py:537} INFO - Filling up the DagBag from /home/airflow/.local/lib/python3.7/site-packages/airflow/example_dags/example_branch_datetime_operator.py
[2023-01-15T00:21:09.997+0000] {processor.py:766} INFO - DAG(s) dict_keys(['example_branch_datetime_operator', 'example_branch_datetime_operator_3', 'example_branch_datetime_operator_2']) retrieved from /home/airflow/.local/lib/python3.7/site-packages/airflow/example_dags/example_branch_datetime_operator.py
[2023-01-15T00:21:10.032+0000] {logging_mixin.py:120} INFO - [2023-01-15T00:21:10.032+0000] {dag.py:2585} INFO - Sync 3 DAGs
[2023-01-15T00:21:10.053+0000] {logging_mixin.py:120} INFO - [2023-01-15T00:21:10.053+0000] {dag.py:3340} INFO - Setting next_dagrun for example_branch_datetime_operator to 2023-01-14T00:00:00+00:00, run_after=2023-01-15T00:00:00+00:00
[2023-01-15T00:21:10.058+0000] {logging_mixin.py:120} INFO - [2023-01-15T00:21:10.058+0000] {dag.py:3340} INFO - Setting next_dagrun for example_branch_datetime_operator_2 to 2023-01-14T00:00:00+00:00, run_after=2023-01-15T00:00:00+00:00
[2023-01-15T00:21:10.060+0000] {logging_mixin.py:120} INFO - [2023-01-15T00:21:10.060+0000] {dag.py:3340} INFO - Setting next_dagrun for example_branch_datetime_operator_3 to 2023-01-14T00:00:00+00:00, run_after=2023-01-15T00:00:00+00:00
[2023-01-15T00:21:10.076+0000] {processor.py:176} INFO - Processing /home/airflow/.local/lib/python3.7/site-packages/airflow/example_dags/example_branch_datetime_operator.py took 0.099 seconds
[2023-01-15T00:21:40.482+0000] {processor.py:154} INFO - Started process (PID=836) to work on /home/airflow/.local/lib/python3.7/site-packages/airflow/example_dags/example_branch_datetime_operator.py
[2023-01-15T00:21:40.483+0000] {processor.py:756} INFO - Processing file /home/airflow/.local/lib/python3.7/site-packages/airflow/example_dags/example_branch_datetime_operator.py for tasks to queue
[2023-01-15T00:21:40.484+0000] {logging_mixin.py:120} INFO - [2023-01-15T00:21:40.484+0000] {dagbag.py:537} INFO - Filling up the DagBag from /home/airflow/.local/lib/python3.7/site-packages/airflow/example_dags/example_branch_datetime_operator.py
[2023-01-15T00:21:40.497+0000] {processor.py:766} INFO - DAG(s) dict_keys(['example_branch_datetime_operator_3', 'example_branch_datetime_operator_2', 'example_branch_datetime_operator']) retrieved from /home/airflow/.local/lib/python3.7/site-packages/airflow/example_dags/example_branch_datetime_operator.py
[2023-01-15T00:21:40.537+0000] {logging_mixin.py:120} INFO - [2023-01-15T00:21:40.537+0000] {dag.py:2585} INFO - Sync 3 DAGs
[2023-01-15T00:21:40.564+0000] {logging_mixin.py:120} INFO - [2023-01-15T00:21:40.564+0000] {dag.py:3340} INFO - Setting next_dagrun for example_branch_datetime_operator to 2023-01-14T00:00:00+00:00, run_after=2023-01-15T00:00:00+00:00
[2023-01-15T00:21:40.569+0000] {logging_mixin.py:120} INFO - [2023-01-15T00:21:40.569+0000] {dag.py:3340} INFO - Setting next_dagrun for example_branch_datetime_operator_2 to 2023-01-14T00:00:00+00:00, run_after=2023-01-15T00:00:00+00:00
[2023-01-15T00:21:40.572+0000] {logging_mixin.py:120} INFO - [2023-01-15T00:21:40.571+0000] {dag.py:3340} INFO - Setting next_dagrun for example_branch_datetime_operator_3 to 2023-01-14T00:00:00+00:00, run_after=2023-01-15T00:00:00+00:00
[2023-01-15T00:21:40.586+0000] {processor.py:176} INFO - Processing /home/airflow/.local/lib/python3.7/site-packages/airflow/example_dags/example_branch_datetime_operator.py took 0.106 seconds
[2023-01-15T00:22:10.980+0000] {processor.py:154} INFO - Started process (PID=897) to work on /home/airflow/.local/lib/python3.7/site-packages/airflow/example_dags/example_branch_datetime_operator.py
[2023-01-15T00:22:10.982+0000] {processor.py:756} INFO - Processing file /home/airflow/.local/lib/python3.7/site-packages/airflow/example_dags/example_branch_datetime_operator.py for tasks to queue
[2023-01-15T00:22:10.982+0000] {logging_mixin.py:120} INFO - [2023-01-15T00:22:10.982+0000] {dagbag.py:537} INFO - Filling up the DagBag from /home/airflow/.local/lib/python3.7/site-packages/airflow/example_dags/example_branch_datetime_operator.py
[2023-01-15T00:22:10.993+0000] {processor.py:766} INFO - DAG(s) dict_keys(['example_branch_datetime_operator', 'example_branch_datetime_operator_3', 'example_branch_datetime_operator_2']) retrieved from /home/airflow/.local/lib/python3.7/site-packages/airflow/example_dags/example_branch_datetime_operator.py
[2023-01-15T00:22:11.024+0000] {logging_mixin.py:120} INFO - [2023-01-15T00:22:11.024+0000] {dag.py:2585} INFO - Sync 3 DAGs
[2023-01-15T00:22:11.041+0000] {logging_mixin.py:120} INFO - [2023-01-15T00:22:11.041+0000] {dag.py:3340} INFO - Setting next_dagrun for example_branch_datetime_operator to 2023-01-14T00:00:00+00:00, run_after=2023-01-15T00:00:00+00:00
[2023-01-15T00:22:11.044+0000] {logging_mixin.py:120} INFO - [2023-01-15T00:22:11.044+0000] {dag.py:3340} INFO - Setting next_dagrun for example_branch_datetime_operator_2 to 2023-01-14T00:00:00+00:00, run_after=2023-01-15T00:00:00+00:00
[2023-01-15T00:22:11.046+0000] {logging_mixin.py:120} INFO - [2023-01-15T00:22:11.046+0000] {dag.py:3340} INFO - Setting next_dagrun for example_branch_datetime_operator_3 to 2023-01-14T00:00:00+00:00, run_after=2023-01-15T00:00:00+00:00
[2023-01-15T00:22:11.058+0000] {processor.py:176} INFO - Processing /home/airflow/.local/lib/python3.7/site-packages/airflow/example_dags/example_branch_datetime_operator.py took 0.079 seconds
[2023-01-15T00:22:41.143+0000] {processor.py:154} INFO - Started process (PID=962) to work on /home/airflow/.local/lib/python3.7/site-packages/airflow/example_dags/example_branch_datetime_operator.py
[2023-01-15T00:22:41.144+0000] {processor.py:756} INFO - Processing file /home/airflow/.local/lib/python3.7/site-packages/airflow/example_dags/example_branch_datetime_operator.py for tasks to queue
[2023-01-15T00:22:41.144+0000] {logging_mixin.py:120} INFO - [2023-01-15T00:22:41.144+0000] {dagbag.py:537} INFO - Filling up the DagBag from /home/airflow/.local/lib/python3.7/site-packages/airflow/example_dags/example_branch_datetime_operator.py
[2023-01-15T00:22:41.156+0000] {processor.py:766} INFO - DAG(s) dict_keys(['example_branch_datetime_operator', 'example_branch_datetime_operator_3', 'example_branch_datetime_operator_2']) retrieved from /home/airflow/.local/lib/python3.7/site-packages/airflow/example_dags/example_branch_datetime_operator.py
[2023-01-15T00:22:41.187+0000] {logging_mixin.py:120} INFO - [2023-01-15T00:22:41.187+0000] {dag.py:2585} INFO - Sync 3 DAGs
[2023-01-15T00:22:41.202+0000] {logging_mixin.py:120} INFO - [2023-01-15T00:22:41.202+0000] {dag.py:3340} INFO - Setting next_dagrun for example_branch_datetime_operator to 2023-01-14T00:00:00+00:00, run_after=2023-01-15T00:00:00+00:00
[2023-01-15T00:22:41.205+0000] {logging_mixin.py:120} INFO - [2023-01-15T00:22:41.205+0000] {dag.py:3340} INFO - Setting next_dagrun for example_branch_datetime_operator_2 to 2023-01-14T00:00:00+00:00, run_after=2023-01-15T00:00:00+00:00
[2023-01-15T00:22:41.207+0000] {logging_mixin.py:120} INFO - [2023-01-15T00:22:41.206+0000] {dag.py:3340} INFO - Setting next_dagrun for example_branch_datetime_operator_3 to 2023-01-14T00:00:00+00:00, run_after=2023-01-15T00:00:00+00:00
[2023-01-15T00:22:41.217+0000] {processor.py:176} INFO - Processing /home/airflow/.local/lib/python3.7/site-packages/airflow/example_dags/example_branch_datetime_operator.py took 0.076 seconds
[2023-01-15T00:23:12.182+0000] {processor.py:154} INFO - Started process (PID=1025) to work on /home/airflow/.local/lib/python3.7/site-packages/airflow/example_dags/example_branch_datetime_operator.py
[2023-01-15T00:23:12.183+0000] {processor.py:756} INFO - Processing file /home/airflow/.local/lib/python3.7/site-packages/airflow/example_dags/example_branch_datetime_operator.py for tasks to queue
[2023-01-15T00:23:12.183+0000] {logging_mixin.py:120} INFO - [2023-01-15T00:23:12.183+0000] {dagbag.py:537} INFO - Filling up the DagBag from /home/airflow/.local/lib/python3.7/site-packages/airflow/example_dags/example_branch_datetime_operator.py
[2023-01-15T00:23:12.194+0000] {processor.py:766} INFO - DAG(s) dict_keys(['example_branch_datetime_operator_2', 'example_branch_datetime_operator_3', 'example_branch_datetime_operator']) retrieved from /home/airflow/.local/lib/python3.7/site-packages/airflow/example_dags/example_branch_datetime_operator.py
[2023-01-15T00:23:12.227+0000] {logging_mixin.py:120} INFO - [2023-01-15T00:23:12.227+0000] {dag.py:2585} INFO - Sync 3 DAGs
[2023-01-15T00:23:12.247+0000] {logging_mixin.py:120} INFO - [2023-01-15T00:23:12.247+0000] {dag.py:3340} INFO - Setting next_dagrun for example_branch_datetime_operator to 2023-01-14T00:00:00+00:00, run_after=2023-01-15T00:00:00+00:00
[2023-01-15T00:23:12.250+0000] {logging_mixin.py:120} INFO - [2023-01-15T00:23:12.250+0000] {dag.py:3340} INFO - Setting next_dagrun for example_branch_datetime_operator_2 to 2023-01-14T00:00:00+00:00, run_after=2023-01-15T00:00:00+00:00
[2023-01-15T00:23:12.252+0000] {logging_mixin.py:120} INFO - [2023-01-15T00:23:12.252+0000] {dag.py:3340} INFO - Setting next_dagrun for example_branch_datetime_operator_3 to 2023-01-14T00:00:00+00:00, run_after=2023-01-15T00:00:00+00:00
[2023-01-15T00:23:12.266+0000] {processor.py:176} INFO - Processing /home/airflow/.local/lib/python3.7/site-packages/airflow/example_dags/example_branch_datetime_operator.py took 0.086 seconds
[2023-01-15T00:23:42.572+0000] {processor.py:154} INFO - Started process (PID=1090) to work on /home/airflow/.local/lib/python3.7/site-packages/airflow/example_dags/example_branch_datetime_operator.py
[2023-01-15T00:23:42.573+0000] {processor.py:756} INFO - Processing file /home/airflow/.local/lib/python3.7/site-packages/airflow/example_dags/example_branch_datetime_operator.py for tasks to queue
[2023-01-15T00:23:42.573+0000] {logging_mixin.py:120} INFO - [2023-01-15T00:23:42.573+0000] {dagbag.py:537} INFO - Filling up the DagBag from /home/airflow/.local/lib/python3.7/site-packages/airflow/example_dags/example_branch_datetime_operator.py
[2023-01-15T00:23:42.583+0000] {processor.py:766} INFO - DAG(s) dict_keys(['example_branch_datetime_operator_3', 'example_branch_datetime_operator_2', 'example_branch_datetime_operator']) retrieved from /home/airflow/.local/lib/python3.7/site-packages/airflow/example_dags/example_branch_datetime_operator.py
[2023-01-15T00:23:42.613+0000] {logging_mixin.py:120} INFO - [2023-01-15T00:23:42.613+0000] {dag.py:2585} INFO - Sync 3 DAGs
[2023-01-15T00:23:42.631+0000] {logging_mixin.py:120} INFO - [2023-01-15T00:23:42.631+0000] {dag.py:3340} INFO - Setting next_dagrun for example_branch_datetime_operator to 2023-01-14T00:00:00+00:00, run_after=2023-01-15T00:00:00+00:00
[2023-01-15T00:23:42.635+0000] {logging_mixin.py:120} INFO - [2023-01-15T00:23:42.635+0000] {dag.py:3340} INFO - Setting next_dagrun for example_branch_datetime_operator_2 to 2023-01-14T00:00:00+00:00, run_after=2023-01-15T00:00:00+00:00
[2023-01-15T00:23:42.637+0000] {logging_mixin.py:120} INFO - [2023-01-15T00:23:42.637+0000] {dag.py:3340} INFO - Setting next_dagrun for example_branch_datetime_operator_3 to 2023-01-14T00:00:00+00:00, run_after=2023-01-15T00:00:00+00:00
[2023-01-15T00:23:42.650+0000] {processor.py:176} INFO - Processing /home/airflow/.local/lib/python3.7/site-packages/airflow/example_dags/example_branch_datetime_operator.py took 0.080 seconds
[2023-01-15T00:24:13.709+0000] {processor.py:154} INFO - Started process (PID=1146) to work on /home/airflow/.local/lib/python3.7/site-packages/airflow/example_dags/example_branch_datetime_operator.py
[2023-01-15T00:24:13.709+0000] {processor.py:756} INFO - Processing file /home/airflow/.local/lib/python3.7/site-packages/airflow/example_dags/example_branch_datetime_operator.py for tasks to queue
[2023-01-15T00:24:13.710+0000] {logging_mixin.py:120} INFO - [2023-01-15T00:24:13.710+0000] {dagbag.py:537} INFO - Filling up the DagBag from /home/airflow/.local/lib/python3.7/site-packages/airflow/example_dags/example_branch_datetime_operator.py
[2023-01-15T00:24:13.720+0000] {processor.py:766} INFO - DAG(s) dict_keys(['example_branch_datetime_operator_2', 'example_branch_datetime_operator_3', 'example_branch_datetime_operator']) retrieved from /home/airflow/.local/lib/python3.7/site-packages/airflow/example_dags/example_branch_datetime_operator.py
[2023-01-15T00:24:13.753+0000] {logging_mixin.py:120} INFO - [2023-01-15T00:24:13.752+0000] {dag.py:2585} INFO - Sync 3 DAGs
[2023-01-15T00:24:13.769+0000] {logging_mixin.py:120} INFO - [2023-01-15T00:24:13.769+0000] {dag.py:3340} INFO - Setting next_dagrun for example_branch_datetime_operator to 2023-01-14T00:00:00+00:00, run_after=2023-01-15T00:00:00+00:00
[2023-01-15T00:24:13.772+0000] {logging_mixin.py:120} INFO - [2023-01-15T00:24:13.772+0000] {dag.py:3340} INFO - Setting next_dagrun for example_branch_datetime_operator_2 to 2023-01-14T00:00:00+00:00, run_after=2023-01-15T00:00:00+00:00
[2023-01-15T00:24:13.774+0000] {logging_mixin.py:120} INFO - [2023-01-15T00:24:13.773+0000] {dag.py:3340} INFO - Setting next_dagrun for example_branch_datetime_operator_3 to 2023-01-14T00:00:00+00:00, run_after=2023-01-15T00:00:00+00:00
[2023-01-15T00:24:13.785+0000] {processor.py:176} INFO - Processing /home/airflow/.local/lib/python3.7/site-packages/airflow/example_dags/example_branch_datetime_operator.py took 0.078 seconds
[2023-01-15T00:24:43.966+0000] {processor.py:154} INFO - Started process (PID=1211) to work on /home/airflow/.local/lib/python3.7/site-packages/airflow/example_dags/example_branch_datetime_operator.py
[2023-01-15T00:24:43.967+0000] {processor.py:756} INFO - Processing file /home/airflow/.local/lib/python3.7/site-packages/airflow/example_dags/example_branch_datetime_operator.py for tasks to queue
[2023-01-15T00:24:43.968+0000] {logging_mixin.py:120} INFO - [2023-01-15T00:24:43.967+0000] {dagbag.py:537} INFO - Filling up the DagBag from /home/airflow/.local/lib/python3.7/site-packages/airflow/example_dags/example_branch_datetime_operator.py
[2023-01-15T00:24:43.978+0000] {processor.py:766} INFO - DAG(s) dict_keys(['example_branch_datetime_operator_2', 'example_branch_datetime_operator_3', 'example_branch_datetime_operator']) retrieved from /home/airflow/.local/lib/python3.7/site-packages/airflow/example_dags/example_branch_datetime_operator.py
[2023-01-15T00:24:44.009+0000] {logging_mixin.py:120} INFO - [2023-01-15T00:24:44.009+0000] {dag.py:2585} INFO - Sync 3 DAGs
[2023-01-15T00:24:44.028+0000] {logging_mixin.py:120} INFO - [2023-01-15T00:24:44.027+0000] {dag.py:3340} INFO - Setting next_dagrun for example_branch_datetime_operator to 2023-01-14T00:00:00+00:00, run_after=2023-01-15T00:00:00+00:00
[2023-01-15T00:24:44.031+0000] {logging_mixin.py:120} INFO - [2023-01-15T00:24:44.031+0000] {dag.py:3340} INFO - Setting next_dagrun for example_branch_datetime_operator_2 to 2023-01-14T00:00:00+00:00, run_after=2023-01-15T00:00:00+00:00
[2023-01-15T00:24:44.033+0000] {logging_mixin.py:120} INFO - [2023-01-15T00:24:44.033+0000] {dag.py:3340} INFO - Setting next_dagrun for example_branch_datetime_operator_3 to 2023-01-14T00:00:00+00:00, run_after=2023-01-15T00:00:00+00:00
[2023-01-15T00:24:44.045+0000] {processor.py:176} INFO - Processing /home/airflow/.local/lib/python3.7/site-packages/airflow/example_dags/example_branch_datetime_operator.py took 0.081 seconds
[2023-01-15T00:25:14.976+0000] {processor.py:154} INFO - Started process (PID=1276) to work on /home/airflow/.local/lib/python3.7/site-packages/airflow/example_dags/example_branch_datetime_operator.py
[2023-01-15T00:25:14.977+0000] {processor.py:756} INFO - Processing file /home/airflow/.local/lib/python3.7/site-packages/airflow/example_dags/example_branch_datetime_operator.py for tasks to queue
[2023-01-15T00:25:14.977+0000] {logging_mixin.py:120} INFO - [2023-01-15T00:25:14.977+0000] {dagbag.py:537} INFO - Filling up the DagBag from /home/airflow/.local/lib/python3.7/site-packages/airflow/example_dags/example_branch_datetime_operator.py
[2023-01-15T00:25:14.989+0000] {processor.py:766} INFO - DAG(s) dict_keys(['example_branch_datetime_operator', 'example_branch_datetime_operator_2', 'example_branch_datetime_operator_3']) retrieved from /home/airflow/.local/lib/python3.7/site-packages/airflow/example_dags/example_branch_datetime_operator.py
[2023-01-15T00:25:15.018+0000] {logging_mixin.py:120} INFO - [2023-01-15T00:25:15.017+0000] {dag.py:2585} INFO - Sync 3 DAGs
[2023-01-15T00:25:15.035+0000] {logging_mixin.py:120} INFO - [2023-01-15T00:25:15.035+0000] {dag.py:3340} INFO - Setting next_dagrun for example_branch_datetime_operator to 2023-01-14T00:00:00+00:00, run_after=2023-01-15T00:00:00+00:00
[2023-01-15T00:25:15.038+0000] {logging_mixin.py:120} INFO - [2023-01-15T00:25:15.038+0000] {dag.py:3340} INFO - Setting next_dagrun for example_branch_datetime_operator_2 to 2023-01-14T00:00:00+00:00, run_after=2023-01-15T00:00:00+00:00
[2023-01-15T00:25:15.040+0000] {logging_mixin.py:120} INFO - [2023-01-15T00:25:15.040+0000] {dag.py:3340} INFO - Setting next_dagrun for example_branch_datetime_operator_3 to 2023-01-14T00:00:00+00:00, run_after=2023-01-15T00:00:00+00:00
[2023-01-15T00:25:15.052+0000] {processor.py:176} INFO - Processing /home/airflow/.local/lib/python3.7/site-packages/airflow/example_dags/example_branch_datetime_operator.py took 0.078 seconds
[2023-01-15T00:25:46.091+0000] {processor.py:154} INFO - Started process (PID=1340) to work on /home/airflow/.local/lib/python3.7/site-packages/airflow/example_dags/example_branch_datetime_operator.py
[2023-01-15T00:25:46.092+0000] {processor.py:756} INFO - Processing file /home/airflow/.local/lib/python3.7/site-packages/airflow/example_dags/example_branch_datetime_operator.py for tasks to queue
[2023-01-15T00:25:46.093+0000] {logging_mixin.py:120} INFO - [2023-01-15T00:25:46.092+0000] {dagbag.py:537} INFO - Filling up the DagBag from /home/airflow/.local/lib/python3.7/site-packages/airflow/example_dags/example_branch_datetime_operator.py
[2023-01-15T00:25:46.105+0000] {processor.py:766} INFO - DAG(s) dict_keys(['example_branch_datetime_operator_3', 'example_branch_datetime_operator_2', 'example_branch_datetime_operator']) retrieved from /home/airflow/.local/lib/python3.7/site-packages/airflow/example_dags/example_branch_datetime_operator.py
[2023-01-15T00:25:46.137+0000] {logging_mixin.py:120} INFO - [2023-01-15T00:25:46.137+0000] {dag.py:2585} INFO - Sync 3 DAGs
[2023-01-15T00:25:46.157+0000] {logging_mixin.py:120} INFO - [2023-01-15T00:25:46.157+0000] {dag.py:3340} INFO - Setting next_dagrun for example_branch_datetime_operator to 2023-01-14T00:00:00+00:00, run_after=2023-01-15T00:00:00+00:00
[2023-01-15T00:25:46.161+0000] {logging_mixin.py:120} INFO - [2023-01-15T00:25:46.161+0000] {dag.py:3340} INFO - Setting next_dagrun for example_branch_datetime_operator_2 to 2023-01-14T00:00:00+00:00, run_after=2023-01-15T00:00:00+00:00
[2023-01-15T00:25:46.163+0000] {logging_mixin.py:120} INFO - [2023-01-15T00:25:46.163+0000] {dag.py:3340} INFO - Setting next_dagrun for example_branch_datetime_operator_3 to 2023-01-14T00:00:00+00:00, run_after=2023-01-15T00:00:00+00:00
[2023-01-15T00:25:46.176+0000] {processor.py:176} INFO - Processing /home/airflow/.local/lib/python3.7/site-packages/airflow/example_dags/example_branch_datetime_operator.py took 0.088 seconds
[2023-01-15T00:26:16.388+0000] {processor.py:154} INFO - Started process (PID=1405) to work on /home/airflow/.local/lib/python3.7/site-packages/airflow/example_dags/example_branch_datetime_operator.py
[2023-01-15T00:26:16.388+0000] {processor.py:756} INFO - Processing file /home/airflow/.local/lib/python3.7/site-packages/airflow/example_dags/example_branch_datetime_operator.py for tasks to queue
[2023-01-15T00:26:16.389+0000] {logging_mixin.py:120} INFO - [2023-01-15T00:26:16.389+0000] {dagbag.py:537} INFO - Filling up the DagBag from /home/airflow/.local/lib/python3.7/site-packages/airflow/example_dags/example_branch_datetime_operator.py
[2023-01-15T00:26:16.399+0000] {processor.py:766} INFO - DAG(s) dict_keys(['example_branch_datetime_operator_3', 'example_branch_datetime_operator_2', 'example_branch_datetime_operator']) retrieved from /home/airflow/.local/lib/python3.7/site-packages/airflow/example_dags/example_branch_datetime_operator.py
[2023-01-15T00:26:16.428+0000] {logging_mixin.py:120} INFO - [2023-01-15T00:26:16.428+0000] {dag.py:2585} INFO - Sync 3 DAGs
[2023-01-15T00:26:16.444+0000] {logging_mixin.py:120} INFO - [2023-01-15T00:26:16.444+0000] {dag.py:3340} INFO - Setting next_dagrun for example_branch_datetime_operator to 2023-01-14T00:00:00+00:00, run_after=2023-01-15T00:00:00+00:00
[2023-01-15T00:26:16.448+0000] {logging_mixin.py:120} INFO - [2023-01-15T00:26:16.448+0000] {dag.py:3340} INFO - Setting next_dagrun for example_branch_datetime_operator_2 to 2023-01-14T00:00:00+00:00, run_after=2023-01-15T00:00:00+00:00
[2023-01-15T00:26:16.449+0000] {logging_mixin.py:120} INFO - [2023-01-15T00:26:16.449+0000] {dag.py:3340} INFO - Setting next_dagrun for example_branch_datetime_operator_3 to 2023-01-14T00:00:00+00:00, run_after=2023-01-15T00:00:00+00:00
[2023-01-15T00:26:16.461+0000] {processor.py:176} INFO - Processing /home/airflow/.local/lib/python3.7/site-packages/airflow/example_dags/example_branch_datetime_operator.py took 0.075 seconds
[2023-01-15T00:26:47.597+0000] {processor.py:154} INFO - Started process (PID=1468) to work on /home/airflow/.local/lib/python3.7/site-packages/airflow/example_dags/example_branch_datetime_operator.py
[2023-01-15T00:26:47.597+0000] {processor.py:756} INFO - Processing file /home/airflow/.local/lib/python3.7/site-packages/airflow/example_dags/example_branch_datetime_operator.py for tasks to queue
[2023-01-15T00:26:47.598+0000] {logging_mixin.py:120} INFO - [2023-01-15T00:26:47.598+0000] {dagbag.py:537} INFO - Filling up the DagBag from /home/airflow/.local/lib/python3.7/site-packages/airflow/example_dags/example_branch_datetime_operator.py
[2023-01-15T00:26:47.608+0000] {processor.py:766} INFO - DAG(s) dict_keys(['example_branch_datetime_operator_2', 'example_branch_datetime_operator', 'example_branch_datetime_operator_3']) retrieved from /home/airflow/.local/lib/python3.7/site-packages/airflow/example_dags/example_branch_datetime_operator.py
[2023-01-15T00:26:47.640+0000] {logging_mixin.py:120} INFO - [2023-01-15T00:26:47.640+0000] {dag.py:2585} INFO - Sync 3 DAGs
[2023-01-15T00:26:47.657+0000] {logging_mixin.py:120} INFO - [2023-01-15T00:26:47.657+0000] {dag.py:3340} INFO - Setting next_dagrun for example_branch_datetime_operator to 2023-01-14T00:00:00+00:00, run_after=2023-01-15T00:00:00+00:00
[2023-01-15T00:26:47.660+0000] {logging_mixin.py:120} INFO - [2023-01-15T00:26:47.660+0000] {dag.py:3340} INFO - Setting next_dagrun for example_branch_datetime_operator_2 to 2023-01-14T00:00:00+00:00, run_after=2023-01-15T00:00:00+00:00
[2023-01-15T00:26:47.662+0000] {logging_mixin.py:120} INFO - [2023-01-15T00:26:47.662+0000] {dag.py:3340} INFO - Setting next_dagrun for example_branch_datetime_operator_3 to 2023-01-14T00:00:00+00:00, run_after=2023-01-15T00:00:00+00:00
[2023-01-15T00:26:47.674+0000] {processor.py:176} INFO - Processing /home/airflow/.local/lib/python3.7/site-packages/airflow/example_dags/example_branch_datetime_operator.py took 0.081 seconds
[2023-01-15T00:27:17.964+0000] {processor.py:154} INFO - Started process (PID=1526) to work on /home/airflow/.local/lib/python3.7/site-packages/airflow/example_dags/example_branch_datetime_operator.py
[2023-01-15T00:27:17.964+0000] {processor.py:756} INFO - Processing file /home/airflow/.local/lib/python3.7/site-packages/airflow/example_dags/example_branch_datetime_operator.py for tasks to queue
[2023-01-15T00:27:17.964+0000] {logging_mixin.py:120} INFO - [2023-01-15T00:27:17.964+0000] {dagbag.py:537} INFO - Filling up the DagBag from /home/airflow/.local/lib/python3.7/site-packages/airflow/example_dags/example_branch_datetime_operator.py
[2023-01-15T00:27:17.974+0000] {processor.py:766} INFO - DAG(s) dict_keys(['example_branch_datetime_operator_3', 'example_branch_datetime_operator', 'example_branch_datetime_operator_2']) retrieved from /home/airflow/.local/lib/python3.7/site-packages/airflow/example_dags/example_branch_datetime_operator.py
[2023-01-15T00:27:18.002+0000] {logging_mixin.py:120} INFO - [2023-01-15T00:27:18.002+0000] {dag.py:2585} INFO - Sync 3 DAGs
[2023-01-15T00:27:18.018+0000] {logging_mixin.py:120} INFO - [2023-01-15T00:27:18.018+0000] {dag.py:3340} INFO - Setting next_dagrun for example_branch_datetime_operator to 2023-01-14T00:00:00+00:00, run_after=2023-01-15T00:00:00+00:00
[2023-01-15T00:27:18.022+0000] {logging_mixin.py:120} INFO - [2023-01-15T00:27:18.022+0000] {dag.py:3340} INFO - Setting next_dagrun for example_branch_datetime_operator_2 to 2023-01-14T00:00:00+00:00, run_after=2023-01-15T00:00:00+00:00
[2023-01-15T00:27:18.024+0000] {logging_mixin.py:120} INFO - [2023-01-15T00:27:18.024+0000] {dag.py:3340} INFO - Setting next_dagrun for example_branch_datetime_operator_3 to 2023-01-14T00:00:00+00:00, run_after=2023-01-15T00:00:00+00:00
[2023-01-15T00:27:18.035+0000] {processor.py:176} INFO - Processing /home/airflow/.local/lib/python3.7/site-packages/airflow/example_dags/example_branch_datetime_operator.py took 0.074 seconds
[2023-01-15T00:27:48.370+0000] {processor.py:154} INFO - Started process (PID=1590) to work on /home/airflow/.local/lib/python3.7/site-packages/airflow/example_dags/example_branch_datetime_operator.py
[2023-01-15T00:27:48.370+0000] {processor.py:756} INFO - Processing file /home/airflow/.local/lib/python3.7/site-packages/airflow/example_dags/example_branch_datetime_operator.py for tasks to queue
[2023-01-15T00:27:48.370+0000] {logging_mixin.py:120} INFO - [2023-01-15T00:27:48.370+0000] {dagbag.py:537} INFO - Filling up the DagBag from /home/airflow/.local/lib/python3.7/site-packages/airflow/example_dags/example_branch_datetime_operator.py
[2023-01-15T00:27:48.381+0000] {processor.py:766} INFO - DAG(s) dict_keys(['example_branch_datetime_operator_2', 'example_branch_datetime_operator', 'example_branch_datetime_operator_3']) retrieved from /home/airflow/.local/lib/python3.7/site-packages/airflow/example_dags/example_branch_datetime_operator.py
[2023-01-15T00:27:48.410+0000] {logging_mixin.py:120} INFO - [2023-01-15T00:27:48.410+0000] {dag.py:2585} INFO - Sync 3 DAGs
[2023-01-15T00:27:48.428+0000] {logging_mixin.py:120} INFO - [2023-01-15T00:27:48.428+0000] {dag.py:3340} INFO - Setting next_dagrun for example_branch_datetime_operator to 2023-01-14T00:00:00+00:00, run_after=2023-01-15T00:00:00+00:00
[2023-01-15T00:27:48.431+0000] {logging_mixin.py:120} INFO - [2023-01-15T00:27:48.431+0000] {dag.py:3340} INFO - Setting next_dagrun for example_branch_datetime_operator_2 to 2023-01-14T00:00:00+00:00, run_after=2023-01-15T00:00:00+00:00
[2023-01-15T00:27:48.433+0000] {logging_mixin.py:120} INFO - [2023-01-15T00:27:48.433+0000] {dag.py:3340} INFO - Setting next_dagrun for example_branch_datetime_operator_3 to 2023-01-14T00:00:00+00:00, run_after=2023-01-15T00:00:00+00:00
[2023-01-15T00:27:48.444+0000] {processor.py:176} INFO - Processing /home/airflow/.local/lib/python3.7/site-packages/airflow/example_dags/example_branch_datetime_operator.py took 0.076 seconds
[2023-01-15T00:28:19.222+0000] {processor.py:154} INFO - Started process (PID=1655) to work on /home/airflow/.local/lib/python3.7/site-packages/airflow/example_dags/example_branch_datetime_operator.py
[2023-01-15T00:28:19.222+0000] {processor.py:756} INFO - Processing file /home/airflow/.local/lib/python3.7/site-packages/airflow/example_dags/example_branch_datetime_operator.py for tasks to queue
[2023-01-15T00:28:19.222+0000] {logging_mixin.py:120} INFO - [2023-01-15T00:28:19.222+0000] {dagbag.py:537} INFO - Filling up the DagBag from /home/airflow/.local/lib/python3.7/site-packages/airflow/example_dags/example_branch_datetime_operator.py
[2023-01-15T00:28:19.235+0000] {processor.py:766} INFO - DAG(s) dict_keys(['example_branch_datetime_operator_3', 'example_branch_datetime_operator_2', 'example_branch_datetime_operator']) retrieved from /home/airflow/.local/lib/python3.7/site-packages/airflow/example_dags/example_branch_datetime_operator.py
[2023-01-15T00:28:19.266+0000] {logging_mixin.py:120} INFO - [2023-01-15T00:28:19.266+0000] {dag.py:2585} INFO - Sync 3 DAGs
[2023-01-15T00:28:19.285+0000] {logging_mixin.py:120} INFO - [2023-01-15T00:28:19.285+0000] {dag.py:3340} INFO - Setting next_dagrun for example_branch_datetime_operator to 2023-01-14T00:00:00+00:00, run_after=2023-01-15T00:00:00+00:00
[2023-01-15T00:28:19.288+0000] {logging_mixin.py:120} INFO - [2023-01-15T00:28:19.288+0000] {dag.py:3340} INFO - Setting next_dagrun for example_branch_datetime_operator_2 to 2023-01-14T00:00:00+00:00, run_after=2023-01-15T00:00:00+00:00
[2023-01-15T00:28:19.290+0000] {logging_mixin.py:120} INFO - [2023-01-15T00:28:19.290+0000] {dag.py:3340} INFO - Setting next_dagrun for example_branch_datetime_operator_3 to 2023-01-14T00:00:00+00:00, run_after=2023-01-15T00:00:00+00:00
[2023-01-15T00:28:19.302+0000] {processor.py:176} INFO - Processing /home/airflow/.local/lib/python3.7/site-packages/airflow/example_dags/example_branch_datetime_operator.py took 0.082 seconds
[2023-01-15T00:28:49.317+0000] {processor.py:154} INFO - Started process (PID=1718) to work on /home/airflow/.local/lib/python3.7/site-packages/airflow/example_dags/example_branch_datetime_operator.py
[2023-01-15T00:28:49.318+0000] {processor.py:756} INFO - Processing file /home/airflow/.local/lib/python3.7/site-packages/airflow/example_dags/example_branch_datetime_operator.py for tasks to queue
[2023-01-15T00:28:49.319+0000] {logging_mixin.py:120} INFO - [2023-01-15T00:28:49.318+0000] {dagbag.py:537} INFO - Filling up the DagBag from /home/airflow/.local/lib/python3.7/site-packages/airflow/example_dags/example_branch_datetime_operator.py
[2023-01-15T00:28:49.329+0000] {processor.py:766} INFO - DAG(s) dict_keys(['example_branch_datetime_operator_3', 'example_branch_datetime_operator_2', 'example_branch_datetime_operator']) retrieved from /home/airflow/.local/lib/python3.7/site-packages/airflow/example_dags/example_branch_datetime_operator.py
[2023-01-15T00:28:49.358+0000] {logging_mixin.py:120} INFO - [2023-01-15T00:28:49.358+0000] {dag.py:2585} INFO - Sync 3 DAGs
[2023-01-15T00:28:49.378+0000] {logging_mixin.py:120} INFO - [2023-01-15T00:28:49.378+0000] {dag.py:3340} INFO - Setting next_dagrun for example_branch_datetime_operator to 2023-01-14T00:00:00+00:00, run_after=2023-01-15T00:00:00+00:00
[2023-01-15T00:28:49.381+0000] {logging_mixin.py:120} INFO - [2023-01-15T00:28:49.381+0000] {dag.py:3340} INFO - Setting next_dagrun for example_branch_datetime_operator_2 to 2023-01-14T00:00:00+00:00, run_after=2023-01-15T00:00:00+00:00
[2023-01-15T00:28:49.384+0000] {logging_mixin.py:120} INFO - [2023-01-15T00:28:49.383+0000] {dag.py:3340} INFO - Setting next_dagrun for example_branch_datetime_operator_3 to 2023-01-14T00:00:00+00:00, run_after=2023-01-15T00:00:00+00:00
[2023-01-15T00:28:49.396+0000] {processor.py:176} INFO - Processing /home/airflow/.local/lib/python3.7/site-packages/airflow/example_dags/example_branch_datetime_operator.py took 0.080 seconds
[2023-01-15T00:29:20.395+0000] {processor.py:154} INFO - Started process (PID=1774) to work on /home/airflow/.local/lib/python3.7/site-packages/airflow/example_dags/example_branch_datetime_operator.py
[2023-01-15T00:29:20.395+0000] {processor.py:756} INFO - Processing file /home/airflow/.local/lib/python3.7/site-packages/airflow/example_dags/example_branch_datetime_operator.py for tasks to queue
[2023-01-15T00:29:20.396+0000] {logging_mixin.py:120} INFO - [2023-01-15T00:29:20.396+0000] {dagbag.py:537} INFO - Filling up the DagBag from /home/airflow/.local/lib/python3.7/site-packages/airflow/example_dags/example_branch_datetime_operator.py
[2023-01-15T00:29:20.408+0000] {processor.py:766} INFO - DAG(s) dict_keys(['example_branch_datetime_operator', 'example_branch_datetime_operator_3', 'example_branch_datetime_operator_2']) retrieved from /home/airflow/.local/lib/python3.7/site-packages/airflow/example_dags/example_branch_datetime_operator.py
[2023-01-15T00:29:20.444+0000] {logging_mixin.py:120} INFO - [2023-01-15T00:29:20.444+0000] {dag.py:2585} INFO - Sync 3 DAGs
[2023-01-15T00:29:20.464+0000] {logging_mixin.py:120} INFO - [2023-01-15T00:29:20.464+0000] {dag.py:3340} INFO - Setting next_dagrun for example_branch_datetime_operator to 2023-01-14T00:00:00+00:00, run_after=2023-01-15T00:00:00+00:00
[2023-01-15T00:29:20.468+0000] {logging_mixin.py:120} INFO - [2023-01-15T00:29:20.468+0000] {dag.py:3340} INFO - Setting next_dagrun for example_branch_datetime_operator_2 to 2023-01-14T00:00:00+00:00, run_after=2023-01-15T00:00:00+00:00
[2023-01-15T00:29:20.470+0000] {logging_mixin.py:120} INFO - [2023-01-15T00:29:20.470+0000] {dag.py:3340} INFO - Setting next_dagrun for example_branch_datetime_operator_3 to 2023-01-14T00:00:00+00:00, run_after=2023-01-15T00:00:00+00:00
[2023-01-15T00:29:20.482+0000] {processor.py:176} INFO - Processing /home/airflow/.local/lib/python3.7/site-packages/airflow/example_dags/example_branch_datetime_operator.py took 0.089 seconds
[2023-01-15T00:29:50.712+0000] {processor.py:154} INFO - Started process (PID=1840) to work on /home/airflow/.local/lib/python3.7/site-packages/airflow/example_dags/example_branch_datetime_operator.py
[2023-01-15T00:29:50.713+0000] {processor.py:756} INFO - Processing file /home/airflow/.local/lib/python3.7/site-packages/airflow/example_dags/example_branch_datetime_operator.py for tasks to queue
[2023-01-15T00:29:50.713+0000] {logging_mixin.py:120} INFO - [2023-01-15T00:29:50.713+0000] {dagbag.py:537} INFO - Filling up the DagBag from /home/airflow/.local/lib/python3.7/site-packages/airflow/example_dags/example_branch_datetime_operator.py
[2023-01-15T00:29:50.724+0000] {processor.py:766} INFO - DAG(s) dict_keys(['example_branch_datetime_operator_2', 'example_branch_datetime_operator_3', 'example_branch_datetime_operator']) retrieved from /home/airflow/.local/lib/python3.7/site-packages/airflow/example_dags/example_branch_datetime_operator.py
[2023-01-15T00:29:50.752+0000] {logging_mixin.py:120} INFO - [2023-01-15T00:29:50.752+0000] {dag.py:2585} INFO - Sync 3 DAGs
[2023-01-15T00:29:50.770+0000] {logging_mixin.py:120} INFO - [2023-01-15T00:29:50.770+0000] {dag.py:3340} INFO - Setting next_dagrun for example_branch_datetime_operator to 2023-01-14T00:00:00+00:00, run_after=2023-01-15T00:00:00+00:00
[2023-01-15T00:29:50.773+0000] {logging_mixin.py:120} INFO - [2023-01-15T00:29:50.773+0000] {dag.py:3340} INFO - Setting next_dagrun for example_branch_datetime_operator_2 to 2023-01-14T00:00:00+00:00, run_after=2023-01-15T00:00:00+00:00
[2023-01-15T00:29:50.774+0000] {logging_mixin.py:120} INFO - [2023-01-15T00:29:50.774+0000] {dag.py:3340} INFO - Setting next_dagrun for example_branch_datetime_operator_3 to 2023-01-14T00:00:00+00:00, run_after=2023-01-15T00:00:00+00:00
[2023-01-15T00:29:50.785+0000] {processor.py:176} INFO - Processing /home/airflow/.local/lib/python3.7/site-packages/airflow/example_dags/example_branch_datetime_operator.py took 0.075 seconds
[2023-01-15T00:30:21.716+0000] {processor.py:154} INFO - Started process (PID=1905) to work on /home/airflow/.local/lib/python3.7/site-packages/airflow/example_dags/example_branch_datetime_operator.py
[2023-01-15T00:30:21.717+0000] {processor.py:756} INFO - Processing file /home/airflow/.local/lib/python3.7/site-packages/airflow/example_dags/example_branch_datetime_operator.py for tasks to queue
[2023-01-15T00:30:21.718+0000] {logging_mixin.py:120} INFO - [2023-01-15T00:30:21.718+0000] {dagbag.py:537} INFO - Filling up the DagBag from /home/airflow/.local/lib/python3.7/site-packages/airflow/example_dags/example_branch_datetime_operator.py
[2023-01-15T00:30:21.729+0000] {processor.py:766} INFO - DAG(s) dict_keys(['example_branch_datetime_operator', 'example_branch_datetime_operator_2', 'example_branch_datetime_operator_3']) retrieved from /home/airflow/.local/lib/python3.7/site-packages/airflow/example_dags/example_branch_datetime_operator.py
[2023-01-15T00:30:21.757+0000] {logging_mixin.py:120} INFO - [2023-01-15T00:30:21.757+0000] {dag.py:2585} INFO - Sync 3 DAGs
[2023-01-15T00:30:21.773+0000] {logging_mixin.py:120} INFO - [2023-01-15T00:30:21.773+0000] {dag.py:3340} INFO - Setting next_dagrun for example_branch_datetime_operator to 2023-01-14T00:00:00+00:00, run_after=2023-01-15T00:00:00+00:00
[2023-01-15T00:30:21.776+0000] {logging_mixin.py:120} INFO - [2023-01-15T00:30:21.776+0000] {dag.py:3340} INFO - Setting next_dagrun for example_branch_datetime_operator_2 to 2023-01-14T00:00:00+00:00, run_after=2023-01-15T00:00:00+00:00
[2023-01-15T00:30:21.778+0000] {logging_mixin.py:120} INFO - [2023-01-15T00:30:21.778+0000] {dag.py:3340} INFO - Setting next_dagrun for example_branch_datetime_operator_3 to 2023-01-14T00:00:00+00:00, run_after=2023-01-15T00:00:00+00:00
[2023-01-15T00:30:21.788+0000] {processor.py:176} INFO - Processing /home/airflow/.local/lib/python3.7/site-packages/airflow/example_dags/example_branch_datetime_operator.py took 0.073 seconds
[2023-01-15T00:30:52.737+0000] {processor.py:154} INFO - Started process (PID=1970) to work on /home/airflow/.local/lib/python3.7/site-packages/airflow/example_dags/example_branch_datetime_operator.py
[2023-01-15T00:30:52.738+0000] {processor.py:756} INFO - Processing file /home/airflow/.local/lib/python3.7/site-packages/airflow/example_dags/example_branch_datetime_operator.py for tasks to queue
[2023-01-15T00:30:52.738+0000] {logging_mixin.py:120} INFO - [2023-01-15T00:30:52.738+0000] {dagbag.py:537} INFO - Filling up the DagBag from /home/airflow/.local/lib/python3.7/site-packages/airflow/example_dags/example_branch_datetime_operator.py
[2023-01-15T00:30:52.749+0000] {processor.py:766} INFO - DAG(s) dict_keys(['example_branch_datetime_operator_2', 'example_branch_datetime_operator', 'example_branch_datetime_operator_3']) retrieved from /home/airflow/.local/lib/python3.7/site-packages/airflow/example_dags/example_branch_datetime_operator.py
[2023-01-15T00:30:52.777+0000] {logging_mixin.py:120} INFO - [2023-01-15T00:30:52.777+0000] {dag.py:2585} INFO - Sync 3 DAGs
[2023-01-15T00:30:52.793+0000] {logging_mixin.py:120} INFO - [2023-01-15T00:30:52.793+0000] {dag.py:3340} INFO - Setting next_dagrun for example_branch_datetime_operator to 2023-01-14T00:00:00+00:00, run_after=2023-01-15T00:00:00+00:00
[2023-01-15T00:30:52.796+0000] {logging_mixin.py:120} INFO - [2023-01-15T00:30:52.796+0000] {dag.py:3340} INFO - Setting next_dagrun for example_branch_datetime_operator_2 to 2023-01-14T00:00:00+00:00, run_after=2023-01-15T00:00:00+00:00
[2023-01-15T00:30:52.797+0000] {logging_mixin.py:120} INFO - [2023-01-15T00:30:52.797+0000] {dag.py:3340} INFO - Setting next_dagrun for example_branch_datetime_operator_3 to 2023-01-14T00:00:00+00:00, run_after=2023-01-15T00:00:00+00:00
[2023-01-15T00:30:52.809+0000] {processor.py:176} INFO - Processing /home/airflow/.local/lib/python3.7/site-packages/airflow/example_dags/example_branch_datetime_operator.py took 0.074 seconds
[2023-01-15T00:31:23.734+0000] {processor.py:154} INFO - Started process (PID=2034) to work on /home/airflow/.local/lib/python3.7/site-packages/airflow/example_dags/example_branch_datetime_operator.py
[2023-01-15T00:31:23.735+0000] {processor.py:756} INFO - Processing file /home/airflow/.local/lib/python3.7/site-packages/airflow/example_dags/example_branch_datetime_operator.py for tasks to queue
[2023-01-15T00:31:23.735+0000] {logging_mixin.py:120} INFO - [2023-01-15T00:31:23.735+0000] {dagbag.py:537} INFO - Filling up the DagBag from /home/airflow/.local/lib/python3.7/site-packages/airflow/example_dags/example_branch_datetime_operator.py
[2023-01-15T00:31:23.746+0000] {processor.py:766} INFO - DAG(s) dict_keys(['example_branch_datetime_operator_3', 'example_branch_datetime_operator', 'example_branch_datetime_operator_2']) retrieved from /home/airflow/.local/lib/python3.7/site-packages/airflow/example_dags/example_branch_datetime_operator.py
[2023-01-15T00:31:23.775+0000] {logging_mixin.py:120} INFO - [2023-01-15T00:31:23.774+0000] {dag.py:2585} INFO - Sync 3 DAGs
[2023-01-15T00:31:23.791+0000] {logging_mixin.py:120} INFO - [2023-01-15T00:31:23.791+0000] {dag.py:3340} INFO - Setting next_dagrun for example_branch_datetime_operator to 2023-01-14T00:00:00+00:00, run_after=2023-01-15T00:00:00+00:00
[2023-01-15T00:31:23.794+0000] {logging_mixin.py:120} INFO - [2023-01-15T00:31:23.794+0000] {dag.py:3340} INFO - Setting next_dagrun for example_branch_datetime_operator_2 to 2023-01-14T00:00:00+00:00, run_after=2023-01-15T00:00:00+00:00
[2023-01-15T00:31:23.795+0000] {logging_mixin.py:120} INFO - [2023-01-15T00:31:23.795+0000] {dag.py:3340} INFO - Setting next_dagrun for example_branch_datetime_operator_3 to 2023-01-14T00:00:00+00:00, run_after=2023-01-15T00:00:00+00:00
[2023-01-15T00:31:23.806+0000] {processor.py:176} INFO - Processing /home/airflow/.local/lib/python3.7/site-packages/airflow/example_dags/example_branch_datetime_operator.py took 0.074 seconds
[2023-01-15T00:31:54.840+0000] {processor.py:154} INFO - Started process (PID=2099) to work on /home/airflow/.local/lib/python3.7/site-packages/airflow/example_dags/example_branch_datetime_operator.py
[2023-01-15T00:31:54.841+0000] {processor.py:756} INFO - Processing file /home/airflow/.local/lib/python3.7/site-packages/airflow/example_dags/example_branch_datetime_operator.py for tasks to queue
[2023-01-15T00:31:54.841+0000] {logging_mixin.py:120} INFO - [2023-01-15T00:31:54.841+0000] {dagbag.py:537} INFO - Filling up the DagBag from /home/airflow/.local/lib/python3.7/site-packages/airflow/example_dags/example_branch_datetime_operator.py
[2023-01-15T00:31:54.852+0000] {processor.py:766} INFO - DAG(s) dict_keys(['example_branch_datetime_operator', 'example_branch_datetime_operator_2', 'example_branch_datetime_operator_3']) retrieved from /home/airflow/.local/lib/python3.7/site-packages/airflow/example_dags/example_branch_datetime_operator.py
[2023-01-15T00:31:54.881+0000] {logging_mixin.py:120} INFO - [2023-01-15T00:31:54.881+0000] {dag.py:2585} INFO - Sync 3 DAGs
[2023-01-15T00:31:54.902+0000] {logging_mixin.py:120} INFO - [2023-01-15T00:31:54.902+0000] {dag.py:3340} INFO - Setting next_dagrun for example_branch_datetime_operator to 2023-01-14T00:00:00+00:00, run_after=2023-01-15T00:00:00+00:00
[2023-01-15T00:31:54.906+0000] {logging_mixin.py:120} INFO - [2023-01-15T00:31:54.906+0000] {dag.py:3340} INFO - Setting next_dagrun for example_branch_datetime_operator_2 to 2023-01-14T00:00:00+00:00, run_after=2023-01-15T00:00:00+00:00
[2023-01-15T00:31:54.908+0000] {logging_mixin.py:120} INFO - [2023-01-15T00:31:54.908+0000] {dag.py:3340} INFO - Setting next_dagrun for example_branch_datetime_operator_3 to 2023-01-14T00:00:00+00:00, run_after=2023-01-15T00:00:00+00:00
[2023-01-15T00:31:54.920+0000] {processor.py:176} INFO - Processing /home/airflow/.local/lib/python3.7/site-packages/airflow/example_dags/example_branch_datetime_operator.py took 0.082 seconds
[2023-01-15T00:32:24.991+0000] {processor.py:154} INFO - Started process (PID=2155) to work on /home/airflow/.local/lib/python3.7/site-packages/airflow/example_dags/example_branch_datetime_operator.py
[2023-01-15T00:32:24.992+0000] {processor.py:756} INFO - Processing file /home/airflow/.local/lib/python3.7/site-packages/airflow/example_dags/example_branch_datetime_operator.py for tasks to queue
[2023-01-15T00:32:24.992+0000] {logging_mixin.py:120} INFO - [2023-01-15T00:32:24.992+0000] {dagbag.py:537} INFO - Filling up the DagBag from /home/airflow/.local/lib/python3.7/site-packages/airflow/example_dags/example_branch_datetime_operator.py
[2023-01-15T00:32:25.003+0000] {processor.py:766} INFO - DAG(s) dict_keys(['example_branch_datetime_operator', 'example_branch_datetime_operator_3', 'example_branch_datetime_operator_2']) retrieved from /home/airflow/.local/lib/python3.7/site-packages/airflow/example_dags/example_branch_datetime_operator.py
[2023-01-15T00:32:25.033+0000] {logging_mixin.py:120} INFO - [2023-01-15T00:32:25.033+0000] {dag.py:2585} INFO - Sync 3 DAGs
[2023-01-15T00:32:25.049+0000] {logging_mixin.py:120} INFO - [2023-01-15T00:32:25.049+0000] {dag.py:3340} INFO - Setting next_dagrun for example_branch_datetime_operator to 2023-01-14T00:00:00+00:00, run_after=2023-01-15T00:00:00+00:00
[2023-01-15T00:32:25.052+0000] {logging_mixin.py:120} INFO - [2023-01-15T00:32:25.052+0000] {dag.py:3340} INFO - Setting next_dagrun for example_branch_datetime_operator_2 to 2023-01-14T00:00:00+00:00, run_after=2023-01-15T00:00:00+00:00
[2023-01-15T00:32:25.054+0000] {logging_mixin.py:120} INFO - [2023-01-15T00:32:25.054+0000] {dag.py:3340} INFO - Setting next_dagrun for example_branch_datetime_operator_3 to 2023-01-14T00:00:00+00:00, run_after=2023-01-15T00:00:00+00:00
[2023-01-15T00:32:25.064+0000] {processor.py:176} INFO - Processing /home/airflow/.local/lib/python3.7/site-packages/airflow/example_dags/example_branch_datetime_operator.py took 0.075 seconds
[2023-01-15T00:32:55.432+0000] {processor.py:154} INFO - Started process (PID=2221) to work on /home/airflow/.local/lib/python3.7/site-packages/airflow/example_dags/example_branch_datetime_operator.py
[2023-01-15T00:32:55.433+0000] {processor.py:756} INFO - Processing file /home/airflow/.local/lib/python3.7/site-packages/airflow/example_dags/example_branch_datetime_operator.py for tasks to queue
[2023-01-15T00:32:55.433+0000] {logging_mixin.py:120} INFO - [2023-01-15T00:32:55.433+0000] {dagbag.py:537} INFO - Filling up the DagBag from /home/airflow/.local/lib/python3.7/site-packages/airflow/example_dags/example_branch_datetime_operator.py
[2023-01-15T00:32:55.444+0000] {processor.py:766} INFO - DAG(s) dict_keys(['example_branch_datetime_operator_2', 'example_branch_datetime_operator_3', 'example_branch_datetime_operator']) retrieved from /home/airflow/.local/lib/python3.7/site-packages/airflow/example_dags/example_branch_datetime_operator.py
[2023-01-15T00:32:55.474+0000] {logging_mixin.py:120} INFO - [2023-01-15T00:32:55.474+0000] {dag.py:2585} INFO - Sync 3 DAGs
[2023-01-15T00:32:55.494+0000] {logging_mixin.py:120} INFO - [2023-01-15T00:32:55.494+0000] {dag.py:3340} INFO - Setting next_dagrun for example_branch_datetime_operator to 2023-01-14T00:00:00+00:00, run_after=2023-01-15T00:00:00+00:00
[2023-01-15T00:32:55.497+0000] {logging_mixin.py:120} INFO - [2023-01-15T00:32:55.497+0000] {dag.py:3340} INFO - Setting next_dagrun for example_branch_datetime_operator_2 to 2023-01-14T00:00:00+00:00, run_after=2023-01-15T00:00:00+00:00
[2023-01-15T00:32:55.499+0000] {logging_mixin.py:120} INFO - [2023-01-15T00:32:55.499+0000] {dag.py:3340} INFO - Setting next_dagrun for example_branch_datetime_operator_3 to 2023-01-14T00:00:00+00:00, run_after=2023-01-15T00:00:00+00:00
[2023-01-15T00:32:55.509+0000] {processor.py:176} INFO - Processing /home/airflow/.local/lib/python3.7/site-packages/airflow/example_dags/example_branch_datetime_operator.py took 0.079 seconds
[2023-01-15T00:33:25.541+0000] {processor.py:154} INFO - Started process (PID=2286) to work on /home/airflow/.local/lib/python3.7/site-packages/airflow/example_dags/example_branch_datetime_operator.py
[2023-01-15T00:33:25.542+0000] {processor.py:756} INFO - Processing file /home/airflow/.local/lib/python3.7/site-packages/airflow/example_dags/example_branch_datetime_operator.py for tasks to queue
[2023-01-15T00:33:25.542+0000] {logging_mixin.py:120} INFO - [2023-01-15T00:33:25.542+0000] {dagbag.py:537} INFO - Filling up the DagBag from /home/airflow/.local/lib/python3.7/site-packages/airflow/example_dags/example_branch_datetime_operator.py
[2023-01-15T00:33:25.553+0000] {processor.py:766} INFO - DAG(s) dict_keys(['example_branch_datetime_operator_2', 'example_branch_datetime_operator', 'example_branch_datetime_operator_3']) retrieved from /home/airflow/.local/lib/python3.7/site-packages/airflow/example_dags/example_branch_datetime_operator.py
[2023-01-15T00:33:25.581+0000] {logging_mixin.py:120} INFO - [2023-01-15T00:33:25.581+0000] {dag.py:2585} INFO - Sync 3 DAGs
[2023-01-15T00:33:25.598+0000] {logging_mixin.py:120} INFO - [2023-01-15T00:33:25.598+0000] {dag.py:3340} INFO - Setting next_dagrun for example_branch_datetime_operator to 2023-01-14T00:00:00+00:00, run_after=2023-01-15T00:00:00+00:00
[2023-01-15T00:33:25.601+0000] {logging_mixin.py:120} INFO - [2023-01-15T00:33:25.601+0000] {dag.py:3340} INFO - Setting next_dagrun for example_branch_datetime_operator_2 to 2023-01-14T00:00:00+00:00, run_after=2023-01-15T00:00:00+00:00
[2023-01-15T00:33:25.603+0000] {logging_mixin.py:120} INFO - [2023-01-15T00:33:25.602+0000] {dag.py:3340} INFO - Setting next_dagrun for example_branch_datetime_operator_3 to 2023-01-14T00:00:00+00:00, run_after=2023-01-15T00:00:00+00:00
[2023-01-15T00:33:25.615+0000] {processor.py:176} INFO - Processing /home/airflow/.local/lib/python3.7/site-packages/airflow/example_dags/example_branch_datetime_operator.py took 0.076 seconds
