[2023-01-15T00:15:33.890+0000] {processor.py:154} INFO - Started process (PID=71) to work on /home/airflow/.local/lib/python3.7/site-packages/airflow/example_dags/example_sla_dag.py
[2023-01-15T00:15:33.891+0000] {processor.py:756} INFO - Processing file /home/airflow/.local/lib/python3.7/site-packages/airflow/example_dags/example_sla_dag.py for tasks to queue
[2023-01-15T00:15:33.892+0000] {logging_mixin.py:120} INFO - [2023-01-15T00:15:33.891+0000] {dagbag.py:537} INFO - Filling up the DagBag from /home/airflow/.local/lib/python3.7/site-packages/airflow/example_dags/example_sla_dag.py
[2023-01-15T00:15:33.953+0000] {processor.py:766} INFO - DAG(s) dict_keys(['example_sla_dag']) retrieved from /home/airflow/.local/lib/python3.7/site-packages/airflow/example_dags/example_sla_dag.py
[2023-01-15T00:15:34.038+0000] {logging_mixin.py:120} INFO - [2023-01-15T00:15:34.038+0000] {dag.py:2585} INFO - Sync 1 DAGs
[2023-01-15T00:15:34.114+0000] {logging_mixin.py:120} INFO - [2023-01-15T00:15:34.113+0000] {dag.py:3340} INFO - Setting next_dagrun for example_sla_dag to 2023-01-15T00:12:00+00:00, run_after=2023-01-15T00:14:00+00:00
[2023-01-15T00:15:34.149+0000] {processor.py:176} INFO - Processing /home/airflow/.local/lib/python3.7/site-packages/airflow/example_dags/example_sla_dag.py took 0.263 seconds
[2023-01-15T00:16:04.294+0000] {processor.py:154} INFO - Started process (PID=137) to work on /home/airflow/.local/lib/python3.7/site-packages/airflow/example_dags/example_sla_dag.py
[2023-01-15T00:16:04.294+0000] {processor.py:756} INFO - Processing file /home/airflow/.local/lib/python3.7/site-packages/airflow/example_dags/example_sla_dag.py for tasks to queue
[2023-01-15T00:16:04.295+0000] {logging_mixin.py:120} INFO - [2023-01-15T00:16:04.295+0000] {dagbag.py:537} INFO - Filling up the DagBag from /home/airflow/.local/lib/python3.7/site-packages/airflow/example_dags/example_sla_dag.py
[2023-01-15T00:16:04.307+0000] {processor.py:766} INFO - DAG(s) dict_keys(['example_sla_dag']) retrieved from /home/airflow/.local/lib/python3.7/site-packages/airflow/example_dags/example_sla_dag.py
[2023-01-15T00:16:04.331+0000] {logging_mixin.py:120} INFO - [2023-01-15T00:16:04.331+0000] {dag.py:2585} INFO - Sync 1 DAGs
[2023-01-15T00:16:04.348+0000] {logging_mixin.py:120} INFO - [2023-01-15T00:16:04.348+0000] {dag.py:3340} INFO - Setting next_dagrun for example_sla_dag to 2023-01-15T00:14:00+00:00, run_after=2023-01-15T00:16:00+00:00
[2023-01-15T00:16:04.360+0000] {processor.py:176} INFO - Processing /home/airflow/.local/lib/python3.7/site-packages/airflow/example_dags/example_sla_dag.py took 0.068 seconds
[2023-01-15T00:16:34.693+0000] {processor.py:154} INFO - Started process (PID=203) to work on /home/airflow/.local/lib/python3.7/site-packages/airflow/example_dags/example_sla_dag.py
[2023-01-15T00:16:34.693+0000] {processor.py:756} INFO - Processing file /home/airflow/.local/lib/python3.7/site-packages/airflow/example_dags/example_sla_dag.py for tasks to queue
[2023-01-15T00:16:34.694+0000] {logging_mixin.py:120} INFO - [2023-01-15T00:16:34.693+0000] {dagbag.py:537} INFO - Filling up the DagBag from /home/airflow/.local/lib/python3.7/site-packages/airflow/example_dags/example_sla_dag.py
[2023-01-15T00:16:34.720+0000] {processor.py:766} INFO - DAG(s) dict_keys(['example_sla_dag']) retrieved from /home/airflow/.local/lib/python3.7/site-packages/airflow/example_dags/example_sla_dag.py
[2023-01-15T00:16:34.761+0000] {logging_mixin.py:120} INFO - [2023-01-15T00:16:34.760+0000] {dag.py:2585} INFO - Sync 1 DAGs
[2023-01-15T00:16:34.795+0000] {logging_mixin.py:120} INFO - [2023-01-15T00:16:34.795+0000] {dag.py:3340} INFO - Setting next_dagrun for example_sla_dag to 2023-01-15T00:14:00+00:00, run_after=2023-01-15T00:16:00+00:00
[2023-01-15T00:16:34.815+0000] {processor.py:176} INFO - Processing /home/airflow/.local/lib/python3.7/site-packages/airflow/example_dags/example_sla_dag.py took 0.124 seconds
[2023-01-15T00:17:05.000+0000] {processor.py:154} INFO - Started process (PID=259) to work on /home/airflow/.local/lib/python3.7/site-packages/airflow/example_dags/example_sla_dag.py
[2023-01-15T00:17:05.001+0000] {processor.py:756} INFO - Processing file /home/airflow/.local/lib/python3.7/site-packages/airflow/example_dags/example_sla_dag.py for tasks to queue
[2023-01-15T00:17:05.002+0000] {logging_mixin.py:120} INFO - [2023-01-15T00:17:05.002+0000] {dagbag.py:537} INFO - Filling up the DagBag from /home/airflow/.local/lib/python3.7/site-packages/airflow/example_dags/example_sla_dag.py
[2023-01-15T00:17:05.018+0000] {processor.py:766} INFO - DAG(s) dict_keys(['example_sla_dag']) retrieved from /home/airflow/.local/lib/python3.7/site-packages/airflow/example_dags/example_sla_dag.py
[2023-01-15T00:17:05.046+0000] {logging_mixin.py:120} INFO - [2023-01-15T00:17:05.046+0000] {dag.py:2585} INFO - Sync 1 DAGs
[2023-01-15T00:17:05.075+0000] {logging_mixin.py:120} INFO - [2023-01-15T00:17:05.074+0000] {dag.py:3340} INFO - Setting next_dagrun for example_sla_dag to 2023-01-15T00:14:00+00:00, run_after=2023-01-15T00:16:00+00:00
[2023-01-15T00:17:05.110+0000] {processor.py:176} INFO - Processing /home/airflow/.local/lib/python3.7/site-packages/airflow/example_dags/example_sla_dag.py took 0.112 seconds
[2023-01-15T00:17:35.190+0000] {processor.py:154} INFO - Started process (PID=324) to work on /home/airflow/.local/lib/python3.7/site-packages/airflow/example_dags/example_sla_dag.py
[2023-01-15T00:17:35.191+0000] {processor.py:756} INFO - Processing file /home/airflow/.local/lib/python3.7/site-packages/airflow/example_dags/example_sla_dag.py for tasks to queue
[2023-01-15T00:17:35.191+0000] {logging_mixin.py:120} INFO - [2023-01-15T00:17:35.191+0000] {dagbag.py:537} INFO - Filling up the DagBag from /home/airflow/.local/lib/python3.7/site-packages/airflow/example_dags/example_sla_dag.py
[2023-01-15T00:17:35.206+0000] {processor.py:766} INFO - DAG(s) dict_keys(['example_sla_dag']) retrieved from /home/airflow/.local/lib/python3.7/site-packages/airflow/example_dags/example_sla_dag.py
[2023-01-15T00:17:35.230+0000] {logging_mixin.py:120} INFO - [2023-01-15T00:17:35.230+0000] {dag.py:2585} INFO - Sync 1 DAGs
[2023-01-15T00:17:35.250+0000] {logging_mixin.py:120} INFO - [2023-01-15T00:17:35.250+0000] {dag.py:3340} INFO - Setting next_dagrun for example_sla_dag to 2023-01-15T00:14:00+00:00, run_after=2023-01-15T00:16:00+00:00
[2023-01-15T00:17:35.263+0000] {processor.py:176} INFO - Processing /home/airflow/.local/lib/python3.7/site-packages/airflow/example_dags/example_sla_dag.py took 0.075 seconds
[2023-01-15T00:18:05.667+0000] {processor.py:154} INFO - Started process (PID=389) to work on /home/airflow/.local/lib/python3.7/site-packages/airflow/example_dags/example_sla_dag.py
[2023-01-15T00:18:05.668+0000] {processor.py:756} INFO - Processing file /home/airflow/.local/lib/python3.7/site-packages/airflow/example_dags/example_sla_dag.py for tasks to queue
[2023-01-15T00:18:05.668+0000] {logging_mixin.py:120} INFO - [2023-01-15T00:18:05.668+0000] {dagbag.py:537} INFO - Filling up the DagBag from /home/airflow/.local/lib/python3.7/site-packages/airflow/example_dags/example_sla_dag.py
[2023-01-15T00:18:05.683+0000] {processor.py:766} INFO - DAG(s) dict_keys(['example_sla_dag']) retrieved from /home/airflow/.local/lib/python3.7/site-packages/airflow/example_dags/example_sla_dag.py
[2023-01-15T00:18:05.710+0000] {logging_mixin.py:120} INFO - [2023-01-15T00:18:05.710+0000] {dag.py:2585} INFO - Sync 1 DAGs
[2023-01-15T00:18:05.729+0000] {logging_mixin.py:120} INFO - [2023-01-15T00:18:05.728+0000] {dag.py:3340} INFO - Setting next_dagrun for example_sla_dag to 2023-01-15T00:16:00+00:00, run_after=2023-01-15T00:18:00+00:00
[2023-01-15T00:18:05.741+0000] {processor.py:176} INFO - Processing /home/airflow/.local/lib/python3.7/site-packages/airflow/example_dags/example_sla_dag.py took 0.075 seconds
[2023-01-15T00:18:36.156+0000] {processor.py:154} INFO - Started process (PID=454) to work on /home/airflow/.local/lib/python3.7/site-packages/airflow/example_dags/example_sla_dag.py
[2023-01-15T00:18:36.158+0000] {processor.py:756} INFO - Processing file /home/airflow/.local/lib/python3.7/site-packages/airflow/example_dags/example_sla_dag.py for tasks to queue
[2023-01-15T00:18:36.158+0000] {logging_mixin.py:120} INFO - [2023-01-15T00:18:36.158+0000] {dagbag.py:537} INFO - Filling up the DagBag from /home/airflow/.local/lib/python3.7/site-packages/airflow/example_dags/example_sla_dag.py
[2023-01-15T00:18:36.173+0000] {processor.py:766} INFO - DAG(s) dict_keys(['example_sla_dag']) retrieved from /home/airflow/.local/lib/python3.7/site-packages/airflow/example_dags/example_sla_dag.py
[2023-01-15T00:18:36.200+0000] {logging_mixin.py:120} INFO - [2023-01-15T00:18:36.200+0000] {dag.py:2585} INFO - Sync 1 DAGs
[2023-01-15T00:18:36.221+0000] {logging_mixin.py:120} INFO - [2023-01-15T00:18:36.220+0000] {dag.py:3340} INFO - Setting next_dagrun for example_sla_dag to 2023-01-15T00:16:00+00:00, run_after=2023-01-15T00:18:00+00:00
[2023-01-15T00:18:36.233+0000] {processor.py:176} INFO - Processing /home/airflow/.local/lib/python3.7/site-packages/airflow/example_dags/example_sla_dag.py took 0.079 seconds
[2023-01-15T00:19:06.637+0000] {processor.py:154} INFO - Started process (PID=510) to work on /home/airflow/.local/lib/python3.7/site-packages/airflow/example_dags/example_sla_dag.py
[2023-01-15T00:19:06.638+0000] {processor.py:756} INFO - Processing file /home/airflow/.local/lib/python3.7/site-packages/airflow/example_dags/example_sla_dag.py for tasks to queue
[2023-01-15T00:19:06.638+0000] {logging_mixin.py:120} INFO - [2023-01-15T00:19:06.638+0000] {dagbag.py:537} INFO - Filling up the DagBag from /home/airflow/.local/lib/python3.7/site-packages/airflow/example_dags/example_sla_dag.py
[2023-01-15T00:19:06.651+0000] {processor.py:766} INFO - DAG(s) dict_keys(['example_sla_dag']) retrieved from /home/airflow/.local/lib/python3.7/site-packages/airflow/example_dags/example_sla_dag.py
[2023-01-15T00:19:06.677+0000] {logging_mixin.py:120} INFO - [2023-01-15T00:19:06.676+0000] {dag.py:2585} INFO - Sync 1 DAGs
[2023-01-15T00:19:06.696+0000] {logging_mixin.py:120} INFO - [2023-01-15T00:19:06.696+0000] {dag.py:3340} INFO - Setting next_dagrun for example_sla_dag to 2023-01-15T00:16:00+00:00, run_after=2023-01-15T00:18:00+00:00
[2023-01-15T00:19:06.710+0000] {processor.py:176} INFO - Processing /home/airflow/.local/lib/python3.7/site-packages/airflow/example_dags/example_sla_dag.py took 0.075 seconds
[2023-01-15T00:19:37.269+0000] {processor.py:154} INFO - Started process (PID=575) to work on /home/airflow/.local/lib/python3.7/site-packages/airflow/example_dags/example_sla_dag.py
[2023-01-15T00:19:37.270+0000] {processor.py:756} INFO - Processing file /home/airflow/.local/lib/python3.7/site-packages/airflow/example_dags/example_sla_dag.py for tasks to queue
[2023-01-15T00:19:37.270+0000] {logging_mixin.py:120} INFO - [2023-01-15T00:19:37.270+0000] {dagbag.py:537} INFO - Filling up the DagBag from /home/airflow/.local/lib/python3.7/site-packages/airflow/example_dags/example_sla_dag.py
[2023-01-15T00:19:37.286+0000] {processor.py:766} INFO - DAG(s) dict_keys(['example_sla_dag']) retrieved from /home/airflow/.local/lib/python3.7/site-packages/airflow/example_dags/example_sla_dag.py
[2023-01-15T00:19:37.314+0000] {logging_mixin.py:120} INFO - [2023-01-15T00:19:37.314+0000] {dag.py:2585} INFO - Sync 1 DAGs
[2023-01-15T00:19:37.335+0000] {logging_mixin.py:120} INFO - [2023-01-15T00:19:37.335+0000] {dag.py:3340} INFO - Setting next_dagrun for example_sla_dag to 2023-01-15T00:16:00+00:00, run_after=2023-01-15T00:18:00+00:00
[2023-01-15T00:19:37.348+0000] {processor.py:176} INFO - Processing /home/airflow/.local/lib/python3.7/site-packages/airflow/example_dags/example_sla_dag.py took 0.081 seconds
[2023-01-15T00:20:07.557+0000] {processor.py:154} INFO - Started process (PID=640) to work on /home/airflow/.local/lib/python3.7/site-packages/airflow/example_dags/example_sla_dag.py
[2023-01-15T00:20:07.558+0000] {processor.py:756} INFO - Processing file /home/airflow/.local/lib/python3.7/site-packages/airflow/example_dags/example_sla_dag.py for tasks to queue
[2023-01-15T00:20:07.558+0000] {logging_mixin.py:120} INFO - [2023-01-15T00:20:07.558+0000] {dagbag.py:537} INFO - Filling up the DagBag from /home/airflow/.local/lib/python3.7/site-packages/airflow/example_dags/example_sla_dag.py
[2023-01-15T00:20:07.575+0000] {processor.py:766} INFO - DAG(s) dict_keys(['example_sla_dag']) retrieved from /home/airflow/.local/lib/python3.7/site-packages/airflow/example_dags/example_sla_dag.py
[2023-01-15T00:20:07.606+0000] {logging_mixin.py:120} INFO - [2023-01-15T00:20:07.606+0000] {dag.py:2585} INFO - Sync 1 DAGs
[2023-01-15T00:20:07.628+0000] {logging_mixin.py:120} INFO - [2023-01-15T00:20:07.628+0000] {dag.py:3340} INFO - Setting next_dagrun for example_sla_dag to 2023-01-15T00:18:00+00:00, run_after=2023-01-15T00:20:00+00:00
[2023-01-15T00:20:07.642+0000] {processor.py:176} INFO - Processing /home/airflow/.local/lib/python3.7/site-packages/airflow/example_dags/example_sla_dag.py took 0.087 seconds
[2023-01-15T00:20:38.790+0000] {processor.py:154} INFO - Started process (PID=705) to work on /home/airflow/.local/lib/python3.7/site-packages/airflow/example_dags/example_sla_dag.py
[2023-01-15T00:20:38.791+0000] {processor.py:756} INFO - Processing file /home/airflow/.local/lib/python3.7/site-packages/airflow/example_dags/example_sla_dag.py for tasks to queue
[2023-01-15T00:20:38.791+0000] {logging_mixin.py:120} INFO - [2023-01-15T00:20:38.791+0000] {dagbag.py:537} INFO - Filling up the DagBag from /home/airflow/.local/lib/python3.7/site-packages/airflow/example_dags/example_sla_dag.py
[2023-01-15T00:20:38.807+0000] {processor.py:766} INFO - DAG(s) dict_keys(['example_sla_dag']) retrieved from /home/airflow/.local/lib/python3.7/site-packages/airflow/example_dags/example_sla_dag.py
[2023-01-15T00:20:38.834+0000] {logging_mixin.py:120} INFO - [2023-01-15T00:20:38.834+0000] {dag.py:2585} INFO - Sync 1 DAGs
[2023-01-15T00:20:38.854+0000] {logging_mixin.py:120} INFO - [2023-01-15T00:20:38.854+0000] {dag.py:3340} INFO - Setting next_dagrun for example_sla_dag to 2023-01-15T00:18:00+00:00, run_after=2023-01-15T00:20:00+00:00
[2023-01-15T00:20:38.867+0000] {processor.py:176} INFO - Processing /home/airflow/.local/lib/python3.7/site-packages/airflow/example_dags/example_sla_dag.py took 0.080 seconds
[2023-01-15T00:21:09.811+0000] {processor.py:154} INFO - Started process (PID=770) to work on /home/airflow/.local/lib/python3.7/site-packages/airflow/example_dags/example_sla_dag.py
[2023-01-15T00:21:09.812+0000] {processor.py:756} INFO - Processing file /home/airflow/.local/lib/python3.7/site-packages/airflow/example_dags/example_sla_dag.py for tasks to queue
[2023-01-15T00:21:09.812+0000] {logging_mixin.py:120} INFO - [2023-01-15T00:21:09.812+0000] {dagbag.py:537} INFO - Filling up the DagBag from /home/airflow/.local/lib/python3.7/site-packages/airflow/example_dags/example_sla_dag.py
[2023-01-15T00:21:09.827+0000] {processor.py:766} INFO - DAG(s) dict_keys(['example_sla_dag']) retrieved from /home/airflow/.local/lib/python3.7/site-packages/airflow/example_dags/example_sla_dag.py
[2023-01-15T00:21:09.854+0000] {logging_mixin.py:120} INFO - [2023-01-15T00:21:09.853+0000] {dag.py:2585} INFO - Sync 1 DAGs
[2023-01-15T00:21:09.877+0000] {logging_mixin.py:120} INFO - [2023-01-15T00:21:09.877+0000] {dag.py:3340} INFO - Setting next_dagrun for example_sla_dag to 2023-01-15T00:18:00+00:00, run_after=2023-01-15T00:20:00+00:00
[2023-01-15T00:21:09.890+0000] {processor.py:176} INFO - Processing /home/airflow/.local/lib/python3.7/site-packages/airflow/example_dags/example_sla_dag.py took 0.080 seconds
[2023-01-15T00:21:40.306+0000] {processor.py:154} INFO - Started process (PID=826) to work on /home/airflow/.local/lib/python3.7/site-packages/airflow/example_dags/example_sla_dag.py
[2023-01-15T00:21:40.307+0000] {processor.py:756} INFO - Processing file /home/airflow/.local/lib/python3.7/site-packages/airflow/example_dags/example_sla_dag.py for tasks to queue
[2023-01-15T00:21:40.307+0000] {logging_mixin.py:120} INFO - [2023-01-15T00:21:40.307+0000] {dagbag.py:537} INFO - Filling up the DagBag from /home/airflow/.local/lib/python3.7/site-packages/airflow/example_dags/example_sla_dag.py
[2023-01-15T00:21:40.321+0000] {processor.py:766} INFO - DAG(s) dict_keys(['example_sla_dag']) retrieved from /home/airflow/.local/lib/python3.7/site-packages/airflow/example_dags/example_sla_dag.py
[2023-01-15T00:21:40.346+0000] {logging_mixin.py:120} INFO - [2023-01-15T00:21:40.346+0000] {dag.py:2585} INFO - Sync 1 DAGs
[2023-01-15T00:21:40.366+0000] {logging_mixin.py:120} INFO - [2023-01-15T00:21:40.366+0000] {dag.py:3340} INFO - Setting next_dagrun for example_sla_dag to 2023-01-15T00:18:00+00:00, run_after=2023-01-15T00:20:00+00:00
[2023-01-15T00:21:40.379+0000] {processor.py:176} INFO - Processing /home/airflow/.local/lib/python3.7/site-packages/airflow/example_dags/example_sla_dag.py took 0.075 seconds
[2023-01-15T00:22:10.734+0000] {processor.py:154} INFO - Started process (PID=893) to work on /home/airflow/.local/lib/python3.7/site-packages/airflow/example_dags/example_sla_dag.py
[2023-01-15T00:22:10.735+0000] {processor.py:756} INFO - Processing file /home/airflow/.local/lib/python3.7/site-packages/airflow/example_dags/example_sla_dag.py for tasks to queue
[2023-01-15T00:22:10.735+0000] {logging_mixin.py:120} INFO - [2023-01-15T00:22:10.735+0000] {dagbag.py:537} INFO - Filling up the DagBag from /home/airflow/.local/lib/python3.7/site-packages/airflow/example_dags/example_sla_dag.py
[2023-01-15T00:22:10.749+0000] {processor.py:766} INFO - DAG(s) dict_keys(['example_sla_dag']) retrieved from /home/airflow/.local/lib/python3.7/site-packages/airflow/example_dags/example_sla_dag.py
[2023-01-15T00:22:10.773+0000] {logging_mixin.py:120} INFO - [2023-01-15T00:22:10.773+0000] {dag.py:2585} INFO - Sync 1 DAGs
[2023-01-15T00:22:10.789+0000] {logging_mixin.py:120} INFO - [2023-01-15T00:22:10.789+0000] {dag.py:3340} INFO - Setting next_dagrun for example_sla_dag to 2023-01-15T00:20:00+00:00, run_after=2023-01-15T00:22:00+00:00
[2023-01-15T00:22:10.800+0000] {processor.py:176} INFO - Processing /home/airflow/.local/lib/python3.7/site-packages/airflow/example_dags/example_sla_dag.py took 0.068 seconds
[2023-01-15T00:22:40.966+0000] {processor.py:154} INFO - Started process (PID=958) to work on /home/airflow/.local/lib/python3.7/site-packages/airflow/example_dags/example_sla_dag.py
[2023-01-15T00:22:40.967+0000] {processor.py:756} INFO - Processing file /home/airflow/.local/lib/python3.7/site-packages/airflow/example_dags/example_sla_dag.py for tasks to queue
[2023-01-15T00:22:40.968+0000] {logging_mixin.py:120} INFO - [2023-01-15T00:22:40.968+0000] {dagbag.py:537} INFO - Filling up the DagBag from /home/airflow/.local/lib/python3.7/site-packages/airflow/example_dags/example_sla_dag.py
[2023-01-15T00:22:40.982+0000] {processor.py:766} INFO - DAG(s) dict_keys(['example_sla_dag']) retrieved from /home/airflow/.local/lib/python3.7/site-packages/airflow/example_dags/example_sla_dag.py
[2023-01-15T00:22:41.010+0000] {logging_mixin.py:120} INFO - [2023-01-15T00:22:41.010+0000] {dag.py:2585} INFO - Sync 1 DAGs
[2023-01-15T00:22:41.031+0000] {logging_mixin.py:120} INFO - [2023-01-15T00:22:41.031+0000] {dag.py:3340} INFO - Setting next_dagrun for example_sla_dag to 2023-01-15T00:20:00+00:00, run_after=2023-01-15T00:22:00+00:00
[2023-01-15T00:22:41.047+0000] {processor.py:176} INFO - Processing /home/airflow/.local/lib/python3.7/site-packages/airflow/example_dags/example_sla_dag.py took 0.083 seconds
[2023-01-15T00:23:12.034+0000] {processor.py:154} INFO - Started process (PID=1022) to work on /home/airflow/.local/lib/python3.7/site-packages/airflow/example_dags/example_sla_dag.py
[2023-01-15T00:23:12.035+0000] {processor.py:756} INFO - Processing file /home/airflow/.local/lib/python3.7/site-packages/airflow/example_dags/example_sla_dag.py for tasks to queue
[2023-01-15T00:23:12.035+0000] {logging_mixin.py:120} INFO - [2023-01-15T00:23:12.035+0000] {dagbag.py:537} INFO - Filling up the DagBag from /home/airflow/.local/lib/python3.7/site-packages/airflow/example_dags/example_sla_dag.py
[2023-01-15T00:23:12.052+0000] {processor.py:766} INFO - DAG(s) dict_keys(['example_sla_dag']) retrieved from /home/airflow/.local/lib/python3.7/site-packages/airflow/example_dags/example_sla_dag.py
[2023-01-15T00:23:12.079+0000] {logging_mixin.py:120} INFO - [2023-01-15T00:23:12.079+0000] {dag.py:2585} INFO - Sync 1 DAGs
[2023-01-15T00:23:12.101+0000] {logging_mixin.py:120} INFO - [2023-01-15T00:23:12.101+0000] {dag.py:3340} INFO - Setting next_dagrun for example_sla_dag to 2023-01-15T00:20:00+00:00, run_after=2023-01-15T00:22:00+00:00
[2023-01-15T00:23:12.114+0000] {processor.py:176} INFO - Processing /home/airflow/.local/lib/python3.7/site-packages/airflow/example_dags/example_sla_dag.py took 0.081 seconds
[2023-01-15T00:23:42.475+0000] {processor.py:154} INFO - Started process (PID=1087) to work on /home/airflow/.local/lib/python3.7/site-packages/airflow/example_dags/example_sla_dag.py
[2023-01-15T00:23:42.475+0000] {processor.py:756} INFO - Processing file /home/airflow/.local/lib/python3.7/site-packages/airflow/example_dags/example_sla_dag.py for tasks to queue
[2023-01-15T00:23:42.476+0000] {logging_mixin.py:120} INFO - [2023-01-15T00:23:42.476+0000] {dagbag.py:537} INFO - Filling up the DagBag from /home/airflow/.local/lib/python3.7/site-packages/airflow/example_dags/example_sla_dag.py
[2023-01-15T00:23:42.491+0000] {processor.py:766} INFO - DAG(s) dict_keys(['example_sla_dag']) retrieved from /home/airflow/.local/lib/python3.7/site-packages/airflow/example_dags/example_sla_dag.py
[2023-01-15T00:23:42.517+0000] {logging_mixin.py:120} INFO - [2023-01-15T00:23:42.517+0000] {dag.py:2585} INFO - Sync 1 DAGs
[2023-01-15T00:23:42.537+0000] {logging_mixin.py:120} INFO - [2023-01-15T00:23:42.537+0000] {dag.py:3340} INFO - Setting next_dagrun for example_sla_dag to 2023-01-15T00:20:00+00:00, run_after=2023-01-15T00:22:00+00:00
[2023-01-15T00:23:42.550+0000] {processor.py:176} INFO - Processing /home/airflow/.local/lib/python3.7/site-packages/airflow/example_dags/example_sla_dag.py took 0.078 seconds
[2023-01-15T00:24:13.588+0000] {processor.py:154} INFO - Started process (PID=1143) to work on /home/airflow/.local/lib/python3.7/site-packages/airflow/example_dags/example_sla_dag.py
[2023-01-15T00:24:13.588+0000] {processor.py:756} INFO - Processing file /home/airflow/.local/lib/python3.7/site-packages/airflow/example_dags/example_sla_dag.py for tasks to queue
[2023-01-15T00:24:13.589+0000] {logging_mixin.py:120} INFO - [2023-01-15T00:24:13.589+0000] {dagbag.py:537} INFO - Filling up the DagBag from /home/airflow/.local/lib/python3.7/site-packages/airflow/example_dags/example_sla_dag.py
[2023-01-15T00:24:13.602+0000] {processor.py:766} INFO - DAG(s) dict_keys(['example_sla_dag']) retrieved from /home/airflow/.local/lib/python3.7/site-packages/airflow/example_dags/example_sla_dag.py
[2023-01-15T00:24:13.629+0000] {logging_mixin.py:120} INFO - [2023-01-15T00:24:13.629+0000] {dag.py:2585} INFO - Sync 1 DAGs
[2023-01-15T00:24:13.648+0000] {logging_mixin.py:120} INFO - [2023-01-15T00:24:13.648+0000] {dag.py:3340} INFO - Setting next_dagrun for example_sla_dag to 2023-01-15T00:22:00+00:00, run_after=2023-01-15T00:24:00+00:00
[2023-01-15T00:24:13.662+0000] {processor.py:176} INFO - Processing /home/airflow/.local/lib/python3.7/site-packages/airflow/example_dags/example_sla_dag.py took 0.076 seconds
[2023-01-15T00:24:43.856+0000] {processor.py:154} INFO - Started process (PID=1208) to work on /home/airflow/.local/lib/python3.7/site-packages/airflow/example_dags/example_sla_dag.py
[2023-01-15T00:24:43.857+0000] {processor.py:756} INFO - Processing file /home/airflow/.local/lib/python3.7/site-packages/airflow/example_dags/example_sla_dag.py for tasks to queue
[2023-01-15T00:24:43.858+0000] {logging_mixin.py:120} INFO - [2023-01-15T00:24:43.858+0000] {dagbag.py:537} INFO - Filling up the DagBag from /home/airflow/.local/lib/python3.7/site-packages/airflow/example_dags/example_sla_dag.py
[2023-01-15T00:24:43.872+0000] {processor.py:766} INFO - DAG(s) dict_keys(['example_sla_dag']) retrieved from /home/airflow/.local/lib/python3.7/site-packages/airflow/example_dags/example_sla_dag.py
[2023-01-15T00:24:43.898+0000] {logging_mixin.py:120} INFO - [2023-01-15T00:24:43.897+0000] {dag.py:2585} INFO - Sync 1 DAGs
[2023-01-15T00:24:43.916+0000] {logging_mixin.py:120} INFO - [2023-01-15T00:24:43.916+0000] {dag.py:3340} INFO - Setting next_dagrun for example_sla_dag to 2023-01-15T00:22:00+00:00, run_after=2023-01-15T00:24:00+00:00
[2023-01-15T00:24:43.929+0000] {processor.py:176} INFO - Processing /home/airflow/.local/lib/python3.7/site-packages/airflow/example_dags/example_sla_dag.py took 0.075 seconds
[2023-01-15T00:25:14.871+0000] {processor.py:154} INFO - Started process (PID=1273) to work on /home/airflow/.local/lib/python3.7/site-packages/airflow/example_dags/example_sla_dag.py
[2023-01-15T00:25:14.871+0000] {processor.py:756} INFO - Processing file /home/airflow/.local/lib/python3.7/site-packages/airflow/example_dags/example_sla_dag.py for tasks to queue
[2023-01-15T00:25:14.871+0000] {logging_mixin.py:120} INFO - [2023-01-15T00:25:14.871+0000] {dagbag.py:537} INFO - Filling up the DagBag from /home/airflow/.local/lib/python3.7/site-packages/airflow/example_dags/example_sla_dag.py
[2023-01-15T00:25:14.887+0000] {processor.py:766} INFO - DAG(s) dict_keys(['example_sla_dag']) retrieved from /home/airflow/.local/lib/python3.7/site-packages/airflow/example_dags/example_sla_dag.py
[2023-01-15T00:25:14.911+0000] {logging_mixin.py:120} INFO - [2023-01-15T00:25:14.911+0000] {dag.py:2585} INFO - Sync 1 DAGs
[2023-01-15T00:25:14.930+0000] {logging_mixin.py:120} INFO - [2023-01-15T00:25:14.929+0000] {dag.py:3340} INFO - Setting next_dagrun for example_sla_dag to 2023-01-15T00:22:00+00:00, run_after=2023-01-15T00:24:00+00:00
[2023-01-15T00:25:14.941+0000] {processor.py:176} INFO - Processing /home/airflow/.local/lib/python3.7/site-packages/airflow/example_dags/example_sla_dag.py took 0.072 seconds
[2023-01-15T00:25:45.946+0000] {processor.py:154} INFO - Started process (PID=1337) to work on /home/airflow/.local/lib/python3.7/site-packages/airflow/example_dags/example_sla_dag.py
[2023-01-15T00:25:45.947+0000] {processor.py:756} INFO - Processing file /home/airflow/.local/lib/python3.7/site-packages/airflow/example_dags/example_sla_dag.py for tasks to queue
[2023-01-15T00:25:45.947+0000] {logging_mixin.py:120} INFO - [2023-01-15T00:25:45.947+0000] {dagbag.py:537} INFO - Filling up the DagBag from /home/airflow/.local/lib/python3.7/site-packages/airflow/example_dags/example_sla_dag.py
[2023-01-15T00:25:45.961+0000] {processor.py:766} INFO - DAG(s) dict_keys(['example_sla_dag']) retrieved from /home/airflow/.local/lib/python3.7/site-packages/airflow/example_dags/example_sla_dag.py
[2023-01-15T00:25:45.985+0000] {logging_mixin.py:120} INFO - [2023-01-15T00:25:45.985+0000] {dag.py:2585} INFO - Sync 1 DAGs
[2023-01-15T00:25:46.006+0000] {logging_mixin.py:120} INFO - [2023-01-15T00:25:46.006+0000] {dag.py:3340} INFO - Setting next_dagrun for example_sla_dag to 2023-01-15T00:22:00+00:00, run_after=2023-01-15T00:24:00+00:00
[2023-01-15T00:25:46.017+0000] {processor.py:176} INFO - Processing /home/airflow/.local/lib/python3.7/site-packages/airflow/example_dags/example_sla_dag.py took 0.073 seconds
[2023-01-15T00:26:16.137+0000] {processor.py:154} INFO - Started process (PID=1402) to work on /home/airflow/.local/lib/python3.7/site-packages/airflow/example_dags/example_sla_dag.py
[2023-01-15T00:26:16.137+0000] {processor.py:756} INFO - Processing file /home/airflow/.local/lib/python3.7/site-packages/airflow/example_dags/example_sla_dag.py for tasks to queue
[2023-01-15T00:26:16.138+0000] {logging_mixin.py:120} INFO - [2023-01-15T00:26:16.138+0000] {dagbag.py:537} INFO - Filling up the DagBag from /home/airflow/.local/lib/python3.7/site-packages/airflow/example_dags/example_sla_dag.py
[2023-01-15T00:26:16.151+0000] {processor.py:766} INFO - DAG(s) dict_keys(['example_sla_dag']) retrieved from /home/airflow/.local/lib/python3.7/site-packages/airflow/example_dags/example_sla_dag.py
[2023-01-15T00:26:16.176+0000] {logging_mixin.py:120} INFO - [2023-01-15T00:26:16.176+0000] {dag.py:2585} INFO - Sync 1 DAGs
[2023-01-15T00:26:16.193+0000] {logging_mixin.py:120} INFO - [2023-01-15T00:26:16.193+0000] {dag.py:3340} INFO - Setting next_dagrun for example_sla_dag to 2023-01-15T00:24:00+00:00, run_after=2023-01-15T00:26:00+00:00
[2023-01-15T00:26:16.205+0000] {processor.py:176} INFO - Processing /home/airflow/.local/lib/python3.7/site-packages/airflow/example_dags/example_sla_dag.py took 0.070 seconds
[2023-01-15T00:26:47.140+0000] {processor.py:154} INFO - Started process (PID=1456) to work on /home/airflow/.local/lib/python3.7/site-packages/airflow/example_dags/example_sla_dag.py
[2023-01-15T00:26:47.141+0000] {processor.py:756} INFO - Processing file /home/airflow/.local/lib/python3.7/site-packages/airflow/example_dags/example_sla_dag.py for tasks to queue
[2023-01-15T00:26:47.142+0000] {logging_mixin.py:120} INFO - [2023-01-15T00:26:47.142+0000] {dagbag.py:537} INFO - Filling up the DagBag from /home/airflow/.local/lib/python3.7/site-packages/airflow/example_dags/example_sla_dag.py
[2023-01-15T00:26:47.155+0000] {processor.py:766} INFO - DAG(s) dict_keys(['example_sla_dag']) retrieved from /home/airflow/.local/lib/python3.7/site-packages/airflow/example_dags/example_sla_dag.py
[2023-01-15T00:26:47.179+0000] {logging_mixin.py:120} INFO - [2023-01-15T00:26:47.179+0000] {dag.py:2585} INFO - Sync 1 DAGs
[2023-01-15T00:26:47.195+0000] {logging_mixin.py:120} INFO - [2023-01-15T00:26:47.195+0000] {dag.py:3340} INFO - Setting next_dagrun for example_sla_dag to 2023-01-15T00:24:00+00:00, run_after=2023-01-15T00:26:00+00:00
[2023-01-15T00:26:47.207+0000] {processor.py:176} INFO - Processing /home/airflow/.local/lib/python3.7/site-packages/airflow/example_dags/example_sla_dag.py took 0.069 seconds
[2023-01-15T00:27:17.533+0000] {processor.py:154} INFO - Started process (PID=1521) to work on /home/airflow/.local/lib/python3.7/site-packages/airflow/example_dags/example_sla_dag.py
[2023-01-15T00:27:17.534+0000] {processor.py:756} INFO - Processing file /home/airflow/.local/lib/python3.7/site-packages/airflow/example_dags/example_sla_dag.py for tasks to queue
[2023-01-15T00:27:17.534+0000] {logging_mixin.py:120} INFO - [2023-01-15T00:27:17.534+0000] {dagbag.py:537} INFO - Filling up the DagBag from /home/airflow/.local/lib/python3.7/site-packages/airflow/example_dags/example_sla_dag.py
[2023-01-15T00:27:17.547+0000] {processor.py:766} INFO - DAG(s) dict_keys(['example_sla_dag']) retrieved from /home/airflow/.local/lib/python3.7/site-packages/airflow/example_dags/example_sla_dag.py
[2023-01-15T00:27:17.570+0000] {logging_mixin.py:120} INFO - [2023-01-15T00:27:17.570+0000] {dag.py:2585} INFO - Sync 1 DAGs
[2023-01-15T00:27:17.589+0000] {logging_mixin.py:120} INFO - [2023-01-15T00:27:17.589+0000] {dag.py:3340} INFO - Setting next_dagrun for example_sla_dag to 2023-01-15T00:24:00+00:00, run_after=2023-01-15T00:26:00+00:00
[2023-01-15T00:27:17.602+0000] {processor.py:176} INFO - Processing /home/airflow/.local/lib/python3.7/site-packages/airflow/example_dags/example_sla_dag.py took 0.071 seconds
[2023-01-15T00:27:47.906+0000] {processor.py:154} INFO - Started process (PID=1585) to work on /home/airflow/.local/lib/python3.7/site-packages/airflow/example_dags/example_sla_dag.py
[2023-01-15T00:27:47.906+0000] {processor.py:756} INFO - Processing file /home/airflow/.local/lib/python3.7/site-packages/airflow/example_dags/example_sla_dag.py for tasks to queue
[2023-01-15T00:27:47.907+0000] {logging_mixin.py:120} INFO - [2023-01-15T00:27:47.906+0000] {dagbag.py:537} INFO - Filling up the DagBag from /home/airflow/.local/lib/python3.7/site-packages/airflow/example_dags/example_sla_dag.py
[2023-01-15T00:27:47.921+0000] {processor.py:766} INFO - DAG(s) dict_keys(['example_sla_dag']) retrieved from /home/airflow/.local/lib/python3.7/site-packages/airflow/example_dags/example_sla_dag.py
[2023-01-15T00:27:47.944+0000] {logging_mixin.py:120} INFO - [2023-01-15T00:27:47.944+0000] {dag.py:2585} INFO - Sync 1 DAGs
[2023-01-15T00:27:47.963+0000] {logging_mixin.py:120} INFO - [2023-01-15T00:27:47.963+0000] {dag.py:3340} INFO - Setting next_dagrun for example_sla_dag to 2023-01-15T00:24:00+00:00, run_after=2023-01-15T00:26:00+00:00
[2023-01-15T00:27:47.976+0000] {processor.py:176} INFO - Processing /home/airflow/.local/lib/python3.7/site-packages/airflow/example_dags/example_sla_dag.py took 0.072 seconds
[2023-01-15T00:28:18.038+0000] {processor.py:154} INFO - Started process (PID=1650) to work on /home/airflow/.local/lib/python3.7/site-packages/airflow/example_dags/example_sla_dag.py
[2023-01-15T00:28:18.039+0000] {processor.py:756} INFO - Processing file /home/airflow/.local/lib/python3.7/site-packages/airflow/example_dags/example_sla_dag.py for tasks to queue
[2023-01-15T00:28:18.039+0000] {logging_mixin.py:120} INFO - [2023-01-15T00:28:18.039+0000] {dagbag.py:537} INFO - Filling up the DagBag from /home/airflow/.local/lib/python3.7/site-packages/airflow/example_dags/example_sla_dag.py
[2023-01-15T00:28:18.052+0000] {processor.py:766} INFO - DAG(s) dict_keys(['example_sla_dag']) retrieved from /home/airflow/.local/lib/python3.7/site-packages/airflow/example_dags/example_sla_dag.py
[2023-01-15T00:28:18.077+0000] {logging_mixin.py:120} INFO - [2023-01-15T00:28:18.076+0000] {dag.py:2585} INFO - Sync 1 DAGs
[2023-01-15T00:28:18.096+0000] {logging_mixin.py:120} INFO - [2023-01-15T00:28:18.096+0000] {dag.py:3340} INFO - Setting next_dagrun for example_sla_dag to 2023-01-15T00:26:00+00:00, run_after=2023-01-15T00:28:00+00:00
[2023-01-15T00:28:18.107+0000] {processor.py:176} INFO - Processing /home/airflow/.local/lib/python3.7/site-packages/airflow/example_dags/example_sla_dag.py took 0.071 seconds
[2023-01-15T00:28:49.215+0000] {processor.py:154} INFO - Started process (PID=1715) to work on /home/airflow/.local/lib/python3.7/site-packages/airflow/example_dags/example_sla_dag.py
[2023-01-15T00:28:49.216+0000] {processor.py:756} INFO - Processing file /home/airflow/.local/lib/python3.7/site-packages/airflow/example_dags/example_sla_dag.py for tasks to queue
[2023-01-15T00:28:49.217+0000] {logging_mixin.py:120} INFO - [2023-01-15T00:28:49.217+0000] {dagbag.py:537} INFO - Filling up the DagBag from /home/airflow/.local/lib/python3.7/site-packages/airflow/example_dags/example_sla_dag.py
[2023-01-15T00:28:49.231+0000] {processor.py:766} INFO - DAG(s) dict_keys(['example_sla_dag']) retrieved from /home/airflow/.local/lib/python3.7/site-packages/airflow/example_dags/example_sla_dag.py
[2023-01-15T00:28:49.255+0000] {logging_mixin.py:120} INFO - [2023-01-15T00:28:49.255+0000] {dag.py:2585} INFO - Sync 1 DAGs
[2023-01-15T00:28:49.273+0000] {logging_mixin.py:120} INFO - [2023-01-15T00:28:49.273+0000] {dag.py:3340} INFO - Setting next_dagrun for example_sla_dag to 2023-01-15T00:26:00+00:00, run_after=2023-01-15T00:28:00+00:00
[2023-01-15T00:28:49.286+0000] {processor.py:176} INFO - Processing /home/airflow/.local/lib/python3.7/site-packages/airflow/example_dags/example_sla_dag.py took 0.072 seconds
[2023-01-15T00:29:20.264+0000] {processor.py:154} INFO - Started process (PID=1771) to work on /home/airflow/.local/lib/python3.7/site-packages/airflow/example_dags/example_sla_dag.py
[2023-01-15T00:29:20.265+0000] {processor.py:756} INFO - Processing file /home/airflow/.local/lib/python3.7/site-packages/airflow/example_dags/example_sla_dag.py for tasks to queue
[2023-01-15T00:29:20.266+0000] {logging_mixin.py:120} INFO - [2023-01-15T00:29:20.266+0000] {dagbag.py:537} INFO - Filling up the DagBag from /home/airflow/.local/lib/python3.7/site-packages/airflow/example_dags/example_sla_dag.py
[2023-01-15T00:29:20.279+0000] {processor.py:766} INFO - DAG(s) dict_keys(['example_sla_dag']) retrieved from /home/airflow/.local/lib/python3.7/site-packages/airflow/example_dags/example_sla_dag.py
[2023-01-15T00:29:20.302+0000] {logging_mixin.py:120} INFO - [2023-01-15T00:29:20.302+0000] {dag.py:2585} INFO - Sync 1 DAGs
[2023-01-15T00:29:20.321+0000] {logging_mixin.py:120} INFO - [2023-01-15T00:29:20.321+0000] {dag.py:3340} INFO - Setting next_dagrun for example_sla_dag to 2023-01-15T00:26:00+00:00, run_after=2023-01-15T00:28:00+00:00
[2023-01-15T00:29:20.332+0000] {processor.py:176} INFO - Processing /home/airflow/.local/lib/python3.7/site-packages/airflow/example_dags/example_sla_dag.py took 0.070 seconds
[2023-01-15T00:29:50.600+0000] {processor.py:154} INFO - Started process (PID=1837) to work on /home/airflow/.local/lib/python3.7/site-packages/airflow/example_dags/example_sla_dag.py
[2023-01-15T00:29:50.601+0000] {processor.py:756} INFO - Processing file /home/airflow/.local/lib/python3.7/site-packages/airflow/example_dags/example_sla_dag.py for tasks to queue
[2023-01-15T00:29:50.602+0000] {logging_mixin.py:120} INFO - [2023-01-15T00:29:50.602+0000] {dagbag.py:537} INFO - Filling up the DagBag from /home/airflow/.local/lib/python3.7/site-packages/airflow/example_dags/example_sla_dag.py
[2023-01-15T00:29:50.617+0000] {processor.py:766} INFO - DAG(s) dict_keys(['example_sla_dag']) retrieved from /home/airflow/.local/lib/python3.7/site-packages/airflow/example_dags/example_sla_dag.py
[2023-01-15T00:29:50.645+0000] {logging_mixin.py:120} INFO - [2023-01-15T00:29:50.645+0000] {dag.py:2585} INFO - Sync 1 DAGs
[2023-01-15T00:29:50.666+0000] {logging_mixin.py:120} INFO - [2023-01-15T00:29:50.666+0000] {dag.py:3340} INFO - Setting next_dagrun for example_sla_dag to 2023-01-15T00:26:00+00:00, run_after=2023-01-15T00:28:00+00:00
[2023-01-15T00:29:50.679+0000] {processor.py:176} INFO - Processing /home/airflow/.local/lib/python3.7/site-packages/airflow/example_dags/example_sla_dag.py took 0.080 seconds
[2023-01-15T00:30:21.586+0000] {processor.py:154} INFO - Started process (PID=1902) to work on /home/airflow/.local/lib/python3.7/site-packages/airflow/example_dags/example_sla_dag.py
[2023-01-15T00:30:21.587+0000] {processor.py:756} INFO - Processing file /home/airflow/.local/lib/python3.7/site-packages/airflow/example_dags/example_sla_dag.py for tasks to queue
[2023-01-15T00:30:21.588+0000] {logging_mixin.py:120} INFO - [2023-01-15T00:30:21.587+0000] {dagbag.py:537} INFO - Filling up the DagBag from /home/airflow/.local/lib/python3.7/site-packages/airflow/example_dags/example_sla_dag.py
[2023-01-15T00:30:21.601+0000] {processor.py:766} INFO - DAG(s) dict_keys(['example_sla_dag']) retrieved from /home/airflow/.local/lib/python3.7/site-packages/airflow/example_dags/example_sla_dag.py
[2023-01-15T00:30:21.625+0000] {logging_mixin.py:120} INFO - [2023-01-15T00:30:21.625+0000] {dag.py:2585} INFO - Sync 1 DAGs
[2023-01-15T00:30:21.643+0000] {logging_mixin.py:120} INFO - [2023-01-15T00:30:21.643+0000] {dag.py:3340} INFO - Setting next_dagrun for example_sla_dag to 2023-01-15T00:28:00+00:00, run_after=2023-01-15T00:30:00+00:00
[2023-01-15T00:30:21.654+0000] {processor.py:176} INFO - Processing /home/airflow/.local/lib/python3.7/site-packages/airflow/example_dags/example_sla_dag.py took 0.069 seconds
[2023-01-15T00:30:52.611+0000] {processor.py:154} INFO - Started process (PID=1967) to work on /home/airflow/.local/lib/python3.7/site-packages/airflow/example_dags/example_sla_dag.py
[2023-01-15T00:30:52.612+0000] {processor.py:756} INFO - Processing file /home/airflow/.local/lib/python3.7/site-packages/airflow/example_dags/example_sla_dag.py for tasks to queue
[2023-01-15T00:30:52.612+0000] {logging_mixin.py:120} INFO - [2023-01-15T00:30:52.612+0000] {dagbag.py:537} INFO - Filling up the DagBag from /home/airflow/.local/lib/python3.7/site-packages/airflow/example_dags/example_sla_dag.py
[2023-01-15T00:30:52.626+0000] {processor.py:766} INFO - DAG(s) dict_keys(['example_sla_dag']) retrieved from /home/airflow/.local/lib/python3.7/site-packages/airflow/example_dags/example_sla_dag.py
[2023-01-15T00:30:52.651+0000] {logging_mixin.py:120} INFO - [2023-01-15T00:30:52.650+0000] {dag.py:2585} INFO - Sync 1 DAGs
[2023-01-15T00:30:52.668+0000] {logging_mixin.py:120} INFO - [2023-01-15T00:30:52.668+0000] {dag.py:3340} INFO - Setting next_dagrun for example_sla_dag to 2023-01-15T00:28:00+00:00, run_after=2023-01-15T00:30:00+00:00
[2023-01-15T00:30:52.681+0000] {processor.py:176} INFO - Processing /home/airflow/.local/lib/python3.7/site-packages/airflow/example_dags/example_sla_dag.py took 0.072 seconds
[2023-01-15T00:31:23.607+0000] {processor.py:154} INFO - Started process (PID=2031) to work on /home/airflow/.local/lib/python3.7/site-packages/airflow/example_dags/example_sla_dag.py
[2023-01-15T00:31:23.608+0000] {processor.py:756} INFO - Processing file /home/airflow/.local/lib/python3.7/site-packages/airflow/example_dags/example_sla_dag.py for tasks to queue
[2023-01-15T00:31:23.608+0000] {logging_mixin.py:120} INFO - [2023-01-15T00:31:23.608+0000] {dagbag.py:537} INFO - Filling up the DagBag from /home/airflow/.local/lib/python3.7/site-packages/airflow/example_dags/example_sla_dag.py
[2023-01-15T00:31:23.621+0000] {processor.py:766} INFO - DAG(s) dict_keys(['example_sla_dag']) retrieved from /home/airflow/.local/lib/python3.7/site-packages/airflow/example_dags/example_sla_dag.py
[2023-01-15T00:31:23.645+0000] {logging_mixin.py:120} INFO - [2023-01-15T00:31:23.645+0000] {dag.py:2585} INFO - Sync 1 DAGs
[2023-01-15T00:31:23.664+0000] {logging_mixin.py:120} INFO - [2023-01-15T00:31:23.664+0000] {dag.py:3340} INFO - Setting next_dagrun for example_sla_dag to 2023-01-15T00:28:00+00:00, run_after=2023-01-15T00:30:00+00:00
[2023-01-15T00:31:23.677+0000] {processor.py:176} INFO - Processing /home/airflow/.local/lib/python3.7/site-packages/airflow/example_dags/example_sla_dag.py took 0.072 seconds
[2023-01-15T00:31:54.740+0000] {processor.py:154} INFO - Started process (PID=2096) to work on /home/airflow/.local/lib/python3.7/site-packages/airflow/example_dags/example_sla_dag.py
[2023-01-15T00:31:54.741+0000] {processor.py:756} INFO - Processing file /home/airflow/.local/lib/python3.7/site-packages/airflow/example_dags/example_sla_dag.py for tasks to queue
[2023-01-15T00:31:54.742+0000] {logging_mixin.py:120} INFO - [2023-01-15T00:31:54.742+0000] {dagbag.py:537} INFO - Filling up the DagBag from /home/airflow/.local/lib/python3.7/site-packages/airflow/example_dags/example_sla_dag.py
[2023-01-15T00:31:54.756+0000] {processor.py:766} INFO - DAG(s) dict_keys(['example_sla_dag']) retrieved from /home/airflow/.local/lib/python3.7/site-packages/airflow/example_dags/example_sla_dag.py
[2023-01-15T00:31:54.782+0000] {logging_mixin.py:120} INFO - [2023-01-15T00:31:54.782+0000] {dag.py:2585} INFO - Sync 1 DAGs
[2023-01-15T00:31:54.801+0000] {logging_mixin.py:120} INFO - [2023-01-15T00:31:54.801+0000] {dag.py:3340} INFO - Setting next_dagrun for example_sla_dag to 2023-01-15T00:28:00+00:00, run_after=2023-01-15T00:30:00+00:00
[2023-01-15T00:31:54.812+0000] {processor.py:176} INFO - Processing /home/airflow/.local/lib/python3.7/site-packages/airflow/example_dags/example_sla_dag.py took 0.074 seconds
[2023-01-15T00:32:24.873+0000] {processor.py:154} INFO - Started process (PID=2152) to work on /home/airflow/.local/lib/python3.7/site-packages/airflow/example_dags/example_sla_dag.py
[2023-01-15T00:32:24.874+0000] {processor.py:756} INFO - Processing file /home/airflow/.local/lib/python3.7/site-packages/airflow/example_dags/example_sla_dag.py for tasks to queue
[2023-01-15T00:32:24.875+0000] {logging_mixin.py:120} INFO - [2023-01-15T00:32:24.875+0000] {dagbag.py:537} INFO - Filling up the DagBag from /home/airflow/.local/lib/python3.7/site-packages/airflow/example_dags/example_sla_dag.py
[2023-01-15T00:32:24.888+0000] {processor.py:766} INFO - DAG(s) dict_keys(['example_sla_dag']) retrieved from /home/airflow/.local/lib/python3.7/site-packages/airflow/example_dags/example_sla_dag.py
[2023-01-15T00:32:24.913+0000] {logging_mixin.py:120} INFO - [2023-01-15T00:32:24.913+0000] {dag.py:2585} INFO - Sync 1 DAGs
[2023-01-15T00:32:24.931+0000] {logging_mixin.py:120} INFO - [2023-01-15T00:32:24.931+0000] {dag.py:3340} INFO - Setting next_dagrun for example_sla_dag to 2023-01-15T00:30:00+00:00, run_after=2023-01-15T00:32:00+00:00
[2023-01-15T00:32:24.945+0000] {processor.py:176} INFO - Processing /home/airflow/.local/lib/python3.7/site-packages/airflow/example_dags/example_sla_dag.py took 0.073 seconds
[2023-01-15T00:32:55.273+0000] {processor.py:154} INFO - Started process (PID=2218) to work on /home/airflow/.local/lib/python3.7/site-packages/airflow/example_dags/example_sla_dag.py
[2023-01-15T00:32:55.274+0000] {processor.py:756} INFO - Processing file /home/airflow/.local/lib/python3.7/site-packages/airflow/example_dags/example_sla_dag.py for tasks to queue
[2023-01-15T00:32:55.274+0000] {logging_mixin.py:120} INFO - [2023-01-15T00:32:55.274+0000] {dagbag.py:537} INFO - Filling up the DagBag from /home/airflow/.local/lib/python3.7/site-packages/airflow/example_dags/example_sla_dag.py
[2023-01-15T00:32:55.289+0000] {processor.py:766} INFO - DAG(s) dict_keys(['example_sla_dag']) retrieved from /home/airflow/.local/lib/python3.7/site-packages/airflow/example_dags/example_sla_dag.py
[2023-01-15T00:32:55.312+0000] {logging_mixin.py:120} INFO - [2023-01-15T00:32:55.312+0000] {dag.py:2585} INFO - Sync 1 DAGs
[2023-01-15T00:32:55.333+0000] {logging_mixin.py:120} INFO - [2023-01-15T00:32:55.333+0000] {dag.py:3340} INFO - Setting next_dagrun for example_sla_dag to 2023-01-15T00:30:00+00:00, run_after=2023-01-15T00:32:00+00:00
[2023-01-15T00:32:55.344+0000] {processor.py:176} INFO - Processing /home/airflow/.local/lib/python3.7/site-packages/airflow/example_dags/example_sla_dag.py took 0.073 seconds
[2023-01-15T00:33:25.410+0000] {processor.py:154} INFO - Started process (PID=2283) to work on /home/airflow/.local/lib/python3.7/site-packages/airflow/example_dags/example_sla_dag.py
[2023-01-15T00:33:25.411+0000] {processor.py:756} INFO - Processing file /home/airflow/.local/lib/python3.7/site-packages/airflow/example_dags/example_sla_dag.py for tasks to queue
[2023-01-15T00:33:25.412+0000] {logging_mixin.py:120} INFO - [2023-01-15T00:33:25.411+0000] {dagbag.py:537} INFO - Filling up the DagBag from /home/airflow/.local/lib/python3.7/site-packages/airflow/example_dags/example_sla_dag.py
[2023-01-15T00:33:25.425+0000] {processor.py:766} INFO - DAG(s) dict_keys(['example_sla_dag']) retrieved from /home/airflow/.local/lib/python3.7/site-packages/airflow/example_dags/example_sla_dag.py
[2023-01-15T00:33:25.449+0000] {logging_mixin.py:120} INFO - [2023-01-15T00:33:25.448+0000] {dag.py:2585} INFO - Sync 1 DAGs
[2023-01-15T00:33:25.468+0000] {logging_mixin.py:120} INFO - [2023-01-15T00:33:25.468+0000] {dag.py:3340} INFO - Setting next_dagrun for example_sla_dag to 2023-01-15T00:30:00+00:00, run_after=2023-01-15T00:32:00+00:00
[2023-01-15T00:33:25.479+0000] {processor.py:176} INFO - Processing /home/airflow/.local/lib/python3.7/site-packages/airflow/example_dags/example_sla_dag.py took 0.071 seconds
