[2023-01-15T00:15:31.349+0000] {processor.py:154} INFO - Started process (PID=39) to work on /home/airflow/.local/lib/python3.7/site-packages/airflow/example_dags/example_nested_branch_dag.py
[2023-01-15T00:15:31.349+0000] {processor.py:756} INFO - Processing file /home/airflow/.local/lib/python3.7/site-packages/airflow/example_dags/example_nested_branch_dag.py for tasks to queue
[2023-01-15T00:15:31.350+0000] {logging_mixin.py:120} INFO - [2023-01-15T00:15:31.350+0000] {dagbag.py:537} INFO - Filling up the DagBag from /home/airflow/.local/lib/python3.7/site-packages/airflow/example_dags/example_nested_branch_dag.py
[2023-01-15T00:15:31.371+0000] {processor.py:766} INFO - DAG(s) dict_keys(['example_nested_branch_dag']) retrieved from /home/airflow/.local/lib/python3.7/site-packages/airflow/example_dags/example_nested_branch_dag.py
[2023-01-15T00:15:31.401+0000] {logging_mixin.py:120} INFO - [2023-01-15T00:15:31.401+0000] {dag.py:2585} INFO - Sync 1 DAGs
[2023-01-15T00:15:31.427+0000] {logging_mixin.py:120} INFO - [2023-01-15T00:15:31.427+0000] {dag.py:3340} INFO - Setting next_dagrun for example_nested_branch_dag to 2023-01-14T00:00:00+00:00, run_after=2023-01-15T00:00:00+00:00
[2023-01-15T00:15:31.445+0000] {processor.py:176} INFO - Processing /home/airflow/.local/lib/python3.7/site-packages/airflow/example_dags/example_nested_branch_dag.py took 0.098 seconds
[2023-01-15T00:16:01.652+0000] {processor.py:154} INFO - Started process (PID=112) to work on /home/airflow/.local/lib/python3.7/site-packages/airflow/example_dags/example_nested_branch_dag.py
[2023-01-15T00:16:01.653+0000] {processor.py:756} INFO - Processing file /home/airflow/.local/lib/python3.7/site-packages/airflow/example_dags/example_nested_branch_dag.py for tasks to queue
[2023-01-15T00:16:01.653+0000] {logging_mixin.py:120} INFO - [2023-01-15T00:16:01.653+0000] {dagbag.py:537} INFO - Filling up the DagBag from /home/airflow/.local/lib/python3.7/site-packages/airflow/example_dags/example_nested_branch_dag.py
[2023-01-15T00:16:01.669+0000] {processor.py:766} INFO - DAG(s) dict_keys(['example_nested_branch_dag']) retrieved from /home/airflow/.local/lib/python3.7/site-packages/airflow/example_dags/example_nested_branch_dag.py
[2023-01-15T00:16:01.697+0000] {logging_mixin.py:120} INFO - [2023-01-15T00:16:01.697+0000] {dag.py:2585} INFO - Sync 1 DAGs
[2023-01-15T00:16:01.716+0000] {logging_mixin.py:120} INFO - [2023-01-15T00:16:01.715+0000] {dag.py:3340} INFO - Setting next_dagrun for example_nested_branch_dag to 2023-01-14T00:00:00+00:00, run_after=2023-01-15T00:00:00+00:00
[2023-01-15T00:16:01.729+0000] {processor.py:176} INFO - Processing /home/airflow/.local/lib/python3.7/site-packages/airflow/example_dags/example_nested_branch_dag.py took 0.078 seconds
[2023-01-15T00:16:31.971+0000] {processor.py:154} INFO - Started process (PID=169) to work on /home/airflow/.local/lib/python3.7/site-packages/airflow/example_dags/example_nested_branch_dag.py
[2023-01-15T00:16:31.972+0000] {processor.py:756} INFO - Processing file /home/airflow/.local/lib/python3.7/site-packages/airflow/example_dags/example_nested_branch_dag.py for tasks to queue
[2023-01-15T00:16:31.972+0000] {logging_mixin.py:120} INFO - [2023-01-15T00:16:31.972+0000] {dagbag.py:537} INFO - Filling up the DagBag from /home/airflow/.local/lib/python3.7/site-packages/airflow/example_dags/example_nested_branch_dag.py
[2023-01-15T00:16:31.989+0000] {processor.py:766} INFO - DAG(s) dict_keys(['example_nested_branch_dag']) retrieved from /home/airflow/.local/lib/python3.7/site-packages/airflow/example_dags/example_nested_branch_dag.py
[2023-01-15T00:16:32.019+0000] {logging_mixin.py:120} INFO - [2023-01-15T00:16:32.018+0000] {dag.py:2585} INFO - Sync 1 DAGs
[2023-01-15T00:16:32.038+0000] {logging_mixin.py:120} INFO - [2023-01-15T00:16:32.038+0000] {dag.py:3340} INFO - Setting next_dagrun for example_nested_branch_dag to 2023-01-14T00:00:00+00:00, run_after=2023-01-15T00:00:00+00:00
[2023-01-15T00:16:32.052+0000] {processor.py:176} INFO - Processing /home/airflow/.local/lib/python3.7/site-packages/airflow/example_dags/example_nested_branch_dag.py took 0.083 seconds
[2023-01-15T00:17:02.502+0000] {processor.py:154} INFO - Started process (PID=234) to work on /home/airflow/.local/lib/python3.7/site-packages/airflow/example_dags/example_nested_branch_dag.py
[2023-01-15T00:17:02.503+0000] {processor.py:756} INFO - Processing file /home/airflow/.local/lib/python3.7/site-packages/airflow/example_dags/example_nested_branch_dag.py for tasks to queue
[2023-01-15T00:17:02.503+0000] {logging_mixin.py:120} INFO - [2023-01-15T00:17:02.503+0000] {dagbag.py:537} INFO - Filling up the DagBag from /home/airflow/.local/lib/python3.7/site-packages/airflow/example_dags/example_nested_branch_dag.py
[2023-01-15T00:17:02.518+0000] {processor.py:766} INFO - DAG(s) dict_keys(['example_nested_branch_dag']) retrieved from /home/airflow/.local/lib/python3.7/site-packages/airflow/example_dags/example_nested_branch_dag.py
[2023-01-15T00:17:02.542+0000] {logging_mixin.py:120} INFO - [2023-01-15T00:17:02.542+0000] {dag.py:2585} INFO - Sync 1 DAGs
[2023-01-15T00:17:02.560+0000] {logging_mixin.py:120} INFO - [2023-01-15T00:17:02.559+0000] {dag.py:3340} INFO - Setting next_dagrun for example_nested_branch_dag to 2023-01-14T00:00:00+00:00, run_after=2023-01-15T00:00:00+00:00
[2023-01-15T00:17:02.574+0000] {processor.py:176} INFO - Processing /home/airflow/.local/lib/python3.7/site-packages/airflow/example_dags/example_nested_branch_dag.py took 0.074 seconds
[2023-01-15T00:17:32.873+0000] {processor.py:154} INFO - Started process (PID=299) to work on /home/airflow/.local/lib/python3.7/site-packages/airflow/example_dags/example_nested_branch_dag.py
[2023-01-15T00:17:32.874+0000] {processor.py:756} INFO - Processing file /home/airflow/.local/lib/python3.7/site-packages/airflow/example_dags/example_nested_branch_dag.py for tasks to queue
[2023-01-15T00:17:32.874+0000] {logging_mixin.py:120} INFO - [2023-01-15T00:17:32.874+0000] {dagbag.py:537} INFO - Filling up the DagBag from /home/airflow/.local/lib/python3.7/site-packages/airflow/example_dags/example_nested_branch_dag.py
[2023-01-15T00:17:32.891+0000] {processor.py:766} INFO - DAG(s) dict_keys(['example_nested_branch_dag']) retrieved from /home/airflow/.local/lib/python3.7/site-packages/airflow/example_dags/example_nested_branch_dag.py
[2023-01-15T00:17:32.919+0000] {logging_mixin.py:120} INFO - [2023-01-15T00:17:32.919+0000] {dag.py:2585} INFO - Sync 1 DAGs
[2023-01-15T00:17:32.940+0000] {logging_mixin.py:120} INFO - [2023-01-15T00:17:32.940+0000] {dag.py:3340} INFO - Setting next_dagrun for example_nested_branch_dag to 2023-01-14T00:00:00+00:00, run_after=2023-01-15T00:00:00+00:00
[2023-01-15T00:17:32.953+0000] {processor.py:176} INFO - Processing /home/airflow/.local/lib/python3.7/site-packages/airflow/example_dags/example_nested_branch_dag.py took 0.083 seconds
[2023-01-15T00:18:03.953+0000] {processor.py:154} INFO - Started process (PID=364) to work on /home/airflow/.local/lib/python3.7/site-packages/airflow/example_dags/example_nested_branch_dag.py
[2023-01-15T00:18:03.954+0000] {processor.py:756} INFO - Processing file /home/airflow/.local/lib/python3.7/site-packages/airflow/example_dags/example_nested_branch_dag.py for tasks to queue
[2023-01-15T00:18:03.954+0000] {logging_mixin.py:120} INFO - [2023-01-15T00:18:03.954+0000] {dagbag.py:537} INFO - Filling up the DagBag from /home/airflow/.local/lib/python3.7/site-packages/airflow/example_dags/example_nested_branch_dag.py
[2023-01-15T00:18:03.976+0000] {processor.py:766} INFO - DAG(s) dict_keys(['example_nested_branch_dag']) retrieved from /home/airflow/.local/lib/python3.7/site-packages/airflow/example_dags/example_nested_branch_dag.py
[2023-01-15T00:18:04.002+0000] {logging_mixin.py:120} INFO - [2023-01-15T00:18:04.002+0000] {dag.py:2585} INFO - Sync 1 DAGs
[2023-01-15T00:18:04.019+0000] {logging_mixin.py:120} INFO - [2023-01-15T00:18:04.019+0000] {dag.py:3340} INFO - Setting next_dagrun for example_nested_branch_dag to 2023-01-14T00:00:00+00:00, run_after=2023-01-15T00:00:00+00:00
[2023-01-15T00:18:04.033+0000] {processor.py:176} INFO - Processing /home/airflow/.local/lib/python3.7/site-packages/airflow/example_dags/example_nested_branch_dag.py took 0.082 seconds
[2023-01-15T00:18:34.424+0000] {processor.py:154} INFO - Started process (PID=429) to work on /home/airflow/.local/lib/python3.7/site-packages/airflow/example_dags/example_nested_branch_dag.py
[2023-01-15T00:18:34.425+0000] {processor.py:756} INFO - Processing file /home/airflow/.local/lib/python3.7/site-packages/airflow/example_dags/example_nested_branch_dag.py for tasks to queue
[2023-01-15T00:18:34.425+0000] {logging_mixin.py:120} INFO - [2023-01-15T00:18:34.425+0000] {dagbag.py:537} INFO - Filling up the DagBag from /home/airflow/.local/lib/python3.7/site-packages/airflow/example_dags/example_nested_branch_dag.py
[2023-01-15T00:18:34.448+0000] {processor.py:766} INFO - DAG(s) dict_keys(['example_nested_branch_dag']) retrieved from /home/airflow/.local/lib/python3.7/site-packages/airflow/example_dags/example_nested_branch_dag.py
[2023-01-15T00:18:34.484+0000] {logging_mixin.py:120} INFO - [2023-01-15T00:18:34.484+0000] {dag.py:2585} INFO - Sync 1 DAGs
[2023-01-15T00:18:34.508+0000] {logging_mixin.py:120} INFO - [2023-01-15T00:18:34.508+0000] {dag.py:3340} INFO - Setting next_dagrun for example_nested_branch_dag to 2023-01-14T00:00:00+00:00, run_after=2023-01-15T00:00:00+00:00
[2023-01-15T00:18:34.522+0000] {processor.py:176} INFO - Processing /home/airflow/.local/lib/python3.7/site-packages/airflow/example_dags/example_nested_branch_dag.py took 0.100 seconds
[2023-01-15T00:19:04.895+0000] {processor.py:154} INFO - Started process (PID=485) to work on /home/airflow/.local/lib/python3.7/site-packages/airflow/example_dags/example_nested_branch_dag.py
[2023-01-15T00:19:04.896+0000] {processor.py:756} INFO - Processing file /home/airflow/.local/lib/python3.7/site-packages/airflow/example_dags/example_nested_branch_dag.py for tasks to queue
[2023-01-15T00:19:04.896+0000] {logging_mixin.py:120} INFO - [2023-01-15T00:19:04.896+0000] {dagbag.py:537} INFO - Filling up the DagBag from /home/airflow/.local/lib/python3.7/site-packages/airflow/example_dags/example_nested_branch_dag.py
[2023-01-15T00:19:04.913+0000] {processor.py:766} INFO - DAG(s) dict_keys(['example_nested_branch_dag']) retrieved from /home/airflow/.local/lib/python3.7/site-packages/airflow/example_dags/example_nested_branch_dag.py
[2023-01-15T00:19:04.938+0000] {logging_mixin.py:120} INFO - [2023-01-15T00:19:04.938+0000] {dag.py:2585} INFO - Sync 1 DAGs
[2023-01-15T00:19:04.958+0000] {logging_mixin.py:120} INFO - [2023-01-15T00:19:04.958+0000] {dag.py:3340} INFO - Setting next_dagrun for example_nested_branch_dag to 2023-01-14T00:00:00+00:00, run_after=2023-01-15T00:00:00+00:00
[2023-01-15T00:19:04.977+0000] {processor.py:176} INFO - Processing /home/airflow/.local/lib/python3.7/site-packages/airflow/example_dags/example_nested_branch_dag.py took 0.084 seconds
[2023-01-15T00:19:35.397+0000] {processor.py:154} INFO - Started process (PID=550) to work on /home/airflow/.local/lib/python3.7/site-packages/airflow/example_dags/example_nested_branch_dag.py
[2023-01-15T00:19:35.398+0000] {processor.py:756} INFO - Processing file /home/airflow/.local/lib/python3.7/site-packages/airflow/example_dags/example_nested_branch_dag.py for tasks to queue
[2023-01-15T00:19:35.398+0000] {logging_mixin.py:120} INFO - [2023-01-15T00:19:35.398+0000] {dagbag.py:537} INFO - Filling up the DagBag from /home/airflow/.local/lib/python3.7/site-packages/airflow/example_dags/example_nested_branch_dag.py
[2023-01-15T00:19:35.415+0000] {processor.py:766} INFO - DAG(s) dict_keys(['example_nested_branch_dag']) retrieved from /home/airflow/.local/lib/python3.7/site-packages/airflow/example_dags/example_nested_branch_dag.py
[2023-01-15T00:19:35.440+0000] {logging_mixin.py:120} INFO - [2023-01-15T00:19:35.440+0000] {dag.py:2585} INFO - Sync 1 DAGs
[2023-01-15T00:19:35.458+0000] {logging_mixin.py:120} INFO - [2023-01-15T00:19:35.458+0000] {dag.py:3340} INFO - Setting next_dagrun for example_nested_branch_dag to 2023-01-14T00:00:00+00:00, run_after=2023-01-15T00:00:00+00:00
[2023-01-15T00:19:35.473+0000] {processor.py:176} INFO - Processing /home/airflow/.local/lib/python3.7/site-packages/airflow/example_dags/example_nested_branch_dag.py took 0.078 seconds
[2023-01-15T00:20:05.991+0000] {processor.py:154} INFO - Started process (PID=615) to work on /home/airflow/.local/lib/python3.7/site-packages/airflow/example_dags/example_nested_branch_dag.py
[2023-01-15T00:20:05.992+0000] {processor.py:756} INFO - Processing file /home/airflow/.local/lib/python3.7/site-packages/airflow/example_dags/example_nested_branch_dag.py for tasks to queue
[2023-01-15T00:20:05.992+0000] {logging_mixin.py:120} INFO - [2023-01-15T00:20:05.992+0000] {dagbag.py:537} INFO - Filling up the DagBag from /home/airflow/.local/lib/python3.7/site-packages/airflow/example_dags/example_nested_branch_dag.py
[2023-01-15T00:20:06.008+0000] {processor.py:766} INFO - DAG(s) dict_keys(['example_nested_branch_dag']) retrieved from /home/airflow/.local/lib/python3.7/site-packages/airflow/example_dags/example_nested_branch_dag.py
[2023-01-15T00:20:06.036+0000] {logging_mixin.py:120} INFO - [2023-01-15T00:20:06.036+0000] {dag.py:2585} INFO - Sync 1 DAGs
[2023-01-15T00:20:06.056+0000] {logging_mixin.py:120} INFO - [2023-01-15T00:20:06.056+0000] {dag.py:3340} INFO - Setting next_dagrun for example_nested_branch_dag to 2023-01-14T00:00:00+00:00, run_after=2023-01-15T00:00:00+00:00
[2023-01-15T00:20:06.069+0000] {processor.py:176} INFO - Processing /home/airflow/.local/lib/python3.7/site-packages/airflow/example_dags/example_nested_branch_dag.py took 0.079 seconds
[2023-01-15T00:20:36.372+0000] {processor.py:154} INFO - Started process (PID=680) to work on /home/airflow/.local/lib/python3.7/site-packages/airflow/example_dags/example_nested_branch_dag.py
[2023-01-15T00:20:36.373+0000] {processor.py:756} INFO - Processing file /home/airflow/.local/lib/python3.7/site-packages/airflow/example_dags/example_nested_branch_dag.py for tasks to queue
[2023-01-15T00:20:36.373+0000] {logging_mixin.py:120} INFO - [2023-01-15T00:20:36.373+0000] {dagbag.py:537} INFO - Filling up the DagBag from /home/airflow/.local/lib/python3.7/site-packages/airflow/example_dags/example_nested_branch_dag.py
[2023-01-15T00:20:36.390+0000] {processor.py:766} INFO - DAG(s) dict_keys(['example_nested_branch_dag']) retrieved from /home/airflow/.local/lib/python3.7/site-packages/airflow/example_dags/example_nested_branch_dag.py
[2023-01-15T00:20:36.434+0000] {logging_mixin.py:120} INFO - [2023-01-15T00:20:36.433+0000] {dag.py:2585} INFO - Sync 1 DAGs
[2023-01-15T00:20:36.452+0000] {logging_mixin.py:120} INFO - [2023-01-15T00:20:36.452+0000] {dag.py:3340} INFO - Setting next_dagrun for example_nested_branch_dag to 2023-01-14T00:00:00+00:00, run_after=2023-01-15T00:00:00+00:00
[2023-01-15T00:20:36.465+0000] {processor.py:176} INFO - Processing /home/airflow/.local/lib/python3.7/site-packages/airflow/example_dags/example_nested_branch_dag.py took 0.095 seconds
[2023-01-15T00:21:06.512+0000] {processor.py:154} INFO - Started process (PID=736) to work on /home/airflow/.local/lib/python3.7/site-packages/airflow/example_dags/example_nested_branch_dag.py
[2023-01-15T00:21:06.513+0000] {processor.py:756} INFO - Processing file /home/airflow/.local/lib/python3.7/site-packages/airflow/example_dags/example_nested_branch_dag.py for tasks to queue
[2023-01-15T00:21:06.513+0000] {logging_mixin.py:120} INFO - [2023-01-15T00:21:06.513+0000] {dagbag.py:537} INFO - Filling up the DagBag from /home/airflow/.local/lib/python3.7/site-packages/airflow/example_dags/example_nested_branch_dag.py
[2023-01-15T00:21:06.529+0000] {processor.py:766} INFO - DAG(s) dict_keys(['example_nested_branch_dag']) retrieved from /home/airflow/.local/lib/python3.7/site-packages/airflow/example_dags/example_nested_branch_dag.py
[2023-01-15T00:21:06.555+0000] {logging_mixin.py:120} INFO - [2023-01-15T00:21:06.555+0000] {dag.py:2585} INFO - Sync 1 DAGs
[2023-01-15T00:21:06.572+0000] {logging_mixin.py:120} INFO - [2023-01-15T00:21:06.572+0000] {dag.py:3340} INFO - Setting next_dagrun for example_nested_branch_dag to 2023-01-14T00:00:00+00:00, run_after=2023-01-15T00:00:00+00:00
[2023-01-15T00:21:06.587+0000] {processor.py:176} INFO - Processing /home/airflow/.local/lib/python3.7/site-packages/airflow/example_dags/example_nested_branch_dag.py took 0.077 seconds
[2023-01-15T00:21:36.628+0000] {processor.py:154} INFO - Started process (PID=801) to work on /home/airflow/.local/lib/python3.7/site-packages/airflow/example_dags/example_nested_branch_dag.py
[2023-01-15T00:21:36.629+0000] {processor.py:756} INFO - Processing file /home/airflow/.local/lib/python3.7/site-packages/airflow/example_dags/example_nested_branch_dag.py for tasks to queue
[2023-01-15T00:21:36.629+0000] {logging_mixin.py:120} INFO - [2023-01-15T00:21:36.629+0000] {dagbag.py:537} INFO - Filling up the DagBag from /home/airflow/.local/lib/python3.7/site-packages/airflow/example_dags/example_nested_branch_dag.py
[2023-01-15T00:21:36.651+0000] {processor.py:766} INFO - DAG(s) dict_keys(['example_nested_branch_dag']) retrieved from /home/airflow/.local/lib/python3.7/site-packages/airflow/example_dags/example_nested_branch_dag.py
[2023-01-15T00:21:36.680+0000] {logging_mixin.py:120} INFO - [2023-01-15T00:21:36.680+0000] {dag.py:2585} INFO - Sync 1 DAGs
[2023-01-15T00:21:36.699+0000] {logging_mixin.py:120} INFO - [2023-01-15T00:21:36.699+0000] {dag.py:3340} INFO - Setting next_dagrun for example_nested_branch_dag to 2023-01-14T00:00:00+00:00, run_after=2023-01-15T00:00:00+00:00
[2023-01-15T00:21:36.712+0000] {processor.py:176} INFO - Processing /home/airflow/.local/lib/python3.7/site-packages/airflow/example_dags/example_nested_branch_dag.py took 0.086 seconds
[2023-01-15T00:22:07.046+0000] {processor.py:154} INFO - Started process (PID=868) to work on /home/airflow/.local/lib/python3.7/site-packages/airflow/example_dags/example_nested_branch_dag.py
[2023-01-15T00:22:07.046+0000] {processor.py:756} INFO - Processing file /home/airflow/.local/lib/python3.7/site-packages/airflow/example_dags/example_nested_branch_dag.py for tasks to queue
[2023-01-15T00:22:07.047+0000] {logging_mixin.py:120} INFO - [2023-01-15T00:22:07.046+0000] {dagbag.py:537} INFO - Filling up the DagBag from /home/airflow/.local/lib/python3.7/site-packages/airflow/example_dags/example_nested_branch_dag.py
[2023-01-15T00:22:07.066+0000] {processor.py:766} INFO - DAG(s) dict_keys(['example_nested_branch_dag']) retrieved from /home/airflow/.local/lib/python3.7/site-packages/airflow/example_dags/example_nested_branch_dag.py
[2023-01-15T00:22:07.116+0000] {logging_mixin.py:120} INFO - [2023-01-15T00:22:07.116+0000] {dag.py:2585} INFO - Sync 1 DAGs
[2023-01-15T00:22:07.136+0000] {logging_mixin.py:120} INFO - [2023-01-15T00:22:07.136+0000] {dag.py:3340} INFO - Setting next_dagrun for example_nested_branch_dag to 2023-01-14T00:00:00+00:00, run_after=2023-01-15T00:00:00+00:00
[2023-01-15T00:22:07.149+0000] {processor.py:176} INFO - Processing /home/airflow/.local/lib/python3.7/site-packages/airflow/example_dags/example_nested_branch_dag.py took 0.105 seconds
[2023-01-15T00:22:37.459+0000] {processor.py:154} INFO - Started process (PID=933) to work on /home/airflow/.local/lib/python3.7/site-packages/airflow/example_dags/example_nested_branch_dag.py
[2023-01-15T00:22:37.459+0000] {processor.py:756} INFO - Processing file /home/airflow/.local/lib/python3.7/site-packages/airflow/example_dags/example_nested_branch_dag.py for tasks to queue
[2023-01-15T00:22:37.460+0000] {logging_mixin.py:120} INFO - [2023-01-15T00:22:37.460+0000] {dagbag.py:537} INFO - Filling up the DagBag from /home/airflow/.local/lib/python3.7/site-packages/airflow/example_dags/example_nested_branch_dag.py
[2023-01-15T00:22:37.482+0000] {processor.py:766} INFO - DAG(s) dict_keys(['example_nested_branch_dag']) retrieved from /home/airflow/.local/lib/python3.7/site-packages/airflow/example_dags/example_nested_branch_dag.py
[2023-01-15T00:22:37.518+0000] {logging_mixin.py:120} INFO - [2023-01-15T00:22:37.518+0000] {dag.py:2585} INFO - Sync 1 DAGs
[2023-01-15T00:22:37.541+0000] {logging_mixin.py:120} INFO - [2023-01-15T00:22:37.541+0000] {dag.py:3340} INFO - Setting next_dagrun for example_nested_branch_dag to 2023-01-14T00:00:00+00:00, run_after=2023-01-15T00:00:00+00:00
[2023-01-15T00:22:37.558+0000] {processor.py:176} INFO - Processing /home/airflow/.local/lib/python3.7/site-packages/airflow/example_dags/example_nested_branch_dag.py took 0.102 seconds
[2023-01-15T00:23:07.665+0000] {processor.py:154} INFO - Started process (PID=989) to work on /home/airflow/.local/lib/python3.7/site-packages/airflow/example_dags/example_nested_branch_dag.py
[2023-01-15T00:23:07.666+0000] {processor.py:756} INFO - Processing file /home/airflow/.local/lib/python3.7/site-packages/airflow/example_dags/example_nested_branch_dag.py for tasks to queue
[2023-01-15T00:23:07.666+0000] {logging_mixin.py:120} INFO - [2023-01-15T00:23:07.666+0000] {dagbag.py:537} INFO - Filling up the DagBag from /home/airflow/.local/lib/python3.7/site-packages/airflow/example_dags/example_nested_branch_dag.py
[2023-01-15T00:23:07.680+0000] {processor.py:766} INFO - DAG(s) dict_keys(['example_nested_branch_dag']) retrieved from /home/airflow/.local/lib/python3.7/site-packages/airflow/example_dags/example_nested_branch_dag.py
[2023-01-15T00:23:07.706+0000] {logging_mixin.py:120} INFO - [2023-01-15T00:23:07.705+0000] {dag.py:2585} INFO - Sync 1 DAGs
[2023-01-15T00:23:07.724+0000] {logging_mixin.py:120} INFO - [2023-01-15T00:23:07.723+0000] {dag.py:3340} INFO - Setting next_dagrun for example_nested_branch_dag to 2023-01-14T00:00:00+00:00, run_after=2023-01-15T00:00:00+00:00
[2023-01-15T00:23:07.737+0000] {processor.py:176} INFO - Processing /home/airflow/.local/lib/python3.7/site-packages/airflow/example_dags/example_nested_branch_dag.py took 0.074 seconds
[2023-01-15T00:23:37.764+0000] {processor.py:154} INFO - Started process (PID=1053) to work on /home/airflow/.local/lib/python3.7/site-packages/airflow/example_dags/example_nested_branch_dag.py
[2023-01-15T00:23:37.764+0000] {processor.py:756} INFO - Processing file /home/airflow/.local/lib/python3.7/site-packages/airflow/example_dags/example_nested_branch_dag.py for tasks to queue
[2023-01-15T00:23:37.765+0000] {logging_mixin.py:120} INFO - [2023-01-15T00:23:37.765+0000] {dagbag.py:537} INFO - Filling up the DagBag from /home/airflow/.local/lib/python3.7/site-packages/airflow/example_dags/example_nested_branch_dag.py
[2023-01-15T00:23:37.782+0000] {processor.py:766} INFO - DAG(s) dict_keys(['example_nested_branch_dag']) retrieved from /home/airflow/.local/lib/python3.7/site-packages/airflow/example_dags/example_nested_branch_dag.py
[2023-01-15T00:23:37.809+0000] {logging_mixin.py:120} INFO - [2023-01-15T00:23:37.809+0000] {dag.py:2585} INFO - Sync 1 DAGs
[2023-01-15T00:23:37.827+0000] {logging_mixin.py:120} INFO - [2023-01-15T00:23:37.827+0000] {dag.py:3340} INFO - Setting next_dagrun for example_nested_branch_dag to 2023-01-14T00:00:00+00:00, run_after=2023-01-15T00:00:00+00:00
[2023-01-15T00:23:37.839+0000] {processor.py:176} INFO - Processing /home/airflow/.local/lib/python3.7/site-packages/airflow/example_dags/example_nested_branch_dag.py took 0.078 seconds
[2023-01-15T00:24:08.137+0000] {processor.py:154} INFO - Started process (PID=1118) to work on /home/airflow/.local/lib/python3.7/site-packages/airflow/example_dags/example_nested_branch_dag.py
[2023-01-15T00:24:08.137+0000] {processor.py:756} INFO - Processing file /home/airflow/.local/lib/python3.7/site-packages/airflow/example_dags/example_nested_branch_dag.py for tasks to queue
[2023-01-15T00:24:08.138+0000] {logging_mixin.py:120} INFO - [2023-01-15T00:24:08.138+0000] {dagbag.py:537} INFO - Filling up the DagBag from /home/airflow/.local/lib/python3.7/site-packages/airflow/example_dags/example_nested_branch_dag.py
[2023-01-15T00:24:08.153+0000] {processor.py:766} INFO - DAG(s) dict_keys(['example_nested_branch_dag']) retrieved from /home/airflow/.local/lib/python3.7/site-packages/airflow/example_dags/example_nested_branch_dag.py
[2023-01-15T00:24:08.185+0000] {logging_mixin.py:120} INFO - [2023-01-15T00:24:08.184+0000] {dag.py:2585} INFO - Sync 1 DAGs
[2023-01-15T00:24:08.210+0000] {logging_mixin.py:120} INFO - [2023-01-15T00:24:08.210+0000] {dag.py:3340} INFO - Setting next_dagrun for example_nested_branch_dag to 2023-01-14T00:00:00+00:00, run_after=2023-01-15T00:00:00+00:00
[2023-01-15T00:24:08.229+0000] {processor.py:176} INFO - Processing /home/airflow/.local/lib/python3.7/site-packages/airflow/example_dags/example_nested_branch_dag.py took 0.094 seconds
[2023-01-15T00:24:38.327+0000] {processor.py:154} INFO - Started process (PID=1183) to work on /home/airflow/.local/lib/python3.7/site-packages/airflow/example_dags/example_nested_branch_dag.py
[2023-01-15T00:24:38.328+0000] {processor.py:756} INFO - Processing file /home/airflow/.local/lib/python3.7/site-packages/airflow/example_dags/example_nested_branch_dag.py for tasks to queue
[2023-01-15T00:24:38.329+0000] {logging_mixin.py:120} INFO - [2023-01-15T00:24:38.329+0000] {dagbag.py:537} INFO - Filling up the DagBag from /home/airflow/.local/lib/python3.7/site-packages/airflow/example_dags/example_nested_branch_dag.py
[2023-01-15T00:24:38.344+0000] {processor.py:766} INFO - DAG(s) dict_keys(['example_nested_branch_dag']) retrieved from /home/airflow/.local/lib/python3.7/site-packages/airflow/example_dags/example_nested_branch_dag.py
[2023-01-15T00:24:38.371+0000] {logging_mixin.py:120} INFO - [2023-01-15T00:24:38.371+0000] {dag.py:2585} INFO - Sync 1 DAGs
[2023-01-15T00:24:38.389+0000] {logging_mixin.py:120} INFO - [2023-01-15T00:24:38.389+0000] {dag.py:3340} INFO - Setting next_dagrun for example_nested_branch_dag to 2023-01-14T00:00:00+00:00, run_after=2023-01-15T00:00:00+00:00
[2023-01-15T00:24:38.403+0000] {processor.py:176} INFO - Processing /home/airflow/.local/lib/python3.7/site-packages/airflow/example_dags/example_nested_branch_dag.py took 0.078 seconds
[2023-01-15T00:25:08.518+0000] {processor.py:154} INFO - Started process (PID=1239) to work on /home/airflow/.local/lib/python3.7/site-packages/airflow/example_dags/example_nested_branch_dag.py
[2023-01-15T00:25:08.519+0000] {processor.py:756} INFO - Processing file /home/airflow/.local/lib/python3.7/site-packages/airflow/example_dags/example_nested_branch_dag.py for tasks to queue
[2023-01-15T00:25:08.519+0000] {logging_mixin.py:120} INFO - [2023-01-15T00:25:08.519+0000] {dagbag.py:537} INFO - Filling up the DagBag from /home/airflow/.local/lib/python3.7/site-packages/airflow/example_dags/example_nested_branch_dag.py
[2023-01-15T00:25:08.533+0000] {processor.py:766} INFO - DAG(s) dict_keys(['example_nested_branch_dag']) retrieved from /home/airflow/.local/lib/python3.7/site-packages/airflow/example_dags/example_nested_branch_dag.py
[2023-01-15T00:25:08.558+0000] {logging_mixin.py:120} INFO - [2023-01-15T00:25:08.558+0000] {dag.py:2585} INFO - Sync 1 DAGs
[2023-01-15T00:25:08.573+0000] {logging_mixin.py:120} INFO - [2023-01-15T00:25:08.573+0000] {dag.py:3340} INFO - Setting next_dagrun for example_nested_branch_dag to 2023-01-14T00:00:00+00:00, run_after=2023-01-15T00:00:00+00:00
[2023-01-15T00:25:08.587+0000] {processor.py:176} INFO - Processing /home/airflow/.local/lib/python3.7/site-packages/airflow/example_dags/example_nested_branch_dag.py took 0.071 seconds
[2023-01-15T00:25:39.533+0000] {processor.py:154} INFO - Started process (PID=1303) to work on /home/airflow/.local/lib/python3.7/site-packages/airflow/example_dags/example_nested_branch_dag.py
[2023-01-15T00:25:39.533+0000] {processor.py:756} INFO - Processing file /home/airflow/.local/lib/python3.7/site-packages/airflow/example_dags/example_nested_branch_dag.py for tasks to queue
[2023-01-15T00:25:39.534+0000] {logging_mixin.py:120} INFO - [2023-01-15T00:25:39.534+0000] {dagbag.py:537} INFO - Filling up the DagBag from /home/airflow/.local/lib/python3.7/site-packages/airflow/example_dags/example_nested_branch_dag.py
[2023-01-15T00:25:39.554+0000] {processor.py:766} INFO - DAG(s) dict_keys(['example_nested_branch_dag']) retrieved from /home/airflow/.local/lib/python3.7/site-packages/airflow/example_dags/example_nested_branch_dag.py
[2023-01-15T00:25:39.579+0000] {logging_mixin.py:120} INFO - [2023-01-15T00:25:39.579+0000] {dag.py:2585} INFO - Sync 1 DAGs
[2023-01-15T00:25:39.598+0000] {logging_mixin.py:120} INFO - [2023-01-15T00:25:39.598+0000] {dag.py:3340} INFO - Setting next_dagrun for example_nested_branch_dag to 2023-01-14T00:00:00+00:00, run_after=2023-01-15T00:00:00+00:00
[2023-01-15T00:25:39.610+0000] {processor.py:176} INFO - Processing /home/airflow/.local/lib/python3.7/site-packages/airflow/example_dags/example_nested_branch_dag.py took 0.080 seconds
[2023-01-15T00:26:09.628+0000] {processor.py:154} INFO - Started process (PID=1368) to work on /home/airflow/.local/lib/python3.7/site-packages/airflow/example_dags/example_nested_branch_dag.py
[2023-01-15T00:26:09.629+0000] {processor.py:756} INFO - Processing file /home/airflow/.local/lib/python3.7/site-packages/airflow/example_dags/example_nested_branch_dag.py for tasks to queue
[2023-01-15T00:26:09.629+0000] {logging_mixin.py:120} INFO - [2023-01-15T00:26:09.629+0000] {dagbag.py:537} INFO - Filling up the DagBag from /home/airflow/.local/lib/python3.7/site-packages/airflow/example_dags/example_nested_branch_dag.py
[2023-01-15T00:26:09.644+0000] {processor.py:766} INFO - DAG(s) dict_keys(['example_nested_branch_dag']) retrieved from /home/airflow/.local/lib/python3.7/site-packages/airflow/example_dags/example_nested_branch_dag.py
[2023-01-15T00:26:09.670+0000] {logging_mixin.py:120} INFO - [2023-01-15T00:26:09.670+0000] {dag.py:2585} INFO - Sync 1 DAGs
[2023-01-15T00:26:09.689+0000] {logging_mixin.py:120} INFO - [2023-01-15T00:26:09.688+0000] {dag.py:3340} INFO - Setting next_dagrun for example_nested_branch_dag to 2023-01-14T00:00:00+00:00, run_after=2023-01-15T00:00:00+00:00
[2023-01-15T00:26:09.702+0000] {processor.py:176} INFO - Processing /home/airflow/.local/lib/python3.7/site-packages/airflow/example_dags/example_nested_branch_dag.py took 0.075 seconds
[2023-01-15T00:26:39.905+0000] {processor.py:154} INFO - Started process (PID=1433) to work on /home/airflow/.local/lib/python3.7/site-packages/airflow/example_dags/example_nested_branch_dag.py
[2023-01-15T00:26:39.905+0000] {processor.py:756} INFO - Processing file /home/airflow/.local/lib/python3.7/site-packages/airflow/example_dags/example_nested_branch_dag.py for tasks to queue
[2023-01-15T00:26:39.906+0000] {logging_mixin.py:120} INFO - [2023-01-15T00:26:39.906+0000] {dagbag.py:537} INFO - Filling up the DagBag from /home/airflow/.local/lib/python3.7/site-packages/airflow/example_dags/example_nested_branch_dag.py
[2023-01-15T00:26:39.921+0000] {processor.py:766} INFO - DAG(s) dict_keys(['example_nested_branch_dag']) retrieved from /home/airflow/.local/lib/python3.7/site-packages/airflow/example_dags/example_nested_branch_dag.py
[2023-01-15T00:26:39.945+0000] {logging_mixin.py:120} INFO - [2023-01-15T00:26:39.945+0000] {dag.py:2585} INFO - Sync 1 DAGs
[2023-01-15T00:26:39.961+0000] {logging_mixin.py:120} INFO - [2023-01-15T00:26:39.961+0000] {dag.py:3340} INFO - Setting next_dagrun for example_nested_branch_dag to 2023-01-14T00:00:00+00:00, run_after=2023-01-15T00:00:00+00:00
[2023-01-15T00:26:39.973+0000] {processor.py:176} INFO - Processing /home/airflow/.local/lib/python3.7/site-packages/airflow/example_dags/example_nested_branch_dag.py took 0.070 seconds
[2023-01-15T00:27:10.320+0000] {processor.py:154} INFO - Started process (PID=1498) to work on /home/airflow/.local/lib/python3.7/site-packages/airflow/example_dags/example_nested_branch_dag.py
[2023-01-15T00:27:10.320+0000] {processor.py:756} INFO - Processing file /home/airflow/.local/lib/python3.7/site-packages/airflow/example_dags/example_nested_branch_dag.py for tasks to queue
[2023-01-15T00:27:10.320+0000] {logging_mixin.py:120} INFO - [2023-01-15T00:27:10.320+0000] {dagbag.py:537} INFO - Filling up the DagBag from /home/airflow/.local/lib/python3.7/site-packages/airflow/example_dags/example_nested_branch_dag.py
[2023-01-15T00:27:10.335+0000] {processor.py:766} INFO - DAG(s) dict_keys(['example_nested_branch_dag']) retrieved from /home/airflow/.local/lib/python3.7/site-packages/airflow/example_dags/example_nested_branch_dag.py
[2023-01-15T00:27:10.359+0000] {logging_mixin.py:120} INFO - [2023-01-15T00:27:10.359+0000] {dag.py:2585} INFO - Sync 1 DAGs
[2023-01-15T00:27:10.378+0000] {logging_mixin.py:120} INFO - [2023-01-15T00:27:10.378+0000] {dag.py:3340} INFO - Setting next_dagrun for example_nested_branch_dag to 2023-01-14T00:00:00+00:00, run_after=2023-01-15T00:00:00+00:00
[2023-01-15T00:27:10.390+0000] {processor.py:176} INFO - Processing /home/airflow/.local/lib/python3.7/site-packages/airflow/example_dags/example_nested_branch_dag.py took 0.072 seconds
[2023-01-15T00:27:40.493+0000] {processor.py:154} INFO - Started process (PID=1553) to work on /home/airflow/.local/lib/python3.7/site-packages/airflow/example_dags/example_nested_branch_dag.py
[2023-01-15T00:27:40.493+0000] {processor.py:756} INFO - Processing file /home/airflow/.local/lib/python3.7/site-packages/airflow/example_dags/example_nested_branch_dag.py for tasks to queue
[2023-01-15T00:27:40.494+0000] {logging_mixin.py:120} INFO - [2023-01-15T00:27:40.494+0000] {dagbag.py:537} INFO - Filling up the DagBag from /home/airflow/.local/lib/python3.7/site-packages/airflow/example_dags/example_nested_branch_dag.py
[2023-01-15T00:27:40.509+0000] {processor.py:766} INFO - DAG(s) dict_keys(['example_nested_branch_dag']) retrieved from /home/airflow/.local/lib/python3.7/site-packages/airflow/example_dags/example_nested_branch_dag.py
[2023-01-15T00:27:40.535+0000] {logging_mixin.py:120} INFO - [2023-01-15T00:27:40.535+0000] {dag.py:2585} INFO - Sync 1 DAGs
[2023-01-15T00:27:40.553+0000] {logging_mixin.py:120} INFO - [2023-01-15T00:27:40.553+0000] {dag.py:3340} INFO - Setting next_dagrun for example_nested_branch_dag to 2023-01-14T00:00:00+00:00, run_after=2023-01-15T00:00:00+00:00
[2023-01-15T00:27:40.567+0000] {processor.py:176} INFO - Processing /home/airflow/.local/lib/python3.7/site-packages/airflow/example_dags/example_nested_branch_dag.py took 0.076 seconds
[2023-01-15T00:28:10.895+0000] {processor.py:154} INFO - Started process (PID=1618) to work on /home/airflow/.local/lib/python3.7/site-packages/airflow/example_dags/example_nested_branch_dag.py
[2023-01-15T00:28:10.895+0000] {processor.py:756} INFO - Processing file /home/airflow/.local/lib/python3.7/site-packages/airflow/example_dags/example_nested_branch_dag.py for tasks to queue
[2023-01-15T00:28:10.896+0000] {logging_mixin.py:120} INFO - [2023-01-15T00:28:10.896+0000] {dagbag.py:537} INFO - Filling up the DagBag from /home/airflow/.local/lib/python3.7/site-packages/airflow/example_dags/example_nested_branch_dag.py
[2023-01-15T00:28:10.910+0000] {processor.py:766} INFO - DAG(s) dict_keys(['example_nested_branch_dag']) retrieved from /home/airflow/.local/lib/python3.7/site-packages/airflow/example_dags/example_nested_branch_dag.py
[2023-01-15T00:28:10.938+0000] {logging_mixin.py:120} INFO - [2023-01-15T00:28:10.938+0000] {dag.py:2585} INFO - Sync 1 DAGs
[2023-01-15T00:28:10.955+0000] {logging_mixin.py:120} INFO - [2023-01-15T00:28:10.955+0000] {dag.py:3340} INFO - Setting next_dagrun for example_nested_branch_dag to 2023-01-14T00:00:00+00:00, run_after=2023-01-15T00:00:00+00:00
[2023-01-15T00:28:10.967+0000] {processor.py:176} INFO - Processing /home/airflow/.local/lib/python3.7/site-packages/airflow/example_dags/example_nested_branch_dag.py took 0.074 seconds
[2023-01-15T00:28:41.867+0000] {processor.py:154} INFO - Started process (PID=1683) to work on /home/airflow/.local/lib/python3.7/site-packages/airflow/example_dags/example_nested_branch_dag.py
[2023-01-15T00:28:41.867+0000] {processor.py:756} INFO - Processing file /home/airflow/.local/lib/python3.7/site-packages/airflow/example_dags/example_nested_branch_dag.py for tasks to queue
[2023-01-15T00:28:41.867+0000] {logging_mixin.py:120} INFO - [2023-01-15T00:28:41.867+0000] {dagbag.py:537} INFO - Filling up the DagBag from /home/airflow/.local/lib/python3.7/site-packages/airflow/example_dags/example_nested_branch_dag.py
[2023-01-15T00:28:41.882+0000] {processor.py:766} INFO - DAG(s) dict_keys(['example_nested_branch_dag']) retrieved from /home/airflow/.local/lib/python3.7/site-packages/airflow/example_dags/example_nested_branch_dag.py
[2023-01-15T00:28:41.906+0000] {logging_mixin.py:120} INFO - [2023-01-15T00:28:41.906+0000] {dag.py:2585} INFO - Sync 1 DAGs
[2023-01-15T00:28:41.922+0000] {logging_mixin.py:120} INFO - [2023-01-15T00:28:41.922+0000] {dag.py:3340} INFO - Setting next_dagrun for example_nested_branch_dag to 2023-01-14T00:00:00+00:00, run_after=2023-01-15T00:00:00+00:00
[2023-01-15T00:28:41.935+0000] {processor.py:176} INFO - Processing /home/airflow/.local/lib/python3.7/site-packages/airflow/example_dags/example_nested_branch_dag.py took 0.070 seconds
[2023-01-15T00:29:12.053+0000] {processor.py:154} INFO - Started process (PID=1748) to work on /home/airflow/.local/lib/python3.7/site-packages/airflow/example_dags/example_nested_branch_dag.py
[2023-01-15T00:29:12.054+0000] {processor.py:756} INFO - Processing file /home/airflow/.local/lib/python3.7/site-packages/airflow/example_dags/example_nested_branch_dag.py for tasks to queue
[2023-01-15T00:29:12.054+0000] {logging_mixin.py:120} INFO - [2023-01-15T00:29:12.054+0000] {dagbag.py:537} INFO - Filling up the DagBag from /home/airflow/.local/lib/python3.7/site-packages/airflow/example_dags/example_nested_branch_dag.py
[2023-01-15T00:29:12.069+0000] {processor.py:766} INFO - DAG(s) dict_keys(['example_nested_branch_dag']) retrieved from /home/airflow/.local/lib/python3.7/site-packages/airflow/example_dags/example_nested_branch_dag.py
[2023-01-15T00:29:12.093+0000] {logging_mixin.py:120} INFO - [2023-01-15T00:29:12.093+0000] {dag.py:2585} INFO - Sync 1 DAGs
[2023-01-15T00:29:12.111+0000] {logging_mixin.py:120} INFO - [2023-01-15T00:29:12.111+0000] {dag.py:3340} INFO - Setting next_dagrun for example_nested_branch_dag to 2023-01-14T00:00:00+00:00, run_after=2023-01-15T00:00:00+00:00
[2023-01-15T00:29:12.124+0000] {processor.py:176} INFO - Processing /home/airflow/.local/lib/python3.7/site-packages/airflow/example_dags/example_nested_branch_dag.py took 0.074 seconds
[2023-01-15T00:29:42.150+0000] {processor.py:154} INFO - Started process (PID=1805) to work on /home/airflow/.local/lib/python3.7/site-packages/airflow/example_dags/example_nested_branch_dag.py
[2023-01-15T00:29:42.150+0000] {processor.py:756} INFO - Processing file /home/airflow/.local/lib/python3.7/site-packages/airflow/example_dags/example_nested_branch_dag.py for tasks to queue
[2023-01-15T00:29:42.151+0000] {logging_mixin.py:120} INFO - [2023-01-15T00:29:42.150+0000] {dagbag.py:537} INFO - Filling up the DagBag from /home/airflow/.local/lib/python3.7/site-packages/airflow/example_dags/example_nested_branch_dag.py
[2023-01-15T00:29:42.166+0000] {processor.py:766} INFO - DAG(s) dict_keys(['example_nested_branch_dag']) retrieved from /home/airflow/.local/lib/python3.7/site-packages/airflow/example_dags/example_nested_branch_dag.py
[2023-01-15T00:29:42.190+0000] {logging_mixin.py:120} INFO - [2023-01-15T00:29:42.190+0000] {dag.py:2585} INFO - Sync 1 DAGs
[2023-01-15T00:29:42.212+0000] {logging_mixin.py:120} INFO - [2023-01-15T00:29:42.211+0000] {dag.py:3340} INFO - Setting next_dagrun for example_nested_branch_dag to 2023-01-14T00:00:00+00:00, run_after=2023-01-15T00:00:00+00:00
[2023-01-15T00:29:42.224+0000] {processor.py:176} INFO - Processing /home/airflow/.local/lib/python3.7/site-packages/airflow/example_dags/example_nested_branch_dag.py took 0.076 seconds
[2023-01-15T00:30:12.437+0000] {processor.py:154} INFO - Started process (PID=1870) to work on /home/airflow/.local/lib/python3.7/site-packages/airflow/example_dags/example_nested_branch_dag.py
[2023-01-15T00:30:12.438+0000] {processor.py:756} INFO - Processing file /home/airflow/.local/lib/python3.7/site-packages/airflow/example_dags/example_nested_branch_dag.py for tasks to queue
[2023-01-15T00:30:12.438+0000] {logging_mixin.py:120} INFO - [2023-01-15T00:30:12.438+0000] {dagbag.py:537} INFO - Filling up the DagBag from /home/airflow/.local/lib/python3.7/site-packages/airflow/example_dags/example_nested_branch_dag.py
[2023-01-15T00:30:12.454+0000] {processor.py:766} INFO - DAG(s) dict_keys(['example_nested_branch_dag']) retrieved from /home/airflow/.local/lib/python3.7/site-packages/airflow/example_dags/example_nested_branch_dag.py
[2023-01-15T00:30:12.478+0000] {logging_mixin.py:120} INFO - [2023-01-15T00:30:12.478+0000] {dag.py:2585} INFO - Sync 1 DAGs
[2023-01-15T00:30:12.494+0000] {logging_mixin.py:120} INFO - [2023-01-15T00:30:12.493+0000] {dag.py:3340} INFO - Setting next_dagrun for example_nested_branch_dag to 2023-01-14T00:00:00+00:00, run_after=2023-01-15T00:00:00+00:00
[2023-01-15T00:30:12.506+0000] {processor.py:176} INFO - Processing /home/airflow/.local/lib/python3.7/site-packages/airflow/example_dags/example_nested_branch_dag.py took 0.071 seconds
[2023-01-15T00:30:43.415+0000] {processor.py:154} INFO - Started process (PID=1935) to work on /home/airflow/.local/lib/python3.7/site-packages/airflow/example_dags/example_nested_branch_dag.py
[2023-01-15T00:30:43.415+0000] {processor.py:756} INFO - Processing file /home/airflow/.local/lib/python3.7/site-packages/airflow/example_dags/example_nested_branch_dag.py for tasks to queue
[2023-01-15T00:30:43.415+0000] {logging_mixin.py:120} INFO - [2023-01-15T00:30:43.415+0000] {dagbag.py:537} INFO - Filling up the DagBag from /home/airflow/.local/lib/python3.7/site-packages/airflow/example_dags/example_nested_branch_dag.py
[2023-01-15T00:30:43.430+0000] {processor.py:766} INFO - DAG(s) dict_keys(['example_nested_branch_dag']) retrieved from /home/airflow/.local/lib/python3.7/site-packages/airflow/example_dags/example_nested_branch_dag.py
[2023-01-15T00:30:43.460+0000] {logging_mixin.py:120} INFO - [2023-01-15T00:30:43.460+0000] {dag.py:2585} INFO - Sync 1 DAGs
[2023-01-15T00:30:43.482+0000] {logging_mixin.py:120} INFO - [2023-01-15T00:30:43.482+0000] {dag.py:3340} INFO - Setting next_dagrun for example_nested_branch_dag to 2023-01-14T00:00:00+00:00, run_after=2023-01-15T00:00:00+00:00
[2023-01-15T00:30:43.495+0000] {processor.py:176} INFO - Processing /home/airflow/.local/lib/python3.7/site-packages/airflow/example_dags/example_nested_branch_dag.py took 0.082 seconds
[2023-01-15T00:31:14.470+0000] {processor.py:154} INFO - Started process (PID=2000) to work on /home/airflow/.local/lib/python3.7/site-packages/airflow/example_dags/example_nested_branch_dag.py
[2023-01-15T00:31:14.471+0000] {processor.py:756} INFO - Processing file /home/airflow/.local/lib/python3.7/site-packages/airflow/example_dags/example_nested_branch_dag.py for tasks to queue
[2023-01-15T00:31:14.471+0000] {logging_mixin.py:120} INFO - [2023-01-15T00:31:14.471+0000] {dagbag.py:537} INFO - Filling up the DagBag from /home/airflow/.local/lib/python3.7/site-packages/airflow/example_dags/example_nested_branch_dag.py
[2023-01-15T00:31:14.489+0000] {processor.py:766} INFO - DAG(s) dict_keys(['example_nested_branch_dag']) retrieved from /home/airflow/.local/lib/python3.7/site-packages/airflow/example_dags/example_nested_branch_dag.py
[2023-01-15T00:31:14.516+0000] {logging_mixin.py:120} INFO - [2023-01-15T00:31:14.516+0000] {dag.py:2585} INFO - Sync 1 DAGs
[2023-01-15T00:31:14.535+0000] {logging_mixin.py:120} INFO - [2023-01-15T00:31:14.535+0000] {dag.py:3340} INFO - Setting next_dagrun for example_nested_branch_dag to 2023-01-14T00:00:00+00:00, run_after=2023-01-15T00:00:00+00:00
[2023-01-15T00:31:14.551+0000] {processor.py:176} INFO - Processing /home/airflow/.local/lib/python3.7/site-packages/airflow/example_dags/example_nested_branch_dag.py took 0.083 seconds
[2023-01-15T00:31:45.415+0000] {processor.py:154} INFO - Started process (PID=2064) to work on /home/airflow/.local/lib/python3.7/site-packages/airflow/example_dags/example_nested_branch_dag.py
[2023-01-15T00:31:45.415+0000] {processor.py:756} INFO - Processing file /home/airflow/.local/lib/python3.7/site-packages/airflow/example_dags/example_nested_branch_dag.py for tasks to queue
[2023-01-15T00:31:45.416+0000] {logging_mixin.py:120} INFO - [2023-01-15T00:31:45.415+0000] {dagbag.py:537} INFO - Filling up the DagBag from /home/airflow/.local/lib/python3.7/site-packages/airflow/example_dags/example_nested_branch_dag.py
[2023-01-15T00:31:45.434+0000] {processor.py:766} INFO - DAG(s) dict_keys(['example_nested_branch_dag']) retrieved from /home/airflow/.local/lib/python3.7/site-packages/airflow/example_dags/example_nested_branch_dag.py
[2023-01-15T00:31:45.463+0000] {logging_mixin.py:120} INFO - [2023-01-15T00:31:45.463+0000] {dag.py:2585} INFO - Sync 1 DAGs
[2023-01-15T00:31:45.482+0000] {logging_mixin.py:120} INFO - [2023-01-15T00:31:45.482+0000] {dag.py:3340} INFO - Setting next_dagrun for example_nested_branch_dag to 2023-01-14T00:00:00+00:00, run_after=2023-01-15T00:00:00+00:00
[2023-01-15T00:31:45.495+0000] {processor.py:176} INFO - Processing /home/airflow/.local/lib/python3.7/site-packages/airflow/example_dags/example_nested_branch_dag.py took 0.083 seconds
[2023-01-15T00:32:15.603+0000] {processor.py:154} INFO - Started process (PID=2120) to work on /home/airflow/.local/lib/python3.7/site-packages/airflow/example_dags/example_nested_branch_dag.py
[2023-01-15T00:32:15.604+0000] {processor.py:756} INFO - Processing file /home/airflow/.local/lib/python3.7/site-packages/airflow/example_dags/example_nested_branch_dag.py for tasks to queue
[2023-01-15T00:32:15.604+0000] {logging_mixin.py:120} INFO - [2023-01-15T00:32:15.604+0000] {dagbag.py:537} INFO - Filling up the DagBag from /home/airflow/.local/lib/python3.7/site-packages/airflow/example_dags/example_nested_branch_dag.py
[2023-01-15T00:32:15.625+0000] {processor.py:766} INFO - DAG(s) dict_keys(['example_nested_branch_dag']) retrieved from /home/airflow/.local/lib/python3.7/site-packages/airflow/example_dags/example_nested_branch_dag.py
[2023-01-15T00:32:15.658+0000] {logging_mixin.py:120} INFO - [2023-01-15T00:32:15.658+0000] {dag.py:2585} INFO - Sync 1 DAGs
[2023-01-15T00:32:15.681+0000] {logging_mixin.py:120} INFO - [2023-01-15T00:32:15.680+0000] {dag.py:3340} INFO - Setting next_dagrun for example_nested_branch_dag to 2023-01-14T00:00:00+00:00, run_after=2023-01-15T00:00:00+00:00
[2023-01-15T00:32:15.695+0000] {processor.py:176} INFO - Processing /home/airflow/.local/lib/python3.7/site-packages/airflow/example_dags/example_nested_branch_dag.py took 0.094 seconds
[2023-01-15T00:32:45.779+0000] {processor.py:154} INFO - Started process (PID=2185) to work on /home/airflow/.local/lib/python3.7/site-packages/airflow/example_dags/example_nested_branch_dag.py
[2023-01-15T00:32:45.780+0000] {processor.py:756} INFO - Processing file /home/airflow/.local/lib/python3.7/site-packages/airflow/example_dags/example_nested_branch_dag.py for tasks to queue
[2023-01-15T00:32:45.780+0000] {logging_mixin.py:120} INFO - [2023-01-15T00:32:45.780+0000] {dagbag.py:537} INFO - Filling up the DagBag from /home/airflow/.local/lib/python3.7/site-packages/airflow/example_dags/example_nested_branch_dag.py
[2023-01-15T00:32:45.806+0000] {processor.py:766} INFO - DAG(s) dict_keys(['example_nested_branch_dag']) retrieved from /home/airflow/.local/lib/python3.7/site-packages/airflow/example_dags/example_nested_branch_dag.py
[2023-01-15T00:32:45.845+0000] {logging_mixin.py:120} INFO - [2023-01-15T00:32:45.845+0000] {dag.py:2585} INFO - Sync 1 DAGs
[2023-01-15T00:32:45.874+0000] {logging_mixin.py:120} INFO - [2023-01-15T00:32:45.874+0000] {dag.py:3340} INFO - Setting next_dagrun for example_nested_branch_dag to 2023-01-14T00:00:00+00:00, run_after=2023-01-15T00:00:00+00:00
[2023-01-15T00:32:45.894+0000] {processor.py:176} INFO - Processing /home/airflow/.local/lib/python3.7/site-packages/airflow/example_dags/example_nested_branch_dag.py took 0.118 seconds
[2023-01-15T00:33:16.219+0000] {processor.py:154} INFO - Started process (PID=2251) to work on /home/airflow/.local/lib/python3.7/site-packages/airflow/example_dags/example_nested_branch_dag.py
[2023-01-15T00:33:16.219+0000] {processor.py:756} INFO - Processing file /home/airflow/.local/lib/python3.7/site-packages/airflow/example_dags/example_nested_branch_dag.py for tasks to queue
[2023-01-15T00:33:16.220+0000] {logging_mixin.py:120} INFO - [2023-01-15T00:33:16.220+0000] {dagbag.py:537} INFO - Filling up the DagBag from /home/airflow/.local/lib/python3.7/site-packages/airflow/example_dags/example_nested_branch_dag.py
[2023-01-15T00:33:16.236+0000] {processor.py:766} INFO - DAG(s) dict_keys(['example_nested_branch_dag']) retrieved from /home/airflow/.local/lib/python3.7/site-packages/airflow/example_dags/example_nested_branch_dag.py
[2023-01-15T00:33:16.264+0000] {logging_mixin.py:120} INFO - [2023-01-15T00:33:16.264+0000] {dag.py:2585} INFO - Sync 1 DAGs
[2023-01-15T00:33:16.282+0000] {logging_mixin.py:120} INFO - [2023-01-15T00:33:16.282+0000] {dag.py:3340} INFO - Setting next_dagrun for example_nested_branch_dag to 2023-01-14T00:00:00+00:00, run_after=2023-01-15T00:00:00+00:00
[2023-01-15T00:33:16.294+0000] {processor.py:176} INFO - Processing /home/airflow/.local/lib/python3.7/site-packages/airflow/example_dags/example_nested_branch_dag.py took 0.077 seconds
[2023-01-15T00:33:46.435+0000] {processor.py:154} INFO - Started process (PID=2316) to work on /home/airflow/.local/lib/python3.7/site-packages/airflow/example_dags/example_nested_branch_dag.py
[2023-01-15T00:33:46.435+0000] {processor.py:756} INFO - Processing file /home/airflow/.local/lib/python3.7/site-packages/airflow/example_dags/example_nested_branch_dag.py for tasks to queue
[2023-01-15T00:33:46.436+0000] {logging_mixin.py:120} INFO - [2023-01-15T00:33:46.436+0000] {dagbag.py:537} INFO - Filling up the DagBag from /home/airflow/.local/lib/python3.7/site-packages/airflow/example_dags/example_nested_branch_dag.py
[2023-01-15T00:33:46.454+0000] {processor.py:766} INFO - DAG(s) dict_keys(['example_nested_branch_dag']) retrieved from /home/airflow/.local/lib/python3.7/site-packages/airflow/example_dags/example_nested_branch_dag.py
[2023-01-15T00:33:46.480+0000] {logging_mixin.py:120} INFO - [2023-01-15T00:33:46.480+0000] {dag.py:2585} INFO - Sync 1 DAGs
[2023-01-15T00:33:46.497+0000] {logging_mixin.py:120} INFO - [2023-01-15T00:33:46.497+0000] {dag.py:3340} INFO - Setting next_dagrun for example_nested_branch_dag to 2023-01-14T00:00:00+00:00, run_after=2023-01-15T00:00:00+00:00
[2023-01-15T00:33:46.513+0000] {processor.py:176} INFO - Processing /home/airflow/.local/lib/python3.7/site-packages/airflow/example_dags/example_nested_branch_dag.py took 0.082 seconds
