[2023-01-15T00:15:34.382+0000] {processor.py:154} INFO - Started process (PID=75) to work on /home/airflow/.local/lib/python3.7/site-packages/airflow/example_dags/example_external_task_marker_dag.py
[2023-01-15T00:15:34.383+0000] {processor.py:756} INFO - Processing file /home/airflow/.local/lib/python3.7/site-packages/airflow/example_dags/example_external_task_marker_dag.py for tasks to queue
[2023-01-15T00:15:34.384+0000] {logging_mixin.py:120} INFO - [2023-01-15T00:15:34.384+0000] {dagbag.py:537} INFO - Filling up the DagBag from /home/airflow/.local/lib/python3.7/site-packages/airflow/example_dags/example_external_task_marker_dag.py
[2023-01-15T00:15:34.410+0000] {processor.py:766} INFO - DAG(s) dict_keys(['example_external_task_marker_parent', 'example_external_task_marker_child']) retrieved from /home/airflow/.local/lib/python3.7/site-packages/airflow/example_dags/example_external_task_marker_dag.py
[2023-01-15T00:15:34.934+0000] {logging_mixin.py:120} INFO - [2023-01-15T00:15:34.934+0000] {dag.py:2585} INFO - Sync 2 DAGs
[2023-01-15T00:15:34.981+0000] {logging_mixin.py:120} INFO - [2023-01-15T00:15:34.980+0000] {dag.py:3340} INFO - Setting next_dagrun for example_external_task_marker_child to None, run_after=None
[2023-01-15T00:15:34.987+0000] {logging_mixin.py:120} INFO - [2023-01-15T00:15:34.986+0000] {dag.py:3340} INFO - Setting next_dagrun for example_external_task_marker_parent to None, run_after=None
[2023-01-15T00:15:35.018+0000] {processor.py:176} INFO - Processing /home/airflow/.local/lib/python3.7/site-packages/airflow/example_dags/example_external_task_marker_dag.py took 0.640 seconds
[2023-01-15T00:16:05.529+0000] {processor.py:154} INFO - Started process (PID=141) to work on /home/airflow/.local/lib/python3.7/site-packages/airflow/example_dags/example_external_task_marker_dag.py
[2023-01-15T00:16:05.531+0000] {processor.py:756} INFO - Processing file /home/airflow/.local/lib/python3.7/site-packages/airflow/example_dags/example_external_task_marker_dag.py for tasks to queue
[2023-01-15T00:16:05.531+0000] {logging_mixin.py:120} INFO - [2023-01-15T00:16:05.531+0000] {dagbag.py:537} INFO - Filling up the DagBag from /home/airflow/.local/lib/python3.7/site-packages/airflow/example_dags/example_external_task_marker_dag.py
[2023-01-15T00:16:05.542+0000] {processor.py:766} INFO - DAG(s) dict_keys(['example_external_task_marker_parent', 'example_external_task_marker_child']) retrieved from /home/airflow/.local/lib/python3.7/site-packages/airflow/example_dags/example_external_task_marker_dag.py
[2023-01-15T00:16:05.675+0000] {logging_mixin.py:120} INFO - [2023-01-15T00:16:05.675+0000] {dag.py:2585} INFO - Sync 2 DAGs
[2023-01-15T00:16:05.691+0000] {logging_mixin.py:120} INFO - [2023-01-15T00:16:05.691+0000] {dag.py:3340} INFO - Setting next_dagrun for example_external_task_marker_child to None, run_after=None
[2023-01-15T00:16:05.693+0000] {logging_mixin.py:120} INFO - [2023-01-15T00:16:05.693+0000] {dag.py:3340} INFO - Setting next_dagrun for example_external_task_marker_parent to None, run_after=None
[2023-01-15T00:16:05.705+0000] {processor.py:176} INFO - Processing /home/airflow/.local/lib/python3.7/site-packages/airflow/example_dags/example_external_task_marker_dag.py took 0.178 seconds
[2023-01-15T00:16:35.978+0000] {processor.py:154} INFO - Started process (PID=207) to work on /home/airflow/.local/lib/python3.7/site-packages/airflow/example_dags/example_external_task_marker_dag.py
[2023-01-15T00:16:35.978+0000] {processor.py:756} INFO - Processing file /home/airflow/.local/lib/python3.7/site-packages/airflow/example_dags/example_external_task_marker_dag.py for tasks to queue
[2023-01-15T00:16:35.979+0000] {logging_mixin.py:120} INFO - [2023-01-15T00:16:35.979+0000] {dagbag.py:537} INFO - Filling up the DagBag from /home/airflow/.local/lib/python3.7/site-packages/airflow/example_dags/example_external_task_marker_dag.py
[2023-01-15T00:16:35.990+0000] {processor.py:766} INFO - DAG(s) dict_keys(['example_external_task_marker_parent', 'example_external_task_marker_child']) retrieved from /home/airflow/.local/lib/python3.7/site-packages/airflow/example_dags/example_external_task_marker_dag.py
[2023-01-15T00:16:36.148+0000] {logging_mixin.py:120} INFO - [2023-01-15T00:16:36.147+0000] {dag.py:2585} INFO - Sync 2 DAGs
[2023-01-15T00:16:36.167+0000] {logging_mixin.py:120} INFO - [2023-01-15T00:16:36.167+0000] {dag.py:3340} INFO - Setting next_dagrun for example_external_task_marker_child to None, run_after=None
[2023-01-15T00:16:36.169+0000] {logging_mixin.py:120} INFO - [2023-01-15T00:16:36.169+0000] {dag.py:3340} INFO - Setting next_dagrun for example_external_task_marker_parent to None, run_after=None
[2023-01-15T00:16:36.182+0000] {processor.py:176} INFO - Processing /home/airflow/.local/lib/python3.7/site-packages/airflow/example_dags/example_external_task_marker_dag.py took 0.209 seconds
[2023-01-15T00:17:06.233+0000] {processor.py:154} INFO - Started process (PID=272) to work on /home/airflow/.local/lib/python3.7/site-packages/airflow/example_dags/example_external_task_marker_dag.py
[2023-01-15T00:17:06.234+0000] {processor.py:756} INFO - Processing file /home/airflow/.local/lib/python3.7/site-packages/airflow/example_dags/example_external_task_marker_dag.py for tasks to queue
[2023-01-15T00:17:06.235+0000] {logging_mixin.py:120} INFO - [2023-01-15T00:17:06.235+0000] {dagbag.py:537} INFO - Filling up the DagBag from /home/airflow/.local/lib/python3.7/site-packages/airflow/example_dags/example_external_task_marker_dag.py
[2023-01-15T00:17:06.248+0000] {processor.py:766} INFO - DAG(s) dict_keys(['example_external_task_marker_child', 'example_external_task_marker_parent']) retrieved from /home/airflow/.local/lib/python3.7/site-packages/airflow/example_dags/example_external_task_marker_dag.py
[2023-01-15T00:17:06.447+0000] {logging_mixin.py:120} INFO - [2023-01-15T00:17:06.447+0000] {dag.py:2585} INFO - Sync 2 DAGs
[2023-01-15T00:17:06.479+0000] {logging_mixin.py:120} INFO - [2023-01-15T00:17:06.479+0000] {dag.py:3340} INFO - Setting next_dagrun for example_external_task_marker_child to None, run_after=None
[2023-01-15T00:17:06.483+0000] {logging_mixin.py:120} INFO - [2023-01-15T00:17:06.483+0000] {dag.py:3340} INFO - Setting next_dagrun for example_external_task_marker_parent to None, run_after=None
[2023-01-15T00:17:06.507+0000] {processor.py:176} INFO - Processing /home/airflow/.local/lib/python3.7/site-packages/airflow/example_dags/example_external_task_marker_dag.py took 0.276 seconds
[2023-01-15T00:17:37.465+0000] {processor.py:154} INFO - Started process (PID=329) to work on /home/airflow/.local/lib/python3.7/site-packages/airflow/example_dags/example_external_task_marker_dag.py
[2023-01-15T00:17:37.465+0000] {processor.py:756} INFO - Processing file /home/airflow/.local/lib/python3.7/site-packages/airflow/example_dags/example_external_task_marker_dag.py for tasks to queue
[2023-01-15T00:17:37.466+0000] {logging_mixin.py:120} INFO - [2023-01-15T00:17:37.466+0000] {dagbag.py:537} INFO - Filling up the DagBag from /home/airflow/.local/lib/python3.7/site-packages/airflow/example_dags/example_external_task_marker_dag.py
[2023-01-15T00:17:37.477+0000] {processor.py:766} INFO - DAG(s) dict_keys(['example_external_task_marker_parent', 'example_external_task_marker_child']) retrieved from /home/airflow/.local/lib/python3.7/site-packages/airflow/example_dags/example_external_task_marker_dag.py
[2023-01-15T00:17:37.621+0000] {logging_mixin.py:120} INFO - [2023-01-15T00:17:37.621+0000] {dag.py:2585} INFO - Sync 2 DAGs
[2023-01-15T00:17:37.639+0000] {logging_mixin.py:120} INFO - [2023-01-15T00:17:37.638+0000] {dag.py:3340} INFO - Setting next_dagrun for example_external_task_marker_child to None, run_after=None
[2023-01-15T00:17:37.641+0000] {logging_mixin.py:120} INFO - [2023-01-15T00:17:37.641+0000] {dag.py:3340} INFO - Setting next_dagrun for example_external_task_marker_parent to None, run_after=None
[2023-01-15T00:17:37.653+0000] {processor.py:176} INFO - Processing /home/airflow/.local/lib/python3.7/site-packages/airflow/example_dags/example_external_task_marker_dag.py took 0.192 seconds
[2023-01-15T00:18:07.902+0000] {processor.py:154} INFO - Started process (PID=394) to work on /home/airflow/.local/lib/python3.7/site-packages/airflow/example_dags/example_external_task_marker_dag.py
[2023-01-15T00:18:07.904+0000] {processor.py:756} INFO - Processing file /home/airflow/.local/lib/python3.7/site-packages/airflow/example_dags/example_external_task_marker_dag.py for tasks to queue
[2023-01-15T00:18:07.904+0000] {logging_mixin.py:120} INFO - [2023-01-15T00:18:07.904+0000] {dagbag.py:537} INFO - Filling up the DagBag from /home/airflow/.local/lib/python3.7/site-packages/airflow/example_dags/example_external_task_marker_dag.py
[2023-01-15T00:18:07.916+0000] {processor.py:766} INFO - DAG(s) dict_keys(['example_external_task_marker_child', 'example_external_task_marker_parent']) retrieved from /home/airflow/.local/lib/python3.7/site-packages/airflow/example_dags/example_external_task_marker_dag.py
[2023-01-15T00:18:08.068+0000] {logging_mixin.py:120} INFO - [2023-01-15T00:18:08.067+0000] {dag.py:2585} INFO - Sync 2 DAGs
[2023-01-15T00:18:08.084+0000] {logging_mixin.py:120} INFO - [2023-01-15T00:18:08.084+0000] {dag.py:3340} INFO - Setting next_dagrun for example_external_task_marker_child to None, run_after=None
[2023-01-15T00:18:08.087+0000] {logging_mixin.py:120} INFO - [2023-01-15T00:18:08.087+0000] {dag.py:3340} INFO - Setting next_dagrun for example_external_task_marker_parent to None, run_after=None
[2023-01-15T00:18:08.099+0000] {processor.py:176} INFO - Processing /home/airflow/.local/lib/python3.7/site-packages/airflow/example_dags/example_external_task_marker_dag.py took 0.199 seconds
[2023-01-15T00:18:38.414+0000] {processor.py:154} INFO - Started process (PID=459) to work on /home/airflow/.local/lib/python3.7/site-packages/airflow/example_dags/example_external_task_marker_dag.py
[2023-01-15T00:18:38.415+0000] {processor.py:756} INFO - Processing file /home/airflow/.local/lib/python3.7/site-packages/airflow/example_dags/example_external_task_marker_dag.py for tasks to queue
[2023-01-15T00:18:38.415+0000] {logging_mixin.py:120} INFO - [2023-01-15T00:18:38.415+0000] {dagbag.py:537} INFO - Filling up the DagBag from /home/airflow/.local/lib/python3.7/site-packages/airflow/example_dags/example_external_task_marker_dag.py
[2023-01-15T00:18:38.427+0000] {processor.py:766} INFO - DAG(s) dict_keys(['example_external_task_marker_child', 'example_external_task_marker_parent']) retrieved from /home/airflow/.local/lib/python3.7/site-packages/airflow/example_dags/example_external_task_marker_dag.py
[2023-01-15T00:18:38.564+0000] {logging_mixin.py:120} INFO - [2023-01-15T00:18:38.564+0000] {dag.py:2585} INFO - Sync 2 DAGs
[2023-01-15T00:18:38.582+0000] {logging_mixin.py:120} INFO - [2023-01-15T00:18:38.582+0000] {dag.py:3340} INFO - Setting next_dagrun for example_external_task_marker_child to None, run_after=None
[2023-01-15T00:18:38.585+0000] {logging_mixin.py:120} INFO - [2023-01-15T00:18:38.585+0000] {dag.py:3340} INFO - Setting next_dagrun for example_external_task_marker_parent to None, run_after=None
[2023-01-15T00:18:38.597+0000] {processor.py:176} INFO - Processing /home/airflow/.local/lib/python3.7/site-packages/airflow/example_dags/example_external_task_marker_dag.py took 0.186 seconds
[2023-01-15T00:19:08.889+0000] {processor.py:154} INFO - Started process (PID=524) to work on /home/airflow/.local/lib/python3.7/site-packages/airflow/example_dags/example_external_task_marker_dag.py
[2023-01-15T00:19:08.892+0000] {processor.py:756} INFO - Processing file /home/airflow/.local/lib/python3.7/site-packages/airflow/example_dags/example_external_task_marker_dag.py for tasks to queue
[2023-01-15T00:19:08.892+0000] {logging_mixin.py:120} INFO - [2023-01-15T00:19:08.892+0000] {dagbag.py:537} INFO - Filling up the DagBag from /home/airflow/.local/lib/python3.7/site-packages/airflow/example_dags/example_external_task_marker_dag.py
[2023-01-15T00:19:08.901+0000] {processor.py:766} INFO - DAG(s) dict_keys(['example_external_task_marker_parent', 'example_external_task_marker_child']) retrieved from /home/airflow/.local/lib/python3.7/site-packages/airflow/example_dags/example_external_task_marker_dag.py
[2023-01-15T00:19:09.042+0000] {logging_mixin.py:120} INFO - [2023-01-15T00:19:09.042+0000] {dag.py:2585} INFO - Sync 2 DAGs
[2023-01-15T00:19:09.059+0000] {logging_mixin.py:120} INFO - [2023-01-15T00:19:09.059+0000] {dag.py:3340} INFO - Setting next_dagrun for example_external_task_marker_child to None, run_after=None
[2023-01-15T00:19:09.061+0000] {logging_mixin.py:120} INFO - [2023-01-15T00:19:09.061+0000] {dag.py:3340} INFO - Setting next_dagrun for example_external_task_marker_parent to None, run_after=None
[2023-01-15T00:19:09.072+0000] {processor.py:176} INFO - Processing /home/airflow/.local/lib/python3.7/site-packages/airflow/example_dags/example_external_task_marker_dag.py took 0.185 seconds
[2023-01-15T00:19:39.486+0000] {processor.py:154} INFO - Started process (PID=580) to work on /home/airflow/.local/lib/python3.7/site-packages/airflow/example_dags/example_external_task_marker_dag.py
[2023-01-15T00:19:39.488+0000] {processor.py:756} INFO - Processing file /home/airflow/.local/lib/python3.7/site-packages/airflow/example_dags/example_external_task_marker_dag.py for tasks to queue
[2023-01-15T00:19:39.489+0000] {logging_mixin.py:120} INFO - [2023-01-15T00:19:39.489+0000] {dagbag.py:537} INFO - Filling up the DagBag from /home/airflow/.local/lib/python3.7/site-packages/airflow/example_dags/example_external_task_marker_dag.py
[2023-01-15T00:19:39.501+0000] {processor.py:766} INFO - DAG(s) dict_keys(['example_external_task_marker_child', 'example_external_task_marker_parent']) retrieved from /home/airflow/.local/lib/python3.7/site-packages/airflow/example_dags/example_external_task_marker_dag.py
[2023-01-15T00:19:39.667+0000] {logging_mixin.py:120} INFO - [2023-01-15T00:19:39.667+0000] {dag.py:2585} INFO - Sync 2 DAGs
[2023-01-15T00:19:39.692+0000] {logging_mixin.py:120} INFO - [2023-01-15T00:19:39.692+0000] {dag.py:3340} INFO - Setting next_dagrun for example_external_task_marker_child to None, run_after=None
[2023-01-15T00:19:39.696+0000] {logging_mixin.py:120} INFO - [2023-01-15T00:19:39.696+0000] {dag.py:3340} INFO - Setting next_dagrun for example_external_task_marker_parent to None, run_after=None
[2023-01-15T00:19:39.711+0000] {processor.py:176} INFO - Processing /home/airflow/.local/lib/python3.7/site-packages/airflow/example_dags/example_external_task_marker_dag.py took 0.229 seconds
[2023-01-15T00:20:09.807+0000] {processor.py:154} INFO - Started process (PID=645) to work on /home/airflow/.local/lib/python3.7/site-packages/airflow/example_dags/example_external_task_marker_dag.py
[2023-01-15T00:20:09.809+0000] {processor.py:756} INFO - Processing file /home/airflow/.local/lib/python3.7/site-packages/airflow/example_dags/example_external_task_marker_dag.py for tasks to queue
[2023-01-15T00:20:09.809+0000] {logging_mixin.py:120} INFO - [2023-01-15T00:20:09.809+0000] {dagbag.py:537} INFO - Filling up the DagBag from /home/airflow/.local/lib/python3.7/site-packages/airflow/example_dags/example_external_task_marker_dag.py
[2023-01-15T00:20:09.819+0000] {processor.py:766} INFO - DAG(s) dict_keys(['example_external_task_marker_parent', 'example_external_task_marker_child']) retrieved from /home/airflow/.local/lib/python3.7/site-packages/airflow/example_dags/example_external_task_marker_dag.py
[2023-01-15T00:20:09.971+0000] {logging_mixin.py:120} INFO - [2023-01-15T00:20:09.971+0000] {dag.py:2585} INFO - Sync 2 DAGs
[2023-01-15T00:20:09.989+0000] {logging_mixin.py:120} INFO - [2023-01-15T00:20:09.989+0000] {dag.py:3340} INFO - Setting next_dagrun for example_external_task_marker_child to None, run_after=None
[2023-01-15T00:20:09.991+0000] {logging_mixin.py:120} INFO - [2023-01-15T00:20:09.991+0000] {dag.py:3340} INFO - Setting next_dagrun for example_external_task_marker_parent to None, run_after=None
[2023-01-15T00:20:10.003+0000] {processor.py:176} INFO - Processing /home/airflow/.local/lib/python3.7/site-packages/airflow/example_dags/example_external_task_marker_dag.py took 0.199 seconds
[2023-01-15T00:20:40.053+0000] {processor.py:154} INFO - Started process (PID=710) to work on /home/airflow/.local/lib/python3.7/site-packages/airflow/example_dags/example_external_task_marker_dag.py
[2023-01-15T00:20:40.055+0000] {processor.py:756} INFO - Processing file /home/airflow/.local/lib/python3.7/site-packages/airflow/example_dags/example_external_task_marker_dag.py for tasks to queue
[2023-01-15T00:20:40.055+0000] {logging_mixin.py:120} INFO - [2023-01-15T00:20:40.055+0000] {dagbag.py:537} INFO - Filling up the DagBag from /home/airflow/.local/lib/python3.7/site-packages/airflow/example_dags/example_external_task_marker_dag.py
[2023-01-15T00:20:40.064+0000] {processor.py:766} INFO - DAG(s) dict_keys(['example_external_task_marker_child', 'example_external_task_marker_parent']) retrieved from /home/airflow/.local/lib/python3.7/site-packages/airflow/example_dags/example_external_task_marker_dag.py
[2023-01-15T00:20:40.199+0000] {logging_mixin.py:120} INFO - [2023-01-15T00:20:40.199+0000] {dag.py:2585} INFO - Sync 2 DAGs
[2023-01-15T00:20:40.216+0000] {logging_mixin.py:120} INFO - [2023-01-15T00:20:40.216+0000] {dag.py:3340} INFO - Setting next_dagrun for example_external_task_marker_child to None, run_after=None
[2023-01-15T00:20:40.218+0000] {logging_mixin.py:120} INFO - [2023-01-15T00:20:40.218+0000] {dag.py:3340} INFO - Setting next_dagrun for example_external_task_marker_parent to None, run_after=None
[2023-01-15T00:20:40.229+0000] {processor.py:176} INFO - Processing /home/airflow/.local/lib/python3.7/site-packages/airflow/example_dags/example_external_task_marker_dag.py took 0.179 seconds
[2023-01-15T00:21:11.095+0000] {processor.py:154} INFO - Started process (PID=775) to work on /home/airflow/.local/lib/python3.7/site-packages/airflow/example_dags/example_external_task_marker_dag.py
[2023-01-15T00:21:11.097+0000] {processor.py:756} INFO - Processing file /home/airflow/.local/lib/python3.7/site-packages/airflow/example_dags/example_external_task_marker_dag.py for tasks to queue
[2023-01-15T00:21:11.098+0000] {logging_mixin.py:120} INFO - [2023-01-15T00:21:11.098+0000] {dagbag.py:537} INFO - Filling up the DagBag from /home/airflow/.local/lib/python3.7/site-packages/airflow/example_dags/example_external_task_marker_dag.py
[2023-01-15T00:21:11.106+0000] {processor.py:766} INFO - DAG(s) dict_keys(['example_external_task_marker_parent', 'example_external_task_marker_child']) retrieved from /home/airflow/.local/lib/python3.7/site-packages/airflow/example_dags/example_external_task_marker_dag.py
[2023-01-15T00:21:11.262+0000] {logging_mixin.py:120} INFO - [2023-01-15T00:21:11.261+0000] {dag.py:2585} INFO - Sync 2 DAGs
[2023-01-15T00:21:11.279+0000] {logging_mixin.py:120} INFO - [2023-01-15T00:21:11.279+0000] {dag.py:3340} INFO - Setting next_dagrun for example_external_task_marker_child to None, run_after=None
[2023-01-15T00:21:11.282+0000] {logging_mixin.py:120} INFO - [2023-01-15T00:21:11.282+0000] {dag.py:3340} INFO - Setting next_dagrun for example_external_task_marker_parent to None, run_after=None
[2023-01-15T00:21:11.293+0000] {processor.py:176} INFO - Processing /home/airflow/.local/lib/python3.7/site-packages/airflow/example_dags/example_external_task_marker_dag.py took 0.200 seconds
[2023-01-15T00:21:41.598+0000] {processor.py:154} INFO - Started process (PID=840) to work on /home/airflow/.local/lib/python3.7/site-packages/airflow/example_dags/example_external_task_marker_dag.py
[2023-01-15T00:21:41.600+0000] {processor.py:756} INFO - Processing file /home/airflow/.local/lib/python3.7/site-packages/airflow/example_dags/example_external_task_marker_dag.py for tasks to queue
[2023-01-15T00:21:41.601+0000] {logging_mixin.py:120} INFO - [2023-01-15T00:21:41.601+0000] {dagbag.py:537} INFO - Filling up the DagBag from /home/airflow/.local/lib/python3.7/site-packages/airflow/example_dags/example_external_task_marker_dag.py
[2023-01-15T00:21:41.608+0000] {processor.py:766} INFO - DAG(s) dict_keys(['example_external_task_marker_parent', 'example_external_task_marker_child']) retrieved from /home/airflow/.local/lib/python3.7/site-packages/airflow/example_dags/example_external_task_marker_dag.py
[2023-01-15T00:21:41.756+0000] {logging_mixin.py:120} INFO - [2023-01-15T00:21:41.756+0000] {dag.py:2585} INFO - Sync 2 DAGs
[2023-01-15T00:21:41.773+0000] {logging_mixin.py:120} INFO - [2023-01-15T00:21:41.773+0000] {dag.py:3340} INFO - Setting next_dagrun for example_external_task_marker_child to None, run_after=None
[2023-01-15T00:21:41.775+0000] {logging_mixin.py:120} INFO - [2023-01-15T00:21:41.775+0000] {dag.py:3340} INFO - Setting next_dagrun for example_external_task_marker_parent to None, run_after=None
[2023-01-15T00:21:41.787+0000] {processor.py:176} INFO - Processing /home/airflow/.local/lib/python3.7/site-packages/airflow/example_dags/example_external_task_marker_dag.py took 0.195 seconds
[2023-01-15T00:22:11.993+0000] {processor.py:154} INFO - Started process (PID=898) to work on /home/airflow/.local/lib/python3.7/site-packages/airflow/example_dags/example_external_task_marker_dag.py
[2023-01-15T00:22:11.995+0000] {processor.py:756} INFO - Processing file /home/airflow/.local/lib/python3.7/site-packages/airflow/example_dags/example_external_task_marker_dag.py for tasks to queue
[2023-01-15T00:22:11.996+0000] {logging_mixin.py:120} INFO - [2023-01-15T00:22:11.996+0000] {dagbag.py:537} INFO - Filling up the DagBag from /home/airflow/.local/lib/python3.7/site-packages/airflow/example_dags/example_external_task_marker_dag.py
[2023-01-15T00:22:12.004+0000] {processor.py:766} INFO - DAG(s) dict_keys(['example_external_task_marker_child', 'example_external_task_marker_parent']) retrieved from /home/airflow/.local/lib/python3.7/site-packages/airflow/example_dags/example_external_task_marker_dag.py
[2023-01-15T00:22:12.143+0000] {logging_mixin.py:120} INFO - [2023-01-15T00:22:12.143+0000] {dag.py:2585} INFO - Sync 2 DAGs
[2023-01-15T00:22:12.162+0000] {logging_mixin.py:120} INFO - [2023-01-15T00:22:12.162+0000] {dag.py:3340} INFO - Setting next_dagrun for example_external_task_marker_child to None, run_after=None
[2023-01-15T00:22:12.164+0000] {logging_mixin.py:120} INFO - [2023-01-15T00:22:12.164+0000] {dag.py:3340} INFO - Setting next_dagrun for example_external_task_marker_parent to None, run_after=None
[2023-01-15T00:22:12.174+0000] {processor.py:176} INFO - Processing /home/airflow/.local/lib/python3.7/site-packages/airflow/example_dags/example_external_task_marker_dag.py took 0.183 seconds
[2023-01-15T00:22:42.201+0000] {processor.py:154} INFO - Started process (PID=963) to work on /home/airflow/.local/lib/python3.7/site-packages/airflow/example_dags/example_external_task_marker_dag.py
[2023-01-15T00:22:42.201+0000] {processor.py:756} INFO - Processing file /home/airflow/.local/lib/python3.7/site-packages/airflow/example_dags/example_external_task_marker_dag.py for tasks to queue
[2023-01-15T00:22:42.202+0000] {logging_mixin.py:120} INFO - [2023-01-15T00:22:42.202+0000] {dagbag.py:537} INFO - Filling up the DagBag from /home/airflow/.local/lib/python3.7/site-packages/airflow/example_dags/example_external_task_marker_dag.py
[2023-01-15T00:22:42.213+0000] {processor.py:766} INFO - DAG(s) dict_keys(['example_external_task_marker_parent', 'example_external_task_marker_child']) retrieved from /home/airflow/.local/lib/python3.7/site-packages/airflow/example_dags/example_external_task_marker_dag.py
[2023-01-15T00:22:42.364+0000] {logging_mixin.py:120} INFO - [2023-01-15T00:22:42.364+0000] {dag.py:2585} INFO - Sync 2 DAGs
[2023-01-15T00:22:42.381+0000] {logging_mixin.py:120} INFO - [2023-01-15T00:22:42.381+0000] {dag.py:3340} INFO - Setting next_dagrun for example_external_task_marker_child to None, run_after=None
[2023-01-15T00:22:42.383+0000] {logging_mixin.py:120} INFO - [2023-01-15T00:22:42.383+0000] {dag.py:3340} INFO - Setting next_dagrun for example_external_task_marker_parent to None, run_after=None
[2023-01-15T00:22:42.396+0000] {processor.py:176} INFO - Processing /home/airflow/.local/lib/python3.7/site-packages/airflow/example_dags/example_external_task_marker_dag.py took 0.197 seconds
[2023-01-15T00:23:13.306+0000] {processor.py:154} INFO - Started process (PID=1028) to work on /home/airflow/.local/lib/python3.7/site-packages/airflow/example_dags/example_external_task_marker_dag.py
[2023-01-15T00:23:13.307+0000] {processor.py:756} INFO - Processing file /home/airflow/.local/lib/python3.7/site-packages/airflow/example_dags/example_external_task_marker_dag.py for tasks to queue
[2023-01-15T00:23:13.307+0000] {logging_mixin.py:120} INFO - [2023-01-15T00:23:13.307+0000] {dagbag.py:537} INFO - Filling up the DagBag from /home/airflow/.local/lib/python3.7/site-packages/airflow/example_dags/example_external_task_marker_dag.py
[2023-01-15T00:23:13.316+0000] {processor.py:766} INFO - DAG(s) dict_keys(['example_external_task_marker_parent', 'example_external_task_marker_child']) retrieved from /home/airflow/.local/lib/python3.7/site-packages/airflow/example_dags/example_external_task_marker_dag.py
[2023-01-15T00:23:13.501+0000] {logging_mixin.py:120} INFO - [2023-01-15T00:23:13.501+0000] {dag.py:2585} INFO - Sync 2 DAGs
[2023-01-15T00:23:13.520+0000] {logging_mixin.py:120} INFO - [2023-01-15T00:23:13.520+0000] {dag.py:3340} INFO - Setting next_dagrun for example_external_task_marker_child to None, run_after=None
[2023-01-15T00:23:13.523+0000] {logging_mixin.py:120} INFO - [2023-01-15T00:23:13.523+0000] {dag.py:3340} INFO - Setting next_dagrun for example_external_task_marker_parent to None, run_after=None
[2023-01-15T00:23:13.536+0000] {processor.py:176} INFO - Processing /home/airflow/.local/lib/python3.7/site-packages/airflow/example_dags/example_external_task_marker_dag.py took 0.231 seconds
[2023-01-15T00:23:43.736+0000] {processor.py:154} INFO - Started process (PID=1093) to work on /home/airflow/.local/lib/python3.7/site-packages/airflow/example_dags/example_external_task_marker_dag.py
[2023-01-15T00:23:43.737+0000] {processor.py:756} INFO - Processing file /home/airflow/.local/lib/python3.7/site-packages/airflow/example_dags/example_external_task_marker_dag.py for tasks to queue
[2023-01-15T00:23:43.737+0000] {logging_mixin.py:120} INFO - [2023-01-15T00:23:43.737+0000] {dagbag.py:537} INFO - Filling up the DagBag from /home/airflow/.local/lib/python3.7/site-packages/airflow/example_dags/example_external_task_marker_dag.py
[2023-01-15T00:23:43.748+0000] {processor.py:766} INFO - DAG(s) dict_keys(['example_external_task_marker_child', 'example_external_task_marker_parent']) retrieved from /home/airflow/.local/lib/python3.7/site-packages/airflow/example_dags/example_external_task_marker_dag.py
[2023-01-15T00:23:43.899+0000] {logging_mixin.py:120} INFO - [2023-01-15T00:23:43.899+0000] {dag.py:2585} INFO - Sync 2 DAGs
[2023-01-15T00:23:43.916+0000] {logging_mixin.py:120} INFO - [2023-01-15T00:23:43.916+0000] {dag.py:3340} INFO - Setting next_dagrun for example_external_task_marker_child to None, run_after=None
[2023-01-15T00:23:43.918+0000] {logging_mixin.py:120} INFO - [2023-01-15T00:23:43.918+0000] {dag.py:3340} INFO - Setting next_dagrun for example_external_task_marker_parent to None, run_after=None
[2023-01-15T00:23:43.931+0000] {processor.py:176} INFO - Processing /home/airflow/.local/lib/python3.7/site-packages/airflow/example_dags/example_external_task_marker_dag.py took 0.196 seconds
[2023-01-15T00:24:13.994+0000] {processor.py:154} INFO - Started process (PID=1151) to work on /home/airflow/.local/lib/python3.7/site-packages/airflow/example_dags/example_external_task_marker_dag.py
[2023-01-15T00:24:13.996+0000] {processor.py:756} INFO - Processing file /home/airflow/.local/lib/python3.7/site-packages/airflow/example_dags/example_external_task_marker_dag.py for tasks to queue
[2023-01-15T00:24:13.996+0000] {logging_mixin.py:120} INFO - [2023-01-15T00:24:13.996+0000] {dagbag.py:537} INFO - Filling up the DagBag from /home/airflow/.local/lib/python3.7/site-packages/airflow/example_dags/example_external_task_marker_dag.py
[2023-01-15T00:24:14.004+0000] {processor.py:766} INFO - DAG(s) dict_keys(['example_external_task_marker_child', 'example_external_task_marker_parent']) retrieved from /home/airflow/.local/lib/python3.7/site-packages/airflow/example_dags/example_external_task_marker_dag.py
[2023-01-15T00:24:14.165+0000] {logging_mixin.py:120} INFO - [2023-01-15T00:24:14.165+0000] {dag.py:2585} INFO - Sync 2 DAGs
[2023-01-15T00:24:14.182+0000] {logging_mixin.py:120} INFO - [2023-01-15T00:24:14.182+0000] {dag.py:3340} INFO - Setting next_dagrun for example_external_task_marker_child to None, run_after=None
[2023-01-15T00:24:14.184+0000] {logging_mixin.py:120} INFO - [2023-01-15T00:24:14.184+0000] {dag.py:3340} INFO - Setting next_dagrun for example_external_task_marker_parent to None, run_after=None
[2023-01-15T00:24:14.194+0000] {processor.py:176} INFO - Processing /home/airflow/.local/lib/python3.7/site-packages/airflow/example_dags/example_external_task_marker_dag.py took 0.202 seconds
[2023-01-15T00:24:44.224+0000] {processor.py:154} INFO - Started process (PID=1218) to work on /home/airflow/.local/lib/python3.7/site-packages/airflow/example_dags/example_external_task_marker_dag.py
[2023-01-15T00:24:44.225+0000] {processor.py:756} INFO - Processing file /home/airflow/.local/lib/python3.7/site-packages/airflow/example_dags/example_external_task_marker_dag.py for tasks to queue
[2023-01-15T00:24:44.225+0000] {logging_mixin.py:120} INFO - [2023-01-15T00:24:44.225+0000] {dagbag.py:537} INFO - Filling up the DagBag from /home/airflow/.local/lib/python3.7/site-packages/airflow/example_dags/example_external_task_marker_dag.py
[2023-01-15T00:24:44.234+0000] {processor.py:766} INFO - DAG(s) dict_keys(['example_external_task_marker_parent', 'example_external_task_marker_child']) retrieved from /home/airflow/.local/lib/python3.7/site-packages/airflow/example_dags/example_external_task_marker_dag.py
[2023-01-15T00:24:44.380+0000] {logging_mixin.py:120} INFO - [2023-01-15T00:24:44.380+0000] {dag.py:2585} INFO - Sync 2 DAGs
[2023-01-15T00:24:44.396+0000] {logging_mixin.py:120} INFO - [2023-01-15T00:24:44.396+0000] {dag.py:3340} INFO - Setting next_dagrun for example_external_task_marker_child to None, run_after=None
[2023-01-15T00:24:44.398+0000] {logging_mixin.py:120} INFO - [2023-01-15T00:24:44.398+0000] {dag.py:3340} INFO - Setting next_dagrun for example_external_task_marker_parent to None, run_after=None
[2023-01-15T00:24:44.411+0000] {processor.py:176} INFO - Processing /home/airflow/.local/lib/python3.7/site-packages/airflow/example_dags/example_external_task_marker_dag.py took 0.188 seconds
[2023-01-15T00:25:15.229+0000] {processor.py:154} INFO - Started process (PID=1283) to work on /home/airflow/.local/lib/python3.7/site-packages/airflow/example_dags/example_external_task_marker_dag.py
[2023-01-15T00:25:15.230+0000] {processor.py:756} INFO - Processing file /home/airflow/.local/lib/python3.7/site-packages/airflow/example_dags/example_external_task_marker_dag.py for tasks to queue
[2023-01-15T00:25:15.230+0000] {logging_mixin.py:120} INFO - [2023-01-15T00:25:15.230+0000] {dagbag.py:537} INFO - Filling up the DagBag from /home/airflow/.local/lib/python3.7/site-packages/airflow/example_dags/example_external_task_marker_dag.py
[2023-01-15T00:25:15.239+0000] {processor.py:766} INFO - DAG(s) dict_keys(['example_external_task_marker_parent', 'example_external_task_marker_child']) retrieved from /home/airflow/.local/lib/python3.7/site-packages/airflow/example_dags/example_external_task_marker_dag.py
[2023-01-15T00:25:15.399+0000] {logging_mixin.py:120} INFO - [2023-01-15T00:25:15.399+0000] {dag.py:2585} INFO - Sync 2 DAGs
[2023-01-15T00:25:15.415+0000] {logging_mixin.py:120} INFO - [2023-01-15T00:25:15.414+0000] {dag.py:3340} INFO - Setting next_dagrun for example_external_task_marker_child to None, run_after=None
[2023-01-15T00:25:15.417+0000] {logging_mixin.py:120} INFO - [2023-01-15T00:25:15.417+0000] {dag.py:3340} INFO - Setting next_dagrun for example_external_task_marker_parent to None, run_after=None
[2023-01-15T00:25:15.426+0000] {processor.py:176} INFO - Processing /home/airflow/.local/lib/python3.7/site-packages/airflow/example_dags/example_external_task_marker_dag.py took 0.198 seconds
[2023-01-15T00:25:46.112+0000] {processor.py:154} INFO - Started process (PID=1341) to work on /home/airflow/.local/lib/python3.7/site-packages/airflow/example_dags/example_external_task_marker_dag.py
[2023-01-15T00:25:46.112+0000] {processor.py:756} INFO - Processing file /home/airflow/.local/lib/python3.7/site-packages/airflow/example_dags/example_external_task_marker_dag.py for tasks to queue
[2023-01-15T00:25:46.112+0000] {logging_mixin.py:120} INFO - [2023-01-15T00:25:46.112+0000] {dagbag.py:537} INFO - Filling up the DagBag from /home/airflow/.local/lib/python3.7/site-packages/airflow/example_dags/example_external_task_marker_dag.py
[2023-01-15T00:25:46.121+0000] {processor.py:766} INFO - DAG(s) dict_keys(['example_external_task_marker_child', 'example_external_task_marker_parent']) retrieved from /home/airflow/.local/lib/python3.7/site-packages/airflow/example_dags/example_external_task_marker_dag.py
[2023-01-15T00:25:46.258+0000] {logging_mixin.py:120} INFO - [2023-01-15T00:25:46.258+0000] {dag.py:2585} INFO - Sync 2 DAGs
[2023-01-15T00:25:46.275+0000] {logging_mixin.py:120} INFO - [2023-01-15T00:25:46.275+0000] {dag.py:3340} INFO - Setting next_dagrun for example_external_task_marker_child to None, run_after=None
[2023-01-15T00:25:46.277+0000] {logging_mixin.py:120} INFO - [2023-01-15T00:25:46.277+0000] {dag.py:3340} INFO - Setting next_dagrun for example_external_task_marker_parent to None, run_after=None
[2023-01-15T00:25:46.288+0000] {processor.py:176} INFO - Processing /home/airflow/.local/lib/python3.7/site-packages/airflow/example_dags/example_external_task_marker_dag.py took 0.178 seconds
[2023-01-15T00:26:16.412+0000] {processor.py:154} INFO - Started process (PID=1406) to work on /home/airflow/.local/lib/python3.7/site-packages/airflow/example_dags/example_external_task_marker_dag.py
[2023-01-15T00:26:16.413+0000] {processor.py:756} INFO - Processing file /home/airflow/.local/lib/python3.7/site-packages/airflow/example_dags/example_external_task_marker_dag.py for tasks to queue
[2023-01-15T00:26:16.413+0000] {logging_mixin.py:120} INFO - [2023-01-15T00:26:16.413+0000] {dagbag.py:537} INFO - Filling up the DagBag from /home/airflow/.local/lib/python3.7/site-packages/airflow/example_dags/example_external_task_marker_dag.py
[2023-01-15T00:26:16.421+0000] {processor.py:766} INFO - DAG(s) dict_keys(['example_external_task_marker_parent', 'example_external_task_marker_child']) retrieved from /home/airflow/.local/lib/python3.7/site-packages/airflow/example_dags/example_external_task_marker_dag.py
[2023-01-15T00:26:16.555+0000] {logging_mixin.py:120} INFO - [2023-01-15T00:26:16.555+0000] {dag.py:2585} INFO - Sync 2 DAGs
[2023-01-15T00:26:16.571+0000] {logging_mixin.py:120} INFO - [2023-01-15T00:26:16.571+0000] {dag.py:3340} INFO - Setting next_dagrun for example_external_task_marker_child to None, run_after=None
[2023-01-15T00:26:16.574+0000] {logging_mixin.py:120} INFO - [2023-01-15T00:26:16.574+0000] {dag.py:3340} INFO - Setting next_dagrun for example_external_task_marker_parent to None, run_after=None
[2023-01-15T00:26:16.585+0000] {processor.py:176} INFO - Processing /home/airflow/.local/lib/python3.7/site-packages/airflow/example_dags/example_external_task_marker_dag.py took 0.175 seconds
[2023-01-15T00:26:47.682+0000] {processor.py:154} INFO - Started process (PID=1471) to work on /home/airflow/.local/lib/python3.7/site-packages/airflow/example_dags/example_external_task_marker_dag.py
[2023-01-15T00:26:47.683+0000] {processor.py:756} INFO - Processing file /home/airflow/.local/lib/python3.7/site-packages/airflow/example_dags/example_external_task_marker_dag.py for tasks to queue
[2023-01-15T00:26:47.683+0000] {logging_mixin.py:120} INFO - [2023-01-15T00:26:47.683+0000] {dagbag.py:537} INFO - Filling up the DagBag from /home/airflow/.local/lib/python3.7/site-packages/airflow/example_dags/example_external_task_marker_dag.py
[2023-01-15T00:26:47.691+0000] {processor.py:766} INFO - DAG(s) dict_keys(['example_external_task_marker_parent', 'example_external_task_marker_child']) retrieved from /home/airflow/.local/lib/python3.7/site-packages/airflow/example_dags/example_external_task_marker_dag.py
[2023-01-15T00:26:47.829+0000] {logging_mixin.py:120} INFO - [2023-01-15T00:26:47.829+0000] {dag.py:2585} INFO - Sync 2 DAGs
[2023-01-15T00:26:47.854+0000] {logging_mixin.py:120} INFO - [2023-01-15T00:26:47.854+0000] {dag.py:3340} INFO - Setting next_dagrun for example_external_task_marker_child to None, run_after=None
[2023-01-15T00:26:47.858+0000] {logging_mixin.py:120} INFO - [2023-01-15T00:26:47.858+0000] {dag.py:3340} INFO - Setting next_dagrun for example_external_task_marker_parent to None, run_after=None
[2023-01-15T00:26:47.873+0000] {processor.py:176} INFO - Processing /home/airflow/.local/lib/python3.7/site-packages/airflow/example_dags/example_external_task_marker_dag.py took 0.192 seconds
[2023-01-15T00:27:18.039+0000] {processor.py:154} INFO - Started process (PID=1527) to work on /home/airflow/.local/lib/python3.7/site-packages/airflow/example_dags/example_external_task_marker_dag.py
[2023-01-15T00:27:18.040+0000] {processor.py:756} INFO - Processing file /home/airflow/.local/lib/python3.7/site-packages/airflow/example_dags/example_external_task_marker_dag.py for tasks to queue
[2023-01-15T00:27:18.040+0000] {logging_mixin.py:120} INFO - [2023-01-15T00:27:18.040+0000] {dagbag.py:537} INFO - Filling up the DagBag from /home/airflow/.local/lib/python3.7/site-packages/airflow/example_dags/example_external_task_marker_dag.py
[2023-01-15T00:27:18.048+0000] {processor.py:766} INFO - DAG(s) dict_keys(['example_external_task_marker_parent', 'example_external_task_marker_child']) retrieved from /home/airflow/.local/lib/python3.7/site-packages/airflow/example_dags/example_external_task_marker_dag.py
[2023-01-15T00:27:18.180+0000] {logging_mixin.py:120} INFO - [2023-01-15T00:27:18.180+0000] {dag.py:2585} INFO - Sync 2 DAGs
[2023-01-15T00:27:18.197+0000] {logging_mixin.py:120} INFO - [2023-01-15T00:27:18.196+0000] {dag.py:3340} INFO - Setting next_dagrun for example_external_task_marker_child to None, run_after=None
[2023-01-15T00:27:18.199+0000] {logging_mixin.py:120} INFO - [2023-01-15T00:27:18.199+0000] {dag.py:3340} INFO - Setting next_dagrun for example_external_task_marker_parent to None, run_after=None
[2023-01-15T00:27:18.209+0000] {processor.py:176} INFO - Processing /home/airflow/.local/lib/python3.7/site-packages/airflow/example_dags/example_external_task_marker_dag.py took 0.172 seconds
[2023-01-15T00:27:48.447+0000] {processor.py:154} INFO - Started process (PID=1591) to work on /home/airflow/.local/lib/python3.7/site-packages/airflow/example_dags/example_external_task_marker_dag.py
[2023-01-15T00:27:48.447+0000] {processor.py:756} INFO - Processing file /home/airflow/.local/lib/python3.7/site-packages/airflow/example_dags/example_external_task_marker_dag.py for tasks to queue
[2023-01-15T00:27:48.448+0000] {logging_mixin.py:120} INFO - [2023-01-15T00:27:48.448+0000] {dagbag.py:537} INFO - Filling up the DagBag from /home/airflow/.local/lib/python3.7/site-packages/airflow/example_dags/example_external_task_marker_dag.py
[2023-01-15T00:27:48.456+0000] {processor.py:766} INFO - DAG(s) dict_keys(['example_external_task_marker_child', 'example_external_task_marker_parent']) retrieved from /home/airflow/.local/lib/python3.7/site-packages/airflow/example_dags/example_external_task_marker_dag.py
[2023-01-15T00:27:48.593+0000] {logging_mixin.py:120} INFO - [2023-01-15T00:27:48.593+0000] {dag.py:2585} INFO - Sync 2 DAGs
[2023-01-15T00:27:48.610+0000] {logging_mixin.py:120} INFO - [2023-01-15T00:27:48.610+0000] {dag.py:3340} INFO - Setting next_dagrun for example_external_task_marker_child to None, run_after=None
[2023-01-15T00:27:48.612+0000] {logging_mixin.py:120} INFO - [2023-01-15T00:27:48.612+0000] {dag.py:3340} INFO - Setting next_dagrun for example_external_task_marker_parent to None, run_after=None
[2023-01-15T00:27:48.623+0000] {processor.py:176} INFO - Processing /home/airflow/.local/lib/python3.7/site-packages/airflow/example_dags/example_external_task_marker_dag.py took 0.178 seconds
[2023-01-15T00:28:19.313+0000] {processor.py:154} INFO - Started process (PID=1656) to work on /home/airflow/.local/lib/python3.7/site-packages/airflow/example_dags/example_external_task_marker_dag.py
[2023-01-15T00:28:19.314+0000] {processor.py:756} INFO - Processing file /home/airflow/.local/lib/python3.7/site-packages/airflow/example_dags/example_external_task_marker_dag.py for tasks to queue
[2023-01-15T00:28:19.315+0000] {logging_mixin.py:120} INFO - [2023-01-15T00:28:19.315+0000] {dagbag.py:537} INFO - Filling up the DagBag from /home/airflow/.local/lib/python3.7/site-packages/airflow/example_dags/example_external_task_marker_dag.py
[2023-01-15T00:28:19.323+0000] {processor.py:766} INFO - DAG(s) dict_keys(['example_external_task_marker_parent', 'example_external_task_marker_child']) retrieved from /home/airflow/.local/lib/python3.7/site-packages/airflow/example_dags/example_external_task_marker_dag.py
[2023-01-15T00:28:19.452+0000] {logging_mixin.py:120} INFO - [2023-01-15T00:28:19.452+0000] {dag.py:2585} INFO - Sync 2 DAGs
[2023-01-15T00:28:19.468+0000] {logging_mixin.py:120} INFO - [2023-01-15T00:28:19.468+0000] {dag.py:3340} INFO - Setting next_dagrun for example_external_task_marker_child to None, run_after=None
[2023-01-15T00:28:19.470+0000] {logging_mixin.py:120} INFO - [2023-01-15T00:28:19.470+0000] {dag.py:3340} INFO - Setting next_dagrun for example_external_task_marker_parent to None, run_after=None
[2023-01-15T00:28:19.480+0000] {processor.py:176} INFO - Processing /home/airflow/.local/lib/python3.7/site-packages/airflow/example_dags/example_external_task_marker_dag.py took 0.169 seconds
[2023-01-15T00:28:50.395+0000] {processor.py:154} INFO - Started process (PID=1720) to work on /home/airflow/.local/lib/python3.7/site-packages/airflow/example_dags/example_external_task_marker_dag.py
[2023-01-15T00:28:50.395+0000] {processor.py:756} INFO - Processing file /home/airflow/.local/lib/python3.7/site-packages/airflow/example_dags/example_external_task_marker_dag.py for tasks to queue
[2023-01-15T00:28:50.396+0000] {logging_mixin.py:120} INFO - [2023-01-15T00:28:50.396+0000] {dagbag.py:537} INFO - Filling up the DagBag from /home/airflow/.local/lib/python3.7/site-packages/airflow/example_dags/example_external_task_marker_dag.py
[2023-01-15T00:28:50.408+0000] {processor.py:766} INFO - DAG(s) dict_keys(['example_external_task_marker_child', 'example_external_task_marker_parent']) retrieved from /home/airflow/.local/lib/python3.7/site-packages/airflow/example_dags/example_external_task_marker_dag.py
[2023-01-15T00:28:50.539+0000] {logging_mixin.py:120} INFO - [2023-01-15T00:28:50.538+0000] {dag.py:2585} INFO - Sync 2 DAGs
[2023-01-15T00:28:50.554+0000] {logging_mixin.py:120} INFO - [2023-01-15T00:28:50.554+0000] {dag.py:3340} INFO - Setting next_dagrun for example_external_task_marker_child to None, run_after=None
[2023-01-15T00:28:50.556+0000] {logging_mixin.py:120} INFO - [2023-01-15T00:28:50.556+0000] {dag.py:3340} INFO - Setting next_dagrun for example_external_task_marker_parent to None, run_after=None
[2023-01-15T00:28:50.569+0000] {processor.py:176} INFO - Processing /home/airflow/.local/lib/python3.7/site-packages/airflow/example_dags/example_external_task_marker_dag.py took 0.176 seconds
[2023-01-15T00:29:21.454+0000] {processor.py:154} INFO - Started process (PID=1786) to work on /home/airflow/.local/lib/python3.7/site-packages/airflow/example_dags/example_external_task_marker_dag.py
[2023-01-15T00:29:21.455+0000] {processor.py:756} INFO - Processing file /home/airflow/.local/lib/python3.7/site-packages/airflow/example_dags/example_external_task_marker_dag.py for tasks to queue
[2023-01-15T00:29:21.456+0000] {logging_mixin.py:120} INFO - [2023-01-15T00:29:21.455+0000] {dagbag.py:537} INFO - Filling up the DagBag from /home/airflow/.local/lib/python3.7/site-packages/airflow/example_dags/example_external_task_marker_dag.py
[2023-01-15T00:29:21.468+0000] {processor.py:766} INFO - DAG(s) dict_keys(['example_external_task_marker_child', 'example_external_task_marker_parent']) retrieved from /home/airflow/.local/lib/python3.7/site-packages/airflow/example_dags/example_external_task_marker_dag.py
[2023-01-15T00:29:21.602+0000] {logging_mixin.py:120} INFO - [2023-01-15T00:29:21.602+0000] {dag.py:2585} INFO - Sync 2 DAGs
[2023-01-15T00:29:21.619+0000] {logging_mixin.py:120} INFO - [2023-01-15T00:29:21.619+0000] {dag.py:3340} INFO - Setting next_dagrun for example_external_task_marker_child to None, run_after=None
[2023-01-15T00:29:21.622+0000] {logging_mixin.py:120} INFO - [2023-01-15T00:29:21.622+0000] {dag.py:3340} INFO - Setting next_dagrun for example_external_task_marker_parent to None, run_after=None
[2023-01-15T00:29:21.634+0000] {processor.py:176} INFO - Processing /home/airflow/.local/lib/python3.7/site-packages/airflow/example_dags/example_external_task_marker_dag.py took 0.183 seconds
[2023-01-15T00:29:51.787+0000] {processor.py:154} INFO - Started process (PID=1841) to work on /home/airflow/.local/lib/python3.7/site-packages/airflow/example_dags/example_external_task_marker_dag.py
[2023-01-15T00:29:51.790+0000] {processor.py:756} INFO - Processing file /home/airflow/.local/lib/python3.7/site-packages/airflow/example_dags/example_external_task_marker_dag.py for tasks to queue
[2023-01-15T00:29:51.791+0000] {logging_mixin.py:120} INFO - [2023-01-15T00:29:51.791+0000] {dagbag.py:537} INFO - Filling up the DagBag from /home/airflow/.local/lib/python3.7/site-packages/airflow/example_dags/example_external_task_marker_dag.py
[2023-01-15T00:29:51.804+0000] {processor.py:766} INFO - DAG(s) dict_keys(['example_external_task_marker_parent', 'example_external_task_marker_child']) retrieved from /home/airflow/.local/lib/python3.7/site-packages/airflow/example_dags/example_external_task_marker_dag.py
[2023-01-15T00:29:51.941+0000] {logging_mixin.py:120} INFO - [2023-01-15T00:29:51.941+0000] {dag.py:2585} INFO - Sync 2 DAGs
[2023-01-15T00:29:51.957+0000] {logging_mixin.py:120} INFO - [2023-01-15T00:29:51.956+0000] {dag.py:3340} INFO - Setting next_dagrun for example_external_task_marker_child to None, run_after=None
[2023-01-15T00:29:51.959+0000] {logging_mixin.py:120} INFO - [2023-01-15T00:29:51.959+0000] {dag.py:3340} INFO - Setting next_dagrun for example_external_task_marker_parent to None, run_after=None
[2023-01-15T00:29:51.970+0000] {processor.py:176} INFO - Processing /home/airflow/.local/lib/python3.7/site-packages/airflow/example_dags/example_external_task_marker_dag.py took 0.188 seconds
[2023-01-15T00:30:22.752+0000] {processor.py:154} INFO - Started process (PID=1907) to work on /home/airflow/.local/lib/python3.7/site-packages/airflow/example_dags/example_external_task_marker_dag.py
[2023-01-15T00:30:22.752+0000] {processor.py:756} INFO - Processing file /home/airflow/.local/lib/python3.7/site-packages/airflow/example_dags/example_external_task_marker_dag.py for tasks to queue
[2023-01-15T00:30:22.752+0000] {logging_mixin.py:120} INFO - [2023-01-15T00:30:22.752+0000] {dagbag.py:537} INFO - Filling up the DagBag from /home/airflow/.local/lib/python3.7/site-packages/airflow/example_dags/example_external_task_marker_dag.py
[2023-01-15T00:30:22.760+0000] {processor.py:766} INFO - DAG(s) dict_keys(['example_external_task_marker_parent', 'example_external_task_marker_child']) retrieved from /home/airflow/.local/lib/python3.7/site-packages/airflow/example_dags/example_external_task_marker_dag.py
[2023-01-15T00:30:22.895+0000] {logging_mixin.py:120} INFO - [2023-01-15T00:30:22.895+0000] {dag.py:2585} INFO - Sync 2 DAGs
[2023-01-15T00:30:22.911+0000] {logging_mixin.py:120} INFO - [2023-01-15T00:30:22.911+0000] {dag.py:3340} INFO - Setting next_dagrun for example_external_task_marker_child to None, run_after=None
[2023-01-15T00:30:22.913+0000] {logging_mixin.py:120} INFO - [2023-01-15T00:30:22.913+0000] {dag.py:3340} INFO - Setting next_dagrun for example_external_task_marker_parent to None, run_after=None
[2023-01-15T00:30:22.926+0000] {processor.py:176} INFO - Processing /home/airflow/.local/lib/python3.7/site-packages/airflow/example_dags/example_external_task_marker_dag.py took 0.176 seconds
[2023-01-15T00:30:53.783+0000] {processor.py:154} INFO - Started process (PID=1972) to work on /home/airflow/.local/lib/python3.7/site-packages/airflow/example_dags/example_external_task_marker_dag.py
[2023-01-15T00:30:53.783+0000] {processor.py:756} INFO - Processing file /home/airflow/.local/lib/python3.7/site-packages/airflow/example_dags/example_external_task_marker_dag.py for tasks to queue
[2023-01-15T00:30:53.784+0000] {logging_mixin.py:120} INFO - [2023-01-15T00:30:53.784+0000] {dagbag.py:537} INFO - Filling up the DagBag from /home/airflow/.local/lib/python3.7/site-packages/airflow/example_dags/example_external_task_marker_dag.py
[2023-01-15T00:30:53.792+0000] {processor.py:766} INFO - DAG(s) dict_keys(['example_external_task_marker_parent', 'example_external_task_marker_child']) retrieved from /home/airflow/.local/lib/python3.7/site-packages/airflow/example_dags/example_external_task_marker_dag.py
[2023-01-15T00:30:53.964+0000] {logging_mixin.py:120} INFO - [2023-01-15T00:30:53.964+0000] {dag.py:2585} INFO - Sync 2 DAGs
[2023-01-15T00:30:53.981+0000] {logging_mixin.py:120} INFO - [2023-01-15T00:30:53.981+0000] {dag.py:3340} INFO - Setting next_dagrun for example_external_task_marker_child to None, run_after=None
[2023-01-15T00:30:53.983+0000] {logging_mixin.py:120} INFO - [2023-01-15T00:30:53.983+0000] {dag.py:3340} INFO - Setting next_dagrun for example_external_task_marker_parent to None, run_after=None
[2023-01-15T00:30:53.997+0000] {processor.py:176} INFO - Processing /home/airflow/.local/lib/python3.7/site-packages/airflow/example_dags/example_external_task_marker_dag.py took 0.216 seconds
[2023-01-15T00:31:24.782+0000] {processor.py:154} INFO - Started process (PID=2036) to work on /home/airflow/.local/lib/python3.7/site-packages/airflow/example_dags/example_external_task_marker_dag.py
[2023-01-15T00:31:24.783+0000] {processor.py:756} INFO - Processing file /home/airflow/.local/lib/python3.7/site-packages/airflow/example_dags/example_external_task_marker_dag.py for tasks to queue
[2023-01-15T00:31:24.784+0000] {logging_mixin.py:120} INFO - [2023-01-15T00:31:24.783+0000] {dagbag.py:537} INFO - Filling up the DagBag from /home/airflow/.local/lib/python3.7/site-packages/airflow/example_dags/example_external_task_marker_dag.py
[2023-01-15T00:31:24.796+0000] {processor.py:766} INFO - DAG(s) dict_keys(['example_external_task_marker_parent', 'example_external_task_marker_child']) retrieved from /home/airflow/.local/lib/python3.7/site-packages/airflow/example_dags/example_external_task_marker_dag.py
[2023-01-15T00:31:24.923+0000] {logging_mixin.py:120} INFO - [2023-01-15T00:31:24.923+0000] {dag.py:2585} INFO - Sync 2 DAGs
[2023-01-15T00:31:24.939+0000] {logging_mixin.py:120} INFO - [2023-01-15T00:31:24.939+0000] {dag.py:3340} INFO - Setting next_dagrun for example_external_task_marker_child to None, run_after=None
[2023-01-15T00:31:24.941+0000] {logging_mixin.py:120} INFO - [2023-01-15T00:31:24.941+0000] {dag.py:3340} INFO - Setting next_dagrun for example_external_task_marker_parent to None, run_after=None
[2023-01-15T00:31:24.954+0000] {processor.py:176} INFO - Processing /home/airflow/.local/lib/python3.7/site-packages/airflow/example_dags/example_external_task_marker_dag.py took 0.176 seconds
[2023-01-15T00:31:55.914+0000] {processor.py:154} INFO - Started process (PID=2101) to work on /home/airflow/.local/lib/python3.7/site-packages/airflow/example_dags/example_external_task_marker_dag.py
[2023-01-15T00:31:55.915+0000] {processor.py:756} INFO - Processing file /home/airflow/.local/lib/python3.7/site-packages/airflow/example_dags/example_external_task_marker_dag.py for tasks to queue
[2023-01-15T00:31:55.915+0000] {logging_mixin.py:120} INFO - [2023-01-15T00:31:55.915+0000] {dagbag.py:537} INFO - Filling up the DagBag from /home/airflow/.local/lib/python3.7/site-packages/airflow/example_dags/example_external_task_marker_dag.py
[2023-01-15T00:31:55.923+0000] {processor.py:766} INFO - DAG(s) dict_keys(['example_external_task_marker_parent', 'example_external_task_marker_child']) retrieved from /home/airflow/.local/lib/python3.7/site-packages/airflow/example_dags/example_external_task_marker_dag.py
[2023-01-15T00:31:56.060+0000] {logging_mixin.py:120} INFO - [2023-01-15T00:31:56.060+0000] {dag.py:2585} INFO - Sync 2 DAGs
[2023-01-15T00:31:56.078+0000] {logging_mixin.py:120} INFO - [2023-01-15T00:31:56.078+0000] {dag.py:3340} INFO - Setting next_dagrun for example_external_task_marker_child to None, run_after=None
[2023-01-15T00:31:56.080+0000] {logging_mixin.py:120} INFO - [2023-01-15T00:31:56.080+0000] {dag.py:3340} INFO - Setting next_dagrun for example_external_task_marker_parent to None, run_after=None
[2023-01-15T00:31:56.094+0000] {processor.py:176} INFO - Processing /home/airflow/.local/lib/python3.7/site-packages/airflow/example_dags/example_external_task_marker_dag.py took 0.181 seconds
[2023-01-15T00:32:27.053+0000] {processor.py:154} INFO - Started process (PID=2166) to work on /home/airflow/.local/lib/python3.7/site-packages/airflow/example_dags/example_external_task_marker_dag.py
[2023-01-15T00:32:27.054+0000] {processor.py:756} INFO - Processing file /home/airflow/.local/lib/python3.7/site-packages/airflow/example_dags/example_external_task_marker_dag.py for tasks to queue
[2023-01-15T00:32:27.054+0000] {logging_mixin.py:120} INFO - [2023-01-15T00:32:27.054+0000] {dagbag.py:537} INFO - Filling up the DagBag from /home/airflow/.local/lib/python3.7/site-packages/airflow/example_dags/example_external_task_marker_dag.py
[2023-01-15T00:32:27.064+0000] {processor.py:766} INFO - DAG(s) dict_keys(['example_external_task_marker_parent', 'example_external_task_marker_child']) retrieved from /home/airflow/.local/lib/python3.7/site-packages/airflow/example_dags/example_external_task_marker_dag.py
[2023-01-15T00:32:27.219+0000] {logging_mixin.py:120} INFO - [2023-01-15T00:32:27.219+0000] {dag.py:2585} INFO - Sync 2 DAGs
[2023-01-15T00:32:27.242+0000] {logging_mixin.py:120} INFO - [2023-01-15T00:32:27.242+0000] {dag.py:3340} INFO - Setting next_dagrun for example_external_task_marker_child to None, run_after=None
[2023-01-15T00:32:27.245+0000] {logging_mixin.py:120} INFO - [2023-01-15T00:32:27.245+0000] {dag.py:3340} INFO - Setting next_dagrun for example_external_task_marker_parent to None, run_after=None
[2023-01-15T00:32:27.262+0000] {processor.py:176} INFO - Processing /home/airflow/.local/lib/python3.7/site-packages/airflow/example_dags/example_external_task_marker_dag.py took 0.210 seconds
[2023-01-15T00:32:57.445+0000] {processor.py:154} INFO - Started process (PID=2222) to work on /home/airflow/.local/lib/python3.7/site-packages/airflow/example_dags/example_external_task_marker_dag.py
[2023-01-15T00:32:57.448+0000] {processor.py:756} INFO - Processing file /home/airflow/.local/lib/python3.7/site-packages/airflow/example_dags/example_external_task_marker_dag.py for tasks to queue
[2023-01-15T00:32:57.448+0000] {logging_mixin.py:120} INFO - [2023-01-15T00:32:57.448+0000] {dagbag.py:537} INFO - Filling up the DagBag from /home/airflow/.local/lib/python3.7/site-packages/airflow/example_dags/example_external_task_marker_dag.py
[2023-01-15T00:32:57.456+0000] {processor.py:766} INFO - DAG(s) dict_keys(['example_external_task_marker_parent', 'example_external_task_marker_child']) retrieved from /home/airflow/.local/lib/python3.7/site-packages/airflow/example_dags/example_external_task_marker_dag.py
[2023-01-15T00:32:57.605+0000] {logging_mixin.py:120} INFO - [2023-01-15T00:32:57.605+0000] {dag.py:2585} INFO - Sync 2 DAGs
[2023-01-15T00:32:57.622+0000] {logging_mixin.py:120} INFO - [2023-01-15T00:32:57.622+0000] {dag.py:3340} INFO - Setting next_dagrun for example_external_task_marker_child to None, run_after=None
[2023-01-15T00:32:57.624+0000] {logging_mixin.py:120} INFO - [2023-01-15T00:32:57.624+0000] {dag.py:3340} INFO - Setting next_dagrun for example_external_task_marker_parent to None, run_after=None
[2023-01-15T00:32:57.635+0000] {processor.py:176} INFO - Processing /home/airflow/.local/lib/python3.7/site-packages/airflow/example_dags/example_external_task_marker_dag.py took 0.191 seconds
[2023-01-15T00:33:27.678+0000] {processor.py:154} INFO - Started process (PID=2288) to work on /home/airflow/.local/lib/python3.7/site-packages/airflow/example_dags/example_external_task_marker_dag.py
[2023-01-15T00:33:27.679+0000] {processor.py:756} INFO - Processing file /home/airflow/.local/lib/python3.7/site-packages/airflow/example_dags/example_external_task_marker_dag.py for tasks to queue
[2023-01-15T00:33:27.679+0000] {logging_mixin.py:120} INFO - [2023-01-15T00:33:27.679+0000] {dagbag.py:537} INFO - Filling up the DagBag from /home/airflow/.local/lib/python3.7/site-packages/airflow/example_dags/example_external_task_marker_dag.py
[2023-01-15T00:33:27.687+0000] {processor.py:766} INFO - DAG(s) dict_keys(['example_external_task_marker_parent', 'example_external_task_marker_child']) retrieved from /home/airflow/.local/lib/python3.7/site-packages/airflow/example_dags/example_external_task_marker_dag.py
[2023-01-15T00:33:27.816+0000] {logging_mixin.py:120} INFO - [2023-01-15T00:33:27.816+0000] {dag.py:2585} INFO - Sync 2 DAGs
[2023-01-15T00:33:27.831+0000] {logging_mixin.py:120} INFO - [2023-01-15T00:33:27.831+0000] {dag.py:3340} INFO - Setting next_dagrun for example_external_task_marker_child to None, run_after=None
[2023-01-15T00:33:27.833+0000] {logging_mixin.py:120} INFO - [2023-01-15T00:33:27.833+0000] {dag.py:3340} INFO - Setting next_dagrun for example_external_task_marker_parent to None, run_after=None
[2023-01-15T00:33:27.844+0000] {processor.py:176} INFO - Processing /home/airflow/.local/lib/python3.7/site-packages/airflow/example_dags/example_external_task_marker_dag.py took 0.168 seconds
