[2023-01-15T00:15:33.303+0000] {processor.py:154} INFO - Started process (PID=66) to work on /home/airflow/.local/lib/python3.7/site-packages/airflow/example_dags/example_xcomargs.py
[2023-01-15T00:15:33.304+0000] {processor.py:756} INFO - Processing file /home/airflow/.local/lib/python3.7/site-packages/airflow/example_dags/example_xcomargs.py for tasks to queue
[2023-01-15T00:15:33.305+0000] {logging_mixin.py:120} INFO - [2023-01-15T00:15:33.304+0000] {dagbag.py:537} INFO - Filling up the DagBag from /home/airflow/.local/lib/python3.7/site-packages/airflow/example_dags/example_xcomargs.py
[2023-01-15T00:15:33.358+0000] {processor.py:766} INFO - DAG(s) dict_keys(['example_xcom_args_with_operators', 'example_xcom_args']) retrieved from /home/airflow/.local/lib/python3.7/site-packages/airflow/example_dags/example_xcomargs.py
[2023-01-15T00:15:33.424+0000] {logging_mixin.py:120} INFO - [2023-01-15T00:15:33.423+0000] {dag.py:2585} INFO - Sync 2 DAGs
[2023-01-15T00:15:33.469+0000] {logging_mixin.py:120} INFO - [2023-01-15T00:15:33.469+0000] {dag.py:3340} INFO - Setting next_dagrun for example_xcom_args to None, run_after=None
[2023-01-15T00:15:33.475+0000] {logging_mixin.py:120} INFO - [2023-01-15T00:15:33.475+0000] {dag.py:3340} INFO - Setting next_dagrun for example_xcom_args_with_operators to None, run_after=None
[2023-01-15T00:15:33.501+0000] {processor.py:176} INFO - Processing /home/airflow/.local/lib/python3.7/site-packages/airflow/example_dags/example_xcomargs.py took 0.202 seconds
[2023-01-15T00:16:04.067+0000] {processor.py:154} INFO - Started process (PID=132) to work on /home/airflow/.local/lib/python3.7/site-packages/airflow/example_dags/example_xcomargs.py
[2023-01-15T00:16:04.067+0000] {processor.py:756} INFO - Processing file /home/airflow/.local/lib/python3.7/site-packages/airflow/example_dags/example_xcomargs.py for tasks to queue
[2023-01-15T00:16:04.068+0000] {logging_mixin.py:120} INFO - [2023-01-15T00:16:04.068+0000] {dagbag.py:537} INFO - Filling up the DagBag from /home/airflow/.local/lib/python3.7/site-packages/airflow/example_dags/example_xcomargs.py
[2023-01-15T00:16:04.081+0000] {processor.py:766} INFO - DAG(s) dict_keys(['example_xcom_args_with_operators', 'example_xcom_args']) retrieved from /home/airflow/.local/lib/python3.7/site-packages/airflow/example_dags/example_xcomargs.py
[2023-01-15T00:16:04.108+0000] {logging_mixin.py:120} INFO - [2023-01-15T00:16:04.108+0000] {dag.py:2585} INFO - Sync 2 DAGs
[2023-01-15T00:16:04.123+0000] {logging_mixin.py:120} INFO - [2023-01-15T00:16:04.122+0000] {dag.py:3340} INFO - Setting next_dagrun for example_xcom_args to None, run_after=None
[2023-01-15T00:16:04.125+0000] {logging_mixin.py:120} INFO - [2023-01-15T00:16:04.125+0000] {dag.py:3340} INFO - Setting next_dagrun for example_xcom_args_with_operators to None, run_after=None
[2023-01-15T00:16:04.135+0000] {processor.py:176} INFO - Processing /home/airflow/.local/lib/python3.7/site-packages/airflow/example_dags/example_xcomargs.py took 0.070 seconds
[2023-01-15T00:16:34.380+0000] {processor.py:154} INFO - Started process (PID=198) to work on /home/airflow/.local/lib/python3.7/site-packages/airflow/example_dags/example_xcomargs.py
[2023-01-15T00:16:34.380+0000] {processor.py:756} INFO - Processing file /home/airflow/.local/lib/python3.7/site-packages/airflow/example_dags/example_xcomargs.py for tasks to queue
[2023-01-15T00:16:34.381+0000] {logging_mixin.py:120} INFO - [2023-01-15T00:16:34.381+0000] {dagbag.py:537} INFO - Filling up the DagBag from /home/airflow/.local/lib/python3.7/site-packages/airflow/example_dags/example_xcomargs.py
[2023-01-15T00:16:34.405+0000] {processor.py:766} INFO - DAG(s) dict_keys(['example_xcom_args', 'example_xcom_args_with_operators']) retrieved from /home/airflow/.local/lib/python3.7/site-packages/airflow/example_dags/example_xcomargs.py
[2023-01-15T00:16:34.449+0000] {logging_mixin.py:120} INFO - [2023-01-15T00:16:34.448+0000] {dag.py:2585} INFO - Sync 2 DAGs
[2023-01-15T00:16:34.473+0000] {logging_mixin.py:120} INFO - [2023-01-15T00:16:34.472+0000] {dag.py:3340} INFO - Setting next_dagrun for example_xcom_args to None, run_after=None
[2023-01-15T00:16:34.475+0000] {logging_mixin.py:120} INFO - [2023-01-15T00:16:34.475+0000] {dag.py:3340} INFO - Setting next_dagrun for example_xcom_args_with_operators to None, run_after=None
[2023-01-15T00:16:34.496+0000] {processor.py:176} INFO - Processing /home/airflow/.local/lib/python3.7/site-packages/airflow/example_dags/example_xcomargs.py took 0.120 seconds
[2023-01-15T00:17:04.687+0000] {processor.py:154} INFO - Started process (PID=254) to work on /home/airflow/.local/lib/python3.7/site-packages/airflow/example_dags/example_xcomargs.py
[2023-01-15T00:17:04.687+0000] {processor.py:756} INFO - Processing file /home/airflow/.local/lib/python3.7/site-packages/airflow/example_dags/example_xcomargs.py for tasks to queue
[2023-01-15T00:17:04.688+0000] {logging_mixin.py:120} INFO - [2023-01-15T00:17:04.688+0000] {dagbag.py:537} INFO - Filling up the DagBag from /home/airflow/.local/lib/python3.7/site-packages/airflow/example_dags/example_xcomargs.py
[2023-01-15T00:17:04.705+0000] {processor.py:766} INFO - DAG(s) dict_keys(['example_xcom_args_with_operators', 'example_xcom_args']) retrieved from /home/airflow/.local/lib/python3.7/site-packages/airflow/example_dags/example_xcomargs.py
[2023-01-15T00:17:04.739+0000] {logging_mixin.py:120} INFO - [2023-01-15T00:17:04.739+0000] {dag.py:2585} INFO - Sync 2 DAGs
[2023-01-15T00:17:04.758+0000] {logging_mixin.py:120} INFO - [2023-01-15T00:17:04.758+0000] {dag.py:3340} INFO - Setting next_dagrun for example_xcom_args to None, run_after=None
[2023-01-15T00:17:04.761+0000] {logging_mixin.py:120} INFO - [2023-01-15T00:17:04.760+0000] {dag.py:3340} INFO - Setting next_dagrun for example_xcom_args_with_operators to None, run_after=None
[2023-01-15T00:17:04.776+0000] {processor.py:176} INFO - Processing /home/airflow/.local/lib/python3.7/site-packages/airflow/example_dags/example_xcomargs.py took 0.091 seconds
[2023-01-15T00:17:35.007+0000] {processor.py:154} INFO - Started process (PID=319) to work on /home/airflow/.local/lib/python3.7/site-packages/airflow/example_dags/example_xcomargs.py
[2023-01-15T00:17:35.008+0000] {processor.py:756} INFO - Processing file /home/airflow/.local/lib/python3.7/site-packages/airflow/example_dags/example_xcomargs.py for tasks to queue
[2023-01-15T00:17:35.008+0000] {logging_mixin.py:120} INFO - [2023-01-15T00:17:35.008+0000] {dagbag.py:537} INFO - Filling up the DagBag from /home/airflow/.local/lib/python3.7/site-packages/airflow/example_dags/example_xcomargs.py
[2023-01-15T00:17:35.023+0000] {processor.py:766} INFO - DAG(s) dict_keys(['example_xcom_args', 'example_xcom_args_with_operators']) retrieved from /home/airflow/.local/lib/python3.7/site-packages/airflow/example_dags/example_xcomargs.py
[2023-01-15T00:17:35.051+0000] {logging_mixin.py:120} INFO - [2023-01-15T00:17:35.050+0000] {dag.py:2585} INFO - Sync 2 DAGs
[2023-01-15T00:17:35.068+0000] {logging_mixin.py:120} INFO - [2023-01-15T00:17:35.068+0000] {dag.py:3340} INFO - Setting next_dagrun for example_xcom_args to None, run_after=None
[2023-01-15T00:17:35.070+0000] {logging_mixin.py:120} INFO - [2023-01-15T00:17:35.070+0000] {dag.py:3340} INFO - Setting next_dagrun for example_xcom_args_with_operators to None, run_after=None
[2023-01-15T00:17:35.083+0000] {processor.py:176} INFO - Processing /home/airflow/.local/lib/python3.7/site-packages/airflow/example_dags/example_xcomargs.py took 0.078 seconds
[2023-01-15T00:18:05.446+0000] {processor.py:154} INFO - Started process (PID=384) to work on /home/airflow/.local/lib/python3.7/site-packages/airflow/example_dags/example_xcomargs.py
[2023-01-15T00:18:05.447+0000] {processor.py:756} INFO - Processing file /home/airflow/.local/lib/python3.7/site-packages/airflow/example_dags/example_xcomargs.py for tasks to queue
[2023-01-15T00:18:05.448+0000] {logging_mixin.py:120} INFO - [2023-01-15T00:18:05.447+0000] {dagbag.py:537} INFO - Filling up the DagBag from /home/airflow/.local/lib/python3.7/site-packages/airflow/example_dags/example_xcomargs.py
[2023-01-15T00:18:05.462+0000] {processor.py:766} INFO - DAG(s) dict_keys(['example_xcom_args_with_operators', 'example_xcom_args']) retrieved from /home/airflow/.local/lib/python3.7/site-packages/airflow/example_dags/example_xcomargs.py
[2023-01-15T00:18:05.491+0000] {logging_mixin.py:120} INFO - [2023-01-15T00:18:05.491+0000] {dag.py:2585} INFO - Sync 2 DAGs
[2023-01-15T00:18:05.508+0000] {logging_mixin.py:120} INFO - [2023-01-15T00:18:05.507+0000] {dag.py:3340} INFO - Setting next_dagrun for example_xcom_args to None, run_after=None
[2023-01-15T00:18:05.510+0000] {logging_mixin.py:120} INFO - [2023-01-15T00:18:05.510+0000] {dag.py:3340} INFO - Setting next_dagrun for example_xcom_args_with_operators to None, run_after=None
[2023-01-15T00:18:05.520+0000] {processor.py:176} INFO - Processing /home/airflow/.local/lib/python3.7/site-packages/airflow/example_dags/example_xcomargs.py took 0.076 seconds
[2023-01-15T00:18:35.940+0000] {processor.py:154} INFO - Started process (PID=449) to work on /home/airflow/.local/lib/python3.7/site-packages/airflow/example_dags/example_xcomargs.py
[2023-01-15T00:18:35.942+0000] {processor.py:756} INFO - Processing file /home/airflow/.local/lib/python3.7/site-packages/airflow/example_dags/example_xcomargs.py for tasks to queue
[2023-01-15T00:18:35.942+0000] {logging_mixin.py:120} INFO - [2023-01-15T00:18:35.942+0000] {dagbag.py:537} INFO - Filling up the DagBag from /home/airflow/.local/lib/python3.7/site-packages/airflow/example_dags/example_xcomargs.py
[2023-01-15T00:18:35.957+0000] {processor.py:766} INFO - DAG(s) dict_keys(['example_xcom_args', 'example_xcom_args_with_operators']) retrieved from /home/airflow/.local/lib/python3.7/site-packages/airflow/example_dags/example_xcomargs.py
[2023-01-15T00:18:35.987+0000] {logging_mixin.py:120} INFO - [2023-01-15T00:18:35.987+0000] {dag.py:2585} INFO - Sync 2 DAGs
[2023-01-15T00:18:36.004+0000] {logging_mixin.py:120} INFO - [2023-01-15T00:18:36.004+0000] {dag.py:3340} INFO - Setting next_dagrun for example_xcom_args to None, run_after=None
[2023-01-15T00:18:36.007+0000] {logging_mixin.py:120} INFO - [2023-01-15T00:18:36.006+0000] {dag.py:3340} INFO - Setting next_dagrun for example_xcom_args_with_operators to None, run_after=None
[2023-01-15T00:18:36.019+0000] {processor.py:176} INFO - Processing /home/airflow/.local/lib/python3.7/site-packages/airflow/example_dags/example_xcomargs.py took 0.081 seconds
[2023-01-15T00:19:06.466+0000] {processor.py:154} INFO - Started process (PID=505) to work on /home/airflow/.local/lib/python3.7/site-packages/airflow/example_dags/example_xcomargs.py
[2023-01-15T00:19:06.467+0000] {processor.py:756} INFO - Processing file /home/airflow/.local/lib/python3.7/site-packages/airflow/example_dags/example_xcomargs.py for tasks to queue
[2023-01-15T00:19:06.467+0000] {logging_mixin.py:120} INFO - [2023-01-15T00:19:06.467+0000] {dagbag.py:537} INFO - Filling up the DagBag from /home/airflow/.local/lib/python3.7/site-packages/airflow/example_dags/example_xcomargs.py
[2023-01-15T00:19:06.483+0000] {processor.py:766} INFO - DAG(s) dict_keys(['example_xcom_args_with_operators', 'example_xcom_args']) retrieved from /home/airflow/.local/lib/python3.7/site-packages/airflow/example_dags/example_xcomargs.py
[2023-01-15T00:19:06.509+0000] {logging_mixin.py:120} INFO - [2023-01-15T00:19:06.509+0000] {dag.py:2585} INFO - Sync 2 DAGs
[2023-01-15T00:19:06.527+0000] {logging_mixin.py:120} INFO - [2023-01-15T00:19:06.527+0000] {dag.py:3340} INFO - Setting next_dagrun for example_xcom_args to None, run_after=None
[2023-01-15T00:19:06.530+0000] {logging_mixin.py:120} INFO - [2023-01-15T00:19:06.530+0000] {dag.py:3340} INFO - Setting next_dagrun for example_xcom_args_with_operators to None, run_after=None
[2023-01-15T00:19:06.543+0000] {processor.py:176} INFO - Processing /home/airflow/.local/lib/python3.7/site-packages/airflow/example_dags/example_xcomargs.py took 0.080 seconds
[2023-01-15T00:19:37.015+0000] {processor.py:154} INFO - Started process (PID=570) to work on /home/airflow/.local/lib/python3.7/site-packages/airflow/example_dags/example_xcomargs.py
[2023-01-15T00:19:37.016+0000] {processor.py:756} INFO - Processing file /home/airflow/.local/lib/python3.7/site-packages/airflow/example_dags/example_xcomargs.py for tasks to queue
[2023-01-15T00:19:37.017+0000] {logging_mixin.py:120} INFO - [2023-01-15T00:19:37.017+0000] {dagbag.py:537} INFO - Filling up the DagBag from /home/airflow/.local/lib/python3.7/site-packages/airflow/example_dags/example_xcomargs.py
[2023-01-15T00:19:37.032+0000] {processor.py:766} INFO - DAG(s) dict_keys(['example_xcom_args_with_operators', 'example_xcom_args']) retrieved from /home/airflow/.local/lib/python3.7/site-packages/airflow/example_dags/example_xcomargs.py
[2023-01-15T00:19:37.060+0000] {logging_mixin.py:120} INFO - [2023-01-15T00:19:37.060+0000] {dag.py:2585} INFO - Sync 2 DAGs
[2023-01-15T00:19:37.078+0000] {logging_mixin.py:120} INFO - [2023-01-15T00:19:37.078+0000] {dag.py:3340} INFO - Setting next_dagrun for example_xcom_args to None, run_after=None
[2023-01-15T00:19:37.081+0000] {logging_mixin.py:120} INFO - [2023-01-15T00:19:37.081+0000] {dag.py:3340} INFO - Setting next_dagrun for example_xcom_args_with_operators to None, run_after=None
[2023-01-15T00:19:37.093+0000] {processor.py:176} INFO - Processing /home/airflow/.local/lib/python3.7/site-packages/airflow/example_dags/example_xcomargs.py took 0.079 seconds
[2023-01-15T00:20:07.293+0000] {processor.py:154} INFO - Started process (PID=635) to work on /home/airflow/.local/lib/python3.7/site-packages/airflow/example_dags/example_xcomargs.py
[2023-01-15T00:20:07.293+0000] {processor.py:756} INFO - Processing file /home/airflow/.local/lib/python3.7/site-packages/airflow/example_dags/example_xcomargs.py for tasks to queue
[2023-01-15T00:20:07.294+0000] {logging_mixin.py:120} INFO - [2023-01-15T00:20:07.294+0000] {dagbag.py:537} INFO - Filling up the DagBag from /home/airflow/.local/lib/python3.7/site-packages/airflow/example_dags/example_xcomargs.py
[2023-01-15T00:20:07.315+0000] {processor.py:766} INFO - DAG(s) dict_keys(['example_xcom_args', 'example_xcom_args_with_operators']) retrieved from /home/airflow/.local/lib/python3.7/site-packages/airflow/example_dags/example_xcomargs.py
[2023-01-15T00:20:07.352+0000] {logging_mixin.py:120} INFO - [2023-01-15T00:20:07.352+0000] {dag.py:2585} INFO - Sync 2 DAGs
[2023-01-15T00:20:07.370+0000] {logging_mixin.py:120} INFO - [2023-01-15T00:20:07.370+0000] {dag.py:3340} INFO - Setting next_dagrun for example_xcom_args to None, run_after=None
[2023-01-15T00:20:07.373+0000] {logging_mixin.py:120} INFO - [2023-01-15T00:20:07.372+0000] {dag.py:3340} INFO - Setting next_dagrun for example_xcom_args_with_operators to None, run_after=None
[2023-01-15T00:20:07.385+0000] {processor.py:176} INFO - Processing /home/airflow/.local/lib/python3.7/site-packages/airflow/example_dags/example_xcomargs.py took 0.095 seconds
[2023-01-15T00:20:38.582+0000] {processor.py:154} INFO - Started process (PID=700) to work on /home/airflow/.local/lib/python3.7/site-packages/airflow/example_dags/example_xcomargs.py
[2023-01-15T00:20:38.583+0000] {processor.py:756} INFO - Processing file /home/airflow/.local/lib/python3.7/site-packages/airflow/example_dags/example_xcomargs.py for tasks to queue
[2023-01-15T00:20:38.583+0000] {logging_mixin.py:120} INFO - [2023-01-15T00:20:38.583+0000] {dagbag.py:537} INFO - Filling up the DagBag from /home/airflow/.local/lib/python3.7/site-packages/airflow/example_dags/example_xcomargs.py
[2023-01-15T00:20:38.600+0000] {processor.py:766} INFO - DAG(s) dict_keys(['example_xcom_args_with_operators', 'example_xcom_args']) retrieved from /home/airflow/.local/lib/python3.7/site-packages/airflow/example_dags/example_xcomargs.py
[2023-01-15T00:20:38.629+0000] {logging_mixin.py:120} INFO - [2023-01-15T00:20:38.629+0000] {dag.py:2585} INFO - Sync 2 DAGs
[2023-01-15T00:20:38.649+0000] {logging_mixin.py:120} INFO - [2023-01-15T00:20:38.648+0000] {dag.py:3340} INFO - Setting next_dagrun for example_xcom_args to None, run_after=None
[2023-01-15T00:20:38.652+0000] {logging_mixin.py:120} INFO - [2023-01-15T00:20:38.652+0000] {dag.py:3340} INFO - Setting next_dagrun for example_xcom_args_with_operators to None, run_after=None
[2023-01-15T00:20:38.665+0000] {processor.py:176} INFO - Processing /home/airflow/.local/lib/python3.7/site-packages/airflow/example_dags/example_xcomargs.py took 0.085 seconds
[2023-01-15T00:21:09.604+0000] {processor.py:154} INFO - Started process (PID=765) to work on /home/airflow/.local/lib/python3.7/site-packages/airflow/example_dags/example_xcomargs.py
[2023-01-15T00:21:09.606+0000] {processor.py:756} INFO - Processing file /home/airflow/.local/lib/python3.7/site-packages/airflow/example_dags/example_xcomargs.py for tasks to queue
[2023-01-15T00:21:09.606+0000] {logging_mixin.py:120} INFO - [2023-01-15T00:21:09.606+0000] {dagbag.py:537} INFO - Filling up the DagBag from /home/airflow/.local/lib/python3.7/site-packages/airflow/example_dags/example_xcomargs.py
[2023-01-15T00:21:09.621+0000] {processor.py:766} INFO - DAG(s) dict_keys(['example_xcom_args_with_operators', 'example_xcom_args']) retrieved from /home/airflow/.local/lib/python3.7/site-packages/airflow/example_dags/example_xcomargs.py
[2023-01-15T00:21:09.650+0000] {logging_mixin.py:120} INFO - [2023-01-15T00:21:09.650+0000] {dag.py:2585} INFO - Sync 2 DAGs
[2023-01-15T00:21:09.668+0000] {logging_mixin.py:120} INFO - [2023-01-15T00:21:09.667+0000] {dag.py:3340} INFO - Setting next_dagrun for example_xcom_args to None, run_after=None
[2023-01-15T00:21:09.670+0000] {logging_mixin.py:120} INFO - [2023-01-15T00:21:09.670+0000] {dag.py:3340} INFO - Setting next_dagrun for example_xcom_args_with_operators to None, run_after=None
[2023-01-15T00:21:09.681+0000] {processor.py:176} INFO - Processing /home/airflow/.local/lib/python3.7/site-packages/airflow/example_dags/example_xcomargs.py took 0.078 seconds
[2023-01-15T00:21:40.068+0000] {processor.py:154} INFO - Started process (PID=821) to work on /home/airflow/.local/lib/python3.7/site-packages/airflow/example_dags/example_xcomargs.py
[2023-01-15T00:21:40.069+0000] {processor.py:756} INFO - Processing file /home/airflow/.local/lib/python3.7/site-packages/airflow/example_dags/example_xcomargs.py for tasks to queue
[2023-01-15T00:21:40.070+0000] {logging_mixin.py:120} INFO - [2023-01-15T00:21:40.070+0000] {dagbag.py:537} INFO - Filling up the DagBag from /home/airflow/.local/lib/python3.7/site-packages/airflow/example_dags/example_xcomargs.py
[2023-01-15T00:21:40.085+0000] {processor.py:766} INFO - DAG(s) dict_keys(['example_xcom_args_with_operators', 'example_xcom_args']) retrieved from /home/airflow/.local/lib/python3.7/site-packages/airflow/example_dags/example_xcomargs.py
[2023-01-15T00:21:40.112+0000] {logging_mixin.py:120} INFO - [2023-01-15T00:21:40.112+0000] {dag.py:2585} INFO - Sync 2 DAGs
[2023-01-15T00:21:40.129+0000] {logging_mixin.py:120} INFO - [2023-01-15T00:21:40.129+0000] {dag.py:3340} INFO - Setting next_dagrun for example_xcom_args to None, run_after=None
[2023-01-15T00:21:40.132+0000] {logging_mixin.py:120} INFO - [2023-01-15T00:21:40.132+0000] {dag.py:3340} INFO - Setting next_dagrun for example_xcom_args_with_operators to None, run_after=None
[2023-01-15T00:21:40.143+0000] {processor.py:176} INFO - Processing /home/airflow/.local/lib/python3.7/site-packages/airflow/example_dags/example_xcomargs.py took 0.076 seconds
[2023-01-15T00:22:10.500+0000] {processor.py:154} INFO - Started process (PID=888) to work on /home/airflow/.local/lib/python3.7/site-packages/airflow/example_dags/example_xcomargs.py
[2023-01-15T00:22:10.500+0000] {processor.py:756} INFO - Processing file /home/airflow/.local/lib/python3.7/site-packages/airflow/example_dags/example_xcomargs.py for tasks to queue
[2023-01-15T00:22:10.501+0000] {logging_mixin.py:120} INFO - [2023-01-15T00:22:10.501+0000] {dagbag.py:537} INFO - Filling up the DagBag from /home/airflow/.local/lib/python3.7/site-packages/airflow/example_dags/example_xcomargs.py
[2023-01-15T00:22:10.515+0000] {processor.py:766} INFO - DAG(s) dict_keys(['example_xcom_args', 'example_xcom_args_with_operators']) retrieved from /home/airflow/.local/lib/python3.7/site-packages/airflow/example_dags/example_xcomargs.py
[2023-01-15T00:22:10.541+0000] {logging_mixin.py:120} INFO - [2023-01-15T00:22:10.541+0000] {dag.py:2585} INFO - Sync 2 DAGs
[2023-01-15T00:22:10.557+0000] {logging_mixin.py:120} INFO - [2023-01-15T00:22:10.557+0000] {dag.py:3340} INFO - Setting next_dagrun for example_xcom_args to None, run_after=None
[2023-01-15T00:22:10.559+0000] {logging_mixin.py:120} INFO - [2023-01-15T00:22:10.559+0000] {dag.py:3340} INFO - Setting next_dagrun for example_xcom_args_with_operators to None, run_after=None
[2023-01-15T00:22:10.571+0000] {processor.py:176} INFO - Processing /home/airflow/.local/lib/python3.7/site-packages/airflow/example_dags/example_xcomargs.py took 0.074 seconds
[2023-01-15T00:22:40.749+0000] {processor.py:154} INFO - Started process (PID=953) to work on /home/airflow/.local/lib/python3.7/site-packages/airflow/example_dags/example_xcomargs.py
[2023-01-15T00:22:40.750+0000] {processor.py:756} INFO - Processing file /home/airflow/.local/lib/python3.7/site-packages/airflow/example_dags/example_xcomargs.py for tasks to queue
[2023-01-15T00:22:40.751+0000] {logging_mixin.py:120} INFO - [2023-01-15T00:22:40.751+0000] {dagbag.py:537} INFO - Filling up the DagBag from /home/airflow/.local/lib/python3.7/site-packages/airflow/example_dags/example_xcomargs.py
[2023-01-15T00:22:40.767+0000] {processor.py:766} INFO - DAG(s) dict_keys(['example_xcom_args_with_operators', 'example_xcom_args']) retrieved from /home/airflow/.local/lib/python3.7/site-packages/airflow/example_dags/example_xcomargs.py
[2023-01-15T00:22:40.799+0000] {logging_mixin.py:120} INFO - [2023-01-15T00:22:40.799+0000] {dag.py:2585} INFO - Sync 2 DAGs
[2023-01-15T00:22:40.817+0000] {logging_mixin.py:120} INFO - [2023-01-15T00:22:40.817+0000] {dag.py:3340} INFO - Setting next_dagrun for example_xcom_args to None, run_after=None
[2023-01-15T00:22:40.820+0000] {logging_mixin.py:120} INFO - [2023-01-15T00:22:40.820+0000] {dag.py:3340} INFO - Setting next_dagrun for example_xcom_args_with_operators to None, run_after=None
[2023-01-15T00:22:40.833+0000] {processor.py:176} INFO - Processing /home/airflow/.local/lib/python3.7/site-packages/airflow/example_dags/example_xcomargs.py took 0.085 seconds
[2023-01-15T00:23:11.817+0000] {processor.py:154} INFO - Started process (PID=1017) to work on /home/airflow/.local/lib/python3.7/site-packages/airflow/example_dags/example_xcomargs.py
[2023-01-15T00:23:11.817+0000] {processor.py:756} INFO - Processing file /home/airflow/.local/lib/python3.7/site-packages/airflow/example_dags/example_xcomargs.py for tasks to queue
[2023-01-15T00:23:11.818+0000] {logging_mixin.py:120} INFO - [2023-01-15T00:23:11.818+0000] {dagbag.py:537} INFO - Filling up the DagBag from /home/airflow/.local/lib/python3.7/site-packages/airflow/example_dags/example_xcomargs.py
[2023-01-15T00:23:11.835+0000] {processor.py:766} INFO - DAG(s) dict_keys(['example_xcom_args', 'example_xcom_args_with_operators']) retrieved from /home/airflow/.local/lib/python3.7/site-packages/airflow/example_dags/example_xcomargs.py
[2023-01-15T00:23:11.863+0000] {logging_mixin.py:120} INFO - [2023-01-15T00:23:11.863+0000] {dag.py:2585} INFO - Sync 2 DAGs
[2023-01-15T00:23:11.880+0000] {logging_mixin.py:120} INFO - [2023-01-15T00:23:11.880+0000] {dag.py:3340} INFO - Setting next_dagrun for example_xcom_args to None, run_after=None
[2023-01-15T00:23:11.883+0000] {logging_mixin.py:120} INFO - [2023-01-15T00:23:11.882+0000] {dag.py:3340} INFO - Setting next_dagrun for example_xcom_args_with_operators to None, run_after=None
[2023-01-15T00:23:11.894+0000] {processor.py:176} INFO - Processing /home/airflow/.local/lib/python3.7/site-packages/airflow/example_dags/example_xcomargs.py took 0.080 seconds
[2023-01-15T00:23:42.231+0000] {processor.py:154} INFO - Started process (PID=1082) to work on /home/airflow/.local/lib/python3.7/site-packages/airflow/example_dags/example_xcomargs.py
[2023-01-15T00:23:42.232+0000] {processor.py:756} INFO - Processing file /home/airflow/.local/lib/python3.7/site-packages/airflow/example_dags/example_xcomargs.py for tasks to queue
[2023-01-15T00:23:42.232+0000] {logging_mixin.py:120} INFO - [2023-01-15T00:23:42.232+0000] {dagbag.py:537} INFO - Filling up the DagBag from /home/airflow/.local/lib/python3.7/site-packages/airflow/example_dags/example_xcomargs.py
[2023-01-15T00:23:42.248+0000] {processor.py:766} INFO - DAG(s) dict_keys(['example_xcom_args_with_operators', 'example_xcom_args']) retrieved from /home/airflow/.local/lib/python3.7/site-packages/airflow/example_dags/example_xcomargs.py
[2023-01-15T00:23:42.277+0000] {logging_mixin.py:120} INFO - [2023-01-15T00:23:42.277+0000] {dag.py:2585} INFO - Sync 2 DAGs
[2023-01-15T00:23:42.295+0000] {logging_mixin.py:120} INFO - [2023-01-15T00:23:42.295+0000] {dag.py:3340} INFO - Setting next_dagrun for example_xcom_args to None, run_after=None
[2023-01-15T00:23:42.297+0000] {logging_mixin.py:120} INFO - [2023-01-15T00:23:42.297+0000] {dag.py:3340} INFO - Setting next_dagrun for example_xcom_args_with_operators to None, run_after=None
[2023-01-15T00:23:42.310+0000] {processor.py:176} INFO - Processing /home/airflow/.local/lib/python3.7/site-packages/airflow/example_dags/example_xcomargs.py took 0.080 seconds
[2023-01-15T00:24:13.337+0000] {processor.py:154} INFO - Started process (PID=1138) to work on /home/airflow/.local/lib/python3.7/site-packages/airflow/example_dags/example_xcomargs.py
[2023-01-15T00:24:13.337+0000] {processor.py:756} INFO - Processing file /home/airflow/.local/lib/python3.7/site-packages/airflow/example_dags/example_xcomargs.py for tasks to queue
[2023-01-15T00:24:13.337+0000] {logging_mixin.py:120} INFO - [2023-01-15T00:24:13.337+0000] {dagbag.py:537} INFO - Filling up the DagBag from /home/airflow/.local/lib/python3.7/site-packages/airflow/example_dags/example_xcomargs.py
[2023-01-15T00:24:13.351+0000] {processor.py:766} INFO - DAG(s) dict_keys(['example_xcom_args', 'example_xcom_args_with_operators']) retrieved from /home/airflow/.local/lib/python3.7/site-packages/airflow/example_dags/example_xcomargs.py
[2023-01-15T00:24:13.380+0000] {logging_mixin.py:120} INFO - [2023-01-15T00:24:13.380+0000] {dag.py:2585} INFO - Sync 2 DAGs
[2023-01-15T00:24:13.396+0000] {logging_mixin.py:120} INFO - [2023-01-15T00:24:13.396+0000] {dag.py:3340} INFO - Setting next_dagrun for example_xcom_args to None, run_after=None
[2023-01-15T00:24:13.398+0000] {logging_mixin.py:120} INFO - [2023-01-15T00:24:13.398+0000] {dag.py:3340} INFO - Setting next_dagrun for example_xcom_args_with_operators to None, run_after=None
[2023-01-15T00:24:13.408+0000] {processor.py:176} INFO - Processing /home/airflow/.local/lib/python3.7/site-packages/airflow/example_dags/example_xcomargs.py took 0.073 seconds
[2023-01-15T00:24:43.472+0000] {processor.py:154} INFO - Started process (PID=1202) to work on /home/airflow/.local/lib/python3.7/site-packages/airflow/example_dags/example_xcomargs.py
[2023-01-15T00:24:43.473+0000] {processor.py:756} INFO - Processing file /home/airflow/.local/lib/python3.7/site-packages/airflow/example_dags/example_xcomargs.py for tasks to queue
[2023-01-15T00:24:43.473+0000] {logging_mixin.py:120} INFO - [2023-01-15T00:24:43.473+0000] {dagbag.py:537} INFO - Filling up the DagBag from /home/airflow/.local/lib/python3.7/site-packages/airflow/example_dags/example_xcomargs.py
[2023-01-15T00:24:43.486+0000] {processor.py:766} INFO - DAG(s) dict_keys(['example_xcom_args', 'example_xcom_args_with_operators']) retrieved from /home/airflow/.local/lib/python3.7/site-packages/airflow/example_dags/example_xcomargs.py
[2023-01-15T00:24:43.514+0000] {logging_mixin.py:120} INFO - [2023-01-15T00:24:43.514+0000] {dag.py:2585} INFO - Sync 2 DAGs
[2023-01-15T00:24:43.531+0000] {logging_mixin.py:120} INFO - [2023-01-15T00:24:43.530+0000] {dag.py:3340} INFO - Setting next_dagrun for example_xcom_args to None, run_after=None
[2023-01-15T00:24:43.533+0000] {logging_mixin.py:120} INFO - [2023-01-15T00:24:43.533+0000] {dag.py:3340} INFO - Setting next_dagrun for example_xcom_args_with_operators to None, run_after=None
[2023-01-15T00:24:43.545+0000] {processor.py:176} INFO - Processing /home/airflow/.local/lib/python3.7/site-packages/airflow/example_dags/example_xcomargs.py took 0.074 seconds
[2023-01-15T00:25:14.590+0000] {processor.py:154} INFO - Started process (PID=1268) to work on /home/airflow/.local/lib/python3.7/site-packages/airflow/example_dags/example_xcomargs.py
[2023-01-15T00:25:14.591+0000] {processor.py:756} INFO - Processing file /home/airflow/.local/lib/python3.7/site-packages/airflow/example_dags/example_xcomargs.py for tasks to queue
[2023-01-15T00:25:14.591+0000] {logging_mixin.py:120} INFO - [2023-01-15T00:25:14.591+0000] {dagbag.py:537} INFO - Filling up the DagBag from /home/airflow/.local/lib/python3.7/site-packages/airflow/example_dags/example_xcomargs.py
[2023-01-15T00:25:14.606+0000] {processor.py:766} INFO - DAG(s) dict_keys(['example_xcom_args', 'example_xcom_args_with_operators']) retrieved from /home/airflow/.local/lib/python3.7/site-packages/airflow/example_dags/example_xcomargs.py
[2023-01-15T00:25:14.639+0000] {logging_mixin.py:120} INFO - [2023-01-15T00:25:14.639+0000] {dag.py:2585} INFO - Sync 2 DAGs
[2023-01-15T00:25:14.661+0000] {logging_mixin.py:120} INFO - [2023-01-15T00:25:14.661+0000] {dag.py:3340} INFO - Setting next_dagrun for example_xcom_args to None, run_after=None
[2023-01-15T00:25:14.664+0000] {logging_mixin.py:120} INFO - [2023-01-15T00:25:14.663+0000] {dag.py:3340} INFO - Setting next_dagrun for example_xcom_args_with_operators to None, run_after=None
[2023-01-15T00:25:14.675+0000] {processor.py:176} INFO - Processing /home/airflow/.local/lib/python3.7/site-packages/airflow/example_dags/example_xcomargs.py took 0.086 seconds
[2023-01-15T00:25:45.604+0000] {processor.py:154} INFO - Started process (PID=1332) to work on /home/airflow/.local/lib/python3.7/site-packages/airflow/example_dags/example_xcomargs.py
[2023-01-15T00:25:45.605+0000] {processor.py:756} INFO - Processing file /home/airflow/.local/lib/python3.7/site-packages/airflow/example_dags/example_xcomargs.py for tasks to queue
[2023-01-15T00:25:45.605+0000] {logging_mixin.py:120} INFO - [2023-01-15T00:25:45.605+0000] {dagbag.py:537} INFO - Filling up the DagBag from /home/airflow/.local/lib/python3.7/site-packages/airflow/example_dags/example_xcomargs.py
[2023-01-15T00:25:45.619+0000] {processor.py:766} INFO - DAG(s) dict_keys(['example_xcom_args_with_operators', 'example_xcom_args']) retrieved from /home/airflow/.local/lib/python3.7/site-packages/airflow/example_dags/example_xcomargs.py
[2023-01-15T00:25:45.648+0000] {logging_mixin.py:120} INFO - [2023-01-15T00:25:45.648+0000] {dag.py:2585} INFO - Sync 2 DAGs
[2023-01-15T00:25:45.669+0000] {logging_mixin.py:120} INFO - [2023-01-15T00:25:45.669+0000] {dag.py:3340} INFO - Setting next_dagrun for example_xcom_args to None, run_after=None
[2023-01-15T00:25:45.672+0000] {logging_mixin.py:120} INFO - [2023-01-15T00:25:45.672+0000] {dag.py:3340} INFO - Setting next_dagrun for example_xcom_args_with_operators to None, run_after=None
[2023-01-15T00:25:45.686+0000] {processor.py:176} INFO - Processing /home/airflow/.local/lib/python3.7/site-packages/airflow/example_dags/example_xcomargs.py took 0.084 seconds
[2023-01-15T00:26:15.789+0000] {processor.py:154} INFO - Started process (PID=1395) to work on /home/airflow/.local/lib/python3.7/site-packages/airflow/example_dags/example_xcomargs.py
[2023-01-15T00:26:15.789+0000] {processor.py:756} INFO - Processing file /home/airflow/.local/lib/python3.7/site-packages/airflow/example_dags/example_xcomargs.py for tasks to queue
[2023-01-15T00:26:15.790+0000] {logging_mixin.py:120} INFO - [2023-01-15T00:26:15.790+0000] {dagbag.py:537} INFO - Filling up the DagBag from /home/airflow/.local/lib/python3.7/site-packages/airflow/example_dags/example_xcomargs.py
[2023-01-15T00:26:15.810+0000] {processor.py:766} INFO - DAG(s) dict_keys(['example_xcom_args_with_operators', 'example_xcom_args']) retrieved from /home/airflow/.local/lib/python3.7/site-packages/airflow/example_dags/example_xcomargs.py
[2023-01-15T00:26:15.840+0000] {logging_mixin.py:120} INFO - [2023-01-15T00:26:15.840+0000] {dag.py:2585} INFO - Sync 2 DAGs
[2023-01-15T00:26:15.857+0000] {logging_mixin.py:120} INFO - [2023-01-15T00:26:15.857+0000] {dag.py:3340} INFO - Setting next_dagrun for example_xcom_args to None, run_after=None
[2023-01-15T00:26:15.859+0000] {logging_mixin.py:120} INFO - [2023-01-15T00:26:15.859+0000] {dag.py:3340} INFO - Setting next_dagrun for example_xcom_args_with_operators to None, run_after=None
[2023-01-15T00:26:15.871+0000] {processor.py:176} INFO - Processing /home/airflow/.local/lib/python3.7/site-packages/airflow/example_dags/example_xcomargs.py took 0.084 seconds
[2023-01-15T00:26:46.916+0000] {processor.py:154} INFO - Started process (PID=1451) to work on /home/airflow/.local/lib/python3.7/site-packages/airflow/example_dags/example_xcomargs.py
[2023-01-15T00:26:46.917+0000] {processor.py:756} INFO - Processing file /home/airflow/.local/lib/python3.7/site-packages/airflow/example_dags/example_xcomargs.py for tasks to queue
[2023-01-15T00:26:46.918+0000] {logging_mixin.py:120} INFO - [2023-01-15T00:26:46.917+0000] {dagbag.py:537} INFO - Filling up the DagBag from /home/airflow/.local/lib/python3.7/site-packages/airflow/example_dags/example_xcomargs.py
[2023-01-15T00:26:46.931+0000] {processor.py:766} INFO - DAG(s) dict_keys(['example_xcom_args', 'example_xcom_args_with_operators']) retrieved from /home/airflow/.local/lib/python3.7/site-packages/airflow/example_dags/example_xcomargs.py
[2023-01-15T00:26:46.957+0000] {logging_mixin.py:120} INFO - [2023-01-15T00:26:46.957+0000] {dag.py:2585} INFO - Sync 2 DAGs
[2023-01-15T00:26:46.972+0000] {logging_mixin.py:120} INFO - [2023-01-15T00:26:46.971+0000] {dag.py:3340} INFO - Setting next_dagrun for example_xcom_args to None, run_after=None
[2023-01-15T00:26:46.974+0000] {logging_mixin.py:120} INFO - [2023-01-15T00:26:46.974+0000] {dag.py:3340} INFO - Setting next_dagrun for example_xcom_args_with_operators to None, run_after=None
[2023-01-15T00:26:46.985+0000] {processor.py:176} INFO - Processing /home/airflow/.local/lib/python3.7/site-packages/airflow/example_dags/example_xcomargs.py took 0.071 seconds
[2023-01-15T00:27:17.336+0000] {processor.py:154} INFO - Started process (PID=1516) to work on /home/airflow/.local/lib/python3.7/site-packages/airflow/example_dags/example_xcomargs.py
[2023-01-15T00:27:17.337+0000] {processor.py:756} INFO - Processing file /home/airflow/.local/lib/python3.7/site-packages/airflow/example_dags/example_xcomargs.py for tasks to queue
[2023-01-15T00:27:17.337+0000] {logging_mixin.py:120} INFO - [2023-01-15T00:27:17.337+0000] {dagbag.py:537} INFO - Filling up the DagBag from /home/airflow/.local/lib/python3.7/site-packages/airflow/example_dags/example_xcomargs.py
[2023-01-15T00:27:17.351+0000] {processor.py:766} INFO - DAG(s) dict_keys(['example_xcom_args_with_operators', 'example_xcom_args']) retrieved from /home/airflow/.local/lib/python3.7/site-packages/airflow/example_dags/example_xcomargs.py
[2023-01-15T00:27:17.378+0000] {logging_mixin.py:120} INFO - [2023-01-15T00:27:17.378+0000] {dag.py:2585} INFO - Sync 2 DAGs
[2023-01-15T00:27:17.395+0000] {logging_mixin.py:120} INFO - [2023-01-15T00:27:17.395+0000] {dag.py:3340} INFO - Setting next_dagrun for example_xcom_args to None, run_after=None
[2023-01-15T00:27:17.397+0000] {logging_mixin.py:120} INFO - [2023-01-15T00:27:17.397+0000] {dag.py:3340} INFO - Setting next_dagrun for example_xcom_args_with_operators to None, run_after=None
[2023-01-15T00:27:17.408+0000] {processor.py:176} INFO - Processing /home/airflow/.local/lib/python3.7/site-packages/airflow/example_dags/example_xcomargs.py took 0.073 seconds
[2023-01-15T00:27:47.644+0000] {processor.py:154} INFO - Started process (PID=1580) to work on /home/airflow/.local/lib/python3.7/site-packages/airflow/example_dags/example_xcomargs.py
[2023-01-15T00:27:47.645+0000] {processor.py:756} INFO - Processing file /home/airflow/.local/lib/python3.7/site-packages/airflow/example_dags/example_xcomargs.py for tasks to queue
[2023-01-15T00:27:47.645+0000] {logging_mixin.py:120} INFO - [2023-01-15T00:27:47.645+0000] {dagbag.py:537} INFO - Filling up the DagBag from /home/airflow/.local/lib/python3.7/site-packages/airflow/example_dags/example_xcomargs.py
[2023-01-15T00:27:47.659+0000] {processor.py:766} INFO - DAG(s) dict_keys(['example_xcom_args_with_operators', 'example_xcom_args']) retrieved from /home/airflow/.local/lib/python3.7/site-packages/airflow/example_dags/example_xcomargs.py
[2023-01-15T00:27:47.686+0000] {logging_mixin.py:120} INFO - [2023-01-15T00:27:47.686+0000] {dag.py:2585} INFO - Sync 2 DAGs
[2023-01-15T00:27:47.702+0000] {logging_mixin.py:120} INFO - [2023-01-15T00:27:47.702+0000] {dag.py:3340} INFO - Setting next_dagrun for example_xcom_args to None, run_after=None
[2023-01-15T00:27:47.705+0000] {logging_mixin.py:120} INFO - [2023-01-15T00:27:47.704+0000] {dag.py:3340} INFO - Setting next_dagrun for example_xcom_args_with_operators to None, run_after=None
[2023-01-15T00:27:47.715+0000] {processor.py:176} INFO - Processing /home/airflow/.local/lib/python3.7/site-packages/airflow/example_dags/example_xcomargs.py took 0.072 seconds
[2023-01-15T00:28:17.848+0000] {processor.py:154} INFO - Started process (PID=1645) to work on /home/airflow/.local/lib/python3.7/site-packages/airflow/example_dags/example_xcomargs.py
[2023-01-15T00:28:17.849+0000] {processor.py:756} INFO - Processing file /home/airflow/.local/lib/python3.7/site-packages/airflow/example_dags/example_xcomargs.py for tasks to queue
[2023-01-15T00:28:17.849+0000] {logging_mixin.py:120} INFO - [2023-01-15T00:28:17.849+0000] {dagbag.py:537} INFO - Filling up the DagBag from /home/airflow/.local/lib/python3.7/site-packages/airflow/example_dags/example_xcomargs.py
[2023-01-15T00:28:17.864+0000] {processor.py:766} INFO - DAG(s) dict_keys(['example_xcom_args', 'example_xcom_args_with_operators']) retrieved from /home/airflow/.local/lib/python3.7/site-packages/airflow/example_dags/example_xcomargs.py
[2023-01-15T00:28:17.892+0000] {logging_mixin.py:120} INFO - [2023-01-15T00:28:17.891+0000] {dag.py:2585} INFO - Sync 2 DAGs
[2023-01-15T00:28:17.908+0000] {logging_mixin.py:120} INFO - [2023-01-15T00:28:17.908+0000] {dag.py:3340} INFO - Setting next_dagrun for example_xcom_args to None, run_after=None
[2023-01-15T00:28:17.910+0000] {logging_mixin.py:120} INFO - [2023-01-15T00:28:17.910+0000] {dag.py:3340} INFO - Setting next_dagrun for example_xcom_args_with_operators to None, run_after=None
[2023-01-15T00:28:17.921+0000] {processor.py:176} INFO - Processing /home/airflow/.local/lib/python3.7/site-packages/airflow/example_dags/example_xcomargs.py took 0.074 seconds
[2023-01-15T00:28:48.984+0000] {processor.py:154} INFO - Started process (PID=1710) to work on /home/airflow/.local/lib/python3.7/site-packages/airflow/example_dags/example_xcomargs.py
[2023-01-15T00:28:48.985+0000] {processor.py:756} INFO - Processing file /home/airflow/.local/lib/python3.7/site-packages/airflow/example_dags/example_xcomargs.py for tasks to queue
[2023-01-15T00:28:48.985+0000] {logging_mixin.py:120} INFO - [2023-01-15T00:28:48.985+0000] {dagbag.py:537} INFO - Filling up the DagBag from /home/airflow/.local/lib/python3.7/site-packages/airflow/example_dags/example_xcomargs.py
[2023-01-15T00:28:49.003+0000] {processor.py:766} INFO - DAG(s) dict_keys(['example_xcom_args', 'example_xcom_args_with_operators']) retrieved from /home/airflow/.local/lib/python3.7/site-packages/airflow/example_dags/example_xcomargs.py
[2023-01-15T00:28:49.032+0000] {logging_mixin.py:120} INFO - [2023-01-15T00:28:49.032+0000] {dag.py:2585} INFO - Sync 2 DAGs
[2023-01-15T00:28:49.048+0000] {logging_mixin.py:120} INFO - [2023-01-15T00:28:49.048+0000] {dag.py:3340} INFO - Setting next_dagrun for example_xcom_args to None, run_after=None
[2023-01-15T00:28:49.051+0000] {logging_mixin.py:120} INFO - [2023-01-15T00:28:49.051+0000] {dag.py:3340} INFO - Setting next_dagrun for example_xcom_args_with_operators to None, run_after=None
[2023-01-15T00:28:49.063+0000] {processor.py:176} INFO - Processing /home/airflow/.local/lib/python3.7/site-packages/airflow/example_dags/example_xcomargs.py took 0.081 seconds
[2023-01-15T00:29:20.076+0000] {processor.py:154} INFO - Started process (PID=1766) to work on /home/airflow/.local/lib/python3.7/site-packages/airflow/example_dags/example_xcomargs.py
[2023-01-15T00:29:20.077+0000] {processor.py:756} INFO - Processing file /home/airflow/.local/lib/python3.7/site-packages/airflow/example_dags/example_xcomargs.py for tasks to queue
[2023-01-15T00:29:20.077+0000] {logging_mixin.py:120} INFO - [2023-01-15T00:29:20.077+0000] {dagbag.py:537} INFO - Filling up the DagBag from /home/airflow/.local/lib/python3.7/site-packages/airflow/example_dags/example_xcomargs.py
[2023-01-15T00:29:20.091+0000] {processor.py:766} INFO - DAG(s) dict_keys(['example_xcom_args_with_operators', 'example_xcom_args']) retrieved from /home/airflow/.local/lib/python3.7/site-packages/airflow/example_dags/example_xcomargs.py
[2023-01-15T00:29:20.119+0000] {logging_mixin.py:120} INFO - [2023-01-15T00:29:20.119+0000] {dag.py:2585} INFO - Sync 2 DAGs
[2023-01-15T00:29:20.135+0000] {logging_mixin.py:120} INFO - [2023-01-15T00:29:20.135+0000] {dag.py:3340} INFO - Setting next_dagrun for example_xcom_args to None, run_after=None
[2023-01-15T00:29:20.137+0000] {logging_mixin.py:120} INFO - [2023-01-15T00:29:20.137+0000] {dag.py:3340} INFO - Setting next_dagrun for example_xcom_args_with_operators to None, run_after=None
[2023-01-15T00:29:20.147+0000] {processor.py:176} INFO - Processing /home/airflow/.local/lib/python3.7/site-packages/airflow/example_dags/example_xcomargs.py took 0.073 seconds
[2023-01-15T00:29:50.365+0000] {processor.py:154} INFO - Started process (PID=1832) to work on /home/airflow/.local/lib/python3.7/site-packages/airflow/example_dags/example_xcomargs.py
[2023-01-15T00:29:50.366+0000] {processor.py:756} INFO - Processing file /home/airflow/.local/lib/python3.7/site-packages/airflow/example_dags/example_xcomargs.py for tasks to queue
[2023-01-15T00:29:50.366+0000] {logging_mixin.py:120} INFO - [2023-01-15T00:29:50.366+0000] {dagbag.py:537} INFO - Filling up the DagBag from /home/airflow/.local/lib/python3.7/site-packages/airflow/example_dags/example_xcomargs.py
[2023-01-15T00:29:50.382+0000] {processor.py:766} INFO - DAG(s) dict_keys(['example_xcom_args_with_operators', 'example_xcom_args']) retrieved from /home/airflow/.local/lib/python3.7/site-packages/airflow/example_dags/example_xcomargs.py
[2023-01-15T00:29:50.411+0000] {logging_mixin.py:120} INFO - [2023-01-15T00:29:50.411+0000] {dag.py:2585} INFO - Sync 2 DAGs
[2023-01-15T00:29:50.426+0000] {logging_mixin.py:120} INFO - [2023-01-15T00:29:50.426+0000] {dag.py:3340} INFO - Setting next_dagrun for example_xcom_args to None, run_after=None
[2023-01-15T00:29:50.428+0000] {logging_mixin.py:120} INFO - [2023-01-15T00:29:50.428+0000] {dag.py:3340} INFO - Setting next_dagrun for example_xcom_args_with_operators to None, run_after=None
[2023-01-15T00:29:50.442+0000] {processor.py:176} INFO - Processing /home/airflow/.local/lib/python3.7/site-packages/airflow/example_dags/example_xcomargs.py took 0.078 seconds
[2023-01-15T00:30:21.402+0000] {processor.py:154} INFO - Started process (PID=1897) to work on /home/airflow/.local/lib/python3.7/site-packages/airflow/example_dags/example_xcomargs.py
[2023-01-15T00:30:21.403+0000] {processor.py:756} INFO - Processing file /home/airflow/.local/lib/python3.7/site-packages/airflow/example_dags/example_xcomargs.py for tasks to queue
[2023-01-15T00:30:21.403+0000] {logging_mixin.py:120} INFO - [2023-01-15T00:30:21.403+0000] {dagbag.py:537} INFO - Filling up the DagBag from /home/airflow/.local/lib/python3.7/site-packages/airflow/example_dags/example_xcomargs.py
[2023-01-15T00:30:21.417+0000] {processor.py:766} INFO - DAG(s) dict_keys(['example_xcom_args', 'example_xcom_args_with_operators']) retrieved from /home/airflow/.local/lib/python3.7/site-packages/airflow/example_dags/example_xcomargs.py
[2023-01-15T00:30:21.444+0000] {logging_mixin.py:120} INFO - [2023-01-15T00:30:21.443+0000] {dag.py:2585} INFO - Sync 2 DAGs
[2023-01-15T00:30:21.460+0000] {logging_mixin.py:120} INFO - [2023-01-15T00:30:21.460+0000] {dag.py:3340} INFO - Setting next_dagrun for example_xcom_args to None, run_after=None
[2023-01-15T00:30:21.462+0000] {logging_mixin.py:120} INFO - [2023-01-15T00:30:21.462+0000] {dag.py:3340} INFO - Setting next_dagrun for example_xcom_args_with_operators to None, run_after=None
[2023-01-15T00:30:21.471+0000] {processor.py:176} INFO - Processing /home/airflow/.local/lib/python3.7/site-packages/airflow/example_dags/example_xcomargs.py took 0.071 seconds
[2023-01-15T00:30:52.392+0000] {processor.py:154} INFO - Started process (PID=1962) to work on /home/airflow/.local/lib/python3.7/site-packages/airflow/example_dags/example_xcomargs.py
[2023-01-15T00:30:52.394+0000] {processor.py:756} INFO - Processing file /home/airflow/.local/lib/python3.7/site-packages/airflow/example_dags/example_xcomargs.py for tasks to queue
[2023-01-15T00:30:52.394+0000] {logging_mixin.py:120} INFO - [2023-01-15T00:30:52.394+0000] {dagbag.py:537} INFO - Filling up the DagBag from /home/airflow/.local/lib/python3.7/site-packages/airflow/example_dags/example_xcomargs.py
[2023-01-15T00:30:52.409+0000] {processor.py:766} INFO - DAG(s) dict_keys(['example_xcom_args', 'example_xcom_args_with_operators']) retrieved from /home/airflow/.local/lib/python3.7/site-packages/airflow/example_dags/example_xcomargs.py
[2023-01-15T00:30:52.436+0000] {logging_mixin.py:120} INFO - [2023-01-15T00:30:52.436+0000] {dag.py:2585} INFO - Sync 2 DAGs
[2023-01-15T00:30:52.454+0000] {logging_mixin.py:120} INFO - [2023-01-15T00:30:52.454+0000] {dag.py:3340} INFO - Setting next_dagrun for example_xcom_args to None, run_after=None
[2023-01-15T00:30:52.456+0000] {logging_mixin.py:120} INFO - [2023-01-15T00:30:52.456+0000] {dag.py:3340} INFO - Setting next_dagrun for example_xcom_args_with_operators to None, run_after=None
[2023-01-15T00:30:52.468+0000] {processor.py:176} INFO - Processing /home/airflow/.local/lib/python3.7/site-packages/airflow/example_dags/example_xcomargs.py took 0.078 seconds
[2023-01-15T00:31:23.414+0000] {processor.py:154} INFO - Started process (PID=2026) to work on /home/airflow/.local/lib/python3.7/site-packages/airflow/example_dags/example_xcomargs.py
[2023-01-15T00:31:23.415+0000] {processor.py:756} INFO - Processing file /home/airflow/.local/lib/python3.7/site-packages/airflow/example_dags/example_xcomargs.py for tasks to queue
[2023-01-15T00:31:23.415+0000] {logging_mixin.py:120} INFO - [2023-01-15T00:31:23.415+0000] {dagbag.py:537} INFO - Filling up the DagBag from /home/airflow/.local/lib/python3.7/site-packages/airflow/example_dags/example_xcomargs.py
[2023-01-15T00:31:23.429+0000] {processor.py:766} INFO - DAG(s) dict_keys(['example_xcom_args', 'example_xcom_args_with_operators']) retrieved from /home/airflow/.local/lib/python3.7/site-packages/airflow/example_dags/example_xcomargs.py
[2023-01-15T00:31:23.457+0000] {logging_mixin.py:120} INFO - [2023-01-15T00:31:23.456+0000] {dag.py:2585} INFO - Sync 2 DAGs
[2023-01-15T00:31:23.474+0000] {logging_mixin.py:120} INFO - [2023-01-15T00:31:23.474+0000] {dag.py:3340} INFO - Setting next_dagrun for example_xcom_args to None, run_after=None
[2023-01-15T00:31:23.476+0000] {logging_mixin.py:120} INFO - [2023-01-15T00:31:23.476+0000] {dag.py:3340} INFO - Setting next_dagrun for example_xcom_args_with_operators to None, run_after=None
[2023-01-15T00:31:23.488+0000] {processor.py:176} INFO - Processing /home/airflow/.local/lib/python3.7/site-packages/airflow/example_dags/example_xcomargs.py took 0.075 seconds
[2023-01-15T00:31:54.480+0000] {processor.py:154} INFO - Started process (PID=2091) to work on /home/airflow/.local/lib/python3.7/site-packages/airflow/example_dags/example_xcomargs.py
[2023-01-15T00:31:54.481+0000] {processor.py:756} INFO - Processing file /home/airflow/.local/lib/python3.7/site-packages/airflow/example_dags/example_xcomargs.py for tasks to queue
[2023-01-15T00:31:54.481+0000] {logging_mixin.py:120} INFO - [2023-01-15T00:31:54.481+0000] {dagbag.py:537} INFO - Filling up the DagBag from /home/airflow/.local/lib/python3.7/site-packages/airflow/example_dags/example_xcomargs.py
[2023-01-15T00:31:54.497+0000] {processor.py:766} INFO - DAG(s) dict_keys(['example_xcom_args', 'example_xcom_args_with_operators']) retrieved from /home/airflow/.local/lib/python3.7/site-packages/airflow/example_dags/example_xcomargs.py
[2023-01-15T00:31:54.526+0000] {logging_mixin.py:120} INFO - [2023-01-15T00:31:54.526+0000] {dag.py:2585} INFO - Sync 2 DAGs
[2023-01-15T00:31:54.546+0000] {logging_mixin.py:120} INFO - [2023-01-15T00:31:54.546+0000] {dag.py:3340} INFO - Setting next_dagrun for example_xcom_args to None, run_after=None
[2023-01-15T00:31:54.550+0000] {logging_mixin.py:120} INFO - [2023-01-15T00:31:54.550+0000] {dag.py:3340} INFO - Setting next_dagrun for example_xcom_args_with_operators to None, run_after=None
[2023-01-15T00:31:54.569+0000] {processor.py:176} INFO - Processing /home/airflow/.local/lib/python3.7/site-packages/airflow/example_dags/example_xcomargs.py took 0.091 seconds
[2023-01-15T00:32:24.667+0000] {processor.py:154} INFO - Started process (PID=2147) to work on /home/airflow/.local/lib/python3.7/site-packages/airflow/example_dags/example_xcomargs.py
[2023-01-15T00:32:24.668+0000] {processor.py:756} INFO - Processing file /home/airflow/.local/lib/python3.7/site-packages/airflow/example_dags/example_xcomargs.py for tasks to queue
[2023-01-15T00:32:24.668+0000] {logging_mixin.py:120} INFO - [2023-01-15T00:32:24.668+0000] {dagbag.py:537} INFO - Filling up the DagBag from /home/airflow/.local/lib/python3.7/site-packages/airflow/example_dags/example_xcomargs.py
[2023-01-15T00:32:24.682+0000] {processor.py:766} INFO - DAG(s) dict_keys(['example_xcom_args_with_operators', 'example_xcom_args']) retrieved from /home/airflow/.local/lib/python3.7/site-packages/airflow/example_dags/example_xcomargs.py
[2023-01-15T00:32:24.709+0000] {logging_mixin.py:120} INFO - [2023-01-15T00:32:24.708+0000] {dag.py:2585} INFO - Sync 2 DAGs
[2023-01-15T00:32:24.731+0000] {logging_mixin.py:120} INFO - [2023-01-15T00:32:24.731+0000] {dag.py:3340} INFO - Setting next_dagrun for example_xcom_args to None, run_after=None
[2023-01-15T00:32:24.734+0000] {logging_mixin.py:120} INFO - [2023-01-15T00:32:24.734+0000] {dag.py:3340} INFO - Setting next_dagrun for example_xcom_args_with_operators to None, run_after=None
[2023-01-15T00:32:24.745+0000] {processor.py:176} INFO - Processing /home/airflow/.local/lib/python3.7/site-packages/airflow/example_dags/example_xcomargs.py took 0.080 seconds
[2023-01-15T00:32:55.023+0000] {processor.py:154} INFO - Started process (PID=2213) to work on /home/airflow/.local/lib/python3.7/site-packages/airflow/example_dags/example_xcomargs.py
[2023-01-15T00:32:55.024+0000] {processor.py:756} INFO - Processing file /home/airflow/.local/lib/python3.7/site-packages/airflow/example_dags/example_xcomargs.py for tasks to queue
[2023-01-15T00:32:55.024+0000] {logging_mixin.py:120} INFO - [2023-01-15T00:32:55.024+0000] {dagbag.py:537} INFO - Filling up the DagBag from /home/airflow/.local/lib/python3.7/site-packages/airflow/example_dags/example_xcomargs.py
[2023-01-15T00:32:55.039+0000] {processor.py:766} INFO - DAG(s) dict_keys(['example_xcom_args_with_operators', 'example_xcom_args']) retrieved from /home/airflow/.local/lib/python3.7/site-packages/airflow/example_dags/example_xcomargs.py
[2023-01-15T00:32:55.067+0000] {logging_mixin.py:120} INFO - [2023-01-15T00:32:55.067+0000] {dag.py:2585} INFO - Sync 2 DAGs
[2023-01-15T00:32:55.090+0000] {logging_mixin.py:120} INFO - [2023-01-15T00:32:55.090+0000] {dag.py:3340} INFO - Setting next_dagrun for example_xcom_args to None, run_after=None
[2023-01-15T00:32:55.093+0000] {logging_mixin.py:120} INFO - [2023-01-15T00:32:55.092+0000] {dag.py:3340} INFO - Setting next_dagrun for example_xcom_args_with_operators to None, run_after=None
[2023-01-15T00:32:55.105+0000] {processor.py:176} INFO - Processing /home/airflow/.local/lib/python3.7/site-packages/airflow/example_dags/example_xcomargs.py took 0.084 seconds
[2023-01-15T00:33:25.215+0000] {processor.py:154} INFO - Started process (PID=2278) to work on /home/airflow/.local/lib/python3.7/site-packages/airflow/example_dags/example_xcomargs.py
[2023-01-15T00:33:25.216+0000] {processor.py:756} INFO - Processing file /home/airflow/.local/lib/python3.7/site-packages/airflow/example_dags/example_xcomargs.py for tasks to queue
[2023-01-15T00:33:25.217+0000] {logging_mixin.py:120} INFO - [2023-01-15T00:33:25.217+0000] {dagbag.py:537} INFO - Filling up the DagBag from /home/airflow/.local/lib/python3.7/site-packages/airflow/example_dags/example_xcomargs.py
[2023-01-15T00:33:25.232+0000] {processor.py:766} INFO - DAG(s) dict_keys(['example_xcom_args', 'example_xcom_args_with_operators']) retrieved from /home/airflow/.local/lib/python3.7/site-packages/airflow/example_dags/example_xcomargs.py
[2023-01-15T00:33:25.260+0000] {logging_mixin.py:120} INFO - [2023-01-15T00:33:25.260+0000] {dag.py:2585} INFO - Sync 2 DAGs
[2023-01-15T00:33:25.278+0000] {logging_mixin.py:120} INFO - [2023-01-15T00:33:25.278+0000] {dag.py:3340} INFO - Setting next_dagrun for example_xcom_args to None, run_after=None
[2023-01-15T00:33:25.280+0000] {logging_mixin.py:120} INFO - [2023-01-15T00:33:25.280+0000] {dag.py:3340} INFO - Setting next_dagrun for example_xcom_args_with_operators to None, run_after=None
[2023-01-15T00:33:25.291+0000] {processor.py:176} INFO - Processing /home/airflow/.local/lib/python3.7/site-packages/airflow/example_dags/example_xcomargs.py took 0.077 seconds
