[2023-01-15T00:15:34.901+0000] {processor.py:154} INFO - Started process (PID=78) to work on /home/airflow/.local/lib/python3.7/site-packages/airflow/example_dags/example_branch_day_of_week_operator.py
[2023-01-15T00:15:34.902+0000] {processor.py:756} INFO - Processing file /home/airflow/.local/lib/python3.7/site-packages/airflow/example_dags/example_branch_day_of_week_operator.py for tasks to queue
[2023-01-15T00:15:34.903+0000] {logging_mixin.py:120} INFO - [2023-01-15T00:15:34.902+0000] {dagbag.py:537} INFO - Filling up the DagBag from /home/airflow/.local/lib/python3.7/site-packages/airflow/example_dags/example_branch_day_of_week_operator.py
[2023-01-15T00:15:34.940+0000] {processor.py:766} INFO - DAG(s) dict_keys(['example_weekday_branch_operator']) retrieved from /home/airflow/.local/lib/python3.7/site-packages/airflow/example_dags/example_branch_day_of_week_operator.py
[2023-01-15T00:15:35.006+0000] {logging_mixin.py:120} INFO - [2023-01-15T00:15:35.006+0000] {dag.py:2585} INFO - Sync 1 DAGs
[2023-01-15T00:15:35.054+0000] {logging_mixin.py:120} INFO - [2023-01-15T00:15:35.053+0000] {dag.py:3340} INFO - Setting next_dagrun for example_weekday_branch_operator to 2023-01-14T00:00:00+00:00, run_after=2023-01-15T00:00:00+00:00
[2023-01-15T00:15:35.086+0000] {processor.py:176} INFO - Processing /home/airflow/.local/lib/python3.7/site-packages/airflow/example_dags/example_branch_day_of_week_operator.py took 0.191 seconds
[2023-01-15T00:16:05.681+0000] {processor.py:154} INFO - Started process (PID=144) to work on /home/airflow/.local/lib/python3.7/site-packages/airflow/example_dags/example_branch_day_of_week_operator.py
[2023-01-15T00:16:05.682+0000] {processor.py:756} INFO - Processing file /home/airflow/.local/lib/python3.7/site-packages/airflow/example_dags/example_branch_day_of_week_operator.py for tasks to queue
[2023-01-15T00:16:05.682+0000] {logging_mixin.py:120} INFO - [2023-01-15T00:16:05.682+0000] {dagbag.py:537} INFO - Filling up the DagBag from /home/airflow/.local/lib/python3.7/site-packages/airflow/example_dags/example_branch_day_of_week_operator.py
[2023-01-15T00:16:05.691+0000] {processor.py:766} INFO - DAG(s) dict_keys(['example_weekday_branch_operator']) retrieved from /home/airflow/.local/lib/python3.7/site-packages/airflow/example_dags/example_branch_day_of_week_operator.py
[2023-01-15T00:16:05.719+0000] {logging_mixin.py:120} INFO - [2023-01-15T00:16:05.719+0000] {dag.py:2585} INFO - Sync 1 DAGs
[2023-01-15T00:16:05.737+0000] {logging_mixin.py:120} INFO - [2023-01-15T00:16:05.737+0000] {dag.py:3340} INFO - Setting next_dagrun for example_weekday_branch_operator to 2023-01-14T00:00:00+00:00, run_after=2023-01-15T00:00:00+00:00
[2023-01-15T00:16:05.750+0000] {processor.py:176} INFO - Processing /home/airflow/.local/lib/python3.7/site-packages/airflow/example_dags/example_branch_day_of_week_operator.py took 0.071 seconds
[2023-01-15T00:16:36.157+0000] {processor.py:154} INFO - Started process (PID=210) to work on /home/airflow/.local/lib/python3.7/site-packages/airflow/example_dags/example_branch_day_of_week_operator.py
[2023-01-15T00:16:36.158+0000] {processor.py:756} INFO - Processing file /home/airflow/.local/lib/python3.7/site-packages/airflow/example_dags/example_branch_day_of_week_operator.py for tasks to queue
[2023-01-15T00:16:36.158+0000] {logging_mixin.py:120} INFO - [2023-01-15T00:16:36.158+0000] {dagbag.py:537} INFO - Filling up the DagBag from /home/airflow/.local/lib/python3.7/site-packages/airflow/example_dags/example_branch_day_of_week_operator.py
[2023-01-15T00:16:36.169+0000] {processor.py:766} INFO - DAG(s) dict_keys(['example_weekday_branch_operator']) retrieved from /home/airflow/.local/lib/python3.7/site-packages/airflow/example_dags/example_branch_day_of_week_operator.py
[2023-01-15T00:16:36.198+0000] {logging_mixin.py:120} INFO - [2023-01-15T00:16:36.198+0000] {dag.py:2585} INFO - Sync 1 DAGs
[2023-01-15T00:16:36.217+0000] {logging_mixin.py:120} INFO - [2023-01-15T00:16:36.217+0000] {dag.py:3340} INFO - Setting next_dagrun for example_weekday_branch_operator to 2023-01-14T00:00:00+00:00, run_after=2023-01-15T00:00:00+00:00
[2023-01-15T00:16:36.230+0000] {processor.py:176} INFO - Processing /home/airflow/.local/lib/python3.7/site-packages/airflow/example_dags/example_branch_day_of_week_operator.py took 0.075 seconds
[2023-01-15T00:17:06.487+0000] {processor.py:154} INFO - Started process (PID=275) to work on /home/airflow/.local/lib/python3.7/site-packages/airflow/example_dags/example_branch_day_of_week_operator.py
[2023-01-15T00:17:06.488+0000] {processor.py:756} INFO - Processing file /home/airflow/.local/lib/python3.7/site-packages/airflow/example_dags/example_branch_day_of_week_operator.py for tasks to queue
[2023-01-15T00:17:06.488+0000] {logging_mixin.py:120} INFO - [2023-01-15T00:17:06.488+0000] {dagbag.py:537} INFO - Filling up the DagBag from /home/airflow/.local/lib/python3.7/site-packages/airflow/example_dags/example_branch_day_of_week_operator.py
[2023-01-15T00:17:06.504+0000] {processor.py:766} INFO - DAG(s) dict_keys(['example_weekday_branch_operator']) retrieved from /home/airflow/.local/lib/python3.7/site-packages/airflow/example_dags/example_branch_day_of_week_operator.py
[2023-01-15T00:17:06.543+0000] {logging_mixin.py:120} INFO - [2023-01-15T00:17:06.542+0000] {dag.py:2585} INFO - Sync 1 DAGs
[2023-01-15T00:17:06.577+0000] {logging_mixin.py:120} INFO - [2023-01-15T00:17:06.577+0000] {dag.py:3340} INFO - Setting next_dagrun for example_weekday_branch_operator to 2023-01-14T00:00:00+00:00, run_after=2023-01-15T00:00:00+00:00
[2023-01-15T00:17:06.600+0000] {processor.py:176} INFO - Processing /home/airflow/.local/lib/python3.7/site-packages/airflow/example_dags/example_branch_day_of_week_operator.py took 0.116 seconds
[2023-01-15T00:17:37.551+0000] {processor.py:154} INFO - Started process (PID=331) to work on /home/airflow/.local/lib/python3.7/site-packages/airflow/example_dags/example_branch_day_of_week_operator.py
[2023-01-15T00:17:37.552+0000] {processor.py:756} INFO - Processing file /home/airflow/.local/lib/python3.7/site-packages/airflow/example_dags/example_branch_day_of_week_operator.py for tasks to queue
[2023-01-15T00:17:37.553+0000] {logging_mixin.py:120} INFO - [2023-01-15T00:17:37.553+0000] {dagbag.py:537} INFO - Filling up the DagBag from /home/airflow/.local/lib/python3.7/site-packages/airflow/example_dags/example_branch_day_of_week_operator.py
[2023-01-15T00:17:37.562+0000] {processor.py:766} INFO - DAG(s) dict_keys(['example_weekday_branch_operator']) retrieved from /home/airflow/.local/lib/python3.7/site-packages/airflow/example_dags/example_branch_day_of_week_operator.py
[2023-01-15T00:17:37.588+0000] {logging_mixin.py:120} INFO - [2023-01-15T00:17:37.588+0000] {dag.py:2585} INFO - Sync 1 DAGs
[2023-01-15T00:17:37.606+0000] {logging_mixin.py:120} INFO - [2023-01-15T00:17:37.606+0000] {dag.py:3340} INFO - Setting next_dagrun for example_weekday_branch_operator to 2023-01-14T00:00:00+00:00, run_after=2023-01-15T00:00:00+00:00
[2023-01-15T00:17:37.620+0000] {processor.py:176} INFO - Processing /home/airflow/.local/lib/python3.7/site-packages/airflow/example_dags/example_branch_day_of_week_operator.py took 0.070 seconds
[2023-01-15T00:18:07.996+0000] {processor.py:154} INFO - Started process (PID=396) to work on /home/airflow/.local/lib/python3.7/site-packages/airflow/example_dags/example_branch_day_of_week_operator.py
[2023-01-15T00:18:07.997+0000] {processor.py:756} INFO - Processing file /home/airflow/.local/lib/python3.7/site-packages/airflow/example_dags/example_branch_day_of_week_operator.py for tasks to queue
[2023-01-15T00:18:07.997+0000] {logging_mixin.py:120} INFO - [2023-01-15T00:18:07.997+0000] {dagbag.py:537} INFO - Filling up the DagBag from /home/airflow/.local/lib/python3.7/site-packages/airflow/example_dags/example_branch_day_of_week_operator.py
[2023-01-15T00:18:08.007+0000] {processor.py:766} INFO - DAG(s) dict_keys(['example_weekday_branch_operator']) retrieved from /home/airflow/.local/lib/python3.7/site-packages/airflow/example_dags/example_branch_day_of_week_operator.py
[2023-01-15T00:18:08.033+0000] {logging_mixin.py:120} INFO - [2023-01-15T00:18:08.032+0000] {dag.py:2585} INFO - Sync 1 DAGs
[2023-01-15T00:18:08.050+0000] {logging_mixin.py:120} INFO - [2023-01-15T00:18:08.050+0000] {dag.py:3340} INFO - Setting next_dagrun for example_weekday_branch_operator to 2023-01-14T00:00:00+00:00, run_after=2023-01-15T00:00:00+00:00
[2023-01-15T00:18:08.065+0000] {processor.py:176} INFO - Processing /home/airflow/.local/lib/python3.7/site-packages/airflow/example_dags/example_branch_day_of_week_operator.py took 0.071 seconds
[2023-01-15T00:18:38.498+0000] {processor.py:154} INFO - Started process (PID=461) to work on /home/airflow/.local/lib/python3.7/site-packages/airflow/example_dags/example_branch_day_of_week_operator.py
[2023-01-15T00:18:38.499+0000] {processor.py:756} INFO - Processing file /home/airflow/.local/lib/python3.7/site-packages/airflow/example_dags/example_branch_day_of_week_operator.py for tasks to queue
[2023-01-15T00:18:38.499+0000] {logging_mixin.py:120} INFO - [2023-01-15T00:18:38.499+0000] {dagbag.py:537} INFO - Filling up the DagBag from /home/airflow/.local/lib/python3.7/site-packages/airflow/example_dags/example_branch_day_of_week_operator.py
[2023-01-15T00:18:38.508+0000] {processor.py:766} INFO - DAG(s) dict_keys(['example_weekday_branch_operator']) retrieved from /home/airflow/.local/lib/python3.7/site-packages/airflow/example_dags/example_branch_day_of_week_operator.py
[2023-01-15T00:18:38.535+0000] {logging_mixin.py:120} INFO - [2023-01-15T00:18:38.535+0000] {dag.py:2585} INFO - Sync 1 DAGs
[2023-01-15T00:18:38.553+0000] {logging_mixin.py:120} INFO - [2023-01-15T00:18:38.553+0000] {dag.py:3340} INFO - Setting next_dagrun for example_weekday_branch_operator to 2023-01-14T00:00:00+00:00, run_after=2023-01-15T00:00:00+00:00
[2023-01-15T00:18:38.567+0000] {processor.py:176} INFO - Processing /home/airflow/.local/lib/python3.7/site-packages/airflow/example_dags/example_branch_day_of_week_operator.py took 0.071 seconds
[2023-01-15T00:19:08.977+0000] {processor.py:154} INFO - Started process (PID=526) to work on /home/airflow/.local/lib/python3.7/site-packages/airflow/example_dags/example_branch_day_of_week_operator.py
[2023-01-15T00:19:08.978+0000] {processor.py:756} INFO - Processing file /home/airflow/.local/lib/python3.7/site-packages/airflow/example_dags/example_branch_day_of_week_operator.py for tasks to queue
[2023-01-15T00:19:08.979+0000] {logging_mixin.py:120} INFO - [2023-01-15T00:19:08.979+0000] {dagbag.py:537} INFO - Filling up the DagBag from /home/airflow/.local/lib/python3.7/site-packages/airflow/example_dags/example_branch_day_of_week_operator.py
[2023-01-15T00:19:08.989+0000] {processor.py:766} INFO - DAG(s) dict_keys(['example_weekday_branch_operator']) retrieved from /home/airflow/.local/lib/python3.7/site-packages/airflow/example_dags/example_branch_day_of_week_operator.py
[2023-01-15T00:19:09.018+0000] {logging_mixin.py:120} INFO - [2023-01-15T00:19:09.018+0000] {dag.py:2585} INFO - Sync 1 DAGs
[2023-01-15T00:19:09.038+0000] {logging_mixin.py:120} INFO - [2023-01-15T00:19:09.038+0000] {dag.py:3340} INFO - Setting next_dagrun for example_weekday_branch_operator to 2023-01-14T00:00:00+00:00, run_after=2023-01-15T00:00:00+00:00
[2023-01-15T00:19:09.052+0000] {processor.py:176} INFO - Processing /home/airflow/.local/lib/python3.7/site-packages/airflow/example_dags/example_branch_day_of_week_operator.py took 0.077 seconds
[2023-01-15T00:19:39.574+0000] {processor.py:154} INFO - Started process (PID=582) to work on /home/airflow/.local/lib/python3.7/site-packages/airflow/example_dags/example_branch_day_of_week_operator.py
[2023-01-15T00:19:39.575+0000] {processor.py:756} INFO - Processing file /home/airflow/.local/lib/python3.7/site-packages/airflow/example_dags/example_branch_day_of_week_operator.py for tasks to queue
[2023-01-15T00:19:39.575+0000] {logging_mixin.py:120} INFO - [2023-01-15T00:19:39.575+0000] {dagbag.py:537} INFO - Filling up the DagBag from /home/airflow/.local/lib/python3.7/site-packages/airflow/example_dags/example_branch_day_of_week_operator.py
[2023-01-15T00:19:39.585+0000] {processor.py:766} INFO - DAG(s) dict_keys(['example_weekday_branch_operator']) retrieved from /home/airflow/.local/lib/python3.7/site-packages/airflow/example_dags/example_branch_day_of_week_operator.py
[2023-01-15T00:19:39.612+0000] {logging_mixin.py:120} INFO - [2023-01-15T00:19:39.612+0000] {dag.py:2585} INFO - Sync 1 DAGs
[2023-01-15T00:19:39.635+0000] {logging_mixin.py:120} INFO - [2023-01-15T00:19:39.634+0000] {dag.py:3340} INFO - Setting next_dagrun for example_weekday_branch_operator to 2023-01-14T00:00:00+00:00, run_after=2023-01-15T00:00:00+00:00
[2023-01-15T00:19:39.648+0000] {processor.py:176} INFO - Processing /home/airflow/.local/lib/python3.7/site-packages/airflow/example_dags/example_branch_day_of_week_operator.py took 0.076 seconds
[2023-01-15T00:20:09.915+0000] {processor.py:154} INFO - Started process (PID=647) to work on /home/airflow/.local/lib/python3.7/site-packages/airflow/example_dags/example_branch_day_of_week_operator.py
[2023-01-15T00:20:09.916+0000] {processor.py:756} INFO - Processing file /home/airflow/.local/lib/python3.7/site-packages/airflow/example_dags/example_branch_day_of_week_operator.py for tasks to queue
[2023-01-15T00:20:09.916+0000] {logging_mixin.py:120} INFO - [2023-01-15T00:20:09.916+0000] {dagbag.py:537} INFO - Filling up the DagBag from /home/airflow/.local/lib/python3.7/site-packages/airflow/example_dags/example_branch_day_of_week_operator.py
[2023-01-15T00:20:09.927+0000] {processor.py:766} INFO - DAG(s) dict_keys(['example_weekday_branch_operator']) retrieved from /home/airflow/.local/lib/python3.7/site-packages/airflow/example_dags/example_branch_day_of_week_operator.py
[2023-01-15T00:20:09.959+0000] {logging_mixin.py:120} INFO - [2023-01-15T00:20:09.959+0000] {dag.py:2585} INFO - Sync 1 DAGs
[2023-01-15T00:20:09.989+0000] {logging_mixin.py:120} INFO - [2023-01-15T00:20:09.989+0000] {dag.py:3340} INFO - Setting next_dagrun for example_weekday_branch_operator to 2023-01-14T00:00:00+00:00, run_after=2023-01-15T00:00:00+00:00
[2023-01-15T00:20:10.005+0000] {processor.py:176} INFO - Processing /home/airflow/.local/lib/python3.7/site-packages/airflow/example_dags/example_branch_day_of_week_operator.py took 0.092 seconds
[2023-01-15T00:20:40.132+0000] {processor.py:154} INFO - Started process (PID=712) to work on /home/airflow/.local/lib/python3.7/site-packages/airflow/example_dags/example_branch_day_of_week_operator.py
[2023-01-15T00:20:40.133+0000] {processor.py:756} INFO - Processing file /home/airflow/.local/lib/python3.7/site-packages/airflow/example_dags/example_branch_day_of_week_operator.py for tasks to queue
[2023-01-15T00:20:40.134+0000] {logging_mixin.py:120} INFO - [2023-01-15T00:20:40.134+0000] {dagbag.py:537} INFO - Filling up the DagBag from /home/airflow/.local/lib/python3.7/site-packages/airflow/example_dags/example_branch_day_of_week_operator.py
[2023-01-15T00:20:40.144+0000] {processor.py:766} INFO - DAG(s) dict_keys(['example_weekday_branch_operator']) retrieved from /home/airflow/.local/lib/python3.7/site-packages/airflow/example_dags/example_branch_day_of_week_operator.py
[2023-01-15T00:20:40.171+0000] {logging_mixin.py:120} INFO - [2023-01-15T00:20:40.171+0000] {dag.py:2585} INFO - Sync 1 DAGs
[2023-01-15T00:20:40.189+0000] {logging_mixin.py:120} INFO - [2023-01-15T00:20:40.189+0000] {dag.py:3340} INFO - Setting next_dagrun for example_weekday_branch_operator to 2023-01-14T00:00:00+00:00, run_after=2023-01-15T00:00:00+00:00
[2023-01-15T00:20:40.202+0000] {processor.py:176} INFO - Processing /home/airflow/.local/lib/python3.7/site-packages/airflow/example_dags/example_branch_day_of_week_operator.py took 0.072 seconds
[2023-01-15T00:21:11.239+0000] {processor.py:154} INFO - Started process (PID=777) to work on /home/airflow/.local/lib/python3.7/site-packages/airflow/example_dags/example_branch_day_of_week_operator.py
[2023-01-15T00:21:11.240+0000] {processor.py:756} INFO - Processing file /home/airflow/.local/lib/python3.7/site-packages/airflow/example_dags/example_branch_day_of_week_operator.py for tasks to queue
[2023-01-15T00:21:11.240+0000] {logging_mixin.py:120} INFO - [2023-01-15T00:21:11.240+0000] {dagbag.py:537} INFO - Filling up the DagBag from /home/airflow/.local/lib/python3.7/site-packages/airflow/example_dags/example_branch_day_of_week_operator.py
[2023-01-15T00:21:11.252+0000] {processor.py:766} INFO - DAG(s) dict_keys(['example_weekday_branch_operator']) retrieved from /home/airflow/.local/lib/python3.7/site-packages/airflow/example_dags/example_branch_day_of_week_operator.py
[2023-01-15T00:21:11.281+0000] {logging_mixin.py:120} INFO - [2023-01-15T00:21:11.281+0000] {dag.py:2585} INFO - Sync 1 DAGs
[2023-01-15T00:21:11.300+0000] {logging_mixin.py:120} INFO - [2023-01-15T00:21:11.300+0000] {dag.py:3340} INFO - Setting next_dagrun for example_weekday_branch_operator to 2023-01-14T00:00:00+00:00, run_after=2023-01-15T00:00:00+00:00
[2023-01-15T00:21:11.322+0000] {processor.py:176} INFO - Processing /home/airflow/.local/lib/python3.7/site-packages/airflow/example_dags/example_branch_day_of_week_operator.py took 0.085 seconds
[2023-01-15T00:21:41.682+0000] {processor.py:154} INFO - Started process (PID=842) to work on /home/airflow/.local/lib/python3.7/site-packages/airflow/example_dags/example_branch_day_of_week_operator.py
[2023-01-15T00:21:41.683+0000] {processor.py:756} INFO - Processing file /home/airflow/.local/lib/python3.7/site-packages/airflow/example_dags/example_branch_day_of_week_operator.py for tasks to queue
[2023-01-15T00:21:41.683+0000] {logging_mixin.py:120} INFO - [2023-01-15T00:21:41.683+0000] {dagbag.py:537} INFO - Filling up the DagBag from /home/airflow/.local/lib/python3.7/site-packages/airflow/example_dags/example_branch_day_of_week_operator.py
[2023-01-15T00:21:41.692+0000] {processor.py:766} INFO - DAG(s) dict_keys(['example_weekday_branch_operator']) retrieved from /home/airflow/.local/lib/python3.7/site-packages/airflow/example_dags/example_branch_day_of_week_operator.py
[2023-01-15T00:21:41.718+0000] {logging_mixin.py:120} INFO - [2023-01-15T00:21:41.718+0000] {dag.py:2585} INFO - Sync 1 DAGs
[2023-01-15T00:21:41.739+0000] {logging_mixin.py:120} INFO - [2023-01-15T00:21:41.739+0000] {dag.py:3340} INFO - Setting next_dagrun for example_weekday_branch_operator to 2023-01-14T00:00:00+00:00, run_after=2023-01-15T00:00:00+00:00
[2023-01-15T00:21:41.752+0000] {processor.py:176} INFO - Processing /home/airflow/.local/lib/python3.7/site-packages/airflow/example_dags/example_branch_day_of_week_operator.py took 0.071 seconds
[2023-01-15T00:22:12.074+0000] {processor.py:154} INFO - Started process (PID=900) to work on /home/airflow/.local/lib/python3.7/site-packages/airflow/example_dags/example_branch_day_of_week_operator.py
[2023-01-15T00:22:12.075+0000] {processor.py:756} INFO - Processing file /home/airflow/.local/lib/python3.7/site-packages/airflow/example_dags/example_branch_day_of_week_operator.py for tasks to queue
[2023-01-15T00:22:12.075+0000] {logging_mixin.py:120} INFO - [2023-01-15T00:22:12.075+0000] {dagbag.py:537} INFO - Filling up the DagBag from /home/airflow/.local/lib/python3.7/site-packages/airflow/example_dags/example_branch_day_of_week_operator.py
[2023-01-15T00:22:12.085+0000] {processor.py:766} INFO - DAG(s) dict_keys(['example_weekday_branch_operator']) retrieved from /home/airflow/.local/lib/python3.7/site-packages/airflow/example_dags/example_branch_day_of_week_operator.py
[2023-01-15T00:22:12.111+0000] {logging_mixin.py:120} INFO - [2023-01-15T00:22:12.111+0000] {dag.py:2585} INFO - Sync 1 DAGs
[2023-01-15T00:22:12.129+0000] {logging_mixin.py:120} INFO - [2023-01-15T00:22:12.129+0000] {dag.py:3340} INFO - Setting next_dagrun for example_weekday_branch_operator to 2023-01-14T00:00:00+00:00, run_after=2023-01-15T00:00:00+00:00
[2023-01-15T00:22:12.141+0000] {processor.py:176} INFO - Processing /home/airflow/.local/lib/python3.7/site-packages/airflow/example_dags/example_branch_day_of_week_operator.py took 0.069 seconds
[2023-01-15T00:22:42.295+0000] {processor.py:154} INFO - Started process (PID=965) to work on /home/airflow/.local/lib/python3.7/site-packages/airflow/example_dags/example_branch_day_of_week_operator.py
[2023-01-15T00:22:42.296+0000] {processor.py:756} INFO - Processing file /home/airflow/.local/lib/python3.7/site-packages/airflow/example_dags/example_branch_day_of_week_operator.py for tasks to queue
[2023-01-15T00:22:42.297+0000] {logging_mixin.py:120} INFO - [2023-01-15T00:22:42.296+0000] {dagbag.py:537} INFO - Filling up the DagBag from /home/airflow/.local/lib/python3.7/site-packages/airflow/example_dags/example_branch_day_of_week_operator.py
[2023-01-15T00:22:42.306+0000] {processor.py:766} INFO - DAG(s) dict_keys(['example_weekday_branch_operator']) retrieved from /home/airflow/.local/lib/python3.7/site-packages/airflow/example_dags/example_branch_day_of_week_operator.py
[2023-01-15T00:22:42.332+0000] {logging_mixin.py:120} INFO - [2023-01-15T00:22:42.332+0000] {dag.py:2585} INFO - Sync 1 DAGs
[2023-01-15T00:22:42.350+0000] {logging_mixin.py:120} INFO - [2023-01-15T00:22:42.350+0000] {dag.py:3340} INFO - Setting next_dagrun for example_weekday_branch_operator to 2023-01-14T00:00:00+00:00, run_after=2023-01-15T00:00:00+00:00
[2023-01-15T00:22:42.364+0000] {processor.py:176} INFO - Processing /home/airflow/.local/lib/python3.7/site-packages/airflow/example_dags/example_branch_day_of_week_operator.py took 0.070 seconds
[2023-01-15T00:23:13.309+0000] {processor.py:154} INFO - Started process (PID=1029) to work on /home/airflow/.local/lib/python3.7/site-packages/airflow/example_dags/example_branch_day_of_week_operator.py
[2023-01-15T00:23:13.310+0000] {processor.py:756} INFO - Processing file /home/airflow/.local/lib/python3.7/site-packages/airflow/example_dags/example_branch_day_of_week_operator.py for tasks to queue
[2023-01-15T00:23:13.310+0000] {logging_mixin.py:120} INFO - [2023-01-15T00:23:13.310+0000] {dagbag.py:537} INFO - Filling up the DagBag from /home/airflow/.local/lib/python3.7/site-packages/airflow/example_dags/example_branch_day_of_week_operator.py
[2023-01-15T00:23:13.320+0000] {processor.py:766} INFO - DAG(s) dict_keys(['example_weekday_branch_operator']) retrieved from /home/airflow/.local/lib/python3.7/site-packages/airflow/example_dags/example_branch_day_of_week_operator.py
[2023-01-15T00:23:13.345+0000] {logging_mixin.py:120} INFO - [2023-01-15T00:23:13.345+0000] {dag.py:2585} INFO - Sync 1 DAGs
[2023-01-15T00:23:13.362+0000] {logging_mixin.py:120} INFO - [2023-01-15T00:23:13.362+0000] {dag.py:3340} INFO - Setting next_dagrun for example_weekday_branch_operator to 2023-01-14T00:00:00+00:00, run_after=2023-01-15T00:00:00+00:00
[2023-01-15T00:23:13.378+0000] {processor.py:176} INFO - Processing /home/airflow/.local/lib/python3.7/site-packages/airflow/example_dags/example_branch_day_of_week_operator.py took 0.071 seconds
[2023-01-15T00:23:43.739+0000] {processor.py:154} INFO - Started process (PID=1094) to work on /home/airflow/.local/lib/python3.7/site-packages/airflow/example_dags/example_branch_day_of_week_operator.py
[2023-01-15T00:23:43.740+0000] {processor.py:756} INFO - Processing file /home/airflow/.local/lib/python3.7/site-packages/airflow/example_dags/example_branch_day_of_week_operator.py for tasks to queue
[2023-01-15T00:23:43.740+0000] {logging_mixin.py:120} INFO - [2023-01-15T00:23:43.740+0000] {dagbag.py:537} INFO - Filling up the DagBag from /home/airflow/.local/lib/python3.7/site-packages/airflow/example_dags/example_branch_day_of_week_operator.py
[2023-01-15T00:23:43.754+0000] {processor.py:766} INFO - DAG(s) dict_keys(['example_weekday_branch_operator']) retrieved from /home/airflow/.local/lib/python3.7/site-packages/airflow/example_dags/example_branch_day_of_week_operator.py
[2023-01-15T00:23:43.780+0000] {logging_mixin.py:120} INFO - [2023-01-15T00:23:43.780+0000] {dag.py:2585} INFO - Sync 1 DAGs
[2023-01-15T00:23:43.800+0000] {logging_mixin.py:120} INFO - [2023-01-15T00:23:43.800+0000] {dag.py:3340} INFO - Setting next_dagrun for example_weekday_branch_operator to 2023-01-14T00:00:00+00:00, run_after=2023-01-15T00:00:00+00:00
[2023-01-15T00:23:43.813+0000] {processor.py:176} INFO - Processing /home/airflow/.local/lib/python3.7/site-packages/airflow/example_dags/example_branch_day_of_week_operator.py took 0.075 seconds
[2023-01-15T00:24:13.838+0000] {processor.py:154} INFO - Started process (PID=1149) to work on /home/airflow/.local/lib/python3.7/site-packages/airflow/example_dags/example_branch_day_of_week_operator.py
[2023-01-15T00:24:13.839+0000] {processor.py:756} INFO - Processing file /home/airflow/.local/lib/python3.7/site-packages/airflow/example_dags/example_branch_day_of_week_operator.py for tasks to queue
[2023-01-15T00:24:13.839+0000] {logging_mixin.py:120} INFO - [2023-01-15T00:24:13.839+0000] {dagbag.py:537} INFO - Filling up the DagBag from /home/airflow/.local/lib/python3.7/site-packages/airflow/example_dags/example_branch_day_of_week_operator.py
[2023-01-15T00:24:13.849+0000] {processor.py:766} INFO - DAG(s) dict_keys(['example_weekday_branch_operator']) retrieved from /home/airflow/.local/lib/python3.7/site-packages/airflow/example_dags/example_branch_day_of_week_operator.py
[2023-01-15T00:24:13.876+0000] {logging_mixin.py:120} INFO - [2023-01-15T00:24:13.875+0000] {dag.py:2585} INFO - Sync 1 DAGs
[2023-01-15T00:24:13.891+0000] {logging_mixin.py:120} INFO - [2023-01-15T00:24:13.891+0000] {dag.py:3340} INFO - Setting next_dagrun for example_weekday_branch_operator to 2023-01-14T00:00:00+00:00, run_after=2023-01-15T00:00:00+00:00
[2023-01-15T00:24:13.902+0000] {processor.py:176} INFO - Processing /home/airflow/.local/lib/python3.7/site-packages/airflow/example_dags/example_branch_day_of_week_operator.py took 0.066 seconds
[2023-01-15T00:24:44.110+0000] {processor.py:154} INFO - Started process (PID=1214) to work on /home/airflow/.local/lib/python3.7/site-packages/airflow/example_dags/example_branch_day_of_week_operator.py
[2023-01-15T00:24:44.111+0000] {processor.py:756} INFO - Processing file /home/airflow/.local/lib/python3.7/site-packages/airflow/example_dags/example_branch_day_of_week_operator.py for tasks to queue
[2023-01-15T00:24:44.111+0000] {logging_mixin.py:120} INFO - [2023-01-15T00:24:44.111+0000] {dagbag.py:537} INFO - Filling up the DagBag from /home/airflow/.local/lib/python3.7/site-packages/airflow/example_dags/example_branch_day_of_week_operator.py
[2023-01-15T00:24:44.121+0000] {processor.py:766} INFO - DAG(s) dict_keys(['example_weekday_branch_operator']) retrieved from /home/airflow/.local/lib/python3.7/site-packages/airflow/example_dags/example_branch_day_of_week_operator.py
[2023-01-15T00:24:44.148+0000] {logging_mixin.py:120} INFO - [2023-01-15T00:24:44.147+0000] {dag.py:2585} INFO - Sync 1 DAGs
[2023-01-15T00:24:44.165+0000] {logging_mixin.py:120} INFO - [2023-01-15T00:24:44.165+0000] {dag.py:3340} INFO - Setting next_dagrun for example_weekday_branch_operator to 2023-01-14T00:00:00+00:00, run_after=2023-01-15T00:00:00+00:00
[2023-01-15T00:24:44.178+0000] {processor.py:176} INFO - Processing /home/airflow/.local/lib/python3.7/site-packages/airflow/example_dags/example_branch_day_of_week_operator.py took 0.070 seconds
[2023-01-15T00:25:15.112+0000] {processor.py:154} INFO - Started process (PID=1279) to work on /home/airflow/.local/lib/python3.7/site-packages/airflow/example_dags/example_branch_day_of_week_operator.py
[2023-01-15T00:25:15.112+0000] {processor.py:756} INFO - Processing file /home/airflow/.local/lib/python3.7/site-packages/airflow/example_dags/example_branch_day_of_week_operator.py for tasks to queue
[2023-01-15T00:25:15.112+0000] {logging_mixin.py:120} INFO - [2023-01-15T00:25:15.112+0000] {dagbag.py:537} INFO - Filling up the DagBag from /home/airflow/.local/lib/python3.7/site-packages/airflow/example_dags/example_branch_day_of_week_operator.py
[2023-01-15T00:25:15.122+0000] {processor.py:766} INFO - DAG(s) dict_keys(['example_weekday_branch_operator']) retrieved from /home/airflow/.local/lib/python3.7/site-packages/airflow/example_dags/example_branch_day_of_week_operator.py
[2023-01-15T00:25:15.147+0000] {logging_mixin.py:120} INFO - [2023-01-15T00:25:15.147+0000] {dag.py:2585} INFO - Sync 1 DAGs
[2023-01-15T00:25:15.164+0000] {logging_mixin.py:120} INFO - [2023-01-15T00:25:15.164+0000] {dag.py:3340} INFO - Setting next_dagrun for example_weekday_branch_operator to 2023-01-14T00:00:00+00:00, run_after=2023-01-15T00:00:00+00:00
[2023-01-15T00:25:15.178+0000] {processor.py:176} INFO - Processing /home/airflow/.local/lib/python3.7/site-packages/airflow/example_dags/example_branch_day_of_week_operator.py took 0.068 seconds
[2023-01-15T00:25:46.302+0000] {processor.py:154} INFO - Started process (PID=1344) to work on /home/airflow/.local/lib/python3.7/site-packages/airflow/example_dags/example_branch_day_of_week_operator.py
[2023-01-15T00:25:46.303+0000] {processor.py:756} INFO - Processing file /home/airflow/.local/lib/python3.7/site-packages/airflow/example_dags/example_branch_day_of_week_operator.py for tasks to queue
[2023-01-15T00:25:46.304+0000] {logging_mixin.py:120} INFO - [2023-01-15T00:25:46.304+0000] {dagbag.py:537} INFO - Filling up the DagBag from /home/airflow/.local/lib/python3.7/site-packages/airflow/example_dags/example_branch_day_of_week_operator.py
[2023-01-15T00:25:46.314+0000] {processor.py:766} INFO - DAG(s) dict_keys(['example_weekday_branch_operator']) retrieved from /home/airflow/.local/lib/python3.7/site-packages/airflow/example_dags/example_branch_day_of_week_operator.py
[2023-01-15T00:25:46.341+0000] {logging_mixin.py:120} INFO - [2023-01-15T00:25:46.340+0000] {dag.py:2585} INFO - Sync 1 DAGs
[2023-01-15T00:25:46.360+0000] {logging_mixin.py:120} INFO - [2023-01-15T00:25:46.360+0000] {dag.py:3340} INFO - Setting next_dagrun for example_weekday_branch_operator to 2023-01-14T00:00:00+00:00, run_after=2023-01-15T00:00:00+00:00
[2023-01-15T00:25:46.372+0000] {processor.py:176} INFO - Processing /home/airflow/.local/lib/python3.7/site-packages/airflow/example_dags/example_branch_day_of_week_operator.py took 0.072 seconds
[2023-01-15T00:26:16.597+0000] {processor.py:154} INFO - Started process (PID=1409) to work on /home/airflow/.local/lib/python3.7/site-packages/airflow/example_dags/example_branch_day_of_week_operator.py
[2023-01-15T00:26:16.598+0000] {processor.py:756} INFO - Processing file /home/airflow/.local/lib/python3.7/site-packages/airflow/example_dags/example_branch_day_of_week_operator.py for tasks to queue
[2023-01-15T00:26:16.598+0000] {logging_mixin.py:120} INFO - [2023-01-15T00:26:16.598+0000] {dagbag.py:537} INFO - Filling up the DagBag from /home/airflow/.local/lib/python3.7/site-packages/airflow/example_dags/example_branch_day_of_week_operator.py
[2023-01-15T00:26:16.607+0000] {processor.py:766} INFO - DAG(s) dict_keys(['example_weekday_branch_operator']) retrieved from /home/airflow/.local/lib/python3.7/site-packages/airflow/example_dags/example_branch_day_of_week_operator.py
[2023-01-15T00:26:16.632+0000] {logging_mixin.py:120} INFO - [2023-01-15T00:26:16.632+0000] {dag.py:2585} INFO - Sync 1 DAGs
[2023-01-15T00:26:16.648+0000] {logging_mixin.py:120} INFO - [2023-01-15T00:26:16.648+0000] {dag.py:3340} INFO - Setting next_dagrun for example_weekday_branch_operator to 2023-01-14T00:00:00+00:00, run_after=2023-01-15T00:00:00+00:00
[2023-01-15T00:26:16.663+0000] {processor.py:176} INFO - Processing /home/airflow/.local/lib/python3.7/site-packages/airflow/example_dags/example_branch_day_of_week_operator.py took 0.068 seconds
[2023-01-15T00:26:47.971+0000] {processor.py:154} INFO - Started process (PID=1474) to work on /home/airflow/.local/lib/python3.7/site-packages/airflow/example_dags/example_branch_day_of_week_operator.py
[2023-01-15T00:26:47.971+0000] {processor.py:756} INFO - Processing file /home/airflow/.local/lib/python3.7/site-packages/airflow/example_dags/example_branch_day_of_week_operator.py for tasks to queue
[2023-01-15T00:26:47.972+0000] {logging_mixin.py:120} INFO - [2023-01-15T00:26:47.972+0000] {dagbag.py:537} INFO - Filling up the DagBag from /home/airflow/.local/lib/python3.7/site-packages/airflow/example_dags/example_branch_day_of_week_operator.py
[2023-01-15T00:26:47.986+0000] {processor.py:766} INFO - DAG(s) dict_keys(['example_weekday_branch_operator']) retrieved from /home/airflow/.local/lib/python3.7/site-packages/airflow/example_dags/example_branch_day_of_week_operator.py
[2023-01-15T00:26:48.020+0000] {logging_mixin.py:120} INFO - [2023-01-15T00:26:48.020+0000] {dag.py:2585} INFO - Sync 1 DAGs
[2023-01-15T00:26:48.045+0000] {logging_mixin.py:120} INFO - [2023-01-15T00:26:48.045+0000] {dag.py:3340} INFO - Setting next_dagrun for example_weekday_branch_operator to 2023-01-14T00:00:00+00:00, run_after=2023-01-15T00:00:00+00:00
[2023-01-15T00:26:48.060+0000] {processor.py:176} INFO - Processing /home/airflow/.local/lib/python3.7/site-packages/airflow/example_dags/example_branch_day_of_week_operator.py took 0.092 seconds
[2023-01-15T00:27:18.198+0000] {processor.py:154} INFO - Started process (PID=1530) to work on /home/airflow/.local/lib/python3.7/site-packages/airflow/example_dags/example_branch_day_of_week_operator.py
[2023-01-15T00:27:18.199+0000] {processor.py:756} INFO - Processing file /home/airflow/.local/lib/python3.7/site-packages/airflow/example_dags/example_branch_day_of_week_operator.py for tasks to queue
[2023-01-15T00:27:18.199+0000] {logging_mixin.py:120} INFO - [2023-01-15T00:27:18.199+0000] {dagbag.py:537} INFO - Filling up the DagBag from /home/airflow/.local/lib/python3.7/site-packages/airflow/example_dags/example_branch_day_of_week_operator.py
[2023-01-15T00:27:18.208+0000] {processor.py:766} INFO - DAG(s) dict_keys(['example_weekday_branch_operator']) retrieved from /home/airflow/.local/lib/python3.7/site-packages/airflow/example_dags/example_branch_day_of_week_operator.py
[2023-01-15T00:27:18.233+0000] {logging_mixin.py:120} INFO - [2023-01-15T00:27:18.232+0000] {dag.py:2585} INFO - Sync 1 DAGs
[2023-01-15T00:27:18.249+0000] {logging_mixin.py:120} INFO - [2023-01-15T00:27:18.249+0000] {dag.py:3340} INFO - Setting next_dagrun for example_weekday_branch_operator to 2023-01-14T00:00:00+00:00, run_after=2023-01-15T00:00:00+00:00
[2023-01-15T00:27:18.261+0000] {processor.py:176} INFO - Processing /home/airflow/.local/lib/python3.7/site-packages/airflow/example_dags/example_branch_day_of_week_operator.py took 0.065 seconds
[2023-01-15T00:27:48.613+0000] {processor.py:154} INFO - Started process (PID=1594) to work on /home/airflow/.local/lib/python3.7/site-packages/airflow/example_dags/example_branch_day_of_week_operator.py
[2023-01-15T00:27:48.614+0000] {processor.py:756} INFO - Processing file /home/airflow/.local/lib/python3.7/site-packages/airflow/example_dags/example_branch_day_of_week_operator.py for tasks to queue
[2023-01-15T00:27:48.614+0000] {logging_mixin.py:120} INFO - [2023-01-15T00:27:48.614+0000] {dagbag.py:537} INFO - Filling up the DagBag from /home/airflow/.local/lib/python3.7/site-packages/airflow/example_dags/example_branch_day_of_week_operator.py
[2023-01-15T00:27:48.624+0000] {processor.py:766} INFO - DAG(s) dict_keys(['example_weekday_branch_operator']) retrieved from /home/airflow/.local/lib/python3.7/site-packages/airflow/example_dags/example_branch_day_of_week_operator.py
[2023-01-15T00:27:48.653+0000] {logging_mixin.py:120} INFO - [2023-01-15T00:27:48.653+0000] {dag.py:2585} INFO - Sync 1 DAGs
[2023-01-15T00:27:48.680+0000] {logging_mixin.py:120} INFO - [2023-01-15T00:27:48.680+0000] {dag.py:3340} INFO - Setting next_dagrun for example_weekday_branch_operator to 2023-01-14T00:00:00+00:00, run_after=2023-01-15T00:00:00+00:00
[2023-01-15T00:27:48.692+0000] {processor.py:176} INFO - Processing /home/airflow/.local/lib/python3.7/site-packages/airflow/example_dags/example_branch_day_of_week_operator.py took 0.081 seconds
[2023-01-15T00:28:19.572+0000] {processor.py:154} INFO - Started process (PID=1659) to work on /home/airflow/.local/lib/python3.7/site-packages/airflow/example_dags/example_branch_day_of_week_operator.py
[2023-01-15T00:28:19.572+0000] {processor.py:756} INFO - Processing file /home/airflow/.local/lib/python3.7/site-packages/airflow/example_dags/example_branch_day_of_week_operator.py for tasks to queue
[2023-01-15T00:28:19.573+0000] {logging_mixin.py:120} INFO - [2023-01-15T00:28:19.572+0000] {dagbag.py:537} INFO - Filling up the DagBag from /home/airflow/.local/lib/python3.7/site-packages/airflow/example_dags/example_branch_day_of_week_operator.py
[2023-01-15T00:28:19.582+0000] {processor.py:766} INFO - DAG(s) dict_keys(['example_weekday_branch_operator']) retrieved from /home/airflow/.local/lib/python3.7/site-packages/airflow/example_dags/example_branch_day_of_week_operator.py
[2023-01-15T00:28:19.606+0000] {logging_mixin.py:120} INFO - [2023-01-15T00:28:19.606+0000] {dag.py:2585} INFO - Sync 1 DAGs
[2023-01-15T00:28:19.622+0000] {logging_mixin.py:120} INFO - [2023-01-15T00:28:19.622+0000] {dag.py:3340} INFO - Setting next_dagrun for example_weekday_branch_operator to 2023-01-14T00:00:00+00:00, run_after=2023-01-15T00:00:00+00:00
[2023-01-15T00:28:19.634+0000] {processor.py:176} INFO - Processing /home/airflow/.local/lib/python3.7/site-packages/airflow/example_dags/example_branch_day_of_week_operator.py took 0.064 seconds
[2023-01-15T00:28:50.730+0000] {processor.py:154} INFO - Started process (PID=1724) to work on /home/airflow/.local/lib/python3.7/site-packages/airflow/example_dags/example_branch_day_of_week_operator.py
[2023-01-15T00:28:50.731+0000] {processor.py:756} INFO - Processing file /home/airflow/.local/lib/python3.7/site-packages/airflow/example_dags/example_branch_day_of_week_operator.py for tasks to queue
[2023-01-15T00:28:50.731+0000] {logging_mixin.py:120} INFO - [2023-01-15T00:28:50.731+0000] {dagbag.py:537} INFO - Filling up the DagBag from /home/airflow/.local/lib/python3.7/site-packages/airflow/example_dags/example_branch_day_of_week_operator.py
[2023-01-15T00:28:50.742+0000] {processor.py:766} INFO - DAG(s) dict_keys(['example_weekday_branch_operator']) retrieved from /home/airflow/.local/lib/python3.7/site-packages/airflow/example_dags/example_branch_day_of_week_operator.py
[2023-01-15T00:28:50.769+0000] {logging_mixin.py:120} INFO - [2023-01-15T00:28:50.769+0000] {dag.py:2585} INFO - Sync 1 DAGs
[2023-01-15T00:28:50.788+0000] {logging_mixin.py:120} INFO - [2023-01-15T00:28:50.788+0000] {dag.py:3340} INFO - Setting next_dagrun for example_weekday_branch_operator to 2023-01-14T00:00:00+00:00, run_after=2023-01-15T00:00:00+00:00
[2023-01-15T00:28:50.802+0000] {processor.py:176} INFO - Processing /home/airflow/.local/lib/python3.7/site-packages/airflow/example_dags/example_branch_day_of_week_operator.py took 0.073 seconds
[2023-01-15T00:29:21.817+0000] {processor.py:154} INFO - Started process (PID=1790) to work on /home/airflow/.local/lib/python3.7/site-packages/airflow/example_dags/example_branch_day_of_week_operator.py
[2023-01-15T00:29:21.818+0000] {processor.py:756} INFO - Processing file /home/airflow/.local/lib/python3.7/site-packages/airflow/example_dags/example_branch_day_of_week_operator.py for tasks to queue
[2023-01-15T00:29:21.819+0000] {logging_mixin.py:120} INFO - [2023-01-15T00:29:21.819+0000] {dagbag.py:537} INFO - Filling up the DagBag from /home/airflow/.local/lib/python3.7/site-packages/airflow/example_dags/example_branch_day_of_week_operator.py
[2023-01-15T00:29:21.829+0000] {processor.py:766} INFO - DAG(s) dict_keys(['example_weekday_branch_operator']) retrieved from /home/airflow/.local/lib/python3.7/site-packages/airflow/example_dags/example_branch_day_of_week_operator.py
[2023-01-15T00:29:21.856+0000] {logging_mixin.py:120} INFO - [2023-01-15T00:29:21.856+0000] {dag.py:2585} INFO - Sync 1 DAGs
[2023-01-15T00:29:21.873+0000] {logging_mixin.py:120} INFO - [2023-01-15T00:29:21.873+0000] {dag.py:3340} INFO - Setting next_dagrun for example_weekday_branch_operator to 2023-01-14T00:00:00+00:00, run_after=2023-01-15T00:00:00+00:00
[2023-01-15T00:29:21.887+0000] {processor.py:176} INFO - Processing /home/airflow/.local/lib/python3.7/site-packages/airflow/example_dags/example_branch_day_of_week_operator.py took 0.072 seconds
[2023-01-15T00:29:52.057+0000] {processor.py:154} INFO - Started process (PID=1846) to work on /home/airflow/.local/lib/python3.7/site-packages/airflow/example_dags/example_branch_day_of_week_operator.py
[2023-01-15T00:29:52.058+0000] {processor.py:756} INFO - Processing file /home/airflow/.local/lib/python3.7/site-packages/airflow/example_dags/example_branch_day_of_week_operator.py for tasks to queue
[2023-01-15T00:29:52.058+0000] {logging_mixin.py:120} INFO - [2023-01-15T00:29:52.058+0000] {dagbag.py:537} INFO - Filling up the DagBag from /home/airflow/.local/lib/python3.7/site-packages/airflow/example_dags/example_branch_day_of_week_operator.py
[2023-01-15T00:29:52.068+0000] {processor.py:766} INFO - DAG(s) dict_keys(['example_weekday_branch_operator']) retrieved from /home/airflow/.local/lib/python3.7/site-packages/airflow/example_dags/example_branch_day_of_week_operator.py
[2023-01-15T00:29:52.095+0000] {logging_mixin.py:120} INFO - [2023-01-15T00:29:52.095+0000] {dag.py:2585} INFO - Sync 1 DAGs
[2023-01-15T00:29:52.115+0000] {logging_mixin.py:120} INFO - [2023-01-15T00:29:52.115+0000] {dag.py:3340} INFO - Setting next_dagrun for example_weekday_branch_operator to 2023-01-14T00:00:00+00:00, run_after=2023-01-15T00:00:00+00:00
[2023-01-15T00:29:52.130+0000] {processor.py:176} INFO - Processing /home/airflow/.local/lib/python3.7/site-packages/airflow/example_dags/example_branch_day_of_week_operator.py took 0.075 seconds
[2023-01-15T00:30:23.099+0000] {processor.py:154} INFO - Started process (PID=1911) to work on /home/airflow/.local/lib/python3.7/site-packages/airflow/example_dags/example_branch_day_of_week_operator.py
[2023-01-15T00:30:23.100+0000] {processor.py:756} INFO - Processing file /home/airflow/.local/lib/python3.7/site-packages/airflow/example_dags/example_branch_day_of_week_operator.py for tasks to queue
[2023-01-15T00:30:23.101+0000] {logging_mixin.py:120} INFO - [2023-01-15T00:30:23.101+0000] {dagbag.py:537} INFO - Filling up the DagBag from /home/airflow/.local/lib/python3.7/site-packages/airflow/example_dags/example_branch_day_of_week_operator.py
[2023-01-15T00:30:23.110+0000] {processor.py:766} INFO - DAG(s) dict_keys(['example_weekday_branch_operator']) retrieved from /home/airflow/.local/lib/python3.7/site-packages/airflow/example_dags/example_branch_day_of_week_operator.py
[2023-01-15T00:30:23.136+0000] {logging_mixin.py:120} INFO - [2023-01-15T00:30:23.136+0000] {dag.py:2585} INFO - Sync 1 DAGs
[2023-01-15T00:30:23.153+0000] {logging_mixin.py:120} INFO - [2023-01-15T00:30:23.153+0000] {dag.py:3340} INFO - Setting next_dagrun for example_weekday_branch_operator to 2023-01-14T00:00:00+00:00, run_after=2023-01-15T00:00:00+00:00
[2023-01-15T00:30:23.165+0000] {processor.py:176} INFO - Processing /home/airflow/.local/lib/python3.7/site-packages/airflow/example_dags/example_branch_day_of_week_operator.py took 0.068 seconds
[2023-01-15T00:30:54.182+0000] {processor.py:154} INFO - Started process (PID=1976) to work on /home/airflow/.local/lib/python3.7/site-packages/airflow/example_dags/example_branch_day_of_week_operator.py
[2023-01-15T00:30:54.183+0000] {processor.py:756} INFO - Processing file /home/airflow/.local/lib/python3.7/site-packages/airflow/example_dags/example_branch_day_of_week_operator.py for tasks to queue
[2023-01-15T00:30:54.183+0000] {logging_mixin.py:120} INFO - [2023-01-15T00:30:54.183+0000] {dagbag.py:537} INFO - Filling up the DagBag from /home/airflow/.local/lib/python3.7/site-packages/airflow/example_dags/example_branch_day_of_week_operator.py
[2023-01-15T00:30:54.193+0000] {processor.py:766} INFO - DAG(s) dict_keys(['example_weekday_branch_operator']) retrieved from /home/airflow/.local/lib/python3.7/site-packages/airflow/example_dags/example_branch_day_of_week_operator.py
[2023-01-15T00:30:54.217+0000] {logging_mixin.py:120} INFO - [2023-01-15T00:30:54.217+0000] {dag.py:2585} INFO - Sync 1 DAGs
[2023-01-15T00:30:54.234+0000] {logging_mixin.py:120} INFO - [2023-01-15T00:30:54.233+0000] {dag.py:3340} INFO - Setting next_dagrun for example_weekday_branch_operator to 2023-01-14T00:00:00+00:00, run_after=2023-01-15T00:00:00+00:00
[2023-01-15T00:30:54.245+0000] {processor.py:176} INFO - Processing /home/airflow/.local/lib/python3.7/site-packages/airflow/example_dags/example_branch_day_of_week_operator.py took 0.065 seconds
[2023-01-15T00:31:25.116+0000] {processor.py:154} INFO - Started process (PID=2040) to work on /home/airflow/.local/lib/python3.7/site-packages/airflow/example_dags/example_branch_day_of_week_operator.py
[2023-01-15T00:31:25.117+0000] {processor.py:756} INFO - Processing file /home/airflow/.local/lib/python3.7/site-packages/airflow/example_dags/example_branch_day_of_week_operator.py for tasks to queue
[2023-01-15T00:31:25.118+0000] {logging_mixin.py:120} INFO - [2023-01-15T00:31:25.118+0000] {dagbag.py:537} INFO - Filling up the DagBag from /home/airflow/.local/lib/python3.7/site-packages/airflow/example_dags/example_branch_day_of_week_operator.py
[2023-01-15T00:31:25.130+0000] {processor.py:766} INFO - DAG(s) dict_keys(['example_weekday_branch_operator']) retrieved from /home/airflow/.local/lib/python3.7/site-packages/airflow/example_dags/example_branch_day_of_week_operator.py
[2023-01-15T00:31:25.157+0000] {logging_mixin.py:120} INFO - [2023-01-15T00:31:25.157+0000] {dag.py:2585} INFO - Sync 1 DAGs
[2023-01-15T00:31:25.175+0000] {logging_mixin.py:120} INFO - [2023-01-15T00:31:25.175+0000] {dag.py:3340} INFO - Setting next_dagrun for example_weekday_branch_operator to 2023-01-14T00:00:00+00:00, run_after=2023-01-15T00:00:00+00:00
[2023-01-15T00:31:25.186+0000] {processor.py:176} INFO - Processing /home/airflow/.local/lib/python3.7/site-packages/airflow/example_dags/example_branch_day_of_week_operator.py took 0.071 seconds
[2023-01-15T00:31:56.266+0000] {processor.py:154} INFO - Started process (PID=2105) to work on /home/airflow/.local/lib/python3.7/site-packages/airflow/example_dags/example_branch_day_of_week_operator.py
[2023-01-15T00:31:56.267+0000] {processor.py:756} INFO - Processing file /home/airflow/.local/lib/python3.7/site-packages/airflow/example_dags/example_branch_day_of_week_operator.py for tasks to queue
[2023-01-15T00:31:56.268+0000] {logging_mixin.py:120} INFO - [2023-01-15T00:31:56.267+0000] {dagbag.py:537} INFO - Filling up the DagBag from /home/airflow/.local/lib/python3.7/site-packages/airflow/example_dags/example_branch_day_of_week_operator.py
[2023-01-15T00:31:56.278+0000] {processor.py:766} INFO - DAG(s) dict_keys(['example_weekday_branch_operator']) retrieved from /home/airflow/.local/lib/python3.7/site-packages/airflow/example_dags/example_branch_day_of_week_operator.py
[2023-01-15T00:31:56.306+0000] {logging_mixin.py:120} INFO - [2023-01-15T00:31:56.306+0000] {dag.py:2585} INFO - Sync 1 DAGs
[2023-01-15T00:31:56.330+0000] {logging_mixin.py:120} INFO - [2023-01-15T00:31:56.330+0000] {dag.py:3340} INFO - Setting next_dagrun for example_weekday_branch_operator to 2023-01-14T00:00:00+00:00, run_after=2023-01-15T00:00:00+00:00
[2023-01-15T00:31:56.346+0000] {processor.py:176} INFO - Processing /home/airflow/.local/lib/python3.7/site-packages/airflow/example_dags/example_branch_day_of_week_operator.py took 0.082 seconds
[2023-01-15T00:32:27.462+0000] {processor.py:154} INFO - Started process (PID=2170) to work on /home/airflow/.local/lib/python3.7/site-packages/airflow/example_dags/example_branch_day_of_week_operator.py
[2023-01-15T00:32:27.464+0000] {processor.py:756} INFO - Processing file /home/airflow/.local/lib/python3.7/site-packages/airflow/example_dags/example_branch_day_of_week_operator.py for tasks to queue
[2023-01-15T00:32:27.464+0000] {logging_mixin.py:120} INFO - [2023-01-15T00:32:27.464+0000] {dagbag.py:537} INFO - Filling up the DagBag from /home/airflow/.local/lib/python3.7/site-packages/airflow/example_dags/example_branch_day_of_week_operator.py
[2023-01-15T00:32:27.474+0000] {processor.py:766} INFO - DAG(s) dict_keys(['example_weekday_branch_operator']) retrieved from /home/airflow/.local/lib/python3.7/site-packages/airflow/example_dags/example_branch_day_of_week_operator.py
[2023-01-15T00:32:27.506+0000] {logging_mixin.py:120} INFO - [2023-01-15T00:32:27.506+0000] {dag.py:2585} INFO - Sync 1 DAGs
[2023-01-15T00:32:27.526+0000] {logging_mixin.py:120} INFO - [2023-01-15T00:32:27.526+0000] {dag.py:3340} INFO - Setting next_dagrun for example_weekday_branch_operator to 2023-01-14T00:00:00+00:00, run_after=2023-01-15T00:00:00+00:00
[2023-01-15T00:32:27.543+0000] {processor.py:176} INFO - Processing /home/airflow/.local/lib/python3.7/site-packages/airflow/example_dags/example_branch_day_of_week_operator.py took 0.083 seconds
[2023-01-15T00:32:57.749+0000] {processor.py:154} INFO - Started process (PID=2227) to work on /home/airflow/.local/lib/python3.7/site-packages/airflow/example_dags/example_branch_day_of_week_operator.py
[2023-01-15T00:32:57.749+0000] {processor.py:756} INFO - Processing file /home/airflow/.local/lib/python3.7/site-packages/airflow/example_dags/example_branch_day_of_week_operator.py for tasks to queue
[2023-01-15T00:32:57.750+0000] {logging_mixin.py:120} INFO - [2023-01-15T00:32:57.750+0000] {dagbag.py:537} INFO - Filling up the DagBag from /home/airflow/.local/lib/python3.7/site-packages/airflow/example_dags/example_branch_day_of_week_operator.py
[2023-01-15T00:32:57.759+0000] {processor.py:766} INFO - DAG(s) dict_keys(['example_weekday_branch_operator']) retrieved from /home/airflow/.local/lib/python3.7/site-packages/airflow/example_dags/example_branch_day_of_week_operator.py
[2023-01-15T00:32:57.783+0000] {logging_mixin.py:120} INFO - [2023-01-15T00:32:57.783+0000] {dag.py:2585} INFO - Sync 1 DAGs
[2023-01-15T00:32:57.805+0000] {logging_mixin.py:120} INFO - [2023-01-15T00:32:57.805+0000] {dag.py:3340} INFO - Setting next_dagrun for example_weekday_branch_operator to 2023-01-14T00:00:00+00:00, run_after=2023-01-15T00:00:00+00:00
[2023-01-15T00:32:57.822+0000] {processor.py:176} INFO - Processing /home/airflow/.local/lib/python3.7/site-packages/airflow/example_dags/example_branch_day_of_week_operator.py took 0.076 seconds
[2023-01-15T00:33:27.858+0000] {processor.py:154} INFO - Started process (PID=2290) to work on /home/airflow/.local/lib/python3.7/site-packages/airflow/example_dags/example_branch_day_of_week_operator.py
[2023-01-15T00:33:27.859+0000] {processor.py:756} INFO - Processing file /home/airflow/.local/lib/python3.7/site-packages/airflow/example_dags/example_branch_day_of_week_operator.py for tasks to queue
[2023-01-15T00:33:27.859+0000] {logging_mixin.py:120} INFO - [2023-01-15T00:33:27.859+0000] {dagbag.py:537} INFO - Filling up the DagBag from /home/airflow/.local/lib/python3.7/site-packages/airflow/example_dags/example_branch_day_of_week_operator.py
[2023-01-15T00:33:27.868+0000] {processor.py:766} INFO - DAG(s) dict_keys(['example_weekday_branch_operator']) retrieved from /home/airflow/.local/lib/python3.7/site-packages/airflow/example_dags/example_branch_day_of_week_operator.py
[2023-01-15T00:33:27.891+0000] {logging_mixin.py:120} INFO - [2023-01-15T00:33:27.891+0000] {dag.py:2585} INFO - Sync 1 DAGs
[2023-01-15T00:33:27.908+0000] {logging_mixin.py:120} INFO - [2023-01-15T00:33:27.908+0000] {dag.py:3340} INFO - Setting next_dagrun for example_weekday_branch_operator to 2023-01-14T00:00:00+00:00, run_after=2023-01-15T00:00:00+00:00
[2023-01-15T00:33:27.920+0000] {processor.py:176} INFO - Processing /home/airflow/.local/lib/python3.7/site-packages/airflow/example_dags/example_branch_day_of_week_operator.py took 0.064 seconds
