[2023-01-15T00:15:32.583+0000] {processor.py:154} INFO - Started process (PID=60) to work on /home/airflow/.local/lib/python3.7/site-packages/airflow/example_dags/example_latest_only_with_trigger.py
[2023-01-15T00:15:32.584+0000] {processor.py:756} INFO - Processing file /home/airflow/.local/lib/python3.7/site-packages/airflow/example_dags/example_latest_only_with_trigger.py for tasks to queue
[2023-01-15T00:15:32.584+0000] {logging_mixin.py:120} INFO - [2023-01-15T00:15:32.584+0000] {dagbag.py:537} INFO - Filling up the DagBag from /home/airflow/.local/lib/python3.7/site-packages/airflow/example_dags/example_latest_only_with_trigger.py
[2023-01-15T00:15:32.597+0000] {processor.py:766} INFO - DAG(s) dict_keys(['latest_only_with_trigger']) retrieved from /home/airflow/.local/lib/python3.7/site-packages/airflow/example_dags/example_latest_only_with_trigger.py
[2023-01-15T00:15:32.634+0000] {logging_mixin.py:120} INFO - [2023-01-15T00:15:32.634+0000] {dag.py:2585} INFO - Sync 1 DAGs
[2023-01-15T00:15:32.658+0000] {logging_mixin.py:120} INFO - [2023-01-15T00:15:32.658+0000] {dag.py:3340} INFO - Setting next_dagrun for latest_only_with_trigger to 2023-01-14T20:15:32.658449+00:00, run_after=2023-01-15T00:15:32.658449+00:00
[2023-01-15T00:15:32.678+0000] {processor.py:176} INFO - Processing /home/airflow/.local/lib/python3.7/site-packages/airflow/example_dags/example_latest_only_with_trigger.py took 0.097 seconds
[2023-01-15T00:16:02.766+0000] {processor.py:154} INFO - Started process (PID=126) to work on /home/airflow/.local/lib/python3.7/site-packages/airflow/example_dags/example_latest_only_with_trigger.py
[2023-01-15T00:16:02.767+0000] {processor.py:756} INFO - Processing file /home/airflow/.local/lib/python3.7/site-packages/airflow/example_dags/example_latest_only_with_trigger.py for tasks to queue
[2023-01-15T00:16:02.767+0000] {logging_mixin.py:120} INFO - [2023-01-15T00:16:02.767+0000] {dagbag.py:537} INFO - Filling up the DagBag from /home/airflow/.local/lib/python3.7/site-packages/airflow/example_dags/example_latest_only_with_trigger.py
[2023-01-15T00:16:02.775+0000] {processor.py:766} INFO - DAG(s) dict_keys(['latest_only_with_trigger']) retrieved from /home/airflow/.local/lib/python3.7/site-packages/airflow/example_dags/example_latest_only_with_trigger.py
[2023-01-15T00:16:02.799+0000] {logging_mixin.py:120} INFO - [2023-01-15T00:16:02.799+0000] {dag.py:2585} INFO - Sync 1 DAGs
[2023-01-15T00:16:02.815+0000] {logging_mixin.py:120} INFO - [2023-01-15T00:16:02.815+0000] {dag.py:3340} INFO - Setting next_dagrun for latest_only_with_trigger to 2023-01-14T20:16:02.814917+00:00, run_after=2023-01-15T00:16:02.814917+00:00
[2023-01-15T00:16:02.827+0000] {processor.py:176} INFO - Processing /home/airflow/.local/lib/python3.7/site-packages/airflow/example_dags/example_latest_only_with_trigger.py took 0.063 seconds
[2023-01-15T00:16:34.037+0000] {processor.py:154} INFO - Started process (PID=192) to work on /home/airflow/.local/lib/python3.7/site-packages/airflow/example_dags/example_latest_only_with_trigger.py
[2023-01-15T00:16:34.038+0000] {processor.py:756} INFO - Processing file /home/airflow/.local/lib/python3.7/site-packages/airflow/example_dags/example_latest_only_with_trigger.py for tasks to queue
[2023-01-15T00:16:34.039+0000] {logging_mixin.py:120} INFO - [2023-01-15T00:16:34.039+0000] {dagbag.py:537} INFO - Filling up the DagBag from /home/airflow/.local/lib/python3.7/site-packages/airflow/example_dags/example_latest_only_with_trigger.py
[2023-01-15T00:16:34.050+0000] {processor.py:766} INFO - DAG(s) dict_keys(['latest_only_with_trigger']) retrieved from /home/airflow/.local/lib/python3.7/site-packages/airflow/example_dags/example_latest_only_with_trigger.py
[2023-01-15T00:16:34.083+0000] {logging_mixin.py:120} INFO - [2023-01-15T00:16:34.083+0000] {dag.py:2585} INFO - Sync 1 DAGs
[2023-01-15T00:16:34.104+0000] {logging_mixin.py:120} INFO - [2023-01-15T00:16:34.104+0000] {dag.py:3340} INFO - Setting next_dagrun for latest_only_with_trigger to 2023-01-14T20:16:34.104010+00:00, run_after=2023-01-15T00:16:34.104010+00:00
[2023-01-15T00:16:34.123+0000] {processor.py:176} INFO - Processing /home/airflow/.local/lib/python3.7/site-packages/airflow/example_dags/example_latest_only_with_trigger.py took 0.087 seconds
[2023-01-15T00:17:04.386+0000] {processor.py:154} INFO - Started process (PID=248) to work on /home/airflow/.local/lib/python3.7/site-packages/airflow/example_dags/example_latest_only_with_trigger.py
[2023-01-15T00:17:04.386+0000] {processor.py:756} INFO - Processing file /home/airflow/.local/lib/python3.7/site-packages/airflow/example_dags/example_latest_only_with_trigger.py for tasks to queue
[2023-01-15T00:17:04.387+0000] {logging_mixin.py:120} INFO - [2023-01-15T00:17:04.387+0000] {dagbag.py:537} INFO - Filling up the DagBag from /home/airflow/.local/lib/python3.7/site-packages/airflow/example_dags/example_latest_only_with_trigger.py
[2023-01-15T00:17:04.395+0000] {processor.py:766} INFO - DAG(s) dict_keys(['latest_only_with_trigger']) retrieved from /home/airflow/.local/lib/python3.7/site-packages/airflow/example_dags/example_latest_only_with_trigger.py
[2023-01-15T00:17:04.433+0000] {logging_mixin.py:120} INFO - [2023-01-15T00:17:04.433+0000] {dag.py:2585} INFO - Sync 1 DAGs
[2023-01-15T00:17:04.461+0000] {logging_mixin.py:120} INFO - [2023-01-15T00:17:04.460+0000] {dag.py:3340} INFO - Setting next_dagrun for latest_only_with_trigger to 2023-01-14T20:17:04.460619+00:00, run_after=2023-01-15T00:17:04.460619+00:00
[2023-01-15T00:17:04.479+0000] {processor.py:176} INFO - Processing /home/airflow/.local/lib/python3.7/site-packages/airflow/example_dags/example_latest_only_with_trigger.py took 0.096 seconds
[2023-01-15T00:17:34.687+0000] {processor.py:154} INFO - Started process (PID=313) to work on /home/airflow/.local/lib/python3.7/site-packages/airflow/example_dags/example_latest_only_with_trigger.py
[2023-01-15T00:17:34.688+0000] {processor.py:756} INFO - Processing file /home/airflow/.local/lib/python3.7/site-packages/airflow/example_dags/example_latest_only_with_trigger.py for tasks to queue
[2023-01-15T00:17:34.689+0000] {logging_mixin.py:120} INFO - [2023-01-15T00:17:34.689+0000] {dagbag.py:537} INFO - Filling up the DagBag from /home/airflow/.local/lib/python3.7/site-packages/airflow/example_dags/example_latest_only_with_trigger.py
[2023-01-15T00:17:34.697+0000] {processor.py:766} INFO - DAG(s) dict_keys(['latest_only_with_trigger']) retrieved from /home/airflow/.local/lib/python3.7/site-packages/airflow/example_dags/example_latest_only_with_trigger.py
[2023-01-15T00:17:34.722+0000] {logging_mixin.py:120} INFO - [2023-01-15T00:17:34.722+0000] {dag.py:2585} INFO - Sync 1 DAGs
[2023-01-15T00:17:34.739+0000] {logging_mixin.py:120} INFO - [2023-01-15T00:17:34.739+0000] {dag.py:3340} INFO - Setting next_dagrun for latest_only_with_trigger to 2023-01-14T20:17:34.739393+00:00, run_after=2023-01-15T00:17:34.739393+00:00
[2023-01-15T00:17:34.754+0000] {processor.py:176} INFO - Processing /home/airflow/.local/lib/python3.7/site-packages/airflow/example_dags/example_latest_only_with_trigger.py took 0.069 seconds
[2023-01-15T00:18:05.193+0000] {processor.py:154} INFO - Started process (PID=378) to work on /home/airflow/.local/lib/python3.7/site-packages/airflow/example_dags/example_latest_only_with_trigger.py
[2023-01-15T00:18:05.194+0000] {processor.py:756} INFO - Processing file /home/airflow/.local/lib/python3.7/site-packages/airflow/example_dags/example_latest_only_with_trigger.py for tasks to queue
[2023-01-15T00:18:05.195+0000] {logging_mixin.py:120} INFO - [2023-01-15T00:18:05.194+0000] {dagbag.py:537} INFO - Filling up the DagBag from /home/airflow/.local/lib/python3.7/site-packages/airflow/example_dags/example_latest_only_with_trigger.py
[2023-01-15T00:18:05.204+0000] {processor.py:766} INFO - DAG(s) dict_keys(['latest_only_with_trigger']) retrieved from /home/airflow/.local/lib/python3.7/site-packages/airflow/example_dags/example_latest_only_with_trigger.py
[2023-01-15T00:18:05.230+0000] {logging_mixin.py:120} INFO - [2023-01-15T00:18:05.229+0000] {dag.py:2585} INFO - Sync 1 DAGs
[2023-01-15T00:18:05.248+0000] {logging_mixin.py:120} INFO - [2023-01-15T00:18:05.248+0000] {dag.py:3340} INFO - Setting next_dagrun for latest_only_with_trigger to 2023-01-14T20:18:05.248478+00:00, run_after=2023-01-15T00:18:05.248478+00:00
[2023-01-15T00:18:05.263+0000] {processor.py:176} INFO - Processing /home/airflow/.local/lib/python3.7/site-packages/airflow/example_dags/example_latest_only_with_trigger.py took 0.072 seconds
[2023-01-15T00:18:35.699+0000] {processor.py:154} INFO - Started process (PID=443) to work on /home/airflow/.local/lib/python3.7/site-packages/airflow/example_dags/example_latest_only_with_trigger.py
[2023-01-15T00:18:35.699+0000] {processor.py:756} INFO - Processing file /home/airflow/.local/lib/python3.7/site-packages/airflow/example_dags/example_latest_only_with_trigger.py for tasks to queue
[2023-01-15T00:18:35.700+0000] {logging_mixin.py:120} INFO - [2023-01-15T00:18:35.700+0000] {dagbag.py:537} INFO - Filling up the DagBag from /home/airflow/.local/lib/python3.7/site-packages/airflow/example_dags/example_latest_only_with_trigger.py
[2023-01-15T00:18:35.709+0000] {processor.py:766} INFO - DAG(s) dict_keys(['latest_only_with_trigger']) retrieved from /home/airflow/.local/lib/python3.7/site-packages/airflow/example_dags/example_latest_only_with_trigger.py
[2023-01-15T00:18:35.734+0000] {logging_mixin.py:120} INFO - [2023-01-15T00:18:35.734+0000] {dag.py:2585} INFO - Sync 1 DAGs
[2023-01-15T00:18:35.752+0000] {logging_mixin.py:120} INFO - [2023-01-15T00:18:35.752+0000] {dag.py:3340} INFO - Setting next_dagrun for latest_only_with_trigger to 2023-01-14T20:18:35.751982+00:00, run_after=2023-01-15T00:18:35.751982+00:00
[2023-01-15T00:18:35.765+0000] {processor.py:176} INFO - Processing /home/airflow/.local/lib/python3.7/site-packages/airflow/example_dags/example_latest_only_with_trigger.py took 0.067 seconds
[2023-01-15T00:19:06.127+0000] {processor.py:154} INFO - Started process (PID=499) to work on /home/airflow/.local/lib/python3.7/site-packages/airflow/example_dags/example_latest_only_with_trigger.py
[2023-01-15T00:19:06.128+0000] {processor.py:756} INFO - Processing file /home/airflow/.local/lib/python3.7/site-packages/airflow/example_dags/example_latest_only_with_trigger.py for tasks to queue
[2023-01-15T00:19:06.129+0000] {logging_mixin.py:120} INFO - [2023-01-15T00:19:06.129+0000] {dagbag.py:537} INFO - Filling up the DagBag from /home/airflow/.local/lib/python3.7/site-packages/airflow/example_dags/example_latest_only_with_trigger.py
[2023-01-15T00:19:06.138+0000] {processor.py:766} INFO - DAG(s) dict_keys(['latest_only_with_trigger']) retrieved from /home/airflow/.local/lib/python3.7/site-packages/airflow/example_dags/example_latest_only_with_trigger.py
[2023-01-15T00:19:06.163+0000] {logging_mixin.py:120} INFO - [2023-01-15T00:19:06.163+0000] {dag.py:2585} INFO - Sync 1 DAGs
[2023-01-15T00:19:06.180+0000] {logging_mixin.py:120} INFO - [2023-01-15T00:19:06.180+0000] {dag.py:3340} INFO - Setting next_dagrun for latest_only_with_trigger to 2023-01-14T20:19:06.180616+00:00, run_after=2023-01-15T00:19:06.180616+00:00
[2023-01-15T00:19:06.196+0000] {processor.py:176} INFO - Processing /home/airflow/.local/lib/python3.7/site-packages/airflow/example_dags/example_latest_only_with_trigger.py took 0.071 seconds
[2023-01-15T00:19:36.753+0000] {processor.py:154} INFO - Started process (PID=564) to work on /home/airflow/.local/lib/python3.7/site-packages/airflow/example_dags/example_latest_only_with_trigger.py
[2023-01-15T00:19:36.754+0000] {processor.py:756} INFO - Processing file /home/airflow/.local/lib/python3.7/site-packages/airflow/example_dags/example_latest_only_with_trigger.py for tasks to queue
[2023-01-15T00:19:36.755+0000] {logging_mixin.py:120} INFO - [2023-01-15T00:19:36.755+0000] {dagbag.py:537} INFO - Filling up the DagBag from /home/airflow/.local/lib/python3.7/site-packages/airflow/example_dags/example_latest_only_with_trigger.py
[2023-01-15T00:19:36.767+0000] {processor.py:766} INFO - DAG(s) dict_keys(['latest_only_with_trigger']) retrieved from /home/airflow/.local/lib/python3.7/site-packages/airflow/example_dags/example_latest_only_with_trigger.py
[2023-01-15T00:19:36.794+0000] {logging_mixin.py:120} INFO - [2023-01-15T00:19:36.794+0000] {dag.py:2585} INFO - Sync 1 DAGs
[2023-01-15T00:19:36.813+0000] {logging_mixin.py:120} INFO - [2023-01-15T00:19:36.813+0000] {dag.py:3340} INFO - Setting next_dagrun for latest_only_with_trigger to 2023-01-14T20:19:36.813678+00:00, run_after=2023-01-15T00:19:36.813678+00:00
[2023-01-15T00:19:36.827+0000] {processor.py:176} INFO - Processing /home/airflow/.local/lib/python3.7/site-packages/airflow/example_dags/example_latest_only_with_trigger.py took 0.076 seconds
[2023-01-15T00:20:06.989+0000] {processor.py:154} INFO - Started process (PID=629) to work on /home/airflow/.local/lib/python3.7/site-packages/airflow/example_dags/example_latest_only_with_trigger.py
[2023-01-15T00:20:06.990+0000] {processor.py:756} INFO - Processing file /home/airflow/.local/lib/python3.7/site-packages/airflow/example_dags/example_latest_only_with_trigger.py for tasks to queue
[2023-01-15T00:20:06.991+0000] {logging_mixin.py:120} INFO - [2023-01-15T00:20:06.991+0000] {dagbag.py:537} INFO - Filling up the DagBag from /home/airflow/.local/lib/python3.7/site-packages/airflow/example_dags/example_latest_only_with_trigger.py
[2023-01-15T00:20:07.001+0000] {processor.py:766} INFO - DAG(s) dict_keys(['latest_only_with_trigger']) retrieved from /home/airflow/.local/lib/python3.7/site-packages/airflow/example_dags/example_latest_only_with_trigger.py
[2023-01-15T00:20:07.026+0000] {logging_mixin.py:120} INFO - [2023-01-15T00:20:07.026+0000] {dag.py:2585} INFO - Sync 1 DAGs
[2023-01-15T00:20:07.042+0000] {logging_mixin.py:120} INFO - [2023-01-15T00:20:07.042+0000] {dag.py:3340} INFO - Setting next_dagrun for latest_only_with_trigger to 2023-01-14T20:20:07.042407+00:00, run_after=2023-01-15T00:20:07.042407+00:00
[2023-01-15T00:20:07.053+0000] {processor.py:176} INFO - Processing /home/airflow/.local/lib/python3.7/site-packages/airflow/example_dags/example_latest_only_with_trigger.py took 0.066 seconds
[2023-01-15T00:20:38.302+0000] {processor.py:154} INFO - Started process (PID=694) to work on /home/airflow/.local/lib/python3.7/site-packages/airflow/example_dags/example_latest_only_with_trigger.py
[2023-01-15T00:20:38.303+0000] {processor.py:756} INFO - Processing file /home/airflow/.local/lib/python3.7/site-packages/airflow/example_dags/example_latest_only_with_trigger.py for tasks to queue
[2023-01-15T00:20:38.304+0000] {logging_mixin.py:120} INFO - [2023-01-15T00:20:38.304+0000] {dagbag.py:537} INFO - Filling up the DagBag from /home/airflow/.local/lib/python3.7/site-packages/airflow/example_dags/example_latest_only_with_trigger.py
[2023-01-15T00:20:38.312+0000] {processor.py:766} INFO - DAG(s) dict_keys(['latest_only_with_trigger']) retrieved from /home/airflow/.local/lib/python3.7/site-packages/airflow/example_dags/example_latest_only_with_trigger.py
[2023-01-15T00:20:38.340+0000] {logging_mixin.py:120} INFO - [2023-01-15T00:20:38.340+0000] {dag.py:2585} INFO - Sync 1 DAGs
[2023-01-15T00:20:38.360+0000] {logging_mixin.py:120} INFO - [2023-01-15T00:20:38.360+0000] {dag.py:3340} INFO - Setting next_dagrun for latest_only_with_trigger to 2023-01-14T20:20:38.359935+00:00, run_after=2023-01-15T00:20:38.359935+00:00
[2023-01-15T00:20:38.375+0000] {processor.py:176} INFO - Processing /home/airflow/.local/lib/python3.7/site-packages/airflow/example_dags/example_latest_only_with_trigger.py took 0.075 seconds
[2023-01-15T00:21:09.369+0000] {processor.py:154} INFO - Started process (PID=759) to work on /home/airflow/.local/lib/python3.7/site-packages/airflow/example_dags/example_latest_only_with_trigger.py
[2023-01-15T00:21:09.369+0000] {processor.py:756} INFO - Processing file /home/airflow/.local/lib/python3.7/site-packages/airflow/example_dags/example_latest_only_with_trigger.py for tasks to queue
[2023-01-15T00:21:09.370+0000] {logging_mixin.py:120} INFO - [2023-01-15T00:21:09.370+0000] {dagbag.py:537} INFO - Filling up the DagBag from /home/airflow/.local/lib/python3.7/site-packages/airflow/example_dags/example_latest_only_with_trigger.py
[2023-01-15T00:21:09.378+0000] {processor.py:766} INFO - DAG(s) dict_keys(['latest_only_with_trigger']) retrieved from /home/airflow/.local/lib/python3.7/site-packages/airflow/example_dags/example_latest_only_with_trigger.py
[2023-01-15T00:21:09.403+0000] {logging_mixin.py:120} INFO - [2023-01-15T00:21:09.403+0000] {dag.py:2585} INFO - Sync 1 DAGs
[2023-01-15T00:21:09.420+0000] {logging_mixin.py:120} INFO - [2023-01-15T00:21:09.419+0000] {dag.py:3340} INFO - Setting next_dagrun for latest_only_with_trigger to 2023-01-14T20:21:09.419846+00:00, run_after=2023-01-15T00:21:09.419846+00:00
[2023-01-15T00:21:09.432+0000] {processor.py:176} INFO - Processing /home/airflow/.local/lib/python3.7/site-packages/airflow/example_dags/example_latest_only_with_trigger.py took 0.065 seconds
[2023-01-15T00:21:39.751+0000] {processor.py:154} INFO - Started process (PID=815) to work on /home/airflow/.local/lib/python3.7/site-packages/airflow/example_dags/example_latest_only_with_trigger.py
[2023-01-15T00:21:39.752+0000] {processor.py:756} INFO - Processing file /home/airflow/.local/lib/python3.7/site-packages/airflow/example_dags/example_latest_only_with_trigger.py for tasks to queue
[2023-01-15T00:21:39.752+0000] {logging_mixin.py:120} INFO - [2023-01-15T00:21:39.752+0000] {dagbag.py:537} INFO - Filling up the DagBag from /home/airflow/.local/lib/python3.7/site-packages/airflow/example_dags/example_latest_only_with_trigger.py
[2023-01-15T00:21:39.760+0000] {processor.py:766} INFO - DAG(s) dict_keys(['latest_only_with_trigger']) retrieved from /home/airflow/.local/lib/python3.7/site-packages/airflow/example_dags/example_latest_only_with_trigger.py
[2023-01-15T00:21:39.783+0000] {logging_mixin.py:120} INFO - [2023-01-15T00:21:39.783+0000] {dag.py:2585} INFO - Sync 1 DAGs
[2023-01-15T00:21:39.799+0000] {logging_mixin.py:120} INFO - [2023-01-15T00:21:39.799+0000] {dag.py:3340} INFO - Setting next_dagrun for latest_only_with_trigger to 2023-01-14T20:21:39.799259+00:00, run_after=2023-01-15T00:21:39.799259+00:00
[2023-01-15T00:21:39.811+0000] {processor.py:176} INFO - Processing /home/airflow/.local/lib/python3.7/site-packages/airflow/example_dags/example_latest_only_with_trigger.py took 0.062 seconds
[2023-01-15T00:22:10.180+0000] {processor.py:154} INFO - Started process (PID=882) to work on /home/airflow/.local/lib/python3.7/site-packages/airflow/example_dags/example_latest_only_with_trigger.py
[2023-01-15T00:22:10.181+0000] {processor.py:756} INFO - Processing file /home/airflow/.local/lib/python3.7/site-packages/airflow/example_dags/example_latest_only_with_trigger.py for tasks to queue
[2023-01-15T00:22:10.182+0000] {logging_mixin.py:120} INFO - [2023-01-15T00:22:10.182+0000] {dagbag.py:537} INFO - Filling up the DagBag from /home/airflow/.local/lib/python3.7/site-packages/airflow/example_dags/example_latest_only_with_trigger.py
[2023-01-15T00:22:10.190+0000] {processor.py:766} INFO - DAG(s) dict_keys(['latest_only_with_trigger']) retrieved from /home/airflow/.local/lib/python3.7/site-packages/airflow/example_dags/example_latest_only_with_trigger.py
[2023-01-15T00:22:10.218+0000] {logging_mixin.py:120} INFO - [2023-01-15T00:22:10.218+0000] {dag.py:2585} INFO - Sync 1 DAGs
[2023-01-15T00:22:10.236+0000] {logging_mixin.py:120} INFO - [2023-01-15T00:22:10.236+0000] {dag.py:3340} INFO - Setting next_dagrun for latest_only_with_trigger to 2023-01-14T20:22:10.236057+00:00, run_after=2023-01-15T00:22:10.236057+00:00
[2023-01-15T00:22:10.249+0000] {processor.py:176} INFO - Processing /home/airflow/.local/lib/python3.7/site-packages/airflow/example_dags/example_latest_only_with_trigger.py took 0.071 seconds
[2023-01-15T00:22:40.416+0000] {processor.py:154} INFO - Started process (PID=947) to work on /home/airflow/.local/lib/python3.7/site-packages/airflow/example_dags/example_latest_only_with_trigger.py
[2023-01-15T00:22:40.418+0000] {processor.py:756} INFO - Processing file /home/airflow/.local/lib/python3.7/site-packages/airflow/example_dags/example_latest_only_with_trigger.py for tasks to queue
[2023-01-15T00:22:40.418+0000] {logging_mixin.py:120} INFO - [2023-01-15T00:22:40.418+0000] {dagbag.py:537} INFO - Filling up the DagBag from /home/airflow/.local/lib/python3.7/site-packages/airflow/example_dags/example_latest_only_with_trigger.py
[2023-01-15T00:22:40.427+0000] {processor.py:766} INFO - DAG(s) dict_keys(['latest_only_with_trigger']) retrieved from /home/airflow/.local/lib/python3.7/site-packages/airflow/example_dags/example_latest_only_with_trigger.py
[2023-01-15T00:22:40.461+0000] {logging_mixin.py:120} INFO - [2023-01-15T00:22:40.461+0000] {dag.py:2585} INFO - Sync 1 DAGs
[2023-01-15T00:22:40.490+0000] {logging_mixin.py:120} INFO - [2023-01-15T00:22:40.490+0000] {dag.py:3340} INFO - Setting next_dagrun for latest_only_with_trigger to 2023-01-14T20:22:40.490238+00:00, run_after=2023-01-15T00:22:40.490238+00:00
[2023-01-15T00:22:40.509+0000] {processor.py:176} INFO - Processing /home/airflow/.local/lib/python3.7/site-packages/airflow/example_dags/example_latest_only_with_trigger.py took 0.094 seconds
[2023-01-15T00:23:11.501+0000] {processor.py:154} INFO - Started process (PID=1011) to work on /home/airflow/.local/lib/python3.7/site-packages/airflow/example_dags/example_latest_only_with_trigger.py
[2023-01-15T00:23:11.501+0000] {processor.py:756} INFO - Processing file /home/airflow/.local/lib/python3.7/site-packages/airflow/example_dags/example_latest_only_with_trigger.py for tasks to queue
[2023-01-15T00:23:11.502+0000] {logging_mixin.py:120} INFO - [2023-01-15T00:23:11.502+0000] {dagbag.py:537} INFO - Filling up the DagBag from /home/airflow/.local/lib/python3.7/site-packages/airflow/example_dags/example_latest_only_with_trigger.py
[2023-01-15T00:23:11.510+0000] {processor.py:766} INFO - DAG(s) dict_keys(['latest_only_with_trigger']) retrieved from /home/airflow/.local/lib/python3.7/site-packages/airflow/example_dags/example_latest_only_with_trigger.py
[2023-01-15T00:23:11.535+0000] {logging_mixin.py:120} INFO - [2023-01-15T00:23:11.534+0000] {dag.py:2585} INFO - Sync 1 DAGs
[2023-01-15T00:23:11.551+0000] {logging_mixin.py:120} INFO - [2023-01-15T00:23:11.551+0000] {dag.py:3340} INFO - Setting next_dagrun for latest_only_with_trigger to 2023-01-14T20:23:11.551205+00:00, run_after=2023-01-15T00:23:11.551205+00:00
[2023-01-15T00:23:11.565+0000] {processor.py:176} INFO - Processing /home/airflow/.local/lib/python3.7/site-packages/airflow/example_dags/example_latest_only_with_trigger.py took 0.065 seconds
[2023-01-15T00:23:41.758+0000] {processor.py:154} INFO - Started process (PID=1075) to work on /home/airflow/.local/lib/python3.7/site-packages/airflow/example_dags/example_latest_only_with_trigger.py
[2023-01-15T00:23:41.759+0000] {processor.py:756} INFO - Processing file /home/airflow/.local/lib/python3.7/site-packages/airflow/example_dags/example_latest_only_with_trigger.py for tasks to queue
[2023-01-15T00:23:41.759+0000] {logging_mixin.py:120} INFO - [2023-01-15T00:23:41.759+0000] {dagbag.py:537} INFO - Filling up the DagBag from /home/airflow/.local/lib/python3.7/site-packages/airflow/example_dags/example_latest_only_with_trigger.py
[2023-01-15T00:23:41.769+0000] {processor.py:766} INFO - DAG(s) dict_keys(['latest_only_with_trigger']) retrieved from /home/airflow/.local/lib/python3.7/site-packages/airflow/example_dags/example_latest_only_with_trigger.py
[2023-01-15T00:23:41.795+0000] {logging_mixin.py:120} INFO - [2023-01-15T00:23:41.795+0000] {dag.py:2585} INFO - Sync 1 DAGs
[2023-01-15T00:23:41.814+0000] {logging_mixin.py:120} INFO - [2023-01-15T00:23:41.814+0000] {dag.py:3340} INFO - Setting next_dagrun for latest_only_with_trigger to 2023-01-14T20:23:41.814508+00:00, run_after=2023-01-15T00:23:41.814508+00:00
[2023-01-15T00:23:41.828+0000] {processor.py:176} INFO - Processing /home/airflow/.local/lib/python3.7/site-packages/airflow/example_dags/example_latest_only_with_trigger.py took 0.071 seconds
[2023-01-15T00:24:11.843+0000] {processor.py:154} INFO - Started process (PID=1130) to work on /home/airflow/.local/lib/python3.7/site-packages/airflow/example_dags/example_latest_only_with_trigger.py
[2023-01-15T00:24:11.844+0000] {processor.py:756} INFO - Processing file /home/airflow/.local/lib/python3.7/site-packages/airflow/example_dags/example_latest_only_with_trigger.py for tasks to queue
[2023-01-15T00:24:11.844+0000] {logging_mixin.py:120} INFO - [2023-01-15T00:24:11.844+0000] {dagbag.py:537} INFO - Filling up the DagBag from /home/airflow/.local/lib/python3.7/site-packages/airflow/example_dags/example_latest_only_with_trigger.py
[2023-01-15T00:24:11.852+0000] {processor.py:766} INFO - DAG(s) dict_keys(['latest_only_with_trigger']) retrieved from /home/airflow/.local/lib/python3.7/site-packages/airflow/example_dags/example_latest_only_with_trigger.py
[2023-01-15T00:24:11.878+0000] {logging_mixin.py:120} INFO - [2023-01-15T00:24:11.878+0000] {dag.py:2585} INFO - Sync 1 DAGs
[2023-01-15T00:24:11.895+0000] {logging_mixin.py:120} INFO - [2023-01-15T00:24:11.895+0000] {dag.py:3340} INFO - Setting next_dagrun for latest_only_with_trigger to 2023-01-14T20:24:11.895338+00:00, run_after=2023-01-15T00:24:11.895338+00:00
[2023-01-15T00:24:11.910+0000] {processor.py:176} INFO - Processing /home/airflow/.local/lib/python3.7/site-packages/airflow/example_dags/example_latest_only_with_trigger.py took 0.068 seconds
[2023-01-15T00:24:42.033+0000] {processor.py:154} INFO - Started process (PID=1194) to work on /home/airflow/.local/lib/python3.7/site-packages/airflow/example_dags/example_latest_only_with_trigger.py
[2023-01-15T00:24:42.034+0000] {processor.py:756} INFO - Processing file /home/airflow/.local/lib/python3.7/site-packages/airflow/example_dags/example_latest_only_with_trigger.py for tasks to queue
[2023-01-15T00:24:42.035+0000] {logging_mixin.py:120} INFO - [2023-01-15T00:24:42.035+0000] {dagbag.py:537} INFO - Filling up the DagBag from /home/airflow/.local/lib/python3.7/site-packages/airflow/example_dags/example_latest_only_with_trigger.py
[2023-01-15T00:24:42.044+0000] {processor.py:766} INFO - DAG(s) dict_keys(['latest_only_with_trigger']) retrieved from /home/airflow/.local/lib/python3.7/site-packages/airflow/example_dags/example_latest_only_with_trigger.py
[2023-01-15T00:24:42.070+0000] {logging_mixin.py:120} INFO - [2023-01-15T00:24:42.070+0000] {dag.py:2585} INFO - Sync 1 DAGs
[2023-01-15T00:24:42.087+0000] {logging_mixin.py:120} INFO - [2023-01-15T00:24:42.086+0000] {dag.py:3340} INFO - Setting next_dagrun for latest_only_with_trigger to 2023-01-14T20:24:42.086842+00:00, run_after=2023-01-15T00:24:42.086842+00:00
[2023-01-15T00:24:42.099+0000] {processor.py:176} INFO - Processing /home/airflow/.local/lib/python3.7/site-packages/airflow/example_dags/example_latest_only_with_trigger.py took 0.067 seconds
[2023-01-15T00:25:13.192+0000] {processor.py:154} INFO - Started process (PID=1260) to work on /home/airflow/.local/lib/python3.7/site-packages/airflow/example_dags/example_latest_only_with_trigger.py
[2023-01-15T00:25:13.192+0000] {processor.py:756} INFO - Processing file /home/airflow/.local/lib/python3.7/site-packages/airflow/example_dags/example_latest_only_with_trigger.py for tasks to queue
[2023-01-15T00:25:13.192+0000] {logging_mixin.py:120} INFO - [2023-01-15T00:25:13.192+0000] {dagbag.py:537} INFO - Filling up the DagBag from /home/airflow/.local/lib/python3.7/site-packages/airflow/example_dags/example_latest_only_with_trigger.py
[2023-01-15T00:25:13.202+0000] {processor.py:766} INFO - DAG(s) dict_keys(['latest_only_with_trigger']) retrieved from /home/airflow/.local/lib/python3.7/site-packages/airflow/example_dags/example_latest_only_with_trigger.py
[2023-01-15T00:25:13.228+0000] {logging_mixin.py:120} INFO - [2023-01-15T00:25:13.228+0000] {dag.py:2585} INFO - Sync 1 DAGs
[2023-01-15T00:25:13.245+0000] {logging_mixin.py:120} INFO - [2023-01-15T00:25:13.244+0000] {dag.py:3340} INFO - Setting next_dagrun for latest_only_with_trigger to 2023-01-14T20:25:13.244771+00:00, run_after=2023-01-15T00:25:13.244771+00:00
[2023-01-15T00:25:13.258+0000] {processor.py:176} INFO - Processing /home/airflow/.local/lib/python3.7/site-packages/airflow/example_dags/example_latest_only_with_trigger.py took 0.068 seconds
[2023-01-15T00:25:44.276+0000] {processor.py:154} INFO - Started process (PID=1324) to work on /home/airflow/.local/lib/python3.7/site-packages/airflow/example_dags/example_latest_only_with_trigger.py
[2023-01-15T00:25:44.277+0000] {processor.py:756} INFO - Processing file /home/airflow/.local/lib/python3.7/site-packages/airflow/example_dags/example_latest_only_with_trigger.py for tasks to queue
[2023-01-15T00:25:44.277+0000] {logging_mixin.py:120} INFO - [2023-01-15T00:25:44.277+0000] {dagbag.py:537} INFO - Filling up the DagBag from /home/airflow/.local/lib/python3.7/site-packages/airflow/example_dags/example_latest_only_with_trigger.py
[2023-01-15T00:25:44.286+0000] {processor.py:766} INFO - DAG(s) dict_keys(['latest_only_with_trigger']) retrieved from /home/airflow/.local/lib/python3.7/site-packages/airflow/example_dags/example_latest_only_with_trigger.py
[2023-01-15T00:25:44.310+0000] {logging_mixin.py:120} INFO - [2023-01-15T00:25:44.310+0000] {dag.py:2585} INFO - Sync 1 DAGs
[2023-01-15T00:25:44.326+0000] {logging_mixin.py:120} INFO - [2023-01-15T00:25:44.326+0000] {dag.py:3340} INFO - Setting next_dagrun for latest_only_with_trigger to 2023-01-14T20:25:44.326502+00:00, run_after=2023-01-15T00:25:44.326502+00:00
[2023-01-15T00:25:44.338+0000] {processor.py:176} INFO - Processing /home/airflow/.local/lib/python3.7/site-packages/airflow/example_dags/example_latest_only_with_trigger.py took 0.064 seconds
[2023-01-15T00:26:15.419+0000] {processor.py:154} INFO - Started process (PID=1389) to work on /home/airflow/.local/lib/python3.7/site-packages/airflow/example_dags/example_latest_only_with_trigger.py
[2023-01-15T00:26:15.420+0000] {processor.py:756} INFO - Processing file /home/airflow/.local/lib/python3.7/site-packages/airflow/example_dags/example_latest_only_with_trigger.py for tasks to queue
[2023-01-15T00:26:15.420+0000] {logging_mixin.py:120} INFO - [2023-01-15T00:26:15.420+0000] {dagbag.py:537} INFO - Filling up the DagBag from /home/airflow/.local/lib/python3.7/site-packages/airflow/example_dags/example_latest_only_with_trigger.py
[2023-01-15T00:26:15.430+0000] {processor.py:766} INFO - DAG(s) dict_keys(['latest_only_with_trigger']) retrieved from /home/airflow/.local/lib/python3.7/site-packages/airflow/example_dags/example_latest_only_with_trigger.py
[2023-01-15T00:26:15.460+0000] {logging_mixin.py:120} INFO - [2023-01-15T00:26:15.460+0000] {dag.py:2585} INFO - Sync 1 DAGs
[2023-01-15T00:26:15.484+0000] {logging_mixin.py:120} INFO - [2023-01-15T00:26:15.483+0000] {dag.py:3340} INFO - Setting next_dagrun for latest_only_with_trigger to 2023-01-14T20:26:15.483723+00:00, run_after=2023-01-15T00:26:15.483723+00:00
[2023-01-15T00:26:15.501+0000] {processor.py:176} INFO - Processing /home/airflow/.local/lib/python3.7/site-packages/airflow/example_dags/example_latest_only_with_trigger.py took 0.083 seconds
[2023-01-15T00:26:46.588+0000] {processor.py:154} INFO - Started process (PID=1445) to work on /home/airflow/.local/lib/python3.7/site-packages/airflow/example_dags/example_latest_only_with_trigger.py
[2023-01-15T00:26:46.589+0000] {processor.py:756} INFO - Processing file /home/airflow/.local/lib/python3.7/site-packages/airflow/example_dags/example_latest_only_with_trigger.py for tasks to queue
[2023-01-15T00:26:46.590+0000] {logging_mixin.py:120} INFO - [2023-01-15T00:26:46.590+0000] {dagbag.py:537} INFO - Filling up the DagBag from /home/airflow/.local/lib/python3.7/site-packages/airflow/example_dags/example_latest_only_with_trigger.py
[2023-01-15T00:26:46.599+0000] {processor.py:766} INFO - DAG(s) dict_keys(['latest_only_with_trigger']) retrieved from /home/airflow/.local/lib/python3.7/site-packages/airflow/example_dags/example_latest_only_with_trigger.py
[2023-01-15T00:26:46.625+0000] {logging_mixin.py:120} INFO - [2023-01-15T00:26:46.624+0000] {dag.py:2585} INFO - Sync 1 DAGs
[2023-01-15T00:26:46.641+0000] {logging_mixin.py:120} INFO - [2023-01-15T00:26:46.641+0000] {dag.py:3340} INFO - Setting next_dagrun for latest_only_with_trigger to 2023-01-14T20:26:46.640917+00:00, run_after=2023-01-15T00:26:46.640917+00:00
[2023-01-15T00:26:46.653+0000] {processor.py:176} INFO - Processing /home/airflow/.local/lib/python3.7/site-packages/airflow/example_dags/example_latest_only_with_trigger.py took 0.067 seconds
[2023-01-15T00:27:17.037+0000] {processor.py:154} INFO - Started process (PID=1510) to work on /home/airflow/.local/lib/python3.7/site-packages/airflow/example_dags/example_latest_only_with_trigger.py
[2023-01-15T00:27:17.037+0000] {processor.py:756} INFO - Processing file /home/airflow/.local/lib/python3.7/site-packages/airflow/example_dags/example_latest_only_with_trigger.py for tasks to queue
[2023-01-15T00:27:17.038+0000] {logging_mixin.py:120} INFO - [2023-01-15T00:27:17.037+0000] {dagbag.py:537} INFO - Filling up the DagBag from /home/airflow/.local/lib/python3.7/site-packages/airflow/example_dags/example_latest_only_with_trigger.py
[2023-01-15T00:27:17.046+0000] {processor.py:766} INFO - DAG(s) dict_keys(['latest_only_with_trigger']) retrieved from /home/airflow/.local/lib/python3.7/site-packages/airflow/example_dags/example_latest_only_with_trigger.py
[2023-01-15T00:27:17.070+0000] {logging_mixin.py:120} INFO - [2023-01-15T00:27:17.069+0000] {dag.py:2585} INFO - Sync 1 DAGs
[2023-01-15T00:27:17.085+0000] {logging_mixin.py:120} INFO - [2023-01-15T00:27:17.085+0000] {dag.py:3340} INFO - Setting next_dagrun for latest_only_with_trigger to 2023-01-14T20:27:17.085601+00:00, run_after=2023-01-15T00:27:17.085601+00:00
[2023-01-15T00:27:17.099+0000] {processor.py:176} INFO - Processing /home/airflow/.local/lib/python3.7/site-packages/airflow/example_dags/example_latest_only_with_trigger.py took 0.064 seconds
[2023-01-15T00:27:47.315+0000] {processor.py:154} INFO - Started process (PID=1574) to work on /home/airflow/.local/lib/python3.7/site-packages/airflow/example_dags/example_latest_only_with_trigger.py
[2023-01-15T00:27:47.316+0000] {processor.py:756} INFO - Processing file /home/airflow/.local/lib/python3.7/site-packages/airflow/example_dags/example_latest_only_with_trigger.py for tasks to queue
[2023-01-15T00:27:47.317+0000] {logging_mixin.py:120} INFO - [2023-01-15T00:27:47.317+0000] {dagbag.py:537} INFO - Filling up the DagBag from /home/airflow/.local/lib/python3.7/site-packages/airflow/example_dags/example_latest_only_with_trigger.py
[2023-01-15T00:27:47.326+0000] {processor.py:766} INFO - DAG(s) dict_keys(['latest_only_with_trigger']) retrieved from /home/airflow/.local/lib/python3.7/site-packages/airflow/example_dags/example_latest_only_with_trigger.py
[2023-01-15T00:27:47.352+0000] {logging_mixin.py:120} INFO - [2023-01-15T00:27:47.351+0000] {dag.py:2585} INFO - Sync 1 DAGs
[2023-01-15T00:27:47.368+0000] {logging_mixin.py:120} INFO - [2023-01-15T00:27:47.368+0000] {dag.py:3340} INFO - Setting next_dagrun for latest_only_with_trigger to 2023-01-14T20:27:47.367965+00:00, run_after=2023-01-15T00:27:47.367965+00:00
[2023-01-15T00:27:47.381+0000] {processor.py:176} INFO - Processing /home/airflow/.local/lib/python3.7/site-packages/airflow/example_dags/example_latest_only_with_trigger.py took 0.067 seconds
[2023-01-15T00:28:17.603+0000] {processor.py:154} INFO - Started process (PID=1639) to work on /home/airflow/.local/lib/python3.7/site-packages/airflow/example_dags/example_latest_only_with_trigger.py
[2023-01-15T00:28:17.603+0000] {processor.py:756} INFO - Processing file /home/airflow/.local/lib/python3.7/site-packages/airflow/example_dags/example_latest_only_with_trigger.py for tasks to queue
[2023-01-15T00:28:17.603+0000] {logging_mixin.py:120} INFO - [2023-01-15T00:28:17.603+0000] {dagbag.py:537} INFO - Filling up the DagBag from /home/airflow/.local/lib/python3.7/site-packages/airflow/example_dags/example_latest_only_with_trigger.py
[2023-01-15T00:28:17.612+0000] {processor.py:766} INFO - DAG(s) dict_keys(['latest_only_with_trigger']) retrieved from /home/airflow/.local/lib/python3.7/site-packages/airflow/example_dags/example_latest_only_with_trigger.py
[2023-01-15T00:28:17.638+0000] {logging_mixin.py:120} INFO - [2023-01-15T00:28:17.638+0000] {dag.py:2585} INFO - Sync 1 DAGs
[2023-01-15T00:28:17.654+0000] {logging_mixin.py:120} INFO - [2023-01-15T00:28:17.654+0000] {dag.py:3340} INFO - Setting next_dagrun for latest_only_with_trigger to 2023-01-14T20:28:17.654376+00:00, run_after=2023-01-15T00:28:17.654376+00:00
[2023-01-15T00:28:17.666+0000] {processor.py:176} INFO - Processing /home/airflow/.local/lib/python3.7/site-packages/airflow/example_dags/example_latest_only_with_trigger.py took 0.065 seconds
[2023-01-15T00:28:48.719+0000] {processor.py:154} INFO - Started process (PID=1704) to work on /home/airflow/.local/lib/python3.7/site-packages/airflow/example_dags/example_latest_only_with_trigger.py
[2023-01-15T00:28:48.720+0000] {processor.py:756} INFO - Processing file /home/airflow/.local/lib/python3.7/site-packages/airflow/example_dags/example_latest_only_with_trigger.py for tasks to queue
[2023-01-15T00:28:48.720+0000] {logging_mixin.py:120} INFO - [2023-01-15T00:28:48.720+0000] {dagbag.py:537} INFO - Filling up the DagBag from /home/airflow/.local/lib/python3.7/site-packages/airflow/example_dags/example_latest_only_with_trigger.py
[2023-01-15T00:28:48.731+0000] {processor.py:766} INFO - DAG(s) dict_keys(['latest_only_with_trigger']) retrieved from /home/airflow/.local/lib/python3.7/site-packages/airflow/example_dags/example_latest_only_with_trigger.py
[2023-01-15T00:28:48.779+0000] {logging_mixin.py:120} INFO - [2023-01-15T00:28:48.779+0000] {dag.py:2585} INFO - Sync 1 DAGs
[2023-01-15T00:28:48.796+0000] {logging_mixin.py:120} INFO - [2023-01-15T00:28:48.796+0000] {dag.py:3340} INFO - Setting next_dagrun for latest_only_with_trigger to 2023-01-14T20:28:48.795989+00:00, run_after=2023-01-15T00:28:48.795989+00:00
[2023-01-15T00:28:48.808+0000] {processor.py:176} INFO - Processing /home/airflow/.local/lib/python3.7/site-packages/airflow/example_dags/example_latest_only_with_trigger.py took 0.091 seconds
[2023-01-15T00:29:19.837+0000] {processor.py:154} INFO - Started process (PID=1760) to work on /home/airflow/.local/lib/python3.7/site-packages/airflow/example_dags/example_latest_only_with_trigger.py
[2023-01-15T00:29:19.839+0000] {processor.py:756} INFO - Processing file /home/airflow/.local/lib/python3.7/site-packages/airflow/example_dags/example_latest_only_with_trigger.py for tasks to queue
[2023-01-15T00:29:19.839+0000] {logging_mixin.py:120} INFO - [2023-01-15T00:29:19.839+0000] {dagbag.py:537} INFO - Filling up the DagBag from /home/airflow/.local/lib/python3.7/site-packages/airflow/example_dags/example_latest_only_with_trigger.py
[2023-01-15T00:29:19.849+0000] {processor.py:766} INFO - DAG(s) dict_keys(['latest_only_with_trigger']) retrieved from /home/airflow/.local/lib/python3.7/site-packages/airflow/example_dags/example_latest_only_with_trigger.py
[2023-01-15T00:29:19.876+0000] {logging_mixin.py:120} INFO - [2023-01-15T00:29:19.876+0000] {dag.py:2585} INFO - Sync 1 DAGs
[2023-01-15T00:29:19.893+0000] {logging_mixin.py:120} INFO - [2023-01-15T00:29:19.893+0000] {dag.py:3340} INFO - Setting next_dagrun for latest_only_with_trigger to 2023-01-14T20:29:19.893711+00:00, run_after=2023-01-15T00:29:19.893711+00:00
[2023-01-15T00:29:19.909+0000] {processor.py:176} INFO - Processing /home/airflow/.local/lib/python3.7/site-packages/airflow/example_dags/example_latest_only_with_trigger.py took 0.074 seconds
[2023-01-15T00:29:50.097+0000] {processor.py:154} INFO - Started process (PID=1826) to work on /home/airflow/.local/lib/python3.7/site-packages/airflow/example_dags/example_latest_only_with_trigger.py
[2023-01-15T00:29:50.098+0000] {processor.py:756} INFO - Processing file /home/airflow/.local/lib/python3.7/site-packages/airflow/example_dags/example_latest_only_with_trigger.py for tasks to queue
[2023-01-15T00:29:50.098+0000] {logging_mixin.py:120} INFO - [2023-01-15T00:29:50.098+0000] {dagbag.py:537} INFO - Filling up the DagBag from /home/airflow/.local/lib/python3.7/site-packages/airflow/example_dags/example_latest_only_with_trigger.py
[2023-01-15T00:29:50.106+0000] {processor.py:766} INFO - DAG(s) dict_keys(['latest_only_with_trigger']) retrieved from /home/airflow/.local/lib/python3.7/site-packages/airflow/example_dags/example_latest_only_with_trigger.py
[2023-01-15T00:29:50.131+0000] {logging_mixin.py:120} INFO - [2023-01-15T00:29:50.131+0000] {dag.py:2585} INFO - Sync 1 DAGs
[2023-01-15T00:29:50.148+0000] {logging_mixin.py:120} INFO - [2023-01-15T00:29:50.148+0000] {dag.py:3340} INFO - Setting next_dagrun for latest_only_with_trigger to 2023-01-14T20:29:50.148678+00:00, run_after=2023-01-15T00:29:50.148678+00:00
[2023-01-15T00:29:50.162+0000] {processor.py:176} INFO - Processing /home/airflow/.local/lib/python3.7/site-packages/airflow/example_dags/example_latest_only_with_trigger.py took 0.067 seconds
[2023-01-15T00:30:21.177+0000] {processor.py:154} INFO - Started process (PID=1891) to work on /home/airflow/.local/lib/python3.7/site-packages/airflow/example_dags/example_latest_only_with_trigger.py
[2023-01-15T00:30:21.178+0000] {processor.py:756} INFO - Processing file /home/airflow/.local/lib/python3.7/site-packages/airflow/example_dags/example_latest_only_with_trigger.py for tasks to queue
[2023-01-15T00:30:21.178+0000] {logging_mixin.py:120} INFO - [2023-01-15T00:30:21.178+0000] {dagbag.py:537} INFO - Filling up the DagBag from /home/airflow/.local/lib/python3.7/site-packages/airflow/example_dags/example_latest_only_with_trigger.py
[2023-01-15T00:30:21.187+0000] {processor.py:766} INFO - DAG(s) dict_keys(['latest_only_with_trigger']) retrieved from /home/airflow/.local/lib/python3.7/site-packages/airflow/example_dags/example_latest_only_with_trigger.py
[2023-01-15T00:30:21.211+0000] {logging_mixin.py:120} INFO - [2023-01-15T00:30:21.211+0000] {dag.py:2585} INFO - Sync 1 DAGs
[2023-01-15T00:30:21.226+0000] {logging_mixin.py:120} INFO - [2023-01-15T00:30:21.226+0000] {dag.py:3340} INFO - Setting next_dagrun for latest_only_with_trigger to 2023-01-14T20:30:21.226002+00:00, run_after=2023-01-15T00:30:21.226002+00:00
[2023-01-15T00:30:21.237+0000] {processor.py:176} INFO - Processing /home/airflow/.local/lib/python3.7/site-packages/airflow/example_dags/example_latest_only_with_trigger.py took 0.061 seconds
[2023-01-15T00:30:52.142+0000] {processor.py:154} INFO - Started process (PID=1956) to work on /home/airflow/.local/lib/python3.7/site-packages/airflow/example_dags/example_latest_only_with_trigger.py
[2023-01-15T00:30:52.143+0000] {processor.py:756} INFO - Processing file /home/airflow/.local/lib/python3.7/site-packages/airflow/example_dags/example_latest_only_with_trigger.py for tasks to queue
[2023-01-15T00:30:52.143+0000] {logging_mixin.py:120} INFO - [2023-01-15T00:30:52.143+0000] {dagbag.py:537} INFO - Filling up the DagBag from /home/airflow/.local/lib/python3.7/site-packages/airflow/example_dags/example_latest_only_with_trigger.py
[2023-01-15T00:30:52.152+0000] {processor.py:766} INFO - DAG(s) dict_keys(['latest_only_with_trigger']) retrieved from /home/airflow/.local/lib/python3.7/site-packages/airflow/example_dags/example_latest_only_with_trigger.py
[2023-01-15T00:30:52.178+0000] {logging_mixin.py:120} INFO - [2023-01-15T00:30:52.178+0000] {dag.py:2585} INFO - Sync 1 DAGs
[2023-01-15T00:30:52.195+0000] {logging_mixin.py:120} INFO - [2023-01-15T00:30:52.194+0000] {dag.py:3340} INFO - Setting next_dagrun for latest_only_with_trigger to 2023-01-14T20:30:52.194818+00:00, run_after=2023-01-15T00:30:52.194818+00:00
[2023-01-15T00:30:52.207+0000] {processor.py:176} INFO - Processing /home/airflow/.local/lib/python3.7/site-packages/airflow/example_dags/example_latest_only_with_trigger.py took 0.067 seconds
[2023-01-15T00:31:23.186+0000] {processor.py:154} INFO - Started process (PID=2020) to work on /home/airflow/.local/lib/python3.7/site-packages/airflow/example_dags/example_latest_only_with_trigger.py
[2023-01-15T00:31:23.186+0000] {processor.py:756} INFO - Processing file /home/airflow/.local/lib/python3.7/site-packages/airflow/example_dags/example_latest_only_with_trigger.py for tasks to queue
[2023-01-15T00:31:23.187+0000] {logging_mixin.py:120} INFO - [2023-01-15T00:31:23.187+0000] {dagbag.py:537} INFO - Filling up the DagBag from /home/airflow/.local/lib/python3.7/site-packages/airflow/example_dags/example_latest_only_with_trigger.py
[2023-01-15T00:31:23.195+0000] {processor.py:766} INFO - DAG(s) dict_keys(['latest_only_with_trigger']) retrieved from /home/airflow/.local/lib/python3.7/site-packages/airflow/example_dags/example_latest_only_with_trigger.py
[2023-01-15T00:31:23.220+0000] {logging_mixin.py:120} INFO - [2023-01-15T00:31:23.220+0000] {dag.py:2585} INFO - Sync 1 DAGs
[2023-01-15T00:31:23.237+0000] {logging_mixin.py:120} INFO - [2023-01-15T00:31:23.237+0000] {dag.py:3340} INFO - Setting next_dagrun for latest_only_with_trigger to 2023-01-14T20:31:23.237038+00:00, run_after=2023-01-15T00:31:23.237038+00:00
[2023-01-15T00:31:23.250+0000] {processor.py:176} INFO - Processing /home/airflow/.local/lib/python3.7/site-packages/airflow/example_dags/example_latest_only_with_trigger.py took 0.066 seconds
[2023-01-15T00:31:54.214+0000] {processor.py:154} INFO - Started process (PID=2085) to work on /home/airflow/.local/lib/python3.7/site-packages/airflow/example_dags/example_latest_only_with_trigger.py
[2023-01-15T00:31:54.215+0000] {processor.py:756} INFO - Processing file /home/airflow/.local/lib/python3.7/site-packages/airflow/example_dags/example_latest_only_with_trigger.py for tasks to queue
[2023-01-15T00:31:54.215+0000] {logging_mixin.py:120} INFO - [2023-01-15T00:31:54.215+0000] {dagbag.py:537} INFO - Filling up the DagBag from /home/airflow/.local/lib/python3.7/site-packages/airflow/example_dags/example_latest_only_with_trigger.py
[2023-01-15T00:31:54.224+0000] {processor.py:766} INFO - DAG(s) dict_keys(['latest_only_with_trigger']) retrieved from /home/airflow/.local/lib/python3.7/site-packages/airflow/example_dags/example_latest_only_with_trigger.py
[2023-01-15T00:31:54.250+0000] {logging_mixin.py:120} INFO - [2023-01-15T00:31:54.250+0000] {dag.py:2585} INFO - Sync 1 DAGs
[2023-01-15T00:31:54.270+0000] {logging_mixin.py:120} INFO - [2023-01-15T00:31:54.270+0000] {dag.py:3340} INFO - Setting next_dagrun for latest_only_with_trigger to 2023-01-14T20:31:54.270225+00:00, run_after=2023-01-15T00:31:54.270225+00:00
[2023-01-15T00:31:54.287+0000] {processor.py:176} INFO - Processing /home/airflow/.local/lib/python3.7/site-packages/airflow/example_dags/example_latest_only_with_trigger.py took 0.075 seconds
[2023-01-15T00:32:24.436+0000] {processor.py:154} INFO - Started process (PID=2141) to work on /home/airflow/.local/lib/python3.7/site-packages/airflow/example_dags/example_latest_only_with_trigger.py
[2023-01-15T00:32:24.437+0000] {processor.py:756} INFO - Processing file /home/airflow/.local/lib/python3.7/site-packages/airflow/example_dags/example_latest_only_with_trigger.py for tasks to queue
[2023-01-15T00:32:24.437+0000] {logging_mixin.py:120} INFO - [2023-01-15T00:32:24.437+0000] {dagbag.py:537} INFO - Filling up the DagBag from /home/airflow/.local/lib/python3.7/site-packages/airflow/example_dags/example_latest_only_with_trigger.py
[2023-01-15T00:32:24.446+0000] {processor.py:766} INFO - DAG(s) dict_keys(['latest_only_with_trigger']) retrieved from /home/airflow/.local/lib/python3.7/site-packages/airflow/example_dags/example_latest_only_with_trigger.py
[2023-01-15T00:32:24.471+0000] {logging_mixin.py:120} INFO - [2023-01-15T00:32:24.470+0000] {dag.py:2585} INFO - Sync 1 DAGs
[2023-01-15T00:32:24.487+0000] {logging_mixin.py:120} INFO - [2023-01-15T00:32:24.486+0000] {dag.py:3340} INFO - Setting next_dagrun for latest_only_with_trigger to 2023-01-14T20:32:24.486783+00:00, run_after=2023-01-15T00:32:24.486783+00:00
[2023-01-15T00:32:24.501+0000] {processor.py:176} INFO - Processing /home/airflow/.local/lib/python3.7/site-packages/airflow/example_dags/example_latest_only_with_trigger.py took 0.067 seconds
[2023-01-15T00:32:54.687+0000] {processor.py:154} INFO - Started process (PID=2207) to work on /home/airflow/.local/lib/python3.7/site-packages/airflow/example_dags/example_latest_only_with_trigger.py
[2023-01-15T00:32:54.687+0000] {processor.py:756} INFO - Processing file /home/airflow/.local/lib/python3.7/site-packages/airflow/example_dags/example_latest_only_with_trigger.py for tasks to queue
[2023-01-15T00:32:54.688+0000] {logging_mixin.py:120} INFO - [2023-01-15T00:32:54.688+0000] {dagbag.py:537} INFO - Filling up the DagBag from /home/airflow/.local/lib/python3.7/site-packages/airflow/example_dags/example_latest_only_with_trigger.py
[2023-01-15T00:32:54.696+0000] {processor.py:766} INFO - DAG(s) dict_keys(['latest_only_with_trigger']) retrieved from /home/airflow/.local/lib/python3.7/site-packages/airflow/example_dags/example_latest_only_with_trigger.py
[2023-01-15T00:32:54.721+0000] {logging_mixin.py:120} INFO - [2023-01-15T00:32:54.721+0000] {dag.py:2585} INFO - Sync 1 DAGs
[2023-01-15T00:32:54.737+0000] {logging_mixin.py:120} INFO - [2023-01-15T00:32:54.737+0000] {dag.py:3340} INFO - Setting next_dagrun for latest_only_with_trigger to 2023-01-14T20:32:54.737033+00:00, run_after=2023-01-15T00:32:54.737033+00:00
[2023-01-15T00:32:54.750+0000] {processor.py:176} INFO - Processing /home/airflow/.local/lib/python3.7/site-packages/airflow/example_dags/example_latest_only_with_trigger.py took 0.065 seconds
[2023-01-15T00:33:24.933+0000] {processor.py:154} INFO - Started process (PID=2272) to work on /home/airflow/.local/lib/python3.7/site-packages/airflow/example_dags/example_latest_only_with_trigger.py
[2023-01-15T00:33:24.934+0000] {processor.py:756} INFO - Processing file /home/airflow/.local/lib/python3.7/site-packages/airflow/example_dags/example_latest_only_with_trigger.py for tasks to queue
[2023-01-15T00:33:24.934+0000] {logging_mixin.py:120} INFO - [2023-01-15T00:33:24.934+0000] {dagbag.py:537} INFO - Filling up the DagBag from /home/airflow/.local/lib/python3.7/site-packages/airflow/example_dags/example_latest_only_with_trigger.py
[2023-01-15T00:33:24.946+0000] {processor.py:766} INFO - DAG(s) dict_keys(['latest_only_with_trigger']) retrieved from /home/airflow/.local/lib/python3.7/site-packages/airflow/example_dags/example_latest_only_with_trigger.py
[2023-01-15T00:33:24.978+0000] {logging_mixin.py:120} INFO - [2023-01-15T00:33:24.978+0000] {dag.py:2585} INFO - Sync 1 DAGs
[2023-01-15T00:33:25.002+0000] {logging_mixin.py:120} INFO - [2023-01-15T00:33:25.001+0000] {dag.py:3340} INFO - Setting next_dagrun for latest_only_with_trigger to 2023-01-14T20:33:25.001815+00:00, run_after=2023-01-15T00:33:25.001815+00:00
[2023-01-15T00:33:25.018+0000] {processor.py:176} INFO - Processing /home/airflow/.local/lib/python3.7/site-packages/airflow/example_dags/example_latest_only_with_trigger.py took 0.086 seconds
