[2023-01-15T00:15:33.770+0000] {processor.py:154} INFO - Started process (PID=70) to work on /home/airflow/.local/lib/python3.7/site-packages/airflow/example_dags/example_short_circuit_decorator.py
[2023-01-15T00:15:33.771+0000] {processor.py:756} INFO - Processing file /home/airflow/.local/lib/python3.7/site-packages/airflow/example_dags/example_short_circuit_decorator.py for tasks to queue
[2023-01-15T00:15:33.772+0000] {logging_mixin.py:120} INFO - [2023-01-15T00:15:33.772+0000] {dagbag.py:537} INFO - Filling up the DagBag from /home/airflow/.local/lib/python3.7/site-packages/airflow/example_dags/example_short_circuit_decorator.py
[2023-01-15T00:15:33.848+0000] {processor.py:766} INFO - DAG(s) dict_keys(['example_short_circuit_decorator']) retrieved from /home/airflow/.local/lib/python3.7/site-packages/airflow/example_dags/example_short_circuit_decorator.py
[2023-01-15T00:15:33.912+0000] {logging_mixin.py:120} INFO - [2023-01-15T00:15:33.911+0000] {dag.py:2585} INFO - Sync 1 DAGs
[2023-01-15T00:15:33.958+0000] {logging_mixin.py:120} INFO - [2023-01-15T00:15:33.958+0000] {dag.py:3340} INFO - Setting next_dagrun for example_short_circuit_decorator to 2023-01-14T00:15:33.958261+00:00, run_after=2023-01-15T00:15:33.958261+00:00
[2023-01-15T00:15:34.004+0000] {processor.py:176} INFO - Processing /home/airflow/.local/lib/python3.7/site-packages/airflow/example_dags/example_short_circuit_decorator.py took 0.239 seconds
[2023-01-15T00:16:04.291+0000] {processor.py:154} INFO - Started process (PID=136) to work on /home/airflow/.local/lib/python3.7/site-packages/airflow/example_dags/example_short_circuit_decorator.py
[2023-01-15T00:16:04.292+0000] {processor.py:756} INFO - Processing file /home/airflow/.local/lib/python3.7/site-packages/airflow/example_dags/example_short_circuit_decorator.py for tasks to queue
[2023-01-15T00:16:04.293+0000] {logging_mixin.py:120} INFO - [2023-01-15T00:16:04.293+0000] {dagbag.py:537} INFO - Filling up the DagBag from /home/airflow/.local/lib/python3.7/site-packages/airflow/example_dags/example_short_circuit_decorator.py
[2023-01-15T00:16:04.307+0000] {processor.py:766} INFO - DAG(s) dict_keys(['example_short_circuit_decorator']) retrieved from /home/airflow/.local/lib/python3.7/site-packages/airflow/example_dags/example_short_circuit_decorator.py
[2023-01-15T00:16:04.331+0000] {logging_mixin.py:120} INFO - [2023-01-15T00:16:04.331+0000] {dag.py:2585} INFO - Sync 1 DAGs
[2023-01-15T00:16:04.346+0000] {logging_mixin.py:120} INFO - [2023-01-15T00:16:04.346+0000] {dag.py:3340} INFO - Setting next_dagrun for example_short_circuit_decorator to 2023-01-14T00:16:04.346434+00:00, run_after=2023-01-15T00:16:04.346434+00:00
[2023-01-15T00:16:04.359+0000] {processor.py:176} INFO - Processing /home/airflow/.local/lib/python3.7/site-packages/airflow/example_dags/example_short_circuit_decorator.py took 0.070 seconds
[2023-01-15T00:16:34.629+0000] {processor.py:154} INFO - Started process (PID=202) to work on /home/airflow/.local/lib/python3.7/site-packages/airflow/example_dags/example_short_circuit_decorator.py
[2023-01-15T00:16:34.629+0000] {processor.py:756} INFO - Processing file /home/airflow/.local/lib/python3.7/site-packages/airflow/example_dags/example_short_circuit_decorator.py for tasks to queue
[2023-01-15T00:16:34.629+0000] {logging_mixin.py:120} INFO - [2023-01-15T00:16:34.629+0000] {dagbag.py:537} INFO - Filling up the DagBag from /home/airflow/.local/lib/python3.7/site-packages/airflow/example_dags/example_short_circuit_decorator.py
[2023-01-15T00:16:34.648+0000] {processor.py:766} INFO - DAG(s) dict_keys(['example_short_circuit_decorator']) retrieved from /home/airflow/.local/lib/python3.7/site-packages/airflow/example_dags/example_short_circuit_decorator.py
[2023-01-15T00:16:34.682+0000] {logging_mixin.py:120} INFO - [2023-01-15T00:16:34.682+0000] {dag.py:2585} INFO - Sync 1 DAGs
[2023-01-15T00:16:34.708+0000] {logging_mixin.py:120} INFO - [2023-01-15T00:16:34.708+0000] {dag.py:3340} INFO - Setting next_dagrun for example_short_circuit_decorator to 2023-01-14T00:16:34.708006+00:00, run_after=2023-01-15T00:16:34.708006+00:00
[2023-01-15T00:16:34.727+0000] {processor.py:176} INFO - Processing /home/airflow/.local/lib/python3.7/site-packages/airflow/example_dags/example_short_circuit_decorator.py took 0.100 seconds
[2023-01-15T00:17:04.891+0000] {processor.py:154} INFO - Started process (PID=258) to work on /home/airflow/.local/lib/python3.7/site-packages/airflow/example_dags/example_short_circuit_decorator.py
[2023-01-15T00:17:04.891+0000] {processor.py:756} INFO - Processing file /home/airflow/.local/lib/python3.7/site-packages/airflow/example_dags/example_short_circuit_decorator.py for tasks to queue
[2023-01-15T00:17:04.892+0000] {logging_mixin.py:120} INFO - [2023-01-15T00:17:04.892+0000] {dagbag.py:537} INFO - Filling up the DagBag from /home/airflow/.local/lib/python3.7/site-packages/airflow/example_dags/example_short_circuit_decorator.py
[2023-01-15T00:17:04.913+0000] {processor.py:766} INFO - DAG(s) dict_keys(['example_short_circuit_decorator']) retrieved from /home/airflow/.local/lib/python3.7/site-packages/airflow/example_dags/example_short_circuit_decorator.py
[2023-01-15T00:17:04.949+0000] {logging_mixin.py:120} INFO - [2023-01-15T00:17:04.949+0000] {dag.py:2585} INFO - Sync 1 DAGs
[2023-01-15T00:17:04.976+0000] {logging_mixin.py:120} INFO - [2023-01-15T00:17:04.975+0000] {dag.py:3340} INFO - Setting next_dagrun for example_short_circuit_decorator to 2023-01-14T00:17:04.975786+00:00, run_after=2023-01-15T00:17:04.975786+00:00
[2023-01-15T00:17:04.996+0000] {processor.py:176} INFO - Processing /home/airflow/.local/lib/python3.7/site-packages/airflow/example_dags/example_short_circuit_decorator.py took 0.107 seconds
[2023-01-15T00:17:35.172+0000] {processor.py:154} INFO - Started process (PID=323) to work on /home/airflow/.local/lib/python3.7/site-packages/airflow/example_dags/example_short_circuit_decorator.py
[2023-01-15T00:17:35.173+0000] {processor.py:756} INFO - Processing file /home/airflow/.local/lib/python3.7/site-packages/airflow/example_dags/example_short_circuit_decorator.py for tasks to queue
[2023-01-15T00:17:35.173+0000] {logging_mixin.py:120} INFO - [2023-01-15T00:17:35.173+0000] {dagbag.py:537} INFO - Filling up the DagBag from /home/airflow/.local/lib/python3.7/site-packages/airflow/example_dags/example_short_circuit_decorator.py
[2023-01-15T00:17:35.189+0000] {processor.py:766} INFO - DAG(s) dict_keys(['example_short_circuit_decorator']) retrieved from /home/airflow/.local/lib/python3.7/site-packages/airflow/example_dags/example_short_circuit_decorator.py
[2023-01-15T00:17:35.215+0000] {logging_mixin.py:120} INFO - [2023-01-15T00:17:35.215+0000] {dag.py:2585} INFO - Sync 1 DAGs
[2023-01-15T00:17:35.232+0000] {logging_mixin.py:120} INFO - [2023-01-15T00:17:35.232+0000] {dag.py:3340} INFO - Setting next_dagrun for example_short_circuit_decorator to 2023-01-14T00:17:35.232069+00:00, run_after=2023-01-15T00:17:35.232069+00:00
[2023-01-15T00:17:35.245+0000] {processor.py:176} INFO - Processing /home/airflow/.local/lib/python3.7/site-packages/airflow/example_dags/example_short_circuit_decorator.py took 0.075 seconds
[2023-01-15T00:18:05.614+0000] {processor.py:154} INFO - Started process (PID=388) to work on /home/airflow/.local/lib/python3.7/site-packages/airflow/example_dags/example_short_circuit_decorator.py
[2023-01-15T00:18:05.616+0000] {processor.py:756} INFO - Processing file /home/airflow/.local/lib/python3.7/site-packages/airflow/example_dags/example_short_circuit_decorator.py for tasks to queue
[2023-01-15T00:18:05.616+0000] {logging_mixin.py:120} INFO - [2023-01-15T00:18:05.616+0000] {dagbag.py:537} INFO - Filling up the DagBag from /home/airflow/.local/lib/python3.7/site-packages/airflow/example_dags/example_short_circuit_decorator.py
[2023-01-15T00:18:05.633+0000] {processor.py:766} INFO - DAG(s) dict_keys(['example_short_circuit_decorator']) retrieved from /home/airflow/.local/lib/python3.7/site-packages/airflow/example_dags/example_short_circuit_decorator.py
[2023-01-15T00:18:05.662+0000] {logging_mixin.py:120} INFO - [2023-01-15T00:18:05.661+0000] {dag.py:2585} INFO - Sync 1 DAGs
[2023-01-15T00:18:05.678+0000] {logging_mixin.py:120} INFO - [2023-01-15T00:18:05.678+0000] {dag.py:3340} INFO - Setting next_dagrun for example_short_circuit_decorator to 2023-01-14T00:18:05.678219+00:00, run_after=2023-01-15T00:18:05.678219+00:00
[2023-01-15T00:18:05.693+0000] {processor.py:176} INFO - Processing /home/airflow/.local/lib/python3.7/site-packages/airflow/example_dags/example_short_circuit_decorator.py took 0.081 seconds
[2023-01-15T00:18:36.129+0000] {processor.py:154} INFO - Started process (PID=453) to work on /home/airflow/.local/lib/python3.7/site-packages/airflow/example_dags/example_short_circuit_decorator.py
[2023-01-15T00:18:36.130+0000] {processor.py:756} INFO - Processing file /home/airflow/.local/lib/python3.7/site-packages/airflow/example_dags/example_short_circuit_decorator.py for tasks to queue
[2023-01-15T00:18:36.131+0000] {logging_mixin.py:120} INFO - [2023-01-15T00:18:36.131+0000] {dagbag.py:537} INFO - Filling up the DagBag from /home/airflow/.local/lib/python3.7/site-packages/airflow/example_dags/example_short_circuit_decorator.py
[2023-01-15T00:18:36.147+0000] {processor.py:766} INFO - DAG(s) dict_keys(['example_short_circuit_decorator']) retrieved from /home/airflow/.local/lib/python3.7/site-packages/airflow/example_dags/example_short_circuit_decorator.py
[2023-01-15T00:18:36.174+0000] {logging_mixin.py:120} INFO - [2023-01-15T00:18:36.174+0000] {dag.py:2585} INFO - Sync 1 DAGs
[2023-01-15T00:18:36.193+0000] {logging_mixin.py:120} INFO - [2023-01-15T00:18:36.193+0000] {dag.py:3340} INFO - Setting next_dagrun for example_short_circuit_decorator to 2023-01-14T00:18:36.192919+00:00, run_after=2023-01-15T00:18:36.192919+00:00
[2023-01-15T00:18:36.206+0000] {processor.py:176} INFO - Processing /home/airflow/.local/lib/python3.7/site-packages/airflow/example_dags/example_short_circuit_decorator.py took 0.079 seconds
[2023-01-15T00:19:06.627+0000] {processor.py:154} INFO - Started process (PID=509) to work on /home/airflow/.local/lib/python3.7/site-packages/airflow/example_dags/example_short_circuit_decorator.py
[2023-01-15T00:19:06.628+0000] {processor.py:756} INFO - Processing file /home/airflow/.local/lib/python3.7/site-packages/airflow/example_dags/example_short_circuit_decorator.py for tasks to queue
[2023-01-15T00:19:06.628+0000] {logging_mixin.py:120} INFO - [2023-01-15T00:19:06.628+0000] {dagbag.py:537} INFO - Filling up the DagBag from /home/airflow/.local/lib/python3.7/site-packages/airflow/example_dags/example_short_circuit_decorator.py
[2023-01-15T00:19:06.643+0000] {processor.py:766} INFO - DAG(s) dict_keys(['example_short_circuit_decorator']) retrieved from /home/airflow/.local/lib/python3.7/site-packages/airflow/example_dags/example_short_circuit_decorator.py
[2023-01-15T00:19:06.669+0000] {logging_mixin.py:120} INFO - [2023-01-15T00:19:06.669+0000] {dag.py:2585} INFO - Sync 1 DAGs
[2023-01-15T00:19:06.685+0000] {logging_mixin.py:120} INFO - [2023-01-15T00:19:06.685+0000] {dag.py:3340} INFO - Setting next_dagrun for example_short_circuit_decorator to 2023-01-14T00:19:06.685194+00:00, run_after=2023-01-15T00:19:06.685194+00:00
[2023-01-15T00:19:06.699+0000] {processor.py:176} INFO - Processing /home/airflow/.local/lib/python3.7/site-packages/airflow/example_dags/example_short_circuit_decorator.py took 0.074 seconds
[2023-01-15T00:19:37.188+0000] {processor.py:154} INFO - Started process (PID=574) to work on /home/airflow/.local/lib/python3.7/site-packages/airflow/example_dags/example_short_circuit_decorator.py
[2023-01-15T00:19:37.189+0000] {processor.py:756} INFO - Processing file /home/airflow/.local/lib/python3.7/site-packages/airflow/example_dags/example_short_circuit_decorator.py for tasks to queue
[2023-01-15T00:19:37.189+0000] {logging_mixin.py:120} INFO - [2023-01-15T00:19:37.189+0000] {dagbag.py:537} INFO - Filling up the DagBag from /home/airflow/.local/lib/python3.7/site-packages/airflow/example_dags/example_short_circuit_decorator.py
[2023-01-15T00:19:37.208+0000] {processor.py:766} INFO - DAG(s) dict_keys(['example_short_circuit_decorator']) retrieved from /home/airflow/.local/lib/python3.7/site-packages/airflow/example_dags/example_short_circuit_decorator.py
[2023-01-15T00:19:37.238+0000] {logging_mixin.py:120} INFO - [2023-01-15T00:19:37.238+0000] {dag.py:2585} INFO - Sync 1 DAGs
[2023-01-15T00:19:37.259+0000] {logging_mixin.py:120} INFO - [2023-01-15T00:19:37.259+0000] {dag.py:3340} INFO - Setting next_dagrun for example_short_circuit_decorator to 2023-01-14T00:19:37.258915+00:00, run_after=2023-01-15T00:19:37.258915+00:00
[2023-01-15T00:19:37.276+0000] {processor.py:176} INFO - Processing /home/airflow/.local/lib/python3.7/site-packages/airflow/example_dags/example_short_circuit_decorator.py took 0.090 seconds
[2023-01-15T00:20:07.477+0000] {processor.py:154} INFO - Started process (PID=639) to work on /home/airflow/.local/lib/python3.7/site-packages/airflow/example_dags/example_short_circuit_decorator.py
[2023-01-15T00:20:07.478+0000] {processor.py:756} INFO - Processing file /home/airflow/.local/lib/python3.7/site-packages/airflow/example_dags/example_short_circuit_decorator.py for tasks to queue
[2023-01-15T00:20:07.478+0000] {logging_mixin.py:120} INFO - [2023-01-15T00:20:07.478+0000] {dagbag.py:537} INFO - Filling up the DagBag from /home/airflow/.local/lib/python3.7/site-packages/airflow/example_dags/example_short_circuit_decorator.py
[2023-01-15T00:20:07.496+0000] {processor.py:766} INFO - DAG(s) dict_keys(['example_short_circuit_decorator']) retrieved from /home/airflow/.local/lib/python3.7/site-packages/airflow/example_dags/example_short_circuit_decorator.py
[2023-01-15T00:20:07.529+0000] {logging_mixin.py:120} INFO - [2023-01-15T00:20:07.528+0000] {dag.py:2585} INFO - Sync 1 DAGs
[2023-01-15T00:20:07.550+0000] {logging_mixin.py:120} INFO - [2023-01-15T00:20:07.550+0000] {dag.py:3340} INFO - Setting next_dagrun for example_short_circuit_decorator to 2023-01-14T00:20:07.550132+00:00, run_after=2023-01-15T00:20:07.550132+00:00
[2023-01-15T00:20:07.567+0000] {processor.py:176} INFO - Processing /home/airflow/.local/lib/python3.7/site-packages/airflow/example_dags/example_short_circuit_decorator.py took 0.092 seconds
[2023-01-15T00:20:38.767+0000] {processor.py:154} INFO - Started process (PID=704) to work on /home/airflow/.local/lib/python3.7/site-packages/airflow/example_dags/example_short_circuit_decorator.py
[2023-01-15T00:20:38.768+0000] {processor.py:756} INFO - Processing file /home/airflow/.local/lib/python3.7/site-packages/airflow/example_dags/example_short_circuit_decorator.py for tasks to queue
[2023-01-15T00:20:38.769+0000] {logging_mixin.py:120} INFO - [2023-01-15T00:20:38.768+0000] {dagbag.py:537} INFO - Filling up the DagBag from /home/airflow/.local/lib/python3.7/site-packages/airflow/example_dags/example_short_circuit_decorator.py
[2023-01-15T00:20:38.785+0000] {processor.py:766} INFO - DAG(s) dict_keys(['example_short_circuit_decorator']) retrieved from /home/airflow/.local/lib/python3.7/site-packages/airflow/example_dags/example_short_circuit_decorator.py
[2023-01-15T00:20:38.814+0000] {logging_mixin.py:120} INFO - [2023-01-15T00:20:38.814+0000] {dag.py:2585} INFO - Sync 1 DAGs
[2023-01-15T00:20:38.833+0000] {logging_mixin.py:120} INFO - [2023-01-15T00:20:38.833+0000] {dag.py:3340} INFO - Setting next_dagrun for example_short_circuit_decorator to 2023-01-14T00:20:38.833708+00:00, run_after=2023-01-15T00:20:38.833708+00:00
[2023-01-15T00:20:38.847+0000] {processor.py:176} INFO - Processing /home/airflow/.local/lib/python3.7/site-packages/airflow/example_dags/example_short_circuit_decorator.py took 0.082 seconds
[2023-01-15T00:21:09.779+0000] {processor.py:154} INFO - Started process (PID=769) to work on /home/airflow/.local/lib/python3.7/site-packages/airflow/example_dags/example_short_circuit_decorator.py
[2023-01-15T00:21:09.780+0000] {processor.py:756} INFO - Processing file /home/airflow/.local/lib/python3.7/site-packages/airflow/example_dags/example_short_circuit_decorator.py for tasks to queue
[2023-01-15T00:21:09.780+0000] {logging_mixin.py:120} INFO - [2023-01-15T00:21:09.780+0000] {dagbag.py:537} INFO - Filling up the DagBag from /home/airflow/.local/lib/python3.7/site-packages/airflow/example_dags/example_short_circuit_decorator.py
[2023-01-15T00:21:09.799+0000] {processor.py:766} INFO - DAG(s) dict_keys(['example_short_circuit_decorator']) retrieved from /home/airflow/.local/lib/python3.7/site-packages/airflow/example_dags/example_short_circuit_decorator.py
[2023-01-15T00:21:09.828+0000] {logging_mixin.py:120} INFO - [2023-01-15T00:21:09.828+0000] {dag.py:2585} INFO - Sync 1 DAGs
[2023-01-15T00:21:09.848+0000] {logging_mixin.py:120} INFO - [2023-01-15T00:21:09.848+0000] {dag.py:3340} INFO - Setting next_dagrun for example_short_circuit_decorator to 2023-01-14T00:21:09.848302+00:00, run_after=2023-01-15T00:21:09.848302+00:00
[2023-01-15T00:21:09.864+0000] {processor.py:176} INFO - Processing /home/airflow/.local/lib/python3.7/site-packages/airflow/example_dags/example_short_circuit_decorator.py took 0.087 seconds
[2023-01-15T00:21:40.227+0000] {processor.py:154} INFO - Started process (PID=825) to work on /home/airflow/.local/lib/python3.7/site-packages/airflow/example_dags/example_short_circuit_decorator.py
[2023-01-15T00:21:40.227+0000] {processor.py:756} INFO - Processing file /home/airflow/.local/lib/python3.7/site-packages/airflow/example_dags/example_short_circuit_decorator.py for tasks to queue
[2023-01-15T00:21:40.228+0000] {logging_mixin.py:120} INFO - [2023-01-15T00:21:40.228+0000] {dagbag.py:537} INFO - Filling up the DagBag from /home/airflow/.local/lib/python3.7/site-packages/airflow/example_dags/example_short_circuit_decorator.py
[2023-01-15T00:21:40.246+0000] {processor.py:766} INFO - DAG(s) dict_keys(['example_short_circuit_decorator']) retrieved from /home/airflow/.local/lib/python3.7/site-packages/airflow/example_dags/example_short_circuit_decorator.py
[2023-01-15T00:21:40.272+0000] {logging_mixin.py:120} INFO - [2023-01-15T00:21:40.272+0000] {dag.py:2585} INFO - Sync 1 DAGs
[2023-01-15T00:21:40.288+0000] {logging_mixin.py:120} INFO - [2023-01-15T00:21:40.288+0000] {dag.py:3340} INFO - Setting next_dagrun for example_short_circuit_decorator to 2023-01-14T00:21:40.288297+00:00, run_after=2023-01-15T00:21:40.288297+00:00
[2023-01-15T00:21:40.303+0000] {processor.py:176} INFO - Processing /home/airflow/.local/lib/python3.7/site-packages/airflow/example_dags/example_short_circuit_decorator.py took 0.078 seconds
[2023-01-15T00:22:10.654+0000] {processor.py:154} INFO - Started process (PID=892) to work on /home/airflow/.local/lib/python3.7/site-packages/airflow/example_dags/example_short_circuit_decorator.py
[2023-01-15T00:22:10.654+0000] {processor.py:756} INFO - Processing file /home/airflow/.local/lib/python3.7/site-packages/airflow/example_dags/example_short_circuit_decorator.py for tasks to queue
[2023-01-15T00:22:10.655+0000] {logging_mixin.py:120} INFO - [2023-01-15T00:22:10.654+0000] {dagbag.py:537} INFO - Filling up the DagBag from /home/airflow/.local/lib/python3.7/site-packages/airflow/example_dags/example_short_circuit_decorator.py
[2023-01-15T00:22:10.669+0000] {processor.py:766} INFO - DAG(s) dict_keys(['example_short_circuit_decorator']) retrieved from /home/airflow/.local/lib/python3.7/site-packages/airflow/example_dags/example_short_circuit_decorator.py
[2023-01-15T00:22:10.695+0000] {logging_mixin.py:120} INFO - [2023-01-15T00:22:10.695+0000] {dag.py:2585} INFO - Sync 1 DAGs
[2023-01-15T00:22:10.711+0000] {logging_mixin.py:120} INFO - [2023-01-15T00:22:10.710+0000] {dag.py:3340} INFO - Setting next_dagrun for example_short_circuit_decorator to 2023-01-14T00:22:10.710825+00:00, run_after=2023-01-15T00:22:10.710825+00:00
[2023-01-15T00:22:10.723+0000] {processor.py:176} INFO - Processing /home/airflow/.local/lib/python3.7/site-packages/airflow/example_dags/example_short_circuit_decorator.py took 0.071 seconds
[2023-01-15T00:22:40.932+0000] {processor.py:154} INFO - Started process (PID=957) to work on /home/airflow/.local/lib/python3.7/site-packages/airflow/example_dags/example_short_circuit_decorator.py
[2023-01-15T00:22:40.932+0000] {processor.py:756} INFO - Processing file /home/airflow/.local/lib/python3.7/site-packages/airflow/example_dags/example_short_circuit_decorator.py for tasks to queue
[2023-01-15T00:22:40.933+0000] {logging_mixin.py:120} INFO - [2023-01-15T00:22:40.933+0000] {dagbag.py:537} INFO - Filling up the DagBag from /home/airflow/.local/lib/python3.7/site-packages/airflow/example_dags/example_short_circuit_decorator.py
[2023-01-15T00:22:40.951+0000] {processor.py:766} INFO - DAG(s) dict_keys(['example_short_circuit_decorator']) retrieved from /home/airflow/.local/lib/python3.7/site-packages/airflow/example_dags/example_short_circuit_decorator.py
[2023-01-15T00:22:40.979+0000] {logging_mixin.py:120} INFO - [2023-01-15T00:22:40.979+0000] {dag.py:2585} INFO - Sync 1 DAGs
[2023-01-15T00:22:40.998+0000] {logging_mixin.py:120} INFO - [2023-01-15T00:22:40.998+0000] {dag.py:3340} INFO - Setting next_dagrun for example_short_circuit_decorator to 2023-01-14T00:22:40.997887+00:00, run_after=2023-01-15T00:22:40.997887+00:00
[2023-01-15T00:22:41.013+0000] {processor.py:176} INFO - Processing /home/airflow/.local/lib/python3.7/site-packages/airflow/example_dags/example_short_circuit_decorator.py took 0.083 seconds
[2023-01-15T00:23:11.992+0000] {processor.py:154} INFO - Started process (PID=1021) to work on /home/airflow/.local/lib/python3.7/site-packages/airflow/example_dags/example_short_circuit_decorator.py
[2023-01-15T00:23:11.992+0000] {processor.py:756} INFO - Processing file /home/airflow/.local/lib/python3.7/site-packages/airflow/example_dags/example_short_circuit_decorator.py for tasks to queue
[2023-01-15T00:23:11.992+0000] {logging_mixin.py:120} INFO - [2023-01-15T00:23:11.992+0000] {dagbag.py:537} INFO - Filling up the DagBag from /home/airflow/.local/lib/python3.7/site-packages/airflow/example_dags/example_short_circuit_decorator.py
[2023-01-15T00:23:12.014+0000] {processor.py:766} INFO - DAG(s) dict_keys(['example_short_circuit_decorator']) retrieved from /home/airflow/.local/lib/python3.7/site-packages/airflow/example_dags/example_short_circuit_decorator.py
[2023-01-15T00:23:12.048+0000] {logging_mixin.py:120} INFO - [2023-01-15T00:23:12.048+0000] {dag.py:2585} INFO - Sync 1 DAGs
[2023-01-15T00:23:12.067+0000] {logging_mixin.py:120} INFO - [2023-01-15T00:23:12.067+0000] {dag.py:3340} INFO - Setting next_dagrun for example_short_circuit_decorator to 2023-01-14T00:23:12.067416+00:00, run_after=2023-01-15T00:23:12.067416+00:00
[2023-01-15T00:23:12.083+0000] {processor.py:176} INFO - Processing /home/airflow/.local/lib/python3.7/site-packages/airflow/example_dags/example_short_circuit_decorator.py took 0.093 seconds
[2023-01-15T00:23:42.402+0000] {processor.py:154} INFO - Started process (PID=1086) to work on /home/airflow/.local/lib/python3.7/site-packages/airflow/example_dags/example_short_circuit_decorator.py
[2023-01-15T00:23:42.404+0000] {processor.py:756} INFO - Processing file /home/airflow/.local/lib/python3.7/site-packages/airflow/example_dags/example_short_circuit_decorator.py for tasks to queue
[2023-01-15T00:23:42.404+0000] {logging_mixin.py:120} INFO - [2023-01-15T00:23:42.404+0000] {dagbag.py:537} INFO - Filling up the DagBag from /home/airflow/.local/lib/python3.7/site-packages/airflow/example_dags/example_short_circuit_decorator.py
[2023-01-15T00:23:42.420+0000] {processor.py:766} INFO - DAG(s) dict_keys(['example_short_circuit_decorator']) retrieved from /home/airflow/.local/lib/python3.7/site-packages/airflow/example_dags/example_short_circuit_decorator.py
[2023-01-15T00:23:42.445+0000] {logging_mixin.py:120} INFO - [2023-01-15T00:23:42.445+0000] {dag.py:2585} INFO - Sync 1 DAGs
[2023-01-15T00:23:42.463+0000] {logging_mixin.py:120} INFO - [2023-01-15T00:23:42.463+0000] {dag.py:3340} INFO - Setting next_dagrun for example_short_circuit_decorator to 2023-01-14T00:23:42.463207+00:00, run_after=2023-01-15T00:23:42.463207+00:00
[2023-01-15T00:23:42.478+0000] {processor.py:176} INFO - Processing /home/airflow/.local/lib/python3.7/site-packages/airflow/example_dags/example_short_circuit_decorator.py took 0.077 seconds
[2023-01-15T00:24:13.540+0000] {processor.py:154} INFO - Started process (PID=1142) to work on /home/airflow/.local/lib/python3.7/site-packages/airflow/example_dags/example_short_circuit_decorator.py
[2023-01-15T00:24:13.540+0000] {processor.py:756} INFO - Processing file /home/airflow/.local/lib/python3.7/site-packages/airflow/example_dags/example_short_circuit_decorator.py for tasks to queue
[2023-01-15T00:24:13.541+0000] {logging_mixin.py:120} INFO - [2023-01-15T00:24:13.540+0000] {dagbag.py:537} INFO - Filling up the DagBag from /home/airflow/.local/lib/python3.7/site-packages/airflow/example_dags/example_short_circuit_decorator.py
[2023-01-15T00:24:13.555+0000] {processor.py:766} INFO - DAG(s) dict_keys(['example_short_circuit_decorator']) retrieved from /home/airflow/.local/lib/python3.7/site-packages/airflow/example_dags/example_short_circuit_decorator.py
[2023-01-15T00:24:13.582+0000] {logging_mixin.py:120} INFO - [2023-01-15T00:24:13.582+0000] {dag.py:2585} INFO - Sync 1 DAGs
[2023-01-15T00:24:13.598+0000] {logging_mixin.py:120} INFO - [2023-01-15T00:24:13.598+0000] {dag.py:3340} INFO - Setting next_dagrun for example_short_circuit_decorator to 2023-01-14T00:24:13.598319+00:00, run_after=2023-01-15T00:24:13.598319+00:00
[2023-01-15T00:24:13.613+0000] {processor.py:176} INFO - Processing /home/airflow/.local/lib/python3.7/site-packages/airflow/example_dags/example_short_circuit_decorator.py took 0.075 seconds
[2023-01-15T00:24:43.800+0000] {processor.py:154} INFO - Started process (PID=1207) to work on /home/airflow/.local/lib/python3.7/site-packages/airflow/example_dags/example_short_circuit_decorator.py
[2023-01-15T00:24:43.801+0000] {processor.py:756} INFO - Processing file /home/airflow/.local/lib/python3.7/site-packages/airflow/example_dags/example_short_circuit_decorator.py for tasks to queue
[2023-01-15T00:24:43.801+0000] {logging_mixin.py:120} INFO - [2023-01-15T00:24:43.801+0000] {dagbag.py:537} INFO - Filling up the DagBag from /home/airflow/.local/lib/python3.7/site-packages/airflow/example_dags/example_short_circuit_decorator.py
[2023-01-15T00:24:43.816+0000] {processor.py:766} INFO - DAG(s) dict_keys(['example_short_circuit_decorator']) retrieved from /home/airflow/.local/lib/python3.7/site-packages/airflow/example_dags/example_short_circuit_decorator.py
[2023-01-15T00:24:43.842+0000] {logging_mixin.py:120} INFO - [2023-01-15T00:24:43.842+0000] {dag.py:2585} INFO - Sync 1 DAGs
[2023-01-15T00:24:43.858+0000] {logging_mixin.py:120} INFO - [2023-01-15T00:24:43.858+0000] {dag.py:3340} INFO - Setting next_dagrun for example_short_circuit_decorator to 2023-01-14T00:24:43.858720+00:00, run_after=2023-01-15T00:24:43.858720+00:00
[2023-01-15T00:24:43.872+0000] {processor.py:176} INFO - Processing /home/airflow/.local/lib/python3.7/site-packages/airflow/example_dags/example_short_circuit_decorator.py took 0.074 seconds
[2023-01-15T00:25:14.801+0000] {processor.py:154} INFO - Started process (PID=1272) to work on /home/airflow/.local/lib/python3.7/site-packages/airflow/example_dags/example_short_circuit_decorator.py
[2023-01-15T00:25:14.802+0000] {processor.py:756} INFO - Processing file /home/airflow/.local/lib/python3.7/site-packages/airflow/example_dags/example_short_circuit_decorator.py for tasks to queue
[2023-01-15T00:25:14.803+0000] {logging_mixin.py:120} INFO - [2023-01-15T00:25:14.803+0000] {dagbag.py:537} INFO - Filling up the DagBag from /home/airflow/.local/lib/python3.7/site-packages/airflow/example_dags/example_short_circuit_decorator.py
[2023-01-15T00:25:14.821+0000] {processor.py:766} INFO - DAG(s) dict_keys(['example_short_circuit_decorator']) retrieved from /home/airflow/.local/lib/python3.7/site-packages/airflow/example_dags/example_short_circuit_decorator.py
[2023-01-15T00:25:14.850+0000] {logging_mixin.py:120} INFO - [2023-01-15T00:25:14.849+0000] {dag.py:2585} INFO - Sync 1 DAGs
[2023-01-15T00:25:14.869+0000] {logging_mixin.py:120} INFO - [2023-01-15T00:25:14.869+0000] {dag.py:3340} INFO - Setting next_dagrun for example_short_circuit_decorator to 2023-01-14T00:25:14.869684+00:00, run_after=2023-01-15T00:25:14.869684+00:00
[2023-01-15T00:25:14.883+0000] {processor.py:176} INFO - Processing /home/airflow/.local/lib/python3.7/site-packages/airflow/example_dags/example_short_circuit_decorator.py took 0.083 seconds
[2023-01-15T00:25:45.910+0000] {processor.py:154} INFO - Started process (PID=1336) to work on /home/airflow/.local/lib/python3.7/site-packages/airflow/example_dags/example_short_circuit_decorator.py
[2023-01-15T00:25:45.911+0000] {processor.py:756} INFO - Processing file /home/airflow/.local/lib/python3.7/site-packages/airflow/example_dags/example_short_circuit_decorator.py for tasks to queue
[2023-01-15T00:25:45.911+0000] {logging_mixin.py:120} INFO - [2023-01-15T00:25:45.911+0000] {dagbag.py:537} INFO - Filling up the DagBag from /home/airflow/.local/lib/python3.7/site-packages/airflow/example_dags/example_short_circuit_decorator.py
[2023-01-15T00:25:45.928+0000] {processor.py:766} INFO - DAG(s) dict_keys(['example_short_circuit_decorator']) retrieved from /home/airflow/.local/lib/python3.7/site-packages/airflow/example_dags/example_short_circuit_decorator.py
[2023-01-15T00:25:45.956+0000] {logging_mixin.py:120} INFO - [2023-01-15T00:25:45.956+0000] {dag.py:2585} INFO - Sync 1 DAGs
[2023-01-15T00:25:45.975+0000] {logging_mixin.py:120} INFO - [2023-01-15T00:25:45.975+0000] {dag.py:3340} INFO - Setting next_dagrun for example_short_circuit_decorator to 2023-01-14T00:25:45.974959+00:00, run_after=2023-01-15T00:25:45.974959+00:00
[2023-01-15T00:25:45.989+0000] {processor.py:176} INFO - Processing /home/airflow/.local/lib/python3.7/site-packages/airflow/example_dags/example_short_circuit_decorator.py took 0.081 seconds
[2023-01-15T00:26:16.048+0000] {processor.py:154} INFO - Started process (PID=1400) to work on /home/airflow/.local/lib/python3.7/site-packages/airflow/example_dags/example_short_circuit_decorator.py
[2023-01-15T00:26:16.049+0000] {processor.py:756} INFO - Processing file /home/airflow/.local/lib/python3.7/site-packages/airflow/example_dags/example_short_circuit_decorator.py for tasks to queue
[2023-01-15T00:26:16.049+0000] {logging_mixin.py:120} INFO - [2023-01-15T00:26:16.049+0000] {dagbag.py:537} INFO - Filling up the DagBag from /home/airflow/.local/lib/python3.7/site-packages/airflow/example_dags/example_short_circuit_decorator.py
[2023-01-15T00:26:16.070+0000] {processor.py:766} INFO - DAG(s) dict_keys(['example_short_circuit_decorator']) retrieved from /home/airflow/.local/lib/python3.7/site-packages/airflow/example_dags/example_short_circuit_decorator.py
[2023-01-15T00:26:16.097+0000] {logging_mixin.py:120} INFO - [2023-01-15T00:26:16.096+0000] {dag.py:2585} INFO - Sync 1 DAGs
[2023-01-15T00:26:16.113+0000] {logging_mixin.py:120} INFO - [2023-01-15T00:26:16.113+0000] {dag.py:3340} INFO - Setting next_dagrun for example_short_circuit_decorator to 2023-01-14T00:26:16.113317+00:00, run_after=2023-01-15T00:26:16.113317+00:00
[2023-01-15T00:26:16.125+0000] {processor.py:176} INFO - Processing /home/airflow/.local/lib/python3.7/site-packages/airflow/example_dags/example_short_circuit_decorator.py took 0.079 seconds
[2023-01-15T00:26:47.065+0000] {processor.py:154} INFO - Started process (PID=1455) to work on /home/airflow/.local/lib/python3.7/site-packages/airflow/example_dags/example_short_circuit_decorator.py
[2023-01-15T00:26:47.065+0000] {processor.py:756} INFO - Processing file /home/airflow/.local/lib/python3.7/site-packages/airflow/example_dags/example_short_circuit_decorator.py for tasks to queue
[2023-01-15T00:26:47.066+0000] {logging_mixin.py:120} INFO - [2023-01-15T00:26:47.066+0000] {dagbag.py:537} INFO - Filling up the DagBag from /home/airflow/.local/lib/python3.7/site-packages/airflow/example_dags/example_short_circuit_decorator.py
[2023-01-15T00:26:47.080+0000] {processor.py:766} INFO - DAG(s) dict_keys(['example_short_circuit_decorator']) retrieved from /home/airflow/.local/lib/python3.7/site-packages/airflow/example_dags/example_short_circuit_decorator.py
[2023-01-15T00:26:47.107+0000] {logging_mixin.py:120} INFO - [2023-01-15T00:26:47.107+0000] {dag.py:2585} INFO - Sync 1 DAGs
[2023-01-15T00:26:47.122+0000] {logging_mixin.py:120} INFO - [2023-01-15T00:26:47.122+0000] {dag.py:3340} INFO - Setting next_dagrun for example_short_circuit_decorator to 2023-01-14T00:26:47.122349+00:00, run_after=2023-01-15T00:26:47.122349+00:00
[2023-01-15T00:26:47.134+0000] {processor.py:176} INFO - Processing /home/airflow/.local/lib/python3.7/site-packages/airflow/example_dags/example_short_circuit_decorator.py took 0.071 seconds
[2023-01-15T00:27:17.494+0000] {processor.py:154} INFO - Started process (PID=1520) to work on /home/airflow/.local/lib/python3.7/site-packages/airflow/example_dags/example_short_circuit_decorator.py
[2023-01-15T00:27:17.494+0000] {processor.py:756} INFO - Processing file /home/airflow/.local/lib/python3.7/site-packages/airflow/example_dags/example_short_circuit_decorator.py for tasks to queue
[2023-01-15T00:27:17.494+0000] {logging_mixin.py:120} INFO - [2023-01-15T00:27:17.494+0000] {dagbag.py:537} INFO - Filling up the DagBag from /home/airflow/.local/lib/python3.7/site-packages/airflow/example_dags/example_short_circuit_decorator.py
[2023-01-15T00:27:17.509+0000] {processor.py:766} INFO - DAG(s) dict_keys(['example_short_circuit_decorator']) retrieved from /home/airflow/.local/lib/python3.7/site-packages/airflow/example_dags/example_short_circuit_decorator.py
[2023-01-15T00:27:17.534+0000] {logging_mixin.py:120} INFO - [2023-01-15T00:27:17.534+0000] {dag.py:2585} INFO - Sync 1 DAGs
[2023-01-15T00:27:17.550+0000] {logging_mixin.py:120} INFO - [2023-01-15T00:27:17.550+0000] {dag.py:3340} INFO - Setting next_dagrun for example_short_circuit_decorator to 2023-01-14T00:27:17.550680+00:00, run_after=2023-01-15T00:27:17.550680+00:00
[2023-01-15T00:27:17.563+0000] {processor.py:176} INFO - Processing /home/airflow/.local/lib/python3.7/site-packages/airflow/example_dags/example_short_circuit_decorator.py took 0.071 seconds
[2023-01-15T00:27:47.830+0000] {processor.py:154} INFO - Started process (PID=1584) to work on /home/airflow/.local/lib/python3.7/site-packages/airflow/example_dags/example_short_circuit_decorator.py
[2023-01-15T00:27:47.831+0000] {processor.py:756} INFO - Processing file /home/airflow/.local/lib/python3.7/site-packages/airflow/example_dags/example_short_circuit_decorator.py for tasks to queue
[2023-01-15T00:27:47.831+0000] {logging_mixin.py:120} INFO - [2023-01-15T00:27:47.831+0000] {dagbag.py:537} INFO - Filling up the DagBag from /home/airflow/.local/lib/python3.7/site-packages/airflow/example_dags/example_short_circuit_decorator.py
[2023-01-15T00:27:47.845+0000] {processor.py:766} INFO - DAG(s) dict_keys(['example_short_circuit_decorator']) retrieved from /home/airflow/.local/lib/python3.7/site-packages/airflow/example_dags/example_short_circuit_decorator.py
[2023-01-15T00:27:47.874+0000] {logging_mixin.py:120} INFO - [2023-01-15T00:27:47.874+0000] {dag.py:2585} INFO - Sync 1 DAGs
[2023-01-15T00:27:47.889+0000] {logging_mixin.py:120} INFO - [2023-01-15T00:27:47.889+0000] {dag.py:3340} INFO - Setting next_dagrun for example_short_circuit_decorator to 2023-01-14T00:27:47.888948+00:00, run_after=2023-01-15T00:27:47.888948+00:00
[2023-01-15T00:27:47.901+0000] {processor.py:176} INFO - Processing /home/airflow/.local/lib/python3.7/site-packages/airflow/example_dags/example_short_circuit_decorator.py took 0.073 seconds
[2023-01-15T00:28:18.009+0000] {processor.py:154} INFO - Started process (PID=1649) to work on /home/airflow/.local/lib/python3.7/site-packages/airflow/example_dags/example_short_circuit_decorator.py
[2023-01-15T00:28:18.009+0000] {processor.py:756} INFO - Processing file /home/airflow/.local/lib/python3.7/site-packages/airflow/example_dags/example_short_circuit_decorator.py for tasks to queue
[2023-01-15T00:28:18.010+0000] {logging_mixin.py:120} INFO - [2023-01-15T00:28:18.010+0000] {dagbag.py:537} INFO - Filling up the DagBag from /home/airflow/.local/lib/python3.7/site-packages/airflow/example_dags/example_short_circuit_decorator.py
[2023-01-15T00:28:18.024+0000] {processor.py:766} INFO - DAG(s) dict_keys(['example_short_circuit_decorator']) retrieved from /home/airflow/.local/lib/python3.7/site-packages/airflow/example_dags/example_short_circuit_decorator.py
[2023-01-15T00:28:18.049+0000] {logging_mixin.py:120} INFO - [2023-01-15T00:28:18.049+0000] {dag.py:2585} INFO - Sync 1 DAGs
[2023-01-15T00:28:18.065+0000] {logging_mixin.py:120} INFO - [2023-01-15T00:28:18.065+0000] {dag.py:3340} INFO - Setting next_dagrun for example_short_circuit_decorator to 2023-01-14T00:28:18.064951+00:00, run_after=2023-01-15T00:28:18.064951+00:00
[2023-01-15T00:28:18.078+0000] {processor.py:176} INFO - Processing /home/airflow/.local/lib/python3.7/site-packages/airflow/example_dags/example_short_circuit_decorator.py took 0.072 seconds
[2023-01-15T00:28:49.159+0000] {processor.py:154} INFO - Started process (PID=1714) to work on /home/airflow/.local/lib/python3.7/site-packages/airflow/example_dags/example_short_circuit_decorator.py
[2023-01-15T00:28:49.160+0000] {processor.py:756} INFO - Processing file /home/airflow/.local/lib/python3.7/site-packages/airflow/example_dags/example_short_circuit_decorator.py for tasks to queue
[2023-01-15T00:28:49.160+0000] {logging_mixin.py:120} INFO - [2023-01-15T00:28:49.160+0000] {dagbag.py:537} INFO - Filling up the DagBag from /home/airflow/.local/lib/python3.7/site-packages/airflow/example_dags/example_short_circuit_decorator.py
[2023-01-15T00:28:49.176+0000] {processor.py:766} INFO - DAG(s) dict_keys(['example_short_circuit_decorator']) retrieved from /home/airflow/.local/lib/python3.7/site-packages/airflow/example_dags/example_short_circuit_decorator.py
[2023-01-15T00:28:49.200+0000] {logging_mixin.py:120} INFO - [2023-01-15T00:28:49.200+0000] {dag.py:2585} INFO - Sync 1 DAGs
[2023-01-15T00:28:49.216+0000] {logging_mixin.py:120} INFO - [2023-01-15T00:28:49.215+0000] {dag.py:3340} INFO - Setting next_dagrun for example_short_circuit_decorator to 2023-01-14T00:28:49.215753+00:00, run_after=2023-01-15T00:28:49.215753+00:00
[2023-01-15T00:28:49.229+0000] {processor.py:176} INFO - Processing /home/airflow/.local/lib/python3.7/site-packages/airflow/example_dags/example_short_circuit_decorator.py took 0.072 seconds
[2023-01-15T00:29:20.235+0000] {processor.py:154} INFO - Started process (PID=1770) to work on /home/airflow/.local/lib/python3.7/site-packages/airflow/example_dags/example_short_circuit_decorator.py
[2023-01-15T00:29:20.235+0000] {processor.py:756} INFO - Processing file /home/airflow/.local/lib/python3.7/site-packages/airflow/example_dags/example_short_circuit_decorator.py for tasks to queue
[2023-01-15T00:29:20.235+0000] {logging_mixin.py:120} INFO - [2023-01-15T00:29:20.235+0000] {dagbag.py:537} INFO - Filling up the DagBag from /home/airflow/.local/lib/python3.7/site-packages/airflow/example_dags/example_short_circuit_decorator.py
[2023-01-15T00:29:20.250+0000] {processor.py:766} INFO - DAG(s) dict_keys(['example_short_circuit_decorator']) retrieved from /home/airflow/.local/lib/python3.7/site-packages/airflow/example_dags/example_short_circuit_decorator.py
[2023-01-15T00:29:20.275+0000] {logging_mixin.py:120} INFO - [2023-01-15T00:29:20.274+0000] {dag.py:2585} INFO - Sync 1 DAGs
[2023-01-15T00:29:20.291+0000] {logging_mixin.py:120} INFO - [2023-01-15T00:29:20.291+0000] {dag.py:3340} INFO - Setting next_dagrun for example_short_circuit_decorator to 2023-01-14T00:29:20.291284+00:00, run_after=2023-01-15T00:29:20.291284+00:00
[2023-01-15T00:29:20.304+0000] {processor.py:176} INFO - Processing /home/airflow/.local/lib/python3.7/site-packages/airflow/example_dags/example_short_circuit_decorator.py took 0.071 seconds
[2023-01-15T00:29:50.537+0000] {processor.py:154} INFO - Started process (PID=1836) to work on /home/airflow/.local/lib/python3.7/site-packages/airflow/example_dags/example_short_circuit_decorator.py
[2023-01-15T00:29:50.538+0000] {processor.py:756} INFO - Processing file /home/airflow/.local/lib/python3.7/site-packages/airflow/example_dags/example_short_circuit_decorator.py for tasks to queue
[2023-01-15T00:29:50.538+0000] {logging_mixin.py:120} INFO - [2023-01-15T00:29:50.538+0000] {dagbag.py:537} INFO - Filling up the DagBag from /home/airflow/.local/lib/python3.7/site-packages/airflow/example_dags/example_short_circuit_decorator.py
[2023-01-15T00:29:50.555+0000] {processor.py:766} INFO - DAG(s) dict_keys(['example_short_circuit_decorator']) retrieved from /home/airflow/.local/lib/python3.7/site-packages/airflow/example_dags/example_short_circuit_decorator.py
[2023-01-15T00:29:50.583+0000] {logging_mixin.py:120} INFO - [2023-01-15T00:29:50.583+0000] {dag.py:2585} INFO - Sync 1 DAGs
[2023-01-15T00:29:50.601+0000] {logging_mixin.py:120} INFO - [2023-01-15T00:29:50.601+0000] {dag.py:3340} INFO - Setting next_dagrun for example_short_circuit_decorator to 2023-01-14T00:29:50.601553+00:00, run_after=2023-01-15T00:29:50.601553+00:00
[2023-01-15T00:29:50.615+0000] {processor.py:176} INFO - Processing /home/airflow/.local/lib/python3.7/site-packages/airflow/example_dags/example_short_circuit_decorator.py took 0.080 seconds
[2023-01-15T00:30:21.557+0000] {processor.py:154} INFO - Started process (PID=1901) to work on /home/airflow/.local/lib/python3.7/site-packages/airflow/example_dags/example_short_circuit_decorator.py
[2023-01-15T00:30:21.558+0000] {processor.py:756} INFO - Processing file /home/airflow/.local/lib/python3.7/site-packages/airflow/example_dags/example_short_circuit_decorator.py for tasks to queue
[2023-01-15T00:30:21.559+0000] {logging_mixin.py:120} INFO - [2023-01-15T00:30:21.559+0000] {dagbag.py:537} INFO - Filling up the DagBag from /home/airflow/.local/lib/python3.7/site-packages/airflow/example_dags/example_short_circuit_decorator.py
[2023-01-15T00:30:21.574+0000] {processor.py:766} INFO - DAG(s) dict_keys(['example_short_circuit_decorator']) retrieved from /home/airflow/.local/lib/python3.7/site-packages/airflow/example_dags/example_short_circuit_decorator.py
[2023-01-15T00:30:21.599+0000] {logging_mixin.py:120} INFO - [2023-01-15T00:30:21.598+0000] {dag.py:2585} INFO - Sync 1 DAGs
[2023-01-15T00:30:21.614+0000] {logging_mixin.py:120} INFO - [2023-01-15T00:30:21.614+0000] {dag.py:3340} INFO - Setting next_dagrun for example_short_circuit_decorator to 2023-01-14T00:30:21.614327+00:00, run_after=2023-01-15T00:30:21.614327+00:00
[2023-01-15T00:30:21.627+0000] {processor.py:176} INFO - Processing /home/airflow/.local/lib/python3.7/site-packages/airflow/example_dags/example_short_circuit_decorator.py took 0.071 seconds
[2023-01-15T00:30:52.564+0000] {processor.py:154} INFO - Started process (PID=1966) to work on /home/airflow/.local/lib/python3.7/site-packages/airflow/example_dags/example_short_circuit_decorator.py
[2023-01-15T00:30:52.565+0000] {processor.py:756} INFO - Processing file /home/airflow/.local/lib/python3.7/site-packages/airflow/example_dags/example_short_circuit_decorator.py for tasks to queue
[2023-01-15T00:30:52.565+0000] {logging_mixin.py:120} INFO - [2023-01-15T00:30:52.565+0000] {dagbag.py:537} INFO - Filling up the DagBag from /home/airflow/.local/lib/python3.7/site-packages/airflow/example_dags/example_short_circuit_decorator.py
[2023-01-15T00:30:52.583+0000] {processor.py:766} INFO - DAG(s) dict_keys(['example_short_circuit_decorator']) retrieved from /home/airflow/.local/lib/python3.7/site-packages/airflow/example_dags/example_short_circuit_decorator.py
[2023-01-15T00:30:52.613+0000] {logging_mixin.py:120} INFO - [2023-01-15T00:30:52.613+0000] {dag.py:2585} INFO - Sync 1 DAGs
[2023-01-15T00:30:52.629+0000] {logging_mixin.py:120} INFO - [2023-01-15T00:30:52.629+0000] {dag.py:3340} INFO - Setting next_dagrun for example_short_circuit_decorator to 2023-01-14T00:30:52.629350+00:00, run_after=2023-01-15T00:30:52.629350+00:00
[2023-01-15T00:30:52.643+0000] {processor.py:176} INFO - Processing /home/airflow/.local/lib/python3.7/site-packages/airflow/example_dags/example_short_circuit_decorator.py took 0.080 seconds
[2023-01-15T00:31:23.574+0000] {processor.py:154} INFO - Started process (PID=2030) to work on /home/airflow/.local/lib/python3.7/site-packages/airflow/example_dags/example_short_circuit_decorator.py
[2023-01-15T00:31:23.575+0000] {processor.py:756} INFO - Processing file /home/airflow/.local/lib/python3.7/site-packages/airflow/example_dags/example_short_circuit_decorator.py for tasks to queue
[2023-01-15T00:31:23.575+0000] {logging_mixin.py:120} INFO - [2023-01-15T00:31:23.575+0000] {dagbag.py:537} INFO - Filling up the DagBag from /home/airflow/.local/lib/python3.7/site-packages/airflow/example_dags/example_short_circuit_decorator.py
[2023-01-15T00:31:23.590+0000] {processor.py:766} INFO - DAG(s) dict_keys(['example_short_circuit_decorator']) retrieved from /home/airflow/.local/lib/python3.7/site-packages/airflow/example_dags/example_short_circuit_decorator.py
[2023-01-15T00:31:23.615+0000] {logging_mixin.py:120} INFO - [2023-01-15T00:31:23.615+0000] {dag.py:2585} INFO - Sync 1 DAGs
[2023-01-15T00:31:23.631+0000] {logging_mixin.py:120} INFO - [2023-01-15T00:31:23.631+0000] {dag.py:3340} INFO - Setting next_dagrun for example_short_circuit_decorator to 2023-01-14T00:31:23.631248+00:00, run_after=2023-01-15T00:31:23.631248+00:00
[2023-01-15T00:31:23.644+0000] {processor.py:176} INFO - Processing /home/airflow/.local/lib/python3.7/site-packages/airflow/example_dags/example_short_circuit_decorator.py took 0.072 seconds
[2023-01-15T00:31:54.676+0000] {processor.py:154} INFO - Started process (PID=2095) to work on /home/airflow/.local/lib/python3.7/site-packages/airflow/example_dags/example_short_circuit_decorator.py
[2023-01-15T00:31:54.677+0000] {processor.py:756} INFO - Processing file /home/airflow/.local/lib/python3.7/site-packages/airflow/example_dags/example_short_circuit_decorator.py for tasks to queue
[2023-01-15T00:31:54.678+0000] {logging_mixin.py:120} INFO - [2023-01-15T00:31:54.678+0000] {dagbag.py:537} INFO - Filling up the DagBag from /home/airflow/.local/lib/python3.7/site-packages/airflow/example_dags/example_short_circuit_decorator.py
[2023-01-15T00:31:54.694+0000] {processor.py:766} INFO - DAG(s) dict_keys(['example_short_circuit_decorator']) retrieved from /home/airflow/.local/lib/python3.7/site-packages/airflow/example_dags/example_short_circuit_decorator.py
[2023-01-15T00:31:54.719+0000] {logging_mixin.py:120} INFO - [2023-01-15T00:31:54.719+0000] {dag.py:2585} INFO - Sync 1 DAGs
[2023-01-15T00:31:54.736+0000] {logging_mixin.py:120} INFO - [2023-01-15T00:31:54.736+0000] {dag.py:3340} INFO - Setting next_dagrun for example_short_circuit_decorator to 2023-01-14T00:31:54.735972+00:00, run_after=2023-01-15T00:31:54.735972+00:00
[2023-01-15T00:31:54.748+0000] {processor.py:176} INFO - Processing /home/airflow/.local/lib/python3.7/site-packages/airflow/example_dags/example_short_circuit_decorator.py took 0.073 seconds
[2023-01-15T00:32:24.833+0000] {processor.py:154} INFO - Started process (PID=2151) to work on /home/airflow/.local/lib/python3.7/site-packages/airflow/example_dags/example_short_circuit_decorator.py
[2023-01-15T00:32:24.834+0000] {processor.py:756} INFO - Processing file /home/airflow/.local/lib/python3.7/site-packages/airflow/example_dags/example_short_circuit_decorator.py for tasks to queue
[2023-01-15T00:32:24.834+0000] {logging_mixin.py:120} INFO - [2023-01-15T00:32:24.834+0000] {dagbag.py:537} INFO - Filling up the DagBag from /home/airflow/.local/lib/python3.7/site-packages/airflow/example_dags/example_short_circuit_decorator.py
[2023-01-15T00:32:24.849+0000] {processor.py:766} INFO - DAG(s) dict_keys(['example_short_circuit_decorator']) retrieved from /home/airflow/.local/lib/python3.7/site-packages/airflow/example_dags/example_short_circuit_decorator.py
[2023-01-15T00:32:24.874+0000] {logging_mixin.py:120} INFO - [2023-01-15T00:32:24.873+0000] {dag.py:2585} INFO - Sync 1 DAGs
[2023-01-15T00:32:24.889+0000] {logging_mixin.py:120} INFO - [2023-01-15T00:32:24.889+0000] {dag.py:3340} INFO - Setting next_dagrun for example_short_circuit_decorator to 2023-01-14T00:32:24.889431+00:00, run_after=2023-01-15T00:32:24.889431+00:00
[2023-01-15T00:32:24.902+0000] {processor.py:176} INFO - Processing /home/airflow/.local/lib/python3.7/site-packages/airflow/example_dags/example_short_circuit_decorator.py took 0.071 seconds
[2023-01-15T00:32:55.192+0000] {processor.py:154} INFO - Started process (PID=2217) to work on /home/airflow/.local/lib/python3.7/site-packages/airflow/example_dags/example_short_circuit_decorator.py
[2023-01-15T00:32:55.193+0000] {processor.py:756} INFO - Processing file /home/airflow/.local/lib/python3.7/site-packages/airflow/example_dags/example_short_circuit_decorator.py for tasks to queue
[2023-01-15T00:32:55.193+0000] {logging_mixin.py:120} INFO - [2023-01-15T00:32:55.193+0000] {dagbag.py:537} INFO - Filling up the DagBag from /home/airflow/.local/lib/python3.7/site-packages/airflow/example_dags/example_short_circuit_decorator.py
[2023-01-15T00:32:55.209+0000] {processor.py:766} INFO - DAG(s) dict_keys(['example_short_circuit_decorator']) retrieved from /home/airflow/.local/lib/python3.7/site-packages/airflow/example_dags/example_short_circuit_decorator.py
[2023-01-15T00:32:55.235+0000] {logging_mixin.py:120} INFO - [2023-01-15T00:32:55.235+0000] {dag.py:2585} INFO - Sync 1 DAGs
[2023-01-15T00:32:55.252+0000] {logging_mixin.py:120} INFO - [2023-01-15T00:32:55.252+0000] {dag.py:3340} INFO - Setting next_dagrun for example_short_circuit_decorator to 2023-01-14T00:32:55.252119+00:00, run_after=2023-01-15T00:32:55.252119+00:00
[2023-01-15T00:32:55.266+0000] {processor.py:176} INFO - Processing /home/airflow/.local/lib/python3.7/site-packages/airflow/example_dags/example_short_circuit_decorator.py took 0.075 seconds
[2023-01-15T00:33:25.382+0000] {processor.py:154} INFO - Started process (PID=2282) to work on /home/airflow/.local/lib/python3.7/site-packages/airflow/example_dags/example_short_circuit_decorator.py
[2023-01-15T00:33:25.383+0000] {processor.py:756} INFO - Processing file /home/airflow/.local/lib/python3.7/site-packages/airflow/example_dags/example_short_circuit_decorator.py for tasks to queue
[2023-01-15T00:33:25.384+0000] {logging_mixin.py:120} INFO - [2023-01-15T00:33:25.384+0000] {dagbag.py:537} INFO - Filling up the DagBag from /home/airflow/.local/lib/python3.7/site-packages/airflow/example_dags/example_short_circuit_decorator.py
[2023-01-15T00:33:25.399+0000] {processor.py:766} INFO - DAG(s) dict_keys(['example_short_circuit_decorator']) retrieved from /home/airflow/.local/lib/python3.7/site-packages/airflow/example_dags/example_short_circuit_decorator.py
[2023-01-15T00:33:25.423+0000] {logging_mixin.py:120} INFO - [2023-01-15T00:33:25.423+0000] {dag.py:2585} INFO - Sync 1 DAGs
[2023-01-15T00:33:25.439+0000] {logging_mixin.py:120} INFO - [2023-01-15T00:33:25.439+0000] {dag.py:3340} INFO - Setting next_dagrun for example_short_circuit_decorator to 2023-01-14T00:33:25.439720+00:00, run_after=2023-01-15T00:33:25.439720+00:00
[2023-01-15T00:33:25.453+0000] {processor.py:176} INFO - Processing /home/airflow/.local/lib/python3.7/site-packages/airflow/example_dags/example_short_circuit_decorator.py took 0.072 seconds
