[2023-01-15T00:15:33.061+0000] {processor.py:154} INFO - Started process (PID=65) to work on /home/airflow/.local/lib/python3.7/site-packages/airflow/example_dags/example_branch_python_dop_operator_3.py
[2023-01-15T00:15:33.062+0000] {processor.py:756} INFO - Processing file /home/airflow/.local/lib/python3.7/site-packages/airflow/example_dags/example_branch_python_dop_operator_3.py for tasks to queue
[2023-01-15T00:15:33.063+0000] {logging_mixin.py:120} INFO - [2023-01-15T00:15:33.062+0000] {dagbag.py:537} INFO - Filling up the DagBag from /home/airflow/.local/lib/python3.7/site-packages/airflow/example_dags/example_branch_python_dop_operator_3.py
[2023-01-15T00:15:33.168+0000] {processor.py:766} INFO - DAG(s) dict_keys(['example_branch_dop_operator_v3']) retrieved from /home/airflow/.local/lib/python3.7/site-packages/airflow/example_dags/example_branch_python_dop_operator_3.py
[2023-01-15T00:15:33.236+0000] {logging_mixin.py:120} INFO - [2023-01-15T00:15:33.235+0000] {dag.py:2585} INFO - Sync 1 DAGs
[2023-01-15T00:15:33.305+0000] {logging_mixin.py:120} INFO - [2023-01-15T00:15:33.305+0000] {dag.py:3340} INFO - Setting next_dagrun for example_branch_dop_operator_v3 to 2023-01-15T00:14:00+00:00, run_after=2023-01-15T00:15:00+00:00
[2023-01-15T00:15:33.338+0000] {processor.py:176} INFO - Processing /home/airflow/.local/lib/python3.7/site-packages/airflow/example_dags/example_branch_python_dop_operator_3.py took 0.281 seconds
[2023-01-15T00:16:04.060+0000] {processor.py:154} INFO - Started process (PID=131) to work on /home/airflow/.local/lib/python3.7/site-packages/airflow/example_dags/example_branch_python_dop_operator_3.py
[2023-01-15T00:16:04.060+0000] {processor.py:756} INFO - Processing file /home/airflow/.local/lib/python3.7/site-packages/airflow/example_dags/example_branch_python_dop_operator_3.py for tasks to queue
[2023-01-15T00:16:04.061+0000] {logging_mixin.py:120} INFO - [2023-01-15T00:16:04.060+0000] {dagbag.py:537} INFO - Filling up the DagBag from /home/airflow/.local/lib/python3.7/site-packages/airflow/example_dags/example_branch_python_dop_operator_3.py
[2023-01-15T00:16:04.074+0000] {processor.py:766} INFO - DAG(s) dict_keys(['example_branch_dop_operator_v3']) retrieved from /home/airflow/.local/lib/python3.7/site-packages/airflow/example_dags/example_branch_python_dop_operator_3.py
[2023-01-15T00:16:04.098+0000] {logging_mixin.py:120} INFO - [2023-01-15T00:16:04.098+0000] {dag.py:2585} INFO - Sync 1 DAGs
[2023-01-15T00:16:04.117+0000] {logging_mixin.py:120} INFO - [2023-01-15T00:16:04.117+0000] {dag.py:3340} INFO - Setting next_dagrun for example_branch_dop_operator_v3 to 2023-01-15T00:15:00+00:00, run_after=2023-01-15T00:16:00+00:00
[2023-01-15T00:16:04.129+0000] {processor.py:176} INFO - Processing /home/airflow/.local/lib/python3.7/site-packages/airflow/example_dags/example_branch_python_dop_operator_3.py took 0.071 seconds
[2023-01-15T00:16:34.360+0000] {processor.py:154} INFO - Started process (PID=197) to work on /home/airflow/.local/lib/python3.7/site-packages/airflow/example_dags/example_branch_python_dop_operator_3.py
[2023-01-15T00:16:34.361+0000] {processor.py:756} INFO - Processing file /home/airflow/.local/lib/python3.7/site-packages/airflow/example_dags/example_branch_python_dop_operator_3.py for tasks to queue
[2023-01-15T00:16:34.362+0000] {logging_mixin.py:120} INFO - [2023-01-15T00:16:34.361+0000] {dagbag.py:537} INFO - Filling up the DagBag from /home/airflow/.local/lib/python3.7/site-packages/airflow/example_dags/example_branch_python_dop_operator_3.py
[2023-01-15T00:16:34.387+0000] {processor.py:766} INFO - DAG(s) dict_keys(['example_branch_dop_operator_v3']) retrieved from /home/airflow/.local/lib/python3.7/site-packages/airflow/example_dags/example_branch_python_dop_operator_3.py
[2023-01-15T00:16:34.428+0000] {logging_mixin.py:120} INFO - [2023-01-15T00:16:34.428+0000] {dag.py:2585} INFO - Sync 1 DAGs
[2023-01-15T00:16:34.458+0000] {logging_mixin.py:120} INFO - [2023-01-15T00:16:34.458+0000] {dag.py:3340} INFO - Setting next_dagrun for example_branch_dop_operator_v3 to 2023-01-15T00:15:00+00:00, run_after=2023-01-15T00:16:00+00:00
[2023-01-15T00:16:34.474+0000] {processor.py:176} INFO - Processing /home/airflow/.local/lib/python3.7/site-packages/airflow/example_dags/example_branch_python_dop_operator_3.py took 0.117 seconds
[2023-01-15T00:17:04.679+0000] {processor.py:154} INFO - Started process (PID=253) to work on /home/airflow/.local/lib/python3.7/site-packages/airflow/example_dags/example_branch_python_dop_operator_3.py
[2023-01-15T00:17:04.680+0000] {processor.py:756} INFO - Processing file /home/airflow/.local/lib/python3.7/site-packages/airflow/example_dags/example_branch_python_dop_operator_3.py for tasks to queue
[2023-01-15T00:17:04.681+0000] {logging_mixin.py:120} INFO - [2023-01-15T00:17:04.680+0000] {dagbag.py:537} INFO - Filling up the DagBag from /home/airflow/.local/lib/python3.7/site-packages/airflow/example_dags/example_branch_python_dop_operator_3.py
[2023-01-15T00:17:04.696+0000] {processor.py:766} INFO - DAG(s) dict_keys(['example_branch_dop_operator_v3']) retrieved from /home/airflow/.local/lib/python3.7/site-packages/airflow/example_dags/example_branch_python_dop_operator_3.py
[2023-01-15T00:17:04.725+0000] {logging_mixin.py:120} INFO - [2023-01-15T00:17:04.725+0000] {dag.py:2585} INFO - Sync 1 DAGs
[2023-01-15T00:17:04.747+0000] {logging_mixin.py:120} INFO - [2023-01-15T00:17:04.747+0000] {dag.py:3340} INFO - Setting next_dagrun for example_branch_dop_operator_v3 to 2023-01-15T00:16:00+00:00, run_after=2023-01-15T00:17:00+00:00
[2023-01-15T00:17:04.761+0000] {processor.py:176} INFO - Processing /home/airflow/.local/lib/python3.7/site-packages/airflow/example_dags/example_branch_python_dop_operator_3.py took 0.084 seconds
[2023-01-15T00:17:34.934+0000] {processor.py:154} INFO - Started process (PID=318) to work on /home/airflow/.local/lib/python3.7/site-packages/airflow/example_dags/example_branch_python_dop_operator_3.py
[2023-01-15T00:17:34.935+0000] {processor.py:756} INFO - Processing file /home/airflow/.local/lib/python3.7/site-packages/airflow/example_dags/example_branch_python_dop_operator_3.py for tasks to queue
[2023-01-15T00:17:34.935+0000] {logging_mixin.py:120} INFO - [2023-01-15T00:17:34.935+0000] {dagbag.py:537} INFO - Filling up the DagBag from /home/airflow/.local/lib/python3.7/site-packages/airflow/example_dags/example_branch_python_dop_operator_3.py
[2023-01-15T00:17:34.952+0000] {processor.py:766} INFO - DAG(s) dict_keys(['example_branch_dop_operator_v3']) retrieved from /home/airflow/.local/lib/python3.7/site-packages/airflow/example_dags/example_branch_python_dop_operator_3.py
[2023-01-15T00:17:34.977+0000] {logging_mixin.py:120} INFO - [2023-01-15T00:17:34.977+0000] {dag.py:2585} INFO - Sync 1 DAGs
[2023-01-15T00:17:34.998+0000] {logging_mixin.py:120} INFO - [2023-01-15T00:17:34.998+0000] {dag.py:3340} INFO - Setting next_dagrun for example_branch_dop_operator_v3 to 2023-01-15T00:16:00+00:00, run_after=2023-01-15T00:17:00+00:00
[2023-01-15T00:17:35.012+0000] {processor.py:176} INFO - Processing /home/airflow/.local/lib/python3.7/site-packages/airflow/example_dags/example_branch_python_dop_operator_3.py took 0.080 seconds
[2023-01-15T00:18:05.394+0000] {processor.py:154} INFO - Started process (PID=383) to work on /home/airflow/.local/lib/python3.7/site-packages/airflow/example_dags/example_branch_python_dop_operator_3.py
[2023-01-15T00:18:05.395+0000] {processor.py:756} INFO - Processing file /home/airflow/.local/lib/python3.7/site-packages/airflow/example_dags/example_branch_python_dop_operator_3.py for tasks to queue
[2023-01-15T00:18:05.395+0000] {logging_mixin.py:120} INFO - [2023-01-15T00:18:05.395+0000] {dagbag.py:537} INFO - Filling up the DagBag from /home/airflow/.local/lib/python3.7/site-packages/airflow/example_dags/example_branch_python_dop_operator_3.py
[2023-01-15T00:18:05.412+0000] {processor.py:766} INFO - DAG(s) dict_keys(['example_branch_dop_operator_v3']) retrieved from /home/airflow/.local/lib/python3.7/site-packages/airflow/example_dags/example_branch_python_dop_operator_3.py
[2023-01-15T00:18:05.441+0000] {logging_mixin.py:120} INFO - [2023-01-15T00:18:05.441+0000] {dag.py:2585} INFO - Sync 1 DAGs
[2023-01-15T00:18:05.463+0000] {logging_mixin.py:120} INFO - [2023-01-15T00:18:05.462+0000] {dag.py:3340} INFO - Setting next_dagrun for example_branch_dop_operator_v3 to 2023-01-15T00:17:00+00:00, run_after=2023-01-15T00:18:00+00:00
[2023-01-15T00:18:05.480+0000] {processor.py:176} INFO - Processing /home/airflow/.local/lib/python3.7/site-packages/airflow/example_dags/example_branch_python_dop_operator_3.py took 0.088 seconds
[2023-01-15T00:18:35.895+0000] {processor.py:154} INFO - Started process (PID=448) to work on /home/airflow/.local/lib/python3.7/site-packages/airflow/example_dags/example_branch_python_dop_operator_3.py
[2023-01-15T00:18:35.896+0000] {processor.py:756} INFO - Processing file /home/airflow/.local/lib/python3.7/site-packages/airflow/example_dags/example_branch_python_dop_operator_3.py for tasks to queue
[2023-01-15T00:18:35.896+0000] {logging_mixin.py:120} INFO - [2023-01-15T00:18:35.896+0000] {dagbag.py:537} INFO - Filling up the DagBag from /home/airflow/.local/lib/python3.7/site-packages/airflow/example_dags/example_branch_python_dop_operator_3.py
[2023-01-15T00:18:35.910+0000] {processor.py:766} INFO - DAG(s) dict_keys(['example_branch_dop_operator_v3']) retrieved from /home/airflow/.local/lib/python3.7/site-packages/airflow/example_dags/example_branch_python_dop_operator_3.py
[2023-01-15T00:18:35.936+0000] {logging_mixin.py:120} INFO - [2023-01-15T00:18:35.936+0000] {dag.py:2585} INFO - Sync 1 DAGs
[2023-01-15T00:18:35.956+0000] {logging_mixin.py:120} INFO - [2023-01-15T00:18:35.956+0000] {dag.py:3340} INFO - Setting next_dagrun for example_branch_dop_operator_v3 to 2023-01-15T00:17:00+00:00, run_after=2023-01-15T00:18:00+00:00
[2023-01-15T00:18:35.969+0000] {processor.py:176} INFO - Processing /home/airflow/.local/lib/python3.7/site-packages/airflow/example_dags/example_branch_python_dop_operator_3.py took 0.076 seconds
[2023-01-15T00:19:06.371+0000] {processor.py:154} INFO - Started process (PID=504) to work on /home/airflow/.local/lib/python3.7/site-packages/airflow/example_dags/example_branch_python_dop_operator_3.py
[2023-01-15T00:19:06.372+0000] {processor.py:756} INFO - Processing file /home/airflow/.local/lib/python3.7/site-packages/airflow/example_dags/example_branch_python_dop_operator_3.py for tasks to queue
[2023-01-15T00:19:06.372+0000] {logging_mixin.py:120} INFO - [2023-01-15T00:19:06.372+0000] {dagbag.py:537} INFO - Filling up the DagBag from /home/airflow/.local/lib/python3.7/site-packages/airflow/example_dags/example_branch_python_dop_operator_3.py
[2023-01-15T00:19:06.386+0000] {processor.py:766} INFO - DAG(s) dict_keys(['example_branch_dop_operator_v3']) retrieved from /home/airflow/.local/lib/python3.7/site-packages/airflow/example_dags/example_branch_python_dop_operator_3.py
[2023-01-15T00:19:06.413+0000] {logging_mixin.py:120} INFO - [2023-01-15T00:19:06.413+0000] {dag.py:2585} INFO - Sync 1 DAGs
[2023-01-15T00:19:06.436+0000] {logging_mixin.py:120} INFO - [2023-01-15T00:19:06.436+0000] {dag.py:3340} INFO - Setting next_dagrun for example_branch_dop_operator_v3 to 2023-01-15T00:18:00+00:00, run_after=2023-01-15T00:19:00+00:00
[2023-01-15T00:19:06.452+0000] {processor.py:176} INFO - Processing /home/airflow/.local/lib/python3.7/site-packages/airflow/example_dags/example_branch_python_dop_operator_3.py took 0.082 seconds
[2023-01-15T00:19:36.988+0000] {processor.py:154} INFO - Started process (PID=569) to work on /home/airflow/.local/lib/python3.7/site-packages/airflow/example_dags/example_branch_python_dop_operator_3.py
[2023-01-15T00:19:36.990+0000] {processor.py:756} INFO - Processing file /home/airflow/.local/lib/python3.7/site-packages/airflow/example_dags/example_branch_python_dop_operator_3.py for tasks to queue
[2023-01-15T00:19:36.991+0000] {logging_mixin.py:120} INFO - [2023-01-15T00:19:36.990+0000] {dagbag.py:537} INFO - Filling up the DagBag from /home/airflow/.local/lib/python3.7/site-packages/airflow/example_dags/example_branch_python_dop_operator_3.py
[2023-01-15T00:19:37.008+0000] {processor.py:766} INFO - DAG(s) dict_keys(['example_branch_dop_operator_v3']) retrieved from /home/airflow/.local/lib/python3.7/site-packages/airflow/example_dags/example_branch_python_dop_operator_3.py
[2023-01-15T00:19:37.038+0000] {logging_mixin.py:120} INFO - [2023-01-15T00:19:37.038+0000] {dag.py:2585} INFO - Sync 1 DAGs
[2023-01-15T00:19:37.063+0000] {logging_mixin.py:120} INFO - [2023-01-15T00:19:37.063+0000] {dag.py:3340} INFO - Setting next_dagrun for example_branch_dop_operator_v3 to 2023-01-15T00:18:00+00:00, run_after=2023-01-15T00:19:00+00:00
[2023-01-15T00:19:37.077+0000] {processor.py:176} INFO - Processing /home/airflow/.local/lib/python3.7/site-packages/airflow/example_dags/example_branch_python_dop_operator_3.py took 0.091 seconds
[2023-01-15T00:20:07.254+0000] {processor.py:154} INFO - Started process (PID=634) to work on /home/airflow/.local/lib/python3.7/site-packages/airflow/example_dags/example_branch_python_dop_operator_3.py
[2023-01-15T00:20:07.255+0000] {processor.py:756} INFO - Processing file /home/airflow/.local/lib/python3.7/site-packages/airflow/example_dags/example_branch_python_dop_operator_3.py for tasks to queue
[2023-01-15T00:20:07.256+0000] {logging_mixin.py:120} INFO - [2023-01-15T00:20:07.255+0000] {dagbag.py:537} INFO - Filling up the DagBag from /home/airflow/.local/lib/python3.7/site-packages/airflow/example_dags/example_branch_python_dop_operator_3.py
[2023-01-15T00:20:07.272+0000] {processor.py:766} INFO - DAG(s) dict_keys(['example_branch_dop_operator_v3']) retrieved from /home/airflow/.local/lib/python3.7/site-packages/airflow/example_dags/example_branch_python_dop_operator_3.py
[2023-01-15T00:20:07.304+0000] {logging_mixin.py:120} INFO - [2023-01-15T00:20:07.304+0000] {dag.py:2585} INFO - Sync 1 DAGs
[2023-01-15T00:20:07.333+0000] {logging_mixin.py:120} INFO - [2023-01-15T00:20:07.333+0000] {dag.py:3340} INFO - Setting next_dagrun for example_branch_dop_operator_v3 to 2023-01-15T00:19:00+00:00, run_after=2023-01-15T00:20:00+00:00
[2023-01-15T00:20:07.351+0000] {processor.py:176} INFO - Processing /home/airflow/.local/lib/python3.7/site-packages/airflow/example_dags/example_branch_python_dop_operator_3.py took 0.098 seconds
[2023-01-15T00:20:38.507+0000] {processor.py:154} INFO - Started process (PID=699) to work on /home/airflow/.local/lib/python3.7/site-packages/airflow/example_dags/example_branch_python_dop_operator_3.py
[2023-01-15T00:20:38.508+0000] {processor.py:756} INFO - Processing file /home/airflow/.local/lib/python3.7/site-packages/airflow/example_dags/example_branch_python_dop_operator_3.py for tasks to queue
[2023-01-15T00:20:38.509+0000] {logging_mixin.py:120} INFO - [2023-01-15T00:20:38.509+0000] {dagbag.py:537} INFO - Filling up the DagBag from /home/airflow/.local/lib/python3.7/site-packages/airflow/example_dags/example_branch_python_dop_operator_3.py
[2023-01-15T00:20:38.524+0000] {processor.py:766} INFO - DAG(s) dict_keys(['example_branch_dop_operator_v3']) retrieved from /home/airflow/.local/lib/python3.7/site-packages/airflow/example_dags/example_branch_python_dop_operator_3.py
[2023-01-15T00:20:38.551+0000] {logging_mixin.py:120} INFO - [2023-01-15T00:20:38.550+0000] {dag.py:2585} INFO - Sync 1 DAGs
[2023-01-15T00:20:38.580+0000] {logging_mixin.py:120} INFO - [2023-01-15T00:20:38.580+0000] {dag.py:3340} INFO - Setting next_dagrun for example_branch_dop_operator_v3 to 2023-01-15T00:19:00+00:00, run_after=2023-01-15T00:20:00+00:00
[2023-01-15T00:20:38.596+0000] {processor.py:176} INFO - Processing /home/airflow/.local/lib/python3.7/site-packages/airflow/example_dags/example_branch_python_dop_operator_3.py took 0.090 seconds
[2023-01-15T00:21:09.549+0000] {processor.py:154} INFO - Started process (PID=764) to work on /home/airflow/.local/lib/python3.7/site-packages/airflow/example_dags/example_branch_python_dop_operator_3.py
[2023-01-15T00:21:09.549+0000] {processor.py:756} INFO - Processing file /home/airflow/.local/lib/python3.7/site-packages/airflow/example_dags/example_branch_python_dop_operator_3.py for tasks to queue
[2023-01-15T00:21:09.550+0000] {logging_mixin.py:120} INFO - [2023-01-15T00:21:09.549+0000] {dagbag.py:537} INFO - Filling up the DagBag from /home/airflow/.local/lib/python3.7/site-packages/airflow/example_dags/example_branch_python_dop_operator_3.py
[2023-01-15T00:21:09.564+0000] {processor.py:766} INFO - DAG(s) dict_keys(['example_branch_dop_operator_v3']) retrieved from /home/airflow/.local/lib/python3.7/site-packages/airflow/example_dags/example_branch_python_dop_operator_3.py
[2023-01-15T00:21:09.589+0000] {logging_mixin.py:120} INFO - [2023-01-15T00:21:09.588+0000] {dag.py:2585} INFO - Sync 1 DAGs
[2023-01-15T00:21:09.609+0000] {logging_mixin.py:120} INFO - [2023-01-15T00:21:09.609+0000] {dag.py:3340} INFO - Setting next_dagrun for example_branch_dop_operator_v3 to 2023-01-15T00:20:00+00:00, run_after=2023-01-15T00:21:00+00:00
[2023-01-15T00:21:09.624+0000] {processor.py:176} INFO - Processing /home/airflow/.local/lib/python3.7/site-packages/airflow/example_dags/example_branch_python_dop_operator_3.py took 0.077 seconds
[2023-01-15T00:21:39.991+0000] {processor.py:154} INFO - Started process (PID=820) to work on /home/airflow/.local/lib/python3.7/site-packages/airflow/example_dags/example_branch_python_dop_operator_3.py
[2023-01-15T00:21:39.991+0000] {processor.py:756} INFO - Processing file /home/airflow/.local/lib/python3.7/site-packages/airflow/example_dags/example_branch_python_dop_operator_3.py for tasks to queue
[2023-01-15T00:21:39.992+0000] {logging_mixin.py:120} INFO - [2023-01-15T00:21:39.992+0000] {dagbag.py:537} INFO - Filling up the DagBag from /home/airflow/.local/lib/python3.7/site-packages/airflow/example_dags/example_branch_python_dop_operator_3.py
[2023-01-15T00:21:40.005+0000] {processor.py:766} INFO - DAG(s) dict_keys(['example_branch_dop_operator_v3']) retrieved from /home/airflow/.local/lib/python3.7/site-packages/airflow/example_dags/example_branch_python_dop_operator_3.py
[2023-01-15T00:21:40.029+0000] {logging_mixin.py:120} INFO - [2023-01-15T00:21:40.029+0000] {dag.py:2585} INFO - Sync 1 DAGs
[2023-01-15T00:21:40.048+0000] {logging_mixin.py:120} INFO - [2023-01-15T00:21:40.048+0000] {dag.py:3340} INFO - Setting next_dagrun for example_branch_dop_operator_v3 to 2023-01-15T00:20:00+00:00, run_after=2023-01-15T00:21:00+00:00
[2023-01-15T00:21:40.062+0000] {processor.py:176} INFO - Processing /home/airflow/.local/lib/python3.7/site-packages/airflow/example_dags/example_branch_python_dop_operator_3.py took 0.073 seconds
[2023-01-15T00:22:10.416+0000] {processor.py:154} INFO - Started process (PID=887) to work on /home/airflow/.local/lib/python3.7/site-packages/airflow/example_dags/example_branch_python_dop_operator_3.py
[2023-01-15T00:22:10.417+0000] {processor.py:756} INFO - Processing file /home/airflow/.local/lib/python3.7/site-packages/airflow/example_dags/example_branch_python_dop_operator_3.py for tasks to queue
[2023-01-15T00:22:10.418+0000] {logging_mixin.py:120} INFO - [2023-01-15T00:22:10.418+0000] {dagbag.py:537} INFO - Filling up the DagBag from /home/airflow/.local/lib/python3.7/site-packages/airflow/example_dags/example_branch_python_dop_operator_3.py
[2023-01-15T00:22:10.431+0000] {processor.py:766} INFO - DAG(s) dict_keys(['example_branch_dop_operator_v3']) retrieved from /home/airflow/.local/lib/python3.7/site-packages/airflow/example_dags/example_branch_python_dop_operator_3.py
[2023-01-15T00:22:10.457+0000] {logging_mixin.py:120} INFO - [2023-01-15T00:22:10.457+0000] {dag.py:2585} INFO - Sync 1 DAGs
[2023-01-15T00:22:10.474+0000] {logging_mixin.py:120} INFO - [2023-01-15T00:22:10.474+0000] {dag.py:3340} INFO - Setting next_dagrun for example_branch_dop_operator_v3 to 2023-01-15T00:21:00+00:00, run_after=2023-01-15T00:22:00+00:00
[2023-01-15T00:22:10.488+0000] {processor.py:176} INFO - Processing /home/airflow/.local/lib/python3.7/site-packages/airflow/example_dags/example_branch_python_dop_operator_3.py took 0.073 seconds
[2023-01-15T00:22:40.695+0000] {processor.py:154} INFO - Started process (PID=952) to work on /home/airflow/.local/lib/python3.7/site-packages/airflow/example_dags/example_branch_python_dop_operator_3.py
[2023-01-15T00:22:40.696+0000] {processor.py:756} INFO - Processing file /home/airflow/.local/lib/python3.7/site-packages/airflow/example_dags/example_branch_python_dop_operator_3.py for tasks to queue
[2023-01-15T00:22:40.697+0000] {logging_mixin.py:120} INFO - [2023-01-15T00:22:40.697+0000] {dagbag.py:537} INFO - Filling up the DagBag from /home/airflow/.local/lib/python3.7/site-packages/airflow/example_dags/example_branch_python_dop_operator_3.py
[2023-01-15T00:22:40.711+0000] {processor.py:766} INFO - DAG(s) dict_keys(['example_branch_dop_operator_v3']) retrieved from /home/airflow/.local/lib/python3.7/site-packages/airflow/example_dags/example_branch_python_dop_operator_3.py
[2023-01-15T00:22:40.739+0000] {logging_mixin.py:120} INFO - [2023-01-15T00:22:40.739+0000] {dag.py:2585} INFO - Sync 1 DAGs
[2023-01-15T00:22:40.760+0000] {logging_mixin.py:120} INFO - [2023-01-15T00:22:40.760+0000] {dag.py:3340} INFO - Setting next_dagrun for example_branch_dop_operator_v3 to 2023-01-15T00:21:00+00:00, run_after=2023-01-15T00:22:00+00:00
[2023-01-15T00:22:40.776+0000] {processor.py:176} INFO - Processing /home/airflow/.local/lib/python3.7/site-packages/airflow/example_dags/example_branch_python_dop_operator_3.py took 0.082 seconds
[2023-01-15T00:23:11.768+0000] {processor.py:154} INFO - Started process (PID=1016) to work on /home/airflow/.local/lib/python3.7/site-packages/airflow/example_dags/example_branch_python_dop_operator_3.py
[2023-01-15T00:23:11.768+0000] {processor.py:756} INFO - Processing file /home/airflow/.local/lib/python3.7/site-packages/airflow/example_dags/example_branch_python_dop_operator_3.py for tasks to queue
[2023-01-15T00:23:11.769+0000] {logging_mixin.py:120} INFO - [2023-01-15T00:23:11.769+0000] {dagbag.py:537} INFO - Filling up the DagBag from /home/airflow/.local/lib/python3.7/site-packages/airflow/example_dags/example_branch_python_dop_operator_3.py
[2023-01-15T00:23:11.783+0000] {processor.py:766} INFO - DAG(s) dict_keys(['example_branch_dop_operator_v3']) retrieved from /home/airflow/.local/lib/python3.7/site-packages/airflow/example_dags/example_branch_python_dop_operator_3.py
[2023-01-15T00:23:11.809+0000] {logging_mixin.py:120} INFO - [2023-01-15T00:23:11.809+0000] {dag.py:2585} INFO - Sync 1 DAGs
[2023-01-15T00:23:11.830+0000] {logging_mixin.py:120} INFO - [2023-01-15T00:23:11.830+0000] {dag.py:3340} INFO - Setting next_dagrun for example_branch_dop_operator_v3 to 2023-01-15T00:22:00+00:00, run_after=2023-01-15T00:23:00+00:00
[2023-01-15T00:23:11.842+0000] {processor.py:176} INFO - Processing /home/airflow/.local/lib/python3.7/site-packages/airflow/example_dags/example_branch_python_dop_operator_3.py took 0.076 seconds
[2023-01-15T00:23:42.215+0000] {processor.py:154} INFO - Started process (PID=1081) to work on /home/airflow/.local/lib/python3.7/site-packages/airflow/example_dags/example_branch_python_dop_operator_3.py
[2023-01-15T00:23:42.216+0000] {processor.py:756} INFO - Processing file /home/airflow/.local/lib/python3.7/site-packages/airflow/example_dags/example_branch_python_dop_operator_3.py for tasks to queue
[2023-01-15T00:23:42.216+0000] {logging_mixin.py:120} INFO - [2023-01-15T00:23:42.216+0000] {dagbag.py:537} INFO - Filling up the DagBag from /home/airflow/.local/lib/python3.7/site-packages/airflow/example_dags/example_branch_python_dop_operator_3.py
[2023-01-15T00:23:42.233+0000] {processor.py:766} INFO - DAG(s) dict_keys(['example_branch_dop_operator_v3']) retrieved from /home/airflow/.local/lib/python3.7/site-packages/airflow/example_dags/example_branch_python_dop_operator_3.py
[2023-01-15T00:23:42.259+0000] {logging_mixin.py:120} INFO - [2023-01-15T00:23:42.259+0000] {dag.py:2585} INFO - Sync 1 DAGs
[2023-01-15T00:23:42.281+0000] {logging_mixin.py:120} INFO - [2023-01-15T00:23:42.280+0000] {dag.py:3340} INFO - Setting next_dagrun for example_branch_dop_operator_v3 to 2023-01-15T00:22:00+00:00, run_after=2023-01-15T00:23:00+00:00
[2023-01-15T00:23:42.294+0000] {processor.py:176} INFO - Processing /home/airflow/.local/lib/python3.7/site-packages/airflow/example_dags/example_branch_python_dop_operator_3.py took 0.080 seconds
[2023-01-15T00:24:13.244+0000] {processor.py:154} INFO - Started process (PID=1137) to work on /home/airflow/.local/lib/python3.7/site-packages/airflow/example_dags/example_branch_python_dop_operator_3.py
[2023-01-15T00:24:13.245+0000] {processor.py:756} INFO - Processing file /home/airflow/.local/lib/python3.7/site-packages/airflow/example_dags/example_branch_python_dop_operator_3.py for tasks to queue
[2023-01-15T00:24:13.245+0000] {logging_mixin.py:120} INFO - [2023-01-15T00:24:13.245+0000] {dagbag.py:537} INFO - Filling up the DagBag from /home/airflow/.local/lib/python3.7/site-packages/airflow/example_dags/example_branch_python_dop_operator_3.py
[2023-01-15T00:24:13.259+0000] {processor.py:766} INFO - DAG(s) dict_keys(['example_branch_dop_operator_v3']) retrieved from /home/airflow/.local/lib/python3.7/site-packages/airflow/example_dags/example_branch_python_dop_operator_3.py
[2023-01-15T00:24:13.288+0000] {logging_mixin.py:120} INFO - [2023-01-15T00:24:13.288+0000] {dag.py:2585} INFO - Sync 1 DAGs
[2023-01-15T00:24:13.309+0000] {logging_mixin.py:120} INFO - [2023-01-15T00:24:13.308+0000] {dag.py:3340} INFO - Setting next_dagrun for example_branch_dop_operator_v3 to 2023-01-15T00:23:00+00:00, run_after=2023-01-15T00:24:00+00:00
[2023-01-15T00:24:13.323+0000] {processor.py:176} INFO - Processing /home/airflow/.local/lib/python3.7/site-packages/airflow/example_dags/example_branch_python_dop_operator_3.py took 0.081 seconds
[2023-01-15T00:24:43.390+0000] {processor.py:154} INFO - Started process (PID=1200) to work on /home/airflow/.local/lib/python3.7/site-packages/airflow/example_dags/example_branch_python_dop_operator_3.py
[2023-01-15T00:24:43.391+0000] {processor.py:756} INFO - Processing file /home/airflow/.local/lib/python3.7/site-packages/airflow/example_dags/example_branch_python_dop_operator_3.py for tasks to queue
[2023-01-15T00:24:43.391+0000] {logging_mixin.py:120} INFO - [2023-01-15T00:24:43.391+0000] {dagbag.py:537} INFO - Filling up the DagBag from /home/airflow/.local/lib/python3.7/site-packages/airflow/example_dags/example_branch_python_dop_operator_3.py
[2023-01-15T00:24:43.405+0000] {processor.py:766} INFO - DAG(s) dict_keys(['example_branch_dop_operator_v3']) retrieved from /home/airflow/.local/lib/python3.7/site-packages/airflow/example_dags/example_branch_python_dop_operator_3.py
[2023-01-15T00:24:43.429+0000] {logging_mixin.py:120} INFO - [2023-01-15T00:24:43.429+0000] {dag.py:2585} INFO - Sync 1 DAGs
[2023-01-15T00:24:43.447+0000] {logging_mixin.py:120} INFO - [2023-01-15T00:24:43.447+0000] {dag.py:3340} INFO - Setting next_dagrun for example_branch_dop_operator_v3 to 2023-01-15T00:23:00+00:00, run_after=2023-01-15T00:24:00+00:00
[2023-01-15T00:24:43.458+0000] {processor.py:176} INFO - Processing /home/airflow/.local/lib/python3.7/site-packages/airflow/example_dags/example_branch_python_dop_operator_3.py took 0.070 seconds
[2023-01-15T00:25:14.490+0000] {processor.py:154} INFO - Started process (PID=1267) to work on /home/airflow/.local/lib/python3.7/site-packages/airflow/example_dags/example_branch_python_dop_operator_3.py
[2023-01-15T00:25:14.491+0000] {processor.py:756} INFO - Processing file /home/airflow/.local/lib/python3.7/site-packages/airflow/example_dags/example_branch_python_dop_operator_3.py for tasks to queue
[2023-01-15T00:25:14.491+0000] {logging_mixin.py:120} INFO - [2023-01-15T00:25:14.491+0000] {dagbag.py:537} INFO - Filling up the DagBag from /home/airflow/.local/lib/python3.7/site-packages/airflow/example_dags/example_branch_python_dop_operator_3.py
[2023-01-15T00:25:14.508+0000] {processor.py:766} INFO - DAG(s) dict_keys(['example_branch_dop_operator_v3']) retrieved from /home/airflow/.local/lib/python3.7/site-packages/airflow/example_dags/example_branch_python_dop_operator_3.py
[2023-01-15T00:25:14.536+0000] {logging_mixin.py:120} INFO - [2023-01-15T00:25:14.536+0000] {dag.py:2585} INFO - Sync 1 DAGs
[2023-01-15T00:25:14.559+0000] {logging_mixin.py:120} INFO - [2023-01-15T00:25:14.559+0000] {dag.py:3340} INFO - Setting next_dagrun for example_branch_dop_operator_v3 to 2023-01-15T00:24:00+00:00, run_after=2023-01-15T00:25:00+00:00
[2023-01-15T00:25:14.576+0000] {processor.py:176} INFO - Processing /home/airflow/.local/lib/python3.7/site-packages/airflow/example_dags/example_branch_python_dop_operator_3.py took 0.087 seconds
[2023-01-15T00:25:45.521+0000] {processor.py:154} INFO - Started process (PID=1330) to work on /home/airflow/.local/lib/python3.7/site-packages/airflow/example_dags/example_branch_python_dop_operator_3.py
[2023-01-15T00:25:45.521+0000] {processor.py:756} INFO - Processing file /home/airflow/.local/lib/python3.7/site-packages/airflow/example_dags/example_branch_python_dop_operator_3.py for tasks to queue
[2023-01-15T00:25:45.522+0000] {logging_mixin.py:120} INFO - [2023-01-15T00:25:45.521+0000] {dagbag.py:537} INFO - Filling up the DagBag from /home/airflow/.local/lib/python3.7/site-packages/airflow/example_dags/example_branch_python_dop_operator_3.py
[2023-01-15T00:25:45.538+0000] {processor.py:766} INFO - DAG(s) dict_keys(['example_branch_dop_operator_v3']) retrieved from /home/airflow/.local/lib/python3.7/site-packages/airflow/example_dags/example_branch_python_dop_operator_3.py
[2023-01-15T00:25:45.561+0000] {logging_mixin.py:120} INFO - [2023-01-15T00:25:45.561+0000] {dag.py:2585} INFO - Sync 1 DAGs
[2023-01-15T00:25:45.580+0000] {logging_mixin.py:120} INFO - [2023-01-15T00:25:45.580+0000] {dag.py:3340} INFO - Setting next_dagrun for example_branch_dop_operator_v3 to 2023-01-15T00:24:00+00:00, run_after=2023-01-15T00:25:00+00:00
[2023-01-15T00:25:45.593+0000] {processor.py:176} INFO - Processing /home/airflow/.local/lib/python3.7/site-packages/airflow/example_dags/example_branch_python_dop_operator_3.py took 0.074 seconds
[2023-01-15T00:26:15.693+0000] {processor.py:154} INFO - Started process (PID=1394) to work on /home/airflow/.local/lib/python3.7/site-packages/airflow/example_dags/example_branch_python_dop_operator_3.py
[2023-01-15T00:26:15.693+0000] {processor.py:756} INFO - Processing file /home/airflow/.local/lib/python3.7/site-packages/airflow/example_dags/example_branch_python_dop_operator_3.py for tasks to queue
[2023-01-15T00:26:15.694+0000] {logging_mixin.py:120} INFO - [2023-01-15T00:26:15.694+0000] {dagbag.py:537} INFO - Filling up the DagBag from /home/airflow/.local/lib/python3.7/site-packages/airflow/example_dags/example_branch_python_dop_operator_3.py
[2023-01-15T00:26:15.715+0000] {processor.py:766} INFO - DAG(s) dict_keys(['example_branch_dop_operator_v3']) retrieved from /home/airflow/.local/lib/python3.7/site-packages/airflow/example_dags/example_branch_python_dop_operator_3.py
[2023-01-15T00:26:15.744+0000] {logging_mixin.py:120} INFO - [2023-01-15T00:26:15.744+0000] {dag.py:2585} INFO - Sync 1 DAGs
[2023-01-15T00:26:15.764+0000] {logging_mixin.py:120} INFO - [2023-01-15T00:26:15.764+0000] {dag.py:3340} INFO - Setting next_dagrun for example_branch_dop_operator_v3 to 2023-01-15T00:25:00+00:00, run_after=2023-01-15T00:26:00+00:00
[2023-01-15T00:26:15.776+0000] {processor.py:176} INFO - Processing /home/airflow/.local/lib/python3.7/site-packages/airflow/example_dags/example_branch_python_dop_operator_3.py took 0.085 seconds
[2023-01-15T00:26:46.837+0000] {processor.py:154} INFO - Started process (PID=1450) to work on /home/airflow/.local/lib/python3.7/site-packages/airflow/example_dags/example_branch_python_dop_operator_3.py
[2023-01-15T00:26:46.838+0000] {processor.py:756} INFO - Processing file /home/airflow/.local/lib/python3.7/site-packages/airflow/example_dags/example_branch_python_dop_operator_3.py for tasks to queue
[2023-01-15T00:26:46.838+0000] {logging_mixin.py:120} INFO - [2023-01-15T00:26:46.838+0000] {dagbag.py:537} INFO - Filling up the DagBag from /home/airflow/.local/lib/python3.7/site-packages/airflow/example_dags/example_branch_python_dop_operator_3.py
[2023-01-15T00:26:46.852+0000] {processor.py:766} INFO - DAG(s) dict_keys(['example_branch_dop_operator_v3']) retrieved from /home/airflow/.local/lib/python3.7/site-packages/airflow/example_dags/example_branch_python_dop_operator_3.py
[2023-01-15T00:26:46.875+0000] {logging_mixin.py:120} INFO - [2023-01-15T00:26:46.874+0000] {dag.py:2585} INFO - Sync 1 DAGs
[2023-01-15T00:26:46.895+0000] {logging_mixin.py:120} INFO - [2023-01-15T00:26:46.894+0000] {dag.py:3340} INFO - Setting next_dagrun for example_branch_dop_operator_v3 to 2023-01-15T00:25:00+00:00, run_after=2023-01-15T00:26:00+00:00
[2023-01-15T00:26:46.910+0000] {processor.py:176} INFO - Processing /home/airflow/.local/lib/python3.7/site-packages/airflow/example_dags/example_branch_python_dop_operator_3.py took 0.074 seconds
[2023-01-15T00:27:17.281+0000] {processor.py:154} INFO - Started process (PID=1515) to work on /home/airflow/.local/lib/python3.7/site-packages/airflow/example_dags/example_branch_python_dop_operator_3.py
[2023-01-15T00:27:17.282+0000] {processor.py:756} INFO - Processing file /home/airflow/.local/lib/python3.7/site-packages/airflow/example_dags/example_branch_python_dop_operator_3.py for tasks to queue
[2023-01-15T00:27:17.283+0000] {logging_mixin.py:120} INFO - [2023-01-15T00:27:17.283+0000] {dagbag.py:537} INFO - Filling up the DagBag from /home/airflow/.local/lib/python3.7/site-packages/airflow/example_dags/example_branch_python_dop_operator_3.py
[2023-01-15T00:27:17.307+0000] {processor.py:766} INFO - DAG(s) dict_keys(['example_branch_dop_operator_v3']) retrieved from /home/airflow/.local/lib/python3.7/site-packages/airflow/example_dags/example_branch_python_dop_operator_3.py
[2023-01-15T00:27:17.332+0000] {logging_mixin.py:120} INFO - [2023-01-15T00:27:17.332+0000] {dag.py:2585} INFO - Sync 1 DAGs
[2023-01-15T00:27:17.352+0000] {logging_mixin.py:120} INFO - [2023-01-15T00:27:17.352+0000] {dag.py:3340} INFO - Setting next_dagrun for example_branch_dop_operator_v3 to 2023-01-15T00:26:00+00:00, run_after=2023-01-15T00:27:00+00:00
[2023-01-15T00:27:17.365+0000] {processor.py:176} INFO - Processing /home/airflow/.local/lib/python3.7/site-packages/airflow/example_dags/example_branch_python_dop_operator_3.py took 0.088 seconds
[2023-01-15T00:27:47.565+0000] {processor.py:154} INFO - Started process (PID=1579) to work on /home/airflow/.local/lib/python3.7/site-packages/airflow/example_dags/example_branch_python_dop_operator_3.py
[2023-01-15T00:27:47.566+0000] {processor.py:756} INFO - Processing file /home/airflow/.local/lib/python3.7/site-packages/airflow/example_dags/example_branch_python_dop_operator_3.py for tasks to queue
[2023-01-15T00:27:47.566+0000] {logging_mixin.py:120} INFO - [2023-01-15T00:27:47.566+0000] {dagbag.py:537} INFO - Filling up the DagBag from /home/airflow/.local/lib/python3.7/site-packages/airflow/example_dags/example_branch_python_dop_operator_3.py
[2023-01-15T00:27:47.583+0000] {processor.py:766} INFO - DAG(s) dict_keys(['example_branch_dop_operator_v3']) retrieved from /home/airflow/.local/lib/python3.7/site-packages/airflow/example_dags/example_branch_python_dop_operator_3.py
[2023-01-15T00:27:47.608+0000] {logging_mixin.py:120} INFO - [2023-01-15T00:27:47.608+0000] {dag.py:2585} INFO - Sync 1 DAGs
[2023-01-15T00:27:47.627+0000] {logging_mixin.py:120} INFO - [2023-01-15T00:27:47.627+0000] {dag.py:3340} INFO - Setting next_dagrun for example_branch_dop_operator_v3 to 2023-01-15T00:26:00+00:00, run_after=2023-01-15T00:27:00+00:00
[2023-01-15T00:27:47.639+0000] {processor.py:176} INFO - Processing /home/airflow/.local/lib/python3.7/site-packages/airflow/example_dags/example_branch_python_dop_operator_3.py took 0.075 seconds
[2023-01-15T00:28:17.795+0000] {processor.py:154} INFO - Started process (PID=1644) to work on /home/airflow/.local/lib/python3.7/site-packages/airflow/example_dags/example_branch_python_dop_operator_3.py
[2023-01-15T00:28:17.795+0000] {processor.py:756} INFO - Processing file /home/airflow/.local/lib/python3.7/site-packages/airflow/example_dags/example_branch_python_dop_operator_3.py for tasks to queue
[2023-01-15T00:28:17.795+0000] {logging_mixin.py:120} INFO - [2023-01-15T00:28:17.795+0000] {dagbag.py:537} INFO - Filling up the DagBag from /home/airflow/.local/lib/python3.7/site-packages/airflow/example_dags/example_branch_python_dop_operator_3.py
[2023-01-15T00:28:17.810+0000] {processor.py:766} INFO - DAG(s) dict_keys(['example_branch_dop_operator_v3']) retrieved from /home/airflow/.local/lib/python3.7/site-packages/airflow/example_dags/example_branch_python_dop_operator_3.py
[2023-01-15T00:28:17.835+0000] {logging_mixin.py:120} INFO - [2023-01-15T00:28:17.835+0000] {dag.py:2585} INFO - Sync 1 DAGs
[2023-01-15T00:28:17.855+0000] {logging_mixin.py:120} INFO - [2023-01-15T00:28:17.855+0000] {dag.py:3340} INFO - Setting next_dagrun for example_branch_dop_operator_v3 to 2023-01-15T00:27:00+00:00, run_after=2023-01-15T00:28:00+00:00
[2023-01-15T00:28:17.867+0000] {processor.py:176} INFO - Processing /home/airflow/.local/lib/python3.7/site-packages/airflow/example_dags/example_branch_python_dop_operator_3.py took 0.074 seconds
[2023-01-15T00:28:48.971+0000] {processor.py:154} INFO - Started process (PID=1709) to work on /home/airflow/.local/lib/python3.7/site-packages/airflow/example_dags/example_branch_python_dop_operator_3.py
[2023-01-15T00:28:48.972+0000] {processor.py:756} INFO - Processing file /home/airflow/.local/lib/python3.7/site-packages/airflow/example_dags/example_branch_python_dop_operator_3.py for tasks to queue
[2023-01-15T00:28:48.972+0000] {logging_mixin.py:120} INFO - [2023-01-15T00:28:48.972+0000] {dagbag.py:537} INFO - Filling up the DagBag from /home/airflow/.local/lib/python3.7/site-packages/airflow/example_dags/example_branch_python_dop_operator_3.py
[2023-01-15T00:28:48.987+0000] {processor.py:766} INFO - DAG(s) dict_keys(['example_branch_dop_operator_v3']) retrieved from /home/airflow/.local/lib/python3.7/site-packages/airflow/example_dags/example_branch_python_dop_operator_3.py
[2023-01-15T00:28:49.013+0000] {logging_mixin.py:120} INFO - [2023-01-15T00:28:49.013+0000] {dag.py:2585} INFO - Sync 1 DAGs
[2023-01-15T00:28:49.033+0000] {logging_mixin.py:120} INFO - [2023-01-15T00:28:49.033+0000] {dag.py:3340} INFO - Setting next_dagrun for example_branch_dop_operator_v3 to 2023-01-15T00:27:00+00:00, run_after=2023-01-15T00:28:00+00:00
[2023-01-15T00:28:49.046+0000] {processor.py:176} INFO - Processing /home/airflow/.local/lib/python3.7/site-packages/airflow/example_dags/example_branch_python_dop_operator_3.py took 0.077 seconds
[2023-01-15T00:29:20.021+0000] {processor.py:154} INFO - Started process (PID=1765) to work on /home/airflow/.local/lib/python3.7/site-packages/airflow/example_dags/example_branch_python_dop_operator_3.py
[2023-01-15T00:29:20.021+0000] {processor.py:756} INFO - Processing file /home/airflow/.local/lib/python3.7/site-packages/airflow/example_dags/example_branch_python_dop_operator_3.py for tasks to queue
[2023-01-15T00:29:20.022+0000] {logging_mixin.py:120} INFO - [2023-01-15T00:29:20.022+0000] {dagbag.py:537} INFO - Filling up the DagBag from /home/airflow/.local/lib/python3.7/site-packages/airflow/example_dags/example_branch_python_dop_operator_3.py
[2023-01-15T00:29:20.035+0000] {processor.py:766} INFO - DAG(s) dict_keys(['example_branch_dop_operator_v3']) retrieved from /home/airflow/.local/lib/python3.7/site-packages/airflow/example_dags/example_branch_python_dop_operator_3.py
[2023-01-15T00:29:20.059+0000] {logging_mixin.py:120} INFO - [2023-01-15T00:29:20.059+0000] {dag.py:2585} INFO - Sync 1 DAGs
[2023-01-15T00:29:20.079+0000] {logging_mixin.py:120} INFO - [2023-01-15T00:29:20.079+0000] {dag.py:3340} INFO - Setting next_dagrun for example_branch_dop_operator_v3 to 2023-01-15T00:28:00+00:00, run_after=2023-01-15T00:29:00+00:00
[2023-01-15T00:29:20.091+0000] {processor.py:176} INFO - Processing /home/airflow/.local/lib/python3.7/site-packages/airflow/example_dags/example_branch_python_dop_operator_3.py took 0.073 seconds
[2023-01-15T00:29:50.350+0000] {processor.py:154} INFO - Started process (PID=1831) to work on /home/airflow/.local/lib/python3.7/site-packages/airflow/example_dags/example_branch_python_dop_operator_3.py
[2023-01-15T00:29:50.351+0000] {processor.py:756} INFO - Processing file /home/airflow/.local/lib/python3.7/site-packages/airflow/example_dags/example_branch_python_dop_operator_3.py for tasks to queue
[2023-01-15T00:29:50.351+0000] {logging_mixin.py:120} INFO - [2023-01-15T00:29:50.351+0000] {dagbag.py:537} INFO - Filling up the DagBag from /home/airflow/.local/lib/python3.7/site-packages/airflow/example_dags/example_branch_python_dop_operator_3.py
[2023-01-15T00:29:50.367+0000] {processor.py:766} INFO - DAG(s) dict_keys(['example_branch_dop_operator_v3']) retrieved from /home/airflow/.local/lib/python3.7/site-packages/airflow/example_dags/example_branch_python_dop_operator_3.py
[2023-01-15T00:29:50.393+0000] {logging_mixin.py:120} INFO - [2023-01-15T00:29:50.393+0000] {dag.py:2585} INFO - Sync 1 DAGs
[2023-01-15T00:29:50.413+0000] {logging_mixin.py:120} INFO - [2023-01-15T00:29:50.413+0000] {dag.py:3340} INFO - Setting next_dagrun for example_branch_dop_operator_v3 to 2023-01-15T00:28:00+00:00, run_after=2023-01-15T00:29:00+00:00
[2023-01-15T00:29:50.426+0000] {processor.py:176} INFO - Processing /home/airflow/.local/lib/python3.7/site-packages/airflow/example_dags/example_branch_python_dop_operator_3.py took 0.078 seconds
[2023-01-15T00:30:21.349+0000] {processor.py:154} INFO - Started process (PID=1896) to work on /home/airflow/.local/lib/python3.7/site-packages/airflow/example_dags/example_branch_python_dop_operator_3.py
[2023-01-15T00:30:21.349+0000] {processor.py:756} INFO - Processing file /home/airflow/.local/lib/python3.7/site-packages/airflow/example_dags/example_branch_python_dop_operator_3.py for tasks to queue
[2023-01-15T00:30:21.350+0000] {logging_mixin.py:120} INFO - [2023-01-15T00:30:21.350+0000] {dagbag.py:537} INFO - Filling up the DagBag from /home/airflow/.local/lib/python3.7/site-packages/airflow/example_dags/example_branch_python_dop_operator_3.py
[2023-01-15T00:30:21.364+0000] {processor.py:766} INFO - DAG(s) dict_keys(['example_branch_dop_operator_v3']) retrieved from /home/airflow/.local/lib/python3.7/site-packages/airflow/example_dags/example_branch_python_dop_operator_3.py
[2023-01-15T00:30:21.388+0000] {logging_mixin.py:120} INFO - [2023-01-15T00:30:21.388+0000] {dag.py:2585} INFO - Sync 1 DAGs
[2023-01-15T00:30:21.407+0000] {logging_mixin.py:120} INFO - [2023-01-15T00:30:21.407+0000] {dag.py:3340} INFO - Setting next_dagrun for example_branch_dop_operator_v3 to 2023-01-15T00:29:00+00:00, run_after=2023-01-15T00:30:00+00:00
[2023-01-15T00:30:21.419+0000] {processor.py:176} INFO - Processing /home/airflow/.local/lib/python3.7/site-packages/airflow/example_dags/example_branch_python_dop_operator_3.py took 0.072 seconds
[2023-01-15T00:30:52.367+0000] {processor.py:154} INFO - Started process (PID=1961) to work on /home/airflow/.local/lib/python3.7/site-packages/airflow/example_dags/example_branch_python_dop_operator_3.py
[2023-01-15T00:30:52.368+0000] {processor.py:756} INFO - Processing file /home/airflow/.local/lib/python3.7/site-packages/airflow/example_dags/example_branch_python_dop_operator_3.py for tasks to queue
[2023-01-15T00:30:52.369+0000] {logging_mixin.py:120} INFO - [2023-01-15T00:30:52.368+0000] {dagbag.py:537} INFO - Filling up the DagBag from /home/airflow/.local/lib/python3.7/site-packages/airflow/example_dags/example_branch_python_dop_operator_3.py
[2023-01-15T00:30:52.385+0000] {processor.py:766} INFO - DAG(s) dict_keys(['example_branch_dop_operator_v3']) retrieved from /home/airflow/.local/lib/python3.7/site-packages/airflow/example_dags/example_branch_python_dop_operator_3.py
[2023-01-15T00:30:52.410+0000] {logging_mixin.py:120} INFO - [2023-01-15T00:30:52.410+0000] {dag.py:2585} INFO - Sync 1 DAGs
[2023-01-15T00:30:52.430+0000] {logging_mixin.py:120} INFO - [2023-01-15T00:30:52.430+0000] {dag.py:3340} INFO - Setting next_dagrun for example_branch_dop_operator_v3 to 2023-01-15T00:29:00+00:00, run_after=2023-01-15T00:30:00+00:00
[2023-01-15T00:30:52.444+0000] {processor.py:176} INFO - Processing /home/airflow/.local/lib/python3.7/site-packages/airflow/example_dags/example_branch_python_dop_operator_3.py took 0.078 seconds
[2023-01-15T00:31:23.361+0000] {processor.py:154} INFO - Started process (PID=2025) to work on /home/airflow/.local/lib/python3.7/site-packages/airflow/example_dags/example_branch_python_dop_operator_3.py
[2023-01-15T00:31:23.361+0000] {processor.py:756} INFO - Processing file /home/airflow/.local/lib/python3.7/site-packages/airflow/example_dags/example_branch_python_dop_operator_3.py for tasks to queue
[2023-01-15T00:31:23.362+0000] {logging_mixin.py:120} INFO - [2023-01-15T00:31:23.362+0000] {dagbag.py:537} INFO - Filling up the DagBag from /home/airflow/.local/lib/python3.7/site-packages/airflow/example_dags/example_branch_python_dop_operator_3.py
[2023-01-15T00:31:23.376+0000] {processor.py:766} INFO - DAG(s) dict_keys(['example_branch_dop_operator_v3']) retrieved from /home/airflow/.local/lib/python3.7/site-packages/airflow/example_dags/example_branch_python_dop_operator_3.py
[2023-01-15T00:31:23.400+0000] {logging_mixin.py:120} INFO - [2023-01-15T00:31:23.400+0000] {dag.py:2585} INFO - Sync 1 DAGs
[2023-01-15T00:31:23.420+0000] {logging_mixin.py:120} INFO - [2023-01-15T00:31:23.420+0000] {dag.py:3340} INFO - Setting next_dagrun for example_branch_dop_operator_v3 to 2023-01-15T00:30:00+00:00, run_after=2023-01-15T00:31:00+00:00
[2023-01-15T00:31:23.434+0000] {processor.py:176} INFO - Processing /home/airflow/.local/lib/python3.7/site-packages/airflow/example_dags/example_branch_python_dop_operator_3.py took 0.075 seconds
[2023-01-15T00:31:54.430+0000] {processor.py:154} INFO - Started process (PID=2090) to work on /home/airflow/.local/lib/python3.7/site-packages/airflow/example_dags/example_branch_python_dop_operator_3.py
[2023-01-15T00:31:54.431+0000] {processor.py:756} INFO - Processing file /home/airflow/.local/lib/python3.7/site-packages/airflow/example_dags/example_branch_python_dop_operator_3.py for tasks to queue
[2023-01-15T00:31:54.431+0000] {logging_mixin.py:120} INFO - [2023-01-15T00:31:54.431+0000] {dagbag.py:537} INFO - Filling up the DagBag from /home/airflow/.local/lib/python3.7/site-packages/airflow/example_dags/example_branch_python_dop_operator_3.py
[2023-01-15T00:31:54.447+0000] {processor.py:766} INFO - DAG(s) dict_keys(['example_branch_dop_operator_v3']) retrieved from /home/airflow/.local/lib/python3.7/site-packages/airflow/example_dags/example_branch_python_dop_operator_3.py
[2023-01-15T00:31:54.478+0000] {logging_mixin.py:120} INFO - [2023-01-15T00:31:54.478+0000] {dag.py:2585} INFO - Sync 1 DAGs
[2023-01-15T00:31:54.507+0000] {logging_mixin.py:120} INFO - [2023-01-15T00:31:54.507+0000] {dag.py:3340} INFO - Setting next_dagrun for example_branch_dop_operator_v3 to 2023-01-15T00:30:00+00:00, run_after=2023-01-15T00:31:00+00:00
[2023-01-15T00:31:54.533+0000] {processor.py:176} INFO - Processing /home/airflow/.local/lib/python3.7/site-packages/airflow/example_dags/example_branch_python_dop_operator_3.py took 0.105 seconds
[2023-01-15T00:32:24.628+0000] {processor.py:154} INFO - Started process (PID=2146) to work on /home/airflow/.local/lib/python3.7/site-packages/airflow/example_dags/example_branch_python_dop_operator_3.py
[2023-01-15T00:32:24.629+0000] {processor.py:756} INFO - Processing file /home/airflow/.local/lib/python3.7/site-packages/airflow/example_dags/example_branch_python_dop_operator_3.py for tasks to queue
[2023-01-15T00:32:24.629+0000] {logging_mixin.py:120} INFO - [2023-01-15T00:32:24.629+0000] {dagbag.py:537} INFO - Filling up the DagBag from /home/airflow/.local/lib/python3.7/site-packages/airflow/example_dags/example_branch_python_dop_operator_3.py
[2023-01-15T00:32:24.643+0000] {processor.py:766} INFO - DAG(s) dict_keys(['example_branch_dop_operator_v3']) retrieved from /home/airflow/.local/lib/python3.7/site-packages/airflow/example_dags/example_branch_python_dop_operator_3.py
[2023-01-15T00:32:24.667+0000] {logging_mixin.py:120} INFO - [2023-01-15T00:32:24.667+0000] {dag.py:2585} INFO - Sync 1 DAGs
[2023-01-15T00:32:24.686+0000] {logging_mixin.py:120} INFO - [2023-01-15T00:32:24.686+0000] {dag.py:3340} INFO - Setting next_dagrun for example_branch_dop_operator_v3 to 2023-01-15T00:31:00+00:00, run_after=2023-01-15T00:32:00+00:00
[2023-01-15T00:32:24.699+0000] {processor.py:176} INFO - Processing /home/airflow/.local/lib/python3.7/site-packages/airflow/example_dags/example_branch_python_dop_operator_3.py took 0.073 seconds
[2023-01-15T00:32:54.945+0000] {processor.py:154} INFO - Started process (PID=2212) to work on /home/airflow/.local/lib/python3.7/site-packages/airflow/example_dags/example_branch_python_dop_operator_3.py
[2023-01-15T00:32:54.945+0000] {processor.py:756} INFO - Processing file /home/airflow/.local/lib/python3.7/site-packages/airflow/example_dags/example_branch_python_dop_operator_3.py for tasks to queue
[2023-01-15T00:32:54.945+0000] {logging_mixin.py:120} INFO - [2023-01-15T00:32:54.945+0000] {dagbag.py:537} INFO - Filling up the DagBag from /home/airflow/.local/lib/python3.7/site-packages/airflow/example_dags/example_branch_python_dop_operator_3.py
[2023-01-15T00:32:54.960+0000] {processor.py:766} INFO - DAG(s) dict_keys(['example_branch_dop_operator_v3']) retrieved from /home/airflow/.local/lib/python3.7/site-packages/airflow/example_dags/example_branch_python_dop_operator_3.py
[2023-01-15T00:32:54.986+0000] {logging_mixin.py:120} INFO - [2023-01-15T00:32:54.986+0000] {dag.py:2585} INFO - Sync 1 DAGs
[2023-01-15T00:32:55.005+0000] {logging_mixin.py:120} INFO - [2023-01-15T00:32:55.005+0000] {dag.py:3340} INFO - Setting next_dagrun for example_branch_dop_operator_v3 to 2023-01-15T00:31:00+00:00, run_after=2023-01-15T00:32:00+00:00
[2023-01-15T00:32:55.019+0000] {processor.py:176} INFO - Processing /home/airflow/.local/lib/python3.7/site-packages/airflow/example_dags/example_branch_python_dop_operator_3.py took 0.076 seconds
[2023-01-15T00:33:25.158+0000] {processor.py:154} INFO - Started process (PID=2277) to work on /home/airflow/.local/lib/python3.7/site-packages/airflow/example_dags/example_branch_python_dop_operator_3.py
[2023-01-15T00:33:25.159+0000] {processor.py:756} INFO - Processing file /home/airflow/.local/lib/python3.7/site-packages/airflow/example_dags/example_branch_python_dop_operator_3.py for tasks to queue
[2023-01-15T00:33:25.159+0000] {logging_mixin.py:120} INFO - [2023-01-15T00:33:25.159+0000] {dagbag.py:537} INFO - Filling up the DagBag from /home/airflow/.local/lib/python3.7/site-packages/airflow/example_dags/example_branch_python_dop_operator_3.py
[2023-01-15T00:33:25.174+0000] {processor.py:766} INFO - DAG(s) dict_keys(['example_branch_dop_operator_v3']) retrieved from /home/airflow/.local/lib/python3.7/site-packages/airflow/example_dags/example_branch_python_dop_operator_3.py
[2023-01-15T00:33:25.199+0000] {logging_mixin.py:120} INFO - [2023-01-15T00:33:25.199+0000] {dag.py:2585} INFO - Sync 1 DAGs
[2023-01-15T00:33:25.221+0000] {logging_mixin.py:120} INFO - [2023-01-15T00:33:25.221+0000] {dag.py:3340} INFO - Setting next_dagrun for example_branch_dop_operator_v3 to 2023-01-15T00:32:00+00:00, run_after=2023-01-15T00:33:00+00:00
[2023-01-15T00:33:25.234+0000] {processor.py:176} INFO - Processing /home/airflow/.local/lib/python3.7/site-packages/airflow/example_dags/example_branch_python_dop_operator_3.py took 0.078 seconds
