[2023-01-15T00:15:36.007+0000] {taskinstance.py:1165} INFO - Dependencies all met for <TaskInstance: example_bash_operator.also_run_this scheduled__2023-01-14T00:00:00+00:00 [queued]>
[2023-01-15T00:15:36.033+0000] {taskinstance.py:1165} INFO - Dependencies all met for <TaskInstance: example_bash_operator.also_run_this scheduled__2023-01-14T00:00:00+00:00 [queued]>
[2023-01-15T00:15:36.034+0000] {taskinstance.py:1362} INFO - 
--------------------------------------------------------------------------------
[2023-01-15T00:15:36.034+0000] {taskinstance.py:1363} INFO - Starting attempt 1 of 1
[2023-01-15T00:15:36.034+0000] {taskinstance.py:1364} INFO - 
--------------------------------------------------------------------------------
[2023-01-15T00:15:36.117+0000] {taskinstance.py:1383} INFO - Executing <Task(BashOperator): also_run_this> on 2023-01-14 00:00:00+00:00
[2023-01-15T00:15:36.123+0000] {standard_task_runner.py:55} INFO - Started process 68 to run task
[2023-01-15T00:15:36.149+0000] {standard_task_runner.py:82} INFO - Running: ['***', 'tasks', 'run', 'example_bash_operator', 'also_run_this', 'scheduled__2023-01-14T00:00:00+00:00', '--job-id', '146', '--raw', '--subdir', '/home/***/.local/lib/python3.7/site-packages/***/example_dags/example_bash_operator.py', '--cfg-path', '/tmp/tmp2qx2ovnr']
[2023-01-15T00:15:36.149+0000] {standard_task_runner.py:83} INFO - Job 146: Subtask also_run_this
[2023-01-15T00:15:36.365+0000] {task_command.py:376} INFO - Running <TaskInstance: example_bash_operator.also_run_this scheduled__2023-01-14T00:00:00+00:00 [running]> on host 274e1da73cdf
[2023-01-15T00:15:36.704+0000] {taskinstance.py:1592} INFO - Exporting the following env vars:
AIRFLOW_CTX_DAG_OWNER=***
AIRFLOW_CTX_DAG_ID=example_bash_operator
AIRFLOW_CTX_TASK_ID=also_run_this
AIRFLOW_CTX_EXECUTION_DATE=2023-01-14T00:00:00+00:00
AIRFLOW_CTX_TRY_NUMBER=1
AIRFLOW_CTX_DAG_RUN_ID=scheduled__2023-01-14T00:00:00+00:00
[2023-01-15T00:15:36.706+0000] {subprocess.py:63} INFO - Tmp dir root location: 
 /tmp
[2023-01-15T00:15:36.706+0000] {subprocess.py:75} INFO - Running command: ['/bin/bash', '-c', 'echo "ti_key=example_bash_operator__also_run_this__20230114"']
[2023-01-15T00:15:36.741+0000] {subprocess.py:86} INFO - Output:
[2023-01-15T00:15:36.757+0000] {subprocess.py:93} INFO - ti_key=example_bash_operator__also_run_this__20230114
[2023-01-15T00:15:36.759+0000] {subprocess.py:97} INFO - Command exited with return code 0
[2023-01-15T00:15:36.898+0000] {taskinstance.py:1406} INFO - Marking task as SUCCESS. dag_id=example_bash_operator, task_id=also_run_this, execution_date=20230114T000000, start_date=20230115T001536, end_date=20230115T001536
[2023-01-15T00:15:37.042+0000] {local_task_job.py:164} INFO - Task exited with return code 0
[2023-01-15T00:15:37.145+0000] {local_task_job.py:273} INFO - 0 downstream tasks scheduled from follow-on schedule check
